nohup: ignoring input
[2020-12-28 09:16:13]    INFO >> Load arguments in /home/wanyao/yang/naturalcc-dev/run/summarization/codenn/config/python_wan/python.yml (train.py:318, cli_main())
[2020-12-28 09:16:13]    INFO >> {'criterion': 'cross_entropy', 'optimizer': 'sgd', 'lr_scheduler': 'fixed', 'tokenizer': None, 'bpe': None, 'common': {'no_progress_bar': 0, 'log_interval': 500, 'log_format': 'simple', 'tensorboard_logdir': '', 'memory_efficient_fp16': 1, 'fp16_no_flatten_grads': 1, 'fp16_init_scale': 128, 'fp16_scale_window': None, 'fp16_scale_tolerance': 0.0, 'min_loss_scale': 0.0001, 'threshold_loss_scale': None, 'empty_cache_freq': 0, 'task': 'summarization', 'seed': 1, 'cpu': 0, 'fp16': 0, 'fp16_opt_level': '01', 'server_ip': '', 'server_port': ''}, 'dataset': {'num_workers': 3, 'skip_invalid_size_inputs_valid_test': 1, 'max_tokens': None, 'max_sentences': 100, 'required_batch_size_multiple': 1, 'dataset_impl': 'mmap', 'train_subset': 'train', 'valid_subset': 'valid', 'validate_interval': 1, 'fixed_validation_seed': None, 'disable_validation': 0, 'max_tokens_valid': None, 'max_sentences_valid': 2048, 'curriculum': 0, 'gen_subset': 'test', 'num_shards': 1, 'shard_id': 0}, 'distributed_training': {'distributed_world_size': 1, 'distributed_rank': 0, 'distributed_backend': 'nccl', 'distributed_init_method': None, 'distributed_port': -1, 'device_id': 0, 'distributed_no_spawn': 0, 'ddp_backend': 'c10d', 'bucket_cap_mb': 25, 'fix_batches_to_gpus': None, 'find_unused_parameters': 0, 'fast_stat_sync': 0, 'broadcast_buffers': 0, 'global_sync_iter': 50, 'warmup_iterations': 500, 'local_rank': -1, 'block_momentum': 0.875, 'block_lr': 1, 'use_nbm': 0, 'average_sync': 0}, 'task': {'data': '/home/wanyao/.ncc/python_wan/summarization/data-mmap', 'source_lang': 'code_tokens', 'target_lang': 'docstring_tokens', 'load_alignments': 0, 'left_pad_source': 0, 'left_pad_target': 0, 'max_source_positions': 100, 'max_target_positions': 30, 'upsample_primary': 1, 'truncate_source': 1, 'truncate_target': 1, 'append_eos_to_target': 1, 'eval_bleu': 1, 'eval_bleu_detok': 'space', 'eval_bleu_detok_args': None, 'eval_tokenized_bleu': 0, 'eval_bleu_remove_bpe': None, 'eval_bleu_args': None, 'eval_bleu_print_samples': 0}, 'model': {'arch': 'codenn', 'init_bound': 0.35, 'encoder_embed_dim': 400, 'encoder_embed': None, 'encoder_freeze_embed': 0, 'decoder_embed_dim': 400, 'decoder_embed': None, 'decoder_freeze_embed': None, 'decoder_hidden_size': 400, 'decoder_layers': 1, 'decoder_out_embed_dim': 400, 'decoder_attention': 1, 'adaptive_softmax_cutoff': None, 'share_decoder_input_output_embed': 0, 'share_all_embeddings': 0, 'encoder_dropout': 0.5, 'decoder_dropout_in': 0.5, 'decoder_dropout_out': 0.5, 'max_source_positions': 100, 'max_target_positions': 30}, 'optimization': {'max_epoch': 0, 'max_update': 0, 'clip_norm': 5, 'update_freq': [1], 'lr': [0.5], 'min_lr': 0.001, 'use_bmuf': 1, 'force_anneal': 0, 'warmup_updates': 0, 'lr_shrink': 0.8, 'sentence_avg': 1, 'adam': {'adam_betas': '(0.9, 0.999)', 'adam_eps': 1e-08, 'weight_decay': 0.0, 'use_old_adam': 0}, 'weight_decay': 0.0, 'adam_epsilon': 1e-08, 'sgd': {'momentum': 0, 'weight_decay': 0, 'dampening': 0, 'nesterov': 0}, 'max_grad_norm': 1.0, 'num_train_epochs': 5, 'max_steps': -1, 'warmup_steps': 0, 'gradient_accumulation_steps': 1}, 'checkpoint': {'restore_file': 'checkpoint_last.pt', 'reset_dataloader': None, 'reset_lr_scheduler': None, 'reset_meters': None, 'reset_optimizer': None, 'optimizer_overrides': '{}', 'save_interval': 1, 'save_interval_updates': 0, 'keep_interval_updates': 0, 'keep_last_epochs': -1, 'keep_best_checkpoints': -1, 'no_save': 0, 'no_epoch_checkpoints': 1, 'no_last_checkpoints': 1, 'no_save_optimizer_state': None, 'best_checkpoint_metric': 'bleu', 'maximize_best_checkpoint_metric': 1, 'patience': -1, 'save_dir': '/home/wanyao/.ncc/python_wan/summarization/data-mmap/codenn/checkpoints', 'should_continue': 0, 'model_name_or_path': None, 'cache_dir': None, 'logging_steps': 500, 'save_steps': 2000, 'save_total_limit': 2, 'overwrite_output_dir': 0, 'overwrite_cache': 0}, 'eval': {'path': '/home/wanyao/.ncc/python_wan/summarization/data-mmap/codenn/checkpoints/checkpoint_best.pt', 'result_path': None, 'remove_bpe': None, 'quiet': 0, 'model_overrides': '{}', 'max_sentences': 4048, 'beam': 1, 'nbest': 1, 'max_len_a': 0, 'max_len_b': 20, 'min_len': 1, 'match_source_len': 0, 'no_early_stop': 0, 'unnormalized': 0, 'no_beamable_mm': 0, 'lenpen': 1, 'unkpen': 0, 'replace_unk': None, 'sacrebleu': 0, 'score_reference': 0, 'prefix_size': 0, 'no_repeat_ngram_size': 0, 'sampling': 0, 'sampling_topk': -1, 'sampling_topp': -1, 'temperature': 1.0, 'diverse_beam_groups': -1, 'diverse_beam_strength': 0.5, 'diversity_rate': -1.0, 'print_alignment': 0, 'print_step': 0, 'iter_decode_eos_penalty': 0.0, 'iter_decode_max_iter': 10, 'iter_decode_force_max_iter': 0, 'iter_decode_with_beam': 1, 'iter_decode_with_external_reranker': 0, 'retain_iter_history': 0, 'decoding_format': None, 'nltk_bleu': 1, 'rouge': 1}} (train.py:320, cli_main())
[2020-12-28 09:16:13]    INFO >> single GPU training... (train.py:349, cli_main())
[2020-12-28 09:16:13]    INFO >> [code_tokens] dictionary: 50000 types (summarization.py:217, setup_task())
[2020-12-28 09:16:13]    INFO >> [docstring_tokens] dictionary: 30000 types (summarization.py:218, setup_task())
[2020-12-28 09:16:13]    INFO >> truncate valid.code_tokens to 100 (summarization.py:126, load_langpair_dataset())
[2020-12-28 09:16:13]    INFO >> truncate valid.docstring_tokens to 30 (summarization.py:137, load_langpair_dataset())
[2020-12-28 09:16:13]    INFO >> loaded 18505 examples from: /home/wanyao/.ncc/python_wan/summarization/data-mmap/valid.code_tokens (summarization.py:165, load_langpair_dataset())
[2020-12-28 09:16:13]    INFO >> loaded 18505 examples from: /home/wanyao/.ncc/python_wan/summarization/data-mmap/valid.docstring_tokens (summarization.py:166, load_langpair_dataset())
[2020-12-28 09:16:15]    INFO >> CodeNNModel(
  (encoder): NBOWEncoder(
    (embed_tokens): Embedding(50000, 400, padding_idx=0)
  )
  (decoder): LSTMDecoder(
    (embed_tokens): Embedding(30000, 400, padding_idx=0)
    (layers): ModuleList(
      (0): LSTMCell(400, 400)
    )
    (W_H): Linear(in_features=400, out_features=400, bias=True)
    (W_T): Linear(in_features=400, out_features=400, bias=True)
    (fc_out): Linear(in_features=400, out_features=30000, bias=True)
  )
) (train.py:229, single_main())
[2020-12-28 09:16:15]    INFO >> model codenn, criterion CrossEntropyCriterion (train.py:230, single_main())
[2020-12-28 09:16:15]    INFO >> num. model params: 45634000 (num. trained: 45634000) (train.py:233, single_main())
[2020-12-28 09:16:22]    INFO >> training on 1 GPUs (train.py:238, single_main())
[2020-12-28 09:16:22]    INFO >> max tokens per GPU = None and max sentences per GPU = 100 (train.py:241, single_main())
[2020-12-28 09:16:22]    INFO >> no existing checkpoint found /home/wanyao/.ncc/python_wan/summarization/data-mmap/codenn/checkpoints/checkpoint_last.pt (ncc_trainer.py:267, load_checkpoint())
[2020-12-28 09:16:22]    INFO >> loading train data for epoch 1 (ncc_trainer.py:281, get_train_iterator())
[2020-12-28 09:16:22]    INFO >> truncate train.code_tokens to 100 (summarization.py:126, load_langpair_dataset())
[2020-12-28 09:16:22]    INFO >> truncate train.docstring_tokens to 30 (summarization.py:137, load_langpair_dataset())
[2020-12-28 09:16:22]    INFO >> loaded 55538 examples from: /home/wanyao/.ncc/python_wan/summarization/data-mmap/train.code_tokens (summarization.py:165, load_langpair_dataset())
[2020-12-28 09:16:22]    INFO >> loaded 55538 examples from: /home/wanyao/.ncc/python_wan/summarization/data-mmap/train.docstring_tokens (summarization.py:166, load_langpair_dataset())
[2020-12-28 09:16:22]    INFO >> NOTE: your device may support faster training with --fp16 (ncc_trainer.py:155, _build_optimizer())
[2020-12-28 09:17:31]    INFO >> epoch 001:    500 / 556 loss=108.208, nll_loss=10.386, bleu=0, ppl=1337.96, wps=8471.6, ups=8.14, wpb=1040.6, bsz=99.9, num_updates=500, lr=0.5, gnorm=1164.81, clip=100, train_wall=60, wall=69 (progress_bar.py:262, log())
[2020-12-28 09:17:39]    INFO >> epoch 001 | loss 106.548 | nll_loss 10.227 | bleu 0 | ppl 1198.51 | wps 8372.7 | ups 8.05 | wpb 1040.7 | bsz 99.9 | num_updates 556 | lr 0.5 | gnorm 1127.05 | clip 100 | train_wall 67 | wall 77 (progress_bar.py:269, print())
[2020-12-28 09:17:54]    INFO >> epoch 001 | valid on 'valid' subset | loss 94.839 | nll_loss 9.051 | bleu 14.4564 | ppl 530.35 | wps 0 | wpb 21460 | bsz 2048 | num_updates 556 (progress_bar.py:269, print())
[2020-12-28 09:17:55]    INFO >> saved checkpoint /home/wanyao/.ncc/python_wan/summarization/data-mmap/codenn/checkpoints/checkpoint_best.pt (epoch 1 @ 556 updates, score 14.456363673235865) (writing took 0.9649112420156598 seconds) (checkpoint_utils.py:81, save_checkpoint())
[2020-12-28 09:18:44]    INFO >> epoch 002:    444 / 556 loss=87.045, nll_loss=8.364, bleu=0, ppl=329.43, wps=7123.1, ups=6.85, wpb=1039.4, bsz=99.9, num_updates=1000, lr=0.5, gnorm=713.526, clip=100, train_wall=47, wall=142 (progress_bar.py:262, log())
[2020-12-28 09:18:54]    INFO >> epoch 002 | loss 85.825 | nll_loss 8.238 | bleu 0 | ppl 301.9 | wps 7683.6 | ups 7.38 | wpb 1040.7 | bsz 99.9 | num_updates 1112 | lr 0.5 | gnorm 691.055 | clip 100 | train_wall 49 | wall 152 (progress_bar.py:269, print())
[2020-12-28 09:19:05]    INFO >> epoch 002 | valid on 'valid' subset | loss 77.722 | nll_loss 7.417 | bleu 16.1001 | ppl 170.93 | wps 0 | wpb 21460 | bsz 2048 | num_updates 1112 | best_bleu 16.1001 (progress_bar.py:269, print())
[2020-12-28 09:19:06]    INFO >> saved checkpoint /home/wanyao/.ncc/python_wan/summarization/data-mmap/codenn/checkpoints/checkpoint_best.pt (epoch 2 @ 1112 updates, score 16.10012867945258) (writing took 1.120039732195437 seconds) (checkpoint_utils.py:81, save_checkpoint())
[2020-12-28 09:19:50]    INFO >> epoch 003:    388 / 556 loss=80.814, nll_loss=7.745, bleu=0, ppl=214.5, wps=7880.9, ups=7.56, wpb=1042.2, bsz=99.9, num_updates=1500, lr=0.5, gnorm=608.362, clip=100, train_wall=44, wall=209 (progress_bar.py:262, log())
[2020-12-28 09:20:05]    INFO >> epoch 003 | loss 79.485 | nll_loss 7.629 | bleu 0 | ppl 198 | wps 8229.4 | ups 7.91 | wpb 1040.7 | bsz 99.9 | num_updates 1668 | lr 0.5 | gnorm 591.471 | clip 100 | train_wall 48 | wall 223 (progress_bar.py:269, print())
[2020-12-28 09:20:18]    INFO >> epoch 003 | valid on 'valid' subset | loss 75.388 | nll_loss 7.195 | bleu 15.665 | ppl 146.48 | wps 0 | wpb 21460 | bsz 2048 | num_updates 1668 | best_bleu 16.1001 (progress_bar.py:269, print())
[2020-12-28 09:20:57]    INFO >> epoch 004:    332 / 556 loss=76.684, nll_loss=7.363, bleu=0, ppl=164.66, wps=7865, ups=7.55, wpb=1041.4, bsz=100, num_updates=2000, lr=0.5, gnorm=560.147, clip=100, train_wall=43, wall=275 (progress_bar.py:262, log())
[2020-12-28 09:21:15]    INFO >> epoch 004 | loss 75.535 | nll_loss 7.25 | bleu 0 | ppl 152.24 | wps 8264.9 | ups 7.94 | wpb 1040.7 | bsz 99.9 | num_updates 2224 | lr 0.5 | gnorm 548.834 | clip 100 | train_wall 46 | wall 293 (progress_bar.py:269, print())
[2020-12-28 09:21:28]    INFO >> epoch 004 | valid on 'valid' subset | loss 72.222 | nll_loss 6.892 | bleu 15.9916 | ppl 118.8 | wps 0 | wpb 21460 | bsz 2048 | num_updates 2224 | best_bleu 16.1001 (progress_bar.py:269, print())
[2020-12-28 09:22:01]    INFO >> epoch 005:    276 / 556 loss=73.744, nll_loss=7.091, bleu=0, ppl=136.36, wps=8077.3, ups=7.79, wpb=1037.3, bsz=99.8, num_updates=2500, lr=0.5, gnorm=534.432, clip=100, train_wall=41, wall=339 (progress_bar.py:262, log())
[2020-12-28 09:22:23]    INFO >> epoch 005 | loss 72.689 | nll_loss 6.977 | bleu 0 | ppl 125.98 | wps 8493.1 | ups 8.16 | wpb 1040.7 | bsz 99.9 | num_updates 2780 | lr 0.5 | gnorm 524.61 | clip 100 | train_wall 45 | wall 361 (progress_bar.py:269, print())
[2020-12-28 09:22:37]    INFO >> epoch 005 | valid on 'valid' subset | loss 69.9 | nll_loss 6.671 | bleu 13.9017 | ppl 101.89 | wps 0 | wpb 21460 | bsz 2048 | num_updates 2780 | best_bleu 16.1001 (progress_bar.py:269, print())
[2020-12-28 09:23:04]    INFO >> epoch 006:    220 / 556 loss=71.624, nll_loss=6.875, bleu=0, ppl=117.39, wps=8264.5, ups=7.93, wpb=1041.8, bsz=100, num_updates=3000, lr=0.5, gnorm=517.298, clip=100, train_wall=40, wall=402 (progress_bar.py:262, log())
[2020-12-28 09:23:32]    INFO >> epoch 006 | loss 70.384 | nll_loss 6.756 | bleu 0 | ppl 108.07 | wps 8394.8 | ups 8.07 | wpb 1040.7 | bsz 99.9 | num_updates 3336 | lr 0.5 | gnorm 508.656 | clip 100 | train_wall 45 | wall 430 (progress_bar.py:269, print())
[2020-12-28 09:23:46]    INFO >> epoch 006 | valid on 'valid' subset | loss 68.121 | nll_loss 6.501 | bleu 15.6906 | ppl 90.58 | wps 0 | wpb 21460 | bsz 2048 | num_updates 3336 | best_bleu 16.1001 (progress_bar.py:269, print())
[2020-12-28 09:24:07]    INFO >> epoch 007:    164 / 556 loss=69.822, nll_loss=6.689, bleu=0, ppl=103.15, wps=8229.5, ups=7.9, wpb=1041.3, bsz=99.8, num_updates=3500, lr=0.5, gnorm=503.419, clip=100, train_wall=39, wall=465 (progress_bar.py:262, log())
[2020-12-28 09:24:40]    INFO >> epoch 007 | loss 68.498 | nll_loss 6.575 | bleu 0 | ppl 95.32 | wps 8426 | ups 8.1 | wpb 1040.7 | bsz 99.9 | num_updates 3892 | lr 0.5 | gnorm 497.559 | clip 100 | train_wall 45 | wall 499 (progress_bar.py:269, print())
[2020-12-28 09:24:54]    INFO >> epoch 007 | valid on 'valid' subset | loss 68.51 | nll_loss 6.538 | bleu 16.7816 | ppl 92.93 | wps 0 | wpb 21460 | bsz 2048 | num_updates 3892 | best_bleu 16.7816 (progress_bar.py:269, print())
[2020-12-28 09:24:56]    INFO >> saved checkpoint /home/wanyao/.ncc/python_wan/summarization/data-mmap/codenn/checkpoints/checkpoint_best.pt (epoch 7 @ 3892 updates, score 16.7815750222821) (writing took 1.1520843105390668 seconds) (checkpoint_utils.py:81, save_checkpoint())
[2020-12-28 09:25:11]    INFO >> epoch 008:    108 / 556 loss=68.048, nll_loss=6.539, bleu=0, ppl=93.02, wps=8178.7, ups=7.86, wpb=1040.6, bsz=100, num_updates=4000, lr=0.5, gnorm=495.736, clip=100, train_wall=39, wall=529 (progress_bar.py:262, log())
[2020-12-28 09:25:51]    INFO >> epoch 008 | loss 66.835 | nll_loss 6.415 | bleu 0 | ppl 85.34 | wps 8216.9 | ups 7.9 | wpb 1040.7 | bsz 99.9 | num_updates 4448 | lr 0.5 | gnorm 489.619 | clip 100 | train_wall 45 | wall 569 (progress_bar.py:269, print())
[2020-12-28 09:26:05]    INFO >> epoch 008 | valid on 'valid' subset | loss 67.433 | nll_loss 6.435 | bleu 16.2016 | ppl 86.54 | wps 0 | wpb 21460 | bsz 2048 | num_updates 4448 | best_bleu 16.7816 (progress_bar.py:269, print())
[2020-12-28 09:26:16]    INFO >> epoch 009:     52 / 556 loss=66.693, nll_loss=6.396, bleu=0, ppl=84.2, wps=7967.1, ups=7.65, wpb=1041.5, bsz=99.9, num_updates=4500, lr=0.5, gnorm=489.088, clip=100, train_wall=42, wall=594 (progress_bar.py:262, log())
[2020-12-28 09:27:01]    INFO >> epoch 009:    552 / 556 loss=65.399, nll_loss=6.275, bleu=0, ppl=77.45, wps=11704.7, ups=11.24, wpb=1040.9, bsz=99.9, num_updates=5000, lr=0.5, gnorm=484.349, clip=100, train_wall=42, wall=639 (progress_bar.py:262, log())
[2020-12-28 09:27:02]    INFO >> epoch 009 | loss 65.366 | nll_loss 6.274 | bleu 0 | ppl 77.39 | wps 8188.3 | ups 7.87 | wpb 1040.7 | bsz 99.9 | num_updates 5004 | lr 0.5 | gnorm 484.237 | clip 100 | train_wall 46 | wall 640 (progress_bar.py:269, print())
[2020-12-28 09:27:15]    INFO >> epoch 009 | valid on 'valid' subset | loss 65.789 | nll_loss 6.278 | bleu 14.6792 | ppl 77.63 | wps 0 | wpb 21460 | bsz 2048 | num_updates 5004 | best_bleu 16.7816 (progress_bar.py:269, print())
[2020-12-28 09:28:06]    INFO >> epoch 010:    496 / 556 loss=63.927, nll_loss=6.142, bleu=0, ppl=70.61, wps=8008.3, ups=7.7, wpb=1039.6, bsz=99.9, num_updates=5500, lr=0.5, gnorm=479.636, clip=100, train_wall=42, wall=704 (progress_bar.py:262, log())
[2020-12-28 09:28:12]    INFO >> epoch 010 | loss 63.992 | nll_loss 6.142 | bleu 0 | ppl 70.63 | wps 8220.2 | ups 7.9 | wpb 1040.7 | bsz 99.9 | num_updates 5560 | lr 0.5 | gnorm 479.733 | clip 100 | train_wall 48 | wall 710 (progress_bar.py:269, print())
[2020-12-28 09:28:23]    INFO >> epoch 010 | valid on 'valid' subset | loss 64.683 | nll_loss 6.173 | bleu 15.7115 | ppl 72.15 | wps 0 | wpb 21460 | bsz 2048 | num_updates 5560 | best_bleu 16.7816 (progress_bar.py:269, print())
[2020-12-28 09:29:11]    INFO >> epoch 011:    440 / 556 loss=62.932, nll_loss=6.039, bleu=0, ppl=65.74, wps=7911, ups=7.6, wpb=1040.9, bsz=99.9, num_updates=6000, lr=0.5, gnorm=477.943, clip=100, train_wall=45, wall=769 (progress_bar.py:262, log())
[2020-12-28 09:29:23]    INFO >> epoch 011 | loss 62.753 | nll_loss 6.023 | bleu 0 | ppl 65.04 | wps 8157.1 | ups 7.84 | wpb 1040.7 | bsz 99.9 | num_updates 6116 | lr 0.5 | gnorm 476.893 | clip 100 | train_wall 49 | wall 781 (progress_bar.py:269, print())
[2020-12-28 09:29:34]    INFO >> epoch 011 | valid on 'valid' subset | loss 64.698 | nll_loss 6.174 | bleu 16.8177 | ppl 72.22 | wps 0 | wpb 21460 | bsz 2048 | num_updates 6116 | best_bleu 16.8177 (progress_bar.py:269, print())
[2020-12-28 09:29:36]    INFO >> saved checkpoint /home/wanyao/.ncc/python_wan/summarization/data-mmap/codenn/checkpoints/checkpoint_best.pt (epoch 11 @ 6116 updates, score 16.817691587944246) (writing took 1.195237273350358 seconds) (checkpoint_utils.py:81, save_checkpoint())
[2020-12-28 09:30:18]    INFO >> epoch 012:    384 / 556 loss=61.907, nll_loss=5.942, bleu=0, ppl=61.48, wps=7771.8, ups=7.47, wpb=1040.6, bsz=99.9, num_updates=6500, lr=0.5, gnorm=475.556, clip=100, train_wall=44, wall=836 (progress_bar.py:262, log())
[2020-12-28 09:30:34]    INFO >> epoch 012 | loss 61.67 | nll_loss 5.919 | bleu 0 | ppl 60.52 | wps 8152.1 | ups 7.83 | wpb 1040.7 | bsz 99.9 | num_updates 6672 | lr 0.5 | gnorm 476.664 | clip 100 | train_wall 48 | wall 852 (progress_bar.py:269, print())
[2020-12-28 09:30:46]    INFO >> epoch 012 | valid on 'valid' subset | loss 64.818 | nll_loss 6.186 | bleu 17.0487 | ppl 72.79 | wps 0 | wpb 21460 | bsz 2048 | num_updates 6672 | best_bleu 17.0487 (progress_bar.py:269, print())
[2020-12-28 09:30:47]    INFO >> saved checkpoint /home/wanyao/.ncc/python_wan/summarization/data-mmap/codenn/checkpoints/checkpoint_best.pt (epoch 12 @ 6672 updates, score 17.048718765296407) (writing took 1.2124301698058844 seconds) (checkpoint_utils.py:81, save_checkpoint())
[2020-12-28 09:31:25]    INFO >> epoch 013:    328 / 556 loss=60.973, nll_loss=5.849, bleu=0, ppl=57.63, wps=7779.3, ups=7.47, wpb=1041.2, bsz=99.9, num_updates=7000, lr=0.5, gnorm=476.809, clip=100, train_wall=44, wall=903 (progress_bar.py:262, log())
[2020-12-28 09:31:44]    INFO >> epoch 013 | loss 60.626 | nll_loss 5.819 | bleu 0 | ppl 56.46 | wps 8202.5 | ups 7.88 | wpb 1040.7 | bsz 99.9 | num_updates 7228 | lr 0.5 | gnorm 475.936 | clip 100 | train_wall 47 | wall 922 (progress_bar.py:269, print())
[2020-12-28 09:31:58]    INFO >> epoch 013 | valid on 'valid' subset | loss 64.077 | nll_loss 6.115 | bleu 14.4662 | ppl 69.31 | wps 0 | wpb 21460 | bsz 2048 | num_updates 7228 | best_bleu 17.0487 (progress_bar.py:269, print())
[2020-12-28 09:32:30]    INFO >> epoch 014:    272 / 556 loss=60.077, nll_loss=5.765, bleu=0, ppl=54.38, wps=7986, ups=7.66, wpb=1042.1, bsz=100, num_updates=7500, lr=0.5, gnorm=475.327, clip=100, train_wall=42, wall=969 (progress_bar.py:262, log())
[2020-12-28 09:32:54]    INFO >> epoch 014 | loss 59.597 | nll_loss 5.72 | bleu 0 | ppl 52.73 | wps 8357.7 | ups 8.03 | wpb 1040.7 | bsz 99.9 | num_updates 7784 | lr 0.5 | gnorm 475.495 | clip 100 | train_wall 46 | wall 992 (progress_bar.py:269, print())
[2020-12-28 09:33:08]    INFO >> epoch 014 | valid on 'valid' subset | loss 63.858 | nll_loss 6.094 | bleu 15.153 | ppl 68.32 | wps 0 | wpb 21460 | bsz 2048 | num_updates 7784 | best_bleu 17.0487 (progress_bar.py:269, print())
[2020-12-28 09:33:35]    INFO >> epoch 015:    216 / 556 loss=59.055, nll_loss=5.673, bleu=0, ppl=51.02, wps=8084.7, ups=7.78, wpb=1039.7, bsz=99.9, num_updates=8000, lr=0.5, gnorm=474.861, clip=100, train_wall=41, wall=1033 (progress_bar.py:262, log())
[2020-12-28 09:34:02]    INFO >> epoch 015 | loss 58.621 | nll_loss 5.627 | bleu 0 | ppl 49.41 | wps 8454.3 | ups 8.12 | wpb 1040.7 | bsz 99.9 | num_updates 8340 | lr 0.5 | gnorm 474.546 | clip 100 | train_wall 45 | wall 1060 (progress_bar.py:269, print())
[2020-12-28 09:34:14]    INFO >> epoch 015 | valid on 'valid' subset | loss 63.118 | nll_loss 6.024 | bleu 17.2821 | ppl 65.05 | wps 0 | wpb 21460 | bsz 2048 | num_updates 8340 | best_bleu 17.2821 (progress_bar.py:269, print())
[2020-12-28 09:34:16]    INFO >> saved checkpoint /home/wanyao/.ncc/python_wan/summarization/data-mmap/codenn/checkpoints/checkpoint_best.pt (epoch 15 @ 8340 updates, score 17.282109135578633) (writing took 1.1762219183146954 seconds) (checkpoint_utils.py:81, save_checkpoint())
[2020-12-28 09:34:38]    INFO >> epoch 016:    160 / 556 loss=58.47, nll_loss=5.611, bleu=0, ppl=48.88, wps=8281.6, ups=7.96, wpb=1040.7, bsz=99.9, num_updates=8500, lr=0.5, gnorm=476.457, clip=100, train_wall=40, wall=1096 (progress_bar.py:262, log())
[2020-12-28 09:35:10]    INFO >> epoch 016 | loss 57.687 | nll_loss 5.537 | bleu 0 | ppl 46.43 | wps 8534 | ups 8.2 | wpb 1040.7 | bsz 99.9 | num_updates 8896 | lr 0.5 | gnorm 476.127 | clip 100 | train_wall 45 | wall 1128 (progress_bar.py:269, print())
[2020-12-28 09:35:23]    INFO >> epoch 016 | valid on 'valid' subset | loss 62.631 | nll_loss 5.977 | bleu 17.1705 | ppl 62.99 | wps 0 | wpb 21460 | bsz 2048 | num_updates 8896 | best_bleu 17.2821 (progress_bar.py:269, print())
[2020-12-28 09:35:40]    INFO >> epoch 017:    104 / 556 loss=57.447, nll_loss=5.51, bleu=0, ppl=45.56, wps=8349.3, ups=8.02, wpb=1041.4, bsz=99.9, num_updates=9000, lr=0.5, gnorm=474.57, clip=100, train_wall=39, wall=1158 (progress_bar.py:262, log())
[2020-12-28 09:36:20]    INFO >> epoch 017 | loss 56.83 | nll_loss 5.455 | bleu 0 | ppl 43.86 | wps 8296.2 | ups 7.97 | wpb 1040.7 | bsz 99.9 | num_updates 9452 | lr 0.5 | gnorm 475.635 | clip 100 | train_wall 46 | wall 1198 (progress_bar.py:269, print())
[2020-12-28 09:36:33]    INFO >> epoch 017 | valid on 'valid' subset | loss 63.122 | nll_loss 6.024 | bleu 17.2813 | ppl 65.07 | wps 0 | wpb 21460 | bsz 2048 | num_updates 9452 | best_bleu 17.2821 (progress_bar.py:269, print())
[2020-12-28 09:36:44]    INFO >> epoch 018:     48 / 556 loss=56.714, nll_loss=5.45, bleu=0, ppl=43.7, wps=8099.3, ups=7.79, wpb=1039.4, bsz=99.9, num_updates=9500, lr=0.5, gnorm=476.222, clip=100, train_wall=41, wall=1222 (progress_bar.py:262, log())
[2020-12-28 09:37:26]    INFO >> epoch 018:    548 / 556 loss=56.09, nll_loss=5.384, bleu=0, ppl=41.75, wps=12474.5, ups=11.99, wpb=1040.6, bsz=99.9, num_updates=10000, lr=0.5, gnorm=475.536, clip=100, train_wall=40, wall=1264 (progress_bar.py:262, log())
[2020-12-28 09:37:27]    INFO >> epoch 018 | loss 56.005 | nll_loss 5.376 | bleu 0 | ppl 41.52 | wps 8563.3 | ups 8.23 | wpb 1040.7 | bsz 99.9 | num_updates 10008 | lr 0.5 | gnorm 475.859 | clip 100 | train_wall 45 | wall 1265 (progress_bar.py:269, print())
[2020-12-28 09:37:41]    INFO >> epoch 018 | valid on 'valid' subset | loss 61.938 | nll_loss 5.911 | bleu 16.8673 | ppl 60.17 | wps 0 | wpb 21460 | bsz 2048 | num_updates 10008 | best_bleu 17.2821 (progress_bar.py:269, print())
[2020-12-28 09:38:32]    INFO >> epoch 019:    492 / 556 loss=55.247, nll_loss=5.297, bleu=0, ppl=39.32, wps=7915, ups=7.6, wpb=1041.7, bsz=99.9, num_updates=10500, lr=0.5, gnorm=475.862, clip=100, train_wall=42, wall=1330 (progress_bar.py:262, log())
[2020-12-28 09:38:38]    INFO >> epoch 019 | loss 55.212 | nll_loss 5.3 | bleu 0 | ppl 39.38 | wps 8121.5 | ups 7.8 | wpb 1040.7 | bsz 99.9 | num_updates 10564 | lr 0.5 | gnorm 475.849 | clip 100 | train_wall 47 | wall 1336 (progress_bar.py:269, print())
[2020-12-28 09:38:53]    INFO >> epoch 019 | valid on 'valid' subset | loss 62.071 | nll_loss 5.924 | bleu 16.4057 | ppl 60.7 | wps 0 | wpb 21460 | bsz 2048 | num_updates 10564 | best_bleu 17.2821 (progress_bar.py:269, print())
[2020-12-28 09:39:40]    INFO >> epoch 020:    436 / 556 loss=54.416, nll_loss=5.228, bleu=0, ppl=37.49, wps=7611.5, ups=7.31, wpb=1040.8, bsz=100, num_updates=11000, lr=0.5, gnorm=476.382, clip=100, train_wall=44, wall=1398 (progress_bar.py:262, log())
[2020-12-28 09:39:52]    INFO >> epoch 020 | loss 54.396 | nll_loss 5.221 | bleu 0 | ppl 37.3 | wps 7856.9 | ups 7.55 | wpb 1040.7 | bsz 99.9 | num_updates 11120 | lr 0.5 | gnorm 476.841 | clip 100 | train_wall 49 | wall 1410 (progress_bar.py:269, print())
[2020-12-28 09:40:05]    INFO >> epoch 020 | valid on 'valid' subset | loss 62.256 | nll_loss 5.941 | bleu 17.8327 | ppl 61.45 | wps 0 | wpb 21460 | bsz 2048 | num_updates 11120 | best_bleu 17.8327 (progress_bar.py:269, print())
[2020-12-28 09:40:06]    INFO >> saved checkpoint /home/wanyao/.ncc/python_wan/summarization/data-mmap/codenn/checkpoints/checkpoint_best.pt (epoch 20 @ 11120 updates, score 17.832732721728707) (writing took 1.041940544731915 seconds) (checkpoint_utils.py:81, save_checkpoint())
[2020-12-28 09:40:48]    INFO >> epoch 021:    380 / 556 loss=53.695, nll_loss=5.155, bleu=0, ppl=35.62, wps=7610.3, ups=7.32, wpb=1039.1, bsz=99.8, num_updates=11500, lr=0.5, gnorm=477.581, clip=100, train_wall=45, wall=1466 (progress_bar.py:262, log())
[2020-12-28 09:41:05]    INFO >> epoch 021 | loss 53.659 | nll_loss 5.15 | bleu 0 | ppl 35.52 | wps 7882 | ups 7.57 | wpb 1040.7 | bsz 99.9 | num_updates 11676 | lr 0.5 | gnorm 477.572 | clip 100 | train_wall 50 | wall 1484 (progress_bar.py:269, print())
[2020-12-28 09:41:17]    INFO >> epoch 021 | valid on 'valid' subset | loss 62.191 | nll_loss 5.935 | bleu 17.71 | ppl 61.18 | wps 0 | wpb 21460 | bsz 2048 | num_updates 11676 | best_bleu 17.8327 (progress_bar.py:269, print())
[2020-12-28 09:41:54]    INFO >> epoch 022:    324 / 556 loss=53.337, nll_loss=5.111, bleu=0, ppl=34.56, wps=7896.9, ups=7.58, wpb=1042.2, bsz=99.9, num_updates=12000, lr=0.5, gnorm=479.249, clip=100, train_wall=45, wall=1532 (progress_bar.py:262, log())
[2020-12-28 09:42:16]    INFO >> epoch 022 | loss 52.956 | nll_loss 5.083 | bleu 0 | ppl 33.9 | wps 8194.4 | ups 7.87 | wpb 1040.7 | bsz 99.9 | num_updates 12232 | lr 0.5 | gnorm 480.07 | clip 100 | train_wall 49 | wall 1554 (progress_bar.py:269, print())
[2020-12-28 09:42:28]    INFO >> epoch 022 | valid on 'valid' subset | loss 62.286 | nll_loss 5.944 | bleu 15.0045 | ppl 61.57 | wps 0 | wpb 21460 | bsz 2048 | num_updates 12232 | best_bleu 17.8327 (progress_bar.py:269, print())
[2020-12-28 09:43:00]    INFO >> epoch 023:    268 / 556 loss=52.617, nll_loss=5.053, bleu=0, ppl=33.2, wps=7938.2, ups=7.63, wpb=1040, bsz=99.9, num_updates=12500, lr=0.5, gnorm=479.36, clip=100, train_wall=45, wall=1598 (progress_bar.py:262, log())
[2020-12-28 09:43:26]    INFO >> epoch 023 | loss 52.217 | nll_loss 5.012 | bleu 0 | ppl 32.27 | wps 8237.7 | ups 7.92 | wpb 1040.7 | bsz 99.9 | num_updates 12788 | lr 0.5 | gnorm 479.361 | clip 100 | train_wall 49 | wall 1624 (progress_bar.py:269, print())
[2020-12-28 09:43:38]    INFO >> epoch 023 | valid on 'valid' subset | loss 62.143 | nll_loss 5.93 | bleu 17.7554 | ppl 60.99 | wps 0 | wpb 21460 | bsz 2048 | num_updates 12788 | best_bleu 17.8327 (progress_bar.py:269, print())
[2020-12-28 09:44:04]    INFO >> epoch 024:    212 / 556 loss=51.838, nll_loss=4.983, bleu=0, ppl=31.62, wps=8048.6, ups=7.74, wpb=1040.4, bsz=100, num_updates=13000, lr=0.5, gnorm=480.781, clip=100, train_wall=44, wall=1662 (progress_bar.py:262, log())
[2020-12-28 09:44:35]    INFO >> epoch 024 | loss 51.534 | nll_loss 4.946 | bleu 0 | ppl 30.83 | wps 8488 | ups 8.16 | wpb 1040.7 | bsz 99.9 | num_updates 13344 | lr 0.5 | gnorm 482.749 | clip 100 | train_wall 47 | wall 1693 (progress_bar.py:269, print())
[2020-12-28 09:44:48]    INFO >> epoch 024 | valid on 'valid' subset | loss 62.43 | nll_loss 5.958 | bleu 16.2942 | ppl 62.16 | wps 0 | wpb 21460 | bsz 2048 | num_updates 13344 | best_bleu 17.8327 (progress_bar.py:269, print())
[2020-12-28 09:45:10]    INFO >> epoch 025:    156 / 556 loss=51.408, nll_loss=4.924, bleu=0, ppl=30.37, wps=7997, ups=7.68, wpb=1041.4, bsz=99.8, num_updates=13500, lr=0.5, gnorm=481.889, clip=100, train_wall=42, wall=1728 (progress_bar.py:262, log())
[2020-12-28 09:45:44]    INFO >> epoch 025 | loss 50.829 | nll_loss 4.879 | bleu 0 | ppl 29.42 | wps 8284.7 | ups 7.96 | wpb 1040.7 | bsz 99.9 | num_updates 13900 | lr 0.5 | gnorm 481.743 | clip 100 | train_wall 46 | wall 1762 (progress_bar.py:269, print())
[2020-12-28 09:45:57]    INFO >> epoch 025 | valid on 'valid' subset | loss 62.597 | nll_loss 5.974 | bleu 18.0983 | ppl 62.85 | wps 0 | wpb 21460 | bsz 2048 | num_updates 13900 | best_bleu 18.0983 (progress_bar.py:269, print())
[2020-12-28 09:45:59]    INFO >> saved checkpoint /home/wanyao/.ncc/python_wan/summarization/data-mmap/codenn/checkpoints/checkpoint_best.pt (epoch 25 @ 13900 updates, score 18.09831409725577) (writing took 1.1386462384834886 seconds) (checkpoint_utils.py:81, save_checkpoint())
[2020-12-28 09:46:15]    INFO >> epoch 026:    100 / 556 loss=50.558, nll_loss=4.87, bleu=0, ppl=29.24, wps=7948.8, ups=7.66, wpb=1038.2, bsz=100, num_updates=14000, lr=0.5, gnorm=482.298, clip=100, train_wall=41, wall=1793 (progress_bar.py:262, log())
[2020-12-28 09:46:53]    INFO >> epoch 026 | loss 50.246 | nll_loss 4.823 | bleu 0 | ppl 28.3 | wps 8409 | ups 8.08 | wpb 1040.7 | bsz 99.9 | num_updates 14456 | lr 0.5 | gnorm 483.078 | clip 100 | train_wall 45 | wall 1831 (progress_bar.py:269, print())
[2020-12-28 09:47:06]    INFO >> epoch 026 | valid on 'valid' subset | loss 62.569 | nll_loss 5.971 | bleu 17.6443 | ppl 62.73 | wps 0 | wpb 21460 | bsz 2048 | num_updates 14456 | best_bleu 18.0983 (progress_bar.py:269, print())
[2020-12-28 09:47:18]    INFO >> epoch 027:     44 / 556 loss=50.362, nll_loss=4.818, bleu=0, ppl=28.2, wps=8329.5, ups=7.98, wpb=1044, bsz=99.9, num_updates=14500, lr=0.5, gnorm=484.244, clip=100, train_wall=40, wall=1856 (progress_bar.py:262, log())
[2020-12-28 09:48:00]    INFO >> epoch 027:    544 / 556 loss=49.666, nll_loss=4.771, bleu=0, ppl=27.3, wps=12289.1, ups=11.82, wpb=1039.8, bsz=99.9, num_updates=15000, lr=0.5, gnorm=485.256, clip=100, train_wall=40, wall=1898 (progress_bar.py:262, log())
[2020-12-28 09:48:01]    INFO >> epoch 027 | loss 49.608 | nll_loss 4.762 | bleu 0 | ppl 27.13 | wps 8484.4 | ups 8.15 | wpb 1040.7 | bsz 99.9 | num_updates 15012 | lr 0.5 | gnorm 484.957 | clip 100 | train_wall 45 | wall 1899 (progress_bar.py:269, print())
[2020-12-28 09:48:14]    INFO >> epoch 027 | valid on 'valid' subset | loss 62.331 | nll_loss 5.948 | bleu 18.3239 | ppl 61.75 | wps 0 | wpb 21460 | bsz 2048 | num_updates 15012 | best_bleu 18.3239 (progress_bar.py:269, print())
[2020-12-28 09:48:15]    INFO >> saved checkpoint /home/wanyao/.ncc/python_wan/summarization/data-mmap/codenn/checkpoints/checkpoint_best.pt (epoch 27 @ 15012 updates, score 18.323892419453035) (writing took 1.1187095902860165 seconds) (checkpoint_utils.py:81, save_checkpoint())
[2020-12-28 09:49:03]    INFO >> epoch 028:    488 / 556 loss=48.994, nll_loss=4.702, bleu=0, ppl=26.02, wps=8291.5, ups=7.97, wpb=1040.8, bsz=99.9, num_updates=15500, lr=0.5, gnorm=486.497, clip=100, train_wall=39, wall=1961 (progress_bar.py:262, log())
[2020-12-28 09:49:09]    INFO >> epoch 028 | loss 48.988 | nll_loss 4.702 | bleu 0 | ppl 26.03 | wps 8495.2 | ups 8.16 | wpb 1040.7 | bsz 99.9 | num_updates 15568 | lr 0.5 | gnorm 487.011 | clip 100 | train_wall 44 | wall 1968 (progress_bar.py:269, print())
[2020-12-28 09:49:23]    INFO >> epoch 028 | valid on 'valid' subset | loss 62.713 | nll_loss 5.985 | bleu 16.2969 | ppl 63.34 | wps 0 | wpb 21460 | bsz 2048 | num_updates 15568 | best_bleu 18.3239 (progress_bar.py:269, print())
[2020-12-28 09:50:05]    INFO >> epoch 029:    432 / 556 loss=48.413, nll_loss=4.646, bleu=0, ppl=25.03, wps=8372.6, ups=8.04, wpb=1040.8, bsz=99.9, num_updates=16000, lr=0.5, gnorm=487.515, clip=100, train_wall=40, wall=2023 (progress_bar.py:262, log())
[2020-12-28 09:50:17]    INFO >> epoch 029 | loss 48.396 | nll_loss 4.645 | bleu 0 | ppl 25.02 | wps 8594.3 | ups 8.26 | wpb 1040.7 | bsz 99.9 | num_updates 16124 | lr 0.5 | gnorm 487.329 | clip 100 | train_wall 45 | wall 2035 (progress_bar.py:269, print())
[2020-12-28 09:50:30]    INFO >> epoch 029 | valid on 'valid' subset | loss 62.744 | nll_loss 5.988 | bleu 17.4969 | ppl 63.47 | wps 0 | wpb 21460 | bsz 2048 | num_updates 16124 | best_bleu 18.3239 (progress_bar.py:269, print())
[2020-12-28 09:51:07]    INFO >> epoch 030:    376 / 556 loss=47.857, nll_loss=4.599, bleu=0, ppl=24.24, wps=8375.6, ups=8.05, wpb=1040.5, bsz=100, num_updates=16500, lr=0.5, gnorm=488.143, clip=100, train_wall=40, wall=2085 (progress_bar.py:262, log())
[2020-12-28 09:51:24]    INFO >> epoch 030 | loss 47.81 | nll_loss 4.589 | bleu 0 | ppl 24.07 | wps 8578.5 | ups 8.24 | wpb 1040.7 | bsz 99.9 | num_updates 16680 | lr 0.5 | gnorm 488.783 | clip 100 | train_wall 45 | wall 2102 (progress_bar.py:269, print())
[2020-12-28 09:51:38]    INFO >> epoch 030 | valid on 'valid' subset | loss 63.106 | nll_loss 6.022 | bleu 15.6357 | ppl 65 | wps 0 | wpb 21460 | bsz 2048 | num_updates 16680 | best_bleu 18.3239 (progress_bar.py:269, print())
[2020-12-28 09:52:11]    INFO >> epoch 031:    320 / 556 loss=47.453, nll_loss=4.556, bleu=0, ppl=23.52, wps=8056, ups=7.74, wpb=1040.3, bsz=99.9, num_updates=17000, lr=0.5, gnorm=490.06, clip=100, train_wall=41, wall=2149 (progress_bar.py:262, log())
[2020-12-28 09:52:34]    INFO >> epoch 031 | loss 47.286 | nll_loss 4.539 | bleu 0 | ppl 23.24 | wps 8308.7 | ups 7.98 | wpb 1040.7 | bsz 99.9 | num_updates 17236 | lr 0.5 | gnorm 491.782 | clip 100 | train_wall 46 | wall 2172 (progress_bar.py:269, print())
[2020-12-28 09:52:47]    INFO >> epoch 031 | valid on 'valid' subset | loss 62.55 | nll_loss 5.969 | bleu 17.8557 | ppl 62.65 | wps 0 | wpb 21460 | bsz 2048 | num_updates 17236 | best_bleu 18.3239 (progress_bar.py:269, print())
[2020-12-28 09:53:16]    INFO >> epoch 032:    264 / 556 loss=46.992, nll_loss=4.507, bleu=0, ppl=22.74, wps=8038.5, ups=7.73, wpb=1040, bsz=99.8, num_updates=17500, lr=0.5, gnorm=491.513, clip=100, train_wall=42, wall=2214 (progress_bar.py:262, log())
[2020-12-28 09:53:44]    INFO >> epoch 032 | loss 46.704 | nll_loss 4.483 | bleu 0 | ppl 22.36 | wps 8227.9 | ups 7.91 | wpb 1040.7 | bsz 99.9 | num_updates 17792 | lr 0.5 | gnorm 492.487 | clip 100 | train_wall 48 | wall 2242 (progress_bar.py:269, print())
[2020-12-28 09:53:57]    INFO >> epoch 032 | valid on 'valid' subset | loss 63.002 | nll_loss 6.012 | bleu 16.5641 | ppl 64.55 | wps 0 | wpb 21460 | bsz 2048 | num_updates 17792 | best_bleu 18.3239 (progress_bar.py:269, print())
[2020-12-28 09:54:22]    INFO >> epoch 033:    208 / 556 loss=46.425, nll_loss=4.46, bleu=0, ppl=22, wps=7833.3, ups=7.53, wpb=1039.7, bsz=99.9, num_updates=18000, lr=0.5, gnorm=492.723, clip=100, train_wall=44, wall=2281 (progress_bar.py:262, log())
[2020-12-28 09:54:56]    INFO >> epoch 033 | loss 46.159 | nll_loss 4.431 | bleu 0 | ppl 21.56 | wps 8098.8 | ups 7.78 | wpb 1040.7 | bsz 99.9 | num_updates 18348 | lr 0.5 | gnorm 492.712 | clip 100 | train_wall 49 | wall 2314 (progress_bar.py:269, print())
[2020-12-28 09:55:09]    INFO >> epoch 033 | valid on 'valid' subset | loss 63.278 | nll_loss 6.039 | bleu 17.9295 | ppl 65.75 | wps 0 | wpb 21460 | bsz 2048 | num_updates 18348 | best_bleu 18.3239 (progress_bar.py:269, print())
[2020-12-28 09:55:28]    INFO >> epoch 034:    152 / 556 loss=45.821, nll_loss=4.402, bleu=0, ppl=21.14, wps=7958.1, ups=7.65, wpb=1040.9, bsz=100, num_updates=18500, lr=0.5, gnorm=494.306, clip=100, train_wall=42, wall=2346 (progress_bar.py:262, log())
[2020-12-28 09:55:57]    INFO >> epoch 034 | loss 45.633 | nll_loss 4.38 | bleu 0 | ppl 20.82 | wps 9359.4 | ups 8.99 | wpb 1040.7 | bsz 99.9 | num_updates 18904 | lr 0.5 | gnorm 495.885 | clip 100 | train_wall 38 | wall 2376 (progress_bar.py:269, print())
[2020-12-28 09:56:08]    INFO >> epoch 034 | valid on 'valid' subset | loss 63.708 | nll_loss 6.08 | bleu 18.2376 | ppl 67.64 | wps 0 | wpb 21460 | bsz 2048 | num_updates 18904 | best_bleu 18.3239 (progress_bar.py:269, print())
[2020-12-28 09:56:23]    INFO >> epoch 035:     96 / 556 loss=45.715, nll_loss=4.385, bleu=0, ppl=20.89, wps=9484.9, ups=9.11, wpb=1041.3, bsz=99.9, num_updates=19000, lr=0.5, gnorm=495.394, clip=100, train_wall=34, wall=2401 (progress_bar.py:262, log())
[2020-12-28 09:56:57]    INFO >> epoch 035 | loss 45.1 | nll_loss 4.329 | bleu 0 | ppl 20.1 | wps 9695.6 | ups 9.32 | wpb 1040.7 | bsz 99.9 | num_updates 19460 | lr 0.5 | gnorm 495.429 | clip 100 | train_wall 39 | wall 2435 (progress_bar.py:269, print())
[2020-12-28 09:57:08]    INFO >> epoch 035 | valid on 'valid' subset | loss 63.188 | nll_loss 6.03 | bleu 18.0888 | ppl 65.36 | wps 0 | wpb 21460 | bsz 2048 | num_updates 19460 | best_bleu 18.3239 (progress_bar.py:269, print())
[2020-12-28 09:57:18]    INFO >> epoch 036:     40 / 556 loss=45.113, nll_loss=4.329, bleu=0, ppl=20.1, wps=9482.3, ups=9.11, wpb=1040.8, bsz=99.9, num_updates=19500, lr=0.5, gnorm=495.734, clip=100, train_wall=35, wall=2456 (progress_bar.py:262, log())
[2020-12-28 09:57:54]    INFO >> epoch 036:    540 / 556 loss=44.733, nll_loss=4.291, bleu=0, ppl=19.58, wps=14240.3, ups=13.68, wpb=1041.2, bsz=99.9, num_updates=20000, lr=0.5, gnorm=497.71, clip=100, train_wall=34, wall=2492 (progress_bar.py:262, log())
[2020-12-28 09:57:56]    INFO >> epoch 036 | loss 44.622 | nll_loss 4.283 | bleu 0 | ppl 19.47 | wps 9883.6 | ups 9.5 | wpb 1040.7 | bsz 99.9 | num_updates 20016 | lr 0.5 | gnorm 496.799 | clip 100 | train_wall 38 | wall 2494 (progress_bar.py:269, print())
[2020-12-28 09:58:08]    INFO >> epoch 036 | valid on 'valid' subset | loss 63.218 | nll_loss 6.033 | bleu 17.4251 | ppl 65.49 | wps 0 | wpb 21460 | bsz 2048 | num_updates 20016 | best_bleu 18.3239 (progress_bar.py:269, print())
[2020-12-28 09:58:51]    INFO >> epoch 037:    484 / 556 loss=44.061, nll_loss=4.231, bleu=0, ppl=18.77, wps=9151.2, ups=8.8, wpb=1040.2, bsz=99.9, num_updates=20500, lr=0.5, gnorm=498.343, clip=100, train_wall=35, wall=2549 (progress_bar.py:262, log())
[2020-12-28 09:58:57]    INFO >> epoch 037 | loss 44.127 | nll_loss 4.236 | bleu 0 | ppl 18.84 | wps 9478.5 | ups 9.11 | wpb 1040.7 | bsz 99.9 | num_updates 20572 | lr 0.5 | gnorm 498.945 | clip 100 | train_wall 39 | wall 2555 (progress_bar.py:269, print())
[2020-12-28 09:59:08]    INFO >> epoch 037 | valid on 'valid' subset | loss 64.17 | nll_loss 6.124 | bleu 17.9091 | ppl 69.74 | wps 0 | wpb 21460 | bsz 2048 | num_updates 20572 | best_bleu 18.3239 (progress_bar.py:269, print())
[2020-12-28 09:59:45]    INFO >> epoch 038:    428 / 556 loss=43.736, nll_loss=4.192, bleu=0, ppl=18.28, wps=9576.6, ups=9.19, wpb=1042.1, bsz=99.9, num_updates=21000, lr=0.5, gnorm=501.086, clip=100, train_wall=34, wall=2604 (progress_bar.py:262, log())
[2020-12-28 09:59:55]    INFO >> epoch 038 | loss 43.612 | nll_loss 4.186 | bleu 0 | ppl 18.2 | wps 9920.1 | ups 9.53 | wpb 1040.7 | bsz 99.9 | num_updates 21128 | lr 0.5 | gnorm 500.499 | clip 100 | train_wall 38 | wall 2613 (progress_bar.py:269, print())
[2020-12-28 10:00:07]    INFO >> epoch 038 | valid on 'valid' subset | loss 64.03 | nll_loss 6.111 | bleu 18.716 | ppl 69.1 | wps 0 | wpb 21460 | bsz 2048 | num_updates 21128 | best_bleu 18.716 (progress_bar.py:269, print())
[2020-12-28 10:00:08]    INFO >> saved checkpoint /home/wanyao/.ncc/python_wan/summarization/data-mmap/codenn/checkpoints/checkpoint_best.pt (epoch 38 @ 21128 updates, score 18.71598265041162) (writing took 1.1502189887687564 seconds) (checkpoint_utils.py:81, save_checkpoint())
[2020-12-28 10:00:42]    INFO >> epoch 039:    372 / 556 loss=43.118, nll_loss=4.147, bleu=0, ppl=17.72, wps=9159.7, ups=8.82, wpb=1038.5, bsz=99.9, num_updates=21500, lr=0.5, gnorm=500.705, clip=100, train_wall=34, wall=2660 (progress_bar.py:262, log())
[2020-12-28 10:00:56]    INFO >> epoch 039 | loss 43.155 | nll_loss 4.142 | bleu 0 | ppl 17.66 | wps 9490.8 | ups 9.12 | wpb 1040.7 | bsz 99.9 | num_updates 21684 | lr 0.5 | gnorm 501.412 | clip 100 | train_wall 38 | wall 2674 (progress_bar.py:269, print())
[2020-12-28 10:01:08]    INFO >> epoch 039 | valid on 'valid' subset | loss 63.461 | nll_loss 6.056 | bleu 17.8719 | ppl 66.55 | wps 0 | wpb 21460 | bsz 2048 | num_updates 21684 | best_bleu 18.716 (progress_bar.py:269, print())
[2020-12-28 10:01:39]    INFO >> epoch 040:    316 / 556 loss=42.878, nll_loss=4.113, bleu=0, ppl=17.3, wps=9133.9, ups=8.77, wpb=1041.2, bsz=99.9, num_updates=22000, lr=0.5, gnorm=501.746, clip=100, train_wall=35, wall=2717 (progress_bar.py:262, log())
[2020-12-28 10:01:58]    INFO >> epoch 040 | loss 42.701 | nll_loss 4.099 | bleu 0 | ppl 17.13 | wps 9345.8 | ups 8.98 | wpb 1040.7 | bsz 99.9 | num_updates 22240 | lr 0.5 | gnorm 501.855 | clip 100 | train_wall 40 | wall 2736 (progress_bar.py:269, print())
[2020-12-28 10:02:10]    INFO >> epoch 040 | valid on 'valid' subset | loss 63.574 | nll_loss 6.067 | bleu 18.6704 | ppl 67.05 | wps 0 | wpb 21460 | bsz 2048 | num_updates 22240 | best_bleu 18.716 (progress_bar.py:269, print())
[2020-12-28 10:02:36]    INFO >> epoch 041:    260 / 556 loss=42.483, nll_loss=4.077, bleu=0, ppl=16.88, wps=9201.7, ups=8.84, wpb=1040.7, bsz=99.9, num_updates=22500, lr=0.5, gnorm=502.525, clip=100, train_wall=35, wall=2774 (progress_bar.py:262, log())
[2020-12-28 10:02:58]    INFO >> epoch 041 | loss 42.218 | nll_loss 4.052 | bleu 0 | ppl 16.59 | wps 9686 | ups 9.31 | wpb 1040.7 | bsz 99.9 | num_updates 22796 | lr 0.5 | gnorm 503.715 | clip 100 | train_wall 38 | wall 2796 (progress_bar.py:269, print())
[2020-12-28 10:03:09]    INFO >> epoch 041 | valid on 'valid' subset | loss 64.481 | nll_loss 6.154 | bleu 17.2472 | ppl 71.19 | wps 0 | wpb 21460 | bsz 2048 | num_updates 22796 | best_bleu 18.716 (progress_bar.py:269, print())
[2020-12-28 10:03:30]    INFO >> epoch 042:    204 / 556 loss=42.127, nll_loss=4.04, bleu=0, ppl=16.45, wps=9565.4, ups=9.17, wpb=1042.8, bsz=100, num_updates=23000, lr=0.5, gnorm=503.895, clip=100, train_wall=34, wall=2828 (progress_bar.py:262, log())
[2020-12-28 10:03:57]    INFO >> epoch 042 | loss 41.84 | nll_loss 4.016 | bleu 0 | ppl 16.18 | wps 9736.7 | ups 9.36 | wpb 1040.7 | bsz 99.9 | num_updates 23352 | lr 0.5 | gnorm 504.661 | clip 100 | train_wall 39 | wall 2855 (progress_bar.py:269, print())
[2020-12-28 10:04:07]    INFO >> epoch 042 | valid on 'valid' subset | loss 64.573 | nll_loss 6.162 | bleu 18.988 | ppl 71.63 | wps 0 | wpb 21460 | bsz 2048 | num_updates 23352 | best_bleu 18.988 (progress_bar.py:269, print())
[2020-12-28 10:04:09]    INFO >> saved checkpoint /home/wanyao/.ncc/python_wan/summarization/data-mmap/codenn/checkpoints/checkpoint_best.pt (epoch 42 @ 23352 updates, score 18.98797541211213) (writing took 1.0479498812928796 seconds) (checkpoint_utils.py:81, save_checkpoint())
[2020-12-28 10:04:27]    INFO >> epoch 043:    148 / 556 loss=41.649, nll_loss=3.996, bleu=0, ppl=15.96, wps=9228.3, ups=8.88, wpb=1039.6, bsz=99.8, num_updates=23500, lr=0.5, gnorm=504.903, clip=100, train_wall=35, wall=2885 (progress_bar.py:262, log())
[2020-12-28 10:04:58]    INFO >> epoch 043 | loss 41.368 | nll_loss 3.971 | bleu 0 | ppl 15.68 | wps 9479 | ups 9.11 | wpb 1040.7 | bsz 99.9 | num_updates 23908 | lr 0.5 | gnorm 505.749 | clip 100 | train_wall 39 | wall 2916 (progress_bar.py:269, print())
[2020-12-28 10:05:09]    INFO >> epoch 043 | valid on 'valid' subset | loss 65.231 | nll_loss 6.225 | bleu 18.0208 | ppl 74.81 | wps 0 | wpb 21460 | bsz 2048 | num_updates 23908 | best_bleu 18.988 (progress_bar.py:269, print())
[2020-12-28 10:05:22]    INFO >> epoch 044:     92 / 556 loss=41.366, nll_loss=3.977, bleu=0, ppl=15.74, wps=9312.6, ups=8.95, wpb=1040.2, bsz=100, num_updates=24000, lr=0.5, gnorm=506.451, clip=100, train_wall=35, wall=2940 (progress_bar.py:262, log())
[2020-12-28 10:05:58]    INFO >> epoch 044 | loss 40.967 | nll_loss 3.932 | bleu 0 | ppl 15.27 | wps 9632 | ups 9.26 | wpb 1040.7 | bsz 99.9 | num_updates 24464 | lr 0.5 | gnorm 506.929 | clip 100 | train_wall 39 | wall 2976 (progress_bar.py:269, print())
[2020-12-28 10:06:09]    INFO >> epoch 044 | valid on 'valid' subset | loss 65.148 | nll_loss 6.217 | bleu 18.2716 | ppl 74.4 | wps 0 | wpb 21460 | bsz 2048 | num_updates 24464 | best_bleu 18.988 (progress_bar.py:269, print())
[2020-12-28 10:06:19]    INFO >> epoch 045:     36 / 556 loss=40.987, nll_loss=3.933, bleu=0, ppl=15.27, wps=9239.8, ups=8.89, wpb=1039.6, bsz=99.8, num_updates=24500, lr=0.5, gnorm=506.831, clip=100, train_wall=36, wall=2997 (progress_bar.py:262, log())
[2020-12-28 10:06:55]    INFO >> epoch 045:    536 / 556 loss=40.564, nll_loss=3.894, bleu=0, ppl=14.87, wps=14148.9, ups=13.58, wpb=1041.7, bsz=100, num_updates=25000, lr=0.5, gnorm=508.945, clip=100, train_wall=34, wall=3034 (progress_bar.py:262, log())
[2020-12-28 10:06:57]    INFO >> epoch 045 | loss 40.565 | nll_loss 3.894 | bleu 0 | ppl 14.86 | wps 9829.9 | ups 9.45 | wpb 1040.7 | bsz 99.9 | num_updates 25020 | lr 0.5 | gnorm 508.581 | clip 100 | train_wall 38 | wall 3035 (progress_bar.py:269, print())
[2020-12-28 10:07:08]    INFO >> epoch 045 | valid on 'valid' subset | loss 64.714 | nll_loss 6.176 | bleu 18.0583 | ppl 72.3 | wps 0 | wpb 21460 | bsz 2048 | num_updates 25020 | best_bleu 18.988 (progress_bar.py:269, print())
[2020-12-28 10:07:50]    INFO >> epoch 046:    480 / 556 loss=40.067, nll_loss=3.849, bleu=0, ppl=14.41, wps=9592.1, ups=9.23, wpb=1039.6, bsz=99.9, num_updates=25500, lr=0.5, gnorm=508.678, clip=100, train_wall=34, wall=3088 (progress_bar.py:262, log())
[2020-12-28 10:07:56]    INFO >> epoch 046 | loss 40.149 | nll_loss 3.854 | bleu 0 | ppl 14.46 | wps 9875.4 | ups 9.49 | wpb 1040.7 | bsz 99.9 | num_updates 25576 | lr 0.5 | gnorm 509.365 | clip 100 | train_wall 38 | wall 3094 (progress_bar.py:269, print())
[2020-12-28 10:08:06]    INFO >> epoch 046 | valid on 'valid' subset | loss 64.866 | nll_loss 6.19 | bleu 18.9249 | ppl 73.03 | wps 0 | wpb 21460 | bsz 2048 | num_updates 25576 | best_bleu 18.988 (progress_bar.py:269, print())
[2020-12-28 10:08:45]    INFO >> epoch 047:    424 / 556 loss=39.867, nll_loss=3.824, bleu=0, ppl=14.16, wps=9496.3, ups=9.11, wpb=1042.6, bsz=100, num_updates=26000, lr=0.5, gnorm=510.111, clip=100, train_wall=34, wall=3143 (progress_bar.py:262, log())
[2020-12-28 10:08:54]    INFO >> epoch 047 | loss 39.748 | nll_loss 3.815 | bleu 0 | ppl 14.08 | wps 9856.4 | ups 9.47 | wpb 1040.7 | bsz 99.9 | num_updates 26132 | lr 0.5 | gnorm 509.814 | clip 100 | train_wall 38 | wall 3152 (progress_bar.py:269, print())
[2020-12-28 10:09:06]    INFO >> epoch 047 | valid on 'valid' subset | loss 65.354 | nll_loss 6.237 | bleu 17.6542 | ppl 75.42 | wps 0 | wpb 21460 | bsz 2048 | num_updates 26132 | best_bleu 18.988 (progress_bar.py:269, print())
[2020-12-28 10:09:40]    INFO >> epoch 048:    368 / 556 loss=39.332, nll_loss=3.776, bleu=0, ppl=13.7, wps=9362, ups=9.01, wpb=1039.1, bsz=99.8, num_updates=26500, lr=0.5, gnorm=510.606, clip=100, train_wall=34, wall=3198 (progress_bar.py:262, log())
[2020-12-28 10:09:54]    INFO >> epoch 048 | loss 39.318 | nll_loss 3.774 | bleu 0 | ppl 13.68 | wps 9670.7 | ups 9.29 | wpb 1040.7 | bsz 99.9 | num_updates 26688 | lr 0.5 | gnorm 511.605 | clip 100 | train_wall 38 | wall 3212 (progress_bar.py:269, print())
[2020-12-28 10:10:05]    INFO >> epoch 048 | valid on 'valid' subset | loss 65.528 | nll_loss 6.254 | bleu 18.8821 | ppl 76.3 | wps 0 | wpb 21460 | bsz 2048 | num_updates 26688 | best_bleu 18.988 (progress_bar.py:269, print())
[2020-12-28 10:10:34]    INFO >> epoch 049:    312 / 556 loss=39.141, nll_loss=3.753, bleu=0, ppl=13.49, wps=9625.7, ups=9.24, wpb=1041.5, bsz=99.9, num_updates=27000, lr=0.5, gnorm=513.585, clip=100, train_wall=34, wall=3252 (progress_bar.py:262, log())
[2020-12-28 10:10:52]    INFO >> epoch 049 | loss 38.944 | nll_loss 3.738 | bleu 0 | ppl 13.34 | wps 9958.2 | ups 9.57 | wpb 1040.7 | bsz 99.9 | num_updates 27244 | lr 0.5 | gnorm 512.624 | clip 100 | train_wall 38 | wall 3270 (progress_bar.py:269, print())
[2020-12-28 10:11:03]    INFO >> epoch 049 | valid on 'valid' subset | loss 65.43 | nll_loss 6.244 | bleu 18.5785 | ppl 75.8 | wps 0 | wpb 21460 | bsz 2048 | num_updates 27244 | best_bleu 18.988 (progress_bar.py:269, print())
[2020-12-28 10:11:29]    INFO >> epoch 050:    256 / 556 loss=38.659, nll_loss=3.713, bleu=0, ppl=13.11, wps=9419.3, ups=9.05, wpb=1041.1, bsz=100, num_updates=27500, lr=0.5, gnorm=511.37, clip=100, train_wall=35, wall=3308 (progress_bar.py:262, log())
[2020-12-28 10:11:52]    INFO >> epoch 050 | loss 38.52 | nll_loss 3.697 | bleu 0 | ppl 12.97 | wps 9650.4 | ups 9.27 | wpb 1040.7 | bsz 99.9 | num_updates 27800 | lr 0.5 | gnorm 512.765 | clip 100 | train_wall 39 | wall 3330 (progress_bar.py:269, print())
[2020-12-28 10:12:03]    INFO >> epoch 050 | valid on 'valid' subset | loss 66.039 | nll_loss 6.302 | bleu 19.3232 | ppl 78.92 | wps 0 | wpb 21460 | bsz 2048 | num_updates 27800 | best_bleu 19.3232 (progress_bar.py:269, print())
[2020-12-28 10:12:04]    INFO >> saved checkpoint /home/wanyao/.ncc/python_wan/summarization/data-mmap/codenn/checkpoints/checkpoint_best.pt (epoch 50 @ 27800 updates, score 19.32316337780006) (writing took 1.1845615804195404 seconds) (checkpoint_utils.py:81, save_checkpoint())
[2020-12-28 10:12:25]    INFO >> epoch 051:    200 / 556 loss=38.396, nll_loss=3.685, bleu=0, ppl=12.86, wps=9292.2, ups=8.93, wpb=1040.6, bsz=99.9, num_updates=28000, lr=0.5, gnorm=514.483, clip=100, train_wall=34, wall=3363 (progress_bar.py:262, log())
[2020-12-28 10:12:52]    INFO >> epoch 051 | loss 38.186 | nll_loss 3.665 | bleu 0 | ppl 12.69 | wps 9755.9 | ups 9.37 | wpb 1040.7 | bsz 99.9 | num_updates 28356 | lr 0.5 | gnorm 515.347 | clip 100 | train_wall 37 | wall 3390 (progress_bar.py:269, print())
[2020-12-28 10:13:03]    INFO >> epoch 051 | valid on 'valid' subset | loss 66.432 | nll_loss 6.34 | bleu 17.4222 | ppl 81 | wps 0 | wpb 21460 | bsz 2048 | num_updates 28356 | best_bleu 19.3232 (progress_bar.py:269, print())
[2020-12-28 10:13:20]    INFO >> epoch 052:    144 / 556 loss=38.136, nll_loss=3.662, bleu=0, ppl=12.66, wps=9528.6, ups=9.17, wpb=1038.8, bsz=99.8, num_updates=28500, lr=0.5, gnorm=514.27, clip=100, train_wall=34, wall=3418 (progress_bar.py:262, log())
[2020-12-28 10:13:51]    INFO >> epoch 052 | loss 37.813 | nll_loss 3.629 | bleu 0 | ppl 12.38 | wps 9745.4 | ups 9.36 | wpb 1040.7 | bsz 99.9 | num_updates 28912 | lr 0.5 | gnorm 515.525 | clip 100 | train_wall 38 | wall 3449 (progress_bar.py:269, print())
[2020-12-28 10:14:02]    INFO >> epoch 052 | valid on 'valid' subset | loss 67.008 | nll_loss 6.395 | bleu 19.0567 | ppl 84.15 | wps 0 | wpb 21460 | bsz 2048 | num_updates 28912 | best_bleu 19.3232 (progress_bar.py:269, print())
[2020-12-28 10:14:15]    INFO >> epoch 053:     88 / 556 loss=37.696, nll_loss=3.619, bleu=0, ppl=12.29, wps=9519.9, ups=9.14, wpb=1041.6, bsz=100, num_updates=29000, lr=0.5, gnorm=516.178, clip=100, train_wall=34, wall=3473 (progress_bar.py:262, log())
[2020-12-28 10:14:49]    INFO >> epoch 053 | loss 37.445 | nll_loss 3.594 | bleu 0 | ppl 12.08 | wps 9999.9 | ups 9.61 | wpb 1040.7 | bsz 99.9 | num_updates 29468 | lr 0.5 | gnorm 516.199 | clip 100 | train_wall 38 | wall 3507 (progress_bar.py:269, print())
[2020-12-28 10:15:00]    INFO >> epoch 053 | valid on 'valid' subset | loss 66.618 | nll_loss 6.358 | bleu 17.7794 | ppl 82 | wps 0 | wpb 21460 | bsz 2048 | num_updates 29468 | best_bleu 19.3232 (progress_bar.py:269, print())
[2020-12-28 10:15:09]    INFO >> epoch 054:     32 / 556 loss=37.574, nll_loss=3.604, bleu=0, ppl=12.16, wps=9556.5, ups=9.18, wpb=1041.4, bsz=99.9, num_updates=29500, lr=0.5, gnorm=517.11, clip=100, train_wall=34, wall=3527 (progress_bar.py:262, log())
[2020-12-28 10:15:46]    INFO >> epoch 054:    532 / 556 loss=37.061, nll_loss=3.557, bleu=0, ppl=11.77, wps=13974.4, ups=13.41, wpb=1041.8, bsz=100, num_updates=30000, lr=0.5, gnorm=517.917, clip=100, train_wall=35, wall=3564 (progress_bar.py:262, log())
[2020-12-28 10:15:49]    INFO >> epoch 054 | loss 37.053 | nll_loss 3.557 | bleu 0 | ppl 11.77 | wps 9674.9 | ups 9.3 | wpb 1040.7 | bsz 99.9 | num_updates 30024 | lr 0.5 | gnorm 517.36 | clip 100 | train_wall 39 | wall 3567 (progress_bar.py:269, print())
[2020-12-28 10:16:00]    INFO >> epoch 054 | valid on 'valid' subset | loss 66.972 | nll_loss 6.391 | bleu 18.0943 | ppl 83.94 | wps 0 | wpb 21460 | bsz 2048 | num_updates 30024 | best_bleu 19.3232 (progress_bar.py:269, print())
[2020-12-28 10:16:42]    INFO >> epoch 055:    476 / 556 loss=36.723, nll_loss=3.529, bleu=0, ppl=11.54, wps=9335.5, ups=8.99, wpb=1038.1, bsz=99.8, num_updates=30500, lr=0.5, gnorm=517.407, clip=100, train_wall=35, wall=3620 (progress_bar.py:262, log())
[2020-12-28 10:16:49]    INFO >> epoch 055 | loss 36.786 | nll_loss 3.531 | bleu 0 | ppl 11.56 | wps 9651.9 | ups 9.27 | wpb 1040.7 | bsz 99.9 | num_updates 30580 | lr 0.5 | gnorm 517.865 | clip 100 | train_wall 39 | wall 3627 (progress_bar.py:269, print())
[2020-12-28 10:16:59]    INFO >> epoch 055 | valid on 'valid' subset | loss 66.954 | nll_loss 6.39 | bleu 18.876 | ppl 83.84 | wps 0 | wpb 21460 | bsz 2048 | num_updates 30580 | best_bleu 19.3232 (progress_bar.py:269, print())
[2020-12-28 10:17:38]    INFO >> epoch 056:    420 / 556 loss=36.357, nll_loss=3.488, bleu=0, ppl=11.22, wps=9384, ups=9, wpb=1042.2, bsz=100, num_updates=31000, lr=0.5, gnorm=517.735, clip=100, train_wall=35, wall=3676 (progress_bar.py:262, log())
[2020-12-28 10:17:48]    INFO >> epoch 056 | loss 36.373 | nll_loss 3.491 | bleu 0 | ppl 11.25 | wps 9727.6 | ups 9.35 | wpb 1040.7 | bsz 99.9 | num_updates 31136 | lr 0.5 | gnorm 518.448 | clip 100 | train_wall 39 | wall 3686 (progress_bar.py:269, print())
[2020-12-28 10:17:59]    INFO >> epoch 056 | valid on 'valid' subset | loss 67.148 | nll_loss 6.408 | bleu 19.2269 | ppl 84.93 | wps 0 | wpb 21460 | bsz 2048 | num_updates 31136 | best_bleu 19.3232 (progress_bar.py:269, print())
[2020-12-28 10:18:33]    INFO >> epoch 057:    364 / 556 loss=36.192, nll_loss=3.469, bleu=0, ppl=11.07, wps=9434.6, ups=9.07, wpb=1040.7, bsz=99.8, num_updates=31500, lr=0.5, gnorm=519.461, clip=100, train_wall=35, wall=3731 (progress_bar.py:262, log())
[2020-12-28 10:18:47]    INFO >> epoch 057 | loss 36.027 | nll_loss 3.458 | bleu 0 | ppl 10.99 | wps 9749.9 | ups 9.37 | wpb 1040.7 | bsz 99.9 | num_updates 31692 | lr 0.5 | gnorm 520.389 | clip 100 | train_wall 39 | wall 3746 (progress_bar.py:269, print())
[2020-12-28 10:18:58]    INFO >> epoch 057 | valid on 'valid' subset | loss 67.931 | nll_loss 6.483 | bleu 19.1682 | ppl 89.44 | wps 0 | wpb 21460 | bsz 2048 | num_updates 31692 | best_bleu 19.3232 (progress_bar.py:269, print())
[2020-12-28 10:19:28]    INFO >> epoch 058:    308 / 556 loss=35.833, nll_loss=3.44, bleu=0, ppl=10.85, wps=9439.5, ups=9.06, wpb=1041.7, bsz=100, num_updates=32000, lr=0.5, gnorm=522.515, clip=100, train_wall=34, wall=3786 (progress_bar.py:262, log())
[2020-12-28 10:19:47]    INFO >> epoch 058 | loss 35.751 | nll_loss 3.432 | bleu 0 | ppl 10.79 | wps 9771.5 | ups 9.39 | wpb 1040.7 | bsz 99.9 | num_updates 32248 | lr 0.5 | gnorm 521.136 | clip 100 | train_wall 38 | wall 3805 (progress_bar.py:269, print())
[2020-12-28 10:19:57]    INFO >> epoch 058 | valid on 'valid' subset | loss 67.391 | nll_loss 6.431 | bleu 19.4303 | ppl 86.31 | wps 0 | wpb 21460 | bsz 2048 | num_updates 32248 | best_bleu 19.4303 (progress_bar.py:269, print())
[2020-12-28 10:19:59]    INFO >> saved checkpoint /home/wanyao/.ncc/python_wan/summarization/data-mmap/codenn/checkpoints/checkpoint_best.pt (epoch 58 @ 32248 updates, score 19.43031185346651) (writing took 1.124970975331962 seconds) (checkpoint_utils.py:81, save_checkpoint())
[2020-12-28 10:20:23]    INFO >> epoch 059:    252 / 556 loss=35.522, nll_loss=3.412, bleu=0, ppl=10.64, wps=9369.7, ups=9.01, wpb=1039.9, bsz=99.9, num_updates=32500, lr=0.5, gnorm=519.426, clip=100, train_wall=34, wall=3841 (progress_bar.py:262, log())
[2020-12-28 10:20:46]    INFO >> epoch 059 | loss 35.369 | nll_loss 3.395 | bleu 0 | ppl 10.52 | wps 9771.3 | ups 9.39 | wpb 1040.7 | bsz 99.9 | num_updates 32804 | lr 0.5 | gnorm 520.541 | clip 100 | train_wall 38 | wall 3864 (progress_bar.py:269, print())
[2020-12-28 10:20:57]    INFO >> epoch 059 | valid on 'valid' subset | loss 67.366 | nll_loss 6.429 | bleu 19.6338 | ppl 86.16 | wps 0 | wpb 21460 | bsz 2048 | num_updates 32804 | best_bleu 19.6338 (progress_bar.py:269, print())
[2020-12-28 10:20:58]    INFO >> saved checkpoint /home/wanyao/.ncc/python_wan/summarization/data-mmap/codenn/checkpoints/checkpoint_best.pt (epoch 59 @ 32804 updates, score 19.63377655757151) (writing took 1.1080638468265533 seconds) (checkpoint_utils.py:81, save_checkpoint())
[2020-12-28 10:21:19]    INFO >> epoch 060:    196 / 556 loss=35.294, nll_loss=3.385, bleu=0, ppl=10.45, wps=9390.5, ups=9.02, wpb=1041.2, bsz=99.9, num_updates=33000, lr=0.5, gnorm=521.584, clip=100, train_wall=34, wall=3897 (progress_bar.py:262, log())
[2020-12-28 10:21:46]    INFO >> epoch 060 | loss 35.042 | nll_loss 3.364 | bleu 0 | ppl 10.29 | wps 9612.3 | ups 9.24 | wpb 1040.7 | bsz 99.9 | num_updates 33360 | lr 0.5 | gnorm 522.27 | clip 100 | train_wall 38 | wall 3924 (progress_bar.py:269, print())
[2020-12-28 10:21:57]    INFO >> epoch 060 | valid on 'valid' subset | loss 68.937 | nll_loss 6.579 | bleu 19.8852 | ppl 95.6 | wps 0 | wpb 21460 | bsz 2048 | num_updates 33360 | best_bleu 19.8852 (progress_bar.py:269, print())
[2020-12-28 10:21:58]    INFO >> saved checkpoint /home/wanyao/.ncc/python_wan/summarization/data-mmap/codenn/checkpoints/checkpoint_best.pt (epoch 60 @ 33360 updates, score 19.885190899468203) (writing took 1.1708331424742937 seconds) (checkpoint_utils.py:81, save_checkpoint())
[2020-12-28 10:22:15]    INFO >> epoch 061:    140 / 556 loss=34.864, nll_loss=3.349, bleu=0, ppl=10.19, wps=9198.7, ups=8.86, wpb=1038.6, bsz=99.8, num_updates=33500, lr=0.5, gnorm=521.769, clip=100, train_wall=35, wall=3953 (progress_bar.py:262, log())
[2020-12-28 10:22:47]    INFO >> epoch 061 | loss 34.706 | nll_loss 3.331 | bleu 0 | ppl 10.07 | wps 9538.9 | ups 9.17 | wpb 1040.7 | bsz 99.9 | num_updates 33916 | lr 0.5 | gnorm 523.234 | clip 100 | train_wall 39 | wall 3985 (progress_bar.py:269, print())
[2020-12-28 10:22:58]    INFO >> epoch 061 | valid on 'valid' subset | loss 68.151 | nll_loss 6.504 | bleu 18.734 | ppl 90.75 | wps 0 | wpb 21460 | bsz 2048 | num_updates 33916 | best_bleu 19.8852 (progress_bar.py:269, print())
[2020-12-28 10:22:58]    INFO >> done training in 3995.7 seconds (train.py:298, single_main())
