nohup: ignoring input
[2020-12-28 08:52:44]    INFO >> Load arguments in /home/wanyao/yang/naturalcc-dev/run/summarization/codenn/config/stack_overflow/csharp.yml (train.py:318, cli_main())
[2020-12-28 08:52:44]    INFO >> {'criterion': 'cross_entropy', 'optimizer': 'sgd', 'lr_scheduler': 'fixed', 'tokenizer': None, 'bpe': None, 'common': {'no_progress_bar': 0, 'log_interval': 500, 'log_format': 'simple', 'tensorboard_logdir': '', 'memory_efficient_fp16': 1, 'fp16_no_flatten_grads': 1, 'fp16_init_scale': 128, 'fp16_scale_window': None, 'fp16_scale_tolerance': 0.0, 'min_loss_scale': 0.0001, 'threshold_loss_scale': None, 'empty_cache_freq': 0, 'task': 'summarization', 'seed': 1, 'cpu': 0, 'fp16': 0, 'fp16_opt_level': '01', 'server_ip': '', 'server_port': ''}, 'dataset': {'num_workers': 3, 'skip_invalid_size_inputs_valid_test': 1, 'max_tokens': None, 'max_sentences': 100, 'required_batch_size_multiple': 1, 'dataset_impl': 'mmap', 'train_subset': 'train', 'valid_subset': 'valid', 'validate_interval': 1, 'fixed_validation_seed': None, 'disable_validation': 0, 'max_tokens_valid': None, 'max_sentences_valid': 2048, 'curriculum': 0, 'gen_subset': 'test', 'num_shards': 1, 'shard_id': 0}, 'distributed_training': {'distributed_world_size': 1, 'distributed_rank': 0, 'distributed_backend': 'nccl', 'distributed_init_method': None, 'distributed_port': -1, 'device_id': 0, 'distributed_no_spawn': 0, 'ddp_backend': 'c10d', 'bucket_cap_mb': 25, 'fix_batches_to_gpus': None, 'find_unused_parameters': 0, 'fast_stat_sync': 0, 'broadcast_buffers': 0, 'global_sync_iter': 50, 'warmup_iterations': 500, 'local_rank': -1, 'block_momentum': 0.875, 'block_lr': 1, 'use_nbm': 0, 'average_sync': 0}, 'task': {'data': '/home/wanyao/.ncc/stack_overflow/summarization/csharp/data-mmap', 'source_lang': 'code_tokens', 'target_lang': 'docstring_tokens', 'load_alignments': 0, 'left_pad_source': 0, 'left_pad_target': 0, 'max_source_positions': 100, 'max_target_positions': 30, 'upsample_primary': 1, 'truncate_source': 1, 'truncate_target': 1, 'append_eos_to_target': 1, 'eval_bleu': 1, 'eval_bleu_detok': 'space', 'eval_bleu_detok_args': None, 'eval_tokenized_bleu': 0, 'eval_bleu_remove_bpe': None, 'eval_bleu_args': None, 'eval_bleu_print_samples': 0}, 'model': {'arch': 'codenn', 'init_bound': 0.35, 'encoder_embed_dim': 400, 'encoder_embed': None, 'encoder_freeze_embed': 0, 'decoder_embed_dim': 400, 'decoder_embed': None, 'decoder_freeze_embed': None, 'decoder_hidden_size': 400, 'decoder_layers': 1, 'decoder_out_embed_dim': 400, 'decoder_attention': 1, 'adaptive_softmax_cutoff': None, 'share_decoder_input_output_embed': 0, 'share_all_embeddings': 0, 'encoder_dropout': 0.5, 'decoder_dropout_in': 0.5, 'decoder_dropout_out': 0.5, 'max_source_positions': 100, 'max_target_positions': 30}, 'optimization': {'max_epoch': 0, 'max_update': 0, 'clip_norm': 5, 'update_freq': [1], 'lr': [0.5], 'min_lr': 0.001, 'use_bmuf': 1, 'force_anneal': 0, 'warmup_updates': 0, 'lr_shrink': 0.8, 'sentence_avg': 1, 'adam': {'adam_betas': '(0.9, 0.999)', 'adam_eps': 1e-08, 'weight_decay': 0.0, 'use_old_adam': 0}, 'weight_decay': 0.0, 'adam_epsilon': 1e-08, 'sgd': {'momentum': 0, 'weight_decay': 0, 'dampening': 0, 'nesterov': 0}, 'max_grad_norm': 1.0, 'num_train_epochs': 5, 'max_steps': -1, 'warmup_steps': 0, 'gradient_accumulation_steps': 1}, 'checkpoint': {'restore_file': 'checkpoint_last.pt', 'reset_dataloader': None, 'reset_lr_scheduler': None, 'reset_meters': None, 'reset_optimizer': None, 'optimizer_overrides': '{}', 'save_interval': 1, 'save_interval_updates': 0, 'keep_interval_updates': 0, 'keep_last_epochs': -1, 'keep_best_checkpoints': -1, 'no_save': 0, 'no_epoch_checkpoints': 1, 'no_last_checkpoints': 1, 'no_save_optimizer_state': None, 'best_checkpoint_metric': 'bleu', 'maximize_best_checkpoint_metric': 1, 'patience': -1, 'save_dir': '/home/wanyao/.ncc/stack_overflow/summarization/csharp/data-mmap/codenn/checkpoints', 'should_continue': 0, 'model_name_or_path': None, 'cache_dir': None, 'logging_steps': 500, 'save_steps': 2000, 'save_total_limit': 2, 'overwrite_output_dir': 0, 'overwrite_cache': 0}, 'eval': {'path': '/home/wanyao/.ncc/stack_overflow/summarization/csharp/data-mmap/codenn/checkpoints/checkpoint_best.pt', 'result_path': None, 'remove_bpe': None, 'quiet': 0, 'model_overrides': '{}', 'max_sentences': 4048, 'beam': 1, 'nbest': 1, 'max_len_a': 0, 'max_len_b': 20, 'min_len': 1, 'match_source_len': 0, 'no_early_stop': 0, 'unnormalized': 0, 'no_beamable_mm': 0, 'lenpen': 1, 'unkpen': 0, 'replace_unk': None, 'sacrebleu': 0, 'score_reference': 0, 'prefix_size': 0, 'no_repeat_ngram_size': 0, 'sampling': 0, 'sampling_topk': -1, 'sampling_topp': -1, 'temperature': 1.0, 'diverse_beam_groups': -1, 'diverse_beam_strength': 0.5, 'diversity_rate': -1.0, 'print_alignment': 0, 'print_step': 0, 'iter_decode_eos_penalty': 0.0, 'iter_decode_max_iter': 10, 'iter_decode_force_max_iter': 0, 'iter_decode_with_beam': 1, 'iter_decode_with_external_reranker': 0, 'retain_iter_history': 0, 'decoding_format': None, 'nltk_bleu': 1, 'rouge': 1}} (train.py:320, cli_main())
[2020-12-28 08:52:44]    INFO >> single GPU training... (train.py:349, cli_main())
[2020-12-28 08:52:45]    INFO >> [code_tokens] dictionary: 19088 types (summarization.py:217, setup_task())
[2020-12-28 08:52:45]    INFO >> [docstring_tokens] dictionary: 6432 types (summarization.py:218, setup_task())
[2020-12-28 08:52:45]    INFO >> truncate valid.code_tokens to 100 (summarization.py:126, load_langpair_dataset())
[2020-12-28 08:52:45]    INFO >> truncate valid.docstring_tokens to 30 (summarization.py:137, load_langpair_dataset())
[2020-12-28 08:52:45]    INFO >> loaded 6599 examples from: /home/wanyao/.ncc/stack_overflow/summarization/csharp/data-mmap/valid.code_tokens (summarization.py:165, load_langpair_dataset())
[2020-12-28 08:52:45]    INFO >> loaded 6599 examples from: /home/wanyao/.ncc/stack_overflow/summarization/csharp/data-mmap/valid.docstring_tokens (summarization.py:166, load_langpair_dataset())
[2020-12-28 08:52:46]    INFO >> CodeNNModel(
  (encoder): NBOWEncoder(
    (embed_tokens): Embedding(19088, 400, padding_idx=0)
  )
  (decoder): LSTMDecoder(
    (embed_tokens): Embedding(6432, 400, padding_idx=0)
    (layers): ModuleList(
      (0): LSTMCell(400, 400)
    )
    (W_H): Linear(in_features=400, out_features=400, bias=True)
    (W_T): Linear(in_features=400, out_features=400, bias=True)
    (fc_out): Linear(in_features=400, out_features=6432, bias=True)
  )
) (train.py:229, single_main())
[2020-12-28 08:52:46]    INFO >> model codenn, criterion CrossEntropyCriterion (train.py:230, single_main())
[2020-12-28 08:52:46]    INFO >> num. model params: 14391232 (num. trained: 14391232) (train.py:233, single_main())
[2020-12-28 08:53:00]    INFO >> training on 1 GPUs (train.py:238, single_main())
[2020-12-28 08:53:00]    INFO >> max tokens per GPU = None and max sentences per GPU = 100 (train.py:241, single_main())
[2020-12-28 08:53:00]    INFO >> no existing checkpoint found /home/wanyao/.ncc/stack_overflow/summarization/csharp/data-mmap/codenn/checkpoints/checkpoint_last.pt (ncc_trainer.py:267, load_checkpoint())
[2020-12-28 08:53:00]    INFO >> loading train data for epoch 1 (ncc_trainer.py:281, get_train_iterator())
[2020-12-28 08:53:00]    INFO >> truncate train.code_tokens to 100 (summarization.py:126, load_langpair_dataset())
[2020-12-28 08:53:00]    INFO >> truncate train.docstring_tokens to 30 (summarization.py:137, load_langpair_dataset())
[2020-12-28 08:53:00]    INFO >> loaded 52795 examples from: /home/wanyao/.ncc/stack_overflow/summarization/csharp/data-mmap/train.code_tokens (summarization.py:165, load_langpair_dataset())
[2020-12-28 08:53:00]    INFO >> loaded 52795 examples from: /home/wanyao/.ncc/stack_overflow/summarization/csharp/data-mmap/train.docstring_tokens (summarization.py:166, load_langpair_dataset())
[2020-12-28 08:53:00]    INFO >> NOTE: your device may support faster training with --fp16 (ncc_trainer.py:155, _build_optimizer())
[2020-12-28 08:53:52]    INFO >> epoch 001:    500 / 528 loss=104.73, nll_loss=9.171, bleu=0, ppl=576.35, wps=12953.3, ups=11.35, wpb=1140.8, bsz=99.9, num_updates=500, lr=0.5, gnorm=1019.7, clip=100, train_wall=42, wall=52 (progress_bar.py:262, log())
[2020-12-28 08:53:55]    INFO >> epoch 001 | loss 103.919 | nll_loss 9.099 | bleu 0 | ppl 548.37 | wps 12837.4 | ups 11.25 | wpb 1140.9 | bsz 99.9 | num_updates 528 | lr 0.5 | gnorm 1003.29 | clip 100 | train_wall 45 | wall 54 (progress_bar.py:269, print())
[2020-12-28 08:54:09]    INFO >> epoch 001 | valid on 'valid' subset | loss 87.082 | nll_loss 7.56 | bleu 10.9173 | ppl 188.64 | wps 0 | wpb 23592 | bsz 2048 | num_updates 528 (progress_bar.py:269, print())
[2020-12-28 08:54:09]    INFO >> saved checkpoint /home/wanyao/.ncc/stack_overflow/summarization/csharp/data-mmap/codenn/checkpoints/checkpoint_best.pt (epoch 1 @ 528 updates, score 10.917272059604999) (writing took 0.19184451457113028 seconds) (checkpoint_utils.py:81, save_checkpoint())
[2020-12-28 08:54:50]    INFO >> epoch 002:    472 / 528 loss=85.081, nll_loss=7.441, bleu=0, ppl=173.8, wps=9799, ups=8.58, wpb=1142.1, bsz=99.9, num_updates=1000, lr=0.5, gnorm=638.502, clip=100, train_wall=34, wall=110 (progress_bar.py:262, log())
[2020-12-28 08:54:55]    INFO >> epoch 002 | loss 84.369 | nll_loss 7.387 | bleu 0 | ppl 167.4 | wps 9926.8 | ups 8.7 | wpb 1140.9 | bsz 99.9 | num_updates 1056 | lr 0.5 | gnorm 628.237 | clip 100 | train_wall 37 | wall 115 (progress_bar.py:269, print())
[2020-12-28 08:55:09]    INFO >> epoch 002 | valid on 'valid' subset | loss 79.977 | nll_loss 6.943 | bleu 9.9919 | ppl 123.02 | wps 0 | wpb 23592 | bsz 2048 | num_updates 1056 | best_bleu 10.9173 (progress_bar.py:269, print())
[2020-12-28 08:55:54]    INFO >> epoch 003:    444 / 528 loss=79.237, nll_loss=6.941, bleu=0, ppl=122.88, wps=8891.5, ups=7.8, wpb=1140.3, bsz=99.9, num_updates=1500, lr=0.5, gnorm=562.92, clip=100, train_wall=41, wall=174 (progress_bar.py:262, log())
[2020-12-28 08:56:02]    INFO >> epoch 003 | loss 78.862 | nll_loss 6.905 | bleu 0 | ppl 119.85 | wps 9032.8 | ups 7.92 | wpb 1140.9 | bsz 99.9 | num_updates 1584 | lr 0.5 | gnorm 557.08 | clip 100 | train_wall 43 | wall 182 (progress_bar.py:269, print())
[2020-12-28 08:56:16]    INFO >> epoch 003 | valid on 'valid' subset | loss 75.669 | nll_loss 6.569 | bleu 8.87844 | ppl 94.93 | wps 0 | wpb 23592 | bsz 2048 | num_updates 1584 | best_bleu 10.9173 (progress_bar.py:269, print())
[2020-12-28 08:56:59]    INFO >> epoch 004:    416 / 528 loss=76.148, nll_loss=6.668, bleu=0, ppl=101.7, wps=8803.6, ups=7.72, wpb=1140.7, bsz=99.9, num_updates=2000, lr=0.5, gnorm=527.996, clip=100, train_wall=41, wall=239 (progress_bar.py:262, log())
[2020-12-28 08:57:07]    INFO >> epoch 004 | loss 75.538 | nll_loss 6.614 | bleu 0 | ppl 97.95 | wps 9337.8 | ups 8.18 | wpb 1140.9 | bsz 99.9 | num_updates 2112 | lr 0.5 | gnorm 524.319 | clip 100 | train_wall 40 | wall 246 (progress_bar.py:269, print())
[2020-12-28 08:57:18]    INFO >> epoch 004 | valid on 'valid' subset | loss 71.957 | nll_loss 6.247 | bleu 12.4576 | ppl 75.92 | wps 0 | wpb 23592 | bsz 2048 | num_updates 2112 | best_bleu 12.4576 (progress_bar.py:269, print())
[2020-12-28 08:57:18]    INFO >> saved checkpoint /home/wanyao/.ncc/stack_overflow/summarization/csharp/data-mmap/codenn/checkpoints/checkpoint_best.pt (epoch 4 @ 2112 updates, score 12.457563927309206) (writing took 0.2468156823888421 seconds) (checkpoint_utils.py:81, save_checkpoint())
[2020-12-28 08:57:59]    INFO >> epoch 005:    388 / 528 loss=73.589, nll_loss=6.446, bleu=0, ppl=87.17, wps=9522.9, ups=8.35, wpb=1140.4, bsz=99.9, num_updates=2500, lr=0.5, gnorm=506.477, clip=100, train_wall=39, wall=299 (progress_bar.py:262, log())
[2020-12-28 08:58:11]    INFO >> epoch 005 | loss 73.118 | nll_loss 6.402 | bleu 0 | ppl 84.57 | wps 9295.9 | ups 8.15 | wpb 1140.9 | bsz 99.9 | num_updates 2640 | lr 0.5 | gnorm 501.876 | clip 100 | train_wall 44 | wall 311 (progress_bar.py:269, print())
[2020-12-28 08:58:25]    INFO >> epoch 005 | valid on 'valid' subset | loss 70.243 | nll_loss 6.098 | bleu 13.1767 | ppl 68.49 | wps 0 | wpb 23592 | bsz 2048 | num_updates 2640 | best_bleu 13.1767 (progress_bar.py:269, print())
[2020-12-28 08:58:25]    INFO >> saved checkpoint /home/wanyao/.ncc/stack_overflow/summarization/csharp/data-mmap/codenn/checkpoints/checkpoint_best.pt (epoch 5 @ 2640 updates, score 13.176700337236708) (writing took 0.24700992554426193 seconds) (checkpoint_utils.py:81, save_checkpoint())
[2020-12-28 08:59:03]    INFO >> epoch 006:    360 / 528 loss=71.632, nll_loss=6.275, bleu=0, ppl=77.44, wps=8923.3, ups=7.82, wpb=1141.5, bsz=100, num_updates=3000, lr=0.5, gnorm=491.417, clip=100, train_wall=41, wall=363 (progress_bar.py:262, log())
[2020-12-28 08:59:18]    INFO >> epoch 006 | loss 71.308 | nll_loss 6.244 | bleu 0 | ppl 75.77 | wps 9046.3 | ups 7.93 | wpb 1140.9 | bsz 99.9 | num_updates 3168 | lr 0.5 | gnorm 487.329 | clip 100 | train_wall 43 | wall 378 (progress_bar.py:269, print())
[2020-12-28 08:59:31]    INFO >> epoch 006 | valid on 'valid' subset | loss 69.412 | nll_loss 6.026 | bleu 12.9319 | ppl 65.15 | wps 0 | wpb 23592 | bsz 2048 | num_updates 3168 | best_bleu 13.1767 (progress_bar.py:269, print())
[2020-12-28 09:00:00]    INFO >> epoch 007:    332 / 528 loss=70.368, nll_loss=6.16, bleu=0, ppl=71.51, wps=9976.9, ups=8.75, wpb=1139.9, bsz=99.8, num_updates=3500, lr=0.5, gnorm=480.27, clip=100, train_wall=34, wall=420 (progress_bar.py:262, log())
[2020-12-28 09:00:17]    INFO >> epoch 007 | loss 69.85 | nll_loss 6.116 | bleu 0 | ppl 69.36 | wps 10287 | ups 9.02 | wpb 1140.9 | bsz 99.9 | num_updates 3696 | lr 0.5 | gnorm 478.04 | clip 100 | train_wall 36 | wall 436 (progress_bar.py:269, print())
[2020-12-28 09:00:30]    INFO >> epoch 007 | valid on 'valid' subset | loss 69.384 | nll_loss 6.023 | bleu 12.0573 | ppl 65.03 | wps 0 | wpb 23592 | bsz 2048 | num_updates 3696 | best_bleu 13.1767 (progress_bar.py:269, print())
[2020-12-28 09:01:04]    INFO >> epoch 008:    304 / 528 loss=69.065, nll_loss=6.051, bleu=0, ppl=66.28, wps=8985.2, ups=7.88, wpb=1140.2, bsz=99.9, num_updates=4000, lr=0.5, gnorm=475.093, clip=100, train_wall=41, wall=483 (progress_bar.py:262, log())
[2020-12-28 09:01:24]    INFO >> epoch 008 | loss 68.665 | nll_loss 6.012 | bleu 0 | ppl 64.55 | wps 8982.7 | ups 7.87 | wpb 1140.9 | bsz 99.9 | num_updates 4224 | lr 0.5 | gnorm 472.373 | clip 100 | train_wall 44 | wall 503 (progress_bar.py:269, print())
[2020-12-28 09:01:37]    INFO >> epoch 008 | valid on 'valid' subset | loss 68.286 | nll_loss 5.928 | bleu 12.3086 | ppl 60.88 | wps 0 | wpb 23592 | bsz 2048 | num_updates 4224 | best_bleu 13.1767 (progress_bar.py:269, print())
[2020-12-28 09:02:08]    INFO >> epoch 009:    276 / 528 loss=68.135, nll_loss=5.962, bleu=0, ppl=62.32, wps=8930.2, ups=7.81, wpb=1142.9, bsz=100, num_updates=4500, lr=0.5, gnorm=468.033, clip=100, train_wall=41, wall=547 (progress_bar.py:262, log())
[2020-12-28 09:02:25]    INFO >> epoch 009 | loss 67.62 | nll_loss 5.921 | bleu 0 | ppl 60.58 | wps 9752.5 | ups 8.55 | wpb 1140.9 | bsz 99.9 | num_updates 4752 | lr 0.5 | gnorm 466.608 | clip 100 | train_wall 39 | wall 565 (progress_bar.py:269, print())
[2020-12-28 09:02:37]    INFO >> epoch 009 | valid on 'valid' subset | loss 67.404 | nll_loss 5.851 | bleu 12.119 | ppl 57.73 | wps 0 | wpb 23592 | bsz 2048 | num_updates 4752 | best_bleu 13.1767 (progress_bar.py:269, print())
[2020-12-28 09:03:05]    INFO >> epoch 010:    248 / 528 loss=67.05, nll_loss=5.879, bleu=0, ppl=58.83, wps=9839.9, ups=8.65, wpb=1138.1, bsz=99.8, num_updates=5000, lr=0.5, gnorm=465.691, clip=100, train_wall=37, wall=605 (progress_bar.py:262, log())
[2020-12-28 09:03:30]    INFO >> epoch 010 | loss 66.761 | nll_loss 5.845 | bleu 0 | ppl 57.5 | wps 9407.8 | ups 8.25 | wpb 1140.9 | bsz 99.9 | num_updates 5280 | lr 0.5 | gnorm 464.367 | clip 100 | train_wall 43 | wall 629 (progress_bar.py:269, print())
[2020-12-28 09:03:43]    INFO >> epoch 010 | valid on 'valid' subset | loss 68.521 | nll_loss 5.948 | bleu 12.0211 | ppl 61.75 | wps 0 | wpb 23592 | bsz 2048 | num_updates 5280 | best_bleu 13.1767 (progress_bar.py:269, print())
[2020-12-28 09:04:09]    INFO >> epoch 011:    220 / 528 loss=66.467, nll_loss=5.814, bleu=0, ppl=56.25, wps=9011.6, ups=7.89, wpb=1142, bsz=99.9, num_updates=5500, lr=0.5, gnorm=463.115, clip=100, train_wall=41, wall=668 (progress_bar.py:262, log())
[2020-12-28 09:04:35]    INFO >> epoch 011 | loss 65.972 | nll_loss 5.776 | bleu 0 | ppl 54.81 | wps 9159 | ups 8.03 | wpb 1140.9 | bsz 99.9 | num_updates 5808 | lr 0.5 | gnorm 461.621 | clip 100 | train_wall 43 | wall 695 (progress_bar.py:269, print())
[2020-12-28 09:04:49]    INFO >> epoch 011 | valid on 'valid' subset | loss 67.788 | nll_loss 5.885 | bleu 11.457 | ppl 59.08 | wps 0 | wpb 23592 | bsz 2048 | num_updates 5808 | best_bleu 13.1767 (progress_bar.py:269, print())
[2020-12-28 09:05:08]    INFO >> epoch 012:    192 / 528 loss=65.84, nll_loss=5.756, bleu=0, ppl=54.06, wps=9581.5, ups=8.39, wpb=1142.5, bsz=99.9, num_updates=6000, lr=0.5, gnorm=460.549, clip=100, train_wall=36, wall=728 (progress_bar.py:262, log())
[2020-12-28 09:05:36]    INFO >> epoch 012 | loss 65.225 | nll_loss 5.711 | bleu 0 | ppl 52.38 | wps 9848.4 | ups 8.63 | wpb 1140.9 | bsz 99.9 | num_updates 6336 | lr 0.5 | gnorm 458.746 | clip 100 | train_wall 38 | wall 756 (progress_bar.py:269, print())
[2020-12-28 09:05:50]    INFO >> epoch 012 | valid on 'valid' subset | loss 67.412 | nll_loss 5.852 | bleu 11.2895 | ppl 57.76 | wps 0 | wpb 23592 | bsz 2048 | num_updates 6336 | best_bleu 13.1767 (progress_bar.py:269, print())
[2020-12-28 09:06:11]    INFO >> epoch 013:    164 / 528 loss=64.989, nll_loss=5.689, bleu=0, ppl=51.6, wps=9075.1, ups=7.95, wpb=1141.1, bsz=99.9, num_updates=6500, lr=0.5, gnorm=458.556, clip=100, train_wall=40, wall=791 (progress_bar.py:262, log())
[2020-12-28 09:06:43]    INFO >> epoch 013 | loss 64.551 | nll_loss 5.652 | bleu 0 | ppl 50.28 | wps 9068.6 | ups 7.95 | wpb 1140.9 | bsz 99.9 | num_updates 6864 | lr 0.5 | gnorm 457.761 | clip 100 | train_wall 43 | wall 823 (progress_bar.py:269, print())
[2020-12-28 09:06:56]    INFO >> epoch 013 | valid on 'valid' subset | loss 66.706 | nll_loss 5.791 | bleu 12.3636 | ppl 55.36 | wps 0 | wpb 23592 | bsz 2048 | num_updates 6864 | best_bleu 13.1767 (progress_bar.py:269, print())
[2020-12-28 09:07:15]    INFO >> epoch 014:    136 / 528 loss=64.229, nll_loss=5.633, bleu=0, ppl=49.64, wps=8980.6, ups=7.88, wpb=1140.1, bsz=100, num_updates=7000, lr=0.5, gnorm=456.813, clip=100, train_wall=41, wall=854 (progress_bar.py:262, log())
[2020-12-28 09:07:44]    INFO >> epoch 014 | loss 63.943 | nll_loss 5.599 | bleu 0 | ppl 48.46 | wps 9897 | ups 8.67 | wpb 1140.9 | bsz 99.9 | num_updates 7392 | lr 0.5 | gnorm 455.972 | clip 100 | train_wall 38 | wall 883 (progress_bar.py:269, print())
[2020-12-28 09:07:54]    INFO >> epoch 014 | valid on 'valid' subset | loss 66.448 | nll_loss 5.768 | bleu 13.049 | ppl 54.5 | wps 0 | wpb 23592 | bsz 2048 | num_updates 7392 | best_bleu 13.1767 (progress_bar.py:269, print())
[2020-12-28 09:08:08]    INFO >> epoch 015:    108 / 528 loss=63.863, nll_loss=5.595, bleu=0, ppl=48.33, wps=10702.7, ups=9.39, wpb=1140.3, bsz=99.9, num_updates=7500, lr=0.5, gnorm=455.909, clip=100, train_wall=33, wall=908 (progress_bar.py:262, log())
[2020-12-28 09:08:36]    INFO >> epoch 015 | loss 63.385 | nll_loss 5.55 | bleu 0 | ppl 46.85 | wps 11644.9 | ups 10.21 | wpb 1140.9 | bsz 99.9 | num_updates 7920 | lr 0.5 | gnorm 454.777 | clip 100 | train_wall 32 | wall 935 (progress_bar.py:269, print())
[2020-12-28 09:08:46]    INFO >> epoch 015 | valid on 'valid' subset | loss 66.207 | nll_loss 5.747 | bleu 12.5747 | ppl 53.72 | wps 0 | wpb 23592 | bsz 2048 | num_updates 7920 | best_bleu 13.1767 (progress_bar.py:269, print())
[2020-12-28 09:08:58]    INFO >> epoch 016:     80 / 528 loss=63.439, nll_loss=5.547, bleu=0, ppl=46.75, wps=11419.6, ups=10, wpb=1142.5, bsz=99.9, num_updates=8000, lr=0.5, gnorm=455.15, clip=100, train_wall=30, wall=958 (progress_bar.py:262, log())
[2020-12-28 09:09:28]    INFO >> epoch 016 | loss 62.881 | nll_loss 5.506 | bleu 0 | ppl 45.43 | wps 11565.1 | ups 10.14 | wpb 1140.9 | bsz 99.9 | num_updates 8448 | lr 0.5 | gnorm 454.1 | clip 100 | train_wall 32 | wall 987 (progress_bar.py:269, print())
[2020-12-28 09:09:39]    INFO >> epoch 016 | valid on 'valid' subset | loss 66.653 | nll_loss 5.786 | bleu 12.6725 | ppl 55.18 | wps 0 | wpb 23592 | bsz 2048 | num_updates 8448 | best_bleu 13.1767 (progress_bar.py:269, print())
[2020-12-28 09:09:49]    INFO >> epoch 017:     52 / 528 loss=62.725, nll_loss=5.496, bleu=0, ppl=45.14, wps=11246.8, ups=9.88, wpb=1138.8, bsz=99.8, num_updates=8500, lr=0.5, gnorm=453.989, clip=100, train_wall=30, wall=1008 (progress_bar.py:262, log())
[2020-12-28 09:10:21]    INFO >> epoch 017 | loss 62.424 | nll_loss 5.466 | bleu 0 | ppl 44.19 | wps 11345.8 | ups 9.94 | wpb 1140.9 | bsz 99.9 | num_updates 8976 | lr 0.5 | gnorm 455.512 | clip 100 | train_wall 32 | wall 1040 (progress_bar.py:269, print())
[2020-12-28 09:10:31]    INFO >> epoch 017 | valid on 'valid' subset | loss 66.042 | nll_loss 5.733 | bleu 12.8542 | ppl 53.19 | wps 0 | wpb 23592 | bsz 2048 | num_updates 8976 | best_bleu 13.1767 (progress_bar.py:269, print())
[2020-12-28 09:10:39]    INFO >> epoch 018:     24 / 528 loss=62.506, nll_loss=5.466, bleu=0, ppl=44.21, wps=11342.8, ups=9.92, wpb=1143.5, bsz=100, num_updates=9000, lr=0.5, gnorm=455.921, clip=100, train_wall=30, wall=1059 (progress_bar.py:262, log())
[2020-12-28 09:11:12]    INFO >> epoch 018:    524 / 528 loss=61.858, nll_loss=5.422, bleu=0, ppl=42.86, wps=17405.9, ups=15.27, wpb=1139.7, bsz=99.9, num_updates=9500, lr=0.5, gnorm=453.913, clip=100, train_wall=30, wall=1091 (progress_bar.py:262, log())
[2020-12-28 09:11:13]    INFO >> epoch 018 | loss 61.916 | nll_loss 5.421 | bleu 0 | ppl 42.85 | wps 11603.4 | ups 10.17 | wpb 1140.9 | bsz 99.9 | num_updates 9504 | lr 0.5 | gnorm 454.405 | clip 100 | train_wall 32 | wall 1092 (progress_bar.py:269, print())
[2020-12-28 09:11:23]    INFO >> epoch 018 | valid on 'valid' subset | loss 66.135 | nll_loss 5.741 | bleu 12.7679 | ppl 53.49 | wps 0 | wpb 23592 | bsz 2048 | num_updates 9504 | best_bleu 13.1767 (progress_bar.py:269, print())
[2020-12-28 09:12:01]    INFO >> epoch 019:    496 / 528 loss=61.526, nll_loss=5.388, bleu=0, ppl=41.88, wps=11553.4, ups=10.13, wpb=1140.6, bsz=99.9, num_updates=10000, lr=0.5, gnorm=455.05, clip=100, train_wall=29, wall=1141 (progress_bar.py:262, log())
[2020-12-28 09:12:04]    INFO >> epoch 019 | loss 61.568 | nll_loss 5.391 | bleu 0 | ppl 41.95 | wps 11804.3 | ups 10.35 | wpb 1140.9 | bsz 99.9 | num_updates 10032 | lr 0.5 | gnorm 455.754 | clip 100 | train_wall 31 | wall 1143 (progress_bar.py:269, print())
[2020-12-28 09:12:14]    INFO >> epoch 019 | valid on 'valid' subset | loss 65.803 | nll_loss 5.712 | bleu 12.7661 | ppl 52.43 | wps 0 | wpb 23592 | bsz 2048 | num_updates 10032 | best_bleu 13.1767 (progress_bar.py:269, print())
[2020-12-28 09:12:50]    INFO >> epoch 020:    468 / 528 loss=61.221, nll_loss=5.355, bleu=0, ppl=40.94, wps=11598.4, ups=10.16, wpb=1141.9, bsz=99.9, num_updates=10500, lr=0.5, gnorm=457.573, clip=100, train_wall=30, wall=1190 (progress_bar.py:262, log())
[2020-12-28 09:12:53]    INFO >> epoch 020 | loss 61.132 | nll_loss 5.353 | bleu 0 | ppl 40.86 | wps 12140.4 | ups 10.64 | wpb 1140.9 | bsz 99.9 | num_updates 10560 | lr 0.5 | gnorm 456.334 | clip 100 | train_wall 30 | wall 1193 (progress_bar.py:269, print())
[2020-12-28 09:13:04]    INFO >> epoch 020 | valid on 'valid' subset | loss 66.403 | nll_loss 5.764 | bleu 12.575 | ppl 54.36 | wps 0 | wpb 23592 | bsz 2048 | num_updates 10560 | best_bleu 13.1767 (progress_bar.py:269, print())
[2020-12-28 09:13:37]    INFO >> epoch 021:    440 / 528 loss=60.721, nll_loss=5.32, bleu=0, ppl=39.96, wps=12285.1, ups=10.78, wpb=1140.1, bsz=99.9, num_updates=11000, lr=0.5, gnorm=455.656, clip=100, train_wall=27, wall=1236 (progress_bar.py:262, log())
[2020-12-28 09:13:43]    INFO >> epoch 021 | loss 60.761 | nll_loss 5.32 | bleu 0 | ppl 39.95 | wps 12103.4 | ups 10.61 | wpb 1140.9 | bsz 99.9 | num_updates 11088 | lr 0.5 | gnorm 455.835 | clip 100 | train_wall 30 | wall 1243 (progress_bar.py:269, print())
[2020-12-28 09:13:54]    INFO >> epoch 021 | valid on 'valid' subset | loss 65.964 | nll_loss 5.726 | bleu 11.7259 | ppl 52.94 | wps 0 | wpb 23592 | bsz 2048 | num_updates 11088 | best_bleu 13.1767 (progress_bar.py:269, print())
[2020-12-28 09:14:26]    INFO >> epoch 022:    412 / 528 loss=60.45, nll_loss=5.294, bleu=0, ppl=39.23, wps=11488.7, ups=10.07, wpb=1140.6, bsz=99.9, num_updates=11500, lr=0.5, gnorm=456.431, clip=100, train_wall=30, wall=1286 (progress_bar.py:262, log())
[2020-12-28 09:14:34]    INFO >> epoch 022 | loss 60.386 | nll_loss 5.287 | bleu 0 | ppl 39.05 | wps 11751.5 | ups 10.3 | wpb 1140.9 | bsz 99.9 | num_updates 11616 | lr 0.5 | gnorm 457.322 | clip 100 | train_wall 31 | wall 1294 (progress_bar.py:269, print())
[2020-12-28 09:14:45]    INFO >> epoch 022 | valid on 'valid' subset | loss 65.704 | nll_loss 5.704 | bleu 13.1784 | ppl 52.12 | wps 0 | wpb 23592 | bsz 2048 | num_updates 11616 | best_bleu 13.1784 (progress_bar.py:269, print())
[2020-12-28 09:14:45]    INFO >> saved checkpoint /home/wanyao/.ncc/stack_overflow/summarization/csharp/data-mmap/codenn/checkpoints/checkpoint_best.pt (epoch 22 @ 11616 updates, score 13.178437213115874) (writing took 0.29105124063789845 seconds) (checkpoint_utils.py:81, save_checkpoint())
[2020-12-28 09:15:15]    INFO >> epoch 023:    384 / 528 loss=60.108, nll_loss=5.26, bleu=0, ppl=38.32, wps=11748.2, ups=10.29, wpb=1141.5, bsz=99.9, num_updates=12000, lr=0.5, gnorm=457.388, clip=100, train_wall=29, wall=1335 (progress_bar.py:262, log())
[2020-12-28 09:15:24]    INFO >> epoch 023 | loss 60.001 | nll_loss 5.254 | bleu 0 | ppl 38.15 | wps 12028.9 | ups 10.54 | wpb 1140.9 | bsz 99.9 | num_updates 12144 | lr 0.5 | gnorm 456.831 | clip 100 | train_wall 30 | wall 1344 (progress_bar.py:269, print())
[2020-12-28 09:15:35]    INFO >> epoch 023 | valid on 'valid' subset | loss 65.595 | nll_loss 5.694 | bleu 12.608 | ppl 51.78 | wps 0 | wpb 23592 | bsz 2048 | num_updates 12144 | best_bleu 13.1784 (progress_bar.py:269, print())
[2020-12-28 09:16:05]    INFO >> epoch 024:    356 / 528 loss=59.767, nll_loss=5.226, bleu=0, ppl=37.44, wps=11506.7, ups=10.07, wpb=1142.3, bsz=99.9, num_updates=12500, lr=0.5, gnorm=457.302, clip=100, train_wall=30, wall=1384 (progress_bar.py:262, log())
[2020-12-28 09:16:16]    INFO >> epoch 024 | loss 59.672 | nll_loss 5.225 | bleu 0 | ppl 37.39 | wps 11689.4 | ups 10.25 | wpb 1140.9 | bsz 99.9 | num_updates 12672 | lr 0.5 | gnorm 456.719 | clip 100 | train_wall 31 | wall 1396 (progress_bar.py:269, print())
[2020-12-28 09:16:27]    INFO >> epoch 024 | valid on 'valid' subset | loss 66.515 | nll_loss 5.774 | bleu 11.6767 | ppl 54.72 | wps 0 | wpb 23592 | bsz 2048 | num_updates 12672 | best_bleu 13.1784 (progress_bar.py:269, print())
[2020-12-28 09:17:14]    INFO >> epoch 025:    328 / 528 loss=59.307, nll_loss=5.205, bleu=0, ppl=36.88, wps=8254.2, ups=7.25, wpb=1138.3, bsz=99.9, num_updates=13000, lr=0.5, gnorm=455.112, clip=100, train_wall=49, wall=1453 (progress_bar.py:262, log())
[2020-12-28 09:17:39]    INFO >> epoch 025 | loss 59.343 | nll_loss 5.196 | bleu 0 | ppl 36.66 | wps 7251 | ups 6.36 | wpb 1140.9 | bsz 99.9 | num_updates 13200 | lr 0.5 | gnorm 457.256 | clip 100 | train_wall 63 | wall 1479 (progress_bar.py:269, print())
[2020-12-28 09:17:54]    INFO >> epoch 025 | valid on 'valid' subset | loss 66.01 | nll_loss 5.73 | bleu 12.59 | ppl 53.09 | wps 0 | wpb 23592 | bsz 2048 | num_updates 13200 | best_bleu 13.1784 (progress_bar.py:269, print())
[2020-12-28 09:18:28]    INFO >> epoch 026:    300 / 528 loss=59.268, nll_loss=5.182, bleu=0, ppl=36.3, wps=7642.4, ups=6.68, wpb=1143.8, bsz=100, num_updates=13500, lr=0.5, gnorm=460.184, clip=100, train_wall=50, wall=1528 (progress_bar.py:262, log())
[2020-12-28 09:18:50]    INFO >> epoch 026 | loss 59.009 | nll_loss 5.167 | bleu 0 | ppl 35.92 | wps 8525.5 | ups 7.47 | wpb 1140.9 | bsz 99.9 | num_updates 13728 | lr 0.5 | gnorm 459.568 | clip 100 | train_wall 45 | wall 1549 (progress_bar.py:269, print())
[2020-12-28 09:19:01]    INFO >> epoch 026 | valid on 'valid' subset | loss 65.993 | nll_loss 5.729 | bleu 12.8669 | ppl 53.03 | wps 0 | wpb 23592 | bsz 2048 | num_updates 13728 | best_bleu 13.1784 (progress_bar.py:269, print())
[2020-12-28 09:19:30]    INFO >> epoch 027:    272 / 528 loss=58.679, nll_loss=5.147, bleu=0, ppl=35.43, wps=9180.9, ups=8.06, wpb=1138.8, bsz=99.9, num_updates=14000, lr=0.5, gnorm=457.949, clip=100, train_wall=41, wall=1590 (progress_bar.py:262, log())
[2020-12-28 09:19:55]    INFO >> epoch 027 | loss 58.68 | nll_loss 5.138 | bleu 0 | ppl 35.21 | wps 9240.1 | ups 8.1 | wpb 1140.9 | bsz 99.9 | num_updates 14256 | lr 0.5 | gnorm 458.326 | clip 100 | train_wall 44 | wall 1615 (progress_bar.py:269, print())
[2020-12-28 09:20:07]    INFO >> epoch 027 | valid on 'valid' subset | loss 65.741 | nll_loss 5.707 | bleu 13.2737 | ppl 52.23 | wps 0 | wpb 23592 | bsz 2048 | num_updates 14256 | best_bleu 13.2737 (progress_bar.py:269, print())
[2020-12-28 09:20:07]    INFO >> saved checkpoint /home/wanyao/.ncc/stack_overflow/summarization/csharp/data-mmap/codenn/checkpoints/checkpoint_best.pt (epoch 27 @ 14256 updates, score 13.273708364782443) (writing took 0.24431491922587156 seconds) (checkpoint_utils.py:81, save_checkpoint())
[2020-12-28 09:20:30]    INFO >> epoch 028:    244 / 528 loss=58.873, nll_loss=5.138, bleu=0, ppl=35.2, wps=9584, ups=8.37, wpb=1144.7, bsz=99.9, num_updates=14500, lr=0.5, gnorm=460.235, clip=100, train_wall=38, wall=1650 (progress_bar.py:262, log())
[2020-12-28 09:20:57]    INFO >> epoch 028 | loss 58.412 | nll_loss 5.114 | bleu 0 | ppl 34.64 | wps 9730 | ups 8.53 | wpb 1140.9 | bsz 99.9 | num_updates 14784 | lr 0.5 | gnorm 459.683 | clip 100 | train_wall 40 | wall 1676 (progress_bar.py:269, print())
[2020-12-28 09:21:12]    INFO >> epoch 028 | valid on 'valid' subset | loss 66.305 | nll_loss 5.756 | bleu 12.4446 | ppl 54.04 | wps 0 | wpb 23592 | bsz 2048 | num_updates 14784 | best_bleu 13.2737 (progress_bar.py:269, print())
[2020-12-28 09:21:33]    INFO >> epoch 029:    216 / 528 loss=58.096, nll_loss=5.097, bleu=0, ppl=34.21, wps=9002.4, ups=7.91, wpb=1138.7, bsz=99.9, num_updates=15000, lr=0.5, gnorm=459.694, clip=100, train_wall=38, wall=1713 (progress_bar.py:262, log())
[2020-12-28 09:22:01]    INFO >> epoch 029 | loss 58.143 | nll_loss 5.091 | bleu 0 | ppl 34.08 | wps 9309 | ups 8.16 | wpb 1140.9 | bsz 99.9 | num_updates 15312 | lr 0.5 | gnorm 461.909 | clip 100 | train_wall 40 | wall 1741 (progress_bar.py:269, print())
[2020-12-28 09:22:16]    INFO >> epoch 029 | valid on 'valid' subset | loss 65.832 | nll_loss 5.715 | bleu 12.79 | ppl 52.52 | wps 0 | wpb 23592 | bsz 2048 | num_updates 15312 | best_bleu 13.2737 (progress_bar.py:269, print())
[2020-12-28 09:22:36]    INFO >> epoch 030:    188 / 528 loss=57.979, nll_loss=5.078, bleu=0, ppl=33.78, wps=9165.3, ups=8.04, wpb=1140.5, bsz=99.9, num_updates=15500, lr=0.5, gnorm=462.084, clip=100, train_wall=38, wall=1775 (progress_bar.py:262, log())
[2020-12-28 09:23:03]    INFO >> epoch 030 | loss 57.818 | nll_loss 5.062 | bleu 0 | ppl 33.42 | wps 9865 | ups 8.65 | wpb 1140.9 | bsz 99.9 | num_updates 15840 | lr 0.5 | gnorm 461.58 | clip 100 | train_wall 36 | wall 1802 (progress_bar.py:269, print())
[2020-12-28 09:23:17]    INFO >> epoch 030 | valid on 'valid' subset | loss 66.021 | nll_loss 5.731 | bleu 12.8118 | ppl 53.12 | wps 0 | wpb 23592 | bsz 2048 | num_updates 15840 | best_bleu 13.2737 (progress_bar.py:269, print())
[2020-12-28 09:23:37]    INFO >> epoch 031:    160 / 528 loss=57.641, nll_loss=5.053, bleu=0, ppl=33.2, wps=9293.4, ups=8.16, wpb=1139.5, bsz=99.9, num_updates=16000, lr=0.5, gnorm=460.907, clip=100, train_wall=37, wall=1837 (progress_bar.py:262, log())
[2020-12-28 09:24:03]    INFO >> epoch 031 | loss 57.561 | nll_loss 5.04 | bleu 0 | ppl 32.9 | wps 9979.1 | ups 8.75 | wpb 1140.9 | bsz 99.9 | num_updates 16368 | lr 0.5 | gnorm 462.09 | clip 100 | train_wall 36 | wall 1863 (progress_bar.py:269, print())
[2020-12-28 09:24:18]    INFO >> epoch 031 | valid on 'valid' subset | loss 65.863 | nll_loss 5.718 | bleu 12.8536 | ppl 52.62 | wps 0 | wpb 23592 | bsz 2048 | num_updates 16368 | best_bleu 13.2737 (progress_bar.py:269, print())
[2020-12-28 09:24:37]    INFO >> epoch 032:    132 / 528 loss=57.618, nll_loss=5.041, bleu=0, ppl=32.92, wps=9476.7, ups=8.31, wpb=1140.5, bsz=99.8, num_updates=16500, lr=0.5, gnorm=463.069, clip=100, train_wall=35, wall=1897 (progress_bar.py:262, log())
[2020-12-28 09:25:04]    INFO >> epoch 032 | loss 57.294 | nll_loss 5.017 | bleu 0 | ppl 32.37 | wps 9859 | ups 8.64 | wpb 1140.9 | bsz 99.9 | num_updates 16896 | lr 0.5 | gnorm 463.289 | clip 100 | train_wall 36 | wall 1924 (progress_bar.py:269, print())
[2020-12-28 09:25:19]    INFO >> epoch 032 | valid on 'valid' subset | loss 66.627 | nll_loss 5.784 | bleu 12.8551 | ppl 55.1 | wps 0 | wpb 23592 | bsz 2048 | num_updates 16896 | best_bleu 13.2737 (progress_bar.py:269, print())
[2020-12-28 09:25:35]    INFO >> epoch 033:    104 / 528 loss=57.278, nll_loss=5.013, bleu=0, ppl=32.29, wps=9838.6, ups=8.62, wpb=1141.3, bsz=99.9, num_updates=17000, lr=0.5, gnorm=463.858, clip=100, train_wall=34, wall=1955 (progress_bar.py:262, log())
[2020-12-28 09:26:07]    INFO >> epoch 033 | loss 57.057 | nll_loss 4.996 | bleu 0 | ppl 31.91 | wps 9595.7 | ups 8.41 | wpb 1140.9 | bsz 99.9 | num_updates 17424 | lr 0.5 | gnorm 464.98 | clip 100 | train_wall 39 | wall 1986 (progress_bar.py:269, print())
[2020-12-28 09:26:22]    INFO >> epoch 033 | valid on 'valid' subset | loss 66.975 | nll_loss 5.814 | bleu 12.3903 | ppl 56.26 | wps 0 | wpb 23592 | bsz 2048 | num_updates 17424 | best_bleu 13.2737 (progress_bar.py:269, print())
[2020-12-28 09:26:36]    INFO >> epoch 034:     76 / 528 loss=57.005, nll_loss=4.992, bleu=0, ppl=31.81, wps=9454.5, ups=8.28, wpb=1142, bsz=100, num_updates=17500, lr=0.5, gnorm=465.245, clip=100, train_wall=36, wall=2015 (progress_bar.py:262, log())
[2020-12-28 09:27:13]    INFO >> epoch 034 | loss 56.807 | nll_loss 4.974 | bleu 0 | ppl 31.43 | wps 9129.8 | ups 8 | wpb 1140.9 | bsz 99.9 | num_updates 17952 | lr 0.5 | gnorm 464.912 | clip 100 | train_wall 41 | wall 2052 (progress_bar.py:269, print())
[2020-12-28 09:27:25]    INFO >> epoch 034 | valid on 'valid' subset | loss 66.235 | nll_loss 5.75 | bleu 12.8567 | ppl 53.81 | wps 0 | wpb 23592 | bsz 2048 | num_updates 17952 | best_bleu 13.2737 (progress_bar.py:269, print())
[2020-12-28 09:27:36]    INFO >> epoch 035:     48 / 528 loss=56.811, nll_loss=4.974, bleu=0, ppl=31.42, wps=9369.5, ups=8.21, wpb=1141, bsz=99.9, num_updates=18000, lr=0.5, gnorm=464.213, clip=100, train_wall=39, wall=2076 (progress_bar.py:262, log())
[2020-12-28 09:28:18]    INFO >> epoch 035 | loss 56.565 | nll_loss 4.953 | bleu 0 | ppl 30.97 | wps 9231.2 | ups 8.09 | wpb 1140.9 | bsz 99.9 | num_updates 18480 | lr 0.5 | gnorm 466.397 | clip 100 | train_wall 43 | wall 2118 (progress_bar.py:269, print())
[2020-12-28 09:28:29]    INFO >> epoch 035 | valid on 'valid' subset | loss 66.786 | nll_loss 5.798 | bleu 12.8825 | ppl 55.62 | wps 0 | wpb 23592 | bsz 2048 | num_updates 18480 | best_bleu 13.2737 (progress_bar.py:269, print())
[2020-12-28 09:28:37]    INFO >> epoch 036:     20 / 528 loss=56.578, nll_loss=4.956, bleu=0, ppl=31.04, wps=9412.5, ups=8.25, wpb=1140.4, bsz=99.9, num_updates=18500, lr=0.5, gnorm=467.151, clip=100, train_wall=41, wall=2137 (progress_bar.py:262, log())
[2020-12-28 09:29:23]    INFO >> epoch 036:    520 / 528 loss=56.363, nll_loss=4.934, bleu=0, ppl=30.57, wps=12495.2, ups=10.95, wpb=1141.1, bsz=99.9, num_updates=19000, lr=0.5, gnorm=467.53, clip=100, train_wall=43, wall=2182 (progress_bar.py:262, log())
[2020-12-28 09:29:24]    INFO >> epoch 036 | loss 56.335 | nll_loss 4.933 | bleu 0 | ppl 30.54 | wps 9189.6 | ups 8.05 | wpb 1140.9 | bsz 99.9 | num_updates 19008 | lr 0.5 | gnorm 467.433 | clip 100 | train_wall 45 | wall 2183 (progress_bar.py:269, print())
[2020-12-28 09:29:35]    INFO >> epoch 036 | valid on 'valid' subset | loss 66.167 | nll_loss 5.744 | bleu 12.4407 | ppl 53.59 | wps 0 | wpb 23592 | bsz 2048 | num_updates 19008 | best_bleu 13.2737 (progress_bar.py:269, print())
[2020-12-28 09:30:26]    INFO >> epoch 037:    492 / 528 loss=56.139, nll_loss=4.914, bleu=0, ppl=30.16, wps=9020.1, ups=7.9, wpb=1141.1, bsz=99.9, num_updates=19500, lr=0.5, gnorm=468.004, clip=100, train_wall=43, wall=2246 (progress_bar.py:262, log())
[2020-12-28 09:30:30]    INFO >> epoch 037 | loss 56.103 | nll_loss 4.912 | bleu 0 | ppl 30.11 | wps 9139 | ups 8.01 | wpb 1140.9 | bsz 99.9 | num_updates 19536 | lr 0.5 | gnorm 468.208 | clip 100 | train_wall 45 | wall 2249 (progress_bar.py:269, print())
[2020-12-28 09:30:41]    INFO >> epoch 037 | valid on 'valid' subset | loss 66.613 | nll_loss 5.783 | bleu 12.4904 | ppl 55.05 | wps 0 | wpb 23592 | bsz 2048 | num_updates 19536 | best_bleu 13.2737 (progress_bar.py:269, print())
[2020-12-28 09:31:26]    INFO >> epoch 038:    464 / 528 loss=55.784, nll_loss=4.887, bleu=0, ppl=29.58, wps=9441.9, ups=8.28, wpb=1140.4, bsz=99.9, num_updates=20000, lr=0.5, gnorm=467.438, clip=100, train_wall=40, wall=2306 (progress_bar.py:262, log())
[2020-12-28 09:31:33]    INFO >> epoch 038 | loss 55.903 | nll_loss 4.895 | bleu 0 | ppl 29.75 | wps 9546.8 | ups 8.37 | wpb 1140.9 | bsz 99.9 | num_updates 20064 | lr 0.5 | gnorm 468.022 | clip 100 | train_wall 42 | wall 2312 (progress_bar.py:269, print())
[2020-12-28 09:31:46]    INFO >> epoch 038 | valid on 'valid' subset | loss 66.602 | nll_loss 5.782 | bleu 12.6648 | ppl 55.01 | wps 0 | wpb 23592 | bsz 2048 | num_updates 20064 | best_bleu 13.2737 (progress_bar.py:269, print())
[2020-12-28 09:32:28]    INFO >> epoch 039:    436 / 528 loss=55.75, nll_loss=4.88, bleu=0, ppl=29.45, wps=9252.4, ups=8.1, wpb=1142.4, bsz=100, num_updates=20500, lr=0.5, gnorm=471.214, clip=100, train_wall=39, wall=2368 (progress_bar.py:262, log())
[2020-12-28 09:32:37]    INFO >> epoch 039 | loss 55.632 | nll_loss 4.871 | bleu 0 | ppl 29.26 | wps 9374.8 | ups 8.22 | wpb 1140.9 | bsz 99.9 | num_updates 20592 | lr 0.5 | gnorm 470.366 | clip 100 | train_wall 41 | wall 2377 (progress_bar.py:269, print())
[2020-12-28 09:32:51]    INFO >> epoch 039 | valid on 'valid' subset | loss 66.86 | nll_loss 5.804 | bleu 13.2288 | ppl 55.87 | wps 0 | wpb 23592 | bsz 2048 | num_updates 20592 | best_bleu 13.2737 (progress_bar.py:269, print())
[2020-12-28 09:33:29]    INFO >> epoch 040:    408 / 528 loss=55.291, nll_loss=4.848, bleu=0, ppl=28.79, wps=9316, ups=8.19, wpb=1138.1, bsz=99.8, num_updates=21000, lr=0.5, gnorm=469.961, clip=100, train_wall=37, wall=2429 (progress_bar.py:262, log())
[2020-12-28 09:33:41]    INFO >> epoch 040 | loss 55.432 | nll_loss 4.854 | bleu 0 | ppl 28.91 | wps 9440.4 | ups 8.27 | wpb 1140.9 | bsz 99.9 | num_updates 21120 | lr 0.5 | gnorm 470.582 | clip 100 | train_wall 40 | wall 2440 (progress_bar.py:269, print())
[2020-12-28 09:33:55]    INFO >> epoch 040 | valid on 'valid' subset | loss 66.969 | nll_loss 5.813 | bleu 12.7048 | ppl 56.24 | wps 0 | wpb 23592 | bsz 2048 | num_updates 21120 | best_bleu 13.2737 (progress_bar.py:269, print())
[2020-12-28 09:34:27]    INFO >> epoch 041:    380 / 528 loss=55.365, nll_loss=4.839, bleu=0, ppl=28.61, wps=9811.3, ups=8.58, wpb=1143, bsz=99.9, num_updates=21500, lr=0.5, gnorm=471.851, clip=100, train_wall=35, wall=2487 (progress_bar.py:262, log())
[2020-12-28 09:34:41]    INFO >> epoch 041 | loss 55.228 | nll_loss 4.836 | bleu 0 | ppl 28.55 | wps 9922.4 | ups 8.7 | wpb 1140.9 | bsz 99.9 | num_updates 21648 | lr 0.5 | gnorm 472.398 | clip 100 | train_wall 37 | wall 2501 (progress_bar.py:269, print())
[2020-12-28 09:34:56]    INFO >> epoch 041 | valid on 'valid' subset | loss 66.821 | nll_loss 5.801 | bleu 12.6221 | ppl 55.74 | wps 0 | wpb 23592 | bsz 2048 | num_updates 21648 | best_bleu 13.2737 (progress_bar.py:269, print())
[2020-12-28 09:35:27]    INFO >> epoch 042:    352 / 528 loss=55.143, nll_loss=4.829, bleu=0, ppl=28.42, wps=9602.4, ups=8.41, wpb=1141.9, bsz=100, num_updates=22000, lr=0.5, gnorm=471.725, clip=100, train_wall=36, wall=2546 (progress_bar.py:262, log())
[2020-12-28 09:35:42]    INFO >> epoch 042 | loss 55.042 | nll_loss 4.819 | bleu 0 | ppl 28.23 | wps 9953.4 | ups 8.72 | wpb 1140.9 | bsz 99.9 | num_updates 22176 | lr 0.5 | gnorm 472.388 | clip 100 | train_wall 37 | wall 2562 (progress_bar.py:269, print())
[2020-12-28 09:35:57]    INFO >> epoch 042 | valid on 'valid' subset | loss 67.335 | nll_loss 5.845 | bleu 12.5385 | ppl 57.49 | wps 0 | wpb 23592 | bsz 2048 | num_updates 22176 | best_bleu 13.2737 (progress_bar.py:269, print())
[2020-12-28 09:36:29]    INFO >> epoch 043:    324 / 528 loss=54.862, nll_loss=4.799, bleu=0, ppl=27.85, wps=9102.5, ups=7.98, wpb=1140.6, bsz=99.8, num_updates=22500, lr=0.5, gnorm=473.525, clip=100, train_wall=38, wall=2609 (progress_bar.py:262, log())
[2020-12-28 09:36:45]    INFO >> epoch 043 | loss 54.832 | nll_loss 4.801 | bleu 0 | ppl 27.88 | wps 9558.3 | ups 8.38 | wpb 1140.9 | bsz 99.9 | num_updates 22704 | lr 0.5 | gnorm 473.24 | clip 100 | train_wall 38 | wall 2625 (progress_bar.py:269, print())
[2020-12-28 09:37:00]    INFO >> epoch 043 | valid on 'valid' subset | loss 67.023 | nll_loss 5.818 | bleu 12.5447 | ppl 56.42 | wps 0 | wpb 23592 | bsz 2048 | num_updates 22704 | best_bleu 13.2737 (progress_bar.py:269, print())
[2020-12-28 09:37:31]    INFO >> epoch 044:    296 / 528 loss=54.563, nll_loss=4.785, bleu=0, ppl=27.57, wps=9205.6, ups=8.07, wpb=1140.2, bsz=100, num_updates=23000, lr=0.5, gnorm=473.039, clip=100, train_wall=38, wall=2671 (progress_bar.py:262, log())
[2020-12-28 09:37:48]    INFO >> epoch 044 | loss 54.579 | nll_loss 4.779 | bleu 0 | ppl 27.45 | wps 9608.9 | ups 8.42 | wpb 1140.9 | bsz 99.9 | num_updates 23232 | lr 0.5 | gnorm 473.049 | clip 100 | train_wall 38 | wall 2687 (progress_bar.py:269, print())
[2020-12-28 09:38:02]    INFO >> epoch 044 | valid on 'valid' subset | loss 67.324 | nll_loss 5.844 | bleu 12.8739 | ppl 57.45 | wps 0 | wpb 23592 | bsz 2048 | num_updates 23232 | best_bleu 13.2737 (progress_bar.py:269, print())
[2020-12-28 09:38:32]    INFO >> epoch 045:    268 / 528 loss=54.617, nll_loss=4.776, bleu=0, ppl=27.4, wps=9387.4, ups=8.23, wpb=1141.1, bsz=99.8, num_updates=23500, lr=0.5, gnorm=474.715, clip=100, train_wall=38, wall=2732 (progress_bar.py:262, log())
[2020-12-28 09:38:51]    INFO >> epoch 045 | loss 54.421 | nll_loss 4.765 | bleu 0 | ppl 27.19 | wps 9538 | ups 8.36 | wpb 1140.9 | bsz 99.9 | num_updates 23760 | lr 0.5 | gnorm 476.161 | clip 100 | train_wall 40 | wall 2751 (progress_bar.py:269, print())
[2020-12-28 09:39:05]    INFO >> epoch 045 | valid on 'valid' subset | loss 67.432 | nll_loss 5.854 | bleu 12.4321 | ppl 57.83 | wps 0 | wpb 23592 | bsz 2048 | num_updates 23760 | best_bleu 13.2737 (progress_bar.py:269, print())
[2020-12-28 09:39:33]    INFO >> epoch 046:    240 / 528 loss=54.343, nll_loss=4.755, bleu=0, ppl=27, wps=9368.9, ups=8.21, wpb=1141.7, bsz=99.9, num_updates=24000, lr=0.5, gnorm=476.624, clip=100, train_wall=37, wall=2793 (progress_bar.py:262, log())
[2020-12-28 09:39:58]    INFO >> epoch 046 | loss 54.26 | nll_loss 4.751 | bleu 0 | ppl 26.93 | wps 8969.6 | ups 7.86 | wpb 1140.9 | bsz 99.9 | num_updates 24288 | lr 0.5 | gnorm 476.247 | clip 100 | train_wall 43 | wall 2818 (progress_bar.py:269, print())
[2020-12-28 09:40:10]    INFO >> epoch 046 | valid on 'valid' subset | loss 68.079 | nll_loss 5.91 | bleu 13.019 | ppl 60.13 | wps 0 | wpb 23592 | bsz 2048 | num_updates 24288 | best_bleu 13.2737 (progress_bar.py:269, print())
[2020-12-28 09:40:36]    INFO >> epoch 047:    212 / 528 loss=54.13, nll_loss=4.751, bleu=0, ppl=26.92, wps=8993.4, ups=7.89, wpb=1139.4, bsz=100, num_updates=24500, lr=0.5, gnorm=476.283, clip=100, train_wall=42, wall=2856 (progress_bar.py:262, log())
[2020-12-28 09:41:06]    INFO >> epoch 047 | loss 54.101 | nll_loss 4.737 | bleu 0 | ppl 26.67 | wps 8846.3 | ups 7.75 | wpb 1140.9 | bsz 99.9 | num_updates 24816 | lr 0.5 | gnorm 477.94 | clip 100 | train_wall 47 | wall 2886 (progress_bar.py:269, print())
[2020-12-28 09:41:18]    INFO >> epoch 047 | valid on 'valid' subset | loss 67.521 | nll_loss 5.861 | bleu 10.9671 | ppl 58.14 | wps 0 | wpb 23592 | bsz 2048 | num_updates 24816 | best_bleu 13.2737 (progress_bar.py:269, print())
[2020-12-28 09:41:42]    INFO >> epoch 048:    184 / 528 loss=53.964, nll_loss=4.724, bleu=0, ppl=26.42, wps=8704.6, ups=7.64, wpb=1140, bsz=99.8, num_updates=25000, lr=0.5, gnorm=478.559, clip=100, train_wall=44, wall=2922 (progress_bar.py:262, log())
[2020-12-28 09:42:14]    INFO >> epoch 048 | loss 53.887 | nll_loss 4.718 | bleu 0 | ppl 26.32 | wps 8889.5 | ups 7.79 | wpb 1140.9 | bsz 99.9 | num_updates 25344 | lr 0.5 | gnorm 478.751 | clip 100 | train_wall 46 | wall 2954 (progress_bar.py:269, print())
[2020-12-28 09:42:25]    INFO >> epoch 048 | valid on 'valid' subset | loss 67.851 | nll_loss 5.89 | bleu 12.6488 | ppl 59.31 | wps 0 | wpb 23592 | bsz 2048 | num_updates 25344 | best_bleu 13.2737 (progress_bar.py:269, print())
[2020-12-28 09:42:46]    INFO >> epoch 049:    156 / 528 loss=53.847, nll_loss=4.716, bleu=0, ppl=26.28, wps=8939.7, ups=7.83, wpb=1141.8, bsz=100, num_updates=25500, lr=0.5, gnorm=479, clip=100, train_wall=43, wall=2985 (progress_bar.py:262, log())
[2020-12-28 09:43:20]    INFO >> epoch 049 | loss 53.7 | nll_loss 4.702 | bleu 0 | ppl 26.03 | wps 9111.5 | ups 7.99 | wpb 1140.9 | bsz 99.9 | num_updates 25872 | lr 0.5 | gnorm 479.441 | clip 100 | train_wall 45 | wall 3020 (progress_bar.py:269, print())
[2020-12-28 09:43:31]    INFO >> epoch 049 | valid on 'valid' subset | loss 67.835 | nll_loss 5.889 | bleu 12.9228 | ppl 59.25 | wps 0 | wpb 23592 | bsz 2048 | num_updates 25872 | best_bleu 13.2737 (progress_bar.py:269, print())
[2020-12-28 09:43:47]    INFO >> epoch 050:    128 / 528 loss=53.657, nll_loss=4.697, bleu=0, ppl=25.93, wps=9378.8, ups=8.22, wpb=1141.2, bsz=99.9, num_updates=26000, lr=0.5, gnorm=478.106, clip=100, train_wall=40, wall=3046 (progress_bar.py:262, log())
[2020-12-28 09:44:24]    INFO >> epoch 050 | loss 53.524 | nll_loss 4.686 | bleu 0 | ppl 25.75 | wps 9421.9 | ups 8.26 | wpb 1140.9 | bsz 99.9 | num_updates 26400 | lr 0.5 | gnorm 479.461 | clip 100 | train_wall 44 | wall 3084 (progress_bar.py:269, print())
[2020-12-28 09:44:37]    INFO >> epoch 050 | valid on 'valid' subset | loss 68.23 | nll_loss 5.923 | bleu 12.6392 | ppl 60.67 | wps 0 | wpb 23592 | bsz 2048 | num_updates 26400 | best_bleu 13.2737 (progress_bar.py:269, print())
[2020-12-28 09:44:50]    INFO >> epoch 051:    100 / 528 loss=53.532, nll_loss=4.688, bleu=0, ppl=25.77, wps=9022.3, ups=7.92, wpb=1139.5, bsz=99.8, num_updates=26500, lr=0.5, gnorm=480.391, clip=100, train_wall=41, wall=3109 (progress_bar.py:262, log())
[2020-12-28 09:45:27]    INFO >> epoch 051 | loss 53.353 | nll_loss 4.671 | bleu 0 | ppl 25.48 | wps 9532 | ups 8.35 | wpb 1140.9 | bsz 99.9 | num_updates 26928 | lr 0.5 | gnorm 481.045 | clip 100 | train_wall 41 | wall 3147 (progress_bar.py:269, print())
[2020-12-28 09:45:42]    INFO >> epoch 051 | valid on 'valid' subset | loss 68.376 | nll_loss 5.936 | bleu 12.529 | ppl 61.21 | wps 0 | wpb 23592 | bsz 2048 | num_updates 26928 | best_bleu 13.2737 (progress_bar.py:269, print())
[2020-12-28 09:45:54]    INFO >> epoch 052:     72 / 528 loss=53.292, nll_loss=4.67, bleu=0, ppl=25.46, wps=8845.7, ups=7.76, wpb=1139.9, bsz=99.9, num_updates=27000, lr=0.5, gnorm=481.417, clip=100, train_wall=40, wall=3174 (progress_bar.py:262, log())
[2020-12-28 09:46:32]    INFO >> epoch 052 | loss 53.176 | nll_loss 4.656 | bleu 0 | ppl 25.21 | wps 9323 | ups 8.17 | wpb 1140.9 | bsz 99.9 | num_updates 27456 | lr 0.5 | gnorm 481.355 | clip 100 | train_wall 40 | wall 3211 (progress_bar.py:269, print())
[2020-12-28 09:46:47]    INFO >> epoch 052 | valid on 'valid' subset | loss 68.079 | nll_loss 5.91 | bleu 12.0079 | ppl 60.12 | wps 0 | wpb 23592 | bsz 2048 | num_updates 27456 | best_bleu 13.2737 (progress_bar.py:269, print())
[2020-12-28 09:46:56]    INFO >> epoch 053:     44 / 528 loss=53.343, nll_loss=4.663, bleu=0, ppl=25.33, wps=9235.7, ups=8.07, wpb=1144, bsz=100, num_updates=27500, lr=0.5, gnorm=482.095, clip=100, train_wall=38, wall=3236 (progress_bar.py:262, log())
[2020-12-28 09:47:33]    INFO >> epoch 053 | loss 53.018 | nll_loss 4.642 | bleu 0 | ppl 24.97 | wps 9818 | ups 8.61 | wpb 1140.9 | bsz 99.9 | num_updates 27984 | lr 0.5 | gnorm 484.288 | clip 100 | train_wall 37 | wall 3273 (progress_bar.py:269, print())
[2020-12-28 09:47:48]    INFO >> epoch 053 | valid on 'valid' subset | loss 68.676 | nll_loss 5.962 | bleu 12.3434 | ppl 62.32 | wps 0 | wpb 23592 | bsz 2048 | num_updates 27984 | best_bleu 13.2737 (progress_bar.py:269, print())
[2020-12-28 09:47:56]    INFO >> epoch 054:     16 / 528 loss=53.017, nll_loss=4.643, bleu=0, ppl=24.99, wps=9528.3, ups=8.35, wpb=1140.5, bsz=99.9, num_updates=28000, lr=0.5, gnorm=484.373, clip=100, train_wall=36, wall=3296 (progress_bar.py:262, log())
[2020-12-28 09:48:34]    INFO >> epoch 054:    516 / 528 loss=52.92, nll_loss=4.632, bleu=0, ppl=24.8, wps=15125.5, ups=13.24, wpb=1142.4, bsz=100, num_updates=28500, lr=0.5, gnorm=484.91, clip=100, train_wall=36, wall=3333 (progress_bar.py:262, log())
[2020-12-28 09:48:35]    INFO >> epoch 054 | loss 52.871 | nll_loss 4.629 | bleu 0 | ppl 24.75 | wps 9687.3 | ups 8.49 | wpb 1140.9 | bsz 99.9 | num_updates 28512 | lr 0.5 | gnorm 484.287 | clip 100 | train_wall 38 | wall 3335 (progress_bar.py:269, print())
[2020-12-28 09:48:50]    INFO >> epoch 054 | valid on 'valid' subset | loss 68.414 | nll_loss 5.939 | bleu 12.449 | ppl 61.35 | wps 0 | wpb 23592 | bsz 2048 | num_updates 28512 | best_bleu 13.2737 (progress_bar.py:269, print())
[2020-12-28 09:49:33]    INFO >> epoch 055:    488 / 528 loss=52.631, nll_loss=4.608, bleu=0, ppl=24.39, wps=9626, ups=8.45, wpb=1139.6, bsz=99.8, num_updates=29000, lr=0.5, gnorm=484.401, clip=100, train_wall=35, wall=3393 (progress_bar.py:262, log())
[2020-12-28 09:49:37]    INFO >> epoch 055 | loss 52.709 | nll_loss 4.615 | bleu 0 | ppl 24.51 | wps 9754.3 | ups 8.55 | wpb 1140.9 | bsz 99.9 | num_updates 29040 | lr 0.5 | gnorm 485.105 | clip 100 | train_wall 37 | wall 3397 (progress_bar.py:269, print())
[2020-12-28 09:49:52]    INFO >> epoch 055 | valid on 'valid' subset | loss 68.547 | nll_loss 5.951 | bleu 13.1126 | ppl 61.84 | wps 0 | wpb 23592 | bsz 2048 | num_updates 29040 | best_bleu 13.2737 (progress_bar.py:269, print())
[2020-12-28 09:50:33]    INFO >> epoch 056:    460 / 528 loss=52.526, nll_loss=4.595, bleu=0, ppl=24.17, wps=9464.4, ups=8.28, wpb=1143.1, bsz=100, num_updates=29500, lr=0.5, gnorm=485.689, clip=100, train_wall=37, wall=3453 (progress_bar.py:262, log())
[2020-12-28 09:50:38]    INFO >> epoch 056 | loss 52.464 | nll_loss 4.594 | bleu 0 | ppl 24.15 | wps 9842 | ups 8.63 | wpb 1140.9 | bsz 99.9 | num_updates 29568 | lr 0.5 | gnorm 484.972 | clip 100 | train_wall 37 | wall 3458 (progress_bar.py:269, print())
[2020-12-28 09:50:53]    INFO >> epoch 056 | valid on 'valid' subset | loss 68.843 | nll_loss 5.976 | bleu 12.9379 | ppl 62.95 | wps 0 | wpb 23592 | bsz 2048 | num_updates 29568 | best_bleu 13.2737 (progress_bar.py:269, print())
[2020-12-28 09:51:35]    INFO >> epoch 057:    432 / 528 loss=52.278, nll_loss=4.585, bleu=0, ppl=24, wps=9260.6, ups=8.14, wpb=1137.8, bsz=99.8, num_updates=30000, lr=0.5, gnorm=485.732, clip=100, train_wall=38, wall=3514 (progress_bar.py:262, log())
[2020-12-28 09:51:42]    INFO >> epoch 057 | loss 52.357 | nll_loss 4.584 | bleu 0 | ppl 23.99 | wps 9525.1 | ups 8.35 | wpb 1140.9 | bsz 99.9 | num_updates 30096 | lr 0.5 | gnorm 486.524 | clip 100 | train_wall 39 | wall 3521 (progress_bar.py:269, print())
[2020-12-28 09:51:56]    INFO >> epoch 057 | valid on 'valid' subset | loss 68.805 | nll_loss 5.973 | bleu 12.5415 | ppl 62.81 | wps 0 | wpb 23592 | bsz 2048 | num_updates 30096 | best_bleu 13.2737 (progress_bar.py:269, print())
[2020-12-28 09:52:37]    INFO >> epoch 058:    404 / 528 loss=52.208, nll_loss=4.573, bleu=0, ppl=23.8, wps=9159.7, ups=8.03, wpb=1140.5, bsz=99.9, num_updates=30500, lr=0.5, gnorm=486.195, clip=100, train_wall=38, wall=3577 (progress_bar.py:262, log())
[2020-12-28 09:52:46]    INFO >> epoch 058 | loss 52.185 | nll_loss 4.569 | bleu 0 | ppl 23.74 | wps 9368.9 | ups 8.21 | wpb 1140.9 | bsz 99.9 | num_updates 30624 | lr 0.5 | gnorm 486.426 | clip 100 | train_wall 40 | wall 3585 (progress_bar.py:269, print())
[2020-12-28 09:52:59]    INFO >> epoch 058 | valid on 'valid' subset | loss 69.726 | nll_loss 6.053 | bleu 12.3415 | ppl 66.39 | wps 0 | wpb 23592 | bsz 2048 | num_updates 30624 | best_bleu 13.2737 (progress_bar.py:269, print())
[2020-12-28 09:53:40]    INFO >> epoch 059:    376 / 528 loss=52.052, nll_loss=4.555, bleu=0, ppl=23.5, wps=9120.8, ups=7.98, wpb=1142.8, bsz=100, num_updates=31000, lr=0.5, gnorm=489.118, clip=100, train_wall=40, wall=3639 (progress_bar.py:262, log())
[2020-12-28 09:53:51]    INFO >> epoch 059 | loss 52.068 | nll_loss 4.559 | bleu 0 | ppl 23.57 | wps 9273.5 | ups 8.13 | wpb 1140.9 | bsz 99.9 | num_updates 31152 | lr 0.5 | gnorm 489.072 | clip 100 | train_wall 42 | wall 3650 (progress_bar.py:269, print())
[2020-12-28 09:54:02]    INFO >> epoch 059 | valid on 'valid' subset | loss 69.397 | nll_loss 6.024 | bleu 12.8358 | ppl 65.09 | wps 0 | wpb 23592 | bsz 2048 | num_updates 31152 | best_bleu 13.2737 (progress_bar.py:269, print())
[2020-12-28 09:54:40]    INFO >> epoch 060:    348 / 528 loss=52.001, nll_loss=4.553, bleu=0, ppl=23.48, wps=9449.6, ups=8.28, wpb=1140.8, bsz=99.9, num_updates=31500, lr=0.5, gnorm=489.363, clip=100, train_wall=40, wall=3700 (progress_bar.py:262, log())
[2020-12-28 09:54:57]    INFO >> epoch 060 | loss 51.897 | nll_loss 4.544 | bleu 0 | ppl 23.33 | wps 9140.3 | ups 8.01 | wpb 1140.9 | bsz 99.9 | num_updates 31680 | lr 0.5 | gnorm 489.676 | clip 100 | train_wall 46 | wall 3716 (progress_bar.py:269, print())
[2020-12-28 09:55:08]    INFO >> epoch 060 | valid on 'valid' subset | loss 69.499 | nll_loss 6.033 | bleu 12.7917 | ppl 65.49 | wps 0 | wpb 23592 | bsz 2048 | num_updates 31680 | best_bleu 13.2737 (progress_bar.py:269, print())
[2020-12-28 09:55:08]    INFO >> done training in 3727.6 seconds (train.py:298, single_main())
