nohup: ignoring input
[2020-12-28 08:53:01]    INFO >> Load arguments in /home/wanyao/yang/naturalcc-dev/run/summarization/codenn/config/stack_overflow/python.yml (train.py:318, cli_main())
[2020-12-28 08:53:01]    INFO >> {'criterion': 'cross_entropy', 'optimizer': 'sgd', 'lr_scheduler': 'fixed', 'tokenizer': None, 'bpe': None, 'common': {'no_progress_bar': 0, 'log_interval': 500, 'log_format': 'simple', 'tensorboard_logdir': '', 'memory_efficient_fp16': 1, 'fp16_no_flatten_grads': 1, 'fp16_init_scale': 128, 'fp16_scale_window': None, 'fp16_scale_tolerance': 0.0, 'min_loss_scale': 0.0001, 'threshold_loss_scale': None, 'empty_cache_freq': 0, 'task': 'summarization', 'seed': 1, 'cpu': 0, 'fp16': 0, 'fp16_opt_level': '01', 'server_ip': '', 'server_port': ''}, 'dataset': {'num_workers': 3, 'skip_invalid_size_inputs_valid_test': 1, 'max_tokens': None, 'max_sentences': 100, 'required_batch_size_multiple': 1, 'dataset_impl': 'mmap', 'train_subset': 'train', 'valid_subset': 'valid', 'validate_interval': 1, 'fixed_validation_seed': None, 'disable_validation': 0, 'max_tokens_valid': None, 'max_sentences_valid': 2048, 'curriculum': 0, 'gen_subset': 'test', 'num_shards': 1, 'shard_id': 0}, 'distributed_training': {'distributed_world_size': 1, 'distributed_rank': 0, 'distributed_backend': 'nccl', 'distributed_init_method': None, 'distributed_port': -1, 'device_id': 0, 'distributed_no_spawn': 0, 'ddp_backend': 'c10d', 'bucket_cap_mb': 25, 'fix_batches_to_gpus': None, 'find_unused_parameters': 0, 'fast_stat_sync': 0, 'broadcast_buffers': 0, 'global_sync_iter': 50, 'warmup_iterations': 500, 'local_rank': -1, 'block_momentum': 0.875, 'block_lr': 1, 'use_nbm': 0, 'average_sync': 0}, 'task': {'data': '/home/wanyao/.ncc/stack_overflow/summarization/python/data-mmap', 'source_lang': 'code_tokens', 'target_lang': 'docstring_tokens', 'load_alignments': 0, 'left_pad_source': 0, 'left_pad_target': 0, 'max_source_positions': 100, 'max_target_positions': 30, 'upsample_primary': 1, 'truncate_source': 1, 'truncate_target': 1, 'append_eos_to_target': 1, 'eval_bleu': 1, 'eval_bleu_detok': 'space', 'eval_bleu_detok_args': None, 'eval_tokenized_bleu': 0, 'eval_bleu_remove_bpe': None, 'eval_bleu_args': None, 'eval_bleu_print_samples': 0}, 'model': {'arch': 'codenn', 'init_bound': 0.35, 'encoder_embed_dim': 400, 'encoder_embed': None, 'encoder_freeze_embed': 0, 'decoder_embed_dim': 400, 'decoder_embed': None, 'decoder_freeze_embed': None, 'decoder_hidden_size': 400, 'decoder_layers': 1, 'decoder_out_embed_dim': 400, 'decoder_attention': 1, 'adaptive_softmax_cutoff': None, 'share_decoder_input_output_embed': 0, 'share_all_embeddings': 0, 'encoder_dropout': 0.5, 'decoder_dropout_in': 0.5, 'decoder_dropout_out': 0.5, 'max_source_positions': 100, 'max_target_positions': 30}, 'optimization': {'max_epoch': 0, 'max_update': 0, 'clip_norm': 5, 'update_freq': [1], 'lr': [0.5], 'min_lr': 0.001, 'use_bmuf': 1, 'force_anneal': 0, 'warmup_updates': 0, 'lr_shrink': 0.8, 'sentence_avg': 1, 'adam': {'adam_betas': '(0.9, 0.999)', 'adam_eps': 1e-08, 'weight_decay': 0.0, 'use_old_adam': 0}, 'weight_decay': 0.0, 'adam_epsilon': 1e-08, 'sgd': {'momentum': 0, 'weight_decay': 0, 'dampening': 0, 'nesterov': 0}, 'max_grad_norm': 1.0, 'num_train_epochs': 5, 'max_steps': -1, 'warmup_steps': 0, 'gradient_accumulation_steps': 1}, 'checkpoint': {'restore_file': 'checkpoint_last.pt', 'reset_dataloader': None, 'reset_lr_scheduler': None, 'reset_meters': None, 'reset_optimizer': None, 'optimizer_overrides': '{}', 'save_interval': 1, 'save_interval_updates': 0, 'keep_interval_updates': 0, 'keep_last_epochs': -1, 'keep_best_checkpoints': -1, 'no_save': 0, 'no_epoch_checkpoints': 1, 'no_last_checkpoints': 1, 'no_save_optimizer_state': None, 'best_checkpoint_metric': 'bleu', 'maximize_best_checkpoint_metric': 1, 'patience': -1, 'save_dir': '/home/wanyao/.ncc/stack_overflow/summarization/python/data-mmap/codenn/checkpoints', 'should_continue': 0, 'model_name_or_path': None, 'cache_dir': None, 'logging_steps': 500, 'save_steps': 2000, 'save_total_limit': 2, 'overwrite_output_dir': 0, 'overwrite_cache': 0}, 'eval': {'path': '/home/wanyao/.ncc/stack_overflow/summarization/python/data-mmap/codenn/checkpoints/checkpoint_best.pt', 'result_path': None, 'remove_bpe': None, 'quiet': 0, 'model_overrides': '{}', 'max_sentences': 4048, 'beam': 1, 'nbest': 1, 'max_len_a': 0, 'max_len_b': 20, 'min_len': 1, 'match_source_len': 0, 'no_early_stop': 0, 'unnormalized': 0, 'no_beamable_mm': 0, 'lenpen': 1, 'unkpen': 0, 'replace_unk': None, 'sacrebleu': 0, 'score_reference': 0, 'prefix_size': 0, 'no_repeat_ngram_size': 0, 'sampling': 0, 'sampling_topk': -1, 'sampling_topp': -1, 'temperature': 1.0, 'diverse_beam_groups': -1, 'diverse_beam_strength': 0.5, 'diversity_rate': -1.0, 'print_alignment': 0, 'print_step': 0, 'iter_decode_eos_penalty': 0.0, 'iter_decode_max_iter': 10, 'iter_decode_force_max_iter': 0, 'iter_decode_with_beam': 1, 'iter_decode_with_external_reranker': 0, 'retain_iter_history': 0, 'decoding_format': None, 'nltk_bleu': 1, 'rouge': 1}} (train.py:320, cli_main())
[2020-12-28 08:53:01]    INFO >> single GPU training... (train.py:349, cli_main())
[2020-12-28 08:53:02]    INFO >> [code_tokens] dictionary: 18448 types (summarization.py:217, setup_task())
[2020-12-28 08:53:02]    INFO >> [docstring_tokens] dictionary: 4936 types (summarization.py:218, setup_task())
[2020-12-28 08:53:02]    INFO >> truncate valid.code_tokens to 100 (summarization.py:126, load_langpair_dataset())
[2020-12-28 08:53:02]    INFO >> truncate valid.docstring_tokens to 30 (summarization.py:137, load_langpair_dataset())
[2020-12-28 08:53:02]    INFO >> loaded 2791 examples from: /home/wanyao/.ncc/stack_overflow/summarization/python/data-mmap/valid.code_tokens (summarization.py:165, load_langpair_dataset())
[2020-12-28 08:53:02]    INFO >> loaded 2791 examples from: /home/wanyao/.ncc/stack_overflow/summarization/python/data-mmap/valid.docstring_tokens (summarization.py:166, load_langpair_dataset())
[2020-12-28 08:53:02]    INFO >> CodeNNModel(
  (encoder): NBOWEncoder(
    (embed_tokens): Embedding(18448, 400, padding_idx=0)
  )
  (decoder): LSTMDecoder(
    (embed_tokens): Embedding(4936, 400, padding_idx=0)
    (layers): ModuleList(
      (0): LSTMCell(400, 400)
    )
    (W_H): Linear(in_features=400, out_features=400, bias=True)
    (W_T): Linear(in_features=400, out_features=400, bias=True)
    (fc_out): Linear(in_features=400, out_features=4936, bias=True)
  )
) (train.py:229, single_main())
[2020-12-28 08:53:02]    INFO >> model codenn, criterion CrossEntropyCriterion (train.py:230, single_main())
[2020-12-28 08:53:02]    INFO >> num. model params: 12936936 (num. trained: 12936936) (train.py:233, single_main())
[2020-12-28 08:53:08]    INFO >> training on 1 GPUs (train.py:238, single_main())
[2020-12-28 08:53:08]    INFO >> max tokens per GPU = None and max sentences per GPU = 100 (train.py:241, single_main())
[2020-12-28 08:53:08]    INFO >> no existing checkpoint found /home/wanyao/.ncc/stack_overflow/summarization/python/data-mmap/codenn/checkpoints/checkpoint_last.pt (ncc_trainer.py:267, load_checkpoint())
[2020-12-28 08:53:08]    INFO >> loading train data for epoch 1 (ncc_trainer.py:281, get_train_iterator())
[2020-12-28 08:53:08]    INFO >> truncate train.code_tokens to 100 (summarization.py:126, load_langpair_dataset())
[2020-12-28 08:53:08]    INFO >> truncate train.docstring_tokens to 30 (summarization.py:137, load_langpair_dataset())
[2020-12-28 08:53:08]    INFO >> loaded 22335 examples from: /home/wanyao/.ncc/stack_overflow/summarization/python/data-mmap/train.code_tokens (summarization.py:165, load_langpair_dataset())
[2020-12-28 08:53:08]    INFO >> loaded 22335 examples from: /home/wanyao/.ncc/stack_overflow/summarization/python/data-mmap/train.docstring_tokens (summarization.py:166, load_langpair_dataset())
[2020-12-28 08:53:08]    INFO >> NOTE: your device may support faster training with --fp16 (ncc_trainer.py:155, _build_optimizer())
[2020-12-28 08:53:33]    INFO >> epoch 001 | loss 112.604 | nll_loss 10.226 | bleu 0 | ppl 1197.57 | wps 14338.2 | ups 13.03 | wpb 1100.6 | bsz 99.9 | num_updates 223 | lr 0.5 | gnorm 1245.09 | clip 100 | train_wall 16 | wall 25 (progress_bar.py:269, print())
[2020-12-28 08:53:44]    INFO >> epoch 001 | valid on 'valid' subset | loss 101.623 | nll_loss 9.131 | bleu 12.2201 | ppl 560.84 | wps 0 | wpb 22792 | bsz 2048 | num_updates 223 (progress_bar.py:269, print())
[2020-12-28 08:53:44]    INFO >> saved checkpoint /home/wanyao/.ncc/stack_overflow/summarization/python/data-mmap/codenn/checkpoints/checkpoint_best.pt (epoch 1 @ 223 updates, score 12.220096413737991) (writing took 0.20483739767223597 seconds) (checkpoint_utils.py:81, save_checkpoint())
[2020-12-28 08:54:07]    INFO >> epoch 002 | loss 90.847 | nll_loss 8.25 | bleu 0 | ppl 304.46 | wps 7246.1 | ups 6.58 | wpb 1100.6 | bsz 99.9 | num_updates 446 | lr 0.5 | gnorm 809.082 | clip 100 | train_wall 15 | wall 59 (progress_bar.py:269, print())
[2020-12-28 08:54:18]    INFO >> epoch 002 | valid on 'valid' subset | loss 83.136 | nll_loss 7.47 | bleu 11.2759 | ppl 177.33 | wps 0 | wpb 22792 | bsz 2048 | num_updates 446 | best_bleu 12.2201 (progress_bar.py:269, print())
[2020-12-28 08:54:29]    INFO >> epoch 003:     54 / 223 loss=99.994, nll_loss=9.079, bleu=0, ppl=540.83, wps=7528.7, ups=6.84, wpb=1100.6, bsz=99.9, num_updates=500, lr=0.5, gnorm=990.842, clip=100, train_wall=35, wall=81 (progress_bar.py:262, log())
[2020-12-28 08:54:42]    INFO >> epoch 003 | loss 84.309 | nll_loss 7.656 | bleu 0 | ppl 201.74 | wps 7042.3 | ups 6.4 | wpb 1100.6 | bsz 99.9 | num_updates 669 | lr 0.5 | gnorm 672.239 | clip 100 | train_wall 15 | wall 94 (progress_bar.py:269, print())
[2020-12-28 08:54:53]    INFO >> epoch 003 | valid on 'valid' subset | loss 79.493 | nll_loss 7.143 | bleu 9.46766 | ppl 141.33 | wps 0 | wpb 22792 | bsz 2048 | num_updates 669 | best_bleu 12.2201 (progress_bar.py:269, print())
[2020-12-28 08:55:17]    INFO >> epoch 004 | loss 80.396 | nll_loss 7.301 | bleu 0 | ppl 157.69 | wps 6984.7 | ups 6.35 | wpb 1100.6 | bsz 99.9 | num_updates 892 | lr 0.5 | gnorm 612.901 | clip 100 | train_wall 15 | wall 129 (progress_bar.py:269, print())
[2020-12-28 08:55:29]    INFO >> epoch 004 | valid on 'valid' subset | loss 76.82 | nll_loss 6.903 | bleu 12.5948 | ppl 119.66 | wps 0 | wpb 22792 | bsz 2048 | num_updates 892 | best_bleu 12.5948 (progress_bar.py:269, print())
[2020-12-28 08:55:29]    INFO >> saved checkpoint /home/wanyao/.ncc/stack_overflow/summarization/python/data-mmap/codenn/checkpoints/checkpoint_best.pt (epoch 4 @ 892 updates, score 12.594810058499142) (writing took 0.24402421712875366 seconds) (checkpoint_utils.py:81, save_checkpoint())
[2020-12-28 08:55:43]    INFO >> epoch 005:    108 / 223 loss=80.976, nll_loss=7.359, bleu=0, ppl=164.17, wps=7383.5, ups=6.71, wpb=1099.8, bsz=100, num_updates=1000, lr=0.5, gnorm=624.587, clip=100, train_wall=34, wall=155 (progress_bar.py:262, log())
[2020-12-28 08:55:52]    INFO >> epoch 005 | loss 77.431 | nll_loss 7.032 | bleu 0 | ppl 130.85 | wps 6973.3 | ups 6.34 | wpb 1100.6 | bsz 99.9 | num_updates 1115 | lr 0.5 | gnorm 576.05 | clip 100 | train_wall 15 | wall 164 (progress_bar.py:269, print())
[2020-12-28 08:56:04]    INFO >> epoch 005 | valid on 'valid' subset | loss 74.049 | nll_loss 6.654 | bleu 13.3333 | ppl 100.69 | wps 0 | wpb 22792 | bsz 2048 | num_updates 1115 | best_bleu 13.3333 (progress_bar.py:269, print())
[2020-12-28 08:56:04]    INFO >> saved checkpoint /home/wanyao/.ncc/stack_overflow/summarization/python/data-mmap/codenn/checkpoints/checkpoint_best.pt (epoch 5 @ 1115 updates, score 13.333273698473661) (writing took 0.27438090555369854 seconds) (checkpoint_utils.py:81, save_checkpoint())
[2020-12-28 08:56:28]    INFO >> epoch 006 | loss 75.126 | nll_loss 6.822 | bleu 0 | ppl 113.17 | wps 6881.2 | ups 6.25 | wpb 1100.6 | bsz 99.9 | num_updates 1338 | lr 0.5 | gnorm 550.855 | clip 100 | train_wall 15 | wall 200 (progress_bar.py:269, print())
[2020-12-28 08:56:40]    INFO >> epoch 006 | valid on 'valid' subset | loss 71.475 | nll_loss 6.422 | bleu 13.3015 | ppl 85.78 | wps 0 | wpb 22792 | bsz 2048 | num_updates 1338 | best_bleu 13.3333 (progress_bar.py:269, print())
[2020-12-28 08:56:59]    INFO >> epoch 007:    162 / 223 loss=75.007, nll_loss=6.805, bleu=0, ppl=111.79, wps=7310.9, ups=6.63, wpb=1102, bsz=100, num_updates=1500, lr=0.5, gnorm=549.592, clip=100, train_wall=34, wall=231 (progress_bar.py:262, log())
[2020-12-28 08:57:03]    INFO >> epoch 007 | loss 73.192 | nll_loss 6.647 | bleu 0 | ppl 100.2 | wps 6858.7 | ups 6.23 | wpb 1100.6 | bsz 99.9 | num_updates 1561 | lr 0.5 | gnorm 532.271 | clip 100 | train_wall 15 | wall 236 (progress_bar.py:269, print())
[2020-12-28 08:57:15]    INFO >> epoch 007 | valid on 'valid' subset | loss 70.958 | nll_loss 6.376 | bleu 11.406 | ppl 83.06 | wps 0 | wpb 22792 | bsz 2048 | num_updates 1561 | best_bleu 13.3333 (progress_bar.py:269, print())
[2020-12-28 08:57:38]    INFO >> epoch 008 | loss 71.528 | nll_loss 6.496 | bleu 0 | ppl 90.24 | wps 7064.4 | ups 6.42 | wpb 1100.6 | bsz 99.9 | num_updates 1784 | lr 0.5 | gnorm 519.153 | clip 100 | train_wall 16 | wall 270 (progress_bar.py:269, print())
[2020-12-28 08:57:49]    INFO >> epoch 008 | valid on 'valid' subset | loss 69.713 | nll_loss 6.264 | bleu 12.448 | ppl 76.86 | wps 0 | wpb 22792 | bsz 2048 | num_updates 1784 | best_bleu 13.3333 (progress_bar.py:269, print())
[2020-12-28 08:58:12]    INFO >> epoch 009:    216 / 223 loss=71.103, nll_loss=6.461, bleu=0, ppl=88.11, wps=7506.8, ups=6.83, wpb=1099.7, bsz=99.9, num_updates=2000, lr=0.5, gnorm=516.57, clip=100, train_wall=34, wall=304 (progress_bar.py:262, log())
[2020-12-28 08:58:13]    INFO >> epoch 009 | loss 70.157 | nll_loss 6.371 | bleu 0 | ppl 82.78 | wps 7060.1 | ups 6.41 | wpb 1100.6 | bsz 99.9 | num_updates 2007 | lr 0.5 | gnorm 511.112 | clip 100 | train_wall 15 | wall 305 (progress_bar.py:269, print())
[2020-12-28 08:58:25]    INFO >> epoch 009 | valid on 'valid' subset | loss 70.438 | nll_loss 6.329 | bleu 10.5207 | ppl 80.41 | wps 0 | wpb 22792 | bsz 2048 | num_updates 2007 | best_bleu 13.3333 (progress_bar.py:269, print())
[2020-12-28 08:58:49]    INFO >> epoch 010 | loss 68.962 | nll_loss 6.263 | bleu 0 | ppl 76.78 | wps 6851.4 | ups 6.23 | wpb 1100.6 | bsz 99.9 | num_updates 2230 | lr 0.5 | gnorm 503.58 | clip 100 | train_wall 15 | wall 341 (progress_bar.py:269, print())
[2020-12-28 08:59:02]    INFO >> epoch 010 | valid on 'valid' subset | loss 70.144 | nll_loss 6.303 | bleu 12.0602 | ppl 78.95 | wps 0 | wpb 22792 | bsz 2048 | num_updates 2230 | best_bleu 13.3333 (progress_bar.py:269, print())
[2020-12-28 08:59:25]    INFO >> epoch 011 | loss 67.816 | nll_loss 6.159 | bleu 0 | ppl 71.44 | wps 6841.1 | ups 6.22 | wpb 1100.6 | bsz 99.9 | num_updates 2453 | lr 0.5 | gnorm 500.542 | clip 100 | train_wall 15 | wall 377 (progress_bar.py:269, print())
[2020-12-28 08:59:38]    INFO >> epoch 011 | valid on 'valid' subset | loss 68.395 | nll_loss 6.146 | bleu 11.8664 | ppl 70.8 | wps 0 | wpb 22792 | bsz 2048 | num_updates 2453 | best_bleu 13.3333 (progress_bar.py:269, print())
[2020-12-28 08:59:48]    INFO >> epoch 012:     47 / 223 loss=68.309, nll_loss=6.2, bleu=0, ppl=73.5, wps=5726.6, ups=5.2, wpb=1101, bsz=99.9, num_updates=2500, lr=0.5, gnorm=501.674, clip=100, train_wall=33, wall=400 (progress_bar.py:262, log())
[2020-12-28 09:00:02]    INFO >> epoch 012 | loss 66.79 | nll_loss 6.065 | bleu 0 | ppl 66.97 | wps 6669.2 | ups 6.06 | wpb 1100.6 | bsz 99.9 | num_updates 2676 | lr 0.5 | gnorm 496.907 | clip 100 | train_wall 15 | wall 414 (progress_bar.py:269, print())
[2020-12-28 09:00:13]    INFO >> epoch 012 | valid on 'valid' subset | loss 68.566 | nll_loss 6.161 | bleu 12.535 | ppl 71.56 | wps 0 | wpb 22792 | bsz 2048 | num_updates 2676 | best_bleu 13.3333 (progress_bar.py:269, print())
[2020-12-28 09:00:37]    INFO >> epoch 013 | loss 65.855 | nll_loss 5.98 | bleu 0 | ppl 63.14 | wps 6989.6 | ups 6.35 | wpb 1100.6 | bsz 99.9 | num_updates 2899 | lr 0.5 | gnorm 492.278 | clip 100 | train_wall 15 | wall 449 (progress_bar.py:269, print())
[2020-12-28 09:00:49]    INFO >> epoch 013 | valid on 'valid' subset | loss 68.746 | nll_loss 6.177 | bleu 10.071 | ppl 72.37 | wps 0 | wpb 22792 | bsz 2048 | num_updates 2899 | best_bleu 13.3333 (progress_bar.py:269, print())
[2020-12-28 09:01:02]    INFO >> epoch 014:    101 / 223 loss=66.013, nll_loss=5.992, bleu=0, ppl=63.66, wps=7417.6, ups=6.74, wpb=1101.1, bsz=100, num_updates=3000, lr=0.5, gnorm=494.063, clip=100, train_wall=34, wall=474 (progress_bar.py:262, log())
[2020-12-28 09:01:12]    INFO >> epoch 014 | loss 64.993 | nll_loss 5.902 | bleu 0 | ppl 59.81 | wps 7033.9 | ups 6.39 | wpb 1100.6 | bsz 99.9 | num_updates 3122 | lr 0.5 | gnorm 489.973 | clip 100 | train_wall 15 | wall 484 (progress_bar.py:269, print())
[2020-12-28 09:01:23]    INFO >> epoch 014 | valid on 'valid' subset | loss 67.682 | nll_loss 6.082 | bleu 12.3432 | ppl 67.72 | wps 0 | wpb 22792 | bsz 2048 | num_updates 3122 | best_bleu 13.3333 (progress_bar.py:269, print())
[2020-12-28 09:01:46]    INFO >> epoch 015 | loss 64.158 | nll_loss 5.826 | bleu 0 | ppl 56.74 | wps 7073 | ups 6.43 | wpb 1100.6 | bsz 99.9 | num_updates 3345 | lr 0.5 | gnorm 487.24 | clip 100 | train_wall 15 | wall 518 (progress_bar.py:269, print())
[2020-12-28 09:01:59]    INFO >> epoch 015 | valid on 'valid' subset | loss 67.133 | nll_loss 6.032 | bleu 13.0901 | ppl 65.45 | wps 0 | wpb 22792 | bsz 2048 | num_updates 3345 | best_bleu 13.3333 (progress_bar.py:269, print())
[2020-12-28 09:02:18]    INFO >> epoch 016:    155 / 223 loss=64.107, nll_loss=5.823, bleu=0, ppl=56.59, wps=7312.8, ups=6.65, wpb=1100.5, bsz=100, num_updates=3500, lr=0.5, gnorm=486.228, clip=100, train_wall=34, wall=550 (progress_bar.py:262, log())
[2020-12-28 09:02:23]    INFO >> epoch 016 | loss 63.362 | nll_loss 5.754 | bleu 0 | ppl 53.97 | wps 6678.3 | ups 6.07 | wpb 1100.6 | bsz 99.9 | num_updates 3568 | lr 0.5 | gnorm 484.116 | clip 100 | train_wall 15 | wall 555 (progress_bar.py:269, print())
[2020-12-28 09:02:35]    INFO >> epoch 016 | valid on 'valid' subset | loss 67.541 | nll_loss 6.069 | bleu 11.5717 | ppl 67.13 | wps 0 | wpb 22792 | bsz 2048 | num_updates 3568 | best_bleu 13.3333 (progress_bar.py:269, print())
[2020-12-28 09:02:59]    INFO >> epoch 017 | loss 62.655 | nll_loss 5.69 | bleu 0 | ppl 51.62 | wps 6888.1 | ups 6.26 | wpb 1100.6 | bsz 99.9 | num_updates 3791 | lr 0.5 | gnorm 486.83 | clip 100 | train_wall 15 | wall 591 (progress_bar.py:269, print())
[2020-12-28 09:03:12]    INFO >> epoch 017 | valid on 'valid' subset | loss 67.442 | nll_loss 6.06 | bleu 13.9851 | ppl 66.72 | wps 0 | wpb 22792 | bsz 2048 | num_updates 3791 | best_bleu 13.9851 (progress_bar.py:269, print())
[2020-12-28 09:03:12]    INFO >> saved checkpoint /home/wanyao/.ncc/stack_overflow/summarization/python/data-mmap/codenn/checkpoints/checkpoint_best.pt (epoch 17 @ 3791 updates, score 13.985077957601783) (writing took 0.21473037917166948 seconds) (checkpoint_utils.py:81, save_checkpoint())
[2020-12-28 09:03:33]    INFO >> epoch 018:    209 / 223 loss=62.475, nll_loss=5.675, bleu=0, ppl=51.1, wps=7258.2, ups=6.6, wpb=1100.3, bsz=100, num_updates=4000, lr=0.5, gnorm=485.368, clip=100, train_wall=34, wall=625 (progress_bar.py:262, log())
[2020-12-28 09:03:35]    INFO >> epoch 018 | loss 62.014 | nll_loss 5.632 | bleu 0 | ppl 49.58 | wps 6777.8 | ups 6.16 | wpb 1100.6 | bsz 99.9 | num_updates 4014 | lr 0.5 | gnorm 484.02 | clip 100 | train_wall 15 | wall 627 (progress_bar.py:269, print())
[2020-12-28 09:03:46]    INFO >> epoch 018 | valid on 'valid' subset | loss 66.691 | nll_loss 5.993 | bleu 12.3438 | ppl 63.67 | wps 0 | wpb 22792 | bsz 2048 | num_updates 4014 | best_bleu 13.9851 (progress_bar.py:269, print())
[2020-12-28 09:04:10]    INFO >> epoch 019 | loss 61.339 | nll_loss 5.57 | bleu 0 | ppl 47.52 | wps 7071 | ups 6.42 | wpb 1100.6 | bsz 99.9 | num_updates 4237 | lr 0.5 | gnorm 484.372 | clip 100 | train_wall 15 | wall 662 (progress_bar.py:269, print())
[2020-12-28 09:04:22]    INFO >> epoch 019 | valid on 'valid' subset | loss 67.655 | nll_loss 6.079 | bleu 12.4211 | ppl 67.61 | wps 0 | wpb 22792 | bsz 2048 | num_updates 4237 | best_bleu 13.9851 (progress_bar.py:269, print())
[2020-12-28 09:04:46]    INFO >> epoch 020 | loss 60.662 | nll_loss 5.509 | bleu 0 | ppl 45.53 | wps 6788.4 | ups 6.17 | wpb 1100.6 | bsz 99.9 | num_updates 4460 | lr 0.5 | gnorm 482.261 | clip 100 | train_wall 15 | wall 698 (progress_bar.py:269, print())
[2020-12-28 09:04:58]    INFO >> epoch 020 | valid on 'valid' subset | loss 66.993 | nll_loss 6.02 | bleu 13.5364 | ppl 64.88 | wps 0 | wpb 22792 | bsz 2048 | num_updates 4460 | best_bleu 13.9851 (progress_bar.py:269, print())
[2020-12-28 09:05:07]    INFO >> epoch 021:     40 / 223 loss=60.866, nll_loss=5.533, bleu=0, ppl=46.29, wps=5857.8, ups=5.33, wpb=1099.3, bsz=99.9, num_updates=4500, lr=0.5, gnorm=482.953, clip=100, train_wall=34, wall=719 (progress_bar.py:262, log())
[2020-12-28 09:05:21]    INFO >> epoch 021 | loss 60.079 | nll_loss 5.456 | bleu 0 | ppl 43.89 | wps 6960.7 | ups 6.32 | wpb 1100.6 | bsz 99.9 | num_updates 4683 | lr 0.5 | gnorm 483.919 | clip 100 | train_wall 15 | wall 733 (progress_bar.py:269, print())
[2020-12-28 09:05:32]    INFO >> epoch 021 | valid on 'valid' subset | loss 67.542 | nll_loss 6.069 | bleu 11.7799 | ppl 67.14 | wps 0 | wpb 22792 | bsz 2048 | num_updates 4683 | best_bleu 13.9851 (progress_bar.py:269, print())
[2020-12-28 09:05:55]    INFO >> epoch 022 | loss 59.459 | nll_loss 5.4 | bleu 0 | ppl 42.21 | wps 7171.7 | ups 6.52 | wpb 1100.6 | bsz 99.9 | num_updates 4906 | lr 0.5 | gnorm 484.647 | clip 100 | train_wall 15 | wall 767 (progress_bar.py:269, print())
[2020-12-28 09:06:07]    INFO >> epoch 022 | valid on 'valid' subset | loss 66.355 | nll_loss 5.962 | bleu 13.2377 | ppl 62.35 | wps 0 | wpb 22792 | bsz 2048 | num_updates 4906 | best_bleu 13.9851 (progress_bar.py:269, print())
[2020-12-28 09:06:21]    INFO >> epoch 023:     94 / 223 loss=59.637, nll_loss=5.411, bleu=0, ppl=42.56, wps=7446, ups=6.76, wpb=1101.5, bsz=100, num_updates=5000, lr=0.5, gnorm=484.938, clip=100, train_wall=34, wall=793 (progress_bar.py:262, log())
[2020-12-28 09:06:31]    INFO >> epoch 023 | loss 58.924 | nll_loss 5.351 | bleu 0 | ppl 40.81 | wps 6850.5 | ups 6.22 | wpb 1100.6 | bsz 99.9 | num_updates 5129 | lr 0.5 | gnorm 485.769 | clip 100 | train_wall 15 | wall 803 (progress_bar.py:269, print())
[2020-12-28 09:06:42]    INFO >> epoch 023 | valid on 'valid' subset | loss 68.013 | nll_loss 6.111 | bleu 13.014 | ppl 69.14 | wps 0 | wpb 22792 | bsz 2048 | num_updates 5129 | best_bleu 13.9851 (progress_bar.py:269, print())
[2020-12-28 09:07:06]    INFO >> epoch 024 | loss 58.448 | nll_loss 5.308 | bleu 0 | ppl 39.61 | wps 7105.4 | ups 6.46 | wpb 1100.6 | bsz 99.9 | num_updates 5352 | lr 0.5 | gnorm 485.561 | clip 100 | train_wall 15 | wall 838 (progress_bar.py:269, print())
[2020-12-28 09:07:19]    INFO >> epoch 024 | valid on 'valid' subset | loss 67.007 | nll_loss 6.021 | bleu 11.5598 | ppl 64.94 | wps 0 | wpb 22792 | bsz 2048 | num_updates 5352 | best_bleu 13.9851 (progress_bar.py:269, print())
[2020-12-28 09:07:36]    INFO >> epoch 025:    148 / 223 loss=58.39, nll_loss=5.302, bleu=0, ppl=39.45, wps=7337.5, ups=6.66, wpb=1101.1, bsz=100, num_updates=5500, lr=0.5, gnorm=485.634, clip=100, train_wall=34, wall=868 (progress_bar.py:262, log())
[2020-12-28 09:07:42]    INFO >> epoch 025 | loss 57.861 | nll_loss 5.255 | bleu 0 | ppl 38.17 | wps 6737.9 | ups 6.12 | wpb 1100.6 | bsz 99.9 | num_updates 5575 | lr 0.5 | gnorm 483.87 | clip 100 | train_wall 15 | wall 874 (progress_bar.py:269, print())
[2020-12-28 09:07:53]    INFO >> epoch 025 | valid on 'valid' subset | loss 68.443 | nll_loss 6.15 | bleu 13.5054 | ppl 71.01 | wps 0 | wpb 22792 | bsz 2048 | num_updates 5575 | best_bleu 13.9851 (progress_bar.py:269, print())
[2020-12-28 09:08:16]    INFO >> epoch 026 | loss 57.374 | nll_loss 5.21 | bleu 0 | ppl 37.02 | wps 7212.1 | ups 6.55 | wpb 1100.6 | bsz 99.9 | num_updates 5798 | lr 0.5 | gnorm 487.16 | clip 100 | train_wall 15 | wall 908 (progress_bar.py:269, print())
[2020-12-28 09:08:28]    INFO >> epoch 026 | valid on 'valid' subset | loss 67.779 | nll_loss 6.09 | bleu 11.9079 | ppl 68.14 | wps 0 | wpb 22792 | bsz 2048 | num_updates 5798 | best_bleu 13.9851 (progress_bar.py:269, print())
[2020-12-28 09:08:49]    INFO >> epoch 027:    202 / 223 loss=57.259, nll_loss=5.202, bleu=0, ppl=36.81, wps=7540.4, ups=6.86, wpb=1099.9, bsz=99.9, num_updates=6000, lr=0.5, gnorm=487.242, clip=100, train_wall=33, wall=941 (progress_bar.py:262, log())
[2020-12-28 09:08:51]    INFO >> epoch 027 | loss 56.855 | nll_loss 5.163 | bleu 0 | ppl 35.83 | wps 7001.3 | ups 6.36 | wpb 1100.6 | bsz 99.9 | num_updates 6021 | lr 0.5 | gnorm 489.796 | clip 100 | train_wall 15 | wall 943 (progress_bar.py:269, print())
[2020-12-28 09:09:04]    INFO >> epoch 027 | valid on 'valid' subset | loss 67.02 | nll_loss 6.022 | bleu 11.7917 | ppl 64.99 | wps 0 | wpb 22792 | bsz 2048 | num_updates 6021 | best_bleu 13.9851 (progress_bar.py:269, print())
[2020-12-28 09:09:28]    INFO >> epoch 028 | loss 56.331 | nll_loss 5.116 | bleu 0 | ppl 34.67 | wps 6706.5 | ups 6.09 | wpb 1100.6 | bsz 99.9 | num_updates 6244 | lr 0.5 | gnorm 487.61 | clip 100 | train_wall 15 | wall 980 (progress_bar.py:269, print())
[2020-12-28 09:09:39]    INFO >> epoch 028 | valid on 'valid' subset | loss 67.554 | nll_loss 6.07 | bleu 12.4783 | ppl 67.19 | wps 0 | wpb 22792 | bsz 2048 | num_updates 6244 | best_bleu 13.9851 (progress_bar.py:269, print())
[2020-12-28 09:10:01]    INFO >> epoch 029 | loss 55.916 | nll_loss 5.078 | bleu 0 | ppl 33.77 | wps 7276.4 | ups 6.61 | wpb 1100.6 | bsz 99.9 | num_updates 6467 | lr 0.5 | gnorm 489.601 | clip 100 | train_wall 15 | wall 1013 (progress_bar.py:269, print())
[2020-12-28 09:10:12]    INFO >> epoch 029 | valid on 'valid' subset | loss 67.831 | nll_loss 6.095 | bleu 13.0203 | ppl 68.36 | wps 0 | wpb 22792 | bsz 2048 | num_updates 6467 | best_bleu 13.9851 (progress_bar.py:269, print())
[2020-12-28 09:10:21]    INFO >> epoch 030:     33 / 223 loss=56.032, nll_loss=5.091, bleu=0, ppl=34.08, wps=5972.6, ups=5.43, wpb=1100.1, bsz=100, num_updates=6500, lr=0.5, gnorm=488.569, clip=100, train_wall=33, wall=1033 (progress_bar.py:262, log())
[2020-12-28 09:10:35]    INFO >> epoch 030 | loss 55.459 | nll_loss 5.036 | bleu 0 | ppl 32.82 | wps 7253.9 | ups 6.59 | wpb 1100.6 | bsz 99.9 | num_updates 6690 | lr 0.5 | gnorm 489.972 | clip 100 | train_wall 15 | wall 1047 (progress_bar.py:269, print())
[2020-12-28 09:10:46]    INFO >> epoch 030 | valid on 'valid' subset | loss 68.384 | nll_loss 6.145 | bleu 12.4929 | ppl 70.75 | wps 0 | wpb 22792 | bsz 2048 | num_updates 6690 | best_bleu 13.9851 (progress_bar.py:269, print())
[2020-12-28 09:11:09]    INFO >> epoch 031 | loss 55.013 | nll_loss 4.996 | bleu 0 | ppl 31.91 | wps 7350.7 | ups 6.68 | wpb 1100.6 | bsz 99.9 | num_updates 6913 | lr 0.5 | gnorm 493.638 | clip 100 | train_wall 14 | wall 1081 (progress_bar.py:269, print())
[2020-12-28 09:11:21]    INFO >> epoch 031 | valid on 'valid' subset | loss 67.699 | nll_loss 6.083 | bleu 12.1812 | ppl 67.8 | wps 0 | wpb 22792 | bsz 2048 | num_updates 6913 | best_bleu 13.9851 (progress_bar.py:269, print())
[2020-12-28 09:11:34]    INFO >> epoch 032:     87 / 223 loss=55.051, nll_loss=4.999, bleu=0, ppl=31.99, wps=7564.2, ups=6.87, wpb=1100.3, bsz=99.9, num_updates=7000, lr=0.5, gnorm=491.79, clip=100, train_wall=33, wall=1106 (progress_bar.py:262, log())
[2020-12-28 09:11:44]    INFO >> epoch 032 | loss 54.508 | nll_loss 4.95 | bleu 0 | ppl 30.91 | wps 6897.1 | ups 6.27 | wpb 1100.6 | bsz 99.9 | num_updates 7136 | lr 0.5 | gnorm 493.415 | clip 100 | train_wall 15 | wall 1116 (progress_bar.py:269, print())
[2020-12-28 09:11:56]    INFO >> epoch 032 | valid on 'valid' subset | loss 68.473 | nll_loss 6.153 | bleu 11.3206 | ppl 71.15 | wps 0 | wpb 22792 | bsz 2048 | num_updates 7136 | best_bleu 13.9851 (progress_bar.py:269, print())
[2020-12-28 09:12:19]    INFO >> epoch 033 | loss 54.196 | nll_loss 4.922 | bleu 0 | ppl 30.31 | wps 7103.5 | ups 6.45 | wpb 1100.6 | bsz 99.9 | num_updates 7359 | lr 0.5 | gnorm 495.425 | clip 100 | train_wall 14 | wall 1151 (progress_bar.py:269, print())
[2020-12-28 09:12:31]    INFO >> epoch 033 | valid on 'valid' subset | loss 68.471 | nll_loss 6.153 | bleu 12.5954 | ppl 71.14 | wps 0 | wpb 22792 | bsz 2048 | num_updates 7359 | best_bleu 13.9851 (progress_bar.py:269, print())
[2020-12-28 09:12:47]    INFO >> epoch 034:    141 / 223 loss=54.196, nll_loss=4.92, bleu=0, ppl=30.27, wps=7529.8, ups=6.84, wpb=1101.3, bsz=100, num_updates=7500, lr=0.5, gnorm=495.885, clip=100, train_wall=32, wall=1179 (progress_bar.py:262, log())
[2020-12-28 09:12:53]    INFO >> epoch 034 | loss 53.7 | nll_loss 4.877 | bleu 0 | ppl 29.38 | wps 7113.5 | ups 6.46 | wpb 1100.6 | bsz 99.9 | num_updates 7582 | lr 0.5 | gnorm 496.467 | clip 100 | train_wall 14 | wall 1185 (progress_bar.py:269, print())
[2020-12-28 09:13:06]    INFO >> epoch 034 | valid on 'valid' subset | loss 69.12 | nll_loss 6.211 | bleu 11.7402 | ppl 74.07 | wps 0 | wpb 22792 | bsz 2048 | num_updates 7582 | best_bleu 13.9851 (progress_bar.py:269, print())
[2020-12-28 09:13:28]    INFO >> epoch 035 | loss 53.273 | nll_loss 4.838 | bleu 0 | ppl 28.6 | wps 7076.1 | ups 6.43 | wpb 1100.6 | bsz 99.9 | num_updates 7805 | lr 0.5 | gnorm 496.668 | clip 100 | train_wall 14 | wall 1220 (progress_bar.py:269, print())
[2020-12-28 09:13:42]    INFO >> epoch 035 | valid on 'valid' subset | loss 68.997 | nll_loss 6.2 | bleu 12.0714 | ppl 73.51 | wps 0 | wpb 22792 | bsz 2048 | num_updates 7805 | best_bleu 13.9851 (progress_bar.py:269, print())
[2020-12-28 09:14:03]    INFO >> epoch 036:    195 / 223 loss=53.244, nll_loss=4.835, bleu=0, ppl=28.54, wps=7283.3, ups=6.62, wpb=1100.4, bsz=99.9, num_updates=8000, lr=0.5, gnorm=498.335, clip=100, train_wall=32, wall=1255 (progress_bar.py:262, log())
[2020-12-28 09:14:05]    INFO >> epoch 036 | loss 52.984 | nll_loss 4.812 | bleu 0 | ppl 28.08 | wps 6618.8 | ups 6.01 | wpb 1100.6 | bsz 99.9 | num_updates 8028 | lr 0.5 | gnorm 501.077 | clip 100 | train_wall 15 | wall 1257 (progress_bar.py:269, print())
[2020-12-28 09:14:19]    INFO >> epoch 036 | valid on 'valid' subset | loss 68.946 | nll_loss 6.195 | bleu 12.4168 | ppl 73.27 | wps 0 | wpb 22792 | bsz 2048 | num_updates 8028 | best_bleu 13.9851 (progress_bar.py:269, print())
[2020-12-28 09:14:41]    INFO >> epoch 037 | loss 52.458 | nll_loss 4.764 | bleu 0 | ppl 27.17 | wps 6736 | ups 6.12 | wpb 1100.6 | bsz 99.9 | num_updates 8251 | lr 0.5 | gnorm 499.313 | clip 100 | train_wall 15 | wall 1294 (progress_bar.py:269, print())
[2020-12-28 09:14:54]    INFO >> epoch 037 | valid on 'valid' subset | loss 69.214 | nll_loss 6.219 | bleu 12.3082 | ppl 74.51 | wps 0 | wpb 22792 | bsz 2048 | num_updates 8251 | best_bleu 13.9851 (progress_bar.py:269, print())
[2020-12-28 09:15:16]    INFO >> epoch 038 | loss 52.098 | nll_loss 4.731 | bleu 0 | ppl 26.56 | wps 7074 | ups 6.43 | wpb 1100.6 | bsz 99.9 | num_updates 8474 | lr 0.5 | gnorm 502.064 | clip 100 | train_wall 14 | wall 1328 (progress_bar.py:269, print())
[2020-12-28 09:15:29]    INFO >> epoch 038 | valid on 'valid' subset | loss 68.878 | nll_loss 6.189 | bleu 12.6631 | ppl 72.96 | wps 0 | wpb 22792 | bsz 2048 | num_updates 8474 | best_bleu 13.9851 (progress_bar.py:269, print())
[2020-12-28 09:15:38]    INFO >> epoch 039:     26 / 223 loss=52.268, nll_loss=4.748, bleu=0, ppl=26.88, wps=5792, ups=5.26, wpb=1100.2, bsz=100, num_updates=8500, lr=0.5, gnorm=500.537, clip=100, train_wall=32, wall=1350 (progress_bar.py:262, log())
[2020-12-28 09:15:52]    INFO >> epoch 039 | loss 51.753 | nll_loss 4.7 | bleu 0 | ppl 25.99 | wps 6800.6 | ups 6.18 | wpb 1100.6 | bsz 99.9 | num_updates 8697 | lr 0.5 | gnorm 503.308 | clip 100 | train_wall 15 | wall 1364 (progress_bar.py:269, print())
[2020-12-28 09:16:04]    INFO >> epoch 039 | valid on 'valid' subset | loss 69.447 | nll_loss 6.24 | bleu 12.888 | ppl 75.59 | wps 0 | wpb 22792 | bsz 2048 | num_updates 8697 | best_bleu 13.9851 (progress_bar.py:269, print())
[2020-12-28 09:16:26]    INFO >> epoch 040 | loss 51.29 | nll_loss 4.658 | bleu 0 | ppl 25.24 | wps 7225.3 | ups 6.56 | wpb 1100.6 | bsz 99.9 | num_updates 8920 | lr 0.5 | gnorm 504.401 | clip 100 | train_wall 15 | wall 1398 (progress_bar.py:269, print())
[2020-12-28 09:16:38]    INFO >> epoch 040 | valid on 'valid' subset | loss 70.398 | nll_loss 6.326 | bleu 13.195 | ppl 80.21 | wps 0 | wpb 22792 | bsz 2048 | num_updates 8920 | best_bleu 13.9851 (progress_bar.py:269, print())
[2020-12-28 09:16:50]    INFO >> epoch 041:     80 / 223 loss=51.462, nll_loss=4.672, bleu=0, ppl=25.49, wps=7647, ups=6.95, wpb=1101, bsz=100, num_updates=9000, lr=0.5, gnorm=504.642, clip=100, train_wall=33, wall=1422 (progress_bar.py:262, log())
[2020-12-28 09:17:00]    INFO >> epoch 041 | loss 50.972 | nll_loss 4.629 | bleu 0 | ppl 24.74 | wps 7263 | ups 6.6 | wpb 1100.6 | bsz 99.9 | num_updates 9143 | lr 0.5 | gnorm 508.191 | clip 100 | train_wall 14 | wall 1432 (progress_bar.py:269, print())
[2020-12-28 09:17:13]    INFO >> epoch 041 | valid on 'valid' subset | loss 70.925 | nll_loss 6.373 | bleu 12.2804 | ppl 82.89 | wps 0 | wpb 22792 | bsz 2048 | num_updates 9143 | best_bleu 13.9851 (progress_bar.py:269, print())
[2020-12-28 09:17:35]    INFO >> epoch 042 | loss 50.67 | nll_loss 4.601 | bleu 0 | ppl 24.28 | wps 6937 | ups 6.3 | wpb 1100.6 | bsz 99.9 | num_updates 9366 | lr 0.5 | gnorm 509.018 | clip 100 | train_wall 15 | wall 1467 (progress_bar.py:269, print())
[2020-12-28 09:17:47]    INFO >> epoch 042 | valid on 'valid' subset | loss 70.672 | nll_loss 6.35 | bleu 12.541 | ppl 81.59 | wps 0 | wpb 22792 | bsz 2048 | num_updates 9366 | best_bleu 13.9851 (progress_bar.py:269, print())
[2020-12-28 09:18:03]    INFO >> epoch 043:    134 / 223 loss=50.629, nll_loss=4.596, bleu=0, ppl=24.18, wps=7523.6, ups=6.83, wpb=1100.9, bsz=99.9, num_updates=9500, lr=0.5, gnorm=509.091, clip=100, train_wall=32, wall=1495 (progress_bar.py:262, log())
[2020-12-28 09:18:09]    INFO >> epoch 043 | loss 50.28 | nll_loss 4.566 | bleu 0 | ppl 23.69 | wps 7211.3 | ups 6.55 | wpb 1100.6 | bsz 99.9 | num_updates 9589 | lr 0.5 | gnorm 509.358 | clip 100 | train_wall 14 | wall 1501 (progress_bar.py:269, print())
[2020-12-28 09:18:22]    INFO >> epoch 043 | valid on 'valid' subset | loss 70.022 | nll_loss 6.292 | bleu 12.614 | ppl 78.35 | wps 0 | wpb 22792 | bsz 2048 | num_updates 9589 | best_bleu 13.9851 (progress_bar.py:269, print())
[2020-12-28 09:18:44]    INFO >> epoch 044 | loss 49.901 | nll_loss 4.532 | bleu 0 | ppl 23.13 | wps 7065.4 | ups 6.42 | wpb 1100.6 | bsz 99.9 | num_updates 9812 | lr 0.5 | gnorm 510.51 | clip 100 | train_wall 14 | wall 1536 (progress_bar.py:269, print())
[2020-12-28 09:18:57]    INFO >> epoch 044 | valid on 'valid' subset | loss 70.451 | nll_loss 6.33 | bleu 13.0059 | ppl 80.47 | wps 0 | wpb 22792 | bsz 2048 | num_updates 9812 | best_bleu 13.9851 (progress_bar.py:269, print())
[2020-12-28 09:19:16]    INFO >> epoch 045:    188 / 223 loss=49.869, nll_loss=4.53, bleu=0, ppl=23.11, wps=7481.5, ups=6.8, wpb=1100.3, bsz=100, num_updates=10000, lr=0.5, gnorm=511.914, clip=100, train_wall=32, wall=1568 (progress_bar.py:262, log())
[2020-12-28 09:19:19]    INFO >> epoch 045 | loss 49.579 | nll_loss 4.502 | bleu 0 | ppl 22.66 | wps 6974 | ups 6.34 | wpb 1100.6 | bsz 99.9 | num_updates 10035 | lr 0.5 | gnorm 514.765 | clip 100 | train_wall 15 | wall 1571 (progress_bar.py:269, print())
[2020-12-28 09:19:32]    INFO >> epoch 045 | valid on 'valid' subset | loss 71.071 | nll_loss 6.386 | bleu 12.081 | ppl 83.64 | wps 0 | wpb 22792 | bsz 2048 | num_updates 10035 | best_bleu 13.9851 (progress_bar.py:269, print())
[2020-12-28 09:19:55]    INFO >> epoch 046 | loss 49.239 | nll_loss 4.472 | bleu 0 | ppl 22.18 | wps 6891.3 | ups 6.26 | wpb 1100.6 | bsz 99.9 | num_updates 10258 | lr 0.5 | gnorm 512.606 | clip 100 | train_wall 14 | wall 1607 (progress_bar.py:269, print())
[2020-12-28 09:20:08]    INFO >> epoch 046 | valid on 'valid' subset | loss 71.031 | nll_loss 6.383 | bleu 11.8577 | ppl 83.44 | wps 0 | wpb 22792 | bsz 2048 | num_updates 10258 | best_bleu 13.9851 (progress_bar.py:269, print())
[2020-12-28 09:20:31]    INFO >> epoch 047 | loss 48.881 | nll_loss 4.439 | bleu 0 | ppl 21.69 | wps 6900.4 | ups 6.27 | wpb 1100.6 | bsz 99.9 | num_updates 10481 | lr 0.5 | gnorm 516.811 | clip 100 | train_wall 14 | wall 1643 (progress_bar.py:269, print())
[2020-12-28 09:20:43]    INFO >> epoch 047 | valid on 'valid' subset | loss 71.312 | nll_loss 6.408 | bleu 12.2832 | ppl 84.91 | wps 0 | wpb 22792 | bsz 2048 | num_updates 10481 | best_bleu 13.9851 (progress_bar.py:269, print())
[2020-12-28 09:20:51]    INFO >> epoch 048:     19 / 223 loss=49.107, nll_loss=4.459, bleu=0, ppl=22, wps=5805.7, ups=5.27, wpb=1100.7, bsz=100, num_updates=10500, lr=0.5, gnorm=515, clip=100, train_wall=32, wall=1663 (progress_bar.py:262, log())
[2020-12-28 09:21:05]    INFO >> epoch 048 | loss 48.572 | nll_loss 4.411 | bleu 0 | ppl 21.27 | wps 7068.2 | ups 6.42 | wpb 1100.6 | bsz 99.9 | num_updates 10704 | lr 0.5 | gnorm 517.385 | clip 100 | train_wall 14 | wall 1677 (progress_bar.py:269, print())
[2020-12-28 09:21:24]    INFO >> epoch 048 | valid on 'valid' subset | loss 72.27 | nll_loss 6.494 | bleu 12.2261 | ppl 90.13 | wps 0 | wpb 22792 | bsz 2048 | num_updates 10704 | best_bleu 13.9851 (progress_bar.py:269, print())
[2020-12-28 09:21:51]    INFO >> epoch 049 | loss 48.269 | nll_loss 4.383 | bleu 0 | ppl 20.87 | wps 5407.8 | ups 4.91 | wpb 1100.6 | bsz 99.9 | num_updates 10927 | lr 0.5 | gnorm 518.078 | clip 100 | train_wall 18 | wall 1723 (progress_bar.py:269, print())
[2020-12-28 09:22:09]    INFO >> epoch 049 | valid on 'valid' subset | loss 72.21 | nll_loss 6.489 | bleu 11.9404 | ppl 89.79 | wps 0 | wpb 22792 | bsz 2048 | num_updates 10927 | best_bleu 13.9851 (progress_bar.py:269, print())
[2020-12-28 09:22:21]    INFO >> epoch 050:     73 / 223 loss=48.316, nll_loss=4.385, bleu=0, ppl=20.9, wps=6132.9, ups=5.57, wpb=1101.2, bsz=100, num_updates=11000, lr=0.5, gnorm=517.846, clip=100, train_wall=36, wall=1753 (progress_bar.py:262, log())
[2020-12-28 09:22:32]    INFO >> epoch 050 | loss 47.887 | nll_loss 4.349 | bleu 0 | ppl 20.38 | wps 5961.9 | ups 5.42 | wpb 1100.6 | bsz 99.9 | num_updates 11150 | lr 0.5 | gnorm 520.438 | clip 100 | train_wall 14 | wall 1764 (progress_bar.py:269, print())
[2020-12-28 09:22:52]    INFO >> epoch 050 | valid on 'valid' subset | loss 72.569 | nll_loss 6.521 | bleu 12.9023 | ppl 91.82 | wps 0 | wpb 22792 | bsz 2048 | num_updates 11150 | best_bleu 13.9851 (progress_bar.py:269, print())
[2020-12-28 09:23:19]    INFO >> epoch 051 | loss 47.593 | nll_loss 4.322 | bleu 0 | ppl 20 | wps 5153.3 | ups 4.68 | wpb 1100.6 | bsz 99.9 | num_updates 11373 | lr 0.5 | gnorm 523.289 | clip 100 | train_wall 19 | wall 1812 (progress_bar.py:269, print())
[2020-12-28 09:23:36]    INFO >> epoch 051 | valid on 'valid' subset | loss 72.734 | nll_loss 6.536 | bleu 12.4762 | ppl 92.77 | wps 0 | wpb 22792 | bsz 2048 | num_updates 11373 | best_bleu 13.9851 (progress_bar.py:269, print())
[2020-12-28 09:23:52]    INFO >> epoch 052:    127 / 223 loss=47.561, nll_loss=4.321, bleu=0, ppl=19.99, wps=6034.4, ups=5.49, wpb=1099.9, bsz=99.9, num_updates=11500, lr=0.5, gnorm=522.249, clip=100, train_wall=37, wall=1844 (progress_bar.py:262, log())
[2020-12-28 09:24:01]    INFO >> epoch 052 | loss 47.261 | nll_loss 4.292 | bleu 0 | ppl 19.59 | wps 5932.3 | ups 5.39 | wpb 1100.6 | bsz 99.9 | num_updates 11596 | lr 0.5 | gnorm 524.001 | clip 100 | train_wall 16 | wall 1853 (progress_bar.py:269, print())
[2020-12-28 09:24:20]    INFO >> epoch 052 | valid on 'valid' subset | loss 72.95 | nll_loss 6.555 | bleu 12.5909 | ppl 94.03 | wps 0 | wpb 22792 | bsz 2048 | num_updates 11596 | best_bleu 13.9851 (progress_bar.py:269, print())
[2020-12-28 09:24:46]    INFO >> epoch 053 | loss 47.009 | nll_loss 4.269 | bleu 0 | ppl 19.28 | wps 5407.7 | ups 4.91 | wpb 1100.6 | bsz 99.9 | num_updates 11819 | lr 0.5 | gnorm 524.55 | clip 100 | train_wall 18 | wall 1898 (progress_bar.py:269, print())
[2020-12-28 09:25:00]    INFO >> epoch 053 | valid on 'valid' subset | loss 72.98 | nll_loss 6.558 | bleu 11.9325 | ppl 94.2 | wps 0 | wpb 22792 | bsz 2048 | num_updates 11819 | best_bleu 13.9851 (progress_bar.py:269, print())
[2020-12-28 09:25:21]    INFO >> epoch 054:    181 / 223 loss=46.919, nll_loss=4.263, bleu=0, ppl=19.2, wps=6197.7, ups=5.63, wpb=1100.4, bsz=100, num_updates=12000, lr=0.5, gnorm=525.253, clip=100, train_wall=40, wall=1933 (progress_bar.py:262, log())
[2020-12-28 09:25:25]    INFO >> epoch 054 | loss 46.612 | nll_loss 4.233 | bleu 0 | ppl 18.8 | wps 6311.4 | ups 5.73 | wpb 1100.6 | bsz 99.9 | num_updates 12042 | lr 0.5 | gnorm 526.576 | clip 100 | train_wall 17 | wall 1937 (progress_bar.py:269, print())
[2020-12-28 09:25:42]    INFO >> epoch 054 | valid on 'valid' subset | loss 73.898 | nll_loss 6.64 | bleu 12.1845 | ppl 99.75 | wps 0 | wpb 22792 | bsz 2048 | num_updates 12042 | best_bleu 13.9851 (progress_bar.py:269, print())
[2020-12-28 09:26:10]    INFO >> epoch 055 | loss 46.358 | nll_loss 4.21 | bleu 0 | ppl 18.51 | wps 5423.3 | ups 4.93 | wpb 1100.6 | bsz 99.9 | num_updates 12265 | lr 0.5 | gnorm 527.626 | clip 100 | train_wall 20 | wall 1982 (progress_bar.py:269, print())
[2020-12-28 09:26:22]    INFO >> epoch 055 | valid on 'valid' subset | loss 73.347 | nll_loss 6.591 | bleu 12.6279 | ppl 96.38 | wps 0 | wpb 22792 | bsz 2048 | num_updates 12265 | best_bleu 13.9851 (progress_bar.py:269, print())
[2020-12-28 09:26:49]    INFO >> epoch 056 | loss 46.104 | nll_loss 4.187 | bleu 0 | ppl 18.21 | wps 6353.1 | ups 5.77 | wpb 1100.6 | bsz 99.9 | num_updates 12488 | lr 0.5 | gnorm 530.101 | clip 100 | train_wall 19 | wall 2021 (progress_bar.py:269, print())
[2020-12-28 09:27:05]    INFO >> epoch 056 | valid on 'valid' subset | loss 73.714 | nll_loss 6.624 | bleu 12.824 | ppl 98.61 | wps 0 | wpb 22792 | bsz 2048 | num_updates 12488 | best_bleu 13.9851 (progress_bar.py:269, print())
[2020-12-28 09:27:12]    INFO >> epoch 057:     12 / 223 loss=46.296, nll_loss=4.203, bleu=0, ppl=18.41, wps=4945.4, ups=4.49, wpb=1100.8, bsz=99.9, num_updates=12500, lr=0.5, gnorm=529.219, clip=100, train_wall=43, wall=2044 (progress_bar.py:262, log())
[2020-12-28 09:27:33]    INFO >> epoch 057 | loss 45.834 | nll_loss 4.162 | bleu 0 | ppl 17.91 | wps 5606 | ups 5.09 | wpb 1100.6 | bsz 99.9 | num_updates 12711 | lr 0.5 | gnorm 531.318 | clip 100 | train_wall 20 | wall 2065 (progress_bar.py:269, print())
[2020-12-28 09:27:46]    INFO >> epoch 057 | valid on 'valid' subset | loss 74.184 | nll_loss 6.666 | bleu 12.2141 | ppl 101.54 | wps 0 | wpb 22792 | bsz 2048 | num_updates 12711 | best_bleu 13.9851 (progress_bar.py:269, print())
[2020-12-28 09:28:14]    INFO >> epoch 058 | loss 45.47 | nll_loss 4.129 | bleu 0 | ppl 17.5 | wps 5912.3 | ups 5.37 | wpb 1100.6 | bsz 99.9 | num_updates 12934 | lr 0.5 | gnorm 530.832 | clip 100 | train_wall 20 | wall 2106 (progress_bar.py:269, print())
[2020-12-28 09:28:30]    INFO >> epoch 058 | valid on 'valid' subset | loss 74.671 | nll_loss 6.71 | bleu 11.9666 | ppl 104.67 | wps 0 | wpb 22792 | bsz 2048 | num_updates 12934 | best_bleu 13.9851 (progress_bar.py:269, print())
[2020-12-28 09:28:44]    INFO >> epoch 059:     66 / 223 loss=45.502, nll_loss=4.133, bleu=0, ppl=17.55, wps=6012.7, ups=5.46, wpb=1100.3, bsz=100, num_updates=13000, lr=0.5, gnorm=530.875, clip=100, train_wall=46, wall=2136 (progress_bar.py:262, log())
[2020-12-28 09:28:58]    INFO >> epoch 059 | loss 45.235 | nll_loss 4.108 | bleu 0 | ppl 17.24 | wps 5566.1 | ups 5.06 | wpb 1100.6 | bsz 99.9 | num_updates 13157 | lr 0.5 | gnorm 534.771 | clip 100 | train_wall 20 | wall 2150 (progress_bar.py:269, print())
[2020-12-28 09:29:10]    INFO >> epoch 059 | valid on 'valid' subset | loss 74.868 | nll_loss 6.727 | bleu 12.5757 | ppl 105.96 | wps 0 | wpb 22792 | bsz 2048 | num_updates 13157 | best_bleu 13.9851 (progress_bar.py:269, print())
[2020-12-28 09:29:39]    INFO >> epoch 060 | loss 44.94 | nll_loss 4.081 | bleu 0 | ppl 16.93 | wps 6070.1 | ups 5.52 | wpb 1100.6 | bsz 99.9 | num_updates 13380 | lr 0.5 | gnorm 535.589 | clip 100 | train_wall 20 | wall 2191 (progress_bar.py:269, print())
[2020-12-28 09:29:54]    INFO >> epoch 060 | valid on 'valid' subset | loss 75.704 | nll_loss 6.802 | bleu 13.0129 | ppl 111.62 | wps 0 | wpb 22792 | bsz 2048 | num_updates 13380 | best_bleu 13.9851 (progress_bar.py:269, print())
[2020-12-28 09:30:13]    INFO >> epoch 061:    120 / 223 loss=44.974, nll_loss=4.083, bleu=0, ppl=16.95, wps=6143.7, ups=5.58, wpb=1100.6, bsz=99.9, num_updates=13500, lr=0.5, gnorm=536.1, clip=100, train_wall=46, wall=2225 (progress_bar.py:262, log())
[2020-12-28 09:30:22]    INFO >> epoch 061 | loss 44.677 | nll_loss 4.057 | bleu 0 | ppl 16.65 | wps 5652.8 | ups 5.14 | wpb 1100.6 | bsz 99.9 | num_updates 13603 | lr 0.5 | gnorm 536.487 | clip 100 | train_wall 20 | wall 2234 (progress_bar.py:269, print())
[2020-12-28 09:30:34]    INFO >> epoch 061 | valid on 'valid' subset | loss 75.683 | nll_loss 6.801 | bleu 12.2755 | ppl 111.48 | wps 0 | wpb 22792 | bsz 2048 | num_updates 13603 | best_bleu 13.9851 (progress_bar.py:269, print())
[2020-12-28 09:30:34]    INFO >> done training in 2246.1 seconds (train.py:298, single_main())
