nohup: 忽略输入
[2021-01-27 12:15:18]    INFO >> Load arguments in /home/yanghe/Documents/naturalcc-dev/run/summarization/codenn/config/stack_overflow/sql.yml (train.py:405, cli_main())
[2021-01-27 12:15:19]    INFO >> {'criterion': 'codenn_cross_entropy', 'optimizer': 'adam', 'lr_scheduler': 'fixed', 'tokenizer': None, 'bpe': None, 'common': {'no_progress_bar': 0, 'log_interval': 500, 'log_format': 'simple', 'tensorboard_logdir': '', 'memory_efficient_fp16': 1, 'fp16_no_flatten_grads': 1, 'fp16_init_scale': 128, 'fp16_scale_window': None, 'fp16_scale_tolerance': 0.0, 'min_loss_scale': 0.0001, 'threshold_loss_scale': None, 'empty_cache_freq': 0, 'task': 'be_codenn_summarization', 'seed': 1, 'cpu': 0, 'fp16': 0, 'fp16_opt_level': '01', 'server_ip': '', 'server_port': ''}, 'dataset': {'num_workers': 3, 'skip_invalid_size_inputs_valid_test': 1, 'max_tokens': None, 'max_sentences': 100, 'required_batch_size_multiple': 1, 'dataset_impl': 'mmap', 'train_subset': 'train', 'valid_subset': 'valid', 'dev_subset': 'dev', 'dev_ref_subset': 'dev.ref', 'validate_interval': 1, 'fixed_validation_seed': None, 'disable_validation': 0, 'max_tokens_valid': None, 'max_sentences_valid': 2048, 'curriculum': 0, 'gen_subset': 'valid', 'num_shards': 1, 'shard_id': 0}, 'distributed_training': {'distributed_world_size': 1, 'distributed_rank': 0, 'distributed_backend': 'nccl', 'distributed_init_method': None, 'distributed_port': -1, 'device_id': 0, 'distributed_no_spawn': 0, 'ddp_backend': 'c10d', 'bucket_cap_mb': 25, 'fix_batches_to_gpus': None, 'find_unused_parameters': 0, 'fast_stat_sync': 0, 'broadcast_buffers': 0, 'global_sync_iter': 50, 'warmup_iterations': 500, 'local_rank': -1, 'block_momentum': 0.875, 'block_lr': 1, 'use_nbm': 0, 'average_sync': 0}, 'task': {'data': '/data/yanghe/.ncc/stack_overflow/summarization/sql/data-mmap', 'source_lang': 'code_tokens', 'target_lang': 'docstring_tokens', 'load_alignments': 0, 'left_pad_source': 0, 'left_pad_target': 0, 'max_source_positions': 100, 'max_target_positions': 100, 'upsample_primary': 1, 'truncate_source': 0, 'truncate_target': 0, 'append_eos_to_target': 1, 'eval_bleu': 1, 'eval_bleu_detok': 'space', 'eval_bleu_detok_args': None, 'eval_tokenized_bleu': 0, 'eval_bleu_remove_bpe': None, 'eval_bleu_args': None, 'eval_bleu_print_samples': 0, 'eval_meteor': 0}, 'model': {'arch': 'codenn', 'init_bound': 0.35, 'encoder_embed_dim': 400, 'encoder_embed': None, 'encoder_freeze_embed': 0, 'decoder_pos_dim': 50, 'decoder_embed_dim': 400, 'decoder_embed': None, 'decoder_freeze_embed': None, 'decoder_hidden_size': 400, 'decoder_layers': 1, 'decoder_out_embed_dim': 400, 'decoder_attention': 1, 'adaptive_softmax_cutoff': None, 'share_decoder_input_output_embed': 0, 'share_all_embeddings': 0, 'encoder_dropout': 0.5, 'decoder_dropout_in': 0.5, 'decoder_dropout_out': 0.5, 'max_source_positions': 100, 'max_target_positions': 100}, 'optimization': {'max_epoch': 0, 'max_update': 0, 'clip_norm': 5, 'update_freq': [1], 'lr': [0.5], 'min_lr': 0.001, 'use_bmuf': 1, 'force_anneal': 0, 'warmup_updates': 0, 'lr_shrink': 0.8, 'sentence_avg': 0, 'adam': {'adam_betas': '(0.9, 0.999)', 'adam_eps': 1e-08, 'weight_decay': 0.0, 'use_old_adam': 0}, 'weight_decay': 0.0, 'adam_epsilon': 1e-08, 'sgd': {'momentum': 0, 'weight_decay': 0, 'dampening': 0, 'nesterov': 0}, 'max_grad_norm': 1.0, 'num_train_epochs': 5, 'max_steps': -1, 'warmup_steps': 0, 'gradient_accumulation_steps': 1}, 'checkpoint': {'restore_file': 'checkpoint_last.pt', 'reset_dataloader': None, 'reset_lr_scheduler': None, 'reset_meters': None, 'reset_optimizer': None, 'optimizer_overrides': '{}', 'save_interval': 1, 'save_interval_updates': 0, 'keep_interval_updates': 0, 'keep_last_epochs': -1, 'keep_best_checkpoints': -1, 'no_save': 0, 'no_epoch_checkpoints': 1, 'no_last_checkpoints': 0, 'no_save_optimizer_state': None, 'best_checkpoint_metric': 'bleu', 'maximize_best_checkpoint_metric': 1, 'patience': -1, 'save_dir': '/data/yanghe/.ncc/stack_overflow/summarization/sql/data-mmap/codenn/checkpoints', 'should_continue': 0, 'model_name_or_path': None, 'cache_dir': None, 'logging_steps': 500, 'save_steps': 2000, 'save_total_limit': 2, 'overwrite_output_dir': 0, 'overwrite_cache': 0}, 'eval': {'path': '/data/yanghe/.ncc/stack_overflow/summarization/sql/data-mmap/codenn/checkpoints/checkpoint1.pt', 'result_path': None, 'remove_bpe': None, 'quiet': 0, 'model_overrides': '{}', 'max_sentences': 2048, 'beam': 1, 'nbest': 1, 'max_len_a': 0, 'max_len_b': 20, 'min_len': 1, 'match_source_len': 0, 'no_early_stop': 0, 'unnormalized': 0, 'no_beamable_mm': 0, 'lenpen': 1, 'unkpen': 0, 'replace_unk': None, 'sacrebleu': 0, 'score_reference': 0, 'prefix_size': 0, 'no_repeat_ngram_size': 0, 'sampling': 0, 'sampling_topk': -1, 'sampling_topp': -1, 'temperature': 1.0, 'diverse_beam_groups': -1, 'diverse_beam_strength': 0.5, 'diversity_rate': -1.0, 'print_alignment': 0, 'print_step': 0, 'iter_decode_eos_penalty': 0.0, 'iter_decode_max_iter': 10, 'iter_decode_force_max_iter': 0, 'iter_decode_with_beam': 1, 'iter_decode_with_external_reranker': 0, 'retain_iter_history': 0, 'decoding_format': None, 'nltk_bleu': 1, 'rouge': 1}} (train.py:407, cli_main())
[2021-01-27 12:15:19]    INFO >> single GPU training... (train.py:436, cli_main())
[2021-01-27 12:15:19]    INFO >> [code_tokens] dictionary: 657 types (be_codenn_summarization.py:152, setup_task())
[2021-01-27 12:15:19]    INFO >> [docstring_tokens] dictionary: 2506 types (be_codenn_summarization.py:153, setup_task())
[2021-01-27 12:15:19]    INFO >> loaded 3326 examples from: /data/yanghe/.ncc/stack_overflow/summarization/sql/data-mmap/valid.code_tokens (be_codenn_summarization.py:103, load_langpair_dataset())
[2021-01-27 12:15:19]    INFO >> loaded 3326 examples from: /data/yanghe/.ncc/stack_overflow/summarization/sql/data-mmap/valid.docstring_tokens (be_codenn_summarization.py:104, load_langpair_dataset())
[2021-01-27 12:15:19]    INFO >> loaded 111 examples from: /data/yanghe/.ncc/stack_overflow/summarization/sql/data-mmap/dev.code_tokens (be_codenn_summarization.py:103, load_langpair_dataset())
[2021-01-27 12:15:19]    INFO >> loaded 111 examples from: /data/yanghe/.ncc/stack_overflow/summarization/sql/data-mmap/dev.docstring_tokens (be_codenn_summarization.py:104, load_langpair_dataset())
[2021-01-27 12:15:19]    INFO >> CodeNNModel(
  (encoder): NBOWEncoder(
    (embed_tokens): Embedding(657, 400, padding_idx=0)
  )
  (decoder): LSTMDecoder(
    (embed_tokens): Embedding(2506, 400, padding_idx=0)
    (layers): ModuleList(
      (0): LSTMCell(400, 400)
    )
    (W_H): Linear(in_features=400, out_features=400, bias=True)
    (W_T): Linear(in_features=400, out_features=400, bias=True)
    (fc_out): Linear(in_features=400, out_features=2506, bias=True)
  )
) (train.py:311, single_main())
[2021-01-27 12:15:19]    INFO >> model codenn, criterion CodeNNCrossEntropyCriterion (train.py:312, single_main())
[2021-01-27 12:15:19]    INFO >> num. model params: 3874106 (num. trained: 3874106) (train.py:315, single_main())
[2021-01-27 12:15:21]    INFO >> training on 1 GPUs (train.py:320, single_main())
[2021-01-27 12:15:21]    INFO >> max tokens per GPU = None and max sentences per GPU = 100 (train.py:323, single_main())
[2021-01-27 12:15:21]    INFO >> no existing checkpoint found /data/yanghe/.ncc/stack_overflow/summarization/sql/data-mmap/codenn/checkpoints/checkpoint_last.pt (ncc_trainer.py:267, load_checkpoint())
[2021-01-27 12:15:21]    INFO >> loading train data for epoch 1 (ncc_trainer.py:281, get_train_iterator())
[2021-01-27 12:15:21]    INFO >> loaded 25671 examples from: /data/yanghe/.ncc/stack_overflow/summarization/sql/data-mmap/train.code_tokens (be_codenn_summarization.py:103, load_langpair_dataset())
[2021-01-27 12:15:21]    INFO >> loaded 25671 examples from: /data/yanghe/.ncc/stack_overflow/summarization/sql/data-mmap/train.docstring_tokens (be_codenn_summarization.py:104, load_langpair_dataset())
[2021-01-27 12:15:21] WARNING >> 1691 samples have invalid sizes and will be skipped, max_positions=(100, 100), first few sample ids=[7, 10, 43, 99, 131, 144, 149, 155, 191, 224] (data_utils.py:308, filter_by_size())
/home/yanghe/Documents/naturalcc-dev/ncc/utils/utils.py:573: UserWarning: amp_C fused kernels unavailable, disabling multi_tensor_l2norm; you may get better performance by installing NVIDIA's apex library
  "amp_C fused kernels unavailable, disabling multi_tensor_l2norm; "
[2021-01-27 12:15:40]    INFO >> epoch 001 | loss 420.467 | bleu 0 | ppl inf | wps 18640.4 | ups 17.47 | wpb 1067.1 | bsz 99.9 | num_updates 240 | lr 0.5 | gnorm 1158.18 | clip 99.6 | train_wall 13 | wall 20 | accuracy 1.78% (progress_bar.py:269, print())
[2021-01-27 12:15:40] WARNING >> 216 samples have invalid sizes and will be skipped, max_positions=(100, 100), first few sample ids=[29, 62, 87, 125, 159, 161, 184, 204, 224, 235] (data_utils.py:308, filter_by_size())
[2021-01-27 12:15:51]    INFO >> epoch 001 | valid on 'valid' subset | accuracy 4.75% | bleu 6.1183 | loss 429.002 (progress_bar.py:269, print())
[2021-01-27 12:15:57]    INFO >> epoch 001 | valid on 'dev' subset | bleu 1.11 | num_updates 240 (progress_bar.py:269, print())
[2021-01-27 12:15:58]    INFO >> saved checkpoint /data/yanghe/.ncc/stack_overflow/summarization/sql/data-mmap/codenn/checkpoints/checkpoint_best.pt (epoch 1 @ 240 updates, score 0.0475384057094472) (writing took 0.536040 seconds) (checkpoint_utils.py:81, save_checkpoint())
[2021-01-27 12:16:17]    INFO >> epoch 002 | loss 706.741 | bleu 0 | ppl inf | wps 6911.4 | ups 6.48 | wpb 1067.1 | bsz 99.9 | num_updates 480 | lr 0.5 | gnorm 2666.74 | clip 100 | train_wall 13 | wall 57 | accuracy 1.69% (progress_bar.py:269, print())
[2021-01-27 12:16:28]    INFO >> epoch 002 | valid on 'valid' subset | accuracy 2.33% | bleu 6.56415 | loss 694.153 (progress_bar.py:269, print())
[2021-01-27 12:16:34]    INFO >> epoch 002 | valid on 'dev' subset | bleu 2.06 | num_updates 480 | best_bleu 2.06 (progress_bar.py:269, print())
[2021-01-27 12:16:35]    INFO >> saved checkpoint /data/yanghe/.ncc/stack_overflow/summarization/sql/data-mmap/codenn/checkpoints/checkpoint_last.pt (epoch 2 @ 480 updates, score 0.023345832829321397) (writing took 0.350728 seconds) (checkpoint_utils.py:81, save_checkpoint())
[2021-01-27 12:16:41]    INFO >> epoch 003:     20 / 240 match=19, total=1069, loss=574.954, bleu=0, ppl=inf, wps=7115.6, ups=6.66, wpb=1068.9, bsz=99.9, num_updates=500, lr=0.5, gnorm=1958.47, clip=99.8, train_wall=27, wall=81 (progress_bar.py:262, log())
[2021-01-27 12:16:54]    INFO >> epoch 003 | loss 703.612 | bleu 0 | ppl inf | wps 6947.9 | ups 6.51 | wpb 1067.1 | bsz 99.9 | num_updates 720 | lr 0.5 | gnorm 2463.08 | clip 95.4 | train_wall 13 | wall 94 | accuracy 1.97% (progress_bar.py:269, print())
[2021-01-27 12:17:05]    INFO >> epoch 003 | valid on 'valid' subset | accuracy 3.17% | bleu 6.32455 | loss 528.7 (progress_bar.py:269, print())
[2021-01-27 12:17:11]    INFO >> epoch 003 | valid on 'dev' subset | bleu 1.33 | num_updates 720 | best_bleu 1.33 (progress_bar.py:269, print())
[2021-01-27 12:17:11]    INFO >> saved checkpoint /data/yanghe/.ncc/stack_overflow/summarization/sql/data-mmap/codenn/checkpoints/checkpoint_last.pt (epoch 3 @ 720 updates, score 0.0316922704729648) (writing took 0.253526 seconds) (checkpoint_utils.py:81, save_checkpoint())
[2021-01-27 12:17:31]    INFO >> epoch 004 | loss 634.012 | bleu 0 | ppl inf | wps 7031.9 | ups 6.59 | wpb 1067.1 | bsz 99.9 | num_updates 960 | lr 0.5 | gnorm 1315.91 | clip 86.7 | train_wall 13 | wall 130 | accuracy 2.16% (progress_bar.py:269, print())
[2021-01-27 12:17:42]    INFO >> epoch 004 | valid on 'valid' subset | accuracy 6.54% | bleu 5.306 | loss 530.01 (progress_bar.py:269, print())
[2021-01-27 12:17:48]    INFO >> epoch 004 | valid on 'dev' subset | bleu 1.27 | num_updates 960 | best_bleu 1.27 (progress_bar.py:269, print())
[2021-01-27 12:17:49]    INFO >> saved checkpoint /data/yanghe/.ncc/stack_overflow/summarization/sql/data-mmap/codenn/checkpoints/checkpoint_best.pt (epoch 4 @ 960 updates, score 0.0654409096407403) (writing took 0.425400 seconds) (checkpoint_utils.py:81, save_checkpoint())
[2021-01-27 12:17:57]    INFO >> epoch 005:     40 / 240 match=22, total=1068, loss=657.321, bleu=0, ppl=inf, wps=7116.6, ups=6.67, wpb=1067.7, bsz=99.9, num_updates=1000, lr=0.5, gnorm=2212.53, clip=89.8, train_wall=27, wall=156 (progress_bar.py:262, log())
[2021-01-27 12:18:08]    INFO >> epoch 005 | loss 488.693 | bleu 0 | ppl inf | wps 6832.5 | ups 6.4 | wpb 1067.1 | bsz 99.9 | num_updates 1200 | lr 0.5 | gnorm 1887.76 | clip 80.8 | train_wall 13 | wall 168 | accuracy 2.16% (progress_bar.py:269, print())
[2021-01-27 12:18:18]    INFO >> epoch 005 | valid on 'valid' subset | accuracy 6.45% | bleu 8.25525 | loss 362.201 (progress_bar.py:269, print())
[2021-01-27 12:18:24]    INFO >> epoch 005 | valid on 'dev' subset | bleu 1.68 | num_updates 1200 | best_bleu 1.68 (progress_bar.py:269, print())
[2021-01-27 12:18:24]    INFO >> saved checkpoint /data/yanghe/.ncc/stack_overflow/summarization/sql/data-mmap/codenn/checkpoints/checkpoint_last.pt (epoch 5 @ 1200 updates, score 0.06447320672553526) (writing took 0.226107 seconds) (checkpoint_utils.py:81, save_checkpoint())
[2021-01-27 12:18:44]    INFO >> epoch 006 | loss 408.341 | bleu 0 | ppl inf | wps 7192.4 | ups 6.74 | wpb 1067.1 | bsz 99.9 | num_updates 1440 | lr 0.5 | gnorm 841.376 | clip 58.8 | train_wall 13 | wall 203 | accuracy 2.25% (progress_bar.py:269, print())
[2021-01-27 12:18:55]    INFO >> epoch 006 | valid on 'valid' subset | accuracy 5.82% | bleu 7.34565 | loss 308.06 (progress_bar.py:269, print())
[2021-01-27 12:19:01]    INFO >> epoch 006 | valid on 'dev' subset | bleu 1.7 | num_updates 1440 | best_bleu 1.7 (progress_bar.py:269, print())
[2021-01-27 12:19:01]    INFO >> saved checkpoint /data/yanghe/.ncc/stack_overflow/summarization/sql/data-mmap/codenn/checkpoints/checkpoint_last.pt (epoch 6 @ 1440 updates, score 0.058243619208902864) (writing took 0.222121 seconds) (checkpoint_utils.py:81, save_checkpoint())
[2021-01-27 12:19:11]    INFO >> epoch 007:     60 / 240 match=24, total=1068, loss=427.304, bleu=0, ppl=inf, wps=7211.1, ups=6.75, wpb=1067.6, bsz=99.9, num_updates=1500, lr=0.5, gnorm=814.213, clip=69.2, train_wall=27, wall=230 (progress_bar.py:262, log())
[2021-01-27 12:19:21]    INFO >> epoch 007 | loss 370.44 | bleu 0 | ppl inf | wps 6861.5 | ups 6.43 | wpb 1067.1 | bsz 99.9 | num_updates 1680 | lr 0.5 | gnorm 554.944 | clip 58.3 | train_wall 13 | wall 240 | accuracy 2.06% (progress_bar.py:269, print())
[2021-01-27 12:19:31]    INFO >> epoch 007 | valid on 'valid' subset | accuracy 6.08% | bleu 6.6383 | loss 296.247 (progress_bar.py:269, print())
[2021-01-27 12:19:38]    INFO >> epoch 007 | valid on 'dev' subset | bleu 1.62 | num_updates 1680 | best_bleu 1.62 (progress_bar.py:269, print())
[2021-01-27 12:19:38]    INFO >> saved checkpoint /data/yanghe/.ncc/stack_overflow/summarization/sql/data-mmap/codenn/checkpoints/checkpoint_last.pt (epoch 7 @ 1680 updates, score 0.060783839361316074) (writing took 0.222988 seconds) (checkpoint_utils.py:81, save_checkpoint())
[2021-01-27 12:19:57]    INFO >> epoch 008 | loss 335.661 | bleu 0 | ppl inf | wps 7067.5 | ups 6.62 | wpb 1067.1 | bsz 99.9 | num_updates 1920 | lr 0.5 | gnorm 552.079 | clip 55.8 | train_wall 13 | wall 277 | accuracy 2.16% (progress_bar.py:269, print())
[2021-01-27 12:20:08]    INFO >> epoch 008 | valid on 'valid' subset | accuracy 6.16% | bleu 10.5785 | loss 271.416 (progress_bar.py:269, print())
[2021-01-27 12:20:14]    INFO >> epoch 008 | valid on 'dev' subset | bleu 3.14 | num_updates 1920 | best_bleu 3.14 (progress_bar.py:269, print())
[2021-01-27 12:20:15]    INFO >> saved checkpoint /data/yanghe/.ncc/stack_overflow/summarization/sql/data-mmap/codenn/checkpoints/checkpoint_last.pt (epoch 8 @ 1920 updates, score 0.06163057941212048) (writing took 0.234822 seconds) (checkpoint_utils.py:81, save_checkpoint())
[2021-01-27 12:20:25]    INFO >> epoch 009:     80 / 240 match=23, total=1067, loss=344.489, bleu=0, ppl=inf, wps=7200.1, ups=6.75, wpb=1067.2, bsz=99.9, num_updates=2000, lr=0.5, gnorm=512.634, clip=52.6, train_wall=27, wall=304 (progress_bar.py:262, log())
[2021-01-27 12:20:34]    INFO >> epoch 009 | loss 322.054 | bleu 0 | ppl inf | wps 6986 | ups 6.55 | wpb 1067.1 | bsz 99.9 | num_updates 2160 | lr 0.5 | gnorm 604.822 | clip 43.3 | train_wall 13 | wall 313 | accuracy 2.25% (progress_bar.py:269, print())
[2021-01-27 12:20:45]    INFO >> epoch 009 | valid on 'valid' subset | accuracy 2.92% | bleu 6.4279 | loss 294.429 (progress_bar.py:269, print())
[2021-01-27 12:20:51]    INFO >> epoch 009 | valid on 'dev' subset | bleu 1.34 | num_updates 2160 | best_bleu 1.34 (progress_bar.py:269, print())
[2021-01-27 12:20:51]    INFO >> saved checkpoint /data/yanghe/.ncc/stack_overflow/summarization/sql/data-mmap/codenn/checkpoints/checkpoint_last.pt (epoch 9 @ 2160 updates, score 0.02915205032055159) (writing took 0.242539 seconds) (checkpoint_utils.py:81, save_checkpoint())
[2021-01-27 12:21:10]    INFO >> epoch 010 | loss 334.459 | bleu 0 | ppl inf | wps 7002.3 | ups 6.56 | wpb 1067.1 | bsz 99.9 | num_updates 2400 | lr 0.5 | gnorm 1062.71 | clip 39.2 | train_wall 13 | wall 350 | accuracy 2.44% (progress_bar.py:269, print())
[2021-01-27 12:21:21]    INFO >> epoch 010 | valid on 'valid' subset | accuracy 7.23% | bleu 9.29525 | loss 260.195 (progress_bar.py:269, print())
[2021-01-27 12:21:27]    INFO >> epoch 010 | valid on 'dev' subset | bleu 2.18 | num_updates 2400 | best_bleu 2.18 (progress_bar.py:269, print())
[2021-01-27 12:21:28]    INFO >> saved checkpoint /data/yanghe/.ncc/stack_overflow/summarization/sql/data-mmap/codenn/checkpoints/checkpoint_best.pt (epoch 10 @ 2400 updates, score 0.07233579291157614) (writing took 0.507464 seconds) (checkpoint_utils.py:81, save_checkpoint())
[2021-01-27 12:21:39]    INFO >> epoch 011:    100 / 240 match=25, total=1067, loss=325.865, bleu=0, ppl=inf, wps=7155.9, ups=6.71, wpb=1067.2, bsz=99.9, num_updates=2500, lr=0.5, gnorm=808.256, clip=41.2, train_wall=27, wall=379 (progress_bar.py:262, log())
[2021-01-27 12:21:47]    INFO >> epoch 011 | loss 308.397 | bleu 0 | ppl inf | wps 6943.8 | ups 6.51 | wpb 1067.1 | bsz 99.9 | num_updates 2640 | lr 0.5 | gnorm 44.239 | clip 37.1 | train_wall 13 | wall 387 | accuracy 2.53% (progress_bar.py:269, print())
[2021-01-27 12:21:57]    INFO >> epoch 011 | valid on 'valid' subset | accuracy 7.22% | bleu 9.92275 | loss 240.794 (progress_bar.py:269, print())
[2021-01-27 12:22:03]    INFO >> epoch 011 | valid on 'dev' subset | bleu 3.32 | num_updates 2640 | best_bleu 3.32 (progress_bar.py:269, print())
[2021-01-27 12:22:04]    INFO >> saved checkpoint /data/yanghe/.ncc/stack_overflow/summarization/sql/data-mmap/codenn/checkpoints/checkpoint_last.pt (epoch 11 @ 2640 updates, score 0.0721543486149752) (writing took 0.351750 seconds) (checkpoint_utils.py:81, save_checkpoint())
[2021-01-27 12:22:23]    INFO >> epoch 012 | loss 295.162 | bleu 0 | ppl inf | wps 7144.8 | ups 6.7 | wpb 1067.1 | bsz 99.9 | num_updates 2880 | lr 0.5 | gnorm 1992.49 | clip 40 | train_wall 13 | wall 423 | accuracy 2.44% (progress_bar.py:269, print())
[2021-01-27 12:22:33]    INFO >> epoch 012 | valid on 'valid' subset | accuracy 8.41% | bleu 9.59825 | loss 241.277 (progress_bar.py:269, print())
[2021-01-27 12:22:39]    INFO >> epoch 012 | valid on 'dev' subset | bleu 7.45 | num_updates 2880 | best_bleu 7.45 (progress_bar.py:269, print())
[2021-01-27 12:22:40]    INFO >> saved checkpoint /data/yanghe/.ncc/stack_overflow/summarization/sql/data-mmap/codenn/checkpoints/checkpoint_best.pt (epoch 12 @ 2880 updates, score 0.08406919075843716) (writing took 0.421291 seconds) (checkpoint_utils.py:81, save_checkpoint())
[2021-01-27 12:22:52]    INFO >> epoch 013:    120 / 240 match=26, total=1066, loss=295.23, bleu=0, ppl=inf, wps=7277.9, ups=6.83, wpb=1066.1, bsz=99.9, num_updates=3000, lr=0.5, gnorm=2589.38, clip=38, train_wall=27, wall=452 (progress_bar.py:262, log())
