nohup: ignoring input
Using backend: pytorch
The tokenizer class you load from this checkpoint is not the same type as the class this function is called from. It may result in unexpected tokenization. 
The tokenizer class you load from this checkpoint is 'RobertaTokenizer'. 
The class this function is called from is 'TransformersDictionary'.
Some weights of the model checkpoint at microsoft/graphcodebert-base were not used when initializing RobertaModel: ['lm_head.dense.bias', 'lm_head.dense.weight', 'lm_head.bias', 'lm_head.decoder.bias', 'lm_head.layer_norm.bias', 'lm_head.decoder.weight', 'lm_head.layer_norm.weight']
- This IS expected if you are initializing RobertaModel from the checkpoint of a model trained on another task or with another architecture (e.g. initializing a BertForSequenceClassification model from a BertForPreTraining model).
- This IS NOT expected if you are initializing RobertaModel from the checkpoint of a model that you expect to be exactly identical (initializing a BertForSequenceClassification model from a BertForSequenceClassification model).
Some weights of RobertaModel were not initialized from the model checkpoint at microsoft/graphcodebert-base and are newly initialized: ['roberta.pooler.dense.weight', 'roberta.pooler.dense.bias']
You should probably TRAIN this model on a down-stream task to be able to use it for predictions and inference.
[2021-11-14 02:55:48]    INFO >> initialize model with /mnt/wanyao/ncc_data/codexglue/code_to_code/translation/graphcodebert/data-mmap/csharp-java/last_checkpoint.pt (model.py:162, load_checkpoint())
[2021-11-14 02:55:51]    INFO >> Start training epoch   2/100, best bleu4: 4.87 (train.py:90, <module>())
[2021-11-14 03:03:36]    INFO >> Epoch   1/100, Batch 500/644, train loss: 179.4258 (train.py:142, train())
Using backend: pytorch
Using backend: pytorch
Using backend: pytorch
[2021-11-14 03:05:56]    INFO >> Epoch   1/100, train loss: 175.6604 (train.py:151, <module>())
Using backend: pytorch
Using backend: pytorch
Using backend: pytorch
[2021-11-14 03:08:18]    INFO >> update /mnt/wanyao/ncc_data/codexglue/code_to_code/translation/graphcodebert/data-mmap/csharp-java/best_checkpoint.pt (train.py:236, <module>())
[2021-11-14 03:08:18]    INFO >> Epoch   1/100, valid loss: 0.0000, valid bleu4: 7.85, best bleu4: 7.85 (train.py:237, <module>())
[2021-11-14 03:08:26]    INFO >> update /mnt/wanyao/ncc_data/codexglue/code_to_code/translation/graphcodebert/data-mmap/csharp-java/last_checkpoint.pt (train.py:243, <module>())
[2021-11-14 03:15:40]    INFO >> Epoch   2/100, Batch 500/644, train loss: 139.1670 (train.py:142, train())
Using backend: pytorch
Using backend: pytorch
Using backend: pytorch
[2021-11-14 03:17:18]    INFO >> Epoch   2/100, train loss: 137.2664 (train.py:151, <module>())
Using backend: pytorch
Using backend: pytorch
Using backend: pytorch
[2021-11-14 03:20:19]    INFO >> update /mnt/wanyao/ncc_data/codexglue/code_to_code/translation/graphcodebert/data-mmap/csharp-java/best_checkpoint.pt (train.py:236, <module>())
[2021-11-14 03:20:19]    INFO >> Epoch   2/100, valid loss: 0.0000, valid bleu4: 11.87, best bleu4: 11.87 (train.py:237, <module>())
[2021-11-14 03:20:26]    INFO >> update /mnt/wanyao/ncc_data/codexglue/code_to_code/translation/graphcodebert/data-mmap/csharp-java/last_checkpoint.pt (train.py:243, <module>())
[2021-11-14 03:27:28]    INFO >> Epoch   3/100, Batch 500/644, train loss: 111.8565 (train.py:142, train())
Using backend: pytorch
Using backend: pytorch
Using backend: pytorch
[2021-11-14 03:29:47]    INFO >> Epoch   3/100, train loss: 108.6943 (train.py:151, <module>())
Using backend: pytorch
Using backend: pytorch
Using backend: pytorch
[2021-11-14 03:31:44]    INFO >> update /mnt/wanyao/ncc_data/codexglue/code_to_code/translation/graphcodebert/data-mmap/csharp-java/best_checkpoint.pt (train.py:236, <module>())
[2021-11-14 03:31:44]    INFO >> Epoch   3/100, valid loss: 0.0000, valid bleu4: 19.79, best bleu4: 19.79 (train.py:237, <module>())
[2021-11-14 03:31:55]    INFO >> update /mnt/wanyao/ncc_data/codexglue/code_to_code/translation/graphcodebert/data-mmap/csharp-java/last_checkpoint.pt (train.py:243, <module>())
[2021-11-14 03:38:59]    INFO >> Epoch   4/100, Batch 500/644, train loss: 87.1471 (train.py:142, train())
Using backend: pytorch
Using backend: pytorch
Using backend: pytorch
[2021-11-14 03:41:14]    INFO >> Epoch   4/100, train loss: 84.7821 (train.py:151, <module>())
Using backend: pytorch
Using backend: pytorch
Using backend: pytorch
[2021-11-14 03:44:10]    INFO >> update /mnt/wanyao/ncc_data/codexglue/code_to_code/translation/graphcodebert/data-mmap/csharp-java/best_checkpoint.pt (train.py:236, <module>())
[2021-11-14 03:44:10]    INFO >> Epoch   4/100, valid loss: 0.0000, valid bleu4: 24.54, best bleu4: 24.54 (train.py:237, <module>())
[2021-11-14 03:44:18]    INFO >> update /mnt/wanyao/ncc_data/codexglue/code_to_code/translation/graphcodebert/data-mmap/csharp-java/last_checkpoint.pt (train.py:243, <module>())
[2021-11-14 03:51:26]    INFO >> Epoch   5/100, Batch 500/644, train loss: 66.0025 (train.py:142, train())
Using backend: pytorch
Using backend: pytorch
Using backend: pytorch
[2021-11-14 03:53:07]    INFO >> Epoch   5/100, train loss: 64.9062 (train.py:151, <module>())
[2021-11-14 03:53:11]    INFO >> save /mnt/wanyao/ncc_data/codexglue/code_to_code/translation/graphcodebert/data-mmap/csharp-java/5.pt (train.py:228, <module>())
Using backend: pytorch
Using backend: pytorch
Using backend: pytorch
[2021-11-14 03:56:09]    INFO >> update /mnt/wanyao/ncc_data/codexglue/code_to_code/translation/graphcodebert/data-mmap/csharp-java/best_checkpoint.pt (train.py:236, <module>())
[2021-11-14 03:56:09]    INFO >> Epoch   5/100, valid loss: 0.0000, valid bleu4: 32.67, best bleu4: 32.67 (train.py:237, <module>())
[2021-11-14 03:56:17]    INFO >> update /mnt/wanyao/ncc_data/codexglue/code_to_code/translation/graphcodebert/data-mmap/csharp-java/last_checkpoint.pt (train.py:243, <module>())
[2021-11-14 04:02:18]    INFO >> Epoch   6/100, Batch 500/644, train loss: 50.3128 (train.py:142, train())
Using backend: pytorch
Using backend: pytorch
Using backend: pytorch
[2021-11-14 04:03:13]    INFO >> Epoch   6/100, train loss: 49.5091 (train.py:151, <module>())
Using backend: pytorch
Using backend: pytorch
Using backend: pytorch
[2021-11-14 04:04:32]    INFO >> update /mnt/wanyao/ncc_data/codexglue/code_to_code/translation/graphcodebert/data-mmap/csharp-java/best_checkpoint.pt (train.py:236, <module>())
[2021-11-14 04:04:32]    INFO >> Epoch   6/100, valid loss: 0.0000, valid bleu4: 41.44, best bleu4: 41.44 (train.py:237, <module>())
[2021-11-14 04:04:40]    INFO >> update /mnt/wanyao/ncc_data/codexglue/code_to_code/translation/graphcodebert/data-mmap/csharp-java/last_checkpoint.pt (train.py:243, <module>())
[2021-11-14 04:08:01]    INFO >> Epoch   7/100, Batch 500/644, train loss: 39.0542 (train.py:142, train())
Using backend: pytorch
Using backend: pytorch
Using backend: pytorch
[2021-11-14 04:09:01]    INFO >> Epoch   7/100, train loss: 38.8441 (train.py:151, <module>())
Using backend: pytorch
Using backend: pytorch
Using backend: pytorch
[2021-11-14 04:10:51]    INFO >> update /mnt/wanyao/ncc_data/codexglue/code_to_code/translation/graphcodebert/data-mmap/csharp-java/best_checkpoint.pt (train.py:236, <module>())
[2021-11-14 04:10:51]    INFO >> Epoch   7/100, valid loss: 0.0000, valid bleu4: 47.57, best bleu4: 47.57 (train.py:237, <module>())
[2021-11-14 04:10:59]    INFO >> update /mnt/wanyao/ncc_data/codexglue/code_to_code/translation/graphcodebert/data-mmap/csharp-java/last_checkpoint.pt (train.py:243, <module>())
[2021-11-14 04:14:32]    INFO >> Epoch   8/100, Batch 500/644, train loss: 31.4512 (train.py:142, train())
Using backend: pytorch
Using backend: pytorch
Using backend: pytorch
[2021-11-14 04:15:28]    INFO >> Epoch   8/100, train loss: 31.2223 (train.py:151, <module>())
Using backend: pytorch
Using backend: pytorch
Using backend: pytorch
[2021-11-14 04:16:46]    INFO >> update /mnt/wanyao/ncc_data/codexglue/code_to_code/translation/graphcodebert/data-mmap/csharp-java/best_checkpoint.pt (train.py:236, <module>())
[2021-11-14 04:16:46]    INFO >> Epoch   8/100, valid loss: 0.0000, valid bleu4: 52.36, best bleu4: 52.36 (train.py:237, <module>())
[2021-11-14 04:16:54]    INFO >> update /mnt/wanyao/ncc_data/codexglue/code_to_code/translation/graphcodebert/data-mmap/csharp-java/last_checkpoint.pt (train.py:243, <module>())
[2021-11-14 04:20:41]    INFO >> Epoch   9/100, Batch 500/644, train loss: 26.2077 (train.py:142, train())
Using backend: pytorch
Using backend: pytorch
Using backend: pytorch
[2021-11-14 04:21:36]    INFO >> Epoch   9/100, train loss: 25.6263 (train.py:151, <module>())
Using backend: pytorch
Using backend: pytorch
Using backend: pytorch
[2021-11-14 04:22:59]    INFO >> update /mnt/wanyao/ncc_data/codexglue/code_to_code/translation/graphcodebert/data-mmap/csharp-java/best_checkpoint.pt (train.py:236, <module>())
[2021-11-14 04:22:59]    INFO >> Epoch   9/100, valid loss: 0.0000, valid bleu4: 55.11, best bleu4: 55.11 (train.py:237, <module>())
[2021-11-14 04:23:07]    INFO >> update /mnt/wanyao/ncc_data/codexglue/code_to_code/translation/graphcodebert/data-mmap/csharp-java/last_checkpoint.pt (train.py:243, <module>())
[2021-11-14 04:26:25]    INFO >> Epoch  10/100, Batch 500/644, train loss: 21.4952 (train.py:142, train())
Using backend: pytorch
Using backend: pytorch
Using backend: pytorch
[2021-11-14 04:27:20]    INFO >> Epoch  10/100, train loss: 21.0805 (train.py:151, <module>())
[2021-11-14 04:27:24]    INFO >> save /mnt/wanyao/ncc_data/codexglue/code_to_code/translation/graphcodebert/data-mmap/csharp-java/10.pt (train.py:228, <module>())
Using backend: pytorch
Using backend: pytorch
Using backend: pytorch
[2021-11-14 04:28:40]    INFO >> update /mnt/wanyao/ncc_data/codexglue/code_to_code/translation/graphcodebert/data-mmap/csharp-java/best_checkpoint.pt (train.py:236, <module>())
[2021-11-14 04:28:40]    INFO >> Epoch  10/100, valid loss: 0.0000, valid bleu4: 56.75, best bleu4: 56.75 (train.py:237, <module>())
[2021-11-14 04:28:48]    INFO >> update /mnt/wanyao/ncc_data/codexglue/code_to_code/translation/graphcodebert/data-mmap/csharp-java/last_checkpoint.pt (train.py:243, <module>())
[2021-11-14 04:32:06]    INFO >> Epoch  11/100, Batch 500/644, train loss: 17.7048 (train.py:142, train())
Using backend: pytorch
Using backend: pytorch
Using backend: pytorch
[2021-11-14 04:33:00]    INFO >> Epoch  11/100, train loss: 17.6963 (train.py:151, <module>())
Using backend: pytorch
Using backend: pytorch
Using backend: pytorch
[2021-11-14 04:34:18]    INFO >> update /mnt/wanyao/ncc_data/codexglue/code_to_code/translation/graphcodebert/data-mmap/csharp-java/best_checkpoint.pt (train.py:236, <module>())
[2021-11-14 04:34:18]    INFO >> Epoch  11/100, valid loss: 0.0000, valid bleu4: 58.83, best bleu4: 58.83 (train.py:237, <module>())
[2021-11-14 04:34:26]    INFO >> update /mnt/wanyao/ncc_data/codexglue/code_to_code/translation/graphcodebert/data-mmap/csharp-java/last_checkpoint.pt (train.py:243, <module>())
[2021-11-14 04:39:05]    INFO >> Epoch  12/100, Batch 500/644, train loss: 14.8316 (train.py:142, train())
Using backend: pytorch
Using backend: pytorch
Using backend: pytorch
[2021-11-14 04:40:17]    INFO >> Epoch  12/100, train loss: 14.9831 (train.py:151, <module>())
Using backend: pytorch
Using backend: pytorch
Using backend: pytorch
[2021-11-14 04:42:27]    INFO >> update /mnt/wanyao/ncc_data/codexglue/code_to_code/translation/graphcodebert/data-mmap/csharp-java/best_checkpoint.pt (train.py:236, <module>())
[2021-11-14 04:42:27]    INFO >> Epoch  12/100, valid loss: 0.0000, valid bleu4: 60.40, best bleu4: 60.40 (train.py:237, <module>())
[2021-11-14 04:42:35]    INFO >> update /mnt/wanyao/ncc_data/codexglue/code_to_code/translation/graphcodebert/data-mmap/csharp-java/last_checkpoint.pt (train.py:243, <module>())
[2021-11-14 04:47:09]    INFO >> Epoch  13/100, Batch 500/644, train loss: 12.7919 (train.py:142, train())
Using backend: pytorch
Using backend: pytorch
Using backend: pytorch
[2021-11-14 04:48:18]    INFO >> Epoch  13/100, train loss: 12.8900 (train.py:151, <module>())
Using backend: pytorch
Using backend: pytorch
Using backend: pytorch
[2021-11-14 04:49:58]    INFO >> update /mnt/wanyao/ncc_data/codexglue/code_to_code/translation/graphcodebert/data-mmap/csharp-java/best_checkpoint.pt (train.py:236, <module>())
[2021-11-14 04:49:58]    INFO >> Epoch  13/100, valid loss: 0.0000, valid bleu4: 62.28, best bleu4: 62.28 (train.py:237, <module>())
[2021-11-14 04:50:06]    INFO >> update /mnt/wanyao/ncc_data/codexglue/code_to_code/translation/graphcodebert/data-mmap/csharp-java/last_checkpoint.pt (train.py:243, <module>())
[2021-11-14 04:54:29]    INFO >> Epoch  14/100, Batch 500/644, train loss: 10.9715 (train.py:142, train())
Using backend: pytorch
Using backend: pytorch
Using backend: pytorch
[2021-11-14 04:55:50]    INFO >> Epoch  14/100, train loss: 10.9796 (train.py:151, <module>())
Using backend: pytorch
Using backend: pytorch
Using backend: pytorch
[2021-11-14 04:57:40]    INFO >> update /mnt/wanyao/ncc_data/codexglue/code_to_code/translation/graphcodebert/data-mmap/csharp-java/best_checkpoint.pt (train.py:236, <module>())
[2021-11-14 04:57:40]    INFO >> Epoch  14/100, valid loss: 0.0000, valid bleu4: 62.66, best bleu4: 62.66 (train.py:237, <module>())
[2021-11-14 04:57:48]    INFO >> update /mnt/wanyao/ncc_data/codexglue/code_to_code/translation/graphcodebert/data-mmap/csharp-java/last_checkpoint.pt (train.py:243, <module>())
[2021-11-14 05:02:12]    INFO >> Epoch  15/100, Batch 500/644, train loss: 9.3563 (train.py:142, train())
Using backend: pytorch
Using backend: pytorch
Using backend: pytorch
[2021-11-14 05:03:22]    INFO >> Epoch  15/100, train loss: 9.3421 (train.py:151, <module>())
[2021-11-14 05:03:26]    INFO >> save /mnt/wanyao/ncc_data/codexglue/code_to_code/translation/graphcodebert/data-mmap/csharp-java/15.pt (train.py:228, <module>())
Using backend: pytorch
Using backend: pytorch
Using backend: pytorch
[2021-11-14 05:05:26]    INFO >> update /mnt/wanyao/ncc_data/codexglue/code_to_code/translation/graphcodebert/data-mmap/csharp-java/best_checkpoint.pt (train.py:236, <module>())
[2021-11-14 05:05:26]    INFO >> Epoch  15/100, valid loss: 0.0000, valid bleu4: 64.21, best bleu4: 64.21 (train.py:237, <module>())
[2021-11-14 05:05:34]    INFO >> update /mnt/wanyao/ncc_data/codexglue/code_to_code/translation/graphcodebert/data-mmap/csharp-java/last_checkpoint.pt (train.py:243, <module>())
[2021-11-14 05:09:57]    INFO >> Epoch  16/100, Batch 500/644, train loss: 8.1704 (train.py:142, train())
Using backend: pytorch
Using backend: pytorch
Using backend: pytorch
[2021-11-14 05:11:10]    INFO >> Epoch  16/100, train loss: 8.2630 (train.py:151, <module>())
Using backend: pytorch
Using backend: pytorch
Using backend: pytorch
[2021-11-14 05:12:52]    INFO >> Epoch  16/100, valid loss: 0.0000, valid bleu4: 63.45, best bleu4: 64.21 (train.py:237, <module>())
[2021-11-14 05:13:00]    INFO >> update /mnt/wanyao/ncc_data/codexglue/code_to_code/translation/graphcodebert/data-mmap/csharp-java/last_checkpoint.pt (train.py:243, <module>())
[2021-11-14 05:17:30]    INFO >> Epoch  17/100, Batch 500/644, train loss: 7.0799 (train.py:142, train())
Using backend: pytorch
Using backend: pytorch
Using backend: pytorch
[2021-11-14 05:18:43]    INFO >> Epoch  17/100, train loss: 7.3109 (train.py:151, <module>())
Using backend: pytorch
Using backend: pytorch
Using backend: pytorch
[2021-11-14 05:20:37]    INFO >> Epoch  17/100, valid loss: 0.0000, valid bleu4: 63.86, best bleu4: 64.21 (train.py:237, <module>())
[2021-11-14 05:20:45]    INFO >> update /mnt/wanyao/ncc_data/codexglue/code_to_code/translation/graphcodebert/data-mmap/csharp-java/last_checkpoint.pt (train.py:243, <module>())
[2021-11-14 05:25:20]    INFO >> Epoch  18/100, Batch 500/644, train loss: 6.4247 (train.py:142, train())
Using backend: pytorch
Using backend: pytorch
Using backend: pytorch
[2021-11-14 05:26:29]    INFO >> Epoch  18/100, train loss: 6.4487 (train.py:151, <module>())
Using backend: pytorch
Using backend: pytorch
Using backend: pytorch
[2021-11-14 05:28:00]    INFO >> Epoch  18/100, valid loss: 0.0000, valid bleu4: 63.89, best bleu4: 64.21 (train.py:237, <module>())
[2021-11-14 05:28:07]    INFO >> update /mnt/wanyao/ncc_data/codexglue/code_to_code/translation/graphcodebert/data-mmap/csharp-java/last_checkpoint.pt (train.py:243, <module>())
[2021-11-14 05:32:31]    INFO >> Epoch  19/100, Batch 500/644, train loss: 5.6513 (train.py:142, train())
Using backend: pytorch
Using backend: pytorch
Using backend: pytorch
[2021-11-14 05:33:52]    INFO >> Epoch  19/100, train loss: 5.6885 (train.py:151, <module>())
Using backend: pytorch
Using backend: pytorch
Using backend: pytorch
[2021-11-14 05:35:39]    INFO >> update /mnt/wanyao/ncc_data/codexglue/code_to_code/translation/graphcodebert/data-mmap/csharp-java/best_checkpoint.pt (train.py:236, <module>())
[2021-11-14 05:35:39]    INFO >> Epoch  19/100, valid loss: 0.0000, valid bleu4: 66.03, best bleu4: 66.03 (train.py:237, <module>())
[2021-11-14 05:35:47]    INFO >> update /mnt/wanyao/ncc_data/codexglue/code_to_code/translation/graphcodebert/data-mmap/csharp-java/last_checkpoint.pt (train.py:243, <module>())
[2021-11-14 05:40:11]    INFO >> Epoch  20/100, Batch 500/644, train loss: 4.9972 (train.py:142, train())
Using backend: pytorch
Using backend: pytorch
Using backend: pytorch
[2021-11-14 05:41:17]    INFO >> Epoch  20/100, train loss: 5.0535 (train.py:151, <module>())
[2021-11-14 05:41:22]    INFO >> save /mnt/wanyao/ncc_data/codexglue/code_to_code/translation/graphcodebert/data-mmap/csharp-java/20.pt (train.py:228, <module>())
Using backend: pytorch
Using backend: pytorch
Using backend: pytorch
[2021-11-14 05:43:31]    INFO >> update /mnt/wanyao/ncc_data/codexglue/code_to_code/translation/graphcodebert/data-mmap/csharp-java/best_checkpoint.pt (train.py:236, <module>())
[2021-11-14 05:43:31]    INFO >> Epoch  20/100, valid loss: 0.0000, valid bleu4: 66.38, best bleu4: 66.38 (train.py:237, <module>())
[2021-11-14 05:43:39]    INFO >> update /mnt/wanyao/ncc_data/codexglue/code_to_code/translation/graphcodebert/data-mmap/csharp-java/last_checkpoint.pt (train.py:243, <module>())
[2021-11-14 05:48:08]    INFO >> Epoch  21/100, Batch 500/644, train loss: 4.4909 (train.py:142, train())
Using backend: pytorch
Using backend: pytorch
Using backend: pytorch
[2021-11-14 05:49:18]    INFO >> Epoch  21/100, train loss: 4.3945 (train.py:151, <module>())
Using backend: pytorch
Using backend: pytorch
Using backend: pytorch
[2021-11-14 05:50:48]    INFO >> Epoch  21/100, valid loss: 0.0000, valid bleu4: 66.00, best bleu4: 66.38 (train.py:237, <module>())
[2021-11-14 05:50:55]    INFO >> update /mnt/wanyao/ncc_data/codexglue/code_to_code/translation/graphcodebert/data-mmap/csharp-java/last_checkpoint.pt (train.py:243, <module>())
[2021-11-14 05:55:18]    INFO >> Epoch  22/100, Batch 500/644, train loss: 4.0074 (train.py:142, train())
Using backend: pytorch
Using backend: pytorch
Using backend: pytorch
[2021-11-14 05:56:41]    INFO >> Epoch  22/100, train loss: 3.9886 (train.py:151, <module>())
Using backend: pytorch
Using backend: pytorch
Using backend: pytorch
[2021-11-14 05:58:24]    INFO >> update /mnt/wanyao/ncc_data/codexglue/code_to_code/translation/graphcodebert/data-mmap/csharp-java/best_checkpoint.pt (train.py:236, <module>())
[2021-11-14 05:58:24]    INFO >> Epoch  22/100, valid loss: 0.0000, valid bleu4: 66.68, best bleu4: 66.68 (train.py:237, <module>())
[2021-11-14 05:58:32]    INFO >> update /mnt/wanyao/ncc_data/codexglue/code_to_code/translation/graphcodebert/data-mmap/csharp-java/last_checkpoint.pt (train.py:243, <module>())
[2021-11-14 06:03:03]    INFO >> Epoch  23/100, Batch 500/644, train loss: 3.5076 (train.py:142, train())
Using backend: pytorch
Using backend: pytorch
Using backend: pytorch
[2021-11-14 06:04:14]    INFO >> Epoch  23/100, train loss: 3.5112 (train.py:151, <module>())
Using backend: pytorch
Using backend: pytorch
Using backend: pytorch
[2021-11-14 06:06:17]    INFO >> Epoch  23/100, valid loss: 0.0000, valid bleu4: 65.62, best bleu4: 66.68 (train.py:237, <module>())
[2021-11-14 06:06:25]    INFO >> update /mnt/wanyao/ncc_data/codexglue/code_to_code/translation/graphcodebert/data-mmap/csharp-java/last_checkpoint.pt (train.py:243, <module>())
[2021-11-14 06:10:56]    INFO >> Epoch  24/100, Batch 500/644, train loss: 3.2243 (train.py:142, train())
Using backend: pytorch
Using backend: pytorch
Using backend: pytorch
[2021-11-14 06:12:05]    INFO >> Epoch  24/100, train loss: 3.3210 (train.py:151, <module>())
Using backend: pytorch
Using backend: pytorch
Using backend: pytorch
[2021-11-14 06:13:37]    INFO >> Epoch  24/100, valid loss: 0.0000, valid bleu4: 66.55, best bleu4: 66.68 (train.py:237, <module>())
[2021-11-14 06:13:45]    INFO >> update /mnt/wanyao/ncc_data/codexglue/code_to_code/translation/graphcodebert/data-mmap/csharp-java/last_checkpoint.pt (train.py:243, <module>())
[2021-11-14 06:18:08]    INFO >> Epoch  25/100, Batch 500/644, train loss: 3.1818 (train.py:142, train())
Using backend: pytorch
Using backend: pytorch
Using backend: pytorch
[2021-11-14 06:19:31]    INFO >> Epoch  25/100, train loss: 3.1390 (train.py:151, <module>())
[2021-11-14 06:19:35]    INFO >> save /mnt/wanyao/ncc_data/codexglue/code_to_code/translation/graphcodebert/data-mmap/csharp-java/25.pt (train.py:228, <module>())
Using backend: pytorch
Using backend: pytorch
Using backend: pytorch
[2021-11-14 06:21:14]    INFO >> update /mnt/wanyao/ncc_data/codexglue/code_to_code/translation/graphcodebert/data-mmap/csharp-java/best_checkpoint.pt (train.py:236, <module>())
[2021-11-14 06:21:14]    INFO >> Epoch  25/100, valid loss: 0.0000, valid bleu4: 66.94, best bleu4: 66.94 (train.py:237, <module>())
[2021-11-14 06:21:22]    INFO >> update /mnt/wanyao/ncc_data/codexglue/code_to_code/translation/graphcodebert/data-mmap/csharp-java/last_checkpoint.pt (train.py:243, <module>())
[2021-11-14 06:25:55]    INFO >> Epoch  26/100, Batch 500/644, train loss: 2.6881 (train.py:142, train())
Using backend: pytorch
Using backend: pytorch
Using backend: pytorch
[2021-11-14 06:27:09]    INFO >> Epoch  26/100, train loss: 2.8454 (train.py:151, <module>())
Using backend: pytorch
Using backend: pytorch
Using backend: pytorch
[2021-11-14 06:29:13]    INFO >> update /mnt/wanyao/ncc_data/codexglue/code_to_code/translation/graphcodebert/data-mmap/csharp-java/best_checkpoint.pt (train.py:236, <module>())
[2021-11-14 06:29:13]    INFO >> Epoch  26/100, valid loss: 0.0000, valid bleu4: 67.61, best bleu4: 67.61 (train.py:237, <module>())
[2021-11-14 06:29:21]    INFO >> update /mnt/wanyao/ncc_data/codexglue/code_to_code/translation/graphcodebert/data-mmap/csharp-java/last_checkpoint.pt (train.py:243, <module>())
[2021-11-14 06:33:54]    INFO >> Epoch  27/100, Batch 500/644, train loss: 2.4684 (train.py:142, train())
Using backend: pytorch
Using backend: pytorch
Using backend: pytorch
[2021-11-14 06:35:08]    INFO >> Epoch  27/100, train loss: 2.5479 (train.py:151, <module>())
Using backend: pytorch
Using backend: pytorch
Using backend: pytorch
[2021-11-14 06:36:48]    INFO >> Epoch  27/100, valid loss: 0.0000, valid bleu4: 66.87, best bleu4: 67.61 (train.py:237, <module>())
[2021-11-14 06:36:56]    INFO >> update /mnt/wanyao/ncc_data/codexglue/code_to_code/translation/graphcodebert/data-mmap/csharp-java/last_checkpoint.pt (train.py:243, <module>())
[2021-11-14 06:41:20]    INFO >> Epoch  28/100, Batch 500/644, train loss: 2.3389 (train.py:142, train())
Using backend: pytorch
Using backend: pytorch
Using backend: pytorch
[2021-11-14 06:42:42]    INFO >> Epoch  28/100, train loss: 2.3534 (train.py:151, <module>())
Using backend: pytorch
Using backend: pytorch
Using backend: pytorch
[2021-11-14 06:44:21]    INFO >> update /mnt/wanyao/ncc_data/codexglue/code_to_code/translation/graphcodebert/data-mmap/csharp-java/best_checkpoint.pt (train.py:236, <module>())
[2021-11-14 06:44:21]    INFO >> Epoch  28/100, valid loss: 0.0000, valid bleu4: 67.70, best bleu4: 67.70 (train.py:237, <module>())
[2021-11-14 06:44:33]    INFO >> update /mnt/wanyao/ncc_data/codexglue/code_to_code/translation/graphcodebert/data-mmap/csharp-java/last_checkpoint.pt (train.py:243, <module>())
[2021-11-14 06:49:03]    INFO >> Epoch  29/100, Batch 500/644, train loss: 2.1487 (train.py:142, train())
Using backend: pytorch
Using backend: pytorch
Using backend: pytorch
[2021-11-14 06:50:24]    INFO >> Epoch  29/100, train loss: 2.1158 (train.py:151, <module>())
Using backend: pytorch
Using backend: pytorch
Using backend: pytorch
[2021-11-14 06:52:18]    INFO >> update /mnt/wanyao/ncc_data/codexglue/code_to_code/translation/graphcodebert/data-mmap/csharp-java/best_checkpoint.pt (train.py:236, <module>())
[2021-11-14 06:52:18]    INFO >> Epoch  29/100, valid loss: 0.0000, valid bleu4: 68.59, best bleu4: 68.59 (train.py:237, <module>())
[2021-11-14 06:52:26]    INFO >> update /mnt/wanyao/ncc_data/codexglue/code_to_code/translation/graphcodebert/data-mmap/csharp-java/last_checkpoint.pt (train.py:243, <module>())
[2021-11-14 06:56:55]    INFO >> Epoch  30/100, Batch 500/644, train loss: 1.9564 (train.py:142, train())
Using backend: pytorch
Using backend: pytorch
Using backend: pytorch
[2021-11-14 06:58:05]    INFO >> Epoch  30/100, train loss: 2.0207 (train.py:151, <module>())
[2021-11-14 06:58:09]    INFO >> save /mnt/wanyao/ncc_data/codexglue/code_to_code/translation/graphcodebert/data-mmap/csharp-java/30.pt (train.py:228, <module>())
Using backend: pytorch
Using backend: pytorch
Using backend: pytorch
[2021-11-14 07:00:11]    INFO >> Epoch  30/100, valid loss: 0.0000, valid bleu4: 67.10, best bleu4: 68.59 (train.py:237, <module>())
[2021-11-14 07:00:19]    INFO >> update /mnt/wanyao/ncc_data/codexglue/code_to_code/translation/graphcodebert/data-mmap/csharp-java/last_checkpoint.pt (train.py:243, <module>())
[2021-11-14 07:04:50]    INFO >> Epoch  31/100, Batch 500/644, train loss: 1.8337 (train.py:142, train())
Using backend: pytorch
Using backend: pytorch
Using backend: pytorch
[2021-11-14 07:06:00]    INFO >> Epoch  31/100, train loss: 1.8756 (train.py:151, <module>())
Using backend: pytorch
Using backend: pytorch
Using backend: pytorch
[2021-11-14 07:07:33]    INFO >> Epoch  31/100, valid loss: 0.0000, valid bleu4: 68.04, best bleu4: 68.59 (train.py:237, <module>())
[2021-11-14 07:07:41]    INFO >> update /mnt/wanyao/ncc_data/codexglue/code_to_code/translation/graphcodebert/data-mmap/csharp-java/last_checkpoint.pt (train.py:243, <module>())
[2021-11-14 07:12:09]    INFO >> Epoch  32/100, Batch 500/644, train loss: 1.7637 (train.py:142, train())
Using backend: pytorch
Using backend: pytorch
Using backend: pytorch
[2021-11-14 07:13:29]    INFO >> Epoch  32/100, train loss: 1.7692 (train.py:151, <module>())
Using backend: pytorch
Using backend: pytorch
Using backend: pytorch
[2021-11-14 07:15:09]    INFO >> update /mnt/wanyao/ncc_data/codexglue/code_to_code/translation/graphcodebert/data-mmap/csharp-java/best_checkpoint.pt (train.py:236, <module>())
[2021-11-14 07:15:09]    INFO >> Epoch  32/100, valid loss: 0.0000, valid bleu4: 68.71, best bleu4: 68.71 (train.py:237, <module>())
[2021-11-14 07:15:17]    INFO >> update /mnt/wanyao/ncc_data/codexglue/code_to_code/translation/graphcodebert/data-mmap/csharp-java/last_checkpoint.pt (train.py:243, <module>())
[2021-11-14 07:19:44]    INFO >> Epoch  33/100, Batch 500/644, train loss: 1.6067 (train.py:142, train())
Using backend: pytorch
Using backend: pytorch
Using backend: pytorch
[2021-11-14 07:21:07]    INFO >> Epoch  33/100, train loss: 1.6401 (train.py:151, <module>())
Using backend: pytorch
Using backend: pytorch
Using backend: pytorch
[2021-11-14 07:22:48]    INFO >> Epoch  33/100, valid loss: 0.0000, valid bleu4: 68.64, best bleu4: 68.71 (train.py:237, <module>())
[2021-11-14 07:22:56]    INFO >> update /mnt/wanyao/ncc_data/codexglue/code_to_code/translation/graphcodebert/data-mmap/csharp-java/last_checkpoint.pt (train.py:243, <module>())
[2021-11-14 07:27:23]    INFO >> Epoch  34/100, Batch 500/644, train loss: 1.5482 (train.py:142, train())
Using backend: pytorch
Using backend: pytorch
Using backend: pytorch
[2021-11-14 07:28:35]    INFO >> Epoch  34/100, train loss: 1.5080 (train.py:151, <module>())
Using backend: pytorch
Using backend: pytorch
Using backend: pytorch
[2021-11-14 07:30:35]    INFO >> Epoch  34/100, valid loss: 0.0000, valid bleu4: 67.42, best bleu4: 68.71 (train.py:237, <module>())
[2021-11-14 07:30:43]    INFO >> update /mnt/wanyao/ncc_data/codexglue/code_to_code/translation/graphcodebert/data-mmap/csharp-java/last_checkpoint.pt (train.py:243, <module>())
[2021-11-14 07:35:14]    INFO >> Epoch  35/100, Batch 500/644, train loss: 1.4157 (train.py:142, train())
Using backend: pytorch
Using backend: pytorch
Using backend: pytorch
[2021-11-14 07:36:22]    INFO >> Epoch  35/100, train loss: 1.4348 (train.py:151, <module>())
[2021-11-14 07:36:26]    INFO >> save /mnt/wanyao/ncc_data/codexglue/code_to_code/translation/graphcodebert/data-mmap/csharp-java/35.pt (train.py:228, <module>())
Using backend: pytorch
Using backend: pytorch
Using backend: pytorch
[2021-11-14 07:38:31]    INFO >> update /mnt/wanyao/ncc_data/codexglue/code_to_code/translation/graphcodebert/data-mmap/csharp-java/best_checkpoint.pt (train.py:236, <module>())
[2021-11-14 07:38:31]    INFO >> Epoch  35/100, valid loss: 0.0000, valid bleu4: 69.17, best bleu4: 69.17 (train.py:237, <module>())
[2021-11-14 07:38:39]    INFO >> update /mnt/wanyao/ncc_data/codexglue/code_to_code/translation/graphcodebert/data-mmap/csharp-java/last_checkpoint.pt (train.py:243, <module>())
[2021-11-14 07:43:10]    INFO >> Epoch  36/100, Batch 500/644, train loss: 1.4036 (train.py:142, train())
Using backend: pytorch
Using backend: pytorch
Using backend: pytorch
[2021-11-14 07:44:18]    INFO >> Epoch  36/100, train loss: 1.3940 (train.py:151, <module>())
Using backend: pytorch
Using backend: pytorch
Using backend: pytorch
[2021-11-14 07:45:53]    INFO >> Epoch  36/100, valid loss: 0.0000, valid bleu4: 67.92, best bleu4: 69.17 (train.py:237, <module>())
[2021-11-14 07:46:01]    INFO >> update /mnt/wanyao/ncc_data/codexglue/code_to_code/translation/graphcodebert/data-mmap/csharp-java/last_checkpoint.pt (train.py:243, <module>())
[2021-11-14 07:50:28]    INFO >> Epoch  37/100, Batch 500/644, train loss: 1.3277 (train.py:142, train())
Using backend: pytorch
Using backend: pytorch
Using backend: pytorch
[2021-11-14 07:51:50]    INFO >> Epoch  37/100, train loss: 1.3053 (train.py:151, <module>())
Using backend: pytorch
Using backend: pytorch
Using backend: pytorch
[2021-11-14 07:53:13]    INFO >> Epoch  37/100, valid loss: 0.0000, valid bleu4: 68.85, best bleu4: 69.17 (train.py:237, <module>())
[2021-11-14 07:53:22]    INFO >> update /mnt/wanyao/ncc_data/codexglue/code_to_code/translation/graphcodebert/data-mmap/csharp-java/last_checkpoint.pt (train.py:243, <module>())
[2021-11-14 07:57:50]    INFO >> Epoch  38/100, Batch 500/644, train loss: 1.1248 (train.py:142, train())
Using backend: pytorch
Using backend: pytorch
Using backend: pytorch
[2021-11-14 07:59:12]    INFO >> Epoch  38/100, train loss: 1.1660 (train.py:151, <module>())
Using backend: pytorch
Using backend: pytorch
Using backend: pytorch
[2021-11-14 08:00:49]    INFO >> Epoch  38/100, valid loss: 0.0000, valid bleu4: 68.67, best bleu4: 69.17 (train.py:237, <module>())
[2021-11-14 08:00:57]    INFO >> update /mnt/wanyao/ncc_data/codexglue/code_to_code/translation/graphcodebert/data-mmap/csharp-java/last_checkpoint.pt (train.py:243, <module>())
[2021-11-14 08:05:24]    INFO >> Epoch  39/100, Batch 500/644, train loss: 1.1341 (train.py:142, train())
Using backend: pytorch
Using backend: pytorch
Using backend: pytorch
[2021-11-14 08:06:40]    INFO >> Epoch  39/100, train loss: 1.1527 (train.py:151, <module>())
Using backend: pytorch
Using backend: pytorch
Using backend: pytorch
[2021-11-14 08:08:43]    INFO >> update /mnt/wanyao/ncc_data/codexglue/code_to_code/translation/graphcodebert/data-mmap/csharp-java/best_checkpoint.pt (train.py:236, <module>())
[2021-11-14 08:08:43]    INFO >> Epoch  39/100, valid loss: 0.0000, valid bleu4: 69.31, best bleu4: 69.31 (train.py:237, <module>())
[2021-11-14 08:08:51]    INFO >> update /mnt/wanyao/ncc_data/codexglue/code_to_code/translation/graphcodebert/data-mmap/csharp-java/last_checkpoint.pt (train.py:243, <module>())
[2021-11-14 08:13:18]    INFO >> Epoch  40/100, Batch 500/644, train loss: 1.1786 (train.py:142, train())
Using backend: pytorch
Using backend: pytorch
Using backend: pytorch
[2021-11-14 08:14:28]    INFO >> Epoch  40/100, train loss: 1.1550 (train.py:151, <module>())
[2021-11-14 08:14:32]    INFO >> save /mnt/wanyao/ncc_data/codexglue/code_to_code/translation/graphcodebert/data-mmap/csharp-java/40.pt (train.py:228, <module>())
Using backend: pytorch
Using backend: pytorch
Using backend: pytorch
[2021-11-14 08:16:34]    INFO >> Epoch  40/100, valid loss: 0.0000, valid bleu4: 67.57, best bleu4: 69.31 (train.py:237, <module>())
[2021-11-14 08:16:42]    INFO >> update /mnt/wanyao/ncc_data/codexglue/code_to_code/translation/graphcodebert/data-mmap/csharp-java/last_checkpoint.pt (train.py:243, <module>())
[2021-11-14 08:21:07]    INFO >> Epoch  41/100, Batch 500/644, train loss: 1.0547 (train.py:142, train())
Using backend: pytorch
Using backend: pytorch
Using backend: pytorch
[2021-11-14 08:22:19]    INFO >> Epoch  41/100, train loss: 1.0436 (train.py:151, <module>())
Using backend: pytorch
Using backend: pytorch
Using backend: pytorch
[2021-11-14 08:24:17]    INFO >> Epoch  41/100, valid loss: 0.0000, valid bleu4: 68.66, best bleu4: 69.31 (train.py:237, <module>())
[2021-11-14 08:24:25]    INFO >> update /mnt/wanyao/ncc_data/codexglue/code_to_code/translation/graphcodebert/data-mmap/csharp-java/last_checkpoint.pt (train.py:243, <module>())
[2021-11-14 08:28:55]    INFO >> Epoch  42/100, Batch 500/644, train loss: 0.9611 (train.py:142, train())
Using backend: pytorch
Using backend: pytorch
Using backend: pytorch
[2021-11-14 08:30:04]    INFO >> Epoch  42/100, train loss: 0.9588 (train.py:151, <module>())
Using backend: pytorch
Using backend: pytorch
Using backend: pytorch
[2021-11-14 08:31:39]    INFO >> Epoch  42/100, valid loss: 0.0000, valid bleu4: 69.21, best bleu4: 69.31 (train.py:237, <module>())
[2021-11-14 08:31:47]    INFO >> update /mnt/wanyao/ncc_data/codexglue/code_to_code/translation/graphcodebert/data-mmap/csharp-java/last_checkpoint.pt (train.py:243, <module>())
[2021-11-14 08:36:17]    INFO >> Epoch  43/100, Batch 500/644, train loss: 0.9324 (train.py:142, train())
Using backend: pytorch
Using backend: pytorch
Using backend: pytorch
[2021-11-14 08:37:37]    INFO >> Epoch  43/100, train loss: 0.9198 (train.py:151, <module>())
Using backend: pytorch
Using backend: pytorch
Using backend: pytorch
[2021-11-14 08:39:00]    INFO >> Epoch  43/100, valid loss: 0.0000, valid bleu4: 69.12, best bleu4: 69.31 (train.py:237, <module>())
[2021-11-14 08:39:08]    INFO >> update /mnt/wanyao/ncc_data/codexglue/code_to_code/translation/graphcodebert/data-mmap/csharp-java/last_checkpoint.pt (train.py:243, <module>())
[2021-11-14 08:43:36]    INFO >> Epoch  44/100, Batch 500/644, train loss: 0.8555 (train.py:142, train())
Using backend: pytorch
Using backend: pytorch
Using backend: pytorch
[2021-11-14 08:44:59]    INFO >> Epoch  44/100, train loss: 0.8888 (train.py:151, <module>())
Using backend: pytorch
Using backend: pytorch
Using backend: pytorch
[2021-11-14 08:46:45]    INFO >> update /mnt/wanyao/ncc_data/codexglue/code_to_code/translation/graphcodebert/data-mmap/csharp-java/best_checkpoint.pt (train.py:236, <module>())
[2021-11-14 08:46:45]    INFO >> Epoch  44/100, valid loss: 0.0000, valid bleu4: 69.81, best bleu4: 69.81 (train.py:237, <module>())
[2021-11-14 08:46:53]    INFO >> update /mnt/wanyao/ncc_data/codexglue/code_to_code/translation/graphcodebert/data-mmap/csharp-java/last_checkpoint.pt (train.py:243, <module>())
[2021-11-14 08:51:22]    INFO >> Epoch  45/100, Batch 500/644, train loss: 0.7674 (train.py:142, train())
Using backend: pytorch
Using backend: pytorch
Using backend: pytorch
[2021-11-14 08:52:45]    INFO >> Epoch  45/100, train loss: 0.7989 (train.py:151, <module>())
[2021-11-14 08:52:49]    INFO >> save /mnt/wanyao/ncc_data/codexglue/code_to_code/translation/graphcodebert/data-mmap/csharp-java/45.pt (train.py:228, <module>())
Using backend: pytorch
Using backend: pytorch
Using backend: pytorch
[2021-11-14 08:54:30]    INFO >> Epoch  45/100, valid loss: 0.0000, valid bleu4: 68.89, best bleu4: 69.81 (train.py:237, <module>())
[2021-11-14 08:54:38]    INFO >> update /mnt/wanyao/ncc_data/codexglue/code_to_code/translation/graphcodebert/data-mmap/csharp-java/last_checkpoint.pt (train.py:243, <module>())
[2021-11-14 08:59:06]    INFO >> Epoch  46/100, Batch 500/644, train loss: 0.8133 (train.py:142, train())
Using backend: pytorch
Using backend: pytorch
Using backend: pytorch
[2021-11-14 09:00:16]    INFO >> Epoch  46/100, train loss: 0.8111 (train.py:151, <module>())
Using backend: pytorch
Using backend: pytorch
Using backend: pytorch
[2021-11-14 09:02:24]    INFO >> update /mnt/wanyao/ncc_data/codexglue/code_to_code/translation/graphcodebert/data-mmap/csharp-java/best_checkpoint.pt (train.py:236, <module>())
[2021-11-14 09:02:24]    INFO >> Epoch  46/100, valid loss: 0.0000, valid bleu4: 69.88, best bleu4: 69.88 (train.py:237, <module>())
[2021-11-14 09:02:32]    INFO >> update /mnt/wanyao/ncc_data/codexglue/code_to_code/translation/graphcodebert/data-mmap/csharp-java/last_checkpoint.pt (train.py:243, <module>())
[2021-11-14 09:06:59]    INFO >> Epoch  47/100, Batch 500/644, train loss: 0.7741 (train.py:142, train())
Using backend: pytorch
Using backend: pytorch
Using backend: pytorch
[2021-11-14 09:08:09]    INFO >> Epoch  47/100, train loss: 0.7799 (train.py:151, <module>())
Using backend: pytorch
Using backend: pytorch
Using backend: pytorch
[2021-11-14 09:10:11]    INFO >> Epoch  47/100, valid loss: 0.0000, valid bleu4: 69.01, best bleu4: 69.88 (train.py:237, <module>())
[2021-11-14 09:10:19]    INFO >> update /mnt/wanyao/ncc_data/codexglue/code_to_code/translation/graphcodebert/data-mmap/csharp-java/last_checkpoint.pt (train.py:243, <module>())
[2021-11-14 09:14:44]    INFO >> Epoch  48/100, Batch 500/644, train loss: 0.7733 (train.py:142, train())
Using backend: pytorch
Using backend: pytorch
Using backend: pytorch
[2021-11-14 09:15:51]    INFO >> Epoch  48/100, train loss: 0.7600 (train.py:151, <module>())
Using backend: pytorch
Using backend: pytorch
Using backend: pytorch
[2021-11-14 09:17:53]    INFO >> Epoch  48/100, valid loss: 0.0000, valid bleu4: 69.46, best bleu4: 69.88 (train.py:237, <module>())
[2021-11-14 09:18:01]    INFO >> update /mnt/wanyao/ncc_data/codexglue/code_to_code/translation/graphcodebert/data-mmap/csharp-java/last_checkpoint.pt (train.py:243, <module>())
[2021-11-14 09:22:28]    INFO >> Epoch  49/100, Batch 500/644, train loss: 0.7078 (train.py:142, train())
Using backend: pytorch
Using backend: pytorch
Using backend: pytorch
[2021-11-14 09:23:36]    INFO >> Epoch  49/100, train loss: 0.7154 (train.py:151, <module>())
Using backend: pytorch
Using backend: pytorch
Using backend: pytorch
[2021-11-14 09:25:26]    INFO >> Epoch  49/100, valid loss: 0.0000, valid bleu4: 69.75, best bleu4: 69.88 (train.py:237, <module>())
[2021-11-14 09:25:34]    INFO >> update /mnt/wanyao/ncc_data/codexglue/code_to_code/translation/graphcodebert/data-mmap/csharp-java/last_checkpoint.pt (train.py:243, <module>())
[2021-11-14 09:30:03]    INFO >> Epoch  50/100, Batch 500/644, train loss: 0.6759 (train.py:142, train())
Using backend: pytorch
Using backend: pytorch
Using backend: pytorch
[2021-11-14 09:31:12]    INFO >> Epoch  50/100, train loss: 0.6806 (train.py:151, <module>())
[2021-11-14 09:31:16]    INFO >> save /mnt/wanyao/ncc_data/codexglue/code_to_code/translation/graphcodebert/data-mmap/csharp-java/50.pt (train.py:228, <module>())
Using backend: pytorch
Using backend: pytorch
Using backend: pytorch
[2021-11-14 09:32:47]    INFO >> Epoch  50/100, valid loss: 0.0000, valid bleu4: 69.51, best bleu4: 69.88 (train.py:237, <module>())
[2021-11-14 09:32:55]    INFO >> update /mnt/wanyao/ncc_data/codexglue/code_to_code/translation/graphcodebert/data-mmap/csharp-java/last_checkpoint.pt (train.py:243, <module>())
[2021-11-14 09:37:23]    INFO >> Epoch  51/100, Batch 500/644, train loss: 0.6945 (train.py:142, train())
Using backend: pytorch
Using backend: pytorch
Using backend: pytorch
[2021-11-14 09:38:45]    INFO >> Epoch  51/100, train loss: 0.6930 (train.py:151, <module>())
Using backend: pytorch
Using backend: pytorch
Using backend: pytorch
[2021-11-14 09:40:19]    INFO >> update /mnt/wanyao/ncc_data/codexglue/code_to_code/translation/graphcodebert/data-mmap/csharp-java/best_checkpoint.pt (train.py:236, <module>())
[2021-11-14 09:40:19]    INFO >> Epoch  51/100, valid loss: 0.0000, valid bleu4: 70.32, best bleu4: 70.32 (train.py:237, <module>())
[2021-11-14 09:40:28]    INFO >> update /mnt/wanyao/ncc_data/codexglue/code_to_code/translation/graphcodebert/data-mmap/csharp-java/last_checkpoint.pt (train.py:243, <module>())
[2021-11-14 09:44:58]    INFO >> Epoch  52/100, Batch 500/644, train loss: 0.5803 (train.py:142, train())
Using backend: pytorch
Using backend: pytorch
Using backend: pytorch
[2021-11-14 09:46:20]    INFO >> Epoch  52/100, train loss: 0.6061 (train.py:151, <module>())
Using backend: pytorch
Using backend: pytorch
Using backend: pytorch
[2021-11-14 09:47:59]    INFO >> Epoch  52/100, valid loss: 0.0000, valid bleu4: 70.01, best bleu4: 70.32 (train.py:237, <module>())
[2021-11-14 09:48:06]    INFO >> update /mnt/wanyao/ncc_data/codexglue/code_to_code/translation/graphcodebert/data-mmap/csharp-java/last_checkpoint.pt (train.py:243, <module>())
[2021-11-14 09:52:32]    INFO >> Epoch  53/100, Batch 500/644, train loss: 0.5916 (train.py:142, train())
Using backend: pytorch
Using backend: pytorch
Using backend: pytorch
[2021-11-14 09:53:46]    INFO >> Epoch  53/100, train loss: 0.6091 (train.py:151, <module>())
Using backend: pytorch
Using backend: pytorch
Using backend: pytorch
[2021-11-14 09:55:43]    INFO >> Epoch  53/100, valid loss: 0.0000, valid bleu4: 69.44, best bleu4: 70.32 (train.py:237, <module>())
[2021-11-14 09:55:51]    INFO >> update /mnt/wanyao/ncc_data/codexglue/code_to_code/translation/graphcodebert/data-mmap/csharp-java/last_checkpoint.pt (train.py:243, <module>())
[2021-11-14 10:00:21]    INFO >> Epoch  54/100, Batch 500/644, train loss: 0.5619 (train.py:142, train())
Using backend: pytorch
Using backend: pytorch
Using backend: pytorch
[2021-11-14 10:01:30]    INFO >> Epoch  54/100, train loss: 0.5703 (train.py:151, <module>())
Using backend: pytorch
Using backend: pytorch
Using backend: pytorch
[2021-11-14 10:03:32]    INFO >> Epoch  54/100, valid loss: 0.0000, valid bleu4: 69.61, best bleu4: 70.32 (train.py:237, <module>())
[2021-11-14 10:03:40]    INFO >> update /mnt/wanyao/ncc_data/codexglue/code_to_code/translation/graphcodebert/data-mmap/csharp-java/last_checkpoint.pt (train.py:243, <module>())
[2021-11-14 10:08:06]    INFO >> Epoch  55/100, Batch 500/644, train loss: 0.4989 (train.py:142, train())
Using backend: pytorch
Using backend: pytorch
Using backend: pytorch
[2021-11-14 10:09:12]    INFO >> Epoch  55/100, train loss: 0.5360 (train.py:151, <module>())
[2021-11-14 10:09:16]    INFO >> save /mnt/wanyao/ncc_data/codexglue/code_to_code/translation/graphcodebert/data-mmap/csharp-java/55.pt (train.py:228, <module>())
Using backend: pytorch
Using backend: pytorch
Using backend: pytorch
[2021-11-14 10:11:15]    INFO >> Epoch  55/100, valid loss: 0.0000, valid bleu4: 69.83, best bleu4: 70.32 (train.py:237, <module>())
[2021-11-14 10:11:24]    INFO >> update /mnt/wanyao/ncc_data/codexglue/code_to_code/translation/graphcodebert/data-mmap/csharp-java/last_checkpoint.pt (train.py:243, <module>())
[2021-11-14 10:15:53]    INFO >> Epoch  56/100, Batch 500/644, train loss: 0.5339 (train.py:142, train())
Using backend: pytorch
Using backend: pytorch
Using backend: pytorch
[2021-11-14 10:17:02]    INFO >> Epoch  56/100, train loss: 0.5345 (train.py:151, <module>())
Using backend: pytorch
Using backend: pytorch
Using backend: pytorch
[2021-11-14 10:18:34]    INFO >> Epoch  56/100, valid loss: 0.0000, valid bleu4: 70.05, best bleu4: 70.32 (train.py:237, <module>())
[2021-11-14 10:18:42]    INFO >> update /mnt/wanyao/ncc_data/codexglue/code_to_code/translation/graphcodebert/data-mmap/csharp-java/last_checkpoint.pt (train.py:243, <module>())
[2021-11-14 10:23:12]    INFO >> Epoch  57/100, Batch 500/644, train loss: 0.4996 (train.py:142, train())
Using backend: pytorch
Using backend: pytorch
Using backend: pytorch
[2021-11-14 10:24:33]    INFO >> Epoch  57/100, train loss: 0.5038 (train.py:151, <module>())
Using backend: pytorch
Using backend: pytorch
Using backend: pytorch
[2021-11-14 10:25:57]    INFO >> Epoch  57/100, valid loss: 0.0000, valid bleu4: 69.95, best bleu4: 70.32 (train.py:237, <module>())
[2021-11-14 10:26:07]    INFO >> update /mnt/wanyao/ncc_data/codexglue/code_to_code/translation/graphcodebert/data-mmap/csharp-java/last_checkpoint.pt (train.py:243, <module>())
[2021-11-14 10:30:39]    INFO >> Epoch  58/100, Batch 500/644, train loss: 0.4852 (train.py:142, train())
Using backend: pytorch
Using backend: pytorch
Using backend: pytorch
[2021-11-14 10:32:01]    INFO >> Epoch  58/100, train loss: 0.4948 (train.py:151, <module>())
Using backend: pytorch
Using backend: pytorch
Using backend: pytorch
[2021-11-14 10:33:48]    INFO >> update /mnt/wanyao/ncc_data/codexglue/code_to_code/translation/graphcodebert/data-mmap/csharp-java/best_checkpoint.pt (train.py:236, <module>())
[2021-11-14 10:33:48]    INFO >> Epoch  58/100, valid loss: 0.0000, valid bleu4: 70.41, best bleu4: 70.41 (train.py:237, <module>())
[2021-11-14 10:33:56]    INFO >> update /mnt/wanyao/ncc_data/codexglue/code_to_code/translation/graphcodebert/data-mmap/csharp-java/last_checkpoint.pt (train.py:243, <module>())
[2021-11-14 10:38:23]    INFO >> Epoch  59/100, Batch 500/644, train loss: 0.4573 (train.py:142, train())
Using backend: pytorch
Using backend: pytorch
Using backend: pytorch
[2021-11-14 10:39:44]    INFO >> Epoch  59/100, train loss: 0.4594 (train.py:151, <module>())
Using backend: pytorch
Using backend: pytorch
Using backend: pytorch
[2021-11-14 10:41:28]    INFO >> Epoch  59/100, valid loss: 0.0000, valid bleu4: 69.20, best bleu4: 70.41 (train.py:237, <module>())
[2021-11-14 10:41:36]    INFO >> update /mnt/wanyao/ncc_data/codexglue/code_to_code/translation/graphcodebert/data-mmap/csharp-java/last_checkpoint.pt (train.py:243, <module>())
[2021-11-14 10:46:04]    INFO >> Epoch  60/100, Batch 500/644, train loss: 0.4569 (train.py:142, train())
Using backend: pytorch
Using backend: pytorch
Using backend: pytorch
[2021-11-14 10:47:15]    INFO >> Epoch  60/100, train loss: 0.4653 (train.py:151, <module>())
[2021-11-14 10:47:19]    INFO >> save /mnt/wanyao/ncc_data/codexglue/code_to_code/translation/graphcodebert/data-mmap/csharp-java/60.pt (train.py:228, <module>())
Using backend: pytorch
Using backend: pytorch
Using backend: pytorch
[2021-11-14 10:49:16]    INFO >> Epoch  60/100, valid loss: 0.0000, valid bleu4: 69.67, best bleu4: 70.41 (train.py:237, <module>())
[2021-11-14 10:49:23]    INFO >> update /mnt/wanyao/ncc_data/codexglue/code_to_code/translation/graphcodebert/data-mmap/csharp-java/last_checkpoint.pt (train.py:243, <module>())
[2021-11-14 10:53:54]    INFO >> Epoch  61/100, Batch 500/644, train loss: 0.4264 (train.py:142, train())
Using backend: pytorch
Using backend: pytorch
Using backend: pytorch
[2021-11-14 10:55:04]    INFO >> Epoch  61/100, train loss: 0.4403 (train.py:151, <module>())
Using backend: pytorch
Using backend: pytorch
Using backend: pytorch
[2021-11-14 10:57:06]    INFO >> Epoch  61/100, valid loss: 0.0000, valid bleu4: 69.88, best bleu4: 70.41 (train.py:237, <module>())
[2021-11-14 10:57:13]    INFO >> update /mnt/wanyao/ncc_data/codexglue/code_to_code/translation/graphcodebert/data-mmap/csharp-java/last_checkpoint.pt (train.py:243, <module>())
[2021-11-14 11:01:39]    INFO >> Epoch  62/100, Batch 500/644, train loss: 0.4108 (train.py:142, train())
Using backend: pytorch
Using backend: pytorch
Using backend: pytorch
[2021-11-14 11:02:46]    INFO >> Epoch  62/100, train loss: 0.4249 (train.py:151, <module>())
Using backend: pytorch
Using backend: pytorch
Using backend: pytorch
[2021-11-14 11:04:45]    INFO >> Epoch  62/100, valid loss: 0.0000, valid bleu4: 70.06, best bleu4: 70.41 (train.py:237, <module>())
[2021-11-14 11:04:53]    INFO >> update /mnt/wanyao/ncc_data/codexglue/code_to_code/translation/graphcodebert/data-mmap/csharp-java/last_checkpoint.pt (train.py:243, <module>())
[2021-11-14 11:09:22]    INFO >> Epoch  63/100, Batch 500/644, train loss: 0.4095 (train.py:142, train())
Using backend: pytorch
Using backend: pytorch
Using backend: pytorch
[2021-11-14 11:10:30]    INFO >> Epoch  63/100, train loss: 0.4245 (train.py:151, <module>())
Using backend: pytorch
Using backend: pytorch
Using backend: pytorch
[2021-11-14 11:12:10]    INFO >> Epoch  63/100, valid loss: 0.0000, valid bleu4: 69.94, best bleu4: 70.41 (train.py:237, <module>())
[2021-11-14 11:12:17]    INFO >> update /mnt/wanyao/ncc_data/codexglue/code_to_code/translation/graphcodebert/data-mmap/csharp-java/last_checkpoint.pt (train.py:243, <module>())
[2021-11-14 11:16:46]    INFO >> Epoch  64/100, Batch 500/644, train loss: 0.3944 (train.py:142, train())
Using backend: pytorch
Using backend: pytorch
Using backend: pytorch
[2021-11-14 11:17:59]    INFO >> Epoch  64/100, train loss: 0.3958 (train.py:151, <module>())
Using backend: pytorch
Using backend: pytorch
Using backend: pytorch
[2021-11-14 11:19:28]    INFO >> Epoch  64/100, valid loss: 0.0000, valid bleu4: 70.32, best bleu4: 70.41 (train.py:237, <module>())
[2021-11-14 11:19:36]    INFO >> update /mnt/wanyao/ncc_data/codexglue/code_to_code/translation/graphcodebert/data-mmap/csharp-java/last_checkpoint.pt (train.py:243, <module>())
[2021-11-14 11:24:04]    INFO >> Epoch  65/100, Batch 500/644, train loss: 0.3816 (train.py:142, train())
Using backend: pytorch
Using backend: pytorch
Using backend: pytorch
[2021-11-14 11:25:27]    INFO >> Epoch  65/100, train loss: 0.3840 (train.py:151, <module>())
[2021-11-14 11:25:31]    INFO >> save /mnt/wanyao/ncc_data/codexglue/code_to_code/translation/graphcodebert/data-mmap/csharp-java/65.pt (train.py:228, <module>())
Using backend: pytorch
Using backend: pytorch
Using backend: pytorch
[2021-11-14 11:26:55]    INFO >> Epoch  65/100, valid loss: 0.0000, valid bleu4: 69.98, best bleu4: 70.41 (train.py:237, <module>())
[2021-11-14 11:27:06]    INFO >> update /mnt/wanyao/ncc_data/codexglue/code_to_code/translation/graphcodebert/data-mmap/csharp-java/last_checkpoint.pt (train.py:243, <module>())
[2021-11-14 11:31:35]    INFO >> Epoch  66/100, Batch 500/644, train loss: 0.3566 (train.py:142, train())
Using backend: pytorch
Using backend: pytorch
Using backend: pytorch
[2021-11-14 11:32:57]    INFO >> Epoch  66/100, train loss: 0.3651 (train.py:151, <module>())
Using backend: pytorch
Using backend: pytorch
Using backend: pytorch
[2021-11-14 11:34:44]    INFO >> update /mnt/wanyao/ncc_data/codexglue/code_to_code/translation/graphcodebert/data-mmap/csharp-java/best_checkpoint.pt (train.py:236, <module>())
[2021-11-14 11:34:44]    INFO >> Epoch  66/100, valid loss: 0.0000, valid bleu4: 71.10, best bleu4: 71.10 (train.py:237, <module>())
[2021-11-14 11:34:52]    INFO >> update /mnt/wanyao/ncc_data/codexglue/code_to_code/translation/graphcodebert/data-mmap/csharp-java/last_checkpoint.pt (train.py:243, <module>())
[2021-11-14 11:39:19]    INFO >> Epoch  67/100, Batch 500/644, train loss: 0.3611 (train.py:142, train())
Using backend: pytorch
Using backend: pytorch
Using backend: pytorch
[2021-11-14 11:40:38]    INFO >> Epoch  67/100, train loss: 0.3691 (train.py:151, <module>())
Using backend: pytorch
Using backend: pytorch
Using backend: pytorch
[2021-11-14 11:42:26]    INFO >> Epoch  67/100, valid loss: 0.0000, valid bleu4: 69.90, best bleu4: 71.10 (train.py:237, <module>())
[2021-11-14 11:42:35]    INFO >> update /mnt/wanyao/ncc_data/codexglue/code_to_code/translation/graphcodebert/data-mmap/csharp-java/last_checkpoint.pt (train.py:243, <module>())
[2021-11-14 11:47:02]    INFO >> Epoch  68/100, Batch 500/644, train loss: 0.3286 (train.py:142, train())
Using backend: pytorch
Using backend: pytorch
Using backend: pytorch
[2021-11-14 11:48:12]    INFO >> Epoch  68/100, train loss: 0.3389 (train.py:151, <module>())
Using backend: pytorch
Using backend: pytorch
Using backend: pytorch
[2021-11-14 11:50:14]    INFO >> Epoch  68/100, valid loss: 0.0000, valid bleu4: 70.34, best bleu4: 71.10 (train.py:237, <module>())
[2021-11-14 11:50:22]    INFO >> update /mnt/wanyao/ncc_data/codexglue/code_to_code/translation/graphcodebert/data-mmap/csharp-java/last_checkpoint.pt (train.py:243, <module>())
[2021-11-14 11:54:48]    INFO >> Epoch  69/100, Batch 500/644, train loss: 0.3070 (train.py:142, train())
Using backend: pytorch
Using backend: pytorch
Using backend: pytorch
[2021-11-14 11:55:56]    INFO >> Epoch  69/100, train loss: 0.3057 (train.py:151, <module>())
Using backend: pytorch
Using backend: pytorch
Using backend: pytorch
[2021-11-14 11:57:57]    INFO >> Epoch  69/100, valid loss: 0.0000, valid bleu4: 70.41, best bleu4: 71.10 (train.py:237, <module>())
[2021-11-14 11:58:06]    INFO >> update /mnt/wanyao/ncc_data/codexglue/code_to_code/translation/graphcodebert/data-mmap/csharp-java/last_checkpoint.pt (train.py:243, <module>())
[2021-11-14 12:02:33]    INFO >> Epoch  70/100, Batch 500/644, train loss: 0.3075 (train.py:142, train())
Using backend: pytorch
Using backend: pytorch
Using backend: pytorch
[2021-11-14 12:03:40]    INFO >> Epoch  70/100, train loss: 0.3124 (train.py:151, <module>())
[2021-11-14 12:03:44]    INFO >> save /mnt/wanyao/ncc_data/codexglue/code_to_code/translation/graphcodebert/data-mmap/csharp-java/70.pt (train.py:228, <module>())
Using backend: pytorch
Using backend: pytorch
Using backend: pytorch
[2021-11-14 12:05:33]    INFO >> Epoch  70/100, valid loss: 0.0000, valid bleu4: 70.28, best bleu4: 71.10 (train.py:237, <module>())
[2021-11-14 12:05:41]    INFO >> update /mnt/wanyao/ncc_data/codexglue/code_to_code/translation/graphcodebert/data-mmap/csharp-java/last_checkpoint.pt (train.py:243, <module>())
[2021-11-14 12:10:10]    INFO >> Epoch  71/100, Batch 500/644, train loss: 0.2995 (train.py:142, train())
Using backend: pytorch
Using backend: pytorch
Using backend: pytorch
[2021-11-14 12:11:21]    INFO >> Epoch  71/100, train loss: 0.3107 (train.py:151, <module>())
Using backend: pytorch
Using backend: pytorch
Using backend: pytorch
[2021-11-14 12:12:49]    INFO >> Epoch  71/100, valid loss: 0.0000, valid bleu4: 70.55, best bleu4: 71.10 (train.py:237, <module>())
[2021-11-14 12:12:57]    INFO >> update /mnt/wanyao/ncc_data/codexglue/code_to_code/translation/graphcodebert/data-mmap/csharp-java/last_checkpoint.pt (train.py:243, <module>())
[2021-11-14 12:17:26]    INFO >> Epoch  72/100, Batch 500/644, train loss: 0.3209 (train.py:142, train())
Using backend: pytorch
Using backend: pytorch
Using backend: pytorch
[2021-11-14 12:18:48]    INFO >> Epoch  72/100, train loss: 0.3195 (train.py:151, <module>())
Using backend: pytorch
Using backend: pytorch
Using backend: pytorch
[2021-11-14 12:20:19]    INFO >> Epoch  72/100, valid loss: 0.0000, valid bleu4: 69.82, best bleu4: 71.10 (train.py:237, <module>())
[2021-11-14 12:20:27]    INFO >> update /mnt/wanyao/ncc_data/codexglue/code_to_code/translation/graphcodebert/data-mmap/csharp-java/last_checkpoint.pt (train.py:243, <module>())
[2021-11-14 12:24:57]    INFO >> Epoch  73/100, Batch 500/644, train loss: 0.2927 (train.py:142, train())
Using backend: pytorch
Using backend: pytorch
Using backend: pytorch
[2021-11-14 12:26:20]    INFO >> Epoch  73/100, train loss: 0.2926 (train.py:151, <module>())
Using backend: pytorch
Using backend: pytorch
Using backend: pytorch
[2021-11-14 12:28:01]    INFO >> Epoch  73/100, valid loss: 0.0000, valid bleu4: 69.71, best bleu4: 71.10 (train.py:237, <module>())
[2021-11-14 12:28:08]    INFO >> update /mnt/wanyao/ncc_data/codexglue/code_to_code/translation/graphcodebert/data-mmap/csharp-java/last_checkpoint.pt (train.py:243, <module>())
[2021-11-14 12:32:35]    INFO >> Epoch  74/100, Batch 500/644, train loss: 0.2732 (train.py:142, train())
Using backend: pytorch
Using backend: pytorch
Using backend: pytorch
[2021-11-14 12:33:49]    INFO >> Epoch  74/100, train loss: 0.2757 (train.py:151, <module>())
Using backend: pytorch
Using backend: pytorch
Using backend: pytorch
[2021-11-14 12:35:45]    INFO >> Epoch  74/100, valid loss: 0.0000, valid bleu4: 70.37, best bleu4: 71.10 (train.py:237, <module>())
[2021-11-14 12:35:52]    INFO >> update /mnt/wanyao/ncc_data/codexglue/code_to_code/translation/graphcodebert/data-mmap/csharp-java/last_checkpoint.pt (train.py:243, <module>())
[2021-11-14 12:40:21]    INFO >> Epoch  75/100, Batch 500/644, train loss: 0.2463 (train.py:142, train())
Using backend: pytorch
Using backend: pytorch
Using backend: pytorch
[2021-11-14 12:41:29]    INFO >> Epoch  75/100, train loss: 0.2596 (train.py:151, <module>())
[2021-11-14 12:41:33]    INFO >> save /mnt/wanyao/ncc_data/codexglue/code_to_code/translation/graphcodebert/data-mmap/csharp-java/75.pt (train.py:228, <module>())
Using backend: pytorch
Using backend: pytorch
Using backend: pytorch
[2021-11-14 12:43:35]    INFO >> Epoch  75/100, valid loss: 0.0000, valid bleu4: 69.82, best bleu4: 71.10 (train.py:237, <module>())
[2021-11-14 12:43:42]    INFO >> update /mnt/wanyao/ncc_data/codexglue/code_to_code/translation/graphcodebert/data-mmap/csharp-java/last_checkpoint.pt (train.py:243, <module>())
[2021-11-14 12:48:09]    INFO >> Epoch  76/100, Batch 500/644, train loss: 0.2918 (train.py:142, train())
Using backend: pytorch
Using backend: pytorch
Using backend: pytorch
[2021-11-14 12:49:14]    INFO >> Epoch  76/100, train loss: 0.2918 (train.py:151, <module>())
Using backend: pytorch
Using backend: pytorch
Using backend: pytorch
[2021-11-14 12:51:13]    INFO >> Epoch  76/100, valid loss: 0.0000, valid bleu4: 69.97, best bleu4: 71.10 (train.py:237, <module>())
[2021-11-14 12:51:21]    INFO >> update /mnt/wanyao/ncc_data/codexglue/code_to_code/translation/graphcodebert/data-mmap/csharp-java/last_checkpoint.pt (train.py:243, <module>())
[2021-11-14 12:51:21]    INFO >> early stop because of no improvement in 10 epochs (train.py:245, <module>())
