nohup: ignoring input
[2020-12-27 22:38:21]    INFO >> Load arguments in /home/wanyao/yang/naturalcc-dev/run/summarization/deepcom/config/csn_feng/go.yml (train.py:299, cli_main())
[2020-12-27 22:38:21]    INFO >> {'criterion': 'cross_entropy', 'optimizer': 'sgd', 'lr_scheduler': 'fixed', 'tokenizer': None, 'bpe': None, 'common': {'no_progress_bar': 0, 'log_interval': 500, 'log_format': 'simple', 'tensorboard_logdir': '', 'memory_efficient_fp16': 1, 'fp16_no_flatten_grads': 1, 'fp16_init_scale': 128, 'fp16_scale_window': None, 'fp16_scale_tolerance': 0.0, 'min_loss_scale': 0.0001, 'threshold_loss_scale': None, 'empty_cache_freq': 0, 'task': 'summarization', 'seed': 1, 'cpu': 0, 'fp16': 0, 'fp16_opt_level': '01', 'server_ip': '', 'server_port': ''}, 'dataset': {'num_workers': 3, 'skip_invalid_size_inputs_valid_test': 1, 'max_tokens': None, 'max_sentences': 100, 'required_batch_size_multiple': 8, 'dataset_impl': 'mmap', 'train_subset': 'train', 'valid_subset': 'valid', 'validate_interval': 1, 'fixed_validation_seed': None, 'disable_validation': 0, 'max_tokens_valid': None, 'max_sentences_valid': 512, 'curriculum': 0, 'gen_subset': 'test', 'num_shards': 1, 'shard_id': 0}, 'distributed_training': {'distributed_world_size': 1, 'distributed_rank': 0, 'distributed_backend': 'nccl', 'distributed_init_method': None, 'distributed_port': -1, 'device_id': 0, 'distributed_no_spawn': 0, 'ddp_backend': 'c10d', 'bucket_cap_mb': 25, 'fix_batches_to_gpus': None, 'find_unused_parameters': 0, 'fast_stat_sync': 0, 'broadcast_buffers': 0, 'global_sync_iter': 50, 'warmup_iterations': 500, 'local_rank': -1, 'block_momentum': 0.875, 'block_lr': 1, 'use_nbm': 0, 'average_sync': 0}, 'task': {'data': '/home/wanyao/.ncc/code_search_net_feng/sum_sbt/go/data-mmap', 'source_lang': 'sbt', 'target_lang': 'docstring_tokens', 'load_alignments': 0, 'left_pad_source': 0, 'left_pad_target': 0, 'max_source_positions': 400, 'max_target_positions': 30, 'upsample_primary': 1, 'truncate_source': 1, 'truncate_target': 1, 'append_eos_to_target': 1, 'eval_bleu': 1, 'eval_bleu_detok': 'space', 'eval_bleu_detok_args': None, 'eval_tokenized_bleu': 0, 'eval_bleu_remove_bpe': None, 'eval_bleu_args': None, 'eval_bleu_print_samples': 0}, 'model': {'arch': 'deepcom', 'encoder_embed_dim': 512, 'encoder_embed': None, 'encoder_freeze_embed': 0, 'encoder_hidden_size': 512, 'encoder_layers': 2, 'encoder_bidirectional': 0, 'decoder_embed_dim': 512, 'decoder_embed': None, 'decoder_freeze_embed': None, 'decoder_hidden_size': 512, 'decoder_layers': 1, 'decoder_out_embed_dim': 512, 'decoder_attention': 1, 'adaptive_softmax_cutoff': None, 'share_decoder_input_output_embed': 0, 'share_all_embeddings': 0, 'encoder_dropout_in': 0.5, 'encoder_dropout_out': 0.5, 'decoder_dropout_in': 0.5, 'decoder_dropout_out': 0.5, 'max_source_positions': 400, 'max_target_positions': 30}, 'optimization': {'max_epoch': 50, 'max_update': 0, 'clip_norm': 5, 'update_freq': [1], 'lr': [0.5], 'min_lr': -1, 'use_bmuf': 1, 'force_anneal': 0, 'warmup_updates': 0, 'lr_shrink': 0.99, 'sentence_avg': 1, 'adam': {'adam_betas': '(0.9, 0.999)', 'adam_eps': 1e-08, 'weight_decay': 0.0, 'use_old_adam': 0}, 'weight_decay': 0.0, 'adam_epsilon': 1e-08, 'sgd': {'momentum': 0, 'weight_decay': 0, 'dampening': 0, 'nesterov': 0}, 'max_grad_norm': 1.0, 'num_train_epochs': 5, 'max_steps': -1, 'warmup_steps': 0, 'gradient_accumulation_steps': 1}, 'checkpoint': {'restore_file': 'checkpoint_last.pt', 'reset_dataloader': None, 'reset_lr_scheduler': None, 'reset_meters': None, 'reset_optimizer': None, 'optimizer_overrides': '{}', 'save_interval': 1, 'save_interval_updates': 0, 'keep_interval_updates': 0, 'keep_last_epochs': -1, 'keep_best_checkpoints': -1, 'no_save': 0, 'no_epoch_checkpoints': 1, 'no_last_checkpoints': 0, 'no_save_optimizer_state': None, 'best_checkpoint_metric': 'bleu', 'maximize_best_checkpoint_metric': 1, 'patience': -1, 'save_dir': '/home/wanyao/.ncc/code_search_net_feng/sum_sbt/go/data-mmap/deepcom/checkpoints', 'should_continue': 0, 'model_name_or_path': None, 'cache_dir': None, 'logging_steps': 500, 'save_steps': 2000, 'save_total_limit': 2, 'overwrite_output_dir': 0, 'overwrite_cache': 0}, 'eval': {'path': '/home/wanyao/.ncc/code_search_net_feng/sum_sbt/go/data-mmap/deepcom/checkpoints/checkpoint_best.pt', 'result_path': None, 'remove_bpe': None, 'quiet': 0, 'model_overrides': '{}', 'max_sentences': 2048, 'beam': 1, 'nbest': 1, 'max_len_a': 0, 'max_len_b': 30, 'min_len': 1, 'match_source_len': 0, 'no_early_stop': 0, 'unnormalized': 0, 'no_beamable_mm': 0, 'lenpen': 1, 'unkpen': 0, 'replace_unk': None, 'sacrebleu': 0, 'score_reference': 0, 'prefix_size': 0, 'no_repeat_ngram_size': 0, 'sampling': 0, 'sampling_topk': -1, 'sampling_topp': -1, 'temperature': 1.0, 'diverse_beam_groups': -1, 'diverse_beam_strength': 0.5, 'diversity_rate': -1.0, 'print_alignment': 0, 'print_step': 0, 'iter_decode_eos_penalty': 0.0, 'iter_decode_max_iter': 10, 'iter_decode_force_max_iter': 0, 'iter_decode_with_beam': 1, 'iter_decode_with_external_reranker': 0, 'retain_iter_history': 0, 'decoding_format': None, 'nltk_bleu': 1, 'rouge': 1}} (train.py:301, cli_main())
[2020-12-27 22:38:21]    INFO >> single GPU training... (train.py:330, cli_main())
[2020-12-27 22:38:22]    INFO >> [sbt] dictionary: 30000 types (summarization.py:217, setup_task())
[2020-12-27 22:38:22]    INFO >> [docstring_tokens] dictionary: 30000 types (summarization.py:218, setup_task())
[2020-12-27 22:38:22]    INFO >> truncate valid.sbt to 400 (summarization.py:126, load_langpair_dataset())
[2020-12-27 22:38:22]    INFO >> truncate valid.docstring_tokens to 30 (summarization.py:137, load_langpair_dataset())
[2020-12-27 22:38:22]    INFO >> loaded 7325 examples from: /home/wanyao/.ncc/code_search_net_feng/sum_sbt/go/data-mmap/valid.sbt (summarization.py:165, load_langpair_dataset())
[2020-12-27 22:38:22]    INFO >> loaded 7325 examples from: /home/wanyao/.ncc/code_search_net_feng/sum_sbt/go/data-mmap/valid.docstring_tokens (summarization.py:166, load_langpair_dataset())
[2020-12-27 22:38:23]    INFO >> DeepComModel(
  (encoder): LSTMEncoder(
    (embed_tokens): Embedding(30000, 512, padding_idx=0)
    (lstm): LSTM(512, 512, num_layers=2, dropout=0.5)
  )
  (decoder): LSTMDecoder(
    (embed_tokens): Embedding(30000, 512, padding_idx=0)
    (layers): ModuleList(
      (0): LSTMCell(512, 512)
    )
    (fc_out): Linear(in_features=512, out_features=30000, bias=True)
  )
) (train.py:220, single_main())
[2020-12-27 22:38:23]    INFO >> model deepcom, criterion CrossEntropyCriterion (train.py:221, single_main())
[2020-12-27 22:38:23]    INFO >> num. model params: 52413744 (num. trained: 52413744) (train.py:224, single_main())
[2020-12-27 22:38:35]    INFO >> training on 1 GPUs (train.py:229, single_main())
[2020-12-27 22:38:35]    INFO >> max tokens per GPU = None and max sentences per GPU = 100 (train.py:232, single_main())
[2020-12-27 22:38:35]    INFO >> no existing checkpoint found /home/wanyao/.ncc/code_search_net_feng/sum_sbt/go/data-mmap/deepcom/checkpoints/checkpoint_last.pt (ncc_trainer.py:267, load_checkpoint())
[2020-12-27 22:38:35]    INFO >> loading train data for epoch 1 (ncc_trainer.py:281, get_train_iterator())
[2020-12-27 22:38:35]    INFO >> truncate train.sbt to 400 (summarization.py:126, load_langpair_dataset())
[2020-12-27 22:38:35]    INFO >> truncate train.docstring_tokens to 30 (summarization.py:137, load_langpair_dataset())
[2020-12-27 22:38:35]    INFO >> loaded 167288 examples from: /home/wanyao/.ncc/code_search_net_feng/sum_sbt/go/data-mmap/train.sbt (summarization.py:165, load_langpair_dataset())
[2020-12-27 22:38:35]    INFO >> loaded 167288 examples from: /home/wanyao/.ncc/code_search_net_feng/sum_sbt/go/data-mmap/train.docstring_tokens (summarization.py:166, load_langpair_dataset())
[2020-12-27 22:38:35]    INFO >> NOTE: your device may support faster training with --fp16 (ncc_trainer.py:155, _build_optimizer())
[2020-12-27 22:42:18]    INFO >> epoch 001:    500 / 1743 loss=138.639, nll_loss=9.243, bleu=0, ppl=606.06, wps=3351.3, ups=2.33, wpb=1439.9, bsz=96, num_updates=500, lr=0.5, gnorm=830.475, clip=100, train_wall=214, wall=223 (progress_bar.py:262, log())
[2020-12-27 22:45:59]    INFO >> epoch 001:   1000 / 1743 loss=117.265, nll_loss=7.785, bleu=0, ppl=220.62, wps=3259.3, ups=2.26, wpb=1444.8, bsz=95.9, num_updates=1000, lr=0.5, gnorm=476.721, clip=100, train_wall=220, wall=444 (progress_bar.py:262, log())
[2020-12-27 22:50:03]    INFO >> epoch 001:   1500 / 1743 loss=109.069, nll_loss=7.299, bleu=0, ppl=157.45, wps=2938.5, ups=2.05, wpb=1434.6, bsz=96, num_updates=1500, lr=0.5, gnorm=415.392, clip=100, train_wall=242, wall=689 (progress_bar.py:262, log())
[2020-12-27 22:52:03]    INFO >> epoch 001 | loss 119.505 | nll_loss 7.969 | bleu 0 | ppl 250.57 | wps 3136.2 | ups 2.18 | wpb 1439.3 | bsz 96 | num_updates 1743 | lr 0.5 | gnorm 549.335 | clip 100 | train_wall 793 | wall 808 (progress_bar.py:269, print())
[2020-12-27 22:53:19]    INFO >> epoch 001 | valid on 'valid' subset | loss 97.566 | nll_loss 6.589 | bleu 10.6136 | ppl 96.3 | wps 1555.3 | wpb 7230.4 | bsz 488.3 | num_updates 1743 (progress_bar.py:269, print())
[2020-12-27 22:53:21]    INFO >> saved checkpoint /home/wanyao/.ncc/code_search_net_feng/sum_sbt/go/data-mmap/deepcom/checkpoints/checkpoint_best.pt (epoch 1 @ 1743 updates, score 10.613553141691462) (writing took 1.2432171329855919 seconds) (checkpoint_utils.py:81, save_checkpoint())
[2020-12-27 22:55:34]    INFO >> epoch 002:    257 / 1743 loss=105.181, nll_loss=7.028, bleu=0, ppl=130.54, wps=2170.6, ups=1.51, wpb=1436.7, bsz=96, num_updates=2000, lr=0.5, gnorm=393.956, clip=100, train_wall=243, wall=1020 (progress_bar.py:262, log())
[2020-12-27 22:58:46]    INFO >> epoch 002:    757 / 1743 loss=102.228, nll_loss=6.811, bleu=0, ppl=112.25, wps=3762.6, ups=2.61, wpb=1441, bsz=96, num_updates=2500, lr=0.5, gnorm=385.263, clip=100, train_wall=189, wall=1211 (progress_bar.py:262, log())
[2020-12-27 23:02:50]    INFO >> epoch 002:   1257 / 1743 loss=99.721, nll_loss=6.663, bleu=0, ppl=101.35, wps=2942.4, ups=2.05, wpb=1435.5, bsz=95.9, num_updates=3000, lr=0.5, gnorm=378.821, clip=100, train_wall=242, wall=1455 (progress_bar.py:262, log())
[2020-12-27 23:06:47]    INFO >> epoch 002 | loss 100.754 | nll_loss 6.719 | bleu 0 | ppl 105.32 | wps 2836.9 | ups 1.97 | wpb 1439.3 | bsz 96 | num_updates 3486 | lr 0.5 | gnorm 382.262 | clip 100 | train_wall 791 | wall 1692 (progress_bar.py:269, print())
[2020-12-27 23:08:05]    INFO >> epoch 002 | valid on 'valid' subset | loss 90.168 | nll_loss 6.09 | bleu 12.0362 | ppl 68.11 | wps 1523.5 | wpb 7230.4 | bsz 488.3 | num_updates 3486 | best_bleu 12.0362 (progress_bar.py:269, print())
[2020-12-27 23:08:06]    INFO >> saved checkpoint /home/wanyao/.ncc/code_search_net_feng/sum_sbt/go/data-mmap/deepcom/checkpoints/checkpoint_best.pt (epoch 2 @ 3486 updates, score 12.036169614166527) (writing took 1.8573993910104036 seconds) (checkpoint_utils.py:81, save_checkpoint())
[2020-12-27 23:08:21]    INFO >> epoch 003:     14 / 1743 loss=98.409, nll_loss=6.55, bleu=0, ppl=93.73, wps=2176.6, ups=1.51, wpb=1442.2, bsz=96, num_updates=3500, lr=0.495, gnorm=377.277, clip=100, train_wall=242, wall=1786 (progress_bar.py:262, log())
[2020-12-27 23:11:33]    INFO >> epoch 003:    514 / 1743 loss=96.034, nll_loss=6.388, bleu=0, ppl=83.74, wps=3749.2, ups=2.6, wpb=1442.1, bsz=95.9, num_updates=4000, lr=0.495, gnorm=381.671, clip=100, train_wall=190, wall=1979 (progress_bar.py:262, log())
[2020-12-27 23:15:37]    INFO >> epoch 003:   1014 / 1743 loss=93.957, nll_loss=6.286, bleu=0, ppl=78.05, wps=2939.6, ups=2.05, wpb=1434.8, bsz=96, num_updates=4500, lr=0.495, gnorm=379.844, clip=100, train_wall=242, wall=2223 (progress_bar.py:262, log())
[2020-12-27 23:19:42]    INFO >> epoch 003:   1514 / 1743 loss=93.222, nll_loss=6.213, bleu=0, ppl=74.19, wps=2948.1, ups=2.05, wpb=1440.4, bsz=96, num_updates=5000, lr=0.495, gnorm=379.108, clip=100, train_wall=242, wall=2467 (progress_bar.py:262, log())
[2020-12-27 23:21:34]    INFO >> epoch 003 | loss 94.204 | nll_loss 6.282 | bleu 0 | ppl 77.81 | wps 2828.7 | ups 1.97 | wpb 1439.3 | bsz 96 | num_updates 5229 | lr 0.495 | gnorm 379.93 | clip 100 | train_wall 792 | wall 2579 (progress_bar.py:269, print())
[2020-12-27 23:22:50]    INFO >> epoch 003 | valid on 'valid' subset | loss 85.989 | nll_loss 5.808 | bleu 14.3451 | ppl 56.01 | wps 1549.4 | wpb 7230.4 | bsz 488.3 | num_updates 5229 | best_bleu 14.3451 (progress_bar.py:269, print())
[2020-12-27 23:22:52]    INFO >> saved checkpoint /home/wanyao/.ncc/code_search_net_feng/sum_sbt/go/data-mmap/deepcom/checkpoints/checkpoint_best.pt (epoch 3 @ 5229 updates, score 14.345143968701159) (writing took 1.787617651745677 seconds) (checkpoint_utils.py:81, save_checkpoint())
[2020-12-27 23:24:28]    INFO >> epoch 004:    271 / 1743 loss=92.159, nll_loss=6.145, bleu=0, ppl=70.78, wps=2514.9, ups=1.75, wpb=1438.5, bsz=95.9, num_updates=5500, lr=0.49005, gnorm=380.301, clip=100, train_wall=197, wall=2753 (progress_bar.py:262, log())
[2020-12-27 23:28:23]    INFO >> epoch 004:    771 / 1743 loss=90.996, nll_loss=6.051, bleu=0, ppl=66.31, wps=3062, ups=2.12, wpb=1443.6, bsz=96, num_updates=6000, lr=0.49005, gnorm=384.684, clip=100, train_wall=234, wall=2989 (progress_bar.py:262, log())
[2020-12-27 23:32:28]    INFO >> epoch 004:   1271 / 1743 loss=89.832, nll_loss=6.002, bleu=0, ppl=64.07, wps=2938.5, ups=2.05, wpb=1436.9, bsz=96, num_updates=6500, lr=0.49005, gnorm=383.78, clip=100, train_wall=242, wall=3233 (progress_bar.py:262, log())
[2020-12-27 23:36:19]    INFO >> epoch 004 | loss 90.225 | nll_loss 6.017 | bleu 0 | ppl 64.74 | wps 2833.5 | ups 1.97 | wpb 1439.3 | bsz 96 | num_updates 6972 | lr 0.49005 | gnorm 384.133 | clip 100 | train_wall 792 | wall 3464 (progress_bar.py:269, print())
[2020-12-27 23:37:39]    INFO >> epoch 004 | valid on 'valid' subset | loss 83.146 | nll_loss 5.616 | bleu 15.776 | ppl 49.03 | wps 1492.3 | wpb 7230.4 | bsz 488.3 | num_updates 6972 | best_bleu 15.776 (progress_bar.py:269, print())
[2020-12-27 23:37:40]    INFO >> saved checkpoint /home/wanyao/.ncc/code_search_net_feng/sum_sbt/go/data-mmap/deepcom/checkpoints/checkpoint_best.pt (epoch 4 @ 6972 updates, score 15.775998925537197) (writing took 1.8578401524573565 seconds) (checkpoint_utils.py:81, save_checkpoint())
[2020-12-27 23:37:56]    INFO >> epoch 005:     28 / 1743 loss=88.972, nll_loss=5.933, bleu=0, ppl=61.12, wps=2195.7, ups=1.53, wpb=1439.5, bsz=96, num_updates=7000, lr=0.48515, gnorm=385.471, clip=100, train_wall=237, wall=3561 (progress_bar.py:262, log())
[2020-12-27 23:41:29]    INFO >> epoch 005:    528 / 1743 loss=87.961, nll_loss=5.866, bleu=0, ppl=58.32, wps=3373.6, ups=2.34, wpb=1439.6, bsz=96, num_updates=7500, lr=0.48515, gnorm=387.678, clip=100, train_wall=211, wall=3774 (progress_bar.py:262, log())
[2020-12-27 23:45:34]    INFO >> epoch 005:   1028 / 1743 loss=87.365, nll_loss=5.845, bleu=0, ppl=57.46, wps=2931.3, ups=2.04, wpb=1433.8, bsz=95.9, num_updates=8000, lr=0.48515, gnorm=389.504, clip=100, train_wall=243, wall=4019 (progress_bar.py:262, log())
[2020-12-27 23:49:38]    INFO >> epoch 005:   1528 / 1743 loss=87.284, nll_loss=5.815, bleu=0, ppl=56.31, wps=2947.3, ups=2.05, wpb=1440.9, bsz=96, num_updates=8500, lr=0.48515, gnorm=387.803, clip=100, train_wall=242, wall=4263 (progress_bar.py:262, log())
[2020-12-27 23:51:23]    INFO >> epoch 005 | loss 87.485 | nll_loss 5.834 | bleu 0 | ppl 57.04 | wps 2774.4 | ups 1.93 | wpb 1439.3 | bsz 96 | num_updates 8715 | lr 0.48515 | gnorm 388.605 | clip 100 | train_wall 808 | wall 4369 (progress_bar.py:269, print())
[2020-12-27 23:52:15]    INFO >> epoch 005 | valid on 'valid' subset | loss 81.505 | nll_loss 5.505 | bleu 16.3295 | ppl 45.4 | wps 2527.4 | wpb 7230.4 | bsz 488.3 | num_updates 8715 | best_bleu 16.3295 (progress_bar.py:269, print())
[2020-12-27 23:52:17]    INFO >> saved checkpoint /home/wanyao/.ncc/code_search_net_feng/sum_sbt/go/data-mmap/deepcom/checkpoints/checkpoint_best.pt (epoch 5 @ 8715 updates, score 16.329475468035678) (writing took 1.885529113933444 seconds) (checkpoint_utils.py:81, save_checkpoint())
[2020-12-27 23:54:34]    INFO >> epoch 006:    285 / 1743 loss=86.307, nll_loss=5.748, bleu=0, ppl=53.75, wps=2433.9, ups=1.69, wpb=1441.4, bsz=96, num_updates=9000, lr=0.480298, gnorm=390.871, clip=100, train_wall=233, wall=4559 (progress_bar.py:262, log())
[2020-12-27 23:58:39]    INFO >> epoch 006:    785 / 1743 loss=85.836, nll_loss=5.714, bleu=0, ppl=52.48, wps=2946, ups=2.04, wpb=1441, bsz=95.9, num_updates=9500, lr=0.480298, gnorm=394.935, clip=100, train_wall=242, wall=4804 (progress_bar.py:262, log())
[2020-12-28 00:02:43]    INFO >> epoch 006:   1285 / 1743 loss=85.236, nll_loss=5.685, bleu=0, ppl=51.43, wps=2942.7, ups=2.04, wpb=1439.5, bsz=96, num_updates=10000, lr=0.480298, gnorm=395.454, clip=100, train_wall=243, wall=5049 (progress_bar.py:262, log())
[2020-12-28 00:06:28]    INFO >> epoch 006 | loss 85.416 | nll_loss 5.696 | bleu 0 | ppl 51.84 | wps 2771.9 | ups 1.93 | wpb 1439.3 | bsz 96 | num_updates 10458 | lr 0.480298 | gnorm 394.031 | clip 100 | train_wall 836 | wall 5274 (progress_bar.py:269, print())
[2020-12-28 00:07:00]    INFO >> epoch 006 | valid on 'valid' subset | loss 80.161 | nll_loss 5.414 | bleu 16.5738 | ppl 42.64 | wps 4272.5 | wpb 7230.4 | bsz 488.3 | num_updates 10458 | best_bleu 16.5738 (progress_bar.py:269, print())
[2020-12-28 00:07:02]    INFO >> saved checkpoint /home/wanyao/.ncc/code_search_net_feng/sum_sbt/go/data-mmap/deepcom/checkpoints/checkpoint_best.pt (epoch 6 @ 10458 updates, score 16.573773788974208) (writing took 1.9455376770347357 seconds) (checkpoint_utils.py:81, save_checkpoint())
[2020-12-28 00:07:30]    INFO >> epoch 007:     42 / 1743 loss=84.675, nll_loss=5.657, bleu=0, ppl=50.46, wps=2509.7, ups=1.75, wpb=1436.9, bsz=96, num_updates=10500, lr=0.475495, gnorm=393.644, clip=100, train_wall=243, wall=5335 (progress_bar.py:262, log())
[2020-12-28 00:11:33]    INFO >> epoch 007:    542 / 1743 loss=84.104, nll_loss=5.598, bleu=0, ppl=48.43, wps=2960.9, ups=2.05, wpb=1442.3, bsz=96, num_updates=11000, lr=0.475495, gnorm=402.32, clip=100, train_wall=242, wall=5579 (progress_bar.py:262, log())
[2020-12-28 00:15:37]    INFO >> epoch 007:   1042 / 1743 loss=83.845, nll_loss=5.588, bleu=0, ppl=48.09, wps=2952, ups=2.05, wpb=1440.5, bsz=96, num_updates=11500, lr=0.475495, gnorm=405.433, clip=100, train_wall=242, wall=5823 (progress_bar.py:262, log())
[2020-12-28 00:19:41]    INFO >> epoch 007:   1542 / 1743 loss=83.868, nll_loss=5.592, bleu=0, ppl=48.25, wps=2944.4, ups=2.05, wpb=1438.5, bsz=95.9, num_updates=12000, lr=0.475495, gnorm=397.146, clip=100, train_wall=242, wall=6067 (progress_bar.py:262, log())
[2020-12-28 00:21:11]    INFO >> epoch 007 | loss 83.753 | nll_loss 5.585 | bleu 0 | ppl 48 | wps 2841.9 | ups 1.97 | wpb 1439.3 | bsz 96 | num_updates 12201 | lr 0.475495 | gnorm 401.43 | clip 100 | train_wall 834 | wall 6156 (progress_bar.py:269, print())
[2020-12-28 00:21:51]    INFO >> epoch 007 | valid on 'valid' subset | loss 78.821 | nll_loss 5.323 | bleu 16.9059 | ppl 40.04 | wps 3227.1 | wpb 7230.4 | bsz 488.3 | num_updates 12201 | best_bleu 16.9059 (progress_bar.py:269, print())
[2020-12-28 00:21:53]    INFO >> saved checkpoint /home/wanyao/.ncc/code_search_net_feng/sum_sbt/go/data-mmap/deepcom/checkpoints/checkpoint_best.pt (epoch 7 @ 12201 updates, score 16.90588074577072) (writing took 1.8617903999984264 seconds) (checkpoint_utils.py:81, save_checkpoint())
[2020-12-28 00:24:26]    INFO >> epoch 008:    299 / 1743 loss=82.466, nll_loss=5.51, bleu=0, ppl=45.58, wps=2525.8, ups=1.76, wpb=1435.5, bsz=95.9, num_updates=12500, lr=0.47074, gnorm=403.595, clip=100, train_wall=233, wall=6351 (progress_bar.py:262, log())
[2020-12-28 00:28:30]    INFO >> epoch 008:    799 / 1743 loss=82.656, nll_loss=5.503, bleu=0, ppl=45.36, wps=2954.3, ups=2.05, wpb=1441.8, bsz=96, num_updates=13000, lr=0.47074, gnorm=407.403, clip=100, train_wall=242, wall=6595 (progress_bar.py:262, log())
[2020-12-28 00:32:33]    INFO >> epoch 008:   1299 / 1743 loss=82.086, nll_loss=5.489, bleu=0, ppl=44.91, wps=2945.5, ups=2.05, wpb=1435.7, bsz=96, num_updates=13500, lr=0.47074, gnorm=406.482, clip=100, train_wall=242, wall=6839 (progress_bar.py:262, log())
[2020-12-28 00:35:45]    INFO >> epoch 008 | loss 82.339 | nll_loss 5.491 | bleu 0 | ppl 44.96 | wps 2871.6 | ups 2 | wpb 1439.3 | bsz 96 | num_updates 13944 | lr 0.47074 | gnorm 406.39 | clip 100 | train_wall 817 | wall 7030 (progress_bar.py:269, print())
[2020-12-28 00:36:10]    INFO >> epoch 008 | valid on 'valid' subset | loss 78.003 | nll_loss 5.268 | bleu 17.251 | ppl 38.54 | wps 5842.6 | wpb 7230.4 | bsz 488.3 | num_updates 13944 | best_bleu 17.251 (progress_bar.py:269, print())
[2020-12-28 00:36:12]    INFO >> saved checkpoint /home/wanyao/.ncc/code_search_net_feng/sum_sbt/go/data-mmap/deepcom/checkpoints/checkpoint_best.pt (epoch 8 @ 13944 updates, score 17.25103914764071) (writing took 1.8495723465457559 seconds) (checkpoint_utils.py:81, save_checkpoint())
[2020-12-28 00:36:32]    INFO >> epoch 009:     56 / 1743 loss=82.173, nll_loss=5.472, bleu=0, ppl=44.39, wps=3017.6, ups=2.09, wpb=1441.6, bsz=96, num_updates=14000, lr=0.466033, gnorm=406.045, clip=100, train_wall=202, wall=7078 (progress_bar.py:262, log())
[2020-12-28 00:38:27]    INFO >> epoch 009:    556 / 1743 loss=81.395, nll_loss=5.42, bleu=0, ppl=42.82, wps=6289.8, ups=4.37, wpb=1440.5, bsz=95.9, num_updates=14500, lr=0.466033, gnorm=413.753, clip=100, train_wall=112, wall=7192 (progress_bar.py:262, log())
[2020-12-28 00:40:22]    INFO >> epoch 009:   1056 / 1743 loss=81.363, nll_loss=5.421, bleu=0, ppl=42.84, wps=6269, ups=4.35, wpb=1440.9, bsz=96, num_updates=15000, lr=0.466033, gnorm=413.014, clip=100, train_wall=112, wall=7307 (progress_bar.py:262, log())
[2020-12-28 00:42:17]    INFO >> epoch 009:   1556 / 1743 loss=80.829, nll_loss=5.398, bleu=0, ppl=42.17, wps=6257.2, ups=4.35, wpb=1437.5, bsz=96, num_updates=15500, lr=0.466033, gnorm=412.513, clip=100, train_wall=112, wall=7422 (progress_bar.py:262, log())
[2020-12-28 00:42:59]    INFO >> epoch 009 | loss 81.162 | nll_loss 5.412 | bleu 0 | ppl 42.58 | wps 5770.5 | ups 4.01 | wpb 1439.3 | bsz 96 | num_updates 15687 | lr 0.466033 | gnorm 413.076 | clip 100 | train_wall 391 | wall 7465 (progress_bar.py:269, print())
[2020-12-28 00:43:25]    INFO >> epoch 009 | valid on 'valid' subset | loss 77.28 | nll_loss 5.219 | bleu 17.5325 | ppl 37.26 | wps 5666.6 | wpb 7230.4 | bsz 488.3 | num_updates 15687 | best_bleu 17.5325 (progress_bar.py:269, print())
[2020-12-28 00:43:27]    INFO >> saved checkpoint /home/wanyao/.ncc/code_search_net_feng/sum_sbt/go/data-mmap/deepcom/checkpoints/checkpoint_best.pt (epoch 9 @ 15687 updates, score 17.532546585950932) (writing took 1.8665995802730322 seconds) (checkpoint_utils.py:81, save_checkpoint())
[2020-12-28 00:44:46]    INFO >> epoch 010:    313 / 1743 loss=80.181, nll_loss=5.363, bleu=0, ppl=41.15, wps=4790, ups=3.34, wpb=1435.3, bsz=96, num_updates=16000, lr=0.461372, gnorm=416.602, clip=100, train_wall=112, wall=7572 (progress_bar.py:262, log())
[2020-12-28 00:46:41]    INFO >> epoch 010:    813 / 1743 loss=80.657, nll_loss=5.365, bleu=0, ppl=41.2, wps=6310.1, ups=4.38, wpb=1442.1, bsz=95.9, num_updates=16500, lr=0.461372, gnorm=420.605, clip=100, train_wall=112, wall=7686 (progress_bar.py:262, log())
[2020-12-28 00:48:35]    INFO >> epoch 010:   1313 / 1743 loss=80.082, nll_loss=5.34, bleu=0, ppl=40.5, wps=6300.2, ups=4.38, wpb=1439.7, bsz=96, num_updates=17000, lr=0.461372, gnorm=422.076, clip=100, train_wall=112, wall=7800 (progress_bar.py:262, log())
[2020-12-28 00:50:14]    INFO >> epoch 010 | loss 80.111 | nll_loss 5.342 | bleu 0 | ppl 40.56 | wps 5770.1 | ups 4.01 | wpb 1439.3 | bsz 96 | num_updates 17430 | lr 0.461372 | gnorm 420.018 | clip 100 | train_wall 391 | wall 7900 (progress_bar.py:269, print())
[2020-12-28 00:50:40]    INFO >> epoch 010 | valid on 'valid' subset | loss 76.913 | nll_loss 5.195 | bleu 17.7959 | ppl 36.62 | wps 5669.6 | wpb 7230.4 | bsz 488.3 | num_updates 17430 | best_bleu 17.7959 (progress_bar.py:269, print())
[2020-12-28 00:50:42]    INFO >> saved checkpoint /home/wanyao/.ncc/code_search_net_feng/sum_sbt/go/data-mmap/deepcom/checkpoints/checkpoint_best.pt (epoch 10 @ 17430 updates, score 17.79589021294998) (writing took 1.8735970025882125 seconds) (checkpoint_utils.py:81, save_checkpoint())
[2020-12-28 00:51:05]    INFO >> epoch 011:     70 / 1743 loss=79.777, nll_loss=5.314, bleu=0, ppl=39.78, wps=4790.6, ups=3.32, wpb=1441.2, bsz=96, num_updates=17500, lr=0.456759, gnorm=420.645, clip=100, train_wall=112, wall=7951 (progress_bar.py:262, log())
[2020-12-28 00:53:00]    INFO >> epoch 011:    570 / 1743 loss=79.294, nll_loss=5.279, bleu=0, ppl=38.83, wps=6264.3, ups=4.34, wpb=1442, bsz=96, num_updates=18000, lr=0.456759, gnorm=427.964, clip=100, train_wall=113, wall=8066 (progress_bar.py:262, log())
[2020-12-28 00:54:56]    INFO >> epoch 011:   1070 / 1743 loss=79.148, nll_loss=5.291, bleu=0, ppl=39.14, wps=6221.6, ups=4.33, wpb=1436.1, bsz=96, num_updates=18500, lr=0.456759, gnorm=424.967, clip=100, train_wall=113, wall=8181 (progress_bar.py:262, log())
[2020-12-28 00:56:51]    INFO >> epoch 011:   1570 / 1743 loss=79.107, nll_loss=5.275, bleu=0, ppl=38.71, wps=6265.1, ups=4.36, wpb=1438.6, bsz=95.9, num_updates=19000, lr=0.456759, gnorm=428.456, clip=100, train_wall=112, wall=8296 (progress_bar.py:262, log())
[2020-12-28 00:57:31]    INFO >> epoch 011 | loss 79.215 | nll_loss 5.282 | bleu 0 | ppl 38.92 | wps 5744 | ups 3.99 | wpb 1439.3 | bsz 96 | num_updates 19173 | lr 0.456759 | gnorm 427.011 | clip 100 | train_wall 393 | wall 8336 (progress_bar.py:269, print())
[2020-12-28 00:57:57]    INFO >> epoch 011 | valid on 'valid' subset | loss 76.467 | nll_loss 5.164 | bleu 17.6142 | ppl 35.86 | wps 5643.8 | wpb 7230.4 | bsz 488.3 | num_updates 19173 | best_bleu 17.7959 (progress_bar.py:269, print())
[2020-12-28 00:57:58]    INFO >> saved checkpoint /home/wanyao/.ncc/code_search_net_feng/sum_sbt/go/data-mmap/deepcom/checkpoints/checkpoint_last.pt (epoch 11 @ 19173 updates, score 17.614168019808158) (writing took 1.3154578879475594 seconds) (checkpoint_utils.py:81, save_checkpoint())
[2020-12-28 00:59:20]    INFO >> epoch 012:    327 / 1743 loss=78.612, nll_loss=5.248, bleu=0, ppl=38, wps=4799.8, ups=3.34, wpb=1438.1, bsz=96, num_updates=19500, lr=0.452191, gnorm=429.48, clip=100, train_wall=113, wall=8446 (progress_bar.py:262, log())
[2020-12-28 01:01:15]    INFO >> epoch 012:    827 / 1743 loss=78.095, nll_loss=5.219, bleu=0, ppl=37.26, wps=6250.8, ups=4.35, wpb=1436.4, bsz=96, num_updates=20000, lr=0.452191, gnorm=430.176, clip=100, train_wall=112, wall=8561 (progress_bar.py:262, log())
[2020-12-28 01:03:10]    INFO >> epoch 012:   1327 / 1743 loss=78.636, nll_loss=5.228, bleu=0, ppl=37.47, wps=6318.4, ups=4.38, wpb=1442.8, bsz=95.9, num_updates=20500, lr=0.452191, gnorm=433.214, clip=100, train_wall=112, wall=8675 (progress_bar.py:262, log())
[2020-12-28 01:04:45]    INFO >> epoch 012 | loss 78.381 | nll_loss 5.227 | bleu 0 | ppl 37.45 | wps 5777.3 | ups 4.01 | wpb 1439.3 | bsz 96 | num_updates 20916 | lr 0.452191 | gnorm 431.144 | clip 100 | train_wall 391 | wall 8771 (progress_bar.py:269, print())
[2020-12-28 01:05:11]    INFO >> epoch 012 | valid on 'valid' subset | loss 76.202 | nll_loss 5.147 | bleu 17.7569 | ppl 35.42 | wps 5676 | wpb 7230.4 | bsz 488.3 | num_updates 20916 | best_bleu 17.7959 (progress_bar.py:269, print())
[2020-12-28 01:05:12]    INFO >> saved checkpoint /home/wanyao/.ncc/code_search_net_feng/sum_sbt/go/data-mmap/deepcom/checkpoints/checkpoint_last.pt (epoch 12 @ 20916 updates, score 17.756908627479095) (writing took 1.3129562176764011 seconds) (checkpoint_utils.py:81, save_checkpoint())
[2020-12-28 01:05:39]    INFO >> epoch 013:     84 / 1743 loss=78.352, nll_loss=5.228, bleu=0, ppl=37.48, wps=4820.2, ups=3.35, wpb=1438.7, bsz=96, num_updates=21000, lr=0.447669, gnorm=430.576, clip=100, train_wall=112, wall=8824 (progress_bar.py:262, log())
[2020-12-28 01:07:34]    INFO >> epoch 013:    584 / 1743 loss=77.584, nll_loss=5.164, bleu=0, ppl=35.84, wps=6270, ups=4.35, wpb=1441.2, bsz=95.9, num_updates=21500, lr=0.447669, gnorm=440.138, clip=100, train_wall=112, wall=8939 (progress_bar.py:262, log())
[2020-12-28 01:09:28]    INFO >> epoch 013:   1084 / 1743 loss=77.843, nll_loss=5.189, bleu=0, ppl=36.48, wps=6284.3, ups=4.36, wpb=1440.1, bsz=96, num_updates=22000, lr=0.447669, gnorm=436.906, clip=100, train_wall=112, wall=9054 (progress_bar.py:262, log())
[2020-12-28 01:11:24]    INFO >> epoch 013:   1584 / 1743 loss=77.603, nll_loss=5.178, bleu=0, ppl=36.21, wps=6238.2, ups=4.34, wpb=1438.7, bsz=96, num_updates=22500, lr=0.447669, gnorm=438.143, clip=100, train_wall=113, wall=9169 (progress_bar.py:262, log())
[2020-12-28 01:12:01]    INFO >> epoch 013 | loss 77.631 | nll_loss 5.177 | bleu 0 | ppl 36.17 | wps 5760.1 | ups 4 | wpb 1439.3 | bsz 96 | num_updates 22659 | lr 0.447669 | gnorm 438.249 | clip 100 | train_wall 392 | wall 9206 (progress_bar.py:269, print())
[2020-12-28 01:12:26]    INFO >> epoch 013 | valid on 'valid' subset | loss 75.519 | nll_loss 5.1 | bleu 17.9911 | ppl 34.31 | wps 5742.1 | wpb 7230.4 | bsz 488.3 | num_updates 22659 | best_bleu 17.9911 (progress_bar.py:269, print())
[2020-12-28 01:12:28]    INFO >> saved checkpoint /home/wanyao/.ncc/code_search_net_feng/sum_sbt/go/data-mmap/deepcom/checkpoints/checkpoint_best.pt (epoch 13 @ 22659 updates, score 17.991105223637664) (writing took 1.8729662410914898 seconds) (checkpoint_utils.py:81, save_checkpoint())
[2020-12-28 01:13:54]    INFO >> epoch 014:    341 / 1743 loss=76.747, nll_loss=5.126, bleu=0, ppl=34.92, wps=4776.2, ups=3.33, wpb=1436.1, bsz=95.9, num_updates=23000, lr=0.443192, gnorm=438.404, clip=100, train_wall=113, wall=9319 (progress_bar.py:262, log())
[2020-12-28 01:15:49]    INFO >> epoch 014:    841 / 1743 loss=77.182, nll_loss=5.128, bleu=0, ppl=34.98, wps=6291, ups=4.35, wpb=1444.8, bsz=96, num_updates=23500, lr=0.443192, gnorm=445.909, clip=100, train_wall=112, wall=9434 (progress_bar.py:262, log())
[2020-12-28 01:17:44]    INFO >> epoch 014:   1341 / 1743 loss=77.111, nll_loss=5.143, bleu=0, ppl=35.33, wps=6260.1, ups=4.35, wpb=1439.4, bsz=96, num_updates=24000, lr=0.443192, gnorm=442.357, clip=100, train_wall=113, wall=9549 (progress_bar.py:262, log())
[2020-12-28 01:19:16]    INFO >> epoch 014 | loss 76.961 | nll_loss 5.132 | bleu 0 | ppl 35.07 | wps 5768.8 | ups 4.01 | wpb 1439.3 | bsz 96 | num_updates 24402 | lr 0.443192 | gnorm 443.183 | clip 100 | train_wall 391 | wall 9641 (progress_bar.py:269, print())
[2020-12-28 01:19:42]    INFO >> epoch 014 | valid on 'valid' subset | loss 75.379 | nll_loss 5.091 | bleu 17.7305 | ppl 34.08 | wps 5665.9 | wpb 7230.4 | bsz 488.3 | num_updates 24402 | best_bleu 17.9911 (progress_bar.py:269, print())
[2020-12-28 01:19:43]    INFO >> saved checkpoint /home/wanyao/.ncc/code_search_net_feng/sum_sbt/go/data-mmap/deepcom/checkpoints/checkpoint_last.pt (epoch 14 @ 24402 updates, score 17.73054797692028) (writing took 1.3016793867573142 seconds) (checkpoint_utils.py:81, save_checkpoint())
[2020-12-28 01:20:13]    INFO >> epoch 015:     98 / 1743 loss=76.614, nll_loss=5.13, bleu=0, ppl=35.02, wps=4810.6, ups=3.36, wpb=1433.7, bsz=96, num_updates=24500, lr=0.438761, gnorm=445.777, clip=100, train_wall=112, wall=9698 (progress_bar.py:262, log())
[2020-12-28 01:22:07]    INFO >> epoch 015:    598 / 1743 loss=76.406, nll_loss=5.084, bleu=0, ppl=33.91, wps=6288.4, ups=4.36, wpb=1441.6, bsz=95.9, num_updates=25000, lr=0.438761, gnorm=456.726, clip=100, train_wall=112, wall=9813 (progress_bar.py:262, log())
[2020-12-28 01:24:03]    INFO >> epoch 015:   1098 / 1743 loss=76.634, nll_loss=5.102, bleu=0, ppl=34.35, wps=6252.2, ups=4.34, wpb=1441.9, bsz=96, num_updates=25500, lr=0.438761, gnorm=454.738, clip=100, train_wall=113, wall=9928 (progress_bar.py:262, log())
[2020-12-28 01:25:58]    INFO >> epoch 015:   1598 / 1743 loss=76.179, nll_loss=5.096, bleu=0, ppl=34.21, wps=6237.7, ups=4.35, wpb=1435, bsz=96, num_updates=26000, lr=0.438761, gnorm=450.643, clip=100, train_wall=113, wall=10043 (progress_bar.py:262, log())
[2020-12-28 01:26:31]    INFO >> epoch 015 | loss 76.351 | nll_loss 5.091 | bleu 0 | ppl 34.09 | wps 5763.7 | ups 4 | wpb 1439.3 | bsz 96 | num_updates 26145 | lr 0.438761 | gnorm 454.048 | clip 100 | train_wall 392 | wall 10076 (progress_bar.py:269, print())
[2020-12-28 01:26:57]    INFO >> epoch 015 | valid on 'valid' subset | loss 75.204 | nll_loss 5.079 | bleu 17.8471 | ppl 33.81 | wps 5735.6 | wpb 7230.4 | bsz 488.3 | num_updates 26145 | best_bleu 17.9911 (progress_bar.py:269, print())
[2020-12-28 01:26:58]    INFO >> saved checkpoint /home/wanyao/.ncc/code_search_net_feng/sum_sbt/go/data-mmap/deepcom/checkpoints/checkpoint_last.pt (epoch 15 @ 26145 updates, score 17.847144920487203) (writing took 1.302508327178657 seconds) (checkpoint_utils.py:81, save_checkpoint())
[2020-12-28 01:28:26]    INFO >> epoch 016:    355 / 1743 loss=75.766, nll_loss=5.052, bleu=0, ppl=33.18, wps=4845, ups=3.37, wpb=1439.6, bsz=96, num_updates=26500, lr=0.434373, gnorm=683.105, clip=100, train_wall=112, wall=10192 (progress_bar.py:262, log())
[2020-12-28 01:30:21]    INFO >> epoch 016:    855 / 1743 loss=75.846, nll_loss=5.051, bleu=0, ppl=33.14, wps=6304, ups=4.38, wpb=1440.4, bsz=95.9, num_updates=27000, lr=0.434373, gnorm=471.283, clip=100, train_wall=112, wall=10306 (progress_bar.py:262, log())
[2020-12-28 01:32:15]    INFO >> epoch 016:   1355 / 1743 loss=75.747, nll_loss=5.052, bleu=0, ppl=33.17, wps=6286.3, ups=4.37, wpb=1439.4, bsz=96, num_updates=27500, lr=0.434373, gnorm=458.766, clip=100, train_wall=112, wall=10420 (progress_bar.py:262, log())
[2020-12-28 01:33:45]    INFO >> epoch 016 | loss 75.778 | nll_loss 5.053 | bleu 0 | ppl 33.2 | wps 5783.5 | ups 4.02 | wpb 1439.3 | bsz 96 | num_updates 27888 | lr 0.434373 | gnorm 527.129 | clip 100 | train_wall 391 | wall 10510 (progress_bar.py:269, print())
[2020-12-28 01:34:10]    INFO >> epoch 016 | valid on 'valid' subset | loss 74.758 | nll_loss 5.049 | bleu 18.0662 | ppl 33.11 | wps 5714.5 | wpb 7230.4 | bsz 488.3 | num_updates 27888 | best_bleu 18.0662 (progress_bar.py:269, print())
[2020-12-28 01:34:12]    INFO >> saved checkpoint /home/wanyao/.ncc/code_search_net_feng/sum_sbt/go/data-mmap/deepcom/checkpoints/checkpoint_best.pt (epoch 16 @ 27888 updates, score 18.066218261284675) (writing took 1.8742284905165434 seconds) (checkpoint_utils.py:81, save_checkpoint())
[2020-12-28 01:34:45]    INFO >> epoch 017:    112 / 1743 loss=75.61, nll_loss=5.053, bleu=0, ppl=33.2, wps=4782.2, ups=3.33, wpb=1436.4, bsz=96, num_updates=28000, lr=0.430029, gnorm=459.802, clip=100, train_wall=112, wall=10571 (progress_bar.py:262, log())
[2020-12-28 01:36:40]    INFO >> epoch 017:    612 / 1743 loss=75.278, nll_loss=5.012, bleu=0, ppl=32.26, wps=6285.5, ups=4.36, wpb=1441.9, bsz=96, num_updates=28500, lr=0.430029, gnorm=466.63, clip=100, train_wall=112, wall=10685 (progress_bar.py:262, log())
[2020-12-28 01:38:35]    INFO >> epoch 017:   1112 / 1743 loss=75.017, nll_loss=5.02, bleu=0, ppl=32.44, wps=6239.5, ups=4.35, wpb=1433.5, bsz=95.9, num_updates=29000, lr=0.430029, gnorm=464.109, clip=100, train_wall=112, wall=10800 (progress_bar.py:262, log())
[2020-12-28 01:40:30]    INFO >> epoch 017:   1612 / 1743 loss=75.511, nll_loss=5.025, bleu=0, ppl=32.55, wps=6274, ups=4.35, wpb=1442.7, bsz=96, num_updates=29500, lr=0.430029, gnorm=472.761, clip=100, train_wall=113, wall=10915 (progress_bar.py:262, log())
[2020-12-28 01:41:00]    INFO >> epoch 017 | loss 75.261 | nll_loss 5.019 | bleu 0 | ppl 32.42 | wps 5757 | ups 4 | wpb 1439.3 | bsz 96 | num_updates 29631 | lr 0.430029 | gnorm 469.72 | clip 100 | train_wall 392 | wall 10946 (progress_bar.py:269, print())
[2020-12-28 01:41:26]    INFO >> epoch 017 | valid on 'valid' subset | loss 74.628 | nll_loss 5.04 | bleu 18.182 | ppl 32.91 | wps 5821.9 | wpb 7230.4 | bsz 488.3 | num_updates 29631 | best_bleu 18.182 (progress_bar.py:269, print())
[2020-12-28 01:41:28]    INFO >> saved checkpoint /home/wanyao/.ncc/code_search_net_feng/sum_sbt/go/data-mmap/deepcom/checkpoints/checkpoint_best.pt (epoch 17 @ 29631 updates, score 18.182031612739415) (writing took 1.8728338414803147 seconds) (checkpoint_utils.py:81, save_checkpoint())
[2020-12-28 01:43:00]    INFO >> epoch 018:    369 / 1743 loss=75.149, nll_loss=4.998, bleu=0, ppl=31.95, wps=4813.8, ups=3.34, wpb=1442.3, bsz=95.9, num_updates=30000, lr=0.425729, gnorm=478.485, clip=100, train_wall=112, wall=11065 (progress_bar.py:262, log())
[2020-12-28 01:44:55]    INFO >> epoch 018:    869 / 1743 loss=75.004, nll_loss=4.997, bleu=0, ppl=31.94, wps=6267.1, ups=4.35, wpb=1440.8, bsz=96, num_updates=30500, lr=0.425729, gnorm=472.364, clip=100, train_wall=112, wall=11180 (progress_bar.py:262, log())
[2020-12-28 01:46:49]    INFO >> epoch 018:   1369 / 1743 loss=74.605, nll_loss=4.982, bleu=0, ppl=31.6, wps=6258.3, ups=4.35, wpb=1437.6, bsz=96, num_updates=31000, lr=0.425729, gnorm=482.222, clip=100, train_wall=112, wall=11295 (progress_bar.py:262, log())
[2020-12-28 01:48:16]    INFO >> epoch 018 | loss 74.773 | nll_loss 4.986 | bleu 0 | ppl 31.7 | wps 5756.4 | ups 4 | wpb 1439.3 | bsz 96 | num_updates 31374 | lr 0.425729 | gnorm 475.285 | clip 100 | train_wall 392 | wall 11382 (progress_bar.py:269, print())
[2020-12-28 01:48:42]    INFO >> epoch 018 | valid on 'valid' subset | loss 74.413 | nll_loss 5.026 | bleu 18.0642 | ppl 32.58 | wps 5702.3 | wpb 7230.4 | bsz 488.3 | num_updates 31374 | best_bleu 18.182 (progress_bar.py:269, print())
[2020-12-28 01:48:43]    INFO >> saved checkpoint /home/wanyao/.ncc/code_search_net_feng/sum_sbt/go/data-mmap/deepcom/checkpoints/checkpoint_last.pt (epoch 18 @ 31374 updates, score 18.064215903824163) (writing took 1.3144271913915873 seconds) (checkpoint_utils.py:81, save_checkpoint())
[2020-12-28 01:49:19]    INFO >> epoch 019:    126 / 1743 loss=74.478, nll_loss=4.968, bleu=0, ppl=31.3, wps=4795.7, ups=3.33, wpb=1439.2, bsz=96, num_updates=31500, lr=0.421472, gnorm=476.439, clip=100, train_wall=113, wall=11445 (progress_bar.py:262, log())
[2020-12-28 01:51:14]    INFO >> epoch 019:    626 / 1743 loss=73.998, nll_loss=4.938, bleu=0, ppl=30.66, wps=6259.7, ups=4.35, wpb=1437.4, bsz=95.9, num_updates=32000, lr=0.421472, gnorm=491.347, clip=100, train_wall=112, wall=11560 (progress_bar.py:262, log())
[2020-12-28 01:53:09]    INFO >> epoch 019:   1126 / 1743 loss=74.533, nll_loss=4.961, bleu=0, ppl=31.15, wps=6270.5, ups=4.35, wpb=1442.2, bsz=96, num_updates=32500, lr=0.421472, gnorm=481.667, clip=100, train_wall=113, wall=11675 (progress_bar.py:262, log())
[2020-12-28 01:55:04]    INFO >> epoch 019:   1626 / 1743 loss=74.376, nll_loss=4.967, bleu=0, ppl=31.28, wps=6239, ups=4.34, wpb=1437.5, bsz=96, num_updates=33000, lr=0.421472, gnorm=478.002, clip=100, train_wall=113, wall=11790 (progress_bar.py:262, log())
[2020-12-28 01:55:32]    INFO >> epoch 019 | loss 74.311 | nll_loss 4.955 | bleu 0 | ppl 31.03 | wps 5758.9 | ups 4 | wpb 1439.3 | bsz 96 | num_updates 33117 | lr 0.421472 | gnorm 483.311 | clip 100 | train_wall 392 | wall 11817 (progress_bar.py:269, print())
[2020-12-28 01:55:57]    INFO >> epoch 019 | valid on 'valid' subset | loss 74.612 | nll_loss 5.039 | bleu 18.113 | ppl 32.88 | wps 5814.8 | wpb 7230.4 | bsz 488.3 | num_updates 33117 | best_bleu 18.182 (progress_bar.py:269, print())
[2020-12-28 01:55:59]    INFO >> saved checkpoint /home/wanyao/.ncc/code_search_net_feng/sum_sbt/go/data-mmap/deepcom/checkpoints/checkpoint_last.pt (epoch 19 @ 33117 updates, score 18.112966591860413) (writing took 1.2912107706069946 seconds) (checkpoint_utils.py:81, save_checkpoint())
[2020-12-28 01:57:34]    INFO >> epoch 020:    383 / 1743 loss=74.088, nll_loss=4.939, bleu=0, ppl=30.68, wps=4814.2, ups=3.34, wpb=1440, bsz=96, num_updates=33500, lr=0.417257, gnorm=483.327, clip=100, train_wall=113, wall=11939 (progress_bar.py:262, log())
[2020-12-28 01:59:29]    INFO >> epoch 020:    883 / 1743 loss=73.788, nll_loss=4.928, bleu=0, ppl=30.45, wps=6257.9, ups=4.35, wpb=1437.3, bsz=96, num_updates=34000, lr=0.417257, gnorm=485.882, clip=100, train_wall=112, wall=12054 (progress_bar.py:262, log())
[2020-12-28 02:01:24]    INFO >> epoch 020:   1383 / 1743 loss=73.609, nll_loss=4.912, bleu=0, ppl=30.12, wps=6253.3, ups=4.35, wpb=1437.3, bsz=95.9, num_updates=34500, lr=0.417257, gnorm=487.238, clip=100, train_wall=112, wall=12169 (progress_bar.py:262, log())
[2020-12-28 02:02:47]    INFO >> epoch 020 | loss 73.884 | nll_loss 4.927 | bleu 0 | ppl 30.42 | wps 5761.3 | ups 4 | wpb 1439.3 | bsz 96 | num_updates 34860 | lr 0.417257 | gnorm 496.876 | clip 100 | train_wall 392 | wall 12253 (progress_bar.py:269, print())
[2020-12-28 02:03:13]    INFO >> epoch 020 | valid on 'valid' subset | loss 74.309 | nll_loss 5.019 | bleu 18.1337 | ppl 32.42 | wps 5735 | wpb 7230.4 | bsz 488.3 | num_updates 34860 | best_bleu 18.182 (progress_bar.py:269, print())
[2020-12-28 02:03:14]    INFO >> saved checkpoint /home/wanyao/.ncc/code_search_net_feng/sum_sbt/go/data-mmap/deepcom/checkpoints/checkpoint_last.pt (epoch 20 @ 34860 updates, score 18.133741118024638) (writing took 1.309628120623529 seconds) (checkpoint_utils.py:81, save_checkpoint())
[2020-12-28 02:03:54]    INFO >> epoch 021:    140 / 1743 loss=73.825, nll_loss=4.921, bleu=0, ppl=30.29, wps=4804.9, ups=3.34, wpb=1440.3, bsz=96, num_updates=35000, lr=0.413084, gnorm=525.709, clip=100, train_wall=112, wall=12319 (progress_bar.py:262, log())
[2020-12-28 02:05:48]    INFO >> epoch 021:    640 / 1743 loss=73.427, nll_loss=4.908, bleu=0, ppl=30.03, wps=6253.7, ups=4.35, wpb=1436.1, bsz=96, num_updates=35500, lr=0.413084, gnorm=495.153, clip=100, train_wall=112, wall=12434 (progress_bar.py:262, log())
[2020-12-28 02:07:44]    INFO >> epoch 021:   1140 / 1743 loss=74.083, nll_loss=4.918, bleu=0, ppl=30.23, wps=6273.7, ups=4.34, wpb=1445, bsz=95.9, num_updates=36000, lr=0.413084, gnorm=494.715, clip=100, train_wall=113, wall=12549 (progress_bar.py:262, log())
[2020-12-28 02:09:39]    INFO >> epoch 021:   1640 / 1743 loss=73.162, nll_loss=4.891, bleu=0, ppl=29.66, wps=6244.4, ups=4.35, wpb=1436.1, bsz=96, num_updates=36500, lr=0.413084, gnorm=490.738, clip=100, train_wall=113, wall=12664 (progress_bar.py:262, log())
[2020-12-28 02:10:03]    INFO >> epoch 021 | loss 73.487 | nll_loss 4.9 | bleu 0 | ppl 29.87 | wps 5759.4 | ups 4 | wpb 1439.3 | bsz 96 | num_updates 36603 | lr 0.413084 | gnorm 494.002 | clip 100 | train_wall 392 | wall 12688 (progress_bar.py:269, print())
[2020-12-28 02:10:28]    INFO >> epoch 021 | valid on 'valid' subset | loss 74.162 | nll_loss 5.009 | bleu 18.2202 | ppl 32.2 | wps 5781.4 | wpb 7230.4 | bsz 488.3 | num_updates 36603 | best_bleu 18.2202 (progress_bar.py:269, print())
[2020-12-28 02:10:30]    INFO >> saved checkpoint /home/wanyao/.ncc/code_search_net_feng/sum_sbt/go/data-mmap/deepcom/checkpoints/checkpoint_best.pt (epoch 21 @ 36603 updates, score 18.220209493522677) (writing took 1.869001291692257 seconds) (checkpoint_utils.py:81, save_checkpoint())
[2020-12-28 02:12:08]    INFO >> epoch 022:    397 / 1743 loss=73.028, nll_loss=4.862, bleu=0, ppl=29.08, wps=4823.3, ups=3.35, wpb=1441.9, bsz=96, num_updates=37000, lr=0.408953, gnorm=499.401, clip=100, train_wall=112, wall=12813 (progress_bar.py:262, log())
[2020-12-28 02:14:03]    INFO >> epoch 022:    897 / 1743 loss=73.145, nll_loss=4.891, bleu=0, ppl=29.68, wps=6246, ups=4.35, wpb=1434.4, bsz=95.9, num_updates=37500, lr=0.408953, gnorm=519.829, clip=100, train_wall=112, wall=12928 (progress_bar.py:262, log())
[2020-12-28 02:15:58]    INFO >> epoch 022:   1397 / 1743 loss=73.381, nll_loss=4.881, bleu=0, ppl=29.47, wps=6286.4, ups=4.36, wpb=1443.2, bsz=96, num_updates=38000, lr=0.408953, gnorm=504.837, clip=100, train_wall=112, wall=13043 (progress_bar.py:262, log())
[2020-12-28 02:17:18]    INFO >> epoch 022 | loss 73.117 | nll_loss 4.876 | bleu 0 | ppl 29.36 | wps 5767.7 | ups 4.01 | wpb 1439.3 | bsz 96 | num_updates 38346 | lr 0.408953 | gnorm 507.247 | clip 100 | train_wall 392 | wall 13123 (progress_bar.py:269, print())
[2020-12-28 02:17:43]    INFO >> epoch 022 | valid on 'valid' subset | loss 74.193 | nll_loss 5.011 | bleu 18.1458 | ppl 32.24 | wps 5668.6 | wpb 7230.4 | bsz 488.3 | num_updates 38346 | best_bleu 18.2202 (progress_bar.py:269, print())
[2020-12-28 02:17:45]    INFO >> saved checkpoint /home/wanyao/.ncc/code_search_net_feng/sum_sbt/go/data-mmap/deepcom/checkpoints/checkpoint_last.pt (epoch 22 @ 38346 updates, score 18.14580770883051) (writing took 1.295825864188373 seconds) (checkpoint_utils.py:81, save_checkpoint())
[2020-12-28 02:18:27]    INFO >> epoch 023:    154 / 1743 loss=72.96, nll_loss=4.859, bleu=0, ppl=29.02, wps=4815.1, ups=3.34, wpb=1441.5, bsz=96, num_updates=38500, lr=0.404864, gnorm=504.794, clip=100, train_wall=112, wall=13193 (progress_bar.py:262, log())
[2020-12-28 02:20:22]    INFO >> epoch 023:    654 / 1743 loss=72.941, nll_loss=4.854, bleu=0, ppl=28.92, wps=6299.2, ups=4.37, wpb=1442.5, bsz=96, num_updates=39000, lr=0.404864, gnorm=514.745, clip=100, train_wall=112, wall=13307 (progress_bar.py:262, log())
[2020-12-28 02:22:17]    INFO >> epoch 023:   1154 / 1743 loss=72.83, nll_loss=4.852, bleu=0, ppl=28.88, wps=6277, ups=4.36, wpb=1439.8, bsz=95.9, num_updates=39500, lr=0.404864, gnorm=515.823, clip=100, train_wall=112, wall=13422 (progress_bar.py:262, log())
[2020-12-28 02:24:11]    INFO >> epoch 023:   1654 / 1743 loss=72.722, nll_loss=4.859, bleu=0, ppl=29.03, wps=6285.4, ups=4.37, wpb=1436.7, bsz=96, num_updates=40000, lr=0.404864, gnorm=527.118, clip=100, train_wall=112, wall=13536 (progress_bar.py:262, log())
[2020-12-28 02:24:32]    INFO >> epoch 023 | loss 72.757 | nll_loss 4.852 | bleu 0 | ppl 28.87 | wps 5779.9 | ups 4.02 | wpb 1439.3 | bsz 96 | num_updates 40089 | lr 0.404864 | gnorm 518.085 | clip 100 | train_wall 391 | wall 13557 (progress_bar.py:269, print())
[2020-12-28 02:24:58]    INFO >> epoch 023 | valid on 'valid' subset | loss 73.936 | nll_loss 4.994 | bleu 18.238 | ppl 31.86 | wps 5704.3 | wpb 7230.4 | bsz 488.3 | num_updates 40089 | best_bleu 18.238 (progress_bar.py:269, print())
[2020-12-28 02:25:00]    INFO >> saved checkpoint /home/wanyao/.ncc/code_search_net_feng/sum_sbt/go/data-mmap/deepcom/checkpoints/checkpoint_best.pt (epoch 23 @ 40089 updates, score 18.23802956414753) (writing took 1.8803768018260598 seconds) (checkpoint_utils.py:81, save_checkpoint())
[2020-12-28 02:26:41]    INFO >> epoch 024:    411 / 1743 loss=71.851, nll_loss=4.808, bleu=0, ppl=28.02, wps=4774, ups=3.33, wpb=1434.5, bsz=96, num_updates=40500, lr=0.400815, gnorm=518.736, clip=100, train_wall=112, wall=13686 (progress_bar.py:262, log())
[2020-12-28 02:28:36]    INFO >> epoch 024:    911 / 1743 loss=72.524, nll_loss=4.828, bleu=0, ppl=28.41, wps=6258.9, ups=4.34, wpb=1440.8, bsz=95.9, num_updates=41000, lr=0.400815, gnorm=561.983, clip=100, train_wall=113, wall=13802 (progress_bar.py:262, log())
[2020-12-28 02:30:31]    INFO >> epoch 024:   1411 / 1743 loss=72.665, nll_loss=4.846, bleu=0, ppl=28.77, wps=6267.4, ups=4.35, wpb=1439.4, bsz=96, num_updates=41500, lr=0.400815, gnorm=546.144, clip=100, train_wall=112, wall=13916 (progress_bar.py:262, log())
[2020-12-28 02:31:48]    INFO >> epoch 024 | loss 72.41 | nll_loss 4.829 | bleu 0 | ppl 28.41 | wps 5751.9 | ups 4 | wpb 1439.3 | bsz 96 | num_updates 41832 | lr 0.400815 | gnorm 544.284 | clip 100 | train_wall 392 | wall 13993 (progress_bar.py:269, print())
[2020-12-28 02:32:14]    INFO >> epoch 024 | valid on 'valid' subset | loss 73.711 | nll_loss 4.978 | bleu 18.189 | ppl 31.52 | wps 5750.1 | wpb 7230.4 | bsz 488.3 | num_updates 41832 | best_bleu 18.238 (progress_bar.py:269, print())
[2020-12-28 02:32:15]    INFO >> saved checkpoint /home/wanyao/.ncc/code_search_net_feng/sum_sbt/go/data-mmap/deepcom/checkpoints/checkpoint_last.pt (epoch 24 @ 41832 updates, score 18.18902302068709) (writing took 1.3002260960638523 seconds) (checkpoint_utils.py:81, save_checkpoint())
[2020-12-28 02:33:01]    INFO >> epoch 025:    168 / 1743 loss=72.44, nll_loss=4.83, bleu=0, ppl=28.44, wps=4814.7, ups=3.34, wpb=1439.8, bsz=96, num_updates=42000, lr=0.396807, gnorm=542.137, clip=100, train_wall=113, wall=14066 (progress_bar.py:262, log())
[2020-12-28 02:34:55]    INFO >> epoch 025:    668 / 1743 loss=72.181, nll_loss=4.806, bleu=0, ppl=27.97, wps=6269.6, ups=4.35, wpb=1440.7, bsz=95.9, num_updates=42500, lr=0.396807, gnorm=560.737, clip=100, train_wall=112, wall=14181 (progress_bar.py:262, log())
[2020-12-28 02:36:51]    INFO >> epoch 025:   1168 / 1743 loss=72.34, nll_loss=4.814, bleu=0, ppl=28.13, wps=6263.1, ups=4.34, wpb=1442.6, bsz=96, num_updates=43000, lr=0.396807, gnorm=530.387, clip=100, train_wall=113, wall=14296 (progress_bar.py:262, log())
[2020-12-28 02:38:46]    INFO >> epoch 025:   1668 / 1743 loss=71.814, nll_loss=4.799, bleu=0, ppl=27.84, wps=6244.1, ups=4.35, wpb=1436.6, bsz=96, num_updates=43500, lr=0.396807, gnorm=540.373, clip=100, train_wall=113, wall=14411 (progress_bar.py:262, log())
[2020-12-28 02:39:03]    INFO >> epoch 025 | loss 72.123 | nll_loss 4.809 | bleu 0 | ppl 28.04 | wps 5761.4 | ups 4 | wpb 1439.3 | bsz 96 | num_updates 43575 | lr 0.396807 | gnorm 543.774 | clip 100 | train_wall 392 | wall 14429 (progress_bar.py:269, print())
[2020-12-28 02:39:29]    INFO >> epoch 025 | valid on 'valid' subset | loss 73.835 | nll_loss 4.987 | bleu 18.1003 | ppl 31.71 | wps 5744.2 | wpb 7230.4 | bsz 488.3 | num_updates 43575 | best_bleu 18.238 (progress_bar.py:269, print())
[2020-12-28 02:39:30]    INFO >> saved checkpoint /home/wanyao/.ncc/code_search_net_feng/sum_sbt/go/data-mmap/deepcom/checkpoints/checkpoint_last.pt (epoch 25 @ 43575 updates, score 18.10029539789085) (writing took 1.3124756133183837 seconds) (checkpoint_utils.py:81, save_checkpoint())
[2020-12-28 02:41:15]    INFO >> epoch 026:    425 / 1743 loss=71.681, nll_loss=4.791, bleu=0, ppl=27.69, wps=4801.9, ups=3.34, wpb=1436.2, bsz=96, num_updates=44000, lr=0.392839, gnorm=548.572, clip=100, train_wall=112, wall=14561 (progress_bar.py:262, log())
[2020-12-28 02:43:10]    INFO >> epoch 026:    925 / 1743 loss=71.6, nll_loss=4.777, bleu=0, ppl=27.42, wps=6252.8, ups=4.35, wpb=1438.8, bsz=96, num_updates=44500, lr=0.392839, gnorm=863.595, clip=100, train_wall=112, wall=14676 (progress_bar.py:262, log())
[2020-12-28 02:45:05]    INFO >> epoch 026:   1425 / 1743 loss=72.319, nll_loss=4.803, bleu=0, ppl=27.92, wps=6314.4, ups=4.37, wpb=1445.4, bsz=96, num_updates=45000, lr=0.392839, gnorm=539.467, clip=100, train_wall=112, wall=14790 (progress_bar.py:262, log())
[2020-12-28 02:46:18]    INFO >> epoch 026 | loss 71.828 | nll_loss 4.79 | bleu 0 | ppl 27.66 | wps 5767.6 | ups 4.01 | wpb 1439.3 | bsz 96 | num_updates 45318 | lr 0.392839 | gnorm 634.85 | clip 100 | train_wall 392 | wall 14864 (progress_bar.py:269, print())
[2020-12-28 02:46:44]    INFO >> epoch 026 | valid on 'valid' subset | loss 73.601 | nll_loss 4.971 | bleu 18.3829 | ppl 31.36 | wps 5800.3 | wpb 7230.4 | bsz 488.3 | num_updates 45318 | best_bleu 18.3829 (progress_bar.py:269, print())
[2020-12-28 02:46:46]    INFO >> saved checkpoint /home/wanyao/.ncc/code_search_net_feng/sum_sbt/go/data-mmap/deepcom/checkpoints/checkpoint_best.pt (epoch 26 @ 45318 updates, score 18.382907705458003) (writing took 1.8903226731345057 seconds) (checkpoint_utils.py:81, save_checkpoint())
[2020-12-28 02:47:35]    INFO >> epoch 027:    182 / 1743 loss=71.376, nll_loss=4.777, bleu=0, ppl=27.41, wps=4774.5, ups=3.33, wpb=1433.3, bsz=95.9, num_updates=45500, lr=0.388911, gnorm=542.717, clip=100, train_wall=112, wall=14940 (progress_bar.py:262, log())
[2020-12-28 02:49:30]    INFO >> epoch 027:    682 / 1743 loss=71.444, nll_loss=4.768, bleu=0, ppl=27.24, wps=6272.5, ups=4.36, wpb=1438.6, bsz=96, num_updates=46000, lr=0.388911, gnorm=550.692, clip=100, train_wall=112, wall=15055 (progress_bar.py:262, log())
[2020-12-28 02:51:24]    INFO >> epoch 027:   1182 / 1743 loss=71.624, nll_loss=4.774, bleu=0, ppl=27.36, wps=6283.8, ups=4.37, wpb=1439, bsz=95.9, num_updates=46500, lr=0.388911, gnorm=556.954, clip=100, train_wall=112, wall=15169 (progress_bar.py:262, log())
[2020-12-28 02:53:19]    INFO >> epoch 027:   1682 / 1743 loss=71.62, nll_loss=4.771, bleu=0, ppl=27.31, wps=6249.4, ups=4.34, wpb=1441, bsz=96, num_updates=47000, lr=0.388911, gnorm=558.7, clip=100, train_wall=113, wall=15285 (progress_bar.py:262, log())
[2020-12-28 02:53:34]    INFO >> epoch 027 | loss 71.521 | nll_loss 4.769 | bleu 0 | ppl 27.27 | wps 5761.5 | ups 4 | wpb 1439.3 | bsz 96 | num_updates 47061 | lr 0.388911 | gnorm 554.512 | clip 100 | train_wall 392 | wall 15299 (progress_bar.py:269, print())
[2020-12-28 02:53:59]    INFO >> epoch 027 | valid on 'valid' subset | loss 73.536 | nll_loss 4.967 | bleu 18.1976 | ppl 31.27 | wps 5830.8 | wpb 7230.4 | bsz 488.3 | num_updates 47061 | best_bleu 18.3829 (progress_bar.py:269, print())
[2020-12-28 02:54:00]    INFO >> saved checkpoint /home/wanyao/.ncc/code_search_net_feng/sum_sbt/go/data-mmap/deepcom/checkpoints/checkpoint_last.pt (epoch 27 @ 47061 updates, score 18.19756151972882) (writing took 1.292715067975223 seconds) (checkpoint_utils.py:81, save_checkpoint())
[2020-12-28 02:55:48]    INFO >> epoch 028:    439 / 1743 loss=71.284, nll_loss=4.75, bleu=0, ppl=26.91, wps=4839.6, ups=3.36, wpb=1439.5, bsz=95.9, num_updates=47500, lr=0.385022, gnorm=588.056, clip=100, train_wall=112, wall=15433 (progress_bar.py:262, log())
[2020-12-28 02:57:43]    INFO >> epoch 028:    939 / 1743 loss=71.26, nll_loss=4.755, bleu=0, ppl=27, wps=6256.6, ups=4.35, wpb=1438.8, bsz=96, num_updates=48000, lr=0.385022, gnorm=566.804, clip=100, train_wall=112, wall=15548 (progress_bar.py:262, log())
[2020-12-28 02:59:38]    INFO >> epoch 028:   1439 / 1743 loss=71.303, nll_loss=4.753, bleu=0, ppl=26.96, wps=6288.1, ups=4.37, wpb=1440.3, bsz=96, num_updates=48500, lr=0.385022, gnorm=575.778, clip=100, train_wall=112, wall=15663 (progress_bar.py:262, log())
[2020-12-28 03:00:48]    INFO >> epoch 028 | loss 71.276 | nll_loss 4.753 | bleu 0 | ppl 26.96 | wps 5775.9 | ups 4.01 | wpb 1439.3 | bsz 96 | num_updates 48804 | lr 0.385022 | gnorm 588.093 | clip 100 | train_wall 391 | wall 15733 (progress_bar.py:269, print())
[2020-12-28 03:01:13]    INFO >> epoch 028 | valid on 'valid' subset | loss 73.562 | nll_loss 4.968 | bleu 18.2654 | ppl 31.3 | wps 5818.5 | wpb 7230.4 | bsz 488.3 | num_updates 48804 | best_bleu 18.3829 (progress_bar.py:269, print())
[2020-12-28 03:01:15]    INFO >> saved checkpoint /home/wanyao/.ncc/code_search_net_feng/sum_sbt/go/data-mmap/deepcom/checkpoints/checkpoint_last.pt (epoch 28 @ 48804 updates, score 18.265365407016017) (writing took 1.2802457613870502 seconds) (checkpoint_utils.py:81, save_checkpoint())
[2020-12-28 03:02:07]    INFO >> epoch 029:    196 / 1743 loss=71.081, nll_loss=4.746, bleu=0, ppl=26.84, wps=4815.6, ups=3.35, wpb=1437.8, bsz=96, num_updates=49000, lr=0.381171, gnorm=612.085, clip=100, train_wall=112, wall=15812 (progress_bar.py:262, log())
[2020-12-28 03:04:02]    INFO >> epoch 029:    696 / 1743 loss=71.051, nll_loss=4.739, bleu=0, ppl=26.7, wps=6257.2, ups=4.35, wpb=1439.3, bsz=96, num_updates=49500, lr=0.381171, gnorm=568.588, clip=100, train_wall=112, wall=15927 (progress_bar.py:262, log())
[2020-12-28 03:05:57]    INFO >> epoch 029:   1196 / 1743 loss=71.196, nll_loss=4.735, bleu=0, ppl=26.63, wps=6286.4, ups=4.36, wpb=1442.3, bsz=95.9, num_updates=50000, lr=0.381171, gnorm=598.28, clip=100, train_wall=112, wall=16042 (progress_bar.py:262, log())
[2020-12-28 03:07:52]    INFO >> epoch 029:   1696 / 1743 loss=71.05, nll_loss=4.746, bleu=0, ppl=26.83, wps=6250.3, ups=4.35, wpb=1437.2, bsz=96, num_updates=50500, lr=0.381171, gnorm=598.262, clip=100, train_wall=113, wall=16157 (progress_bar.py:262, log())
[2020-12-28 03:08:03]    INFO >> epoch 029 | loss 71.051 | nll_loss 4.738 | bleu 0 | ppl 26.68 | wps 5769.5 | ups 4.01 | wpb 1439.3 | bsz 96 | num_updates 50547 | lr 0.381171 | gnorm 586.309 | clip 100 | train_wall 392 | wall 16168 (progress_bar.py:269, print())
[2020-12-28 03:08:29]    INFO >> epoch 029 | valid on 'valid' subset | loss 73.285 | nll_loss 4.95 | bleu 18.1782 | ppl 30.9 | wps 5770.3 | wpb 7230.4 | bsz 488.3 | num_updates 50547 | best_bleu 18.3829 (progress_bar.py:269, print())
[2020-12-28 03:08:30]    INFO >> saved checkpoint /home/wanyao/.ncc/code_search_net_feng/sum_sbt/go/data-mmap/deepcom/checkpoints/checkpoint_last.pt (epoch 29 @ 50547 updates, score 18.17819862000543) (writing took 1.2843643678352237 seconds) (checkpoint_utils.py:81, save_checkpoint())
[2020-12-28 03:10:21]    INFO >> epoch 030:    453 / 1743 loss=70.742, nll_loss=4.702, bleu=0, ppl=26.02, wps=4837.2, ups=3.35, wpb=1444.5, bsz=96, num_updates=51000, lr=0.37736, gnorm=592.915, clip=100, train_wall=112, wall=16306 (progress_bar.py:262, log())
[2020-12-28 03:12:16]    INFO >> epoch 030:    953 / 1743 loss=70.719, nll_loss=4.721, bleu=0, ppl=26.37, wps=6269.6, ups=4.36, wpb=1438, bsz=96, num_updates=51500, lr=0.37736, gnorm=591.421, clip=100, train_wall=112, wall=16421 (progress_bar.py:262, log())
[2020-12-28 03:14:10]    INFO >> epoch 030:   1453 / 1743 loss=70.934, nll_loss=4.735, bleu=0, ppl=26.63, wps=6264.9, ups=4.36, wpb=1436.9, bsz=95.9, num_updates=52000, lr=0.37736, gnorm=587.924, clip=100, train_wall=112, wall=16536 (progress_bar.py:262, log())
[2020-12-28 03:15:17]    INFO >> epoch 030 | loss 70.777 | nll_loss 4.72 | bleu 0 | ppl 26.35 | wps 5776.2 | ups 4.01 | wpb 1439.3 | bsz 96 | num_updates 52290 | lr 0.37736 | gnorm 590.846 | clip 100 | train_wall 391 | wall 16603 (progress_bar.py:269, print())
[2020-12-28 03:15:42]    INFO >> epoch 030 | valid on 'valid' subset | loss 73.113 | nll_loss 4.938 | bleu 18.5241 | ppl 30.65 | wps 5893.7 | wpb 7230.4 | bsz 488.3 | num_updates 52290 | best_bleu 18.5241 (progress_bar.py:269, print())
[2020-12-28 03:15:44]    INFO >> saved checkpoint /home/wanyao/.ncc/code_search_net_feng/sum_sbt/go/data-mmap/deepcom/checkpoints/checkpoint_best.pt (epoch 30 @ 52290 updates, score 18.524124271574966) (writing took 1.8417739905416965 seconds) (checkpoint_utils.py:81, save_checkpoint())
[2020-12-28 03:16:39]    INFO >> epoch 031:    210 / 1743 loss=70.764, nll_loss=4.715, bleu=0, ppl=26.27, wps=4828, ups=3.35, wpb=1440.7, bsz=96, num_updates=52500, lr=0.373586, gnorm=590.761, clip=100, train_wall=112, wall=16685 (progress_bar.py:262, log())
[2020-12-28 03:18:34]    INFO >> epoch 031:    710 / 1743 loss=70.314, nll_loss=4.693, bleu=0, ppl=25.86, wps=6250, ups=4.35, wpb=1437.2, bsz=95.9, num_updates=53000, lr=0.373586, gnorm=724.16, clip=100, train_wall=112, wall=16800 (progress_bar.py:262, log())
[2020-12-28 03:20:30]    INFO >> epoch 031:   1210 / 1743 loss=70.511, nll_loss=4.712, bleu=0, ppl=26.21, wps=6240.4, ups=4.34, wpb=1436.5, bsz=96, num_updates=53500, lr=0.373586, gnorm=605.953, clip=100, train_wall=112, wall=16915 (progress_bar.py:262, log())
[2020-12-28 03:22:25]    INFO >> epoch 031:   1710 / 1743 loss=70.773, nll_loss=4.714, bleu=0, ppl=26.24, wps=6256.5, ups=4.34, wpb=1441.4, bsz=96, num_updates=54000, lr=0.373586, gnorm=617.506, clip=100, train_wall=113, wall=17030 (progress_bar.py:262, log())
[2020-12-28 03:22:33]    INFO >> epoch 031 | loss 70.56 | nll_loss 4.705 | bleu 0 | ppl 26.09 | wps 5759.5 | ups 4 | wpb 1439.3 | bsz 96 | num_updates 54033 | lr 0.373586 | gnorm 641.873 | clip 100 | train_wall 392 | wall 17038 (progress_bar.py:269, print())
[2020-12-28 03:22:58]    INFO >> epoch 031 | valid on 'valid' subset | loss 73.11 | nll_loss 4.938 | bleu 18.0638 | ppl 30.65 | wps 5738.4 | wpb 7230.4 | bsz 488.3 | num_updates 54033 | best_bleu 18.5241 (progress_bar.py:269, print())
[2020-12-28 03:23:00]    INFO >> saved checkpoint /home/wanyao/.ncc/code_search_net_feng/sum_sbt/go/data-mmap/deepcom/checkpoints/checkpoint_last.pt (epoch 31 @ 54033 updates, score 18.06383272282087) (writing took 1.294007564894855 seconds) (checkpoint_utils.py:81, save_checkpoint())
[2020-12-28 03:24:54]    INFO >> epoch 032:    467 / 1743 loss=70.423, nll_loss=4.686, bleu=0, ppl=25.75, wps=4827.2, ups=3.35, wpb=1442.6, bsz=96, num_updates=54500, lr=0.36985, gnorm=652.488, clip=100, train_wall=112, wall=17179 (progress_bar.py:262, log())
[2020-12-28 03:26:49]    INFO >> epoch 032:    967 / 1743 loss=70.331, nll_loss=4.692, bleu=0, ppl=25.85, wps=6239.3, ups=4.34, wpb=1437.8, bsz=95.9, num_updates=55000, lr=0.36985, gnorm=664.21, clip=100, train_wall=113, wall=17295 (progress_bar.py:262, log())
[2020-12-28 03:28:43]    INFO >> epoch 032:   1467 / 1743 loss=70.389, nll_loss=4.692, bleu=0, ppl=25.86, wps=6308.6, ups=4.38, wpb=1440, bsz=96, num_updates=55500, lr=0.36985, gnorm=636.165, clip=100, train_wall=112, wall=17409 (progress_bar.py:262, log())
[2020-12-28 03:29:47]    INFO >> epoch 032 | loss 70.36 | nll_loss 4.692 | bleu 0 | ppl 25.85 | wps 5771.6 | ups 4.01 | wpb 1439.3 | bsz 96 | num_updates 55776 | lr 0.36985 | gnorm 668.95 | clip 100 | train_wall 392 | wall 17473 (progress_bar.py:269, print())
[2020-12-28 03:30:13]    INFO >> epoch 032 | valid on 'valid' subset | loss 73.395 | nll_loss 4.957 | bleu 18.328 | ppl 31.06 | wps 5873.5 | wpb 7230.4 | bsz 488.3 | num_updates 55776 | best_bleu 18.5241 (progress_bar.py:269, print())
[2020-12-28 03:30:14]    INFO >> saved checkpoint /home/wanyao/.ncc/code_search_net_feng/sum_sbt/go/data-mmap/deepcom/checkpoints/checkpoint_last.pt (epoch 32 @ 55776 updates, score 18.327983110162677) (writing took 1.2789948051795363 seconds) (checkpoint_utils.py:81, save_checkpoint())
[2020-12-28 03:31:13]    INFO >> epoch 033:    224 / 1743 loss=69.724, nll_loss=4.674, bleu=0, ppl=25.53, wps=4789.5, ups=3.34, wpb=1432, bsz=96, num_updates=56000, lr=0.366152, gnorm=705.214, clip=100, train_wall=112, wall=17558 (progress_bar.py:262, log())
[2020-12-28 03:33:08]    INFO >> epoch 033:    724 / 1743 loss=69.952, nll_loss=4.675, bleu=0, ppl=25.55, wps=6251.8, ups=4.35, wpb=1436.4, bsz=96, num_updates=56500, lr=0.366152, gnorm=656.689, clip=100, train_wall=112, wall=17673 (progress_bar.py:262, log())
[2020-12-28 03:35:03]    INFO >> epoch 033:   1224 / 1743 loss=70.441, nll_loss=4.683, bleu=0, ppl=25.69, wps=6285.8, ups=4.35, wpb=1444, bsz=96, num_updates=57000, lr=0.366152, gnorm=642.605, clip=100, train_wall=112, wall=17788 (progress_bar.py:262, log())
[2020-12-28 03:36:58]    INFO >> epoch 033:   1724 / 1743 loss=70.678, nll_loss=4.697, bleu=0, ppl=25.94, wps=6265.6, ups=4.34, wpb=1443.4, bsz=95.9, num_updates=57500, lr=0.366152, gnorm=688.914, clip=100, train_wall=113, wall=17903 (progress_bar.py:262, log())
[2020-12-28 03:37:03]    INFO >> epoch 033 | loss 70.167 | nll_loss 4.679 | bleu 0 | ppl 25.62 | wps 5762.5 | ups 4 | wpb 1439.3 | bsz 96 | num_updates 57519 | lr 0.366152 | gnorm 658.8 | clip 100 | train_wall 392 | wall 17908 (progress_bar.py:269, print())
[2020-12-28 03:37:28]    INFO >> epoch 033 | valid on 'valid' subset | loss 73.025 | nll_loss 4.932 | bleu 18.4022 | ppl 30.53 | wps 5772.4 | wpb 7230.4 | bsz 488.3 | num_updates 57519 | best_bleu 18.5241 (progress_bar.py:269, print())
[2020-12-28 03:37:30]    INFO >> saved checkpoint /home/wanyao/.ncc/code_search_net_feng/sum_sbt/go/data-mmap/deepcom/checkpoints/checkpoint_last.pt (epoch 33 @ 57519 updates, score 18.402184910834034) (writing took 1.2985718986019492 seconds) (checkpoint_utils.py:81, save_checkpoint())
[2020-12-28 03:39:28]    INFO >> epoch 034:    481 / 1743 loss=69.983, nll_loss=4.652, bleu=0, ppl=25.14, wps=4818.8, ups=3.34, wpb=1443, bsz=95.9, num_updates=58000, lr=0.36249, gnorm=740.401, clip=100, train_wall=112, wall=18053 (progress_bar.py:262, log())
[2020-12-28 03:41:22]    INFO >> epoch 034:    981 / 1743 loss=69.83, nll_loss=4.664, bleu=0, ppl=25.35, wps=6256.5, ups=4.35, wpb=1437.3, bsz=96, num_updates=58500, lr=0.36249, gnorm=873.767, clip=100, train_wall=112, wall=18168 (progress_bar.py:262, log())
[2020-12-28 03:43:18]    INFO >> epoch 034:   1481 / 1743 loss=70.067, nll_loss=4.668, bleu=0, ppl=25.43, wps=6250.9, ups=4.34, wpb=1440.9, bsz=96, num_updates=59000, lr=0.36249, gnorm=653.491, clip=100, train_wall=113, wall=18283 (progress_bar.py:262, log())
[2020-12-28 03:44:19]    INFO >> epoch 034 | loss 69.974 | nll_loss 4.666 | bleu 0 | ppl 25.39 | wps 5755.2 | ups 4 | wpb 1439.3 | bsz 96 | num_updates 59262 | lr 0.36249 | gnorm 745.746 | clip 100 | train_wall 392 | wall 18344 (progress_bar.py:269, print())
[2020-12-28 03:44:44]    INFO >> epoch 034 | valid on 'valid' subset | loss 73.4 | nll_loss 4.957 | bleu 18.3801 | ppl 31.07 | wps 5798.1 | wpb 7230.4 | bsz 488.3 | num_updates 59262 | best_bleu 18.5241 (progress_bar.py:269, print())
[2020-12-28 03:44:45]    INFO >> saved checkpoint /home/wanyao/.ncc/code_search_net_feng/sum_sbt/go/data-mmap/deepcom/checkpoints/checkpoint_last.pt (epoch 34 @ 59262 updates, score 18.3801040141203) (writing took 1.281332740560174 seconds) (checkpoint_utils.py:81, save_checkpoint())
[2020-12-28 03:45:47]    INFO >> epoch 035:    238 / 1743 loss=69.717, nll_loss=4.671, bleu=0, ppl=25.48, wps=4786.6, ups=3.34, wpb=1432.8, bsz=96, num_updates=59500, lr=0.358865, gnorm=1008.42, clip=100, train_wall=113, wall=18433 (progress_bar.py:262, log())
[2020-12-28 03:47:42]    INFO >> epoch 035:    738 / 1743 loss=69.379, nll_loss=4.643, bleu=0, ppl=24.99, wps=6234, ups=4.35, wpb=1434.4, bsz=96, num_updates=60000, lr=0.358865, gnorm=778.34, clip=100, train_wall=112, wall=18548 (progress_bar.py:262, log())
[2020-12-28 03:49:38]    INFO >> epoch 035:   1238 / 1743 loss=69.745, nll_loss=4.651, bleu=0, ppl=25.12, wps=6246.5, ups=4.34, wpb=1439.6, bsz=96, num_updates=60500, lr=0.358865, gnorm=861.347, clip=100, train_wall=113, wall=18663 (progress_bar.py:262, log())
[2020-12-28 03:51:33]    INFO >> epoch 035:   1738 / 1743 loss=70.497, nll_loss=4.675, bleu=0, ppl=25.54, wps=6286.8, ups=4.35, wpb=1446.5, bsz=95.9, num_updates=61000, lr=0.358865, gnorm=759.043, clip=100, train_wall=112, wall=18778 (progress_bar.py:262, log())
[2020-12-28 03:51:34]    INFO >> epoch 035 | loss 69.817 | nll_loss 4.656 | bleu 0 | ppl 25.21 | wps 5758.1 | ups 4 | wpb 1439.3 | bsz 96 | num_updates 61005 | lr 0.358865 | gnorm 877.783 | clip 100 | train_wall 392 | wall 18780 (progress_bar.py:269, print())
[2020-12-28 03:52:00]    INFO >> epoch 035 | valid on 'valid' subset | loss 73.265 | nll_loss 4.948 | bleu 18.4402 | ppl 30.87 | wps 5804.1 | wpb 7230.4 | bsz 488.3 | num_updates 61005 | best_bleu 18.5241 (progress_bar.py:269, print())
[2020-12-28 03:52:01]    INFO >> saved checkpoint /home/wanyao/.ncc/code_search_net_feng/sum_sbt/go/data-mmap/deepcom/checkpoints/checkpoint_last.pt (epoch 35 @ 61005 updates, score 18.440197015536707) (writing took 1.2984538432210684 seconds) (checkpoint_utils.py:81, save_checkpoint())
[2020-12-28 03:54:01]    INFO >> epoch 036:    495 / 1743 loss=69.722, nll_loss=4.642, bleu=0, ppl=24.97, wps=4852.5, ups=3.37, wpb=1440.6, bsz=95.9, num_updates=61500, lr=0.355277, gnorm=5053.05, clip=100, train_wall=112, wall=18927 (progress_bar.py:262, log())
[2020-12-28 03:55:56]    INFO >> epoch 036:    995 / 1743 loss=69.347, nll_loss=4.64, bleu=0, ppl=24.94, wps=6234.5, ups=4.35, wpb=1434.7, bsz=96, num_updates=62000, lr=0.355277, gnorm=687.964, clip=100, train_wall=112, wall=19042 (progress_bar.py:262, log())
[2020-12-28 03:57:51]    INFO >> epoch 036:   1495 / 1743 loss=69.977, nll_loss=4.652, bleu=0, ppl=25.15, wps=6267.7, ups=4.34, wpb=1444, bsz=96, num_updates=62500, lr=0.355277, gnorm=809.631, clip=100, train_wall=113, wall=19157 (progress_bar.py:262, log())
[2020-12-28 03:58:49]    INFO >> epoch 036 | loss 69.655 | nll_loss 4.645 | bleu 0 | ppl 25.02 | wps 5771.2 | ups 4.01 | wpb 1439.3 | bsz 96 | num_updates 62748 | lr 0.355277 | gnorm 1990 | clip 100 | train_wall 392 | wall 19214 (progress_bar.py:269, print())
[2020-12-28 03:59:14]    INFO >> epoch 036 | valid on 'valid' subset | loss 73.126 | nll_loss 4.939 | bleu 18.3455 | ppl 30.67 | wps 5725.6 | wpb 7230.4 | bsz 488.3 | num_updates 62748 | best_bleu 18.5241 (progress_bar.py:269, print())
[2020-12-28 03:59:16]    INFO >> saved checkpoint /home/wanyao/.ncc/code_search_net_feng/sum_sbt/go/data-mmap/deepcom/checkpoints/checkpoint_last.pt (epoch 36 @ 62748 updates, score 18.345461496690767) (writing took 1.2923743017017841 seconds) (checkpoint_utils.py:81, save_checkpoint())
[2020-12-28 04:00:21]    INFO >> epoch 037:    252 / 1743 loss=68.967, nll_loss=4.618, bleu=0, ppl=24.56, wps=4807.1, ups=3.35, wpb=1433.7, bsz=96, num_updates=63000, lr=0.351724, gnorm=757.949, clip=100, train_wall=112, wall=19306 (progress_bar.py:262, log())
[2020-12-28 04:02:15]    INFO >> epoch 037:    752 / 1743 loss=69.69, nll_loss=4.634, bleu=0, ppl=24.83, wps=6321.5, ups=4.38, wpb=1443.7, bsz=96, num_updates=63500, lr=0.351724, gnorm=946.434, clip=100, train_wall=112, wall=19420 (progress_bar.py:262, log())
[2020-12-28 04:04:09]    INFO >> epoch 037:   1252 / 1743 loss=69.58, nll_loss=4.64, bleu=0, ppl=24.92, wps=6287.1, ups=4.37, wpb=1439.7, bsz=96, num_updates=64000, lr=0.351724, gnorm=826.393, clip=100, train_wall=112, wall=19535 (progress_bar.py:262, log())
[2020-12-28 04:06:02]    INFO >> epoch 037 | loss 69.526 | nll_loss 4.636 | bleu 0 | ppl 24.87 | wps 5795.7 | ups 4.03 | wpb 1439.3 | bsz 96 | num_updates 64491 | lr 0.351724 | gnorm 828.95 | clip 100 | train_wall 390 | wall 19647 (progress_bar.py:269, print())
[2020-12-28 04:06:27]    INFO >> epoch 037 | valid on 'valid' subset | loss 72.919 | nll_loss 4.925 | bleu 18.4985 | ppl 30.38 | wps 5830.4 | wpb 7230.4 | bsz 488.3 | num_updates 64491 | best_bleu 18.5241 (progress_bar.py:269, print())
[2020-12-28 04:06:29]    INFO >> saved checkpoint /home/wanyao/.ncc/code_search_net_feng/sum_sbt/go/data-mmap/deepcom/checkpoints/checkpoint_last.pt (epoch 37 @ 64491 updates, score 18.498484659006508) (writing took 1.2876099152490497 seconds) (checkpoint_utils.py:81, save_checkpoint())
[2020-12-28 04:06:38]    INFO >> epoch 038:      9 / 1743 loss=69.907, nll_loss=4.659, bleu=0, ppl=25.26, wps=4843.4, ups=3.36, wpb=1439.3, bsz=95.9, num_updates=64500, lr=0.348207, gnorm=766.447, clip=100, train_wall=112, wall=19683 (progress_bar.py:262, log())
[2020-12-28 04:08:32]    INFO >> epoch 038:    509 / 1743 loss=69.611, nll_loss=4.625, bleu=0, ppl=24.67, wps=6309, ups=4.37, wpb=1444.9, bsz=96, num_updates=65000, lr=0.348207, gnorm=780.775, clip=100, train_wall=112, wall=19798 (progress_bar.py:262, log())
[2020-12-28 04:10:28]    INFO >> epoch 038:   1009 / 1743 loss=68.822, nll_loss=4.614, bleu=0, ppl=24.49, wps=6217.5, ups=4.34, wpb=1431.9, bsz=96, num_updates=65500, lr=0.348207, gnorm=740.215, clip=100, train_wall=112, wall=19913 (progress_bar.py:262, log())
[2020-12-28 04:12:22]    INFO >> epoch 038:   1509 / 1743 loss=69.574, nll_loss=4.63, bleu=0, ppl=24.76, wps=6279.2, ups=4.35, wpb=1442.7, bsz=96, num_updates=66000, lr=0.348207, gnorm=782.026, clip=100, train_wall=112, wall=20028 (progress_bar.py:262, log())
[2020-12-28 04:13:17]    INFO >> epoch 038 | loss 69.362 | nll_loss 4.625 | bleu 0 | ppl 24.68 | wps 5767.4 | ups 4.01 | wpb 1439.3 | bsz 96 | num_updates 66234 | lr 0.348207 | gnorm 771.069 | clip 100 | train_wall 392 | wall 20082 (progress_bar.py:269, print())
[2020-12-28 04:13:43]    INFO >> epoch 038 | valid on 'valid' subset | loss 73.164 | nll_loss 4.941 | bleu 18.4266 | ppl 30.73 | wps 5797 | wpb 7230.4 | bsz 488.3 | num_updates 66234 | best_bleu 18.5241 (progress_bar.py:269, print())
[2020-12-28 04:13:44]    INFO >> saved checkpoint /home/wanyao/.ncc/code_search_net_feng/sum_sbt/go/data-mmap/deepcom/checkpoints/checkpoint_last.pt (epoch 38 @ 66234 updates, score 18.426576712468975) (writing took 1.2889953088015318 seconds) (checkpoint_utils.py:81, save_checkpoint())
[2020-12-28 04:14:52]    INFO >> epoch 039:    266 / 1743 loss=69.458, nll_loss=4.63, bleu=0, ppl=24.76, wps=4819.7, ups=3.35, wpb=1439, bsz=95.9, num_updates=66500, lr=0.344725, gnorm=777.897, clip=100, train_wall=112, wall=20177 (progress_bar.py:262, log())
[2020-12-28 04:16:47]    INFO >> epoch 039:    766 / 1743 loss=68.911, nll_loss=4.595, bleu=0, ppl=24.18, wps=6253.4, ups=4.34, wpb=1439.6, bsz=96, num_updates=67000, lr=0.344725, gnorm=913.516, clip=100, train_wall=113, wall=20292 (progress_bar.py:262, log())
[2020-12-28 04:18:42]    INFO >> epoch 039:   1266 / 1743 loss=69.38, nll_loss=4.631, bleu=0, ppl=24.77, wps=6263.9, ups=4.35, wpb=1438.4, bsz=96, num_updates=67500, lr=0.344725, gnorm=850.531, clip=100, train_wall=112, wall=20407 (progress_bar.py:262, log())
[2020-12-28 04:20:32]    INFO >> epoch 039 | loss 69.243 | nll_loss 4.617 | bleu 0 | ppl 24.55 | wps 5766.4 | ups 4.01 | wpb 1439.3 | bsz 96 | num_updates 67977 | lr 0.344725 | gnorm 1006.08 | clip 100 | train_wall 392 | wall 20517 (progress_bar.py:269, print())
[2020-12-28 04:20:57]    INFO >> epoch 039 | valid on 'valid' subset | loss 73.242 | nll_loss 4.947 | bleu 18.2471 | ppl 30.84 | wps 5829.1 | wpb 7230.4 | bsz 488.3 | num_updates 67977 | best_bleu 18.5241 (progress_bar.py:269, print())
[2020-12-28 04:20:59]    INFO >> saved checkpoint /home/wanyao/.ncc/code_search_net_feng/sum_sbt/go/data-mmap/deepcom/checkpoints/checkpoint_last.pt (epoch 39 @ 67977 updates, score 18.247109952449332) (writing took 1.2876225803047419 seconds) (checkpoint_utils.py:81, save_checkpoint())
[2020-12-28 04:21:11]    INFO >> epoch 040:     23 / 1743 loss=69.422, nll_loss=4.629, bleu=0, ppl=24.74, wps=4808.1, ups=3.34, wpb=1438.7, bsz=95.9, num_updates=68000, lr=0.341277, gnorm=1803.27, clip=100, train_wall=113, wall=20557 (progress_bar.py:262, log())
[2020-12-28 04:23:06]    INFO >> epoch 040:    523 / 1743 loss=69.162, nll_loss=4.605, bleu=0, ppl=24.34, wps=6270, ups=4.35, wpb=1441.8, bsz=96, num_updates=68500, lr=0.341277, gnorm=3482.28, clip=100, train_wall=112, wall=20672 (progress_bar.py:262, log())
[2020-12-28 04:25:01]    INFO >> epoch 040:   1023 / 1743 loss=69.23, nll_loss=4.619, bleu=0, ppl=24.57, wps=6247.9, ups=4.35, wpb=1437.7, bsz=95.9, num_updates=69000, lr=0.341277, gnorm=842.306, clip=100, train_wall=112, wall=20787 (progress_bar.py:262, log())
[2020-12-28 04:26:57]    INFO >> epoch 040:   1523 / 1743 loss=69.039, nll_loss=4.61, bleu=0, ppl=24.41, wps=6235.2, ups=4.34, wpb=1437.8, bsz=96, num_updates=69500, lr=0.341277, gnorm=813.782, clip=100, train_wall=113, wall=20902 (progress_bar.py:262, log())
[2020-12-28 04:27:48]    INFO >> epoch 040 | loss 69.15 | nll_loss 4.611 | bleu 0 | ppl 24.44 | wps 5757.4 | ups 4 | wpb 1439.3 | bsz 96 | num_updates 69720 | lr 0.341277 | gnorm 1846.54 | clip 100 | train_wall 392 | wall 20953 (progress_bar.py:269, print())
[2020-12-28 04:28:13]    INFO >> epoch 040 | valid on 'valid' subset | loss 73.153 | nll_loss 4.941 | bleu 18.5615 | ppl 30.71 | wps 5787.5 | wpb 7230.4 | bsz 488.3 | num_updates 69720 | best_bleu 18.5615 (progress_bar.py:269, print())
[2020-12-28 04:28:15]    INFO >> saved checkpoint /home/wanyao/.ncc/code_search_net_feng/sum_sbt/go/data-mmap/deepcom/checkpoints/checkpoint_best.pt (epoch 40 @ 69720 updates, score 18.561481044836146) (writing took 1.8584087947383523 seconds) (checkpoint_utils.py:81, save_checkpoint())
[2020-12-28 04:29:27]    INFO >> epoch 041:    280 / 1743 loss=68.876, nll_loss=4.602, bleu=0, ppl=24.29, wps=4789.9, ups=3.33, wpb=1436.8, bsz=96, num_updates=70000, lr=0.337865, gnorm=1304.54, clip=100, train_wall=112, wall=21052 (progress_bar.py:262, log())
[2020-12-28 04:31:22]    INFO >> epoch 041:    780 / 1743 loss=69.024, nll_loss=4.607, bleu=0, ppl=24.37, wps=6255.2, ups=4.35, wpb=1438.3, bsz=96, num_updates=70500, lr=0.337865, gnorm=1398.37, clip=100, train_wall=112, wall=21167 (progress_bar.py:262, log())
[2020-12-28 04:33:17]    INFO >> epoch 041:   1280 / 1743 loss=68.911, nll_loss=4.591, bleu=0, ppl=24.11, wps=6248.3, ups=4.34, wpb=1440.9, bsz=96, num_updates=71000, lr=0.337865, gnorm=852.697, clip=100, train_wall=113, wall=21282 (progress_bar.py:262, log())
[2020-12-28 04:35:04]    INFO >> epoch 041 | loss 69.035 | nll_loss 4.604 | bleu 0 | ppl 24.31 | wps 5748.5 | ups 3.99 | wpb 1439.3 | bsz 96 | num_updates 71463 | lr 0.337865 | gnorm 1048.68 | clip 100 | train_wall 392 | wall 21389 (progress_bar.py:269, print())
[2020-12-28 04:35:30]    INFO >> epoch 041 | valid on 'valid' subset | loss 73.336 | nll_loss 4.953 | bleu 18.4331 | ppl 30.98 | wps 5767.9 | wpb 7230.4 | bsz 488.3 | num_updates 71463 | best_bleu 18.5615 (progress_bar.py:269, print())
[2020-12-28 04:35:31]    INFO >> saved checkpoint /home/wanyao/.ncc/code_search_net_feng/sum_sbt/go/data-mmap/deepcom/checkpoints/checkpoint_last.pt (epoch 41 @ 71463 updates, score 18.433124490250677) (writing took 1.2984853610396385 seconds) (checkpoint_utils.py:81, save_checkpoint())
[2020-12-28 04:35:47]    INFO >> epoch 042:     37 / 1743 loss=69.304, nll_loss=4.614, bleu=0, ppl=24.49, wps=4808.2, ups=3.34, wpb=1440.7, bsz=95.9, num_updates=71500, lr=0.334486, gnorm=993.403, clip=100, train_wall=113, wall=21432 (progress_bar.py:262, log())
[2020-12-28 04:37:42]    INFO >> epoch 042:    537 / 1743 loss=68.51, nll_loss=4.573, bleu=0, ppl=23.81, wps=6252, ups=4.35, wpb=1438.2, bsz=96, num_updates=72000, lr=0.334486, gnorm=1111.84, clip=100, train_wall=112, wall=21547 (progress_bar.py:262, log())
[2020-12-28 04:39:37]    INFO >> epoch 042:   1037 / 1743 loss=69.239, nll_loss=4.62, bleu=0, ppl=24.6, wps=6242.8, ups=4.34, wpb=1438.6, bsz=96, num_updates=72500, lr=0.334486, gnorm=940.441, clip=100, train_wall=113, wall=21662 (progress_bar.py:262, log())
[2020-12-28 04:41:32]    INFO >> epoch 042:   1537 / 1743 loss=68.895, nll_loss=4.589, bleu=0, ppl=24.07, wps=6259.3, ups=4.35, wpb=1440.1, bsz=95.9, num_updates=73000, lr=0.334486, gnorm=902.097, clip=100, train_wall=112, wall=21777 (progress_bar.py:262, log())
[2020-12-28 04:42:20]    INFO >> epoch 042 | loss 68.931 | nll_loss 4.597 | bleu 0 | ppl 24.19 | wps 5757.5 | ups 4 | wpb 1439.3 | bsz 96 | num_updates 73206 | lr 0.334486 | gnorm 975.062 | clip 100 | train_wall 392 | wall 21825 (progress_bar.py:269, print())
[2020-12-28 04:42:45]    INFO >> epoch 042 | valid on 'valid' subset | loss 72.957 | nll_loss 4.927 | bleu 18.3769 | ppl 30.43 | wps 5813.1 | wpb 7230.4 | bsz 488.3 | num_updates 73206 | best_bleu 18.5615 (progress_bar.py:269, print())
[2020-12-28 04:42:47]    INFO >> saved checkpoint /home/wanyao/.ncc/code_search_net_feng/sum_sbt/go/data-mmap/deepcom/checkpoints/checkpoint_last.pt (epoch 42 @ 73206 updates, score 18.37690728672621) (writing took 1.2860828526318073 seconds) (checkpoint_utils.py:81, save_checkpoint())
[2020-12-28 04:44:02]    INFO >> epoch 043:    294 / 1743 loss=68.864, nll_loss=4.582, bleu=0, ppl=23.96, wps=4805.4, ups=3.33, wpb=1442.7, bsz=96, num_updates=73500, lr=0.331141, gnorm=1072.89, clip=100, train_wall=112, wall=21927 (progress_bar.py:262, log())
[2020-12-28 04:45:57]    INFO >> epoch 043:    794 / 1743 loss=68.755, nll_loss=4.587, bleu=0, ppl=24.04, wps=6251.4, ups=4.34, wpb=1438.9, bsz=96, num_updates=74000, lr=0.331141, gnorm=1453.96, clip=100, train_wall=112, wall=22042 (progress_bar.py:262, log())
[2020-12-28 04:47:52]    INFO >> epoch 043:   1294 / 1743 loss=68.881, nll_loss=4.6, bleu=0, ppl=24.26, wps=6231.8, ups=4.34, wpb=1437.4, bsz=96, num_updates=74500, lr=0.331141, gnorm=937.603, clip=100, train_wall=113, wall=22158 (progress_bar.py:262, log())
[2020-12-28 04:49:36]    INFO >> epoch 043 | loss 68.859 | nll_loss 4.592 | bleu 0 | ppl 24.11 | wps 5746.3 | ups 3.99 | wpb 1439.3 | bsz 96 | num_updates 74949 | lr 0.331141 | gnorm 1620.07 | clip 100 | train_wall 392 | wall 22262 (progress_bar.py:269, print())
[2020-12-28 04:50:02]    INFO >> epoch 043 | valid on 'valid' subset | loss 73.003 | nll_loss 4.931 | bleu 18.4518 | ppl 30.5 | wps 5821.1 | wpb 7230.4 | bsz 488.3 | num_updates 74949 | best_bleu 18.5615 (progress_bar.py:269, print())
[2020-12-28 04:50:03]    INFO >> saved checkpoint /home/wanyao/.ncc/code_search_net_feng/sum_sbt/go/data-mmap/deepcom/checkpoints/checkpoint_last.pt (epoch 43 @ 74949 updates, score 18.451795265596047) (writing took 1.2939068861305714 seconds) (checkpoint_utils.py:81, save_checkpoint())
[2020-12-28 04:50:22]    INFO >> epoch 044:     51 / 1743 loss=69.126, nll_loss=4.606, bleu=0, ppl=24.36, wps=4813.3, ups=3.34, wpb=1439.4, bsz=95.9, num_updates=75000, lr=0.32783, gnorm=2695.52, clip=100, train_wall=113, wall=22307 (progress_bar.py:262, log())
[2020-12-28 04:52:16]    INFO >> epoch 044:    551 / 1743 loss=68.792, nll_loss=4.586, bleu=0, ppl=24.03, wps=6287.1, ups=4.37, wpb=1439.9, bsz=96, num_updates=75500, lr=0.32783, gnorm=1620.53, clip=100, train_wall=112, wall=22422 (progress_bar.py:262, log())
[2020-12-28 04:54:11]    INFO >> epoch 044:   1051 / 1743 loss=68.404, nll_loss=4.56, bleu=0, ppl=23.59, wps=6273.7, ups=4.36, wpb=1438.8, bsz=95.9, num_updates=76000, lr=0.32783, gnorm=991.398, clip=100, train_wall=112, wall=22536 (progress_bar.py:262, log())
[2020-12-28 04:56:05]    INFO >> epoch 044:   1551 / 1743 loss=69.179, nll_loss=4.611, bleu=0, ppl=24.43, wps=6313.5, ups=4.38, wpb=1440.4, bsz=96, num_updates=76500, lr=0.32783, gnorm=1098.15, clip=100, train_wall=112, wall=22651 (progress_bar.py:262, log())
[2020-12-28 04:56:50]    INFO >> epoch 044 | loss 68.813 | nll_loss 4.589 | bleu 0 | ppl 24.06 | wps 5789.5 | ups 4.02 | wpb 1439.3 | bsz 96 | num_updates 76692 | lr 0.32783 | gnorm 1229.98 | clip 100 | train_wall 390 | wall 22695 (progress_bar.py:269, print())
[2020-12-28 04:57:15]    INFO >> epoch 044 | valid on 'valid' subset | loss 73.056 | nll_loss 4.934 | bleu 18.5834 | ppl 30.57 | wps 5799.9 | wpb 7230.4 | bsz 488.3 | num_updates 76692 | best_bleu 18.5834 (progress_bar.py:269, print())
[2020-12-28 04:57:17]    INFO >> saved checkpoint /home/wanyao/.ncc/code_search_net_feng/sum_sbt/go/data-mmap/deepcom/checkpoints/checkpoint_best.pt (epoch 44 @ 76692 updates, score 18.58338350710123) (writing took 1.8557142801582813 seconds) (checkpoint_utils.py:81, save_checkpoint())
[2020-12-28 04:58:35]    INFO >> epoch 045:    308 / 1743 loss=68.341, nll_loss=4.578, bleu=0, ppl=23.89, wps=4787.1, ups=3.34, wpb=1433, bsz=96, num_updates=77000, lr=0.324551, gnorm=1067.4, clip=100, train_wall=112, wall=22800 (progress_bar.py:262, log())
[2020-12-28 05:00:30]    INFO >> epoch 045:    808 / 1743 loss=69.052, nll_loss=4.597, bleu=0, ppl=24.2, wps=6269, ups=4.35, wpb=1442.1, bsz=96, num_updates=77500, lr=0.324551, gnorm=2017.71, clip=100, train_wall=112, wall=22915 (progress_bar.py:262, log())
[2020-12-28 05:02:25]    INFO >> epoch 045:   1308 / 1743 loss=68.586, nll_loss=4.578, bleu=0, ppl=23.89, wps=6244.4, ups=4.34, wpb=1438.2, bsz=96, num_updates=78000, lr=0.324551, gnorm=1149.59, clip=100, train_wall=113, wall=23030 (progress_bar.py:262, log())
[2020-12-28 05:04:05]    INFO >> epoch 045 | loss 68.731 | nll_loss 4.583 | bleu 0 | ppl 23.97 | wps 5761.9 | ups 4 | wpb 1439.3 | bsz 96 | num_updates 78435 | lr 0.324551 | gnorm 1380 | clip 100 | train_wall 392 | wall 23130 (progress_bar.py:269, print())
[2020-12-28 05:04:31]    INFO >> epoch 045 | valid on 'valid' subset | loss 72.789 | nll_loss 4.916 | bleu 18.4535 | ppl 30.19 | wps 5687.6 | wpb 7230.4 | bsz 488.3 | num_updates 78435 | best_bleu 18.5834 (progress_bar.py:269, print())
[2020-12-28 05:04:32]    INFO >> saved checkpoint /home/wanyao/.ncc/code_search_net_feng/sum_sbt/go/data-mmap/deepcom/checkpoints/checkpoint_last.pt (epoch 45 @ 78435 updates, score 18.45348726942069) (writing took 1.32125661149621 seconds) (checkpoint_utils.py:81, save_checkpoint())
[2020-12-28 05:04:54]    INFO >> epoch 046:     65 / 1743 loss=68.964, nll_loss=4.589, bleu=0, ppl=24.06, wps=4838.6, ups=3.36, wpb=1441.6, bsz=95.9, num_updates=78500, lr=0.321306, gnorm=1323.18, clip=100, train_wall=112, wall=23179 (progress_bar.py:262, log())
[2020-12-28 05:06:49]    INFO >> epoch 046:    565 / 1743 loss=68.519, nll_loss=4.566, bleu=0, ppl=23.68, wps=6258.3, ups=4.34, wpb=1440.7, bsz=96, num_updates=79000, lr=0.321306, gnorm=1189.99, clip=100, train_wall=112, wall=23294 (progress_bar.py:262, log())
[2020-12-28 05:08:44]    INFO >> epoch 046:   1065 / 1743 loss=68.714, nll_loss=4.581, bleu=0, ppl=23.94, wps=6277.9, ups=4.36, wpb=1439.9, bsz=96, num_updates=79500, lr=0.321306, gnorm=1340.8, clip=100, train_wall=112, wall=23409 (progress_bar.py:262, log())
[2020-12-28 05:10:38]    INFO >> epoch 046:   1565 / 1743 loss=68.787, nll_loss=4.59, bleu=0, ppl=24.09, wps=6302.6, ups=4.38, wpb=1437.3, bsz=95.9, num_updates=80000, lr=0.321306, gnorm=9155.53, clip=100, train_wall=112, wall=23523 (progress_bar.py:262, log())
[2020-12-28 05:11:20]    INFO >> epoch 046 | loss 68.689 | nll_loss 4.58 | bleu 0 | ppl 23.93 | wps 5774.5 | ups 4.01 | wpb 1439.3 | bsz 96 | num_updates 80178 | lr 0.321306 | gnorm 3596.35 | clip 100 | train_wall 391 | wall 23565 (progress_bar.py:269, print())
[2020-12-28 05:11:44]    INFO >> epoch 046 | valid on 'valid' subset | loss 73.052 | nll_loss 4.934 | bleu 18.3281 | ppl 30.57 | wps 5860.8 | wpb 7230.4 | bsz 488.3 | num_updates 80178 | best_bleu 18.5834 (progress_bar.py:269, print())
[2020-12-28 05:11:46]    INFO >> saved checkpoint /home/wanyao/.ncc/code_search_net_feng/sum_sbt/go/data-mmap/deepcom/checkpoints/checkpoint_last.pt (epoch 46 @ 80178 updates, score 18.328060926816956) (writing took 1.3004740858450532 seconds) (checkpoint_utils.py:81, save_checkpoint())
[2020-12-28 05:13:07]    INFO >> epoch 047:    322 / 1743 loss=68.76, nll_loss=4.581, bleu=0, ppl=23.94, wps=4837.8, ups=3.36, wpb=1440.8, bsz=96, num_updates=80500, lr=0.318093, gnorm=3360.31, clip=100, train_wall=113, wall=23672 (progress_bar.py:262, log())
[2020-12-28 05:15:02]    INFO >> epoch 047:    822 / 1743 loss=68.475, nll_loss=4.578, bleu=0, ppl=23.89, wps=6241.9, ups=4.35, wpb=1435.9, bsz=96, num_updates=81000, lr=0.318093, gnorm=45018.1, clip=100, train_wall=112, wall=23787 (progress_bar.py:262, log())
[2020-12-28 05:16:56]    INFO >> epoch 047:   1322 / 1743 loss=68.716, nll_loss=4.585, bleu=0, ppl=23.99, wps=6289.9, ups=4.37, wpb=1438.9, bsz=96, num_updates=81500, lr=0.318093, gnorm=1582.9, clip=100, train_wall=112, wall=23902 (progress_bar.py:262, log())
[2020-12-28 05:18:34]    INFO >> epoch 047 | loss 68.681 | nll_loss 4.58 | bleu 0 | ppl 23.92 | wps 5779.1 | ups 4.02 | wpb 1439.3 | bsz 96 | num_updates 81921 | lr 0.318093 | gnorm 14948.7 | clip 100 | train_wall 392 | wall 23999 (progress_bar.py:269, print())
[2020-12-28 05:18:59]    INFO >> epoch 047 | valid on 'valid' subset | loss 73.113 | nll_loss 4.938 | bleu 18.5224 | ppl 30.65 | wps 5779.2 | wpb 7230.4 | bsz 488.3 | num_updates 81921 | best_bleu 18.5834 (progress_bar.py:269, print())
[2020-12-28 05:19:01]    INFO >> saved checkpoint /home/wanyao/.ncc/code_search_net_feng/sum_sbt/go/data-mmap/deepcom/checkpoints/checkpoint_last.pt (epoch 47 @ 81921 updates, score 18.52242455267989) (writing took 1.3230287190526724 seconds) (checkpoint_utils.py:81, save_checkpoint())
[2020-12-28 05:19:26]    INFO >> epoch 048:     79 / 1743 loss=68.889, nll_loss=4.579, bleu=0, ppl=23.9, wps=4804.5, ups=3.33, wpb=1443, bsz=95.9, num_updates=82000, lr=0.314912, gnorm=2899.43, clip=100, train_wall=113, wall=24052 (progress_bar.py:262, log())
[2020-12-28 05:21:21]    INFO >> epoch 048:    579 / 1743 loss=68.58, nll_loss=4.576, bleu=0, ppl=23.85, wps=6283.1, ups=4.37, wpb=1437.5, bsz=95.9, num_updates=82500, lr=0.314912, gnorm=2217.84, clip=100, train_wall=112, wall=24166 (progress_bar.py:262, log())
[2020-12-28 05:23:16]    INFO >> epoch 048:   1079 / 1743 loss=68.583, nll_loss=4.573, bleu=0, ppl=23.79, wps=6246.2, ups=4.34, wpb=1439.9, bsz=96, num_updates=83000, lr=0.314912, gnorm=1634.75, clip=100, train_wall=113, wall=24281 (progress_bar.py:262, log())
[2020-12-28 05:25:11]    INFO >> epoch 048:   1579 / 1743 loss=68.81, nll_loss=4.59, bleu=0, ppl=24.08, wps=6241.9, ups=4.34, wpb=1439.3, bsz=96, num_updates=83500, lr=0.314912, gnorm=3424.23, clip=100, train_wall=113, wall=24397 (progress_bar.py:262, log())
[2020-12-28 05:25:50]    INFO >> epoch 048 | loss 68.703 | nll_loss 4.581 | bleu 0 | ppl 23.94 | wps 5755.3 | ups 4 | wpb 1439.3 | bsz 96 | num_updates 83664 | lr 0.314912 | gnorm 2331.63 | clip 100 | train_wall 392 | wall 24435 (progress_bar.py:269, print())
[2020-12-28 05:26:15]    INFO >> epoch 048 | valid on 'valid' subset | loss 72.919 | nll_loss 4.925 | bleu 18.5364 | ppl 30.38 | wps 5758.8 | wpb 7230.4 | bsz 488.3 | num_updates 83664 | best_bleu 18.5834 (progress_bar.py:269, print())
[2020-12-28 05:26:16]    INFO >> saved checkpoint /home/wanyao/.ncc/code_search_net_feng/sum_sbt/go/data-mmap/deepcom/checkpoints/checkpoint_last.pt (epoch 48 @ 83664 updates, score 18.53635160290805) (writing took 1.285805826075375 seconds) (checkpoint_utils.py:81, save_checkpoint())
[2020-12-28 05:27:40]    INFO >> epoch 049:    336 / 1743 loss=68.8, nll_loss=4.59, bleu=0, ppl=24.09, wps=4820.1, ups=3.35, wpb=1437.6, bsz=95.9, num_updates=84000, lr=0.311763, gnorm=2139.92, clip=100, train_wall=112, wall=24546 (progress_bar.py:262, log())
[2020-12-28 05:29:35]    INFO >> epoch 049:    836 / 1743 loss=68.8, nll_loss=4.588, bleu=0, ppl=24.04, wps=6260.7, ups=4.35, wpb=1439.7, bsz=96, num_updates=84500, lr=0.311763, gnorm=1760.37, clip=100, train_wall=112, wall=24661 (progress_bar.py:262, log())
[2020-12-28 05:31:30]    INFO >> epoch 049:   1336 / 1743 loss=68.735, nll_loss=4.581, bleu=0, ppl=23.93, wps=6276.1, ups=4.36, wpb=1440.6, bsz=96, num_updates=85000, lr=0.311763, gnorm=1498.94, clip=100, train_wall=112, wall=24776 (progress_bar.py:262, log())
[2020-12-28 05:33:04]    INFO >> epoch 049 | loss 68.711 | nll_loss 4.582 | bleu 0 | ppl 23.95 | wps 5778.6 | ups 4.01 | wpb 1439.3 | bsz 96 | num_updates 85407 | lr 0.311763 | gnorm 2147.96 | clip 100 | train_wall 391 | wall 24869 (progress_bar.py:269, print())
[2020-12-28 05:33:29]    INFO >> epoch 049 | valid on 'valid' subset | loss 73.28 | nll_loss 4.949 | bleu 18.2024 | ppl 30.89 | wps 5802.2 | wpb 7230.4 | bsz 488.3 | num_updates 85407 | best_bleu 18.5834 (progress_bar.py:269, print())
[2020-12-28 05:33:30]    INFO >> saved checkpoint /home/wanyao/.ncc/code_search_net_feng/sum_sbt/go/data-mmap/deepcom/checkpoints/checkpoint_last.pt (epoch 49 @ 85407 updates, score 18.20241531985784) (writing took 1.2810394000262022 seconds) (checkpoint_utils.py:81, save_checkpoint())
[2020-12-28 05:33:59]    INFO >> epoch 050:     93 / 1743 loss=68.666, nll_loss=4.576, bleu=0, ppl=23.84, wps=4836.1, ups=3.36, wpb=1440.7, bsz=96, num_updates=85500, lr=0.308645, gnorm=3289.19, clip=100, train_wall=112, wall=24924 (progress_bar.py:262, log())
[2020-12-28 05:35:54]    INFO >> epoch 050:    593 / 1743 loss=68.506, nll_loss=4.574, bleu=0, ppl=23.82, wps=6259.7, ups=4.35, wpb=1437.8, bsz=96, num_updates=86000, lr=0.308645, gnorm=2067.9, clip=100, train_wall=112, wall=25039 (progress_bar.py:262, log())
[2020-12-28 05:37:49]    INFO >> epoch 050:   1093 / 1743 loss=68.848, nll_loss=4.587, bleu=0, ppl=24.03, wps=6279.8, ups=4.36, wpb=1439.8, bsz=95.9, num_updates=86500, lr=0.308645, gnorm=1911.18, clip=100, train_wall=112, wall=25154 (progress_bar.py:262, log())
[2020-12-28 05:39:43]    INFO >> epoch 050:   1593 / 1743 loss=68.643, nll_loss=4.584, bleu=0, ppl=23.98, wps=6257.9, ups=4.35, wpb=1437.6, bsz=96, num_updates=87000, lr=0.308645, gnorm=1748.94, clip=100, train_wall=112, wall=25269 (progress_bar.py:262, log())
[2020-12-28 05:40:19]    INFO >> epoch 050 | loss 68.703 | nll_loss 4.581 | bleu 0 | ppl 23.94 | wps 5768.7 | ups 4.01 | wpb 1439.3 | bsz 96 | num_updates 87150 | lr 0.308645 | gnorm 1996.28 | clip 100 | train_wall 391 | wall 25304 (progress_bar.py:269, print())
[2020-12-28 05:40:45]    INFO >> epoch 050 | valid on 'valid' subset | loss 73.054 | nll_loss 4.934 | bleu 18.1235 | ppl 30.57 | wps 5816.3 | wpb 7230.4 | bsz 488.3 | num_updates 87150 | best_bleu 18.5834 (progress_bar.py:269, print())
[2020-12-28 05:40:46]    INFO >> saved checkpoint /home/wanyao/.ncc/code_search_net_feng/sum_sbt/go/data-mmap/deepcom/checkpoints/checkpoint_last.pt (epoch 50 @ 87150 updates, score 18.12352514859584) (writing took 1.29274816904217 seconds) (checkpoint_utils.py:81, save_checkpoint())
[2020-12-28 05:40:46]    INFO >> done training in 25330.7 seconds (train.py:279, single_main())
