nohup: ignoring input
[2020-12-27 15:53:49]    INFO >> Load arguments in /home/wanyao/yang/naturalcc-dev/run/summarization/deepcom/config/csn_feng/javascript.yml (train.py:299, cli_main())
[2020-12-27 15:53:49]    INFO >> {'criterion': 'cross_entropy', 'optimizer': 'sgd', 'lr_scheduler': 'fixed', 'tokenizer': None, 'bpe': None, 'common': {'no_progress_bar': 0, 'log_interval': 200, 'log_format': 'simple', 'tensorboard_logdir': '', 'memory_efficient_fp16': 1, 'fp16_no_flatten_grads': 1, 'fp16_init_scale': 128, 'fp16_scale_window': None, 'fp16_scale_tolerance': 0.0, 'min_loss_scale': 0.0001, 'threshold_loss_scale': None, 'empty_cache_freq': 0, 'task': 'summarization', 'seed': 1, 'cpu': 0, 'fp16': 0, 'fp16_opt_level': '01', 'server_ip': '', 'server_port': ''}, 'dataset': {'num_workers': 3, 'skip_invalid_size_inputs_valid_test': 1, 'max_tokens': None, 'max_sentences': 100, 'required_batch_size_multiple': 8, 'dataset_impl': 'mmap', 'train_subset': 'train', 'valid_subset': 'valid', 'validate_interval': 1, 'fixed_validation_seed': None, 'disable_validation': 0, 'max_tokens_valid': None, 'max_sentences_valid': 512, 'curriculum': 0, 'gen_subset': 'test', 'num_shards': 1, 'shard_id': 0}, 'distributed_training': {'distributed_world_size': 1, 'distributed_rank': 0, 'distributed_backend': 'nccl', 'distributed_init_method': None, 'distributed_port': -1, 'device_id': 0, 'distributed_no_spawn': 0, 'ddp_backend': 'c10d', 'bucket_cap_mb': 25, 'fix_batches_to_gpus': None, 'find_unused_parameters': 0, 'fast_stat_sync': 0, 'broadcast_buffers': 0, 'global_sync_iter': 50, 'warmup_iterations': 500, 'local_rank': -1, 'block_momentum': 0.875, 'block_lr': 1, 'use_nbm': 0, 'average_sync': 0}, 'task': {'data': '/home/wanyao/.ncc/code_search_net_feng/sum_sbt/javascript/data-mmap', 'source_lang': 'sbt', 'target_lang': 'docstring_tokens', 'load_alignments': 0, 'left_pad_source': 0, 'left_pad_target': 0, 'max_source_positions': 400, 'max_target_positions': 30, 'upsample_primary': 1, 'truncate_source': 1, 'truncate_target': 1, 'append_eos_to_target': 1, 'eval_bleu': 1, 'eval_bleu_detok': 'space', 'eval_bleu_detok_args': None, 'eval_tokenized_bleu': 0, 'eval_bleu_remove_bpe': None, 'eval_bleu_args': None, 'eval_bleu_print_samples': 0}, 'model': {'arch': 'deepcom', 'encoder_embed_dim': 512, 'encoder_embed': None, 'encoder_freeze_embed': 0, 'encoder_hidden_size': 512, 'encoder_layers': 2, 'encoder_bidirectional': 0, 'decoder_embed_dim': 512, 'decoder_embed': None, 'decoder_freeze_embed': None, 'decoder_hidden_size': 512, 'decoder_layers': 1, 'decoder_out_embed_dim': 512, 'decoder_attention': 1, 'adaptive_softmax_cutoff': None, 'share_decoder_input_output_embed': 0, 'share_all_embeddings': 0, 'encoder_dropout_in': 0.5, 'encoder_dropout_out': 0.5, 'decoder_dropout_in': 0.5, 'decoder_dropout_out': 0.5, 'max_source_positions': 400, 'max_target_positions': 30}, 'optimization': {'max_epoch': 50, 'max_update': 0, 'clip_norm': 5, 'update_freq': [1], 'lr': [0.5], 'min_lr': -1, 'use_bmuf': 1, 'force_anneal': 0, 'warmup_updates': 0, 'lr_shrink': 0.99, 'sentence_avg': 1, 'adam': {'adam_betas': '(0.9, 0.999)', 'adam_eps': 1e-08, 'weight_decay': 0.0, 'use_old_adam': 0}, 'weight_decay': 0.0, 'adam_epsilon': 1e-08, 'sgd': {'momentum': 0, 'weight_decay': 0, 'dampening': 0, 'nesterov': 0}, 'max_grad_norm': 1.0, 'num_train_epochs': 5, 'max_steps': -1, 'warmup_steps': 0, 'gradient_accumulation_steps': 1}, 'checkpoint': {'restore_file': 'checkpoint_last.pt', 'reset_dataloader': None, 'reset_lr_scheduler': None, 'reset_meters': None, 'reset_optimizer': None, 'optimizer_overrides': '{}', 'save_interval': 1, 'save_interval_updates': 0, 'keep_interval_updates': 0, 'keep_last_epochs': -1, 'keep_best_checkpoints': -1, 'no_save': 0, 'no_epoch_checkpoints': 1, 'no_last_checkpoints': 0, 'no_save_optimizer_state': None, 'best_checkpoint_metric': 'bleu', 'maximize_best_checkpoint_metric': 1, 'patience': -1, 'save_dir': '/home/wanyao/.ncc/code_search_net_feng/sum_sbt/javascript/data-mmap/deepcom/checkpoints', 'should_continue': 0, 'model_name_or_path': None, 'cache_dir': None, 'logging_steps': 500, 'save_steps': 2000, 'save_total_limit': 2, 'overwrite_output_dir': 0, 'overwrite_cache': 0}, 'eval': {'path': '/home/wanyao/.ncc/code_search_net_feng/sum_sbt/javascript/data-mmap/deepcom/checkpoints/checkpoint_best.pt', 'result_path': None, 'remove_bpe': None, 'quiet': 0, 'model_overrides': '{}', 'max_sentences': 2048, 'beam': 1, 'nbest': 1, 'max_len_a': 0, 'max_len_b': 30, 'min_len': 1, 'match_source_len': 0, 'no_early_stop': 0, 'unnormalized': 0, 'no_beamable_mm': 0, 'lenpen': 1, 'unkpen': 0, 'replace_unk': None, 'sacrebleu': 0, 'score_reference': 0, 'prefix_size': 0, 'no_repeat_ngram_size': 0, 'sampling': 0, 'sampling_topk': -1, 'sampling_topp': -1, 'temperature': 1.0, 'diverse_beam_groups': -1, 'diverse_beam_strength': 0.5, 'diversity_rate': -1.0, 'print_alignment': 0, 'print_step': 0, 'iter_decode_eos_penalty': 0.0, 'iter_decode_max_iter': 10, 'iter_decode_force_max_iter': 0, 'iter_decode_with_beam': 1, 'iter_decode_with_external_reranker': 0, 'retain_iter_history': 0, 'decoding_format': None, 'nltk_bleu': 1, 'rouge': 1}} (train.py:301, cli_main())
[2020-12-27 15:53:49]    INFO >> single GPU training... (train.py:330, cli_main())
[2020-12-27 15:53:50]    INFO >> [sbt] dictionary: 30000 types (summarization.py:217, setup_task())
[2020-12-27 15:53:50]    INFO >> [docstring_tokens] dictionary: 10664 types (summarization.py:218, setup_task())
[2020-12-27 15:53:50]    INFO >> truncate valid.sbt to 400 (summarization.py:126, load_langpair_dataset())
[2020-12-27 15:53:50]    INFO >> truncate valid.docstring_tokens to 30 (summarization.py:137, load_langpair_dataset())
[2020-12-27 15:53:50]    INFO >> loaded 3885 examples from: /home/wanyao/.ncc/code_search_net_feng/sum_sbt/javascript/data-mmap/valid.sbt (summarization.py:165, load_langpair_dataset())
[2020-12-27 15:53:50]    INFO >> loaded 3885 examples from: /home/wanyao/.ncc/code_search_net_feng/sum_sbt/javascript/data-mmap/valid.docstring_tokens (summarization.py:166, load_langpair_dataset())
[2020-12-27 15:53:51]    INFO >> DeepComModel(
  (encoder): LSTMEncoder(
    (embed_tokens): Embedding(30000, 512, padding_idx=0)
    (lstm): LSTM(512, 512, num_layers=2, dropout=0.5)
  )
  (decoder): LSTMDecoder(
    (embed_tokens): Embedding(10664, 512, padding_idx=0)
    (layers): ModuleList(
      (0): LSTMCell(512, 512)
    )
    (fc_out): Linear(in_features=512, out_features=10664, bias=True)
  )
) (train.py:220, single_main())
[2020-12-27 15:53:51]    INFO >> model deepcom, criterion CrossEntropyCriterion (train.py:221, single_main())
[2020-12-27 15:53:51]    INFO >> num. model params: 32594344 (num. trained: 32594344) (train.py:224, single_main())
[2020-12-27 15:55:05]    INFO >> training on 1 GPUs (train.py:229, single_main())
[2020-12-27 15:55:05]    INFO >> max tokens per GPU = None and max sentences per GPU = 100 (train.py:232, single_main())
[2020-12-27 15:55:05]    INFO >> no existing checkpoint found /home/wanyao/.ncc/code_search_net_feng/sum_sbt/javascript/data-mmap/deepcom/checkpoints/checkpoint_last.pt (ncc_trainer.py:267, load_checkpoint())
[2020-12-27 15:55:05]    INFO >> loading train data for epoch 1 (ncc_trainer.py:281, get_train_iterator())
[2020-12-27 15:55:05]    INFO >> truncate train.sbt to 400 (summarization.py:126, load_langpair_dataset())
[2020-12-27 15:55:05]    INFO >> truncate train.docstring_tokens to 30 (summarization.py:137, load_langpair_dataset())
[2020-12-27 15:55:05]    INFO >> loaded 58025 examples from: /home/wanyao/.ncc/code_search_net_feng/sum_sbt/javascript/data-mmap/train.sbt (summarization.py:165, load_langpair_dataset())
[2020-12-27 15:55:05]    INFO >> loaded 58025 examples from: /home/wanyao/.ncc/code_search_net_feng/sum_sbt/javascript/data-mmap/train.docstring_tokens (summarization.py:166, load_langpair_dataset())
[2020-12-27 15:55:05]    INFO >> NOTE: your device may support faster training with --fp16 (ncc_trainer.py:155, _build_optimizer())
[2020-12-27 15:57:00]    INFO >> epoch 001:    200 / 605 loss=118.018, nll_loss=9.731, bleu=0, ppl=849.99, wps=2248.4, ups=1.94, wpb=1160.9, bsz=95.7, num_updates=200, lr=0.5, gnorm=728.213, clip=100, train_wall=105, wall=115 (progress_bar.py:262, log())
[2020-12-27 15:58:37]    INFO >> epoch 001:    400 / 605 loss=105.569, nll_loss=8.679, bleu=0, ppl=409.96, wps=2408.5, ups=2.06, wpb=1167.7, bsz=96, num_updates=400, lr=0.5, gnorm=390.383, clip=100, train_wall=96, wall=212 (progress_bar.py:262, log())
[2020-12-27 16:00:11]    INFO >> epoch 001:    600 / 605 loss=100.649, nll_loss=8.298, bleu=0, ppl=314.84, wps=2470, ups=2.12, wpb=1164.3, bsz=96, num_updates=600, lr=0.5, gnorm=334.422, clip=100, train_wall=93, wall=306 (progress_bar.py:262, log())
[2020-12-27 16:00:14]    INFO >> epoch 001 | loss 107.972 | nll_loss 8.896 | bleu 0 | ppl 476.23 | wps 2369.4 | ups 2.03 | wpb 1164.1 | bsz 95.9 | num_updates 605 | lr 0.5 | gnorm 483.003 | clip 100 | train_wall 297 | wall 309 (progress_bar.py:269, print())
[2020-12-27 16:00:56]    INFO >> epoch 001 | valid on 'valid' subset | loss 95.373 | nll_loss 7.908 | bleu 12.8338 | ppl 240.17 | wps 1348.7 | wpb 5856.9 | bsz 485.6 | num_updates 605 (progress_bar.py:269, print())
[2020-12-27 16:00:57]    INFO >> saved checkpoint /home/wanyao/.ncc/code_search_net_feng/sum_sbt/javascript/data-mmap/deepcom/checkpoints/checkpoint_best.pt (epoch 1 @ 605 updates, score 12.833753525646092) (writing took 0.7634416511282325 seconds) (checkpoint_utils.py:81, save_checkpoint())
[2020-12-27 16:01:56]    INFO >> epoch 002:    195 / 605 loss=98.415, nll_loss=8.09, bleu=0, ppl=272.51, wps=2228.6, ups=1.91, wpb=1164.5, bsz=95.7, num_updates=800, lr=0.5, gnorm=311.359, clip=100, train_wall=54, wall=411 (progress_bar.py:262, log())
[2020-12-27 16:03:26]    INFO >> epoch 002:    395 / 605 loss=96.585, nll_loss=7.958, bleu=0, ppl=248.72, wps=2594.2, ups=2.23, wpb=1165.1, bsz=96, num_updates=1000, lr=0.5, gnorm=294.316, clip=100, train_wall=89, wall=501 (progress_bar.py:262, log())
[2020-12-27 16:04:59]    INFO >> epoch 002:    595 / 605 loss=95.092, nll_loss=7.857, bleu=0, ppl=231.83, wps=2497.2, ups=2.15, wpb=1161.9, bsz=96, num_updates=1200, lr=0.5, gnorm=277.321, clip=100, train_wall=92, wall=594 (progress_bar.py:262, log())
[2020-12-27 16:05:04]    INFO >> epoch 002 | loss 96.692 | nll_loss 7.966 | bleu 0 | ppl 250.07 | wps 2431.3 | ups 2.09 | wpb 1164.1 | bsz 95.9 | num_updates 1210 | lr 0.5 | gnorm 293.758 | clip 100 | train_wall 237 | wall 599 (progress_bar.py:269, print())
[2020-12-27 16:05:47]    INFO >> epoch 002 | valid on 'valid' subset | loss 91.615 | nll_loss 7.596 | bleu 11.297 | ppl 193.51 | wps 1297.8 | wpb 5856.9 | bsz 485.6 | num_updates 1210 | best_bleu 12.8338 (progress_bar.py:269, print())
[2020-12-27 16:05:47]    INFO >> saved checkpoint /home/wanyao/.ncc/code_search_net_feng/sum_sbt/javascript/data-mmap/deepcom/checkpoints/checkpoint_last.pt (epoch 2 @ 1210 updates, score 11.297028067175493) (writing took 0.6656939778476954 seconds) (checkpoint_utils.py:81, save_checkpoint())
[2020-12-27 16:07:23]    INFO >> epoch 003:    190 / 605 loss=93.911, nll_loss=7.754, bleu=0, ppl=215.92, wps=1608.1, ups=1.39, wpb=1159.3, bsz=95.7, num_updates=1400, lr=0.495, gnorm=269.816, clip=100, train_wall=93, wall=738 (progress_bar.py:262, log())
[2020-12-27 16:09:00]    INFO >> epoch 003:    390 / 605 loss=93.417, nll_loss=7.687, bleu=0, ppl=206.02, wps=2418, ups=2.07, wpb=1166.7, bsz=96, num_updates=1600, lr=0.495, gnorm=265.827, clip=100, train_wall=95, wall=835 (progress_bar.py:262, log())
[2020-12-27 16:10:35]    INFO >> epoch 003:    590 / 605 loss=92.923, nll_loss=7.647, bleu=0, ppl=200.49, wps=2447.8, ups=2.1, wpb=1166.5, bsz=96, num_updates=1800, lr=0.495, gnorm=260.279, clip=100, train_wall=94, wall=930 (progress_bar.py:262, log())
[2020-12-27 16:10:42]    INFO >> epoch 003 | loss 93.334 | nll_loss 7.69 | bleu 0 | ppl 206.43 | wps 2080.6 | ups 1.79 | wpb 1164.1 | bsz 95.9 | num_updates 1815 | lr 0.495 | gnorm 265.023 | clip 100 | train_wall 285 | wall 937 (progress_bar.py:269, print())
[2020-12-27 16:11:25]    INFO >> epoch 003 | valid on 'valid' subset | loss 88.737 | nll_loss 7.358 | bleu 12.0139 | ppl 164.01 | wps 1310 | wpb 5856.9 | bsz 485.6 | num_updates 1815 | best_bleu 12.8338 (progress_bar.py:269, print())
[2020-12-27 16:11:25]    INFO >> saved checkpoint /home/wanyao/.ncc/code_search_net_feng/sum_sbt/javascript/data-mmap/deepcom/checkpoints/checkpoint_last.pt (epoch 3 @ 1815 updates, score 12.013901167390644) (writing took 0.7219167947769165 seconds) (checkpoint_utils.py:81, save_checkpoint())
[2020-12-27 16:12:58]    INFO >> epoch 004:    185 / 605 loss=91.995, nll_loss=7.538, bleu=0, ppl=185.87, wps=1634.3, ups=1.39, wpb=1171.6, bsz=96, num_updates=2000, lr=0.49005, gnorm=259.269, clip=100, train_wall=93, wall=1073 (progress_bar.py:262, log())
[2020-12-27 16:14:34]    INFO >> epoch 004:    385 / 605 loss=90.813, nll_loss=7.502, bleu=0, ppl=181.32, wps=2429, ups=2.09, wpb=1162, bsz=96, num_updates=2200, lr=0.49005, gnorm=255.018, clip=100, train_wall=95, wall=1169 (progress_bar.py:262, log())
[2020-12-27 16:15:26]    INFO >> epoch 004:    585 / 605 loss=90.622, nll_loss=7.471, bleu=0, ppl=177.47, wps=4442, ups=3.83, wpb=1161.1, bsz=95.7, num_updates=2400, lr=0.49005, gnorm=256.767, clip=100, train_wall=51, wall=1221 (progress_bar.py:262, log())
[2020-12-27 16:15:32]    INFO >> epoch 004 | loss 91.039 | nll_loss 7.5 | bleu 0 | ppl 181.08 | wps 2431.4 | ups 2.09 | wpb 1164.1 | bsz 95.9 | num_updates 2420 | lr 0.49005 | gnorm 257.077 | clip 100 | train_wall 237 | wall 1227 (progress_bar.py:269, print())
[2020-12-27 16:15:58]    INFO >> epoch 004 | valid on 'valid' subset | loss 87.635 | nll_loss 7.266 | bleu 12.1647 | ppl 153.95 | wps 2239.6 | wpb 5856.9 | bsz 485.6 | num_updates 2420 | best_bleu 12.8338 (progress_bar.py:269, print())
[2020-12-27 16:15:58]    INFO >> saved checkpoint /home/wanyao/.ncc/code_search_net_feng/sum_sbt/javascript/data-mmap/deepcom/checkpoints/checkpoint_last.pt (epoch 4 @ 2420 updates, score 12.164740834912045) (writing took 0.7456349935382605 seconds) (checkpoint_utils.py:81, save_checkpoint())
[2020-12-27 16:17:30]    INFO >> epoch 005:    180 / 605 loss=89.528, nll_loss=7.386, bleu=0, ppl=167.28, wps=1887.1, ups=1.62, wpb=1163.6, bsz=96, num_updates=2600, lr=0.48515, gnorm=261.902, clip=100, train_wall=89, wall=1345 (progress_bar.py:262, log())
[2020-12-27 16:19:03]    INFO >> epoch 005:    380 / 605 loss=89.668, nll_loss=7.364, bleu=0, ppl=164.74, wps=2507.1, ups=2.15, wpb=1165.6, bsz=95.7, num_updates=2800, lr=0.48515, gnorm=264.792, clip=100, train_wall=92, wall=1438 (progress_bar.py:262, log())
[2020-12-27 16:20:37]    INFO >> epoch 005:    580 / 605 loss=88.432, nll_loss=7.308, bleu=0, ppl=158.48, wps=2453, ups=2.11, wpb=1161.6, bsz=96, num_updates=3000, lr=0.48515, gnorm=260.691, clip=100, train_wall=94, wall=1532 (progress_bar.py:262, log())
[2020-12-27 16:20:49]    INFO >> epoch 005 | loss 89.174 | nll_loss 7.347 | bleu 0 | ppl 162.78 | wps 2219.8 | ups 1.91 | wpb 1164.1 | bsz 95.9 | num_updates 3025 | lr 0.48515 | gnorm 262.671 | clip 100 | train_wall 281 | wall 1544 (progress_bar.py:269, print())
[2020-12-27 16:21:31]    INFO >> epoch 005 | valid on 'valid' subset | loss 85.924 | nll_loss 7.124 | bleu 12.5935 | ppl 139.53 | wps 1336.5 | wpb 5856.9 | bsz 485.6 | num_updates 3025 | best_bleu 12.8338 (progress_bar.py:269, print())
[2020-12-27 16:21:31]    INFO >> saved checkpoint /home/wanyao/.ncc/code_search_net_feng/sum_sbt/javascript/data-mmap/deepcom/checkpoints/checkpoint_last.pt (epoch 5 @ 3025 updates, score 12.593490606616271) (writing took 0.723711995407939 seconds) (checkpoint_utils.py:81, save_checkpoint())
[2020-12-27 16:23:01]    INFO >> epoch 006:    175 / 605 loss=88.063, nll_loss=7.236, bleu=0, ppl=150.75, wps=1630.3, ups=1.4, wpb=1168.3, bsz=96, num_updates=3200, lr=0.480298, gnorm=288.969, clip=100, train_wall=93, wall=1676 (progress_bar.py:262, log())
[2020-12-27 16:24:34]    INFO >> epoch 006:    375 / 605 loss=87.719, nll_loss=7.226, bleu=0, ppl=149.75, wps=2492.6, ups=2.14, wpb=1165.3, bsz=96, num_updates=3400, lr=0.480298, gnorm=283.497, clip=100, train_wall=93, wall=1769 (progress_bar.py:262, log())
[2020-12-27 16:26:08]    INFO >> epoch 006:    575 / 605 loss=86.963, nll_loss=7.185, bleu=0, ppl=145.53, wps=2477.6, ups=2.14, wpb=1158.6, bsz=95.7, num_updates=3600, lr=0.480298, gnorm=290.145, clip=100, train_wall=93, wall=1863 (progress_bar.py:262, log())
[2020-12-27 16:26:22]    INFO >> epoch 006 | loss 87.51 | nll_loss 7.21 | bleu 0 | ppl 148.02 | wps 2116.6 | ups 1.82 | wpb 1164.1 | bsz 95.9 | num_updates 3630 | lr 0.480298 | gnorm 288.655 | clip 100 | train_wall 281 | wall 1877 (progress_bar.py:269, print())
[2020-12-27 16:27:08]    INFO >> epoch 006 | valid on 'valid' subset | loss 84.192 | nll_loss 6.981 | bleu 12.4045 | ppl 126.31 | wps 1194.8 | wpb 5856.9 | bsz 485.6 | num_updates 3630 | best_bleu 12.8338 (progress_bar.py:269, print())
[2020-12-27 16:27:09]    INFO >> saved checkpoint /home/wanyao/.ncc/code_search_net_feng/sum_sbt/javascript/data-mmap/deepcom/checkpoints/checkpoint_last.pt (epoch 6 @ 3630 updates, score 12.404515869064955) (writing took 0.7162078954279423 seconds) (checkpoint_utils.py:81, save_checkpoint())
[2020-12-27 16:28:15]    INFO >> epoch 007:    170 / 605 loss=86.396, nll_loss=7.114, bleu=0, ppl=138.55, wps=1831.5, ups=1.57, wpb=1165.8, bsz=96, num_updates=3800, lr=0.475495, gnorm=296.838, clip=100, train_wall=73, wall=1990 (progress_bar.py:262, log())
[2020-12-27 16:29:18]    INFO >> epoch 007:    370 / 605 loss=86.194, nll_loss=7.086, bleu=0, ppl=135.87, wps=3708.7, ups=3.19, wpb=1164.4, bsz=95.7, num_updates=4000, lr=0.475495, gnorm=284.196, clip=100, train_wall=62, wall=2053 (progress_bar.py:262, log())
[2020-12-27 16:30:51]    INFO >> epoch 007:    570 / 605 loss=85.779, nll_loss=7.087, bleu=0, ppl=135.96, wps=2482.2, ups=2.14, wpb=1162, bsz=96, num_updates=4200, lr=0.475495, gnorm=281.535, clip=100, train_wall=93, wall=2146 (progress_bar.py:262, log())
[2020-12-27 16:31:08]    INFO >> epoch 007 | loss 86.074 | nll_loss 7.091 | bleu 0 | ppl 136.37 | wps 2462 | ups 2.11 | wpb 1164.1 | bsz 95.9 | num_updates 4235 | lr 0.475495 | gnorm 287.141 | clip 100 | train_wall 229 | wall 2163 (progress_bar.py:269, print())
[2020-12-27 16:31:55]    INFO >> epoch 007 | valid on 'valid' subset | loss 83.05 | nll_loss 6.886 | bleu 12.1358 | ppl 118.29 | wps 1152 | wpb 5856.9 | bsz 485.6 | num_updates 4235 | best_bleu 12.8338 (progress_bar.py:269, print())
[2020-12-27 16:31:56]    INFO >> saved checkpoint /home/wanyao/.ncc/code_search_net_feng/sum_sbt/javascript/data-mmap/deepcom/checkpoints/checkpoint_last.pt (epoch 7 @ 4235 updates, score 12.135795584369728) (writing took 0.7522183489054441 seconds) (checkpoint_utils.py:81, save_checkpoint())
[2020-12-27 16:33:20]    INFO >> epoch 008:    165 / 605 loss=84.816, nll_loss=7.013, bleu=0, ppl=129.13, wps=1560.1, ups=1.34, wpb=1161.1, bsz=96, num_updates=4400, lr=0.47074, gnorm=298.229, clip=100, train_wall=93, wall=2295 (progress_bar.py:262, log())
[2020-12-27 16:34:53]    INFO >> epoch 008:    365 / 605 loss=85.076, nll_loss=6.985, bleu=0, ppl=126.71, wps=2502.9, ups=2.15, wpb=1165.9, bsz=95.7, num_updates=4600, lr=0.47074, gnorm=300.073, clip=100, train_wall=92, wall=2388 (progress_bar.py:262, log())
[2020-12-27 16:36:27]    INFO >> epoch 008:    565 / 605 loss=84.559, nll_loss=6.977, bleu=0, ppl=125.97, wps=2479.8, ups=2.13, wpb=1163.5, bsz=96, num_updates=4800, lr=0.47074, gnorm=297.952, clip=100, train_wall=93, wall=2482 (progress_bar.py:262, log())
[2020-12-27 16:36:46]    INFO >> epoch 008 | loss 84.789 | nll_loss 6.986 | bleu 0 | ppl 126.72 | wps 2083.4 | ups 1.79 | wpb 1164.1 | bsz 95.9 | num_updates 4840 | lr 0.47074 | gnorm 299.152 | clip 100 | train_wall 280 | wall 2501 (progress_bar.py:269, print())
[2020-12-27 16:37:28]    INFO >> epoch 008 | valid on 'valid' subset | loss 82.033 | nll_loss 6.802 | bleu 12.3285 | ppl 111.57 | wps 1340.2 | wpb 5856.9 | bsz 485.6 | num_updates 4840 | best_bleu 12.8338 (progress_bar.py:269, print())
[2020-12-27 16:37:29]    INFO >> saved checkpoint /home/wanyao/.ncc/code_search_net_feng/sum_sbt/javascript/data-mmap/deepcom/checkpoints/checkpoint_last.pt (epoch 8 @ 4840 updates, score 12.328464182287648) (writing took 0.7064321851357818 seconds) (checkpoint_utils.py:81, save_checkpoint())
[2020-12-27 16:38:50]    INFO >> epoch 009:    160 / 605 loss=83.767, nll_loss=6.916, bleu=0, ppl=120.77, wps=1629.1, ups=1.4, wpb=1162.7, bsz=96, num_updates=5000, lr=0.466033, gnorm=300.375, clip=100, train_wall=92, wall=2625 (progress_bar.py:262, log())
[2020-12-27 16:40:23]    INFO >> epoch 009:    360 / 605 loss=83.814, nll_loss=6.894, bleu=0, ppl=118.95, wps=2503.9, ups=2.15, wpb=1167.1, bsz=96, num_updates=5200, lr=0.466033, gnorm=305.904, clip=100, train_wall=92, wall=2718 (progress_bar.py:262, log())
[2020-12-27 16:41:39]    INFO >> epoch 009:    560 / 605 loss=83.633, nll_loss=6.89, bleu=0, ppl=118.61, wps=3083.6, ups=2.65, wpb=1161.9, bsz=95.7, num_updates=5400, lr=0.466033, gnorm=313.854, clip=100, train_wall=74, wall=2794 (progress_bar.py:262, log())
[2020-12-27 16:41:51]    INFO >> epoch 009 | loss 83.699 | nll_loss 6.896 | bleu 0 | ppl 119.08 | wps 2308.3 | ups 1.98 | wpb 1164.1 | bsz 95.9 | num_updates 5445 | lr 0.466033 | gnorm 308.579 | clip 100 | train_wall 253 | wall 2806 (progress_bar.py:269, print())
[2020-12-27 16:42:13]    INFO >> epoch 009 | valid on 'valid' subset | loss 81.719 | nll_loss 6.776 | bleu 12.1551 | ppl 109.57 | wps 2998.1 | wpb 5856.9 | bsz 485.6 | num_updates 5445 | best_bleu 12.8338 (progress_bar.py:269, print())
[2020-12-27 16:42:14]    INFO >> saved checkpoint /home/wanyao/.ncc/code_search_net_feng/sum_sbt/javascript/data-mmap/deepcom/checkpoints/checkpoint_last.pt (epoch 9 @ 5445 updates, score 12.155103293164037) (writing took 0.7251065522432327 seconds) (checkpoint_utils.py:81, save_checkpoint())
[2020-12-27 16:43:33]    INFO >> epoch 010:    155 / 605 loss=83.289, nll_loss=6.835, bleu=0, ppl=114.14, wps=2043.2, ups=1.75, wpb=1166.5, bsz=95.7, num_updates=5600, lr=0.461372, gnorm=325.236, clip=100, train_wall=84, wall=2908 (progress_bar.py:262, log())
[2020-12-27 16:45:06]    INFO >> epoch 010:    355 / 605 loss=83.034, nll_loss=6.836, bleu=0, ppl=114.26, wps=2504.3, ups=2.15, wpb=1166, bsz=96, num_updates=5800, lr=0.461372, gnorm=386.987, clip=100, train_wall=92, wall=3001 (progress_bar.py:262, log())
[2020-12-27 16:46:39]    INFO >> epoch 010:    555 / 605 loss=82.603, nll_loss=6.825, bleu=0, ppl=113.37, wps=2484, ups=2.14, wpb=1161.9, bsz=96, num_updates=6000, lr=0.461372, gnorm=571.277, clip=100, train_wall=93, wall=3094 (progress_bar.py:262, log())
[2020-12-27 16:47:03]    INFO >> epoch 010 | loss 82.84 | nll_loss 6.825 | bleu 0 | ppl 113.37 | wps 2259.4 | ups 1.94 | wpb 1164.1 | bsz 95.9 | num_updates 6050 | lr 0.461372 | gnorm 429.998 | clip 100 | train_wall 280 | wall 3118 (progress_bar.py:269, print())
[2020-12-27 16:47:48]    INFO >> epoch 010 | valid on 'valid' subset | loss 80.947 | nll_loss 6.712 | bleu 12.612 | ppl 104.82 | wps 1220.6 | wpb 5856.9 | bsz 485.6 | num_updates 6050 | best_bleu 12.8338 (progress_bar.py:269, print())
[2020-12-27 16:47:49]    INFO >> saved checkpoint /home/wanyao/.ncc/code_search_net_feng/sum_sbt/javascript/data-mmap/deepcom/checkpoints/checkpoint_last.pt (epoch 10 @ 6050 updates, score 12.612035449422827) (writing took 0.7353448085486889 seconds) (checkpoint_utils.py:81, save_checkpoint())
[2020-12-27 16:49:06]    INFO >> epoch 011:    150 / 605 loss=81.998, nll_loss=6.759, bleu=0, ppl=108.32, wps=1579.5, ups=1.36, wpb=1161.3, bsz=95.7, num_updates=6200, lr=0.456759, gnorm=608.329, clip=100, train_wall=93, wall=3241 (progress_bar.py:262, log())
[2020-12-27 16:50:40]    INFO >> epoch 011:    350 / 605 loss=82.117, nll_loss=6.763, bleu=0, ppl=108.57, wps=2499.6, ups=2.14, wpb=1165.7, bsz=96, num_updates=6400, lr=0.456759, gnorm=395.702, clip=100, train_wall=92, wall=3335 (progress_bar.py:262, log())
[2020-12-27 16:52:13]    INFO >> epoch 011:    550 / 605 loss=82.414, nll_loss=6.773, bleu=0, ppl=109.38, wps=2494.2, ups=2.14, wpb=1168.1, bsz=96, num_updates=6600, lr=0.456759, gnorm=375.344, clip=100, train_wall=93, wall=3428 (progress_bar.py:262, log())
[2020-12-27 16:52:40]    INFO >> epoch 011 | loss 82.054 | nll_loss 6.76 | bleu 0 | ppl 108.4 | wps 2093.3 | ups 1.8 | wpb 1164.1 | bsz 95.9 | num_updates 6655 | lr 0.456759 | gnorm 462.021 | clip 100 | train_wall 281 | wall 3455 (progress_bar.py:269, print())
[2020-12-27 16:53:25]    INFO >> epoch 011 | valid on 'valid' subset | loss 80.284 | nll_loss 6.657 | bleu 12.6665 | ppl 100.9 | wps 1201.2 | wpb 5856.9 | bsz 485.6 | num_updates 6655 | best_bleu 12.8338 (progress_bar.py:269, print())
[2020-12-27 16:53:26]    INFO >> saved checkpoint /home/wanyao/.ncc/code_search_net_feng/sum_sbt/javascript/data-mmap/deepcom/checkpoints/checkpoint_last.pt (epoch 11 @ 6655 updates, score 12.666487240915673) (writing took 0.7198096560314298 seconds) (checkpoint_utils.py:81, save_checkpoint())
[2020-12-27 16:54:27]    INFO >> epoch 012:    145 / 605 loss=80.96, nll_loss=6.719, bleu=0, ppl=105.36, wps=1729.6, ups=1.5, wpb=1156.7, bsz=96, num_updates=6800, lr=0.452191, gnorm=398.365, clip=100, train_wall=80, wall=3562 (progress_bar.py:262, log())
[2020-12-27 16:55:23]    INFO >> epoch 012:    345 / 605 loss=81.721, nll_loss=6.702, bleu=0, ppl=104.09, wps=4152.3, ups=3.56, wpb=1167.3, bsz=95.7, num_updates=7000, lr=0.452191, gnorm=360.783, clip=100, train_wall=55, wall=3618 (progress_bar.py:262, log())
[2020-12-27 16:56:57]    INFO >> epoch 012:    545 / 605 loss=81.231, nll_loss=6.689, bleu=0, ppl=103.19, wps=2495.7, ups=2.14, wpb=1165.8, bsz=96, num_updates=7200, lr=0.452191, gnorm=375.701, clip=100, train_wall=92, wall=3712 (progress_bar.py:262, log())
[2020-12-27 16:57:25]    INFO >> epoch 012 | loss 81.328 | nll_loss 6.7 | bleu 0 | ppl 103.99 | wps 2465.9 | ups 2.12 | wpb 1164.1 | bsz 95.9 | num_updates 7260 | lr 0.452191 | gnorm 380.159 | clip 100 | train_wall 230 | wall 3740 (progress_bar.py:269, print())
[2020-12-27 16:58:07]    INFO >> epoch 012 | valid on 'valid' subset | loss 79.938 | nll_loss 6.628 | bleu 12.6985 | ppl 98.91 | wps 1335.4 | wpb 5856.9 | bsz 485.6 | num_updates 7260 | best_bleu 12.8338 (progress_bar.py:269, print())
[2020-12-27 16:58:08]    INFO >> saved checkpoint /home/wanyao/.ncc/code_search_net_feng/sum_sbt/javascript/data-mmap/deepcom/checkpoints/checkpoint_last.pt (epoch 12 @ 7260 updates, score 12.698513289349343) (writing took 0.7302094483748078 seconds) (checkpoint_utils.py:81, save_checkpoint())
[2020-12-27 16:59:20]    INFO >> epoch 013:    140 / 605 loss=80.57, nll_loss=6.655, bleu=0, ppl=100.76, wps=1620.3, ups=1.4, wpb=1159, bsz=95.7, num_updates=7400, lr=0.447669, gnorm=384.067, clip=100, train_wall=92, wall=3855 (progress_bar.py:262, log())
[2020-12-27 17:00:53]    INFO >> epoch 013:    340 / 605 loss=80.895, nll_loss=6.649, bleu=0, ppl=100.37, wps=2498.6, ups=2.14, wpb=1168, bsz=96, num_updates=7600, lr=0.447669, gnorm=388.702, clip=100, train_wall=93, wall=3948 (progress_bar.py:262, log())
[2020-12-27 17:02:27]    INFO >> epoch 013:    540 / 605 loss=81.057, nll_loss=6.655, bleu=0, ppl=100.77, wps=2502.2, ups=2.14, wpb=1169.3, bsz=96, num_updates=7800, lr=0.447669, gnorm=563.807, clip=100, train_wall=93, wall=4042 (progress_bar.py:262, log())
[2020-12-27 17:02:57]    INFO >> epoch 013 | loss 80.677 | nll_loss 6.647 | bleu 0 | ppl 100.2 | wps 2119.4 | ups 1.82 | wpb 1164.1 | bsz 95.9 | num_updates 7865 | lr 0.447669 | gnorm 449.413 | clip 100 | train_wall 280 | wall 4072 (progress_bar.py:269, print())
[2020-12-27 17:03:40]    INFO >> epoch 013 | valid on 'valid' subset | loss 79.529 | nll_loss 6.594 | bleu 12.7933 | ppl 96.62 | wps 1327.8 | wpb 5856.9 | bsz 485.6 | num_updates 7865 | best_bleu 12.8338 (progress_bar.py:269, print())
[2020-12-27 17:03:40]    INFO >> saved checkpoint /home/wanyao/.ncc/code_search_net_feng/sum_sbt/javascript/data-mmap/deepcom/checkpoints/checkpoint_last.pt (epoch 13 @ 7865 updates, score 12.793335923605369) (writing took 0.7284789178520441 seconds) (checkpoint_utils.py:81, save_checkpoint())
[2020-12-27 17:04:50]    INFO >> epoch 014:    135 / 605 loss=79.974, nll_loss=6.618, bleu=0, ppl=98.24, wps=1618.4, ups=1.4, wpb=1160.1, bsz=96, num_updates=8000, lr=0.443192, gnorm=630.031, clip=100, train_wall=93, wall=4185 (progress_bar.py:262, log())
[2020-12-27 17:06:24]    INFO >> epoch 014:    335 / 605 loss=79.785, nll_loss=6.592, bleu=0, ppl=96.45, wps=2462.3, ups=2.13, wpb=1158.6, bsz=95.7, num_updates=8200, lr=0.443192, gnorm=603.472, clip=100, train_wall=93, wall=4279 (progress_bar.py:262, log())
[2020-12-27 17:07:51]    INFO >> epoch 014:    535 / 605 loss=80.34, nll_loss=6.607, bleu=0, ppl=97.5, wps=2679.8, ups=2.3, wpb=1167.3, bsz=96, num_updates=8400, lr=0.443192, gnorm=416.022, clip=100, train_wall=86, wall=4366 (progress_bar.py:262, log())
[2020-12-27 17:08:11]    INFO >> epoch 014 | loss 80.126 | nll_loss 6.601 | bleu 0 | ppl 97.1 | wps 2248.3 | ups 1.93 | wpb 1164.1 | bsz 95.9 | num_updates 8470 | lr 0.443192 | gnorm 540.302 | clip 100 | train_wall 260 | wall 4386 (progress_bar.py:269, print())
[2020-12-27 17:08:26]    INFO >> epoch 014 | valid on 'valid' subset | loss 79.347 | nll_loss 6.579 | bleu 13.0265 | ppl 95.61 | wps 5362.3 | wpb 5856.9 | bsz 485.6 | num_updates 8470 | best_bleu 13.0265 (progress_bar.py:269, print())
[2020-12-27 17:08:27]    INFO >> saved checkpoint /home/wanyao/.ncc/code_search_net_feng/sum_sbt/javascript/data-mmap/deepcom/checkpoints/checkpoint_best.pt (epoch 14 @ 8470 updates, score 13.026547688508996) (writing took 1.090657964348793 seconds) (checkpoint_utils.py:81, save_checkpoint())
[2020-12-27 17:09:34]    INFO >> epoch 015:    130 / 605 loss=79.783, nll_loss=6.574, bleu=0, ppl=95.28, wps=2262.7, ups=1.94, wpb=1165.1, bsz=96, num_updates=8600, lr=0.438761, gnorm=412.682, clip=100, train_wall=79, wall=4469 (progress_bar.py:262, log())
[2020-12-27 17:11:08]    INFO >> epoch 015:    330 / 605 loss=79.543, nll_loss=6.557, bleu=0, ppl=94.14, wps=2490.9, ups=2.14, wpb=1164.6, bsz=96, num_updates=8800, lr=0.438761, gnorm=405.403, clip=100, train_wall=93, wall=4563 (progress_bar.py:262, log())
[2020-12-27 17:12:41]    INFO >> epoch 015:    530 / 605 loss=79.595, nll_loss=6.562, bleu=0, ppl=94.51, wps=2496.1, ups=2.14, wpb=1164.4, bsz=96, num_updates=9000, lr=0.438761, gnorm=470.449, clip=100, train_wall=92, wall=4656 (progress_bar.py:262, log())
[2020-12-27 17:13:16]    INFO >> epoch 015 | loss 79.578 | nll_loss 6.556 | bleu 0 | ppl 94.1 | wps 2303.7 | ups 1.98 | wpb 1164.1 | bsz 95.9 | num_updates 9075 | lr 0.438761 | gnorm 432.091 | clip 100 | train_wall 280 | wall 4691 (progress_bar.py:269, print())
[2020-12-27 17:13:58]    INFO >> epoch 015 | valid on 'valid' subset | loss 79.114 | nll_loss 6.56 | bleu 12.4002 | ppl 94.34 | wps 1333.9 | wpb 5856.9 | bsz 485.6 | num_updates 9075 | best_bleu 13.0265 (progress_bar.py:269, print())
[2020-12-27 17:13:59]    INFO >> saved checkpoint /home/wanyao/.ncc/code_search_net_feng/sum_sbt/javascript/data-mmap/deepcom/checkpoints/checkpoint_last.pt (epoch 15 @ 9075 updates, score 12.400162257888883) (writing took 0.7422745255753398 seconds) (checkpoint_utils.py:81, save_checkpoint())
[2020-12-27 17:15:04]    INFO >> epoch 016:    125 / 605 loss=79.204, nll_loss=6.506, bleu=0, ppl=90.9, wps=1635.5, ups=1.4, wpb=1165.3, bsz=95.7, num_updates=9200, lr=0.434373, gnorm=399.057, clip=100, train_wall=92, wall=4799 (progress_bar.py:262, log())
[2020-12-27 17:16:37]    INFO >> epoch 016:    325 / 605 loss=78.388, nll_loss=6.512, bleu=0, ppl=91.3, wps=2479.4, ups=2.15, wpb=1155.5, bsz=96, num_updates=9400, lr=0.434373, gnorm=799, clip=100, train_wall=92, wall=4892 (progress_bar.py:262, log())
[2020-12-27 17:18:10]    INFO >> epoch 016:    525 / 605 loss=79.798, nll_loss=6.531, bleu=0, ppl=92.46, wps=2520.8, ups=2.15, wpb=1173, bsz=96, num_updates=9600, lr=0.434373, gnorm=457.764, clip=100, train_wall=92, wall=4985 (progress_bar.py:262, log())
[2020-12-27 17:18:48]    INFO >> epoch 016 | loss 79.106 | nll_loss 6.517 | bleu 0 | ppl 91.6 | wps 2126.9 | ups 1.83 | wpb 1164.1 | bsz 95.9 | num_updates 9680 | lr 0.434373 | gnorm 566.507 | clip 100 | train_wall 279 | wall 5023 (progress_bar.py:269, print())
[2020-12-27 17:19:29]    INFO >> epoch 016 | valid on 'valid' subset | loss 78.747 | nll_loss 6.529 | bleu 12.9838 | ppl 92.37 | wps 1322.7 | wpb 5856.9 | bsz 485.6 | num_updates 9680 | best_bleu 13.0265 (progress_bar.py:269, print())
[2020-12-27 17:19:30]    INFO >> saved checkpoint /home/wanyao/.ncc/code_search_net_feng/sum_sbt/javascript/data-mmap/deepcom/checkpoints/checkpoint_last.pt (epoch 16 @ 9680 updates, score 12.98380224793329) (writing took 0.7141939885914326 seconds) (checkpoint_utils.py:81, save_checkpoint())
[2020-12-27 17:20:33]    INFO >> epoch 017:    120 / 605 loss=78.623, nll_loss=6.491, bleu=0, ppl=89.95, wps=1623.2, ups=1.4, wpb=1159.5, bsz=95.7, num_updates=9800, lr=0.430029, gnorm=523.266, clip=100, train_wall=92, wall=5128 (progress_bar.py:262, log())
[2020-12-27 17:21:33]    INFO >> epoch 017:    320 / 605 loss=78.637, nll_loss=6.474, bleu=0, ppl=88.91, wps=3876.8, ups=3.33, wpb=1162.7, bsz=95.7, num_updates=10000, lr=0.430029, gnorm=448.231, clip=100, train_wall=59, wall=5188 (progress_bar.py:262, log())
[2020-12-27 17:22:50]    INFO >> epoch 017:    520 / 605 loss=78.729, nll_loss=6.482, bleu=0, ppl=89.42, wps=3026.2, ups=2.6, wpb=1165.9, bsz=96, num_updates=10200, lr=0.430029, gnorm=378.466, clip=100, train_wall=76, wall=5265 (progress_bar.py:262, log())
[2020-12-27 17:23:30]    INFO >> epoch 017 | loss 78.606 | nll_loss 6.476 | bleu 0 | ppl 89.03 | wps 2490.2 | ups 2.14 | wpb 1164.1 | bsz 95.9 | num_updates 10285 | lr 0.430029 | gnorm 427.059 | clip 100 | train_wall 230 | wall 5305 (progress_bar.py:269, print())
[2020-12-27 17:24:15]    INFO >> epoch 017 | valid on 'valid' subset | loss 78.44 | nll_loss 6.504 | bleu 12.685 | ppl 90.75 | wps 1227.8 | wpb 5856.9 | bsz 485.6 | num_updates 10285 | best_bleu 13.0265 (progress_bar.py:269, print())
[2020-12-27 17:24:16]    INFO >> saved checkpoint /home/wanyao/.ncc/code_search_net_feng/sum_sbt/javascript/data-mmap/deepcom/checkpoints/checkpoint_last.pt (epoch 17 @ 10285 updates, score 12.684983785702723) (writing took 0.7099871411919594 seconds) (checkpoint_utils.py:81, save_checkpoint())
[2020-12-27 17:25:16]    INFO >> epoch 018:    115 / 605 loss=78.515, nll_loss=6.45, bleu=0, ppl=87.4, wps=1602.4, ups=1.37, wpb=1168.7, bsz=96, num_updates=10400, lr=0.425729, gnorm=367.495, clip=100, train_wall=93, wall=5411 (progress_bar.py:262, log())
[2020-12-27 17:26:49]    INFO >> epoch 018:    315 / 605 loss=77.586, nll_loss=6.427, bleu=0, ppl=86.06, wps=2473.9, ups=2.14, wpb=1155.5, bsz=95.7, num_updates=10600, lr=0.425729, gnorm=365.499, clip=100, train_wall=92, wall=5504 (progress_bar.py:262, log())
[2020-12-27 17:28:22]    INFO >> epoch 018:    515 / 605 loss=78.359, nll_loss=6.449, bleu=0, ppl=87.36, wps=2501.4, ups=2.14, wpb=1166.5, bsz=96, num_updates=10800, lr=0.425729, gnorm=452.165, clip=100, train_wall=92, wall=5597 (progress_bar.py:262, log())
[2020-12-27 17:29:05]    INFO >> epoch 018 | loss 78.1 | nll_loss 6.434 | bleu 0 | ppl 86.49 | wps 2106.8 | ups 1.81 | wpb 1164.1 | bsz 95.9 | num_updates 10890 | lr 0.425729 | gnorm 401.645 | clip 100 | train_wall 280 | wall 5640 (progress_bar.py:269, print())
[2020-12-27 17:29:48]    INFO >> epoch 018 | valid on 'valid' subset | loss 78.171 | nll_loss 6.482 | bleu 12.8566 | ppl 89.36 | wps 1265.5 | wpb 5856.9 | bsz 485.6 | num_updates 10890 | best_bleu 13.0265 (progress_bar.py:269, print())
[2020-12-27 17:29:49]    INFO >> saved checkpoint /home/wanyao/.ncc/code_search_net_feng/sum_sbt/javascript/data-mmap/deepcom/checkpoints/checkpoint_last.pt (epoch 18 @ 10890 updates, score 12.856649091136566) (writing took 0.7427615886554122 seconds) (checkpoint_utils.py:81, save_checkpoint())
[2020-12-27 17:30:46]    INFO >> epoch 019:    110 / 605 loss=77.722, nll_loss=6.415, bleu=0, ppl=85.33, wps=1613.8, ups=1.39, wpb=1159.8, bsz=95.7, num_updates=11000, lr=0.421472, gnorm=463.052, clip=100, train_wall=92, wall=5741 (progress_bar.py:262, log())
[2020-12-27 17:32:20]    INFO >> epoch 019:    310 / 605 loss=77.733, nll_loss=6.377, bleu=0, ppl=83.12, wps=2505.2, ups=2.14, wpb=1170.2, bsz=96, num_updates=11200, lr=0.421472, gnorm=432.457, clip=100, train_wall=93, wall=5835 (progress_bar.py:262, log())
[2020-12-27 17:33:53]    INFO >> epoch 019:    510 / 605 loss=78.099, nll_loss=6.406, bleu=0, ppl=84.8, wps=2515.3, ups=2.15, wpb=1170.4, bsz=96, num_updates=11400, lr=0.421472, gnorm=424.643, clip=100, train_wall=92, wall=5928 (progress_bar.py:262, log())
[2020-12-27 17:34:30]    INFO >> epoch 019 | loss 77.602 | nll_loss 6.393 | bleu 0 | ppl 84.06 | wps 2162.7 | ups 1.86 | wpb 1164.1 | bsz 95.9 | num_updates 11495 | lr 0.421472 | gnorm 434.905 | clip 100 | train_wall 272 | wall 5965 (progress_bar.py:269, print())
[2020-12-27 17:34:50]    INFO >> epoch 019 | valid on 'valid' subset | loss 77.914 | nll_loss 6.46 | bleu 12.8209 | ppl 88.05 | wps 3715.6 | wpb 5856.9 | bsz 485.6 | num_updates 11495 | best_bleu 13.0265 (progress_bar.py:269, print())
[2020-12-27 17:34:51]    INFO >> saved checkpoint /home/wanyao/.ncc/code_search_net_feng/sum_sbt/javascript/data-mmap/deepcom/checkpoints/checkpoint_last.pt (epoch 19 @ 11495 updates, score 12.820895389269673) (writing took 0.7233783714473248 seconds) (checkpoint_utils.py:81, save_checkpoint())
[2020-12-27 17:35:46]    INFO >> epoch 020:    105 / 605 loss=76.771, nll_loss=6.373, bleu=0, ppl=82.86, wps=2038.2, ups=1.76, wpb=1156.5, bsz=96, num_updates=11600, lr=0.417257, gnorm=400.864, clip=100, train_wall=85, wall=6041 (progress_bar.py:262, log())
[2020-12-27 17:37:19]    INFO >> epoch 020:    305 / 605 loss=77.206, nll_loss=6.348, bleu=0, ppl=81.46, wps=2510.7, ups=2.15, wpb=1167.6, bsz=96, num_updates=11800, lr=0.417257, gnorm=406.635, clip=100, train_wall=92, wall=6134 (progress_bar.py:262, log())
[2020-12-27 17:38:53]    INFO >> epoch 020:    505 / 605 loss=77.438, nll_loss=6.364, bleu=0, ppl=82.36, wps=2495.6, ups=2.14, wpb=1168.2, bsz=96, num_updates=12000, lr=0.417257, gnorm=434.094, clip=100, train_wall=93, wall=6228 (progress_bar.py:262, log())
[2020-12-27 17:39:40]    INFO >> epoch 020 | loss 77.18 | nll_loss 6.359 | bleu 0 | ppl 82.06 | wps 2275.4 | ups 1.95 | wpb 1164.1 | bsz 95.9 | num_updates 12100 | lr 0.417257 | gnorm 419.6 | clip 100 | train_wall 280 | wall 6275 (progress_bar.py:269, print())
[2020-12-27 17:40:25]    INFO >> epoch 020 | valid on 'valid' subset | loss 77.867 | nll_loss 6.456 | bleu 12.81 | ppl 87.81 | wps 1228.8 | wpb 5856.9 | bsz 485.6 | num_updates 12100 | best_bleu 13.0265 (progress_bar.py:269, print())
[2020-12-27 17:40:25]    INFO >> saved checkpoint /home/wanyao/.ncc/code_search_net_feng/sum_sbt/javascript/data-mmap/deepcom/checkpoints/checkpoint_last.pt (epoch 20 @ 12100 updates, score 12.809966032393966) (writing took 0.7146541979163885 seconds) (checkpoint_utils.py:81, save_checkpoint())
[2020-12-27 17:41:19]    INFO >> epoch 021:    100 / 605 loss=77.268, nll_loss=6.345, bleu=0, ppl=81.3, wps=1593.7, ups=1.37, wpb=1162.3, bsz=95.5, num_updates=12200, lr=0.413084, gnorm=402.405, clip=100, train_wall=92, wall=6374 (progress_bar.py:262, log())
[2020-12-27 17:42:52]    INFO >> epoch 021:    300 / 605 loss=76.797, nll_loss=6.319, bleu=0, ppl=79.83, wps=2492.5, ups=2.14, wpb=1166.7, bsz=96, num_updates=12400, lr=0.413084, gnorm=448.394, clip=100, train_wall=93, wall=6467 (progress_bar.py:262, log())
[2020-12-27 17:44:26]    INFO >> epoch 021:    500 / 605 loss=76.703, nll_loss=6.329, bleu=0, ppl=80.39, wps=2486, ups=2.14, wpb=1163.5, bsz=96, num_updates=12600, lr=0.413084, gnorm=442.575, clip=100, train_wall=93, wall=6561 (progress_bar.py:262, log())
[2020-12-27 17:45:16]    INFO >> epoch 021 | loss 76.77 | nll_loss 6.325 | bleu 0 | ppl 80.16 | wps 2097.6 | ups 1.8 | wpb 1164.1 | bsz 95.9 | num_updates 12705 | lr 0.413084 | gnorm 434.391 | clip 100 | train_wall 281 | wall 6611 (progress_bar.py:269, print())
[2020-12-27 17:46:05]    INFO >> epoch 021 | valid on 'valid' subset | loss 77.741 | nll_loss 6.446 | bleu 12.945 | ppl 87.18 | wps 1089.7 | wpb 5856.9 | bsz 485.6 | num_updates 12705 | best_bleu 13.0265 (progress_bar.py:269, print())
[2020-12-27 17:46:06]    INFO >> saved checkpoint /home/wanyao/.ncc/code_search_net_feng/sum_sbt/javascript/data-mmap/deepcom/checkpoints/checkpoint_last.pt (epoch 21 @ 12705 updates, score 12.94498643241867) (writing took 0.7179243313148618 seconds) (checkpoint_utils.py:81, save_checkpoint())
[2020-12-27 17:46:57]    INFO >> epoch 022:     95 / 605 loss=76.376, nll_loss=6.311, bleu=0, ppl=79.37, wps=1535.2, ups=1.32, wpb=1161.9, bsz=96, num_updates=12800, lr=0.408953, gnorm=427.817, clip=100, train_wall=93, wall=6712 (progress_bar.py:262, log())
[2020-12-27 17:47:59]    INFO >> epoch 022:    295 / 605 loss=76.357, nll_loss=6.285, bleu=0, ppl=77.97, wps=3780.8, ups=3.24, wpb=1166.3, bsz=96, num_updates=13000, lr=0.408953, gnorm=535.266, clip=100, train_wall=61, wall=6774 (progress_bar.py:262, log())
[2020-12-27 17:49:14]    INFO >> epoch 022:    495 / 605 loss=76.796, nll_loss=6.3, bleu=0, ppl=78.77, wps=3114.9, ups=2.67, wpb=1166.9, bsz=95.7, num_updates=13200, lr=0.408953, gnorm=517.294, clip=100, train_wall=74, wall=6849 (progress_bar.py:262, log())
[2020-12-27 17:50:06]    INFO >> epoch 022 | loss 76.33 | nll_loss 6.289 | bleu 0 | ppl 78.17 | wps 2427.8 | ups 2.09 | wpb 1164.1 | bsz 95.9 | num_updates 13310 | lr 0.408953 | gnorm 506.568 | clip 100 | train_wall 230 | wall 6901 (progress_bar.py:269, print())
[2020-12-27 17:50:48]    INFO >> epoch 022 | valid on 'valid' subset | loss 77.644 | nll_loss 6.438 | bleu 12.6896 | ppl 86.69 | wps 1294.7 | wpb 5856.9 | bsz 485.6 | num_updates 13310 | best_bleu 13.0265 (progress_bar.py:269, print())
[2020-12-27 17:50:49]    INFO >> saved checkpoint /home/wanyao/.ncc/code_search_net_feng/sum_sbt/javascript/data-mmap/deepcom/checkpoints/checkpoint_last.pt (epoch 22 @ 13310 updates, score 12.689637762206896) (writing took 0.7249231766909361 seconds) (checkpoint_utils.py:81, save_checkpoint())
[2020-12-27 17:51:38]    INFO >> epoch 023:     90 / 605 loss=75.68, nll_loss=6.282, bleu=0, ppl=77.8, wps=1607.9, ups=1.39, wpb=1156.6, bsz=96, num_updates=13400, lr=0.404864, gnorm=540.13, clip=100, train_wall=93, wall=6993 (progress_bar.py:262, log())
[2020-12-27 17:53:11]    INFO >> epoch 023:    290 / 605 loss=76.536, nll_loss=6.26, bleu=0, ppl=76.63, wps=2514, ups=2.14, wpb=1173.8, bsz=96, num_updates=13600, lr=0.404864, gnorm=1294.99, clip=100, train_wall=92, wall=7086 (progress_bar.py:262, log())
[2020-12-27 17:54:45]    INFO >> epoch 023:    490 / 605 loss=75.781, nll_loss=6.272, bleu=0, ppl=77.26, wps=2475.5, ups=2.14, wpb=1156.7, bsz=95.7, num_updates=13800, lr=0.404864, gnorm=1395.71, clip=100, train_wall=93, wall=7180 (progress_bar.py:262, log())
[2020-12-27 17:55:39]    INFO >> epoch 023 | loss 76.11 | nll_loss 6.27 | bleu 0 | ppl 77.2 | wps 2114 | ups 1.82 | wpb 1164.1 | bsz 95.9 | num_updates 13915 | lr 0.404864 | gnorm 1164.69 | clip 100 | train_wall 280 | wall 7234 (progress_bar.py:269, print())
[2020-12-27 17:56:22]    INFO >> epoch 023 | valid on 'valid' subset | loss 77.517 | nll_loss 6.427 | bleu 12.8815 | ppl 86.07 | wps 1269.7 | wpb 5856.9 | bsz 485.6 | num_updates 13915 | best_bleu 13.0265 (progress_bar.py:269, print())
[2020-12-27 17:56:23]    INFO >> saved checkpoint /home/wanyao/.ncc/code_search_net_feng/sum_sbt/javascript/data-mmap/deepcom/checkpoints/checkpoint_last.pt (epoch 23 @ 13915 updates, score 12.881463657719996) (writing took 0.7243075259029865 seconds) (checkpoint_utils.py:81, save_checkpoint())
[2020-12-27 17:57:10]    INFO >> epoch 024:     85 / 605 loss=75.982, nll_loss=6.265, bleu=0, ppl=76.91, wps=1607.4, ups=1.38, wpb=1164.3, bsz=96, num_updates=14000, lr=0.400815, gnorm=822.417, clip=100, train_wall=93, wall=7325 (progress_bar.py:262, log())
[2020-12-27 17:58:43]    INFO >> epoch 024:    285 / 605 loss=75.958, nll_loss=6.252, bleu=0, ppl=76.24, wps=2486.1, ups=2.14, wpb=1162.9, bsz=95.7, num_updates=14200, lr=0.400815, gnorm=732.534, clip=100, train_wall=93, wall=7418 (progress_bar.py:262, log())
[2020-12-27 18:00:17]    INFO >> epoch 024:    485 / 605 loss=76.07, nll_loss=6.256, bleu=0, ppl=76.45, wps=2496.2, ups=2.14, wpb=1167.2, bsz=96, num_updates=14400, lr=0.400815, gnorm=1520.14, clip=100, train_wall=93, wall=7512 (progress_bar.py:262, log())
[2020-12-27 18:01:02]    INFO >> epoch 024 | loss 75.914 | nll_loss 6.254 | bleu 0 | ppl 76.34 | wps 2181.3 | ups 1.87 | wpb 1164.1 | bsz 95.9 | num_updates 14520 | lr 0.400815 | gnorm 1031.2 | clip 100 | train_wall 269 | wall 7557 (progress_bar.py:269, print())
[2020-12-27 18:01:20]    INFO >> epoch 024 | valid on 'valid' subset | loss 77.431 | nll_loss 6.42 | bleu 12.8485 | ppl 85.64 | wps 3941.8 | wpb 5856.9 | bsz 485.6 | num_updates 14520 | best_bleu 13.0265 (progress_bar.py:269, print())
[2020-12-27 18:01:21]    INFO >> saved checkpoint /home/wanyao/.ncc/code_search_net_feng/sum_sbt/javascript/data-mmap/deepcom/checkpoints/checkpoint_last.pt (epoch 24 @ 14520 updates, score 12.848528179108623) (writing took 0.7217831313610077 seconds) (checkpoint_utils.py:81, save_checkpoint())
[2020-12-27 18:02:05]    INFO >> epoch 025:     80 / 605 loss=75.794, nll_loss=6.244, bleu=0, ppl=75.79, wps=2151.8, ups=1.85, wpb=1165.3, bsz=96, num_updates=14600, lr=0.396807, gnorm=913.477, clip=100, train_wall=81, wall=7620 (progress_bar.py:262, log())
[2020-12-27 18:03:38]    INFO >> epoch 025:    280 / 605 loss=75.292, nll_loss=6.221, bleu=0, ppl=74.61, wps=2491.9, ups=2.14, wpb=1161.8, bsz=96, num_updates=14800, lr=0.396807, gnorm=488.566, clip=100, train_wall=92, wall=7713 (progress_bar.py:262, log())
[2020-12-27 18:05:11]    INFO >> epoch 025:    480 / 605 loss=75.676, nll_loss=6.235, bleu=0, ppl=75.3, wps=2496.1, ups=2.15, wpb=1161.9, bsz=95.7, num_updates=15000, lr=0.396807, gnorm=506.034, clip=100, train_wall=92, wall=7806 (progress_bar.py:262, log())
[2020-12-27 18:06:10]    INFO >> epoch 025 | loss 75.588 | nll_loss 6.227 | bleu 0 | ppl 74.93 | wps 2283.4 | ups 1.96 | wpb 1164.1 | bsz 95.9 | num_updates 15125 | lr 0.396807 | gnorm 536.321 | clip 100 | train_wall 280 | wall 7865 (progress_bar.py:269, print())
[2020-12-27 18:06:50]    INFO >> epoch 025 | valid on 'valid' subset | loss 77.324 | nll_loss 6.411 | bleu 12.8087 | ppl 85.12 | wps 1405.4 | wpb 5856.9 | bsz 485.6 | num_updates 15125 | best_bleu 13.0265 (progress_bar.py:269, print())
[2020-12-27 18:06:51]    INFO >> saved checkpoint /home/wanyao/.ncc/code_search_net_feng/sum_sbt/javascript/data-mmap/deepcom/checkpoints/checkpoint_last.pt (epoch 25 @ 15125 updates, score 12.80867736054036) (writing took 0.7327397270128131 seconds) (checkpoint_utils.py:81, save_checkpoint())
[2020-12-27 18:07:33]    INFO >> epoch 026:     75 / 605 loss=75.6, nll_loss=6.219, bleu=0, ppl=74.47, wps=1652.6, ups=1.42, wpb=1167.1, bsz=96, num_updates=15200, lr=0.392839, gnorm=706.779, clip=100, train_wall=92, wall=7948 (progress_bar.py:262, log())
[2020-12-27 18:09:06]    INFO >> epoch 026:    275 / 605 loss=75.371, nll_loss=6.222, bleu=0, ppl=74.65, wps=2479, ups=2.13, wpb=1162.9, bsz=96, num_updates=15400, lr=0.392839, gnorm=531.686, clip=100, train_wall=93, wall=8041 (progress_bar.py:262, log())
[2020-12-27 18:10:40]    INFO >> epoch 026:    475 / 605 loss=74.844, nll_loss=6.179, bleu=0, ppl=72.44, wps=2496, ups=2.15, wpb=1162.8, bsz=96, num_updates=15600, lr=0.392839, gnorm=514.604, clip=100, train_wall=92, wall=8135 (progress_bar.py:262, log())
[2020-12-27 18:11:40]    INFO >> epoch 026 | loss 75.272 | nll_loss 6.201 | bleu 0 | ppl 73.59 | wps 2133.9 | ups 1.83 | wpb 1164.1 | bsz 95.9 | num_updates 15730 | lr 0.392839 | gnorm 600.03 | clip 100 | train_wall 280 | wall 8195 (progress_bar.py:269, print())
[2020-12-27 18:12:23]    INFO >> epoch 026 | valid on 'valid' subset | loss 77.017 | nll_loss 6.386 | bleu 12.9165 | ppl 83.63 | wps 1318.4 | wpb 5856.9 | bsz 485.6 | num_updates 15730 | best_bleu 13.0265 (progress_bar.py:269, print())
[2020-12-27 18:12:23]    INFO >> saved checkpoint /home/wanyao/.ncc/code_search_net_feng/sum_sbt/javascript/data-mmap/deepcom/checkpoints/checkpoint_last.pt (epoch 26 @ 15730 updates, score 12.916544751644848) (writing took 0.7388793518766761 seconds) (checkpoint_utils.py:81, save_checkpoint())
[2020-12-27 18:13:03]    INFO >> epoch 027:     70 / 605 loss=75.757, nll_loss=6.198, bleu=0, ppl=73.43, wps=1631.6, ups=1.39, wpb=1170, bsz=95.7, num_updates=15800, lr=0.388911, gnorm=613.602, clip=100, train_wall=92, wall=8278 (progress_bar.py:262, log())
[2020-12-27 18:14:15]    INFO >> epoch 027:    270 / 605 loss=74.694, nll_loss=6.165, bleu=0, ppl=71.77, wps=3231.4, ups=2.78, wpb=1163.1, bsz=96, num_updates=16000, lr=0.388911, gnorm=657.506, clip=100, train_wall=71, wall=8350 (progress_bar.py:262, log())
[2020-12-27 18:15:21]    INFO >> epoch 027:    470 / 605 loss=74.879, nll_loss=6.165, bleu=0, ppl=71.76, wps=3523.7, ups=3.02, wpb=1166, bsz=96, num_updates=16200, lr=0.388911, gnorm=589.081, clip=100, train_wall=65, wall=8416 (progress_bar.py:262, log())
[2020-12-27 18:16:24]    INFO >> epoch 027 | loss 74.952 | nll_loss 6.175 | bleu 0 | ppl 72.26 | wps 2480.9 | ups 2.13 | wpb 1164.1 | bsz 95.9 | num_updates 16335 | lr 0.388911 | gnorm 622.514 | clip 100 | train_wall 231 | wall 8479 (progress_bar.py:269, print())
[2020-12-27 18:17:06]    INFO >> epoch 027 | valid on 'valid' subset | loss 77.056 | nll_loss 6.389 | bleu 12.9761 | ppl 83.82 | wps 1326.5 | wpb 5856.9 | bsz 485.6 | num_updates 16335 | best_bleu 13.0265 (progress_bar.py:269, print())
[2020-12-27 18:17:07]    INFO >> saved checkpoint /home/wanyao/.ncc/code_search_net_feng/sum_sbt/javascript/data-mmap/deepcom/checkpoints/checkpoint_last.pt (epoch 27 @ 16335 updates, score 12.976128245407898) (writing took 0.7123472997918725 seconds) (checkpoint_utils.py:81, save_checkpoint())
[2020-12-27 18:17:44]    INFO >> epoch 028:     65 / 605 loss=75.158, nll_loss=6.191, bleu=0, ppl=73.04, wps=1622.4, ups=1.4, wpb=1162.2, bsz=95.7, num_updates=16400, lr=0.385022, gnorm=564.629, clip=100, train_wall=92, wall=8559 (progress_bar.py:262, log())
[2020-12-27 18:19:17]    INFO >> epoch 028:    265 / 605 loss=74.166, nll_loss=6.13, bleu=0, ppl=70.06, wps=2498.1, ups=2.15, wpb=1161.4, bsz=96, num_updates=16600, lr=0.385022, gnorm=528.53, clip=100, train_wall=92, wall=8652 (progress_bar.py:262, log())
[2020-12-27 18:20:51]    INFO >> epoch 028:    465 / 605 loss=74.471, nll_loss=6.156, bleu=0, ppl=71.33, wps=2471.9, ups=2.13, wpb=1157.9, bsz=95.7, num_updates=16800, lr=0.385022, gnorm=578.278, clip=100, train_wall=93, wall=8746 (progress_bar.py:262, log())
[2020-12-27 18:21:57]    INFO >> epoch 028 | loss 74.712 | nll_loss 6.155 | bleu 0 | ppl 71.28 | wps 2116.2 | ups 1.82 | wpb 1164.1 | bsz 95.9 | num_updates 16940 | lr 0.385022 | gnorm 565.294 | clip 100 | train_wall 280 | wall 8812 (progress_bar.py:269, print())
[2020-12-27 18:22:39]    INFO >> epoch 028 | valid on 'valid' subset | loss 76.926 | nll_loss 6.378 | bleu 12.7922 | ppl 83.19 | wps 1349.3 | wpb 5856.9 | bsz 485.6 | num_updates 16940 | best_bleu 13.0265 (progress_bar.py:269, print())
[2020-12-27 18:22:40]    INFO >> saved checkpoint /home/wanyao/.ncc/code_search_net_feng/sum_sbt/javascript/data-mmap/deepcom/checkpoints/checkpoint_last.pt (epoch 28 @ 16940 updates, score 12.792202061060895) (writing took 0.7248922325670719 seconds) (checkpoint_utils.py:81, save_checkpoint())
[2020-12-27 18:23:15]    INFO >> epoch 029:     60 / 605 loss=74.994, nll_loss=6.152, bleu=0, ppl=71.11, wps=1628, ups=1.39, wpb=1170.3, bsz=96, num_updates=17000, lr=0.381171, gnorm=671.866, clip=100, train_wall=93, wall=8890 (progress_bar.py:262, log())
[2020-12-27 18:24:48]    INFO >> epoch 029:    260 / 605 loss=74.407, nll_loss=6.142, bleu=0, ppl=70.6, wps=2484.1, ups=2.14, wpb=1163, bsz=96, num_updates=17200, lr=0.381171, gnorm=677.779, clip=100, train_wall=93, wall=8983 (progress_bar.py:262, log())
[2020-12-27 18:26:21]    INFO >> epoch 029:    460 / 605 loss=74.52, nll_loss=6.121, bleu=0, ppl=69.61, wps=2523.3, ups=2.17, wpb=1165.4, bsz=95.7, num_updates=17400, lr=0.381171, gnorm=580.05, clip=100, train_wall=92, wall=9076 (progress_bar.py:262, log())
[2020-12-27 18:27:24]    INFO >> epoch 029 | loss 74.419 | nll_loss 6.131 | bleu 0 | ppl 70.09 | wps 2156.2 | ups 1.85 | wpb 1164.1 | bsz 95.9 | num_updates 17545 | lr 0.381171 | gnorm 644.235 | clip 100 | train_wall 275 | wall 9139 (progress_bar.py:269, print())
[2020-12-27 18:27:43]    INFO >> epoch 029 | valid on 'valid' subset | loss 76.936 | nll_loss 6.379 | bleu 12.9235 | ppl 83.24 | wps 3583.8 | wpb 5856.9 | bsz 485.6 | num_updates 17545 | best_bleu 13.0265 (progress_bar.py:269, print())
[2020-12-27 18:27:44]    INFO >> saved checkpoint /home/wanyao/.ncc/code_search_net_feng/sum_sbt/javascript/data-mmap/deepcom/checkpoints/checkpoint_last.pt (epoch 29 @ 17545 updates, score 12.923475640399285) (writing took 1.008691305294633 seconds) (checkpoint_utils.py:81, save_checkpoint())
[2020-12-27 18:28:16]    INFO >> epoch 030:     55 / 605 loss=74.455, nll_loss=6.142, bleu=0, ppl=70.6, wps=2018, ups=1.73, wpb=1163.8, bsz=96, num_updates=17600, lr=0.37736, gnorm=672.565, clip=100, train_wall=87, wall=9191 (progress_bar.py:262, log())
[2020-12-27 18:29:49]    INFO >> epoch 030:    255 / 605 loss=73.984, nll_loss=6.099, bleu=0, ppl=68.54, wps=2502.6, ups=2.16, wpb=1161.2, bsz=95.7, num_updates=17800, lr=0.37736, gnorm=631.105, clip=100, train_wall=92, wall=9284 (progress_bar.py:262, log())
[2020-12-27 18:31:22]    INFO >> epoch 030:    455 / 605 loss=74.363, nll_loss=6.125, bleu=0, ppl=69.78, wps=2516.2, ups=2.16, wpb=1165.6, bsz=96, num_updates=18000, lr=0.37736, gnorm=2020.08, clip=100, train_wall=92, wall=9377 (progress_bar.py:262, log())
[2020-12-27 18:32:32]    INFO >> epoch 030 | loss 74.203 | nll_loss 6.113 | bleu 0 | ppl 69.23 | wps 2283.7 | ups 1.96 | wpb 1164.1 | bsz 95.9 | num_updates 18150 | lr 0.37736 | gnorm 1119.64 | clip 100 | train_wall 278 | wall 9447 (progress_bar.py:269, print())
[2020-12-27 18:33:14]    INFO >> epoch 030 | valid on 'valid' subset | loss 76.758 | nll_loss 6.364 | bleu 12.9295 | ppl 82.39 | wps 1321.4 | wpb 5856.9 | bsz 485.6 | num_updates 18150 | best_bleu 13.0265 (progress_bar.py:269, print())
[2020-12-27 18:33:15]    INFO >> saved checkpoint /home/wanyao/.ncc/code_search_net_feng/sum_sbt/javascript/data-mmap/deepcom/checkpoints/checkpoint_last.pt (epoch 30 @ 18150 updates, score 12.92950375710982) (writing took 0.7181234713643789 seconds) (checkpoint_utils.py:81, save_checkpoint())
[2020-12-27 18:33:45]    INFO >> epoch 031:     50 / 605 loss=74.148, nll_loss=6.106, bleu=0, ppl=68.9, wps=1629.9, ups=1.4, wpb=1165.7, bsz=96, num_updates=18200, lr=0.373586, gnorm=721.013, clip=100, train_wall=92, wall=9520 (progress_bar.py:262, log())
[2020-12-27 18:35:18]    INFO >> epoch 031:    250 / 605 loss=74.131, nll_loss=6.084, bleu=0, ppl=67.82, wps=2497.6, ups=2.14, wpb=1169.8, bsz=96, num_updates=18400, lr=0.373586, gnorm=613.83, clip=100, train_wall=93, wall=9613 (progress_bar.py:262, log())
[2020-12-27 18:36:52]    INFO >> epoch 031:    450 / 605 loss=73.873, nll_loss=6.097, bleu=0, ppl=68.47, wps=2494, ups=2.14, wpb=1163.1, bsz=96, num_updates=18600, lr=0.373586, gnorm=556.723, clip=100, train_wall=92, wall=9707 (progress_bar.py:262, log())
[2020-12-27 18:38:04]    INFO >> epoch 031 | loss 73.992 | nll_loss 6.096 | bleu 0 | ppl 68.4 | wps 2119.6 | ups 1.82 | wpb 1164.1 | bsz 95.9 | num_updates 18755 | lr 0.373586 | gnorm 662.591 | clip 100 | train_wall 280 | wall 9779 (progress_bar.py:269, print())
[2020-12-27 18:38:49]    INFO >> epoch 031 | valid on 'valid' subset | loss 76.828 | nll_loss 6.37 | bleu 12.6702 | ppl 82.73 | wps 1218.1 | wpb 5856.9 | bsz 485.6 | num_updates 18755 | best_bleu 13.0265 (progress_bar.py:269, print())
[2020-12-27 18:38:50]    INFO >> saved checkpoint /home/wanyao/.ncc/code_search_net_feng/sum_sbt/javascript/data-mmap/deepcom/checkpoints/checkpoint_last.pt (epoch 31 @ 18755 updates, score 12.670219761305823) (writing took 0.7197362687438726 seconds) (checkpoint_utils.py:81, save_checkpoint())
[2020-12-27 18:39:17]    INFO >> epoch 032:     45 / 605 loss=73.828, nll_loss=6.105, bleu=0, ppl=68.82, wps=1584.6, ups=1.37, wpb=1154.3, bsz=95.5, num_updates=18800, lr=0.36985, gnorm=760.218, clip=100, train_wall=92, wall=9852 (progress_bar.py:262, log())
[2020-12-27 18:40:36]    INFO >> epoch 032:    245 / 605 loss=73.614, nll_loss=6.059, bleu=0, ppl=66.68, wps=2978.8, ups=2.55, wpb=1166.3, bsz=96, num_updates=19000, lr=0.36985, gnorm=536.376, clip=100, train_wall=77, wall=9931 (progress_bar.py:262, log())
[2020-12-27 18:41:35]    INFO >> epoch 032:    445 / 605 loss=73.689, nll_loss=6.078, bleu=0, ppl=67.56, wps=3916.6, ups=3.37, wpb=1163.9, bsz=96, num_updates=19200, lr=0.36985, gnorm=789.177, clip=100, train_wall=58, wall=9990 (progress_bar.py:262, log())
[2020-12-27 18:42:50]    INFO >> epoch 032 | loss 73.699 | nll_loss 6.072 | bleu 0 | ppl 67.27 | wps 2463.3 | ups 2.12 | wpb 1164.1 | bsz 95.9 | num_updates 19360 | lr 0.36985 | gnorm 652.746 | clip 100 | train_wall 230 | wall 10065 (progress_bar.py:269, print())
[2020-12-27 18:43:32]    INFO >> epoch 032 | valid on 'valid' subset | loss 76.704 | nll_loss 6.36 | bleu 12.6414 | ppl 82.14 | wps 1331.6 | wpb 5856.9 | bsz 485.6 | num_updates 19360 | best_bleu 13.0265 (progress_bar.py:269, print())
[2020-12-27 18:43:33]    INFO >> saved checkpoint /home/wanyao/.ncc/code_search_net_feng/sum_sbt/javascript/data-mmap/deepcom/checkpoints/checkpoint_last.pt (epoch 32 @ 19360 updates, score 12.641433123057277) (writing took 0.7150627309456468 seconds) (checkpoint_utils.py:81, save_checkpoint())
[2020-12-27 18:43:58]    INFO >> epoch 033:     40 / 605 loss=73.762, nll_loss=6.074, bleu=0, ppl=67.38, wps=1627.9, ups=1.4, wpb=1165.8, bsz=96, num_updates=19400, lr=0.366152, gnorm=677.687, clip=100, train_wall=93, wall=10133 (progress_bar.py:262, log())
[2020-12-27 18:45:32]    INFO >> epoch 033:    240 / 605 loss=73.2, nll_loss=6.041, bleu=0, ppl=65.83, wps=2485.8, ups=2.14, wpb=1163.3, bsz=96, num_updates=19600, lr=0.366152, gnorm=579.794, clip=100, train_wall=93, wall=10227 (progress_bar.py:262, log())
[2020-12-27 18:47:09]    INFO >> epoch 033:    440 / 605 loss=73.646, nll_loss=6.054, bleu=0, ppl=66.42, wps=2400.8, ups=2.06, wpb=1167.9, bsz=96, num_updates=19800, lr=0.366152, gnorm=670.281, clip=100, train_wall=96, wall=10324 (progress_bar.py:262, log())
[2020-12-27 18:48:31]    INFO >> epoch 033 | loss 73.452 | nll_loss 6.051 | bleu 0 | ppl 66.32 | wps 2064.5 | ups 1.77 | wpb 1164.1 | bsz 95.9 | num_updates 19965 | lr 0.366152 | gnorm 644.921 | clip 100 | train_wall 288 | wall 10406 (progress_bar.py:269, print())
[2020-12-27 18:49:13]    INFO >> epoch 033 | valid on 'valid' subset | loss 76.702 | nll_loss 6.36 | bleu 12.8527 | ppl 82.13 | wps 1334.3 | wpb 5856.9 | bsz 485.6 | num_updates 19965 | best_bleu 13.0265 (progress_bar.py:269, print())
[2020-12-27 18:49:14]    INFO >> saved checkpoint /home/wanyao/.ncc/code_search_net_feng/sum_sbt/javascript/data-mmap/deepcom/checkpoints/checkpoint_last.pt (epoch 33 @ 19965 updates, score 12.852741453706654) (writing took 0.7383482372388244 seconds) (checkpoint_utils.py:81, save_checkpoint())
[2020-12-27 18:49:37]    INFO >> epoch 034:     35 / 605 loss=73.57, nll_loss=6.062, bleu=0, ppl=66.81, wps=1575.4, ups=1.36, wpb=1161.7, bsz=95.7, num_updates=20000, lr=0.36249, gnorm=668.351, clip=100, train_wall=97, wall=10472 (progress_bar.py:262, log())
[2020-12-27 18:51:11]    INFO >> epoch 034:    235 / 605 loss=73.06, nll_loss=6.019, bleu=0, ppl=64.84, wps=2473, ups=2.13, wpb=1162, bsz=95.7, num_updates=20200, lr=0.36249, gnorm=657.542, clip=100, train_wall=93, wall=10566 (progress_bar.py:262, log())
[2020-12-27 18:52:44]    INFO >> epoch 034:    435 / 605 loss=72.994, nll_loss=6.016, bleu=0, ppl=64.74, wps=2496.1, ups=2.14, wpb=1164.7, bsz=96, num_updates=20400, lr=0.36249, gnorm=10451.1, clip=100, train_wall=92, wall=10659 (progress_bar.py:262, log())
[2020-12-27 18:54:00]    INFO >> epoch 034 | loss 73.211 | nll_loss 6.032 | bleu 0 | ppl 65.42 | wps 2144.6 | ups 1.84 | wpb 1164.1 | bsz 95.9 | num_updates 20570 | lr 0.36249 | gnorm 3958.48 | clip 100 | train_wall 276 | wall 10735 (progress_bar.py:269, print())
[2020-12-27 18:54:21]    INFO >> epoch 034 | valid on 'valid' subset | loss 76.544 | nll_loss 6.347 | bleu 12.8578 | ppl 81.39 | wps 3395.8 | wpb 5856.9 | bsz 485.6 | num_updates 20570 | best_bleu 13.0265 (progress_bar.py:269, print())
[2020-12-27 18:54:21]    INFO >> saved checkpoint /home/wanyao/.ncc/code_search_net_feng/sum_sbt/javascript/data-mmap/deepcom/checkpoints/checkpoint_last.pt (epoch 34 @ 20570 updates, score 12.857830465126588) (writing took 0.7231874372810125 seconds) (checkpoint_utils.py:81, save_checkpoint())
[2020-12-27 18:54:42]    INFO >> epoch 035:     30 / 605 loss=73.731, nll_loss=6.052, bleu=0, ppl=66.36, wps=1978.2, ups=1.69, wpb=1169.5, bsz=96, num_updates=20600, lr=0.358865, gnorm=875.192, clip=100, train_wall=89, wall=10777 (progress_bar.py:262, log())
[2020-12-27 18:56:16]    INFO >> epoch 035:    230 / 605 loss=72.398, nll_loss=6.002, bleu=0, ppl=64.08, wps=2466.4, ups=2.13, wpb=1158, bsz=96, num_updates=20800, lr=0.358865, gnorm=1796.52, clip=100, train_wall=93, wall=10871 (progress_bar.py:262, log())
[2020-12-27 18:58:18]    INFO >> epoch 035:    430 / 605 loss=73.24, nll_loss=6.022, bleu=0, ppl=64.97, wps=1907.4, ups=1.64, wpb=1164.3, bsz=95.7, num_updates=21000, lr=0.358865, gnorm=573.539, clip=100, train_wall=121, wall=10993 (progress_bar.py:262, log())
[2020-12-27 19:00:18]    INFO >> epoch 035 | loss 73.017 | nll_loss 6.016 | bleu 0 | ppl 64.7 | wps 1863.5 | ups 1.6 | wpb 1164.1 | bsz 95.9 | num_updates 21175 | lr 0.358865 | gnorm 977.767 | clip 100 | train_wall 346 | wall 11113 (progress_bar.py:269, print())
[2020-12-27 19:01:37]    INFO >> epoch 035 | valid on 'valid' subset | loss 76.449 | nll_loss 6.339 | bleu 12.912 | ppl 80.94 | wps 667.6 | wpb 5856.9 | bsz 485.6 | num_updates 21175 | best_bleu 13.0265 (progress_bar.py:269, print())
[2020-12-27 19:01:37]    INFO >> saved checkpoint /home/wanyao/.ncc/code_search_net_feng/sum_sbt/javascript/data-mmap/deepcom/checkpoints/checkpoint_last.pt (epoch 35 @ 21175 updates, score 12.911959195037136) (writing took 0.7221586043015122 seconds) (checkpoint_utils.py:81, save_checkpoint())
[2020-12-27 19:02:02]    INFO >> epoch 036:     25 / 605 loss=73.135, nll_loss=6.023, bleu=0, ppl=65.04, wps=1041.5, ups=0.89, wpb=1165.6, bsz=96, num_updates=21200, lr=0.355277, gnorm=525.46, clip=100, train_wall=136, wall=11217 (progress_bar.py:262, log())
[2020-12-27 19:04:25]    INFO >> epoch 036:    225 / 605 loss=72.064, nll_loss=5.975, bleu=0, ppl=62.91, wps=1621.3, ups=1.4, wpb=1157.8, bsz=96, num_updates=21400, lr=0.355277, gnorm=514.672, clip=100, train_wall=142, wall=11360 (progress_bar.py:262, log())
[2020-12-27 19:06:27]    INFO >> epoch 036:    425 / 605 loss=72.873, nll_loss=5.996, bleu=0, ppl=63.82, wps=1910.5, ups=1.64, wpb=1163.4, bsz=95.7, num_updates=21600, lr=0.355277, gnorm=580.878, clip=100, train_wall=121, wall=11482 (progress_bar.py:262, log())
[2020-12-27 19:08:01]    INFO >> epoch 036 | loss 72.778 | nll_loss 5.996 | bleu 0 | ppl 63.82 | wps 1521 | ups 1.31 | wpb 1164.1 | bsz 95.9 | num_updates 21780 | lr 0.355277 | gnorm 590.968 | clip 100 | train_wall 373 | wall 11576 (progress_bar.py:269, print())
[2020-12-27 19:09:01]    INFO >> epoch 036 | valid on 'valid' subset | loss 76.535 | nll_loss 6.346 | bleu 12.9622 | ppl 81.34 | wps 875.2 | wpb 5856.9 | bsz 485.6 | num_updates 21780 | best_bleu 13.0265 (progress_bar.py:269, print())
[2020-12-27 19:09:02]    INFO >> saved checkpoint /home/wanyao/.ncc/code_search_net_feng/sum_sbt/javascript/data-mmap/deepcom/checkpoints/checkpoint_last.pt (epoch 36 @ 21780 updates, score 12.962194283579318) (writing took 0.7786399330943823 seconds) (checkpoint_utils.py:81, save_checkpoint())
[2020-12-27 19:09:18]    INFO >> epoch 037:     20 / 605 loss=73.306, nll_loss=6.006, bleu=0, ppl=64.28, wps=1366, ups=1.17, wpb=1171.7, bsz=96, num_updates=21800, lr=0.351724, gnorm=702.5, clip=100, train_wall=102, wall=11653 (progress_bar.py:262, log())
[2020-12-27 19:11:02]    INFO >> epoch 037:    220 / 605 loss=72.347, nll_loss=5.957, bleu=0, ppl=62.14, wps=2240, ups=1.93, wpb=1162.5, bsz=95.7, num_updates=22000, lr=0.351724, gnorm=9873.92, clip=100, train_wall=103, wall=11757 (progress_bar.py:262, log())
[2020-12-27 19:12:10]    INFO >> epoch 037:    420 / 605 loss=72.859, nll_loss=5.991, bleu=0, ppl=63.61, wps=3432.7, ups=2.94, wpb=1167.5, bsz=96, num_updates=22200, lr=0.351724, gnorm=1006.12, clip=100, train_wall=67, wall=11825 (progress_bar.py:262, log())
[2020-12-27 19:13:51]    INFO >> epoch 037 | loss 72.504 | nll_loss 5.973 | bleu 0 | ppl 62.83 | wps 2009.1 | ups 1.73 | wpb 1164.1 | bsz 95.9 | num_updates 22385 | lr 0.351724 | gnorm 3815.43 | clip 100 | train_wall 280 | wall 11926 (progress_bar.py:269, print())
[2020-12-27 19:14:51]    INFO >> epoch 037 | valid on 'valid' subset | loss 76.323 | nll_loss 6.328 | bleu 12.942 | ppl 80.36 | wps 847 | wpb 5856.9 | bsz 485.6 | num_updates 22385 | best_bleu 13.0265 (progress_bar.py:269, print())
[2020-12-27 19:14:52]    INFO >> saved checkpoint /home/wanyao/.ncc/code_search_net_feng/sum_sbt/javascript/data-mmap/deepcom/checkpoints/checkpoint_last.pt (epoch 37 @ 22385 updates, score 12.942031245564763) (writing took 0.7755914935842156 seconds) (checkpoint_utils.py:81, save_checkpoint())
[2020-12-27 19:15:07]    INFO >> epoch 038:     15 / 605 loss=72.421, nll_loss=5.974, bleu=0, ppl=62.88, wps=1313.7, ups=1.13, wpb=1163.7, bsz=96, num_updates=22400, lr=0.348207, gnorm=634.916, clip=100, train_wall=109, wall=12002 (progress_bar.py:262, log())
[2020-12-27 19:16:54]    INFO >> epoch 038:    215 / 605 loss=72.209, nll_loss=5.958, bleu=0, ppl=62.16, wps=2180.5, ups=1.87, wpb=1163.5, bsz=96, num_updates=22600, lr=0.348207, gnorm=2196.85, clip=100, train_wall=106, wall=12109 (progress_bar.py:262, log())
[2020-12-27 19:18:42]    INFO >> epoch 038:    415 / 605 loss=72.713, nll_loss=5.961, bleu=0, ppl=62.31, wps=2177.1, ups=1.86, wpb=1170.9, bsz=96, num_updates=22800, lr=0.348207, gnorm=562.867, clip=100, train_wall=107, wall=12217 (progress_bar.py:262, log())
[2020-12-27 19:20:32]    INFO >> epoch 038 | loss 72.318 | nll_loss 5.958 | bleu 0 | ppl 62.17 | wps 1758.9 | ups 1.51 | wpb 1164.1 | bsz 95.9 | num_updates 22990 | lr 0.348207 | gnorm 1156.3 | clip 100 | train_wall 330 | wall 12327 (progress_bar.py:269, print())
[2020-12-27 19:21:23]    INFO >> epoch 038 | valid on 'valid' subset | loss 76.455 | nll_loss 6.339 | bleu 12.7747 | ppl 80.97 | wps 1029.1 | wpb 5856.9 | bsz 485.6 | num_updates 22990 | best_bleu 13.0265 (progress_bar.py:269, print())
[2020-12-27 19:21:24]    INFO >> saved checkpoint /home/wanyao/.ncc/code_search_net_feng/sum_sbt/javascript/data-mmap/deepcom/checkpoints/checkpoint_last.pt (epoch 38 @ 22990 updates, score 12.774669182055739) (writing took 0.6866170298308134 seconds) (checkpoint_utils.py:81, save_checkpoint())
[2020-12-27 19:21:37]    INFO >> epoch 039:     10 / 605 loss=71.889, nll_loss=5.954, bleu=0, ppl=62, wps=1320.2, ups=1.14, wpb=1155.8, bsz=95.7, num_updates=23000, lr=0.344725, gnorm=729.118, clip=100, train_wall=115, wall=12392 (progress_bar.py:262, log())
[2020-12-27 19:23:23]    INFO >> epoch 039:    210 / 605 loss=72.264, nll_loss=5.93, bleu=0, ppl=60.96, wps=2208.3, ups=1.89, wpb=1169.9, bsz=96, num_updates=23200, lr=0.344725, gnorm=730.313, clip=100, train_wall=105, wall=12498 (progress_bar.py:262, log())
[2020-12-27 19:25:17]    INFO >> epoch 039:    410 / 605 loss=71.961, nll_loss=5.934, bleu=0, ppl=61.14, wps=2028.7, ups=1.75, wpb=1160.8, bsz=95.7, num_updates=23400, lr=0.344725, gnorm=1129.18, clip=100, train_wall=114, wall=12612 (progress_bar.py:262, log())
[2020-12-27 19:27:00]    INFO >> epoch 039 | loss 72.09 | nll_loss 5.939 | bleu 0 | ppl 61.36 | wps 1814.1 | ups 1.56 | wpb 1164.1 | bsz 95.9 | num_updates 23595 | lr 0.344725 | gnorm 1922.59 | clip 100 | train_wall 326 | wall 12715 (progress_bar.py:269, print())
[2020-12-27 19:27:24]    INFO >> epoch 039 | valid on 'valid' subset | loss 76.342 | nll_loss 6.33 | bleu 13.1547 | ppl 80.45 | wps 2815.4 | wpb 5856.9 | bsz 485.6 | num_updates 23595 | best_bleu 13.1547 (progress_bar.py:269, print())
[2020-12-27 19:27:25]    INFO >> saved checkpoint /home/wanyao/.ncc/code_search_net_feng/sum_sbt/javascript/data-mmap/deepcom/checkpoints/checkpoint_best.pt (epoch 39 @ 23595 updates, score 13.154660670181391) (writing took 1.0545987179502845 seconds) (checkpoint_utils.py:81, save_checkpoint())
[2020-12-27 19:27:33]    INFO >> epoch 040:      5 / 605 loss=72.136, nll_loss=5.959, bleu=0, ppl=62.2, wps=1704.4, ups=1.47, wpb=1162.1, bsz=96, num_updates=23600, lr=0.341277, gnorm=3935.1, clip=100, train_wall=104, wall=12748 (progress_bar.py:262, log())
[2020-12-27 19:29:28]    INFO >> epoch 040:    205 / 605 loss=71.901, nll_loss=5.919, bleu=0, ppl=60.49, wps=2031.3, ups=1.74, wpb=1166.2, bsz=96, num_updates=23800, lr=0.341277, gnorm=655.758, clip=100, train_wall=114, wall=12863 (progress_bar.py:262, log())
[2020-12-27 19:31:16]    INFO >> epoch 040:    405 / 605 loss=72.013, nll_loss=5.912, bleu=0, ppl=60.23, wps=2159.2, ups=1.85, wpb=1165.9, bsz=95.7, num_updates=24000, lr=0.341277, gnorm=766.332, clip=100, train_wall=107, wall=12971 (progress_bar.py:262, log())
[2020-12-27 19:33:01]    INFO >> epoch 040:    605 / 605 loss=71.905, nll_loss=5.945, bleu=0, ppl=61.59, wps=2208.3, ups=1.9, wpb=1161.2, bsz=96, num_updates=24200, lr=0.341277, gnorm=1070.26, clip=100, train_wall=104, wall=13076 (progress_bar.py:262, log())
[2020-12-27 19:33:02]    INFO >> epoch 040 | loss 71.918 | nll_loss 5.925 | bleu 0 | ppl 60.76 | wps 1946.8 | ups 1.67 | wpb 1164.1 | bsz 95.9 | num_updates 24200 | lr 0.341277 | gnorm 828.332 | clip 100 | train_wall 327 | wall 13077 (progress_bar.py:269, print())
[2020-12-27 19:34:04]    INFO >> epoch 040 | valid on 'valid' subset | loss 76.314 | nll_loss 6.328 | bleu 12.9234 | ppl 80.31 | wps 853.2 | wpb 5856.9 | bsz 485.6 | num_updates 24200 | best_bleu 13.1547 (progress_bar.py:269, print())
[2020-12-27 19:34:05]    INFO >> saved checkpoint /home/wanyao/.ncc/code_search_net_feng/sum_sbt/javascript/data-mmap/deepcom/checkpoints/checkpoint_last.pt (epoch 40 @ 24200 updates, score 12.923439610569522) (writing took 0.7908423542976379 seconds) (checkpoint_utils.py:81, save_checkpoint())
[2020-12-27 19:36:01]    INFO >> epoch 041:    200 / 605 loss=71.408, nll_loss=5.89, bleu=0, ppl=59.29, wps=1293.7, ups=1.11, wpb=1160.6, bsz=95.7, num_updates=24400, lr=0.337865, gnorm=56876.9, clip=100, train_wall=109, wall=13256 (progress_bar.py:262, log())
[2020-12-27 19:37:47]    INFO >> epoch 041:    400 / 605 loss=71.908, nll_loss=5.912, bleu=0, ppl=60.2, wps=2200.8, ups=1.88, wpb=1167.7, bsz=96, num_updates=24600, lr=0.337865, gnorm=1097.9, clip=100, train_wall=105, wall=13362 (progress_bar.py:262, log())
[2020-12-27 19:39:38]    INFO >> epoch 041:    600 / 605 loss=71.737, nll_loss=5.916, bleu=0, ppl=60.37, wps=2105.3, ups=1.81, wpb=1164.1, bsz=96, num_updates=24800, lr=0.337865, gnorm=863.053, clip=100, train_wall=110, wall=13473 (progress_bar.py:262, log())
[2020-12-27 19:39:40]    INFO >> epoch 041 | loss 71.697 | nll_loss 5.907 | bleu 0 | ppl 60 | wps 1767.5 | ups 1.52 | wpb 1164.1 | bsz 95.9 | num_updates 24805 | lr 0.337865 | gnorm 19461.5 | clip 100 | train_wall 326 | wall 13475 (progress_bar.py:269, print())
[2020-12-27 19:40:41]    INFO >> epoch 041 | valid on 'valid' subset | loss 76.306 | nll_loss 6.327 | bleu 12.814 | ppl 80.28 | wps 833.8 | wpb 5856.9 | bsz 485.6 | num_updates 24805 | best_bleu 13.1547 (progress_bar.py:269, print())
[2020-12-27 19:40:42]    INFO >> saved checkpoint /home/wanyao/.ncc/code_search_net_feng/sum_sbt/javascript/data-mmap/deepcom/checkpoints/checkpoint_last.pt (epoch 41 @ 24805 updates, score 12.814034155960943) (writing took 0.7180067989975214 seconds) (checkpoint_utils.py:81, save_checkpoint())
[2020-12-27 19:42:29]    INFO >> epoch 042:    195 / 605 loss=71.142, nll_loss=5.878, bleu=0, ppl=58.8, wps=1353.9, ups=1.17, wpb=1161.9, bsz=96, num_updates=25000, lr=0.334486, gnorm=1034.32, clip=100, train_wall=102, wall=13644 (progress_bar.py:262, log())
[2020-12-27 19:43:39]    INFO >> epoch 042:    395 / 605 loss=71.572, nll_loss=5.902, bleu=0, ppl=59.78, wps=3314.2, ups=2.85, wpb=1164.3, bsz=96, num_updates=25200, lr=0.334486, gnorm=938.794, clip=100, train_wall=69, wall=13714 (progress_bar.py:262, log())
[2020-12-27 19:45:30]    INFO >> epoch 042:    595 / 605 loss=72.01, nll_loss=5.906, bleu=0, ppl=59.95, wps=2122.6, ups=1.81, wpb=1170.6, bsz=96, num_updates=25400, lr=0.334486, gnorm=1195.58, clip=100, train_wall=109, wall=13825 (progress_bar.py:262, log())
[2020-12-27 19:45:35]    INFO >> epoch 042 | loss 71.526 | nll_loss 5.893 | bleu 0 | ppl 59.42 | wps 1985.2 | ups 1.71 | wpb 1164.1 | bsz 95.9 | num_updates 25410 | lr 0.334486 | gnorm 1084.13 | clip 100 | train_wall 283 | wall 13830 (progress_bar.py:269, print())
[2020-12-27 19:46:31]    INFO >> epoch 042 | valid on 'valid' subset | loss 76.356 | nll_loss 6.331 | bleu 12.9362 | ppl 80.51 | wps 935.1 | wpb 5856.9 | bsz 485.6 | num_updates 25410 | best_bleu 13.1547 (progress_bar.py:269, print())
[2020-12-27 19:46:31]    INFO >> saved checkpoint /home/wanyao/.ncc/code_search_net_feng/sum_sbt/javascript/data-mmap/deepcom/checkpoints/checkpoint_last.pt (epoch 42 @ 25410 updates, score 12.93620664681493) (writing took 0.7192909261211753 seconds) (checkpoint_utils.py:81, save_checkpoint())
[2020-12-27 19:48:20]    INFO >> epoch 043:    190 / 605 loss=71.546, nll_loss=5.885, bleu=0, ppl=59.09, wps=1371.3, ups=1.18, wpb=1163.8, bsz=95.7, num_updates=25600, lr=0.331141, gnorm=1891.28, clip=100, train_wall=105, wall=13995 (progress_bar.py:262, log())
[2020-12-27 19:50:15]    INFO >> epoch 043:    390 / 605 loss=70.715, nll_loss=5.866, bleu=0, ppl=58.34, wps=2004.2, ups=1.74, wpb=1153.9, bsz=95.7, num_updates=25800, lr=0.331141, gnorm=705.976, clip=100, train_wall=114, wall=14110 (progress_bar.py:262, log())
[2020-12-27 19:52:02]    INFO >> epoch 043:    590 / 605 loss=71.995, nll_loss=5.907, bleu=0, ppl=59.99, wps=2172.6, ups=1.86, wpb=1170.1, bsz=96, num_updates=26000, lr=0.331141, gnorm=3013.16, clip=100, train_wall=107, wall=14217 (progress_bar.py:262, log())
[2020-12-27 19:52:12]    INFO >> epoch 043 | loss 71.433 | nll_loss 5.885 | bleu 0 | ppl 59.1 | wps 1776.2 | ups 1.53 | wpb 1164.1 | bsz 95.9 | num_updates 26015 | lr 0.331141 | gnorm 1826.93 | clip 100 | train_wall 331 | wall 14227 (progress_bar.py:269, print())
[2020-12-27 19:53:00]    INFO >> epoch 043 | valid on 'valid' subset | loss 76.212 | nll_loss 6.319 | bleu 12.9226 | ppl 79.85 | wps 1162.8 | wpb 5856.9 | bsz 485.6 | num_updates 26015 | best_bleu 13.1547 (progress_bar.py:269, print())
[2020-12-27 19:53:01]    INFO >> saved checkpoint /home/wanyao/.ncc/code_search_net_feng/sum_sbt/javascript/data-mmap/deepcom/checkpoints/checkpoint_last.pt (epoch 43 @ 26015 updates, score 12.922581409063985) (writing took 0.7363274758681655 seconds) (checkpoint_utils.py:81, save_checkpoint())
[2020-12-27 19:54:55]    INFO >> epoch 044:    185 / 605 loss=70.78, nll_loss=5.855, bleu=0, ppl=57.88, wps=1345.3, ups=1.16, wpb=1160.5, bsz=96, num_updates=26200, lr=0.32783, gnorm=4562.46, clip=100, train_wall=115, wall=14390 (progress_bar.py:262, log())
[2020-12-27 19:56:43]    INFO >> epoch 044:    385 / 605 loss=72.023, nll_loss=5.887, bleu=0, ppl=59.17, wps=2173.4, ups=1.85, wpb=1174.5, bsz=96, num_updates=26400, lr=0.32783, gnorm=1901.15, clip=100, train_wall=107, wall=14498 (progress_bar.py:262, log())
[2020-12-27 19:58:28]    INFO >> epoch 044:    585 / 605 loss=71.209, nll_loss=5.88, bleu=0, ppl=58.87, wps=2204.5, ups=1.9, wpb=1159.4, bsz=95.7, num_updates=26600, lr=0.32783, gnorm=2635.34, clip=100, train_wall=104, wall=14603 (progress_bar.py:262, log())
[2020-12-27 19:58:40]    INFO >> epoch 044 | loss 71.34 | nll_loss 5.877 | bleu 0 | ppl 58.79 | wps 1815.2 | ups 1.56 | wpb 1164.1 | bsz 95.9 | num_updates 26620 | lr 0.32783 | gnorm 3044.22 | clip 100 | train_wall 329 | wall 14615 (progress_bar.py:269, print())
[2020-12-27 19:59:10]    INFO >> epoch 044 | valid on 'valid' subset | loss 76.223 | nll_loss 6.32 | bleu 12.9911 | ppl 79.9 | wps 2009 | wpb 5856.9 | bsz 485.6 | num_updates 26620 | best_bleu 13.1547 (progress_bar.py:269, print())
[2020-12-27 19:59:10]    INFO >> saved checkpoint /home/wanyao/.ncc/code_search_net_feng/sum_sbt/javascript/data-mmap/deepcom/checkpoints/checkpoint_last.pt (epoch 44 @ 26620 updates, score 12.991071085419572) (writing took 0.663739955984056 seconds) (checkpoint_utils.py:81, save_checkpoint())
[2020-12-27 20:00:40]    INFO >> epoch 045:    180 / 605 loss=71.152, nll_loss=5.869, bleu=0, ppl=58.44, wps=1764.3, ups=1.52, wpb=1163.9, bsz=96, num_updates=26800, lr=0.324551, gnorm=1319.48, clip=100, train_wall=93, wall=14735 (progress_bar.py:262, log())
[2020-12-27 20:02:15]    INFO >> epoch 045:    380 / 605 loss=71.064, nll_loss=5.856, bleu=0, ppl=57.91, wps=2459.7, ups=2.12, wpb=1161.7, bsz=95.7, num_updates=27000, lr=0.324551, gnorm=6784.08, clip=100, train_wall=94, wall=14830 (progress_bar.py:262, log())
[2020-12-27 20:03:48]    INFO >> epoch 045:    580 / 605 loss=71.509, nll_loss=5.886, bleu=0, ppl=59.15, wps=2493.2, ups=2.14, wpb=1166.2, bsz=96, num_updates=27200, lr=0.324551, gnorm=2458.64, clip=100, train_wall=93, wall=14923 (progress_bar.py:262, log())
[2020-12-27 20:04:00]    INFO >> epoch 045 | loss 71.245 | nll_loss 5.87 | bleu 0 | ppl 58.47 | wps 2197.2 | ups 1.89 | wpb 1164.1 | bsz 95.9 | num_updates 27225 | lr 0.324551 | gnorm 3493 | clip 100 | train_wall 280 | wall 14935 (progress_bar.py:269, print())
[2020-12-27 20:04:42]    INFO >> epoch 045 | valid on 'valid' subset | loss 76.281 | nll_loss 6.325 | bleu 12.9485 | ppl 80.16 | wps 1316.4 | wpb 5856.9 | bsz 485.6 | num_updates 27225 | best_bleu 13.1547 (progress_bar.py:269, print())
[2020-12-27 20:04:43]    INFO >> saved checkpoint /home/wanyao/.ncc/code_search_net_feng/sum_sbt/javascript/data-mmap/deepcom/checkpoints/checkpoint_last.pt (epoch 45 @ 27225 updates, score 12.948549533700156) (writing took 0.7595549635589123 seconds) (checkpoint_utils.py:81, save_checkpoint())
[2020-12-27 20:06:11]    INFO >> epoch 046:    175 / 605 loss=70.695, nll_loss=5.853, bleu=0, ppl=57.82, wps=1619.6, ups=1.4, wpb=1159.4, bsz=96, num_updates=27400, lr=0.321306, gnorm=1593.7, clip=100, train_wall=93, wall=15066 (progress_bar.py:262, log())
[2020-12-27 20:07:44]    INFO >> epoch 046:    375 / 605 loss=70.801, nll_loss=5.855, bleu=0, ppl=57.88, wps=2486.8, ups=2.15, wpb=1157.5, bsz=95.7, num_updates=27600, lr=0.321306, gnorm=4715.75, clip=100, train_wall=92, wall=15159 (progress_bar.py:262, log())
[2020-12-27 20:09:17]    INFO >> epoch 046:    575 / 605 loss=71.836, nll_loss=5.888, bleu=0, ppl=59.24, wps=2523.8, ups=2.15, wpb=1171.2, bsz=96, num_updates=27800, lr=0.321306, gnorm=994.683, clip=100, train_wall=92, wall=15252 (progress_bar.py:262, log())
[2020-12-27 20:09:32]    INFO >> epoch 046 | loss 71.178 | nll_loss 5.864 | bleu 0 | ppl 58.25 | wps 2124.1 | ups 1.82 | wpb 1164.1 | bsz 95.9 | num_updates 27830 | lr 0.321306 | gnorm 2408.14 | clip 100 | train_wall 279 | wall 15267 (progress_bar.py:269, print())
[2020-12-27 20:10:15]    INFO >> epoch 046 | valid on 'valid' subset | loss 76.181 | nll_loss 6.317 | bleu 12.8176 | ppl 79.7 | wps 1300.7 | wpb 5856.9 | bsz 485.6 | num_updates 27830 | best_bleu 13.1547 (progress_bar.py:269, print())
[2020-12-27 20:10:15]    INFO >> saved checkpoint /home/wanyao/.ncc/code_search_net_feng/sum_sbt/javascript/data-mmap/deepcom/checkpoints/checkpoint_last.pt (epoch 46 @ 27830 updates, score 12.817640928370345) (writing took 0.7163865342736244 seconds) (checkpoint_utils.py:81, save_checkpoint())
[2020-12-27 20:11:41]    INFO >> epoch 047:    170 / 605 loss=70.757, nll_loss=5.826, bleu=0, ppl=56.75, wps=1618.7, ups=1.39, wpb=1165.8, bsz=96, num_updates=28000, lr=0.318093, gnorm=1084.03, clip=100, train_wall=93, wall=15396 (progress_bar.py:262, log())
[2020-12-27 20:12:38]    INFO >> epoch 047:    370 / 605 loss=71.205, nll_loss=5.86, bleu=0, ppl=58.09, wps=4098.5, ups=3.51, wpb=1166.5, bsz=96, num_updates=28200, lr=0.318093, gnorm=1699.75, clip=100, train_wall=56, wall=15453 (progress_bar.py:262, log())
[2020-12-27 20:13:59]    INFO >> epoch 047:    570 / 605 loss=71.12, nll_loss=5.857, bleu=0, ppl=57.95, wps=2872.7, ups=2.47, wpb=1162.4, bsz=95.7, num_updates=28400, lr=0.318093, gnorm=1136.82, clip=100, train_wall=80, wall=15534 (progress_bar.py:262, log())
[2020-12-27 20:14:16]    INFO >> epoch 047 | loss 70.979 | nll_loss 5.848 | bleu 0 | ppl 57.59 | wps 2479.2 | ups 2.13 | wpb 1164.1 | bsz 95.9 | num_updates 28435 | lr 0.318093 | gnorm 1319.74 | clip 100 | train_wall 231 | wall 15551 (progress_bar.py:269, print())
[2020-12-27 20:14:57]    INFO >> epoch 047 | valid on 'valid' subset | loss 76.274 | nll_loss 6.324 | bleu 12.7456 | ppl 80.13 | wps 1343 | wpb 5856.9 | bsz 485.6 | num_updates 28435 | best_bleu 13.1547 (progress_bar.py:269, print())
[2020-12-27 20:14:58]    INFO >> saved checkpoint /home/wanyao/.ncc/code_search_net_feng/sum_sbt/javascript/data-mmap/deepcom/checkpoints/checkpoint_last.pt (epoch 47 @ 28435 updates, score 12.745559824347907) (writing took 0.7179230228066444 seconds) (checkpoint_utils.py:81, save_checkpoint())
[2020-12-27 20:16:22]    INFO >> epoch 048:    165 / 605 loss=71.094, nll_loss=5.834, bleu=0, ppl=57.04, wps=1640.3, ups=1.4, wpb=1169.9, bsz=96, num_updates=28600, lr=0.314912, gnorm=983.166, clip=100, train_wall=93, wall=15677 (progress_bar.py:262, log())
[2020-12-27 20:17:56]    INFO >> epoch 048:    365 / 605 loss=70.847, nll_loss=5.832, bleu=0, ppl=56.97, wps=2479.8, ups=2.13, wpb=1162.8, bsz=95.7, num_updates=28800, lr=0.314912, gnorm=881.151, clip=100, train_wall=93, wall=15771 (progress_bar.py:262, log())
[2020-12-27 20:19:30]    INFO >> epoch 048:    565 / 605 loss=70.625, nll_loss=5.845, bleu=0, ppl=57.48, wps=2470.2, ups=2.13, wpb=1160, bsz=96, num_updates=29000, lr=0.314912, gnorm=1042.12, clip=100, train_wall=93, wall=15865 (progress_bar.py:262, log())
[2020-12-27 20:19:49]    INFO >> epoch 048 | loss 70.874 | nll_loss 5.839 | bleu 0 | ppl 57.25 | wps 2116.3 | ups 1.82 | wpb 1164.1 | bsz 95.9 | num_updates 29040 | lr 0.314912 | gnorm 961.622 | clip 100 | train_wall 281 | wall 15884 (progress_bar.py:269, print())
[2020-12-27 20:20:33]    INFO >> epoch 048 | valid on 'valid' subset | loss 76.358 | nll_loss 6.331 | bleu 13.0105 | ppl 80.52 | wps 1247.3 | wpb 5856.9 | bsz 485.6 | num_updates 29040 | best_bleu 13.1547 (progress_bar.py:269, print())
[2020-12-27 20:20:34]    INFO >> saved checkpoint /home/wanyao/.ncc/code_search_net_feng/sum_sbt/javascript/data-mmap/deepcom/checkpoints/checkpoint_last.pt (epoch 48 @ 29040 updates, score 13.010509548582434) (writing took 0.7919868659228086 seconds) (checkpoint_utils.py:81, save_checkpoint())
[2020-12-27 20:21:56]    INFO >> epoch 049:    160 / 605 loss=70.598, nll_loss=5.832, bleu=0, ppl=56.97, wps=1579.5, ups=1.36, wpb=1158.7, bsz=95.7, num_updates=29200, lr=0.311763, gnorm=1921.24, clip=100, train_wall=93, wall=16011 (progress_bar.py:262, log())
[2020-12-27 20:23:30]    INFO >> epoch 049:    360 / 605 loss=70.94, nll_loss=5.842, bleu=0, ppl=57.36, wps=2476.4, ups=2.12, wpb=1165.7, bsz=96, num_updates=29400, lr=0.311763, gnorm=1121.67, clip=100, train_wall=93, wall=16105 (progress_bar.py:262, log())
[2020-12-27 20:25:05]    INFO >> epoch 049:    560 / 605 loss=71.025, nll_loss=5.829, bleu=0, ppl=56.85, wps=2481, ups=2.12, wpb=1169.7, bsz=96, num_updates=29600, lr=0.311763, gnorm=1283.65, clip=100, train_wall=93, wall=16200 (progress_bar.py:262, log())
[2020-12-27 20:25:21]    INFO >> epoch 049 | loss 70.749 | nll_loss 5.829 | bleu 0 | ppl 56.84 | wps 2116.7 | ups 1.82 | wpb 1164.1 | bsz 95.9 | num_updates 29645 | lr 0.311763 | gnorm 1430.12 | clip 100 | train_wall 277 | wall 16216 (progress_bar.py:269, print())
[2020-12-27 20:25:43]    INFO >> epoch 049 | valid on 'valid' subset | loss 76.401 | nll_loss 6.335 | bleu 12.877 | ppl 80.72 | wps 3219.6 | wpb 5856.9 | bsz 485.6 | num_updates 29645 | best_bleu 13.1547 (progress_bar.py:269, print())
[2020-12-27 20:25:44]    INFO >> saved checkpoint /home/wanyao/.ncc/code_search_net_feng/sum_sbt/javascript/data-mmap/deepcom/checkpoints/checkpoint_last.pt (epoch 49 @ 29645 updates, score 12.876987464823333) (writing took 0.7991840308532119 seconds) (checkpoint_utils.py:81, save_checkpoint())
[2020-12-27 20:27:04]    INFO >> epoch 050:    155 / 605 loss=70.209, nll_loss=5.804, bleu=0, ppl=55.87, wps=1955, ups=1.68, wpb=1161.3, bsz=96, num_updates=29800, lr=0.308645, gnorm=3370.81, clip=100, train_wall=88, wall=16319 (progress_bar.py:262, log())
[2020-12-27 20:28:37]    INFO >> epoch 050:    355 / 605 loss=70.839, nll_loss=5.823, bleu=0, ppl=56.63, wps=2497.5, ups=2.14, wpb=1167.8, bsz=96, num_updates=30000, lr=0.308645, gnorm=2425.85, clip=100, train_wall=93, wall=16412 (progress_bar.py:262, log())
[2020-12-27 20:30:11]    INFO >> epoch 050:    555 / 605 loss=70.795, nll_loss=5.826, bleu=0, ppl=56.72, wps=2483.5, ups=2.13, wpb=1163.3, bsz=95.7, num_updates=30200, lr=0.308645, gnorm=1133.29, clip=100, train_wall=93, wall=16506 (progress_bar.py:262, log())
[2020-12-27 20:30:35]    INFO >> epoch 050 | loss 70.629 | nll_loss 5.819 | bleu 0 | ppl 56.45 | wps 2249.5 | ups 1.93 | wpb 1164.1 | bsz 95.9 | num_updates 30250 | lr 0.308645 | gnorm 2324.55 | clip 100 | train_wall 281 | wall 16530 (progress_bar.py:269, print())
[2020-12-27 20:31:18]    INFO >> epoch 050 | valid on 'valid' subset | loss 76.285 | nll_loss 6.325 | bleu 12.7921 | ppl 80.18 | wps 1285.4 | wpb 5856.9 | bsz 485.6 | num_updates 30250 | best_bleu 13.1547 (progress_bar.py:269, print())
[2020-12-27 20:31:18]    INFO >> saved checkpoint /home/wanyao/.ncc/code_search_net_feng/sum_sbt/javascript/data-mmap/deepcom/checkpoints/checkpoint_last.pt (epoch 50 @ 30250 updates, score 12.792088513551965) (writing took 0.7407850930467248 seconds) (checkpoint_utils.py:81, save_checkpoint())
[2020-12-27 20:31:18]    INFO >> done training in 16571.7 seconds (train.py:279, single_main())
