nohup: ignoring input
Using backend: pytorch
[32m[2022-06-23 20:56:35]    INFO >> Load arguments in /mnt/c/Users/38013/OneDrive/Code/naturalcc/run/summarization/deepcom/config/csn_feng/java.yml (train.py:293, cli_main())[0m
[32m[2022-06-23 20:56:35]    INFO >> {'criterion': 'cross_entropy', 'optimizer': 'sgd', 'lr_scheduler': 'fixed', 'tokenizer': None, 'bpe': None, 'common': {'no_progress_bar': 0, 'log_interval': 50, 'log_format': 'simple', 'tensorboard_logdir': '', 'memory_efficient_fp16': 1, 'fp16_no_flatten_grads': 1, 'fp16_init_scale': 128, 'fp16_scale_window': None, 'fp16_scale_tolerance': 0.0, 'min_loss_scale': 0.0001, 'threshold_loss_scale': None, 'empty_cache_freq': 0, 'task': 'summarization', 'seed': 1, 'cpu': 0, 'fp16': 0, 'fp16_opt_level': '01', 'server_ip': '', 'server_port': ''}, 'dataset': {'num_workers': 3, 'skip_invalid_size_inputs_valid_test': 1, 'max_tokens': None, 'max_sentences': 100, 'required_batch_size_multiple': 8, 'dataset_impl': 'mmap', 'train_subset': 'train', 'valid_subset': 'valid', 'validate_interval': 1, 'fixed_validation_seed': None, 'disable_validation': 0, 'max_tokens_valid': None, 'max_sentences_valid': 512, 'curriculum': 0, 'gen_subset': 'test', 'num_shards': 1, 'shard_id': 0}, 'distributed_training': {'distributed_world_size': 1, 'distributed_rank': 0, 'distributed_backend': 'nccl', 'distributed_init_method': None, 'distributed_port': -1, 'device_id': 0, 'distributed_no_spawn': 0, 'ddp_backend': 'c10d', 'bucket_cap_mb': 25, 'fix_batches_to_gpus': None, 'find_unused_parameters': 0, 'fast_stat_sync': 0, 'broadcast_buffers': 0, 'global_sync_iter': 50, 'warmup_iterations': 500, 'local_rank': -1, 'block_momentum': 0.875, 'block_lr': 1, 'use_nbm': 0, 'average_sync': 0}, 'task': {'data': '/data/ncc_data/.ncc/code_search_net_feng/sum_sbt/java/data-mmap', 'source_lang': 'sbt', 'target_lang': 'docstring_tokens', 'load_alignments': 0, 'left_pad_source': 0, 'left_pad_target': 0, 'max_source_positions': 400, 'max_target_positions': 30, 'upsample_primary': 1, 'truncate_source': 1, 'truncate_target': 1, 'append_eos_to_target': 1, 'eval_bleu': 1, 'eval_bleu_detok': 'space', 'eval_bleu_detok_args': None, 'eval_tokenized_bleu': 0, 'eval_bleu_remove_bpe': None, 'eval_bleu_args': None, 'eval_bleu_print_samples': 0}, 'model': {'arch': 'deepcom', 'encoder_embed_dim': 512, 'encoder_embed': None, 'encoder_freeze_embed': 0, 'encoder_hidden_size': 512, 'encoder_layers': 2, 'encoder_bidirectional': 0, 'decoder_embed_dim': 512, 'decoder_embed': None, 'decoder_freeze_embed': None, 'decoder_hidden_size': 512, 'decoder_layers': 1, 'decoder_out_embed_dim': 512, 'decoder_attention': 1, 'adaptive_softmax_cutoff': None, 'share_decoder_input_output_embed': 0, 'share_all_embeddings': 0, 'encoder_dropout_in': 0.5, 'encoder_dropout_out': 0.5, 'decoder_dropout_in': 0.5, 'decoder_dropout_out': 0.5, 'max_source_positions': 400, 'max_target_positions': 30}, 'optimization': {'max_epoch': 50, 'max_update': 0, 'clip_norm': 5, 'update_freq': [1], 'lr': [0.5], 'min_lr': -1, 'use_bmuf': 1, 'force_anneal': 0, 'warmup_updates': 0, 'lr_shrink': 0.99, 'sentence_avg': 1, 'adam': {'adam_betas': '(0.9, 0.999)', 'adam_eps': 1e-08, 'weight_decay': 0.0, 'use_old_adam': 0}, 'weight_decay': 0.0, 'adam_epsilon': 1e-08, 'sgd': {'momentum': 0, 'weight_decay': 0, 'dampening': 0, 'nesterov': 0}, 'max_grad_norm': 1.0, 'num_train_epochs': 5, 'max_steps': -1, 'warmup_steps': 0, 'gradient_accumulation_steps': 1}, 'checkpoint': {'restore_file': 'checkpoint_last.pt', 'reset_dataloader': None, 'reset_lr_scheduler': None, 'reset_meters': None, 'reset_optimizer': None, 'optimizer_overrides': '{}', 'save_interval': 1, 'save_interval_updates': 0, 'keep_interval_updates': 0, 'keep_last_epochs': -1, 'keep_best_checkpoints': -1, 'no_save': 0, 'no_epoch_checkpoints': 1, 'no_last_checkpoints': 0, 'no_save_optimizer_state': None, 'best_checkpoint_metric': 'bleu', 'maximize_best_checkpoint_metric': 1, 'patience': -1, 'save_dir': '/data/ncc_data/.ncc/code_search_net_feng/sum_sbt/java/data-mmap/deepcom/checkpoints', 'should_continue': 0, 'model_name_or_path': None, 'cache_dir': None, 'logging_steps': 500, 'save_steps': 2000, 'save_total_limit': 2, 'overwrite_output_dir': 0, 'overwrite_cache': 0}, 'eval': {'path': '/data/ncc_data/.ncc/code_search_net_feng/sum_sbt/java/data-mmap/deepcom/checkpoints/checkpoint_best.pt', 'result_path': None, 'remove_bpe': None, 'quiet': 0, 'model_overrides': '{}', 'max_sentences': 2048, 'beam': 1, 'nbest': 1, 'max_len_a': 0, 'max_len_b': 30, 'min_len': 1, 'match_source_len': 0, 'no_early_stop': 0, 'unnormalized': 0, 'no_beamable_mm': 0, 'lenpen': 1, 'unkpen': 0, 'replace_unk': None, 'sacrebleu': 0, 'score_reference': 0, 'prefix_size': 0, 'no_repeat_ngram_size': 0, 'sampling': 0, 'sampling_topk': -1, 'sampling_topp': -1, 'temperature': 1.0, 'diverse_beam_groups': -1, 'diverse_beam_strength': 0.5, 'diversity_rate': -1.0, 'print_alignment': 0, 'print_step': 0, 'iter_decode_eos_penalty': 0.0, 'iter_decode_max_iter': 10, 'iter_decode_force_max_iter': 0, 'iter_decode_with_beam': 1, 'iter_decode_with_external_reranker': 0, 'retain_iter_history': 0, 'decoding_format': None, 'nltk_bleu': 1, 'rouge': 1}} (train.py:295, cli_main())[0m
[32m[2022-06-23 20:56:35]    INFO >> single GPU training... (train.py:324, cli_main())[0m
Traceback (most recent call last):
  File "/home/qiuyuanchen/anaconda3/lib/python3.9/runpy.py", line 197, in _run_module_as_main
    return _run_code(code, main_globals, None,
  File "/home/qiuyuanchen/anaconda3/lib/python3.9/runpy.py", line 87, in _run_code
    exec(code, run_globals)
  File "/mnt/c/Users/38013/OneDrive/Code/naturalcc/run/summarization/deepcom/train.py", line 329, in <module>
    cli_main()
  File "/mnt/c/Users/38013/OneDrive/Code/naturalcc/run/summarization/deepcom/train.py", line 325, in cli_main
    single_main(args)
  File "/mnt/c/Users/38013/OneDrive/Code/naturalcc/run/summarization/deepcom/train.py", line 206, in single_main
    task = tasks.setup_task(args)
  File "/mnt/c/Users/38013/OneDrive/Code/naturalcc/ncc/tasks/__init__.py", line 15, in setup_task
    return TASK_REGISTRY[args['common']['task']].setup_task(args, **kwargs)
  File "/mnt/c/Users/38013/OneDrive/Code/naturalcc/ncc/tasks/summarization/summarization.py", line 204, in setup_task
    src_dict = cls.load_dictionary(os.path.join(paths[0], '{}.dict.jsonl'.format(args['task']['source_lang'])))
  File "/mnt/c/Users/38013/OneDrive/Code/naturalcc/ncc/tasks/ncc_task.py", line 53, in load_dictionary
    return Dictionary.load(filename)
  File "/mnt/c/Users/38013/OneDrive/Code/naturalcc/ncc/data/dictionary.py", line 240, in load
    d.add_from_file(f)
  File "/mnt/c/Users/38013/OneDrive/Code/naturalcc/ncc/data/dictionary.py", line 270, in add_from_file
    raise fnfe
  File "/mnt/c/Users/38013/OneDrive/Code/naturalcc/ncc/data/dictionary.py", line 267, in add_from_file
    with file_io.open(f, "r") as fd:
  File "/mnt/c/Users/38013/OneDrive/Code/naturalcc/ncc/utils/file_ops/file_io.py", line 22, in open
    return builtins.open(file, mode=mode, **kwargs)
FileNotFoundError: [Errno 2] No such file or directory: '/data/ncc_data/.ncc/code_search_net_feng/sum_sbt/java/data-mmap/sbt.dict.jsonl'
