nohup: ignoring input
Using backend: pytorch
The tokenizer class you load from this checkpoint is not the same type as the class this function is called from. It may result in unexpected tokenization. 
The tokenizer class you load from this checkpoint is 'RobertaTokenizer'. 
The class this function is called from is 'TransformersDictionary'.
Some weights of the model checkpoint at microsoft/graphcodebert-base were not used when initializing RobertaModel: ['lm_head.dense.weight', 'lm_head.decoder.bias', 'lm_head.decoder.weight', 'lm_head.dense.bias', 'lm_head.layer_norm.weight', 'lm_head.layer_norm.bias', 'lm_head.bias']
- This IS expected if you are initializing RobertaModel from the checkpoint of a model trained on another task or with another architecture (e.g. initializing a BertForSequenceClassification model from a BertForPreTraining model).
- This IS NOT expected if you are initializing RobertaModel from the checkpoint of a model that you expect to be exactly identical (initializing a BertForSequenceClassification model from a BertForSequenceClassification model).
Some weights of RobertaModel were not initialized from the model checkpoint at microsoft/graphcodebert-base and are newly initialized: ['roberta.pooler.dense.bias', 'roberta.pooler.dense.weight']
You should probably TRAIN this model on a down-stream task to be able to use it for predictions and inference.
[2021-11-05 11:23:11]    INFO >> No /home/wanyao/yang/ncc_data/avatar/translation/top3/graphcodebert/data-mmap/python-java/last_checkpoint.pt to initialize model (train.py:88, <module>())
[2021-11-05 11:23:11]    INFO >> Start training epoch   1/100, best bleu4: 0.00 (train.py:90, <module>())
/home/wanyao/anaconda3/envs/py37/lib/python3.7/site-packages/torch/optim/lr_scheduler.py:134: UserWarning: Detected call of `lr_scheduler.step()` before `optimizer.step()`. In PyTorch 1.1.0 and later, you should call them in the opposite order: `optimizer.step()` before `lr_scheduler.step()`.  Failure to do this will result in PyTorch skipping the first value of the learning rate schedule. See more details at https://pytorch.org/docs/stable/optim.html#how-to-adjust-learning-rate
  "https://pytorch.org/docs/stable/optim.html#how-to-adjust-learning-rate", UserWarning)
[2021-11-05 11:29:52]    INFO >> Epoch   1/100, Batch 500/5302, train loss: 2216.7951 (train.py:127, train())
[2021-11-05 11:34:42]    INFO >> Epoch   1/100, Batch 1000/5302, train loss: 1770.2437 (train.py:127, train())
[2021-11-05 11:39:36]    INFO >> Epoch   1/100, Batch 1500/5302, train loss: 1557.1188 (train.py:127, train())
[2021-11-05 11:44:40]    INFO >> Epoch   1/100, Batch 2000/5302, train loss: 1406.4375 (train.py:127, train())
[2021-11-05 11:49:51]    INFO >> Epoch   1/100, Batch 2500/5302, train loss: 1291.8764 (train.py:127, train())
[2021-11-05 11:55:01]    INFO >> Epoch   1/100, Batch 3000/5302, train loss: 1203.0977 (train.py:127, train())
[2021-11-05 11:59:51]    INFO >> Epoch   1/100, Batch 3500/5302, train loss: 1133.8134 (train.py:127, train())
[2021-11-05 12:04:58]    INFO >> Epoch   1/100, Batch 4000/5302, train loss: 1076.4258 (train.py:127, train())
[2021-11-05 12:10:02]    INFO >> Epoch   1/100, Batch 4500/5302, train loss: 1027.1102 (train.py:127, train())
[2021-11-05 12:15:22]    INFO >> Epoch   1/100, Batch 5000/5302, train loss: 986.3837 (train.py:127, train())
Using backend: pytorch
Using backend: pytorch
Using backend: pytorch
[2021-11-05 12:18:44]    INFO >> Epoch   1/100, train loss: 963.9522 (train.py:136, <module>())
Using backend: pytorch
Using backend: pytorch
Using backend: pytorch
[2021-11-05 12:24:09]    INFO >> update /home/wanyao/yang/ncc_data/avatar/translation/top3/graphcodebert/data-mmap/python-java/best_checkpoint.pt (train.py:215, <module>())
[2021-11-05 12:24:09]    INFO >> Epoch   1/100, valid loss: 0.0000, valid bleu4: 18.44, best bleu4: 18.44 (train.py:217, <module>())
[2021-11-05 12:24:20]    INFO >> update /home/wanyao/yang/ncc_data/avatar/translation/top3/graphcodebert/data-mmap/python-java/last_checkpoint.pt (train.py:222, <module>())
[2021-11-05 12:30:51]    INFO >> Epoch   2/100, Batch 500/5302, train loss: 572.1720 (train.py:127, train())
[2021-11-05 12:35:34]    INFO >> Epoch   2/100, Batch 1000/5302, train loss: 562.7018 (train.py:127, train())
[2021-11-05 12:40:35]    INFO >> Epoch   2/100, Batch 1500/5302, train loss: 554.4972 (train.py:127, train())
[2021-11-05 12:45:40]    INFO >> Epoch   2/100, Batch 2000/5302, train loss: 547.1112 (train.py:127, train())
[2021-11-05 12:50:29]    INFO >> Epoch   2/100, Batch 2500/5302, train loss: 532.7723 (train.py:127, train())
[2021-11-05 12:55:31]    INFO >> Epoch   2/100, Batch 3000/5302, train loss: 520.7946 (train.py:127, train())
[2021-11-05 13:00:29]    INFO >> Epoch   2/100, Batch 3500/5302, train loss: 511.8590 (train.py:127, train())
[2021-11-05 13:05:35]    INFO >> Epoch   2/100, Batch 4000/5302, train loss: 502.5326 (train.py:127, train())
[2021-11-05 13:10:48]    INFO >> Epoch   2/100, Batch 4500/5302, train loss: 491.8668 (train.py:127, train())
[2021-11-05 13:15:58]    INFO >> Epoch   2/100, Batch 5000/5302, train loss: 484.1775 (train.py:127, train())
Using backend: pytorch
Using backend: pytorch
Using backend: pytorch
[2021-11-05 13:19:20]    INFO >> Epoch   2/100, train loss: 478.5241 (train.py:136, <module>())
Using backend: pytorch
Using backend: pytorch
Using backend: pytorch
[2021-11-05 13:24:35]    INFO >> Epoch   2/100, valid loss: 0.0000, valid bleu4: 16.70, best bleu4: 18.44 (train.py:217, <module>())
[2021-11-05 13:24:57]    INFO >> update /home/wanyao/yang/ncc_data/avatar/translation/top3/graphcodebert/data-mmap/python-java/last_checkpoint.pt (train.py:222, <module>())
[2021-11-05 13:32:05]    INFO >> Epoch   3/100, Batch 500/5302, train loss: 377.5107 (train.py:127, train())
[2021-11-05 13:38:10]    INFO >> Epoch   3/100, Batch 1000/5302, train loss: 373.1728 (train.py:127, train())
[2021-11-05 13:44:17]    INFO >> Epoch   3/100, Batch 1500/5302, train loss: 373.0405 (train.py:127, train())
[2021-11-05 13:49:49]    INFO >> Epoch   3/100, Batch 2000/5302, train loss: 369.0579 (train.py:127, train())
[2021-11-05 13:55:51]    INFO >> Epoch   3/100, Batch 2500/5302, train loss: 363.8322 (train.py:127, train())
[2021-11-05 14:01:23]    INFO >> Epoch   3/100, Batch 3000/5302, train loss: 360.2747 (train.py:127, train())
[2021-11-05 14:06:48]    INFO >> Epoch   3/100, Batch 3500/5302, train loss: 355.9196 (train.py:127, train())
[2021-11-05 14:12:46]    INFO >> Epoch   3/100, Batch 4000/5302, train loss: 352.9608 (train.py:127, train())
[2021-11-05 14:19:03]    INFO >> Epoch   3/100, Batch 4500/5302, train loss: 349.2666 (train.py:127, train())
[2021-11-05 14:25:22]    INFO >> Epoch   3/100, Batch 5000/5302, train loss: 346.5112 (train.py:127, train())
Using backend: pytorch
Using backend: pytorch
Using backend: pytorch
[2021-11-05 14:29:24]    INFO >> Epoch   3/100, train loss: 344.3762 (train.py:136, <module>())
Using backend: pytorch
Using backend: pytorch
Using backend: pytorch
[2021-11-05 14:35:45]    INFO >> update /home/wanyao/yang/ncc_data/avatar/translation/top3/graphcodebert/data-mmap/python-java/best_checkpoint.pt (train.py:215, <module>())
[2021-11-05 14:35:45]    INFO >> Epoch   3/100, valid loss: 0.0000, valid bleu4: 21.83, best bleu4: 21.83 (train.py:217, <module>())
[2021-11-05 14:36:07]    INFO >> update /home/wanyao/yang/ncc_data/avatar/translation/top3/graphcodebert/data-mmap/python-java/last_checkpoint.pt (train.py:222, <module>())
[2021-11-05 14:42:59]    INFO >> Epoch   4/100, Batch 500/5302, train loss: 294.7853 (train.py:127, train())
[2021-11-05 14:48:33]    INFO >> Epoch   4/100, Batch 1000/5302, train loss: 294.3386 (train.py:127, train())
[2021-11-05 14:53:03]    INFO >> Epoch   4/100, Batch 1500/5302, train loss: 295.0691 (train.py:127, train())
[2021-11-05 14:58:26]    INFO >> Epoch   4/100, Batch 2000/5302, train loss: 293.3563 (train.py:127, train())
[2021-11-05 15:03:35]    INFO >> Epoch   4/100, Batch 2500/5302, train loss: 291.6853 (train.py:127, train())
[2021-11-05 15:08:46]    INFO >> Epoch   4/100, Batch 3000/5302, train loss: 289.3947 (train.py:127, train())
[2021-11-05 15:13:27]    INFO >> Epoch   4/100, Batch 3500/5302, train loss: 287.4345 (train.py:127, train())
[2021-11-05 15:18:40]    INFO >> Epoch   4/100, Batch 4000/5302, train loss: 284.6625 (train.py:127, train())
[2021-11-05 15:23:50]    INFO >> Epoch   4/100, Batch 4500/5302, train loss: 282.5966 (train.py:127, train())
[2021-11-05 15:29:23]    INFO >> Epoch   4/100, Batch 5000/5302, train loss: 281.6322 (train.py:127, train())
Using backend: pytorch
Using backend: pytorch
Using backend: pytorch
[2021-11-05 15:32:47]    INFO >> Epoch   4/100, train loss: 280.3247 (train.py:136, <module>())
Using backend: pytorch
Using backend: pytorch
Using backend: pytorch
[2021-11-05 15:39:08]    INFO >> update /home/wanyao/yang/ncc_data/avatar/translation/top3/graphcodebert/data-mmap/python-java/best_checkpoint.pt (train.py:215, <module>())
[2021-11-05 15:39:08]    INFO >> Epoch   4/100, valid loss: 0.0000, valid bleu4: 24.26, best bleu4: 24.26 (train.py:217, <module>())
[2021-11-05 15:39:37]    INFO >> update /home/wanyao/yang/ncc_data/avatar/translation/top3/graphcodebert/data-mmap/python-java/last_checkpoint.pt (train.py:222, <module>())
[2021-11-05 15:47:35]    INFO >> Epoch   5/100, Batch 500/5302, train loss: 251.6621 (train.py:127, train())
[2021-11-05 15:53:30]    INFO >> Epoch   5/100, Batch 1000/5302, train loss: 246.7415 (train.py:127, train())
[2021-11-05 15:59:53]    INFO >> Epoch   5/100, Batch 1500/5302, train loss: 249.1528 (train.py:127, train())
[2021-11-05 16:05:19]    INFO >> Epoch   5/100, Batch 2000/5302, train loss: 246.5047 (train.py:127, train())
[2021-11-05 16:11:16]    INFO >> Epoch   5/100, Batch 2500/5302, train loss: 244.0677 (train.py:127, train())
[2021-11-05 16:17:00]    INFO >> Epoch   5/100, Batch 3000/5302, train loss: 243.2858 (train.py:127, train())
[2021-11-05 16:22:58]    INFO >> Epoch   5/100, Batch 3500/5302, train loss: 242.6502 (train.py:127, train())
[2021-11-05 16:28:33]    INFO >> Epoch   5/100, Batch 4000/5302, train loss: 241.1142 (train.py:127, train())
[2021-11-05 16:34:10]    INFO >> Epoch   5/100, Batch 4500/5302, train loss: 239.2555 (train.py:127, train())
[2021-11-05 16:39:51]    INFO >> Epoch   5/100, Batch 5000/5302, train loss: 237.0593 (train.py:127, train())
Using backend: pytorch
Using backend: pytorch
Using backend: pytorch
[2021-11-05 16:43:00]    INFO >> Epoch   5/100, train loss: 236.3921 (train.py:136, <module>())
[2021-11-05 16:43:10]    INFO >> save /home/wanyao/yang/ncc_data/avatar/translation/top3/graphcodebert/data-mmap/python-java/5.pt (train.py:207, <module>())
Using backend: pytorch
Using backend: pytorch
Using backend: pytorch
[2021-11-05 16:49:10]    INFO >> update /home/wanyao/yang/ncc_data/avatar/translation/top3/graphcodebert/data-mmap/python-java/best_checkpoint.pt (train.py:215, <module>())
[2021-11-05 16:49:10]    INFO >> Epoch   5/100, valid loss: 0.0000, valid bleu4: 25.87, best bleu4: 25.87 (train.py:217, <module>())
[2021-11-05 16:49:35]    INFO >> update /home/wanyao/yang/ncc_data/avatar/translation/top3/graphcodebert/data-mmap/python-java/last_checkpoint.pt (train.py:222, <module>())
[2021-11-05 16:57:42]    INFO >> Epoch   6/100, Batch 500/5302, train loss: 214.1675 (train.py:127, train())
[2021-11-05 17:03:26]    INFO >> Epoch   6/100, Batch 1000/5302, train loss: 217.1407 (train.py:127, train())
[2021-11-05 17:09:25]    INFO >> Epoch   6/100, Batch 1500/5302, train loss: 213.2095 (train.py:127, train())
[2021-11-05 17:15:42]    INFO >> Epoch   6/100, Batch 2000/5302, train loss: 210.1430 (train.py:127, train())
[2021-11-05 17:21:33]    INFO >> Epoch   6/100, Batch 2500/5302, train loss: 207.5831 (train.py:127, train())
[2021-11-05 17:27:09]    INFO >> Epoch   6/100, Batch 3000/5302, train loss: 205.5115 (train.py:127, train())
[2021-11-05 17:32:33]    INFO >> Epoch   6/100, Batch 3500/5302, train loss: 205.2058 (train.py:127, train())
[2021-11-05 17:37:48]    INFO >> Epoch   6/100, Batch 4000/5302, train loss: 204.3721 (train.py:127, train())
[2021-11-05 17:42:49]    INFO >> Epoch   6/100, Batch 4500/5302, train loss: 202.8886 (train.py:127, train())
[2021-11-05 17:48:08]    INFO >> Epoch   6/100, Batch 5000/5302, train loss: 202.0324 (train.py:127, train())
Using backend: pytorch
Using backend: pytorch
Using backend: pytorch
[2021-11-05 17:51:16]    INFO >> Epoch   6/100, train loss: 201.8213 (train.py:136, <module>())
Using backend: pytorch
Using backend: pytorch
Using backend: pytorch
[2021-11-05 17:56:34]    INFO >> update /home/wanyao/yang/ncc_data/avatar/translation/top3/graphcodebert/data-mmap/python-java/best_checkpoint.pt (train.py:215, <module>())
[2021-11-05 17:56:34]    INFO >> Epoch   6/100, valid loss: 0.0000, valid bleu4: 30.63, best bleu4: 30.63 (train.py:217, <module>())
[2021-11-05 17:56:58]    INFO >> update /home/wanyao/yang/ncc_data/avatar/translation/top3/graphcodebert/data-mmap/python-java/last_checkpoint.pt (train.py:222, <module>())
[2021-11-05 18:04:04]    INFO >> Epoch   7/100, Batch 500/5302, train loss: 172.6068 (train.py:127, train())
[2021-11-05 18:09:10]    INFO >> Epoch   7/100, Batch 1000/5302, train loss: 174.8893 (train.py:127, train())
[2021-11-05 18:14:25]    INFO >> Epoch   7/100, Batch 1500/5302, train loss: 176.6027 (train.py:127, train())
[2021-11-05 18:19:39]    INFO >> Epoch   7/100, Batch 2000/5302, train loss: 176.8427 (train.py:127, train())
[2021-11-05 18:25:26]    INFO >> Epoch   7/100, Batch 2500/5302, train loss: 176.9773 (train.py:127, train())
[2021-11-05 18:29:44]    INFO >> Epoch   7/100, Batch 3000/5302, train loss: 176.2841 (train.py:127, train())
[2021-11-05 18:34:51]    INFO >> Epoch   7/100, Batch 3500/5302, train loss: 175.7552 (train.py:127, train())
[2021-11-05 18:40:04]    INFO >> Epoch   7/100, Batch 4000/5302, train loss: 174.8921 (train.py:127, train())
[2021-11-05 18:44:58]    INFO >> Epoch   7/100, Batch 4500/5302, train loss: 173.7267 (train.py:127, train())
[2021-11-05 18:50:07]    INFO >> Epoch   7/100, Batch 5000/5302, train loss: 173.1290 (train.py:127, train())
Using backend: pytorch
Using backend: pytorch
Using backend: pytorch
[2021-11-05 18:53:24]    INFO >> Epoch   7/100, train loss: 172.8060 (train.py:136, <module>())
Using backend: pytorch
Using backend: pytorch
Using backend: pytorch
[2021-11-05 18:58:39]    INFO >> update /home/wanyao/yang/ncc_data/avatar/translation/top3/graphcodebert/data-mmap/python-java/best_checkpoint.pt (train.py:215, <module>())
[2021-11-05 18:58:40]    INFO >> Epoch   7/100, valid loss: 0.0000, valid bleu4: 33.00, best bleu4: 33.00 (train.py:217, <module>())
[2021-11-05 18:59:03]    INFO >> update /home/wanyao/yang/ncc_data/avatar/translation/top3/graphcodebert/data-mmap/python-java/last_checkpoint.pt (train.py:222, <module>())
[2021-11-05 19:05:42]    INFO >> Epoch   8/100, Batch 500/5302, train loss: 149.1106 (train.py:127, train())
[2021-11-05 19:11:01]    INFO >> Epoch   8/100, Batch 1000/5302, train loss: 150.4347 (train.py:127, train())
[2021-11-05 19:16:14]    INFO >> Epoch   8/100, Batch 1500/5302, train loss: 150.8491 (train.py:127, train())
[2021-11-05 19:21:30]    INFO >> Epoch   8/100, Batch 2000/5302, train loss: 150.9901 (train.py:127, train())
[2021-11-05 19:26:47]    INFO >> Epoch   8/100, Batch 2500/5302, train loss: 149.9669 (train.py:127, train())
[2021-11-05 19:32:14]    INFO >> Epoch   8/100, Batch 3000/5302, train loss: 151.2320 (train.py:127, train())
[2021-11-05 19:36:48]    INFO >> Epoch   8/100, Batch 3500/5302, train loss: 150.8051 (train.py:127, train())
[2021-11-05 19:41:56]    INFO >> Epoch   8/100, Batch 4000/5302, train loss: 149.9941 (train.py:127, train())
[2021-11-05 19:47:05]    INFO >> Epoch   8/100, Batch 4500/5302, train loss: 149.4166 (train.py:127, train())
[2021-11-05 19:52:13]    INFO >> Epoch   8/100, Batch 5000/5302, train loss: 148.8678 (train.py:127, train())
Using backend: pytorch
Using backend: pytorch
Using backend: pytorch
[2021-11-05 19:55:10]    INFO >> Epoch   8/100, train loss: 148.5902 (train.py:136, <module>())
Using backend: pytorch
Using backend: pytorch
Using backend: pytorch
[2021-11-05 20:00:53]    INFO >> update /home/wanyao/yang/ncc_data/avatar/translation/top3/graphcodebert/data-mmap/python-java/best_checkpoint.pt (train.py:215, <module>())
[2021-11-05 20:00:53]    INFO >> Epoch   8/100, valid loss: 0.0000, valid bleu4: 34.20, best bleu4: 34.20 (train.py:217, <module>())
[2021-11-05 20:01:16]    INFO >> update /home/wanyao/yang/ncc_data/avatar/translation/top3/graphcodebert/data-mmap/python-java/last_checkpoint.pt (train.py:222, <module>())
[2021-11-05 20:07:30]    INFO >> Epoch   9/100, Batch 500/5302, train loss: 133.2130 (train.py:127, train())
[2021-11-05 20:12:56]    INFO >> Epoch   9/100, Batch 1000/5302, train loss: 131.4594 (train.py:127, train())
[2021-11-05 20:18:13]    INFO >> Epoch   9/100, Batch 1500/5302, train loss: 130.2520 (train.py:127, train())
[2021-11-05 20:23:28]    INFO >> Epoch   9/100, Batch 2000/5302, train loss: 131.9490 (train.py:127, train())
[2021-11-05 20:28:42]    INFO >> Epoch   9/100, Batch 2500/5302, train loss: 131.8445 (train.py:127, train())
[2021-11-05 20:34:28]    INFO >> Epoch   9/100, Batch 3000/5302, train loss: 131.7896 (train.py:127, train())
[2021-11-05 20:39:02]    INFO >> Epoch   9/100, Batch 3500/5302, train loss: 131.3614 (train.py:127, train())
[2021-11-05 20:44:13]    INFO >> Epoch   9/100, Batch 4000/5302, train loss: 130.6833 (train.py:127, train())
[2021-11-05 20:49:19]    INFO >> Epoch   9/100, Batch 4500/5302, train loss: 130.5338 (train.py:127, train())
[2021-11-05 20:53:49]    INFO >> Epoch   9/100, Batch 5000/5302, train loss: 129.7478 (train.py:127, train())
Using backend: pytorch
Using backend: pytorch
Using backend: pytorch
[2021-11-05 20:57:02]    INFO >> Epoch   9/100, train loss: 129.3216 (train.py:136, <module>())
Using backend: pytorch
Using backend: pytorch
Using backend: pytorch
[2021-11-05 21:02:28]    INFO >> update /home/wanyao/yang/ncc_data/avatar/translation/top3/graphcodebert/data-mmap/python-java/best_checkpoint.pt (train.py:215, <module>())
[2021-11-05 21:02:28]    INFO >> Epoch   9/100, valid loss: 0.0000, valid bleu4: 39.63, best bleu4: 39.63 (train.py:217, <module>())
[2021-11-05 21:02:48]    INFO >> update /home/wanyao/yang/ncc_data/avatar/translation/top3/graphcodebert/data-mmap/python-java/last_checkpoint.pt (train.py:222, <module>())
[2021-11-05 21:09:41]    INFO >> Epoch  10/100, Batch 500/5302, train loss: 114.7791 (train.py:127, train())
[2021-11-05 21:14:51]    INFO >> Epoch  10/100, Batch 1000/5302, train loss: 114.4079 (train.py:127, train())
[2021-11-05 21:20:03]    INFO >> Epoch  10/100, Batch 1500/5302, train loss: 115.2244 (train.py:127, train())
[2021-11-05 21:25:15]    INFO >> Epoch  10/100, Batch 2000/5302, train loss: 115.8411 (train.py:127, train())
[2021-11-05 21:31:01]    INFO >> Epoch  10/100, Batch 2500/5302, train loss: 114.7420 (train.py:127, train())
[2021-11-05 21:35:28]    INFO >> Epoch  10/100, Batch 3000/5302, train loss: 114.7899 (train.py:127, train())
[2021-11-05 21:40:39]    INFO >> Epoch  10/100, Batch 3500/5302, train loss: 114.6284 (train.py:127, train())
[2021-11-05 21:45:38]    INFO >> Epoch  10/100, Batch 4000/5302, train loss: 114.7139 (train.py:127, train())
[2021-11-05 21:50:07]    INFO >> Epoch  10/100, Batch 4500/5302, train loss: 114.4552 (train.py:127, train())
[2021-11-05 21:55:16]    INFO >> Epoch  10/100, Batch 5000/5302, train loss: 114.2077 (train.py:127, train())
Using backend: pytorch
Using backend: pytorch
Using backend: pytorch
[2021-11-05 21:58:09]    INFO >> Epoch  10/100, train loss: 114.1656 (train.py:136, <module>())
[2021-11-05 21:58:16]    INFO >> save /home/wanyao/yang/ncc_data/avatar/translation/top3/graphcodebert/data-mmap/python-java/10.pt (train.py:207, <module>())
Using backend: pytorch
Using backend: pytorch
Using backend: pytorch
[2021-11-05 22:03:32]    INFO >> update /home/wanyao/yang/ncc_data/avatar/translation/top3/graphcodebert/data-mmap/python-java/best_checkpoint.pt (train.py:215, <module>())
[2021-11-05 22:03:32]    INFO >> Epoch  10/100, valid loss: 0.0000, valid bleu4: 41.75, best bleu4: 41.75 (train.py:217, <module>())
[2021-11-05 22:03:50]    INFO >> update /home/wanyao/yang/ncc_data/avatar/translation/top3/graphcodebert/data-mmap/python-java/last_checkpoint.pt (train.py:222, <module>())
[2021-11-05 22:10:31]    INFO >> Epoch  11/100, Batch 500/5302, train loss: 98.9533 (train.py:127, train())
[2021-11-05 22:15:37]    INFO >> Epoch  11/100, Batch 1000/5302, train loss: 100.9633 (train.py:127, train())
[2021-11-05 22:20:39]    INFO >> Epoch  11/100, Batch 1500/5302, train loss: 101.1609 (train.py:127, train())
[2021-11-05 22:26:08]    INFO >> Epoch  11/100, Batch 2000/5302, train loss: 101.0911 (train.py:127, train())
[2021-11-05 22:30:17]    INFO >> Epoch  11/100, Batch 2500/5302, train loss: 100.8593 (train.py:127, train())
[2021-11-05 22:35:10]    INFO >> Epoch  11/100, Batch 3000/5302, train loss: 99.9573 (train.py:127, train())
[2021-11-05 22:39:36]    INFO >> Epoch  11/100, Batch 3500/5302, train loss: 99.8924 (train.py:127, train())
[2021-11-05 22:44:42]    INFO >> Epoch  11/100, Batch 4000/5302, train loss: 99.8877 (train.py:127, train())
[2021-11-05 22:49:13]    INFO >> Epoch  11/100, Batch 4500/5302, train loss: 99.2082 (train.py:127, train())
[2021-11-05 22:53:39]    INFO >> Epoch  11/100, Batch 5000/5302, train loss: 99.4284 (train.py:127, train())
Using backend: pytorch
Using backend: pytorch
Using backend: pytorch
[2021-11-05 22:56:52]    INFO >> Epoch  11/100, train loss: 99.2348 (train.py:136, <module>())
Using backend: pytorch
Using backend: pytorch
Using backend: pytorch
[2021-11-05 23:02:11]    INFO >> Epoch  11/100, valid loss: 0.0000, valid bleu4: 41.45, best bleu4: 41.75 (train.py:217, <module>())
[2021-11-05 23:02:31]    INFO >> update /home/wanyao/yang/ncc_data/avatar/translation/top3/graphcodebert/data-mmap/python-java/last_checkpoint.pt (train.py:222, <module>())
[2021-11-05 23:09:10]    INFO >> Epoch  12/100, Batch 500/5302, train loss: 85.4951 (train.py:127, train())
[2021-11-05 23:14:24]    INFO >> Epoch  12/100, Batch 1000/5302, train loss: 85.4107 (train.py:127, train())
[2021-11-05 23:19:43]    INFO >> Epoch  12/100, Batch 1500/5302, train loss: 86.4883 (train.py:127, train())
[2021-11-05 23:24:39]    INFO >> Epoch  12/100, Batch 2000/5302, train loss: 86.5370 (train.py:127, train())
[2021-11-05 23:29:33]    INFO >> Epoch  12/100, Batch 2500/5302, train loss: 86.1104 (train.py:127, train())
[2021-11-05 23:34:40]    INFO >> Epoch  12/100, Batch 3000/5302, train loss: 85.8391 (train.py:127, train())
[2021-11-05 23:39:54]    INFO >> Epoch  12/100, Batch 3500/5302, train loss: 85.6382 (train.py:127, train())
[2021-11-05 23:45:04]    INFO >> Epoch  12/100, Batch 4000/5302, train loss: 85.2662 (train.py:127, train())
[2021-11-05 23:50:13]    INFO >> Epoch  12/100, Batch 4500/5302, train loss: 85.0923 (train.py:127, train())
[2021-11-05 23:54:47]    INFO >> Epoch  12/100, Batch 5000/5302, train loss: 85.0547 (train.py:127, train())
Using backend: pytorch
Using backend: pytorch
Using backend: pytorch
[2021-11-05 23:57:37]    INFO >> Epoch  12/100, train loss: 84.6294 (train.py:136, <module>())
Using backend: pytorch
Using backend: pytorch
Using backend: pytorch
[2021-11-06 00:02:55]    INFO >> Epoch  12/100, valid loss: 0.0000, valid bleu4: 41.09, best bleu4: 41.75 (train.py:217, <module>())
[2021-11-06 00:03:14]    INFO >> update /home/wanyao/yang/ncc_data/avatar/translation/top3/graphcodebert/data-mmap/python-java/last_checkpoint.pt (train.py:222, <module>())
[2021-11-06 00:09:09]    INFO >> Epoch  13/100, Batch 500/5302, train loss: 72.4531 (train.py:127, train())
[2021-11-06 00:13:35]    INFO >> Epoch  13/100, Batch 1000/5302, train loss: 71.9956 (train.py:127, train())
[2021-11-06 00:18:49]    INFO >> Epoch  13/100, Batch 1500/5302, train loss: 72.0564 (train.py:127, train())
[2021-11-06 00:23:22]    INFO >> Epoch  13/100, Batch 2000/5302, train loss: 72.8293 (train.py:127, train())
[2021-11-06 00:27:29]    INFO >> Epoch  13/100, Batch 2500/5302, train loss: 72.8240 (train.py:127, train())
[2021-11-06 00:31:24]    INFO >> Epoch  13/100, Batch 3000/5302, train loss: 72.6117 (train.py:127, train())
[2021-11-06 00:35:16]    INFO >> Epoch  13/100, Batch 3500/5302, train loss: 72.6400 (train.py:127, train())
[2021-11-06 00:39:12]    INFO >> Epoch  13/100, Batch 4000/5302, train loss: 72.3641 (train.py:127, train())
[2021-11-06 00:43:07]    INFO >> Epoch  13/100, Batch 4500/5302, train loss: 72.2728 (train.py:127, train())
[2021-11-06 00:47:06]    INFO >> Epoch  13/100, Batch 5000/5302, train loss: 72.1268 (train.py:127, train())
Using backend: pytorch
Using backend: pytorch
Using backend: pytorch
[2021-11-06 00:49:38]    INFO >> Epoch  13/100, train loss: 72.1043 (train.py:136, <module>())
Using backend: pytorch
Using backend: pytorch
Using backend: pytorch
[2021-11-06 00:54:43]    INFO >> Epoch  13/100, valid loss: 0.0000, valid bleu4: 41.07, best bleu4: 41.75 (train.py:217, <module>())
[2021-11-06 00:55:00]    INFO >> update /home/wanyao/yang/ncc_data/avatar/translation/top3/graphcodebert/data-mmap/python-java/last_checkpoint.pt (train.py:222, <module>())
[2021-11-06 00:59:53]    INFO >> Epoch  14/100, Batch 500/5302, train loss: 59.0142 (train.py:127, train())
[2021-11-06 01:03:53]    INFO >> Epoch  14/100, Batch 1000/5302, train loss: 60.3954 (train.py:127, train())
[2021-11-06 01:07:56]    INFO >> Epoch  14/100, Batch 1500/5302, train loss: 60.9115 (train.py:127, train())
[2021-11-06 01:11:23]    INFO >> Epoch  14/100, Batch 2000/5302, train loss: 61.4432 (train.py:127, train())
[2021-11-06 01:15:37]    INFO >> Epoch  14/100, Batch 2500/5302, train loss: 61.5087 (train.py:127, train())
[2021-11-06 01:20:58]    INFO >> Epoch  14/100, Batch 3000/5302, train loss: 61.5585 (train.py:127, train())
[2021-11-06 01:26:34]    INFO >> Epoch  14/100, Batch 3500/5302, train loss: 61.2489 (train.py:127, train())
[2021-11-06 01:30:33]    INFO >> Epoch  14/100, Batch 4000/5302, train loss: 61.3835 (train.py:127, train())
[2021-11-06 01:34:32]    INFO >> Epoch  14/100, Batch 4500/5302, train loss: 61.4866 (train.py:127, train())
[2021-11-06 01:38:28]    INFO >> Epoch  14/100, Batch 5000/5302, train loss: 61.4462 (train.py:127, train())
Using backend: pytorch
Using backend: pytorch
Using backend: pytorch
[2021-11-06 01:40:55]    INFO >> Epoch  14/100, train loss: 61.4673 (train.py:136, <module>())
Using backend: pytorch
Using backend: pytorch
Using backend: pytorch
[2021-11-06 01:46:05]    INFO >> update /home/wanyao/yang/ncc_data/avatar/translation/top3/graphcodebert/data-mmap/python-java/best_checkpoint.pt (train.py:215, <module>())
[2021-11-06 01:46:05]    INFO >> Epoch  14/100, valid loss: 0.0000, valid bleu4: 43.65, best bleu4: 43.65 (train.py:217, <module>())
[2021-11-06 01:46:21]    INFO >> update /home/wanyao/yang/ncc_data/avatar/translation/top3/graphcodebert/data-mmap/python-java/last_checkpoint.pt (train.py:222, <module>())
[2021-11-06 01:51:37]    INFO >> Epoch  15/100, Batch 500/5302, train loss: 51.3270 (train.py:127, train())
[2021-11-06 01:57:32]    INFO >> Epoch  15/100, Batch 1000/5302, train loss: 51.8330 (train.py:127, train())
[2021-11-06 02:02:04]    INFO >> Epoch  15/100, Batch 1500/5302, train loss: 51.7613 (train.py:127, train())
[2021-11-06 02:06:09]    INFO >> Epoch  15/100, Batch 2000/5302, train loss: 52.0771 (train.py:127, train())
[2021-11-06 02:10:09]    INFO >> Epoch  15/100, Batch 2500/5302, train loss: 52.2359 (train.py:127, train())
[2021-11-06 02:14:05]    INFO >> Epoch  15/100, Batch 3000/5302, train loss: 52.5018 (train.py:127, train())
[2021-11-06 02:18:04]    INFO >> Epoch  15/100, Batch 3500/5302, train loss: 52.4530 (train.py:127, train())
[2021-11-06 02:21:59]    INFO >> Epoch  15/100, Batch 4000/5302, train loss: 52.4802 (train.py:127, train())
[2021-11-06 02:25:54]    INFO >> Epoch  15/100, Batch 4500/5302, train loss: 52.6661 (train.py:127, train())
[2021-11-06 02:29:44]    INFO >> Epoch  15/100, Batch 5000/5302, train loss: 52.7016 (train.py:127, train())
Using backend: pytorch
Using backend: pytorch
Using backend: pytorch
[2021-11-06 02:32:14]    INFO >> Epoch  15/100, train loss: 52.5840 (train.py:136, <module>())
[2021-11-06 02:32:20]    INFO >> save /home/wanyao/yang/ncc_data/avatar/translation/top3/graphcodebert/data-mmap/python-java/15.pt (train.py:207, <module>())
Using backend: pytorch
Using backend: pytorch
Using backend: pytorch
[2021-11-06 02:37:11]    INFO >> Epoch  15/100, valid loss: 0.0000, valid bleu4: 43.41, best bleu4: 43.65 (train.py:217, <module>())
[2021-11-06 02:37:26]    INFO >> update /home/wanyao/yang/ncc_data/avatar/translation/top3/graphcodebert/data-mmap/python-java/last_checkpoint.pt (train.py:222, <module>())
[2021-11-06 02:42:10]    INFO >> Epoch  16/100, Batch 500/5302, train loss: 44.0215 (train.py:127, train())
[2021-11-06 02:46:16]    INFO >> Epoch  16/100, Batch 1000/5302, train loss: 43.6009 (train.py:127, train())
[2021-11-06 02:49:56]    INFO >> Epoch  16/100, Batch 1500/5302, train loss: 44.0618 (train.py:127, train())
[2021-11-06 02:53:45]    INFO >> Epoch  16/100, Batch 2000/5302, train loss: 44.7242 (train.py:127, train())
[2021-11-06 02:57:42]    INFO >> Epoch  16/100, Batch 2500/5302, train loss: 44.8483 (train.py:127, train())
[2021-11-06 03:01:36]    INFO >> Epoch  16/100, Batch 3000/5302, train loss: 45.1858 (train.py:127, train())
[2021-11-06 03:05:35]    INFO >> Epoch  16/100, Batch 3500/5302, train loss: 45.1130 (train.py:127, train())
[2021-11-06 03:09:27]    INFO >> Epoch  16/100, Batch 4000/5302, train loss: 45.1930 (train.py:127, train())
[2021-11-06 03:13:29]    INFO >> Epoch  16/100, Batch 4500/5302, train loss: 45.0746 (train.py:127, train())
[2021-11-06 03:17:20]    INFO >> Epoch  16/100, Batch 5000/5302, train loss: 45.0595 (train.py:127, train())
Using backend: pytorch
Using backend: pytorch
Using backend: pytorch
[2021-11-06 03:19:49]    INFO >> Epoch  16/100, train loss: 45.0415 (train.py:136, <module>())
Using backend: pytorch
Using backend: pytorch
Using backend: pytorch
[2021-11-06 03:24:44]    INFO >> Epoch  16/100, valid loss: 0.0000, valid bleu4: 43.22, best bleu4: 43.65 (train.py:217, <module>())
[2021-11-06 03:25:00]    INFO >> update /home/wanyao/yang/ncc_data/avatar/translation/top3/graphcodebert/data-mmap/python-java/last_checkpoint.pt (train.py:222, <module>())
[2021-11-06 03:29:47]    INFO >> Epoch  17/100, Batch 500/5302, train loss: 37.6124 (train.py:127, train())
[2021-11-06 03:33:58]    INFO >> Epoch  17/100, Batch 1000/5302, train loss: 38.5601 (train.py:127, train())
[2021-11-06 03:37:34]    INFO >> Epoch  17/100, Batch 1500/5302, train loss: 38.6238 (train.py:127, train())
[2021-11-06 03:41:21]    INFO >> Epoch  17/100, Batch 2000/5302, train loss: 38.4946 (train.py:127, train())
[2021-11-06 03:45:12]    INFO >> Epoch  17/100, Batch 2500/5302, train loss: 38.6696 (train.py:127, train())
[2021-11-06 03:49:22]    INFO >> Epoch  17/100, Batch 3000/5302, train loss: 38.8171 (train.py:127, train())
[2021-11-06 03:53:16]    INFO >> Epoch  17/100, Batch 3500/5302, train loss: 38.9203 (train.py:127, train())
[2021-11-06 03:57:21]    INFO >> Epoch  17/100, Batch 4000/5302, train loss: 39.1120 (train.py:127, train())
[2021-11-06 04:01:18]    INFO >> Epoch  17/100, Batch 4500/5302, train loss: 38.9995 (train.py:127, train())
[2021-11-06 04:05:22]    INFO >> Epoch  17/100, Batch 5000/5302, train loss: 39.1723 (train.py:127, train())
Using backend: pytorch
Using backend: pytorch
Using backend: pytorch
[2021-11-06 04:07:53]    INFO >> Epoch  17/100, train loss: 39.1521 (train.py:136, <module>())
Using backend: pytorch
Using backend: pytorch
Using backend: pytorch
[2021-11-06 04:12:50]    INFO >> Epoch  17/100, valid loss: 0.0000, valid bleu4: 43.33, best bleu4: 43.65 (train.py:217, <module>())
[2021-11-06 04:13:08]    INFO >> update /home/wanyao/yang/ncc_data/avatar/translation/top3/graphcodebert/data-mmap/python-java/last_checkpoint.pt (train.py:222, <module>())
[2021-11-06 04:17:40]    INFO >> Epoch  18/100, Batch 500/5302, train loss: 32.5814 (train.py:127, train())
[2021-11-06 04:21:53]    INFO >> Epoch  18/100, Batch 1000/5302, train loss: 31.8223 (train.py:127, train())
[2021-11-06 04:24:47]    INFO >> Epoch  18/100, Batch 1500/5302, train loss: 32.1835 (train.py:127, train())
[2021-11-06 04:28:35]    INFO >> Epoch  18/100, Batch 2000/5302, train loss: 32.9851 (train.py:127, train())
[2021-11-06 04:32:24]    INFO >> Epoch  18/100, Batch 2500/5302, train loss: 33.5560 (train.py:127, train())
[2021-11-06 04:36:13]    INFO >> Epoch  18/100, Batch 3000/5302, train loss: 33.9143 (train.py:127, train())
[2021-11-06 04:39:59]    INFO >> Epoch  18/100, Batch 3500/5302, train loss: 33.8458 (train.py:127, train())
[2021-11-06 04:43:46]    INFO >> Epoch  18/100, Batch 4000/5302, train loss: 34.0810 (train.py:127, train())
[2021-11-06 04:47:32]    INFO >> Epoch  18/100, Batch 4500/5302, train loss: 34.1838 (train.py:127, train())
[2021-11-06 04:51:21]    INFO >> Epoch  18/100, Batch 5000/5302, train loss: 34.2552 (train.py:127, train())
Using backend: pytorch
Using backend: pytorch
Using backend: pytorch
[2021-11-06 04:53:43]    INFO >> Epoch  18/100, train loss: 34.1398 (train.py:136, <module>())
Using backend: pytorch
Using backend: pytorch
Using backend: pytorch
[2021-11-06 04:58:48]    INFO >> Epoch  18/100, valid loss: 0.0000, valid bleu4: 43.56, best bleu4: 43.65 (train.py:217, <module>())
[2021-11-06 04:59:03]    INFO >> update /home/wanyao/yang/ncc_data/avatar/translation/top3/graphcodebert/data-mmap/python-java/last_checkpoint.pt (train.py:222, <module>())
[2021-11-06 05:03:26]    INFO >> Epoch  19/100, Batch 500/5302, train loss: 28.7427 (train.py:127, train())
[2021-11-06 05:07:33]    INFO >> Epoch  19/100, Batch 1000/5302, train loss: 29.5685 (train.py:127, train())
[2021-11-06 05:10:52]    INFO >> Epoch  19/100, Batch 1500/5302, train loss: 29.5030 (train.py:127, train())
[2021-11-06 05:14:39]    INFO >> Epoch  19/100, Batch 2000/5302, train loss: 29.3471 (train.py:127, train())
[2021-11-06 05:18:25]    INFO >> Epoch  19/100, Batch 2500/5302, train loss: 29.6359 (train.py:127, train())
[2021-11-06 05:22:14]    INFO >> Epoch  19/100, Batch 3000/5302, train loss: 29.7656 (train.py:127, train())
[2021-11-06 05:26:00]    INFO >> Epoch  19/100, Batch 3500/5302, train loss: 29.9617 (train.py:127, train())
[2021-11-06 05:29:47]    INFO >> Epoch  19/100, Batch 4000/5302, train loss: 29.8786 (train.py:127, train())
[2021-11-06 05:33:35]    INFO >> Epoch  19/100, Batch 4500/5302, train loss: 29.9565 (train.py:127, train())
[2021-11-06 05:37:22]    INFO >> Epoch  19/100, Batch 5000/5302, train loss: 30.1671 (train.py:127, train())
Using backend: pytorch
Using backend: pytorch
Using backend: pytorch
[2021-11-06 05:39:44]    INFO >> Epoch  19/100, train loss: 30.1966 (train.py:136, <module>())
Using backend: pytorch
Using backend: pytorch
Using backend: pytorch
[2021-11-06 05:44:48]    INFO >> Epoch  19/100, valid loss: 0.0000, valid bleu4: 43.47, best bleu4: 43.65 (train.py:217, <module>())
[2021-11-06 05:45:04]    INFO >> update /home/wanyao/yang/ncc_data/avatar/translation/top3/graphcodebert/data-mmap/python-java/last_checkpoint.pt (train.py:222, <module>())
[2021-11-06 05:49:21]    INFO >> Epoch  20/100, Batch 500/5302, train loss: 25.5133 (train.py:127, train())
[2021-11-06 05:53:50]    INFO >> Epoch  20/100, Batch 1000/5302, train loss: 25.7630 (train.py:127, train())
[2021-11-06 05:56:41]    INFO >> Epoch  20/100, Batch 1500/5302, train loss: 25.8330 (train.py:127, train())
[2021-11-06 06:00:27]    INFO >> Epoch  20/100, Batch 2000/5302, train loss: 26.1065 (train.py:127, train())
[2021-11-06 06:04:17]    INFO >> Epoch  20/100, Batch 2500/5302, train loss: 26.1701 (train.py:127, train())
[2021-11-06 06:08:05]    INFO >> Epoch  20/100, Batch 3000/5302, train loss: 26.2682 (train.py:127, train())
[2021-11-06 06:11:51]    INFO >> Epoch  20/100, Batch 3500/5302, train loss: 26.4190 (train.py:127, train())
[2021-11-06 06:15:38]    INFO >> Epoch  20/100, Batch 4000/5302, train loss: 26.4376 (train.py:127, train())
[2021-11-06 06:19:28]    INFO >> Epoch  20/100, Batch 4500/5302, train loss: 26.5058 (train.py:127, train())
[2021-11-06 06:23:15]    INFO >> Epoch  20/100, Batch 5000/5302, train loss: 26.5409 (train.py:127, train())
Using backend: pytorch
Using backend: pytorch
Using backend: pytorch
[2021-11-06 06:25:37]    INFO >> Epoch  20/100, train loss: 26.5983 (train.py:136, <module>())
[2021-11-06 06:25:42]    INFO >> save /home/wanyao/yang/ncc_data/avatar/translation/top3/graphcodebert/data-mmap/python-java/20.pt (train.py:207, <module>())
Using backend: pytorch
Using backend: pytorch
Using backend: pytorch
[2021-11-06 06:30:46]    INFO >> Epoch  20/100, valid loss: 0.0000, valid bleu4: 42.48, best bleu4: 43.65 (train.py:217, <module>())
[2021-11-06 06:31:01]    INFO >> update /home/wanyao/yang/ncc_data/avatar/translation/top3/graphcodebert/data-mmap/python-java/last_checkpoint.pt (train.py:222, <module>())
[2021-11-06 06:35:14]    INFO >> Epoch  21/100, Batch 500/5302, train loss: 23.2024 (train.py:127, train())
[2021-11-06 06:39:40]    INFO >> Epoch  21/100, Batch 1000/5302, train loss: 23.6902 (train.py:127, train())
[2021-11-06 06:42:54]    INFO >> Epoch  21/100, Batch 1500/5302, train loss: 23.6007 (train.py:127, train())
[2021-11-06 06:46:41]    INFO >> Epoch  21/100, Batch 2000/5302, train loss: 23.4023 (train.py:127, train())
[2021-11-06 06:50:28]    INFO >> Epoch  21/100, Batch 2500/5302, train loss: 23.5568 (train.py:127, train())
[2021-11-06 06:54:16]    INFO >> Epoch  21/100, Batch 3000/5302, train loss: 23.9505 (train.py:127, train())
[2021-11-06 06:58:06]    INFO >> Epoch  21/100, Batch 3500/5302, train loss: 23.9518 (train.py:127, train())
[2021-11-06 07:01:55]    INFO >> Epoch  21/100, Batch 4000/5302, train loss: 23.9746 (train.py:127, train())
[2021-11-06 07:05:43]    INFO >> Epoch  21/100, Batch 4500/5302, train loss: 24.1162 (train.py:127, train())
[2021-11-06 07:09:30]    INFO >> Epoch  21/100, Batch 5000/5302, train loss: 24.1372 (train.py:127, train())
Using backend: pytorch
Using backend: pytorch
Using backend: pytorch
[2021-11-06 07:11:51]    INFO >> Epoch  21/100, train loss: 24.1626 (train.py:136, <module>())
Using backend: pytorch
Using backend: pytorch
Using backend: pytorch
[2021-11-06 07:17:01]    INFO >> update /home/wanyao/yang/ncc_data/avatar/translation/top3/graphcodebert/data-mmap/python-java/best_checkpoint.pt (train.py:215, <module>())
[2021-11-06 07:17:01]    INFO >> Epoch  21/100, valid loss: 0.0000, valid bleu4: 44.44, best bleu4: 44.44 (train.py:217, <module>())
[2021-11-06 07:17:17]    INFO >> update /home/wanyao/yang/ncc_data/avatar/translation/top3/graphcodebert/data-mmap/python-java/last_checkpoint.pt (train.py:222, <module>())
[2021-11-06 07:22:15]    INFO >> Epoch  22/100, Batch 500/5302, train loss: 20.2772 (train.py:127, train())
[2021-11-06 07:26:01]    INFO >> Epoch  22/100, Batch 1000/5302, train loss: 21.0720 (train.py:127, train())
[2021-11-06 07:29:36]    INFO >> Epoch  22/100, Batch 1500/5302, train loss: 21.2651 (train.py:127, train())
[2021-11-06 07:33:35]    INFO >> Epoch  22/100, Batch 2000/5302, train loss: 21.4709 (train.py:127, train())
[2021-11-06 07:37:33]    INFO >> Epoch  22/100, Batch 2500/5302, train loss: 21.7062 (train.py:127, train())
[2021-11-06 07:41:31]    INFO >> Epoch  22/100, Batch 3000/5302, train loss: 21.7511 (train.py:127, train())
[2021-11-06 07:45:31]    INFO >> Epoch  22/100, Batch 3500/5302, train loss: 21.8414 (train.py:127, train())
[2021-11-06 07:49:32]    INFO >> Epoch  22/100, Batch 4000/5302, train loss: 21.8504 (train.py:127, train())
[2021-11-06 07:53:31]    INFO >> Epoch  22/100, Batch 4500/5302, train loss: 21.8896 (train.py:127, train())
[2021-11-06 07:57:31]    INFO >> Epoch  22/100, Batch 5000/5302, train loss: 21.8942 (train.py:127, train())
Using backend: pytorch
Using backend: pytorch
Using backend: pytorch
[2021-11-06 08:00:02]    INFO >> Epoch  22/100, train loss: 21.9571 (train.py:136, <module>())
Using backend: pytorch
Using backend: pytorch
Using backend: pytorch
[2021-11-06 08:04:49]    INFO >> Epoch  22/100, valid loss: 0.0000, valid bleu4: 42.97, best bleu4: 44.44 (train.py:217, <module>())
[2021-11-06 08:05:08]    INFO >> update /home/wanyao/yang/ncc_data/avatar/translation/top3/graphcodebert/data-mmap/python-java/last_checkpoint.pt (train.py:222, <module>())
[2021-11-06 08:09:56]    INFO >> Epoch  23/100, Batch 500/5302, train loss: 18.3636 (train.py:127, train())
[2021-11-06 08:14:14]    INFO >> Epoch  23/100, Batch 1000/5302, train loss: 18.7868 (train.py:127, train())
[2021-11-06 08:17:28]    INFO >> Epoch  23/100, Batch 1500/5302, train loss: 18.8093 (train.py:127, train())
[2021-11-06 08:21:22]    INFO >> Epoch  23/100, Batch 2000/5302, train loss: 19.1842 (train.py:127, train())
[2021-11-06 08:25:20]    INFO >> Epoch  23/100, Batch 2500/5302, train loss: 19.3067 (train.py:127, train())
[2021-11-06 08:29:17]    INFO >> Epoch  23/100, Batch 3000/5302, train loss: 19.3015 (train.py:127, train())
[2021-11-06 08:33:13]    INFO >> Epoch  23/100, Batch 3500/5302, train loss: 19.4336 (train.py:127, train())
[2021-11-06 08:37:06]    INFO >> Epoch  23/100, Batch 4000/5302, train loss: 19.6622 (train.py:127, train())
[2021-11-06 08:41:01]    INFO >> Epoch  23/100, Batch 4500/5302, train loss: 19.6589 (train.py:127, train())
[2021-11-06 08:45:02]    INFO >> Epoch  23/100, Batch 5000/5302, train loss: 19.6740 (train.py:127, train())
Using backend: pytorch
Using backend: pytorch
Using backend: pytorch
[2021-11-06 08:47:30]    INFO >> Epoch  23/100, train loss: 19.7111 (train.py:136, <module>())
Using backend: pytorch
Using backend: pytorch
Using backend: pytorch
[2021-11-06 08:52:17]    INFO >> Epoch  23/100, valid loss: 0.0000, valid bleu4: 43.65, best bleu4: 44.44 (train.py:217, <module>())
[2021-11-06 08:52:33]    INFO >> update /home/wanyao/yang/ncc_data/avatar/translation/top3/graphcodebert/data-mmap/python-java/last_checkpoint.pt (train.py:222, <module>())
[2021-11-06 08:57:19]    INFO >> Epoch  24/100, Batch 500/5302, train loss: 17.0096 (train.py:127, train())
[2021-11-06 09:01:58]    INFO >> Epoch  24/100, Batch 1000/5302, train loss: 17.4712 (train.py:127, train())
[2021-11-06 09:05:07]    INFO >> Epoch  24/100, Batch 1500/5302, train loss: 17.5085 (train.py:127, train())
[2021-11-06 09:10:49]    INFO >> Epoch  24/100, Batch 2000/5302, train loss: 17.5662 (train.py:127, train())
[2021-11-06 09:14:46]    INFO >> Epoch  24/100, Batch 2500/5302, train loss: 17.9512 (train.py:127, train())
[2021-11-06 09:18:45]    INFO >> Epoch  24/100, Batch 3000/5302, train loss: 18.0667 (train.py:127, train())
[2021-11-06 09:22:45]    INFO >> Epoch  24/100, Batch 3500/5302, train loss: 18.0372 (train.py:127, train())
[2021-11-06 09:26:43]    INFO >> Epoch  24/100, Batch 4000/5302, train loss: 18.0571 (train.py:127, train())
[2021-11-06 09:31:26]    INFO >> Epoch  24/100, Batch 4500/5302, train loss: 18.0991 (train.py:127, train())
[2021-11-06 09:37:24]    INFO >> Epoch  24/100, Batch 5000/5302, train loss: 18.1283 (train.py:127, train())
Using backend: pytorch
Using backend: pytorch
Using backend: pytorch
[2021-11-06 09:40:41]    INFO >> Epoch  24/100, train loss: 18.1293 (train.py:136, <module>())
Using backend: pytorch
Using backend: pytorch
Using backend: pytorch
[2021-11-06 09:46:37]    INFO >> Epoch  24/100, valid loss: 0.0000, valid bleu4: 43.64, best bleu4: 44.44 (train.py:217, <module>())
[2021-11-06 09:47:10]    INFO >> update /home/wanyao/yang/ncc_data/avatar/translation/top3/graphcodebert/data-mmap/python-java/last_checkpoint.pt (train.py:222, <module>())
[2021-11-06 09:55:26]    INFO >> Epoch  25/100, Batch 500/5302, train loss: 16.2518 (train.py:127, train())
[2021-11-06 10:02:24]    INFO >> Epoch  25/100, Batch 1000/5302, train loss: 15.9270 (train.py:127, train())
[2021-11-06 10:07:46]    INFO >> Epoch  25/100, Batch 1500/5302, train loss: 16.1216 (train.py:127, train())
[2021-11-06 10:13:54]    INFO >> Epoch  25/100, Batch 2000/5302, train loss: 15.9984 (train.py:127, train())
[2021-11-06 10:18:44]    INFO >> Epoch  25/100, Batch 2500/5302, train loss: 16.1565 (train.py:127, train())
[2021-11-06 10:24:16]    INFO >> Epoch  25/100, Batch 3000/5302, train loss: 16.2512 (train.py:127, train())
[2021-11-06 10:29:23]    INFO >> Epoch  25/100, Batch 3500/5302, train loss: 16.3736 (train.py:127, train())
[2021-11-06 10:34:32]    INFO >> Epoch  25/100, Batch 4000/5302, train loss: 16.5047 (train.py:127, train())
[2021-11-06 10:39:36]    INFO >> Epoch  25/100, Batch 4500/5302, train loss: 16.5410 (train.py:127, train())
[2021-11-06 10:45:04]    INFO >> Epoch  25/100, Batch 5000/5302, train loss: 16.6190 (train.py:127, train())
Using backend: pytorch
Using backend: pytorch
Using backend: pytorch
[2021-11-06 10:48:40]    INFO >> Epoch  25/100, train loss: 16.6842 (train.py:136, <module>())
[2021-11-06 10:48:53]    INFO >> save /home/wanyao/yang/ncc_data/avatar/translation/top3/graphcodebert/data-mmap/python-java/25.pt (train.py:207, <module>())
Using backend: pytorch
Using backend: pytorch
Using backend: pytorch
[2021-11-06 10:54:23]    INFO >> Epoch  25/100, valid loss: 0.0000, valid bleu4: 43.22, best bleu4: 44.44 (train.py:217, <module>())
[2021-11-06 10:54:44]    INFO >> update /home/wanyao/yang/ncc_data/avatar/translation/top3/graphcodebert/data-mmap/python-java/last_checkpoint.pt (train.py:222, <module>())
[2021-11-06 11:02:06]    INFO >> Epoch  26/100, Batch 500/5302, train loss: 15.2559 (train.py:127, train())
[2021-11-06 11:08:05]    INFO >> Epoch  26/100, Batch 1000/5302, train loss: 15.0701 (train.py:127, train())
[2021-11-06 11:13:08]    INFO >> Epoch  26/100, Batch 1500/5302, train loss: 15.3188 (train.py:127, train())
[2021-11-06 11:18:43]    INFO >> Epoch  26/100, Batch 2000/5302, train loss: 15.1713 (train.py:127, train())
[2021-11-06 11:23:53]    INFO >> Epoch  26/100, Batch 2500/5302, train loss: 15.1519 (train.py:127, train())
[2021-11-06 11:29:06]    INFO >> Epoch  26/100, Batch 3000/5302, train loss: 15.1628 (train.py:127, train())
[2021-11-06 11:34:04]    INFO >> Epoch  26/100, Batch 3500/5302, train loss: 15.1706 (train.py:127, train())
[2021-11-06 11:39:36]    INFO >> Epoch  26/100, Batch 4000/5302, train loss: 15.2377 (train.py:127, train())
[2021-11-06 11:45:15]    INFO >> Epoch  26/100, Batch 4500/5302, train loss: 15.2329 (train.py:127, train())
[2021-11-06 11:50:58]    INFO >> Epoch  26/100, Batch 5000/5302, train loss: 15.3258 (train.py:127, train())
Using backend: pytorch
Using backend: pytorch
Using backend: pytorch
[2021-11-06 11:54:42]    INFO >> Epoch  26/100, train loss: 15.3486 (train.py:136, <module>())
Using backend: pytorch
Using backend: pytorch
Using backend: pytorch
[2021-11-06 12:00:32]    INFO >> update /home/wanyao/yang/ncc_data/avatar/translation/top3/graphcodebert/data-mmap/python-java/best_checkpoint.pt (train.py:215, <module>())
[2021-11-06 12:00:32]    INFO >> Epoch  26/100, valid loss: 0.0000, valid bleu4: 44.68, best bleu4: 44.68 (train.py:217, <module>())
[2021-11-06 12:00:59]    INFO >> update /home/wanyao/yang/ncc_data/avatar/translation/top3/graphcodebert/data-mmap/python-java/last_checkpoint.pt (train.py:222, <module>())
[2021-11-06 12:08:37]    INFO >> Epoch  27/100, Batch 500/5302, train loss: 14.1501 (train.py:127, train())
[2021-11-06 12:14:55]    INFO >> Epoch  27/100, Batch 1000/5302, train loss: 14.0692 (train.py:127, train())
[2021-11-06 12:18:59]    INFO >> Epoch  27/100, Batch 1500/5302, train loss: 14.1304 (train.py:127, train())
[2021-11-06 12:23:59]    INFO >> Epoch  27/100, Batch 2000/5302, train loss: 14.0738 (train.py:127, train())
[2021-11-06 12:28:11]    INFO >> Epoch  27/100, Batch 2500/5302, train loss: 14.1102 (train.py:127, train())
[2021-11-06 12:32:25]    INFO >> Epoch  27/100, Batch 3000/5302, train loss: 14.2108 (train.py:127, train())
[2021-11-06 12:36:38]    INFO >> Epoch  27/100, Batch 3500/5302, train loss: 14.2342 (train.py:127, train())
[2021-11-06 12:40:48]    INFO >> Epoch  27/100, Batch 4000/5302, train loss: 14.2561 (train.py:127, train())
[2021-11-06 12:45:15]    INFO >> Epoch  27/100, Batch 4500/5302, train loss: 14.2902 (train.py:127, train())
[2021-11-06 12:49:58]    INFO >> Epoch  27/100, Batch 5000/5302, train loss: 14.3271 (train.py:127, train())
Using backend: pytorch
Using backend: pytorch
Using backend: pytorch
[2021-11-06 12:53:05]    INFO >> Epoch  27/100, train loss: 14.3534 (train.py:136, <module>())
Using backend: pytorch
Using backend: pytorch
Using backend: pytorch
[2021-11-06 12:58:05]    INFO >> Epoch  27/100, valid loss: 0.0000, valid bleu4: 44.26, best bleu4: 44.68 (train.py:217, <module>())
[2021-11-06 12:58:28]    INFO >> update /home/wanyao/yang/ncc_data/avatar/translation/top3/graphcodebert/data-mmap/python-java/last_checkpoint.pt (train.py:222, <module>())
[2021-11-06 13:04:53]    INFO >> Epoch  28/100, Batch 500/5302, train loss: 12.5304 (train.py:127, train())
[2021-11-06 13:10:06]    INFO >> Epoch  28/100, Batch 1000/5302, train loss: 12.6439 (train.py:127, train())
[2021-11-06 13:14:38]    INFO >> Epoch  28/100, Batch 1500/5302, train loss: 13.0392 (train.py:127, train())
[2021-11-06 13:19:36]    INFO >> Epoch  28/100, Batch 2000/5302, train loss: 12.9520 (train.py:127, train())
[2021-11-06 13:24:36]    INFO >> Epoch  28/100, Batch 2500/5302, train loss: 13.0688 (train.py:127, train())
[2021-11-06 13:29:42]    INFO >> Epoch  28/100, Batch 3000/5302, train loss: 13.1677 (train.py:127, train())
[2021-11-06 13:34:41]    INFO >> Epoch  28/100, Batch 3500/5302, train loss: 13.2156 (train.py:127, train())
[2021-11-06 13:39:57]    INFO >> Epoch  28/100, Batch 4000/5302, train loss: 13.2388 (train.py:127, train())
[2021-11-06 13:45:15]    INFO >> Epoch  28/100, Batch 4500/5302, train loss: 13.2312 (train.py:127, train())
[2021-11-06 13:50:40]    INFO >> Epoch  28/100, Batch 5000/5302, train loss: 13.2661 (train.py:127, train())
Using backend: pytorch
Using backend: pytorch
Using backend: pytorch
[2021-11-06 13:54:01]    INFO >> Epoch  28/100, train loss: 13.2944 (train.py:136, <module>())
Using backend: pytorch
Using backend: pytorch
Using backend: pytorch
[2021-11-06 13:59:11]    INFO >> Epoch  28/100, valid loss: 0.0000, valid bleu4: 44.05, best bleu4: 44.68 (train.py:217, <module>())
[2021-11-06 13:59:33]    INFO >> update /home/wanyao/yang/ncc_data/avatar/translation/top3/graphcodebert/data-mmap/python-java/last_checkpoint.pt (train.py:222, <module>())
[2021-11-06 14:05:50]    INFO >> Epoch  29/100, Batch 500/5302, train loss: 11.8186 (train.py:127, train())
[2021-11-06 14:11:10]    INFO >> Epoch  29/100, Batch 1000/5302, train loss: 12.0795 (train.py:127, train())
[2021-11-06 14:16:23]    INFO >> Epoch  29/100, Batch 1500/5302, train loss: 12.0743 (train.py:127, train())
[2021-11-06 14:21:29]    INFO >> Epoch  29/100, Batch 2000/5302, train loss: 12.1712 (train.py:127, train())
[2021-11-06 14:26:48]    INFO >> Epoch  29/100, Batch 2500/5302, train loss: 12.3140 (train.py:127, train())
[2021-11-06 14:32:05]    INFO >> Epoch  29/100, Batch 3000/5302, train loss: 12.3578 (train.py:127, train())
[2021-11-06 14:37:24]    INFO >> Epoch  29/100, Batch 3500/5302, train loss: 12.4206 (train.py:127, train())
[2021-11-06 14:42:44]    INFO >> Epoch  29/100, Batch 4000/5302, train loss: 12.4931 (train.py:127, train())
[2021-11-06 14:48:03]    INFO >> Epoch  29/100, Batch 4500/5302, train loss: 12.5123 (train.py:127, train())
[2021-11-06 14:53:22]    INFO >> Epoch  29/100, Batch 5000/5302, train loss: 12.5323 (train.py:127, train())
Using backend: pytorch
Using backend: pytorch
Using backend: pytorch
[2021-11-06 14:56:54]    INFO >> Epoch  29/100, train loss: 12.5304 (train.py:136, <module>())
Using backend: pytorch
Using backend: pytorch
Using backend: pytorch
[2021-11-06 15:02:15]    INFO >> Epoch  29/100, valid loss: 0.0000, valid bleu4: 44.37, best bleu4: 44.68 (train.py:217, <module>())
[2021-11-06 15:02:39]    INFO >> update /home/wanyao/yang/ncc_data/avatar/translation/top3/graphcodebert/data-mmap/python-java/last_checkpoint.pt (train.py:222, <module>())
[2021-11-06 15:09:54]    INFO >> Epoch  30/100, Batch 500/5302, train loss: 11.5017 (train.py:127, train())
[2021-11-06 15:15:10]    INFO >> Epoch  30/100, Batch 1000/5302, train loss: 11.4648 (train.py:127, train())
[2021-11-06 15:20:26]    INFO >> Epoch  30/100, Batch 1500/5302, train loss: 11.3381 (train.py:127, train())
[2021-11-06 15:25:05]    INFO >> Epoch  30/100, Batch 2000/5302, train loss: 11.4023 (train.py:127, train())
[2021-11-06 15:30:20]    INFO >> Epoch  30/100, Batch 2500/5302, train loss: 11.5254 (train.py:127, train())
[2021-11-06 15:35:39]    INFO >> Epoch  30/100, Batch 3000/5302, train loss: 11.5400 (train.py:127, train())
[2021-11-06 15:40:57]    INFO >> Epoch  30/100, Batch 3500/5302, train loss: 11.6100 (train.py:127, train())
[2021-11-06 15:46:06]    INFO >> Epoch  30/100, Batch 4000/5302, train loss: 11.6595 (train.py:127, train())
[2021-11-06 15:51:24]    INFO >> Epoch  30/100, Batch 4500/5302, train loss: 11.6422 (train.py:127, train())
[2021-11-06 15:56:50]    INFO >> Epoch  30/100, Batch 5000/5302, train loss: 11.6686 (train.py:127, train())
Using backend: pytorch
Using backend: pytorch
Using backend: pytorch
[2021-11-06 16:00:15]    INFO >> Epoch  30/100, train loss: 11.7143 (train.py:136, <module>())
[2021-11-06 16:00:28]    INFO >> save /home/wanyao/yang/ncc_data/avatar/translation/top3/graphcodebert/data-mmap/python-java/30.pt (train.py:207, <module>())
Using backend: pytorch
Using backend: pytorch
Using backend: pytorch
[2021-11-06 16:05:41]    INFO >> Epoch  30/100, valid loss: 0.0000, valid bleu4: 44.55, best bleu4: 44.68 (train.py:217, <module>())
[2021-11-06 16:06:05]    INFO >> update /home/wanyao/yang/ncc_data/avatar/translation/top3/graphcodebert/data-mmap/python-java/last_checkpoint.pt (train.py:222, <module>())
[2021-11-06 16:13:01]    INFO >> Epoch  31/100, Batch 500/5302, train loss: 10.6345 (train.py:127, train())
[2021-11-06 16:17:11]    INFO >> Epoch  31/100, Batch 1000/5302, train loss: 10.7912 (train.py:127, train())
[2021-11-06 16:21:49]    INFO >> Epoch  31/100, Batch 1500/5302, train loss: 10.6510 (train.py:127, train())
[2021-11-06 16:25:40]    INFO >> Epoch  31/100, Batch 2000/5302, train loss: 10.6114 (train.py:127, train())
[2021-11-06 16:29:49]    INFO >> Epoch  31/100, Batch 2500/5302, train loss: 10.6970 (train.py:127, train())
[2021-11-06 16:34:07]    INFO >> Epoch  31/100, Batch 3000/5302, train loss: 10.7745 (train.py:127, train())
[2021-11-06 16:38:16]    INFO >> Epoch  31/100, Batch 3500/5302, train loss: 10.8168 (train.py:127, train())
[2021-11-06 16:42:34]    INFO >> Epoch  31/100, Batch 4000/5302, train loss: 10.8674 (train.py:127, train())
[2021-11-06 16:46:51]    INFO >> Epoch  31/100, Batch 4500/5302, train loss: 10.9432 (train.py:127, train())
[2021-11-06 16:51:07]    INFO >> Epoch  31/100, Batch 5000/5302, train loss: 10.9619 (train.py:127, train())
Using backend: pytorch
Using backend: pytorch
Using backend: pytorch
[2021-11-06 16:53:51]    INFO >> Epoch  31/100, train loss: 10.9311 (train.py:136, <module>())
Using backend: pytorch
Using backend: pytorch
Using backend: pytorch
[2021-11-06 16:58:27]    INFO >> Epoch  31/100, valid loss: 0.0000, valid bleu4: 44.02, best bleu4: 44.68 (train.py:217, <module>())
[2021-11-06 16:58:44]    INFO >> update /home/wanyao/yang/ncc_data/avatar/translation/top3/graphcodebert/data-mmap/python-java/last_checkpoint.pt (train.py:222, <module>())
[2021-11-06 17:04:07]    INFO >> Epoch  32/100, Batch 500/5302, train loss: 9.1304 (train.py:127, train())
[2021-11-06 17:08:17]    INFO >> Epoch  32/100, Batch 1000/5302, train loss: 9.5851 (train.py:127, train())
[2021-11-06 17:12:48]    INFO >> Epoch  32/100, Batch 1500/5302, train loss: 9.8022 (train.py:127, train())
[2021-11-06 17:16:37]    INFO >> Epoch  32/100, Batch 2000/5302, train loss: 10.0129 (train.py:127, train())
[2021-11-06 17:20:52]    INFO >> Epoch  32/100, Batch 2500/5302, train loss: 10.0570 (train.py:127, train())
[2021-11-06 17:25:05]    INFO >> Epoch  32/100, Batch 3000/5302, train loss: 10.1161 (train.py:127, train())
[2021-11-06 17:29:16]    INFO >> Epoch  32/100, Batch 3500/5302, train loss: 10.1754 (train.py:127, train())
[2021-11-06 17:33:23]    INFO >> Epoch  32/100, Batch 4000/5302, train loss: 10.2523 (train.py:127, train())
[2021-11-06 17:37:39]    INFO >> Epoch  32/100, Batch 4500/5302, train loss: 10.3224 (train.py:127, train())
[2021-11-06 17:41:45]    INFO >> Epoch  32/100, Batch 5000/5302, train loss: 10.3561 (train.py:127, train())
Using backend: pytorch
Using backend: pytorch
Using backend: pytorch
[2021-11-06 17:44:26]    INFO >> Epoch  32/100, train loss: 10.3914 (train.py:136, <module>())
Using backend: pytorch
Using backend: pytorch
Using backend: pytorch
[2021-11-06 17:49:07]    INFO >> Epoch  32/100, valid loss: 0.0000, valid bleu4: 44.63, best bleu4: 44.68 (train.py:217, <module>())
[2021-11-06 17:49:23]    INFO >> update /home/wanyao/yang/ncc_data/avatar/translation/top3/graphcodebert/data-mmap/python-java/last_checkpoint.pt (train.py:222, <module>())
[2021-11-06 17:54:43]    INFO >> Epoch  33/100, Batch 500/5302, train loss: 9.3075 (train.py:127, train())
[2021-11-06 17:58:51]    INFO >> Epoch  33/100, Batch 1000/5302, train loss: 9.4416 (train.py:127, train())
[2021-11-06 18:04:06]    INFO >> Epoch  33/100, Batch 1500/5302, train loss: 9.3799 (train.py:127, train())
[2021-11-06 18:09:38]    INFO >> Epoch  33/100, Batch 2000/5302, train loss: 9.5156 (train.py:127, train())
[2021-11-06 18:13:09]    INFO >> Epoch  33/100, Batch 2500/5302, train loss: 9.6124 (train.py:127, train())
[2021-11-06 18:15:49]    INFO >> Epoch  33/100, Batch 3000/5302, train loss: 9.6842 (train.py:127, train())
[2021-11-06 18:18:13]    INFO >> Epoch  33/100, Batch 3500/5302, train loss: 9.7598 (train.py:127, train())
[2021-11-06 18:20:51]    INFO >> Epoch  33/100, Batch 4000/5302, train loss: 9.7933 (train.py:127, train())
[2021-11-06 18:23:36]    INFO >> Epoch  33/100, Batch 4500/5302, train loss: 9.8195 (train.py:127, train())
[2021-11-06 18:26:01]    INFO >> Epoch  33/100, Batch 5000/5302, train loss: 9.8197 (train.py:127, train())
Using backend: pytorch
Using backend: pytorch
Using backend: pytorch
[2021-11-06 18:27:46]    INFO >> Epoch  33/100, train loss: 9.8362 (train.py:136, <module>())
Using backend: pytorch
Using backend: pytorch
Using backend: pytorch
[2021-11-06 18:30:47]    INFO >> Epoch  33/100, valid loss: 0.0000, valid bleu4: 44.62, best bleu4: 44.68 (train.py:217, <module>())
[2021-11-06 18:31:04]    INFO >> update /home/wanyao/yang/ncc_data/avatar/translation/top3/graphcodebert/data-mmap/python-java/last_checkpoint.pt (train.py:222, <module>())
[2021-11-06 18:34:48]    INFO >> Epoch  34/100, Batch 500/5302, train loss: 8.8370 (train.py:127, train())
[2021-11-06 18:37:31]    INFO >> Epoch  34/100, Batch 1000/5302, train loss: 9.0268 (train.py:127, train())
[2021-11-06 18:40:12]    INFO >> Epoch  34/100, Batch 1500/5302, train loss: 9.1481 (train.py:127, train())
[2021-11-06 18:42:56]    INFO >> Epoch  34/100, Batch 2000/5302, train loss: 9.1799 (train.py:127, train())
[2021-11-06 18:45:44]    INFO >> Epoch  34/100, Batch 2500/5302, train loss: 9.2330 (train.py:127, train())
[2021-11-06 18:48:27]    INFO >> Epoch  34/100, Batch 3000/5302, train loss: 9.2439 (train.py:127, train())
[2021-11-06 18:51:11]    INFO >> Epoch  34/100, Batch 3500/5302, train loss: 9.2697 (train.py:127, train())
[2021-11-06 18:53:54]    INFO >> Epoch  34/100, Batch 4000/5302, train loss: 9.2974 (train.py:127, train())
[2021-11-06 18:56:35]    INFO >> Epoch  34/100, Batch 4500/5302, train loss: 9.3745 (train.py:127, train())
[2021-11-06 18:59:21]    INFO >> Epoch  34/100, Batch 5000/5302, train loss: 9.3963 (train.py:127, train())
Using backend: pytorch
Using backend: pytorch
Using backend: pytorch
[2021-11-06 19:01:04]    INFO >> Epoch  34/100, train loss: 9.4116 (train.py:136, <module>())
Using backend: pytorch
Using backend: pytorch
Using backend: pytorch
[2021-11-06 19:04:17]    INFO >> update /home/wanyao/yang/ncc_data/avatar/translation/top3/graphcodebert/data-mmap/python-java/best_checkpoint.pt (train.py:215, <module>())
[2021-11-06 19:04:17]    INFO >> Epoch  34/100, valid loss: 0.0000, valid bleu4: 44.73, best bleu4: 44.73 (train.py:217, <module>())
[2021-11-06 19:04:34]    INFO >> update /home/wanyao/yang/ncc_data/avatar/translation/top3/graphcodebert/data-mmap/python-java/last_checkpoint.pt (train.py:222, <module>())
[2021-11-06 19:08:16]    INFO >> Epoch  35/100, Batch 500/5302, train loss: 8.4368 (train.py:127, train())
[2021-11-06 19:10:34]    INFO >> Epoch  35/100, Batch 1000/5302, train loss: 8.5656 (train.py:127, train())
[2021-11-06 19:13:20]    INFO >> Epoch  35/100, Batch 1500/5302, train loss: 8.7263 (train.py:127, train())
[2021-11-06 19:16:02]    INFO >> Epoch  35/100, Batch 2000/5302, train loss: 8.7003 (train.py:127, train())
[2021-11-06 19:18:49]    INFO >> Epoch  35/100, Batch 2500/5302, train loss: 8.7651 (train.py:127, train())
[2021-11-06 19:21:35]    INFO >> Epoch  35/100, Batch 3000/5302, train loss: 8.7271 (train.py:127, train())
[2021-11-06 19:24:13]    INFO >> Epoch  35/100, Batch 3500/5302, train loss: 8.7990 (train.py:127, train())
[2021-11-06 19:26:58]    INFO >> Epoch  35/100, Batch 4000/5302, train loss: 8.8346 (train.py:127, train())
[2021-11-06 19:29:38]    INFO >> Epoch  35/100, Batch 4500/5302, train loss: 8.8573 (train.py:127, train())
[2021-11-06 19:32:21]    INFO >> Epoch  35/100, Batch 5000/5302, train loss: 8.8486 (train.py:127, train())
Using backend: pytorch
Using backend: pytorch
Using backend: pytorch
[2021-11-06 19:34:09]    INFO >> Epoch  35/100, train loss: 8.8670 (train.py:136, <module>())
[2021-11-06 19:34:17]    INFO >> save /home/wanyao/yang/ncc_data/avatar/translation/top3/graphcodebert/data-mmap/python-java/35.pt (train.py:207, <module>())
Using backend: pytorch
Using backend: pytorch
Using backend: pytorch
[2021-11-06 19:37:15]    INFO >> Epoch  35/100, valid loss: 0.0000, valid bleu4: 44.59, best bleu4: 44.73 (train.py:217, <module>())
[2021-11-06 19:37:32]    INFO >> update /home/wanyao/yang/ncc_data/avatar/translation/top3/graphcodebert/data-mmap/python-java/last_checkpoint.pt (train.py:222, <module>())
[2021-11-06 19:41:24]    INFO >> Epoch  36/100, Batch 500/5302, train loss: 8.0386 (train.py:127, train())
[2021-11-06 19:44:03]    INFO >> Epoch  36/100, Batch 1000/5302, train loss: 8.2308 (train.py:127, train())
[2021-11-06 19:46:44]    INFO >> Epoch  36/100, Batch 1500/5302, train loss: 8.2392 (train.py:127, train())
[2021-11-06 19:49:24]    INFO >> Epoch  36/100, Batch 2000/5302, train loss: 8.2469 (train.py:127, train())
[2021-11-06 19:51:31]    INFO >> Epoch  36/100, Batch 2500/5302, train loss: 8.2753 (train.py:127, train())
[2021-11-06 19:53:41]    INFO >> Epoch  36/100, Batch 3000/5302, train loss: 8.2912 (train.py:127, train())
[2021-11-06 19:56:18]    INFO >> Epoch  36/100, Batch 3500/5302, train loss: 8.3039 (train.py:127, train())
[2021-11-06 19:59:02]    INFO >> Epoch  36/100, Batch 4000/5302, train loss: 8.3573 (train.py:127, train())
[2021-11-06 20:01:21]    INFO >> Epoch  36/100, Batch 4500/5302, train loss: 8.3712 (train.py:127, train())
[2021-11-06 20:03:55]    INFO >> Epoch  36/100, Batch 5000/5302, train loss: 8.3977 (train.py:127, train())
Using backend: pytorch
Using backend: pytorch
Using backend: pytorch
[2021-11-06 20:05:41]    INFO >> Epoch  36/100, train loss: 8.4165 (train.py:136, <module>())
Using backend: pytorch
Using backend: pytorch
Using backend: pytorch
[2021-11-06 20:08:41]    INFO >> Epoch  36/100, valid loss: 0.0000, valid bleu4: 44.61, best bleu4: 44.73 (train.py:217, <module>())
[2021-11-06 20:08:58]    INFO >> update /home/wanyao/yang/ncc_data/avatar/translation/top3/graphcodebert/data-mmap/python-java/last_checkpoint.pt (train.py:222, <module>())
[2021-11-06 20:12:51]    INFO >> Epoch  37/100, Batch 500/5302, train loss: 7.6058 (train.py:127, train())
[2021-11-06 20:15:32]    INFO >> Epoch  37/100, Batch 1000/5302, train loss: 7.6808 (train.py:127, train())
[2021-11-06 20:18:18]    INFO >> Epoch  37/100, Batch 1500/5302, train loss: 7.8543 (train.py:127, train())
[2021-11-06 20:21:03]    INFO >> Epoch  37/100, Batch 2000/5302, train loss: 7.9895 (train.py:127, train())
[2021-11-06 20:23:46]    INFO >> Epoch  37/100, Batch 2500/5302, train loss: 8.0104 (train.py:127, train())
[2021-11-06 20:26:30]    INFO >> Epoch  37/100, Batch 3000/5302, train loss: 8.0510 (train.py:127, train())
[2021-11-06 20:29:16]    INFO >> Epoch  37/100, Batch 3500/5302, train loss: 8.0149 (train.py:127, train())
[2021-11-06 20:32:01]    INFO >> Epoch  37/100, Batch 4000/5302, train loss: 8.0281 (train.py:127, train())
[2021-11-06 20:34:12]    INFO >> Epoch  37/100, Batch 4500/5302, train loss: 8.0310 (train.py:127, train())
[2021-11-06 20:36:31]    INFO >> Epoch  37/100, Batch 5000/5302, train loss: 8.0545 (train.py:127, train())
Using backend: pytorch
Using backend: pytorch
Using backend: pytorch
[2021-11-06 20:38:21]    INFO >> Epoch  37/100, train loss: 8.0710 (train.py:136, <module>())
Using backend: pytorch
Using backend: pytorch
Using backend: pytorch
[2021-11-06 20:41:44]    INFO >> update /home/wanyao/yang/ncc_data/avatar/translation/top3/graphcodebert/data-mmap/python-java/best_checkpoint.pt (train.py:215, <module>())
[2021-11-06 20:41:44]    INFO >> Epoch  37/100, valid loss: 0.0000, valid bleu4: 45.62, best bleu4: 45.62 (train.py:217, <module>())
[2021-11-06 20:41:59]    INFO >> update /home/wanyao/yang/ncc_data/avatar/translation/top3/graphcodebert/data-mmap/python-java/last_checkpoint.pt (train.py:222, <module>())
[2021-11-06 20:45:21]    INFO >> Epoch  38/100, Batch 500/5302, train loss: 7.2208 (train.py:127, train())
[2021-11-06 20:48:05]    INFO >> Epoch  38/100, Batch 1000/5302, train loss: 7.2163 (train.py:127, train())
[2021-11-06 20:50:50]    INFO >> Epoch  38/100, Batch 1500/5302, train loss: 7.3826 (train.py:127, train())
[2021-11-06 20:53:37]    INFO >> Epoch  38/100, Batch 2000/5302, train loss: 7.4102 (train.py:127, train())
[2021-11-06 20:56:15]    INFO >> Epoch  38/100, Batch 2500/5302, train loss: 7.4747 (train.py:127, train())
[2021-11-06 20:58:56]    INFO >> Epoch  38/100, Batch 3000/5302, train loss: 7.5435 (train.py:127, train())
[2021-11-06 21:01:40]    INFO >> Epoch  38/100, Batch 3500/5302, train loss: 7.5851 (train.py:127, train())
[2021-11-06 21:04:20]    INFO >> Epoch  38/100, Batch 4000/5302, train loss: 7.6021 (train.py:127, train())
[2021-11-06 21:06:58]    INFO >> Epoch  38/100, Batch 4500/5302, train loss: 7.6210 (train.py:127, train())
[2021-11-06 21:09:38]    INFO >> Epoch  38/100, Batch 5000/5302, train loss: 7.6718 (train.py:127, train())
Using backend: pytorch
Using backend: pytorch
Using backend: pytorch
[2021-11-06 21:11:26]    INFO >> Epoch  38/100, train loss: 7.6826 (train.py:136, <module>())
Using backend: pytorch
Using backend: pytorch
Using backend: pytorch
[2021-11-06 21:14:28]    INFO >> Epoch  38/100, valid loss: 0.0000, valid bleu4: 45.34, best bleu4: 45.62 (train.py:217, <module>())
[2021-11-06 21:14:46]    INFO >> update /home/wanyao/yang/ncc_data/avatar/translation/top3/graphcodebert/data-mmap/python-java/last_checkpoint.pt (train.py:222, <module>())
[2021-11-06 21:18:26]    INFO >> Epoch  39/100, Batch 500/5302, train loss: 6.9528 (train.py:127, train())
[2021-11-06 21:21:09]    INFO >> Epoch  39/100, Batch 1000/5302, train loss: 7.0213 (train.py:127, train())
[2021-11-06 21:23:52]    INFO >> Epoch  39/100, Batch 1500/5302, train loss: 7.1126 (train.py:127, train())
[2021-11-06 21:26:05]    INFO >> Epoch  39/100, Batch 2000/5302, train loss: 7.1291 (train.py:127, train())
[2021-11-06 21:28:37]    INFO >> Epoch  39/100, Batch 2500/5302, train loss: 7.1715 (train.py:127, train())
[2021-11-06 21:31:26]    INFO >> Epoch  39/100, Batch 3000/5302, train loss: 7.1921 (train.py:127, train())
[2021-11-06 21:33:51]    INFO >> Epoch  39/100, Batch 3500/5302, train loss: 7.2153 (train.py:127, train())
[2021-11-06 21:36:23]    INFO >> Epoch  39/100, Batch 4000/5302, train loss: 7.2724 (train.py:127, train())
[2021-11-06 21:39:04]    INFO >> Epoch  39/100, Batch 4500/5302, train loss: 7.2817 (train.py:127, train())
[2021-11-06 21:41:43]    INFO >> Epoch  39/100, Batch 5000/5302, train loss: 7.3110 (train.py:127, train())
Using backend: pytorch
Using backend: pytorch
Using backend: pytorch
[2021-11-06 21:43:27]    INFO >> Epoch  39/100, train loss: 7.3130 (train.py:136, <module>())
Using backend: pytorch
Using backend: pytorch
Using backend: pytorch
[2021-11-06 21:46:29]    INFO >> Epoch  39/100, valid loss: 0.0000, valid bleu4: 44.37, best bleu4: 45.62 (train.py:217, <module>())
[2021-11-06 21:46:46]    INFO >> update /home/wanyao/yang/ncc_data/avatar/translation/top3/graphcodebert/data-mmap/python-java/last_checkpoint.pt (train.py:222, <module>())
[2021-11-06 21:50:25]    INFO >> Epoch  40/100, Batch 500/5302, train loss: 6.9858 (train.py:127, train())
[2021-11-06 21:53:08]    INFO >> Epoch  40/100, Batch 1000/5302, train loss: 6.7819 (train.py:127, train())
[2021-11-06 21:55:49]    INFO >> Epoch  40/100, Batch 1500/5302, train loss: 6.7751 (train.py:127, train())
[2021-11-06 21:58:31]    INFO >> Epoch  40/100, Batch 2000/5302, train loss: 6.7729 (train.py:127, train())
[2021-11-06 22:01:15]    INFO >> Epoch  40/100, Batch 2500/5302, train loss: 6.7909 (train.py:127, train())
[2021-11-06 22:03:57]    INFO >> Epoch  40/100, Batch 3000/5302, train loss: 6.8358 (train.py:127, train())
[2021-11-06 22:06:44]    INFO >> Epoch  40/100, Batch 3500/5302, train loss: 6.8783 (train.py:127, train())
[2021-11-06 22:09:29]    INFO >> Epoch  40/100, Batch 4000/5302, train loss: 6.8965 (train.py:127, train())
[2021-11-06 22:12:08]    INFO >> Epoch  40/100, Batch 4500/5302, train loss: 6.9554 (train.py:127, train())
[2021-11-06 22:14:49]    INFO >> Epoch  40/100, Batch 5000/5302, train loss: 6.9827 (train.py:127, train())
Using backend: pytorch
Using backend: pytorch
Using backend: pytorch
[2021-11-06 22:16:32]    INFO >> Epoch  40/100, train loss: 6.9937 (train.py:136, <module>())
[2021-11-06 22:16:42]    INFO >> save /home/wanyao/yang/ncc_data/avatar/translation/top3/graphcodebert/data-mmap/python-java/40.pt (train.py:207, <module>())
Using backend: pytorch
Using backend: pytorch
Using backend: pytorch
[2021-11-06 22:19:35]    INFO >> Epoch  40/100, valid loss: 0.0000, valid bleu4: 45.04, best bleu4: 45.62 (train.py:217, <module>())
[2021-11-06 22:19:47]    INFO >> update /home/wanyao/yang/ncc_data/avatar/translation/top3/graphcodebert/data-mmap/python-java/last_checkpoint.pt (train.py:222, <module>())
[2021-11-06 22:23:15]    INFO >> Epoch  41/100, Batch 500/5302, train loss: 6.2207 (train.py:127, train())
[2021-11-06 22:26:07]    INFO >> Epoch  41/100, Batch 1000/5302, train loss: 6.1888 (train.py:127, train())
[2021-11-06 22:28:51]    INFO >> Epoch  41/100, Batch 1500/5302, train loss: 6.3878 (train.py:127, train())
[2021-11-06 22:31:35]    INFO >> Epoch  41/100, Batch 2000/5302, train loss: 6.4839 (train.py:127, train())
[2021-11-06 22:34:28]    INFO >> Epoch  41/100, Batch 2500/5302, train loss: 6.5959 (train.py:127, train())
[2021-11-06 22:37:09]    INFO >> Epoch  41/100, Batch 3000/5302, train loss: 6.6793 (train.py:127, train())
[2021-11-06 22:39:55]    INFO >> Epoch  41/100, Batch 3500/5302, train loss: 6.7046 (train.py:127, train())
[2021-11-06 22:42:38]    INFO >> Epoch  41/100, Batch 4000/5302, train loss: 6.7061 (train.py:127, train())
[2021-11-06 22:45:23]    INFO >> Epoch  41/100, Batch 4500/5302, train loss: 6.7182 (train.py:127, train())
[2021-11-06 22:48:03]    INFO >> Epoch  41/100, Batch 5000/5302, train loss: 6.7733 (train.py:127, train())
Using backend: pytorch
Using backend: pytorch
Using backend: pytorch
[2021-11-06 22:49:53]    INFO >> Epoch  41/100, train loss: 6.7794 (train.py:136, <module>())
Using backend: pytorch
Using backend: pytorch
Using backend: pytorch
[2021-11-06 22:52:57]    INFO >> Epoch  41/100, valid loss: 0.0000, valid bleu4: 44.13, best bleu4: 45.62 (train.py:217, <module>())
[2021-11-06 22:53:15]    INFO >> update /home/wanyao/yang/ncc_data/avatar/translation/top3/graphcodebert/data-mmap/python-java/last_checkpoint.pt (train.py:222, <module>())
[2021-11-06 22:57:00]    INFO >> Epoch  42/100, Batch 500/5302, train loss: 6.1111 (train.py:127, train())
[2021-11-06 22:59:42]    INFO >> Epoch  42/100, Batch 1000/5302, train loss: 6.1189 (train.py:127, train())
[2021-11-06 23:01:51]    INFO >> Epoch  42/100, Batch 1500/5302, train loss: 6.1947 (train.py:127, train())
[2021-11-06 23:04:28]    INFO >> Epoch  42/100, Batch 2000/5302, train loss: 6.1831 (train.py:127, train())
[2021-11-06 23:07:25]    INFO >> Epoch  42/100, Batch 2500/5302, train loss: 6.2285 (train.py:127, train())
[2021-11-06 23:10:14]    INFO >> Epoch  42/100, Batch 3000/5302, train loss: 6.2697 (train.py:127, train())
[2021-11-06 23:12:27]    INFO >> Epoch  42/100, Batch 3500/5302, train loss: 6.2785 (train.py:127, train())
[2021-11-06 23:15:18]    INFO >> Epoch  42/100, Batch 4000/5302, train loss: 6.3034 (train.py:127, train())
[2021-11-06 23:18:03]    INFO >> Epoch  42/100, Batch 4500/5302, train loss: 6.3421 (train.py:127, train())
[2021-11-06 23:21:02]    INFO >> Epoch  42/100, Batch 5000/5302, train loss: 6.3826 (train.py:127, train())
Using backend: pytorch
Using backend: pytorch
Using backend: pytorch
[2021-11-06 23:22:48]    INFO >> Epoch  42/100, train loss: 6.3962 (train.py:136, <module>())
Using backend: pytorch
Using backend: pytorch
Using backend: pytorch
[2021-11-06 23:25:58]    INFO >> Epoch  42/100, valid loss: 0.0000, valid bleu4: 45.02, best bleu4: 45.62 (train.py:217, <module>())
[2021-11-06 23:26:14]    INFO >> update /home/wanyao/yang/ncc_data/avatar/translation/top3/graphcodebert/data-mmap/python-java/last_checkpoint.pt (train.py:222, <module>())
[2021-11-06 23:29:56]    INFO >> Epoch  43/100, Batch 500/5302, train loss: 5.8677 (train.py:127, train())
[2021-11-06 23:32:43]    INFO >> Epoch  43/100, Batch 1000/5302, train loss: 6.0004 (train.py:127, train())
[2021-11-06 23:35:43]    INFO >> Epoch  43/100, Batch 1500/5302, train loss: 6.0988 (train.py:127, train())
[2021-11-06 23:38:42]    INFO >> Epoch  43/100, Batch 2000/5302, train loss: 6.0729 (train.py:127, train())
[2021-11-06 23:41:42]    INFO >> Epoch  43/100, Batch 2500/5302, train loss: 6.0489 (train.py:127, train())
[2021-11-06 23:44:42]    INFO >> Epoch  43/100, Batch 3000/5302, train loss: 6.0862 (train.py:127, train())
[2021-11-06 23:47:47]    INFO >> Epoch  43/100, Batch 3500/5302, train loss: 6.1238 (train.py:127, train())
[2021-11-06 23:50:51]    INFO >> Epoch  43/100, Batch 4000/5302, train loss: 6.1517 (train.py:127, train())
[2021-11-06 23:53:48]    INFO >> Epoch  43/100, Batch 4500/5302, train loss: 6.1821 (train.py:127, train())
[2021-11-06 23:56:53]    INFO >> Epoch  43/100, Batch 5000/5302, train loss: 6.1979 (train.py:127, train())
Using backend: pytorch
Using backend: pytorch
Using backend: pytorch
[2021-11-06 23:58:56]    INFO >> Epoch  43/100, train loss: 6.2151 (train.py:136, <module>())
Using backend: pytorch
Using backend: pytorch
Using backend: pytorch
[2021-11-07 00:02:16]    INFO >> Epoch  43/100, valid loss: 0.0000, valid bleu4: 45.11, best bleu4: 45.62 (train.py:217, <module>())
[2021-11-07 00:02:35]    INFO >> update /home/wanyao/yang/ncc_data/avatar/translation/top3/graphcodebert/data-mmap/python-java/last_checkpoint.pt (train.py:222, <module>())
[2021-11-07 00:06:54]    INFO >> Epoch  44/100, Batch 500/5302, train loss: 5.6453 (train.py:127, train())
[2021-11-07 00:09:58]    INFO >> Epoch  44/100, Batch 1000/5302, train loss: 5.6806 (train.py:127, train())
[2021-11-07 00:12:59]    INFO >> Epoch  44/100, Batch 1500/5302, train loss: 5.7435 (train.py:127, train())
[2021-11-07 00:15:34]    INFO >> Epoch  44/100, Batch 2000/5302, train loss: 5.7244 (train.py:127, train())
[2021-11-07 00:17:44]    INFO >> Epoch  44/100, Batch 2500/5302, train loss: 5.7556 (train.py:127, train())
[2021-11-07 00:19:53]    INFO >> Epoch  44/100, Batch 3000/5302, train loss: 5.8121 (train.py:127, train())
[2021-11-07 00:22:46]    INFO >> Epoch  44/100, Batch 3500/5302, train loss: 5.8666 (train.py:127, train())
[2021-11-07 00:25:36]    INFO >> Epoch  44/100, Batch 4000/5302, train loss: 5.8977 (train.py:127, train())
[2021-11-07 00:27:48]    INFO >> Epoch  44/100, Batch 4500/5302, train loss: 5.9154 (train.py:127, train())
[2021-11-07 00:29:45]    INFO >> Epoch  44/100, Batch 5000/5302, train loss: 5.9467 (train.py:127, train())
Using backend: pytorch
Using backend: pytorch
Using backend: pytorch
[2021-11-07 00:31:09]    INFO >> Epoch  44/100, train loss: 5.9577 (train.py:136, <module>())
Using backend: pytorch
Using backend: pytorch
Using backend: pytorch
[2021-11-07 00:34:00]    INFO >> Epoch  44/100, valid loss: 0.0000, valid bleu4: 44.82, best bleu4: 45.62 (train.py:217, <module>())
[2021-11-07 00:34:14]    INFO >> update /home/wanyao/yang/ncc_data/avatar/translation/top3/graphcodebert/data-mmap/python-java/last_checkpoint.pt (train.py:222, <module>())
[2021-11-07 00:37:44]    INFO >> Epoch  45/100, Batch 500/5302, train loss: 5.3542 (train.py:127, train())
[2021-11-07 00:40:19]    INFO >> Epoch  45/100, Batch 1000/5302, train loss: 5.4117 (train.py:127, train())
[2021-11-07 00:42:55]    INFO >> Epoch  45/100, Batch 1500/5302, train loss: 5.4971 (train.py:127, train())
[2021-11-07 00:45:28]    INFO >> Epoch  45/100, Batch 2000/5302, train loss: 5.5285 (train.py:127, train())
[2021-11-07 00:47:57]    INFO >> Epoch  45/100, Batch 2500/5302, train loss: 5.5545 (train.py:127, train())
[2021-11-07 00:50:34]    INFO >> Epoch  45/100, Batch 3000/5302, train loss: 5.6221 (train.py:127, train())
[2021-11-07 00:52:40]    INFO >> Epoch  45/100, Batch 3500/5302, train loss: 5.6364 (train.py:127, train())
[2021-11-07 00:54:41]    INFO >> Epoch  45/100, Batch 4000/5302, train loss: 5.6373 (train.py:127, train())
[2021-11-07 00:57:28]    INFO >> Epoch  45/100, Batch 4500/5302, train loss: 5.6631 (train.py:127, train())
[2021-11-07 00:59:42]    INFO >> Epoch  45/100, Batch 5000/5302, train loss: 5.6835 (train.py:127, train())
Using backend: pytorch
Using backend: pytorch
Using backend: pytorch
[2021-11-07 01:01:25]    INFO >> Epoch  45/100, train loss: 5.6892 (train.py:136, <module>())
[2021-11-07 01:01:31]    INFO >> save /home/wanyao/yang/ncc_data/avatar/translation/top3/graphcodebert/data-mmap/python-java/45.pt (train.py:207, <module>())
Using backend: pytorch
Using backend: pytorch
Using backend: pytorch
[2021-11-07 01:04:43]    INFO >> Epoch  45/100, valid loss: 0.0000, valid bleu4: 45.25, best bleu4: 45.62 (train.py:217, <module>())
[2021-11-07 01:05:00]    INFO >> update /home/wanyao/yang/ncc_data/avatar/translation/top3/graphcodebert/data-mmap/python-java/last_checkpoint.pt (train.py:222, <module>())
[2021-11-07 01:08:39]    INFO >> Epoch  46/100, Batch 500/5302, train loss: 5.3898 (train.py:127, train())
[2021-11-07 01:13:01]    INFO >> Epoch  46/100, Batch 1000/5302, train loss: 5.4501 (train.py:127, train())
[2021-11-07 01:15:43]    INFO >> Epoch  46/100, Batch 1500/5302, train loss: 5.3916 (train.py:127, train())
[2021-11-07 01:17:38]    INFO >> Epoch  46/100, Batch 2000/5302, train loss: 5.3981 (train.py:127, train())
[2021-11-07 01:20:24]    INFO >> Epoch  46/100, Batch 2500/5302, train loss: 5.4282 (train.py:127, train())
[2021-11-07 01:22:52]    INFO >> Epoch  46/100, Batch 3000/5302, train loss: 5.4392 (train.py:127, train())
[2021-11-07 01:25:20]    INFO >> Epoch  46/100, Batch 3500/5302, train loss: 5.4554 (train.py:127, train())
[2021-11-07 01:28:08]    INFO >> Epoch  46/100, Batch 4000/5302, train loss: 5.4652 (train.py:127, train())
[2021-11-07 01:30:58]    INFO >> Epoch  46/100, Batch 4500/5302, train loss: 5.4693 (train.py:127, train())
[2021-11-07 01:33:41]    INFO >> Epoch  46/100, Batch 5000/5302, train loss: 5.4733 (train.py:127, train())
Using backend: pytorch
Using backend: pytorch
Using backend: pytorch
[2021-11-07 01:35:25]    INFO >> Epoch  46/100, train loss: 5.4860 (train.py:136, <module>())
Using backend: pytorch
Using backend: pytorch
Using backend: pytorch
[2021-11-07 01:38:29]    INFO >> Epoch  46/100, valid loss: 0.0000, valid bleu4: 44.85, best bleu4: 45.62 (train.py:217, <module>())
[2021-11-07 01:38:44]    INFO >> update /home/wanyao/yang/ncc_data/avatar/translation/top3/graphcodebert/data-mmap/python-java/last_checkpoint.pt (train.py:222, <module>())
[2021-11-07 01:42:45]    INFO >> Epoch  47/100, Batch 500/5302, train loss: 5.1373 (train.py:127, train())
[2021-11-07 01:46:37]    INFO >> Epoch  47/100, Batch 1000/5302, train loss: 5.1905 (train.py:127, train())
[2021-11-07 01:50:27]    INFO >> Epoch  47/100, Batch 1500/5302, train loss: 5.2411 (train.py:127, train())
[2021-11-07 01:54:12]    INFO >> Epoch  47/100, Batch 2000/5302, train loss: 5.2531 (train.py:127, train())
[2021-11-07 01:57:55]    INFO >> Epoch  47/100, Batch 2500/5302, train loss: 5.2625 (train.py:127, train())
[2021-11-07 02:01:38]    INFO >> Epoch  47/100, Batch 3000/5302, train loss: 5.2766 (train.py:127, train())
[2021-11-07 02:05:22]    INFO >> Epoch  47/100, Batch 3500/5302, train loss: 5.3130 (train.py:127, train())
[2021-11-07 02:09:05]    INFO >> Epoch  47/100, Batch 4000/5302, train loss: 5.2950 (train.py:127, train())
[2021-11-07 02:12:49]    INFO >> Epoch  47/100, Batch 4500/5302, train loss: 5.3144 (train.py:127, train())
[2021-11-07 02:16:33]    INFO >> Epoch  47/100, Batch 5000/5302, train loss: 5.3094 (train.py:127, train())
Using backend: pytorch
Using backend: pytorch
Using backend: pytorch
[2021-11-07 02:18:51]    INFO >> Epoch  47/100, train loss: 5.3230 (train.py:136, <module>())
Using backend: pytorch
Using backend: pytorch
Using backend: pytorch
[2021-11-07 02:24:10]    INFO >> Epoch  47/100, valid loss: 0.0000, valid bleu4: 45.03, best bleu4: 45.62 (train.py:217, <module>())
[2021-11-07 02:24:24]    INFO >> update /home/wanyao/yang/ncc_data/avatar/translation/top3/graphcodebert/data-mmap/python-java/last_checkpoint.pt (train.py:222, <module>())
[2021-11-07 02:24:24]    INFO >> early stop because of no improvement in 10 epochs (train.py:224, <module>())
