nohup: ignoring input
Using backend: pytorch
[2021-11-05 09:57:58]    INFO >> No /mnt/wanyao/ncc_data/avatar/translation/top1/codebert/data-mmap/java-python/last_checkpoint.pt to initialize model (train.py:86, <module>())
[2021-11-05 09:57:58]    INFO >> Start training epoch   1/100, best bleu4: 0.00 (train.py:88, <module>())
/home/wanyao/anaconda3/envs/py37-1.7/lib/python3.7/site-packages/torch/optim/lr_scheduler.py:134: UserWarning: Detected call of `lr_scheduler.step()` before `optimizer.step()`. In PyTorch 1.1.0 and later, you should call them in the opposite order: `optimizer.step()` before `lr_scheduler.step()`.  Failure to do this will result in PyTorch skipping the first value of the learning rate schedule. See more details at https://pytorch.org/docs/stable/optim.html#how-to-adjust-learning-rate
  "https://pytorch.org/docs/stable/optim.html#how-to-adjust-learning-rate", UserWarning)
[2021-11-05 10:01:16]    INFO >> Epoch   1/100, Batch 500/1490, train loss: 1553.6409 (train.py:125, train())
[2021-11-05 10:04:19]    INFO >> Epoch   1/100, Batch 1000/1490, train loss: 1175.9057 (train.py:125, train())
Using backend: pytorch
Using backend: pytorch
Using backend: pytorch
[2021-11-05 10:07:18]    INFO >> Epoch   1/100, train loss: 1010.4967 (train.py:134, <module>())
Using backend: pytorch
Using backend: pytorch
Using backend: pytorch
[2021-11-05 10:18:00]    INFO >> update /mnt/wanyao/ncc_data/avatar/translation/top1/codebert/data-mmap/java-python/best_checkpoint.pt (train.py:208, <module>())
[2021-11-05 10:18:00]    INFO >> Epoch   1/100, valid loss: 0.0000, valid bleu4: 8.70, best bleu4: 8.70 (train.py:210, <module>())
[2021-11-05 10:18:04]    INFO >> update /mnt/wanyao/ncc_data/avatar/translation/top1/codebert/data-mmap/java-python/last_checkpoint.pt (train.py:215, <module>())
[2021-11-05 10:21:15]    INFO >> Epoch   2/100, Batch 500/1490, train loss: 579.9387 (train.py:125, train())
[2021-11-05 10:24:20]    INFO >> Epoch   2/100, Batch 1000/1490, train loss: 563.0686 (train.py:125, train())
Using backend: pytorch
Using backend: pytorch
Using backend: pytorch
[2021-11-05 10:27:24]    INFO >> Epoch   2/100, train loss: 551.3376 (train.py:134, <module>())
Using backend: pytorch
Using backend: pytorch
Using backend: pytorch
[2021-11-05 10:37:59]    INFO >> Epoch   2/100, valid loss: 0.0000, valid bleu4: 8.52, best bleu4: 8.70 (train.py:210, <module>())
[2021-11-05 10:38:07]    INFO >> update /mnt/wanyao/ncc_data/avatar/translation/top1/codebert/data-mmap/java-python/last_checkpoint.pt (train.py:215, <module>())
[2021-11-05 10:41:20]    INFO >> Epoch   3/100, Batch 500/1490, train loss: 474.1436 (train.py:125, train())
[2021-11-05 10:44:42]    INFO >> Epoch   3/100, Batch 1000/1490, train loss: 466.0929 (train.py:125, train())
Using backend: pytorch
Using backend: pytorch
Using backend: pytorch
[2021-11-05 10:48:20]    INFO >> Epoch   3/100, train loss: 454.9512 (train.py:134, <module>())
Using backend: pytorch
Using backend: pytorch
Using backend: pytorch
[2021-11-05 10:58:26]    INFO >> update /mnt/wanyao/ncc_data/avatar/translation/top1/codebert/data-mmap/java-python/best_checkpoint.pt (train.py:208, <module>())
[2021-11-05 10:58:26]    INFO >> Epoch   3/100, valid loss: 0.0000, valid bleu4: 15.30, best bleu4: 15.30 (train.py:210, <module>())
[2021-11-05 10:58:34]    INFO >> update /mnt/wanyao/ncc_data/avatar/translation/top1/codebert/data-mmap/java-python/last_checkpoint.pt (train.py:215, <module>())
[2021-11-05 11:01:46]    INFO >> Epoch   4/100, Batch 500/1490, train loss: 396.7060 (train.py:125, train())
[2021-11-05 11:05:10]    INFO >> Epoch   4/100, Batch 1000/1490, train loss: 391.6141 (train.py:125, train())
Using backend: pytorch
Using backend: pytorch
Using backend: pytorch
[2021-11-05 11:08:52]    INFO >> Epoch   4/100, train loss: 384.9172 (train.py:134, <module>())
Using backend: pytorch
Using backend: pytorch
Using backend: pytorch
[2021-11-05 11:18:47]    INFO >> update /mnt/wanyao/ncc_data/avatar/translation/top1/codebert/data-mmap/java-python/best_checkpoint.pt (train.py:208, <module>())
[2021-11-05 11:18:47]    INFO >> Epoch   4/100, valid loss: 0.0000, valid bleu4: 15.71, best bleu4: 15.71 (train.py:210, <module>())
[2021-11-05 11:18:55]    INFO >> update /mnt/wanyao/ncc_data/avatar/translation/top1/codebert/data-mmap/java-python/last_checkpoint.pt (train.py:215, <module>())
[2021-11-05 11:22:06]    INFO >> Epoch   5/100, Batch 500/1490, train loss: 348.4815 (train.py:125, train())
[2021-11-05 11:26:12]    INFO >> Epoch   5/100, Batch 1000/1490, train loss: 345.3851 (train.py:125, train())
Using backend: pytorch
Using backend: pytorch
Using backend: pytorch
[2021-11-05 11:29:02]    INFO >> Epoch   5/100, train loss: 339.5857 (train.py:134, <module>())
[2021-11-05 11:29:06]    INFO >> save /mnt/wanyao/ncc_data/avatar/translation/top1/codebert/data-mmap/java-python/5.pt (train.py:200, <module>())
Using backend: pytorch
Using backend: pytorch
Using backend: pytorch
[2021-11-05 11:39:07]    INFO >> update /mnt/wanyao/ncc_data/avatar/translation/top1/codebert/data-mmap/java-python/best_checkpoint.pt (train.py:208, <module>())
[2021-11-05 11:39:07]    INFO >> Epoch   5/100, valid loss: 0.0000, valid bleu4: 16.25, best bleu4: 16.25 (train.py:210, <module>())
[2021-11-05 11:39:15]    INFO >> update /mnt/wanyao/ncc_data/avatar/translation/top1/codebert/data-mmap/java-python/last_checkpoint.pt (train.py:215, <module>())
[2021-11-05 11:43:05]    INFO >> Epoch   6/100, Batch 500/1490, train loss: 309.5130 (train.py:125, train())
[2021-11-05 11:46:18]    INFO >> Epoch   6/100, Batch 1000/1490, train loss: 306.9097 (train.py:125, train())
Using backend: pytorch
Using backend: pytorch
Using backend: pytorch
[2021-11-05 11:49:18]    INFO >> Epoch   6/100, train loss: 304.6217 (train.py:134, <module>())
Using backend: pytorch
Using backend: pytorch
Using backend: pytorch
[2021-11-05 11:59:22]    INFO >> update /mnt/wanyao/ncc_data/avatar/translation/top1/codebert/data-mmap/java-python/best_checkpoint.pt (train.py:208, <module>())
[2021-11-05 11:59:22]    INFO >> Epoch   6/100, valid loss: 0.0000, valid bleu4: 19.96, best bleu4: 19.96 (train.py:210, <module>())
[2021-11-05 11:59:30]    INFO >> update /mnt/wanyao/ncc_data/avatar/translation/top1/codebert/data-mmap/java-python/last_checkpoint.pt (train.py:215, <module>())
[2021-11-05 12:03:26]    INFO >> Epoch   7/100, Batch 500/1490, train loss: 274.9754 (train.py:125, train())
[2021-11-05 12:06:26]    INFO >> Epoch   7/100, Batch 1000/1490, train loss: 274.0353 (train.py:125, train())
Using backend: pytorch
Using backend: pytorch
Using backend: pytorch
[2021-11-05 12:09:28]    INFO >> Epoch   7/100, train loss: 273.8871 (train.py:134, <module>())
Using backend: pytorch
Using backend: pytorch
Using backend: pytorch
[2021-11-05 12:20:12]    INFO >> update /mnt/wanyao/ncc_data/avatar/translation/top1/codebert/data-mmap/java-python/best_checkpoint.pt (train.py:208, <module>())
[2021-11-05 12:20:12]    INFO >> Epoch   7/100, valid loss: 0.0000, valid bleu4: 20.01, best bleu4: 20.01 (train.py:210, <module>())
[2021-11-05 12:20:20]    INFO >> update /mnt/wanyao/ncc_data/avatar/translation/top1/codebert/data-mmap/java-python/last_checkpoint.pt (train.py:215, <module>())
[2021-11-05 12:23:26]    INFO >> Epoch   8/100, Batch 500/1490, train loss: 241.8293 (train.py:125, train())
[2021-11-05 12:26:29]    INFO >> Epoch   8/100, Batch 1000/1490, train loss: 247.0729 (train.py:125, train())
Using backend: pytorch
Using backend: pytorch
Using backend: pytorch
[2021-11-05 12:29:30]    INFO >> Epoch   8/100, train loss: 244.5201 (train.py:134, <module>())
Using backend: pytorch
Using backend: pytorch
Using backend: pytorch
[2021-11-05 12:40:49]    INFO >> update /mnt/wanyao/ncc_data/avatar/translation/top1/codebert/data-mmap/java-python/best_checkpoint.pt (train.py:208, <module>())
[2021-11-05 12:40:49]    INFO >> Epoch   8/100, valid loss: 0.0000, valid bleu4: 24.14, best bleu4: 24.14 (train.py:210, <module>())
[2021-11-05 12:40:58]    INFO >> update /mnt/wanyao/ncc_data/avatar/translation/top1/codebert/data-mmap/java-python/last_checkpoint.pt (train.py:215, <module>())
[2021-11-05 12:44:47]    INFO >> Epoch   9/100, Batch 500/1490, train loss: 216.5179 (train.py:125, train())
[2021-11-05 12:48:26]    INFO >> Epoch   9/100, Batch 1000/1490, train loss: 212.2464 (train.py:125, train())
Using backend: pytorch
Using backend: pytorch
Using backend: pytorch
[2021-11-05 12:52:02]    INFO >> Epoch   9/100, train loss: 212.0231 (train.py:134, <module>())
Using backend: pytorch
Using backend: pytorch
Using backend: pytorch
[2021-11-05 13:04:23]    INFO >> update /mnt/wanyao/ncc_data/avatar/translation/top1/codebert/data-mmap/java-python/best_checkpoint.pt (train.py:208, <module>())
[2021-11-05 13:04:23]    INFO >> Epoch   9/100, valid loss: 0.0000, valid bleu4: 28.00, best bleu4: 28.00 (train.py:210, <module>())
[2021-11-05 13:04:31]    INFO >> update /mnt/wanyao/ncc_data/avatar/translation/top1/codebert/data-mmap/java-python/last_checkpoint.pt (train.py:215, <module>())
[2021-11-05 13:08:18]    INFO >> Epoch  10/100, Batch 500/1490, train loss: 187.7159 (train.py:125, train())
[2021-11-05 13:11:59]    INFO >> Epoch  10/100, Batch 1000/1490, train loss: 183.7087 (train.py:125, train())
Using backend: pytorch
Using backend: pytorch
Using backend: pytorch
[2021-11-05 13:15:36]    INFO >> Epoch  10/100, train loss: 184.1377 (train.py:134, <module>())
[2021-11-05 13:15:40]    INFO >> save /mnt/wanyao/ncc_data/avatar/translation/top1/codebert/data-mmap/java-python/10.pt (train.py:200, <module>())
Using backend: pytorch
Using backend: pytorch
Using backend: pytorch
[2021-11-05 13:27:54]    INFO >> update /mnt/wanyao/ncc_data/avatar/translation/top1/codebert/data-mmap/java-python/best_checkpoint.pt (train.py:208, <module>())
[2021-11-05 13:27:54]    INFO >> Epoch  10/100, valid loss: 0.0000, valid bleu4: 31.23, best bleu4: 31.23 (train.py:210, <module>())
[2021-11-05 13:28:04]    INFO >> update /mnt/wanyao/ncc_data/avatar/translation/top1/codebert/data-mmap/java-python/last_checkpoint.pt (train.py:215, <module>())
[2021-11-05 13:32:04]    INFO >> Epoch  11/100, Batch 500/1490, train loss: 162.2475 (train.py:125, train())
[2021-11-05 13:35:56]    INFO >> Epoch  11/100, Batch 1000/1490, train loss: 161.7687 (train.py:125, train())
Using backend: pytorch
Using backend: pytorch
Using backend: pytorch
[2021-11-05 13:40:26]    INFO >> Epoch  11/100, train loss: 160.3657 (train.py:134, <module>())
Using backend: pytorch
Using backend: pytorch
Using backend: pytorch
[2021-11-05 13:51:51]    INFO >> update /mnt/wanyao/ncc_data/avatar/translation/top1/codebert/data-mmap/java-python/best_checkpoint.pt (train.py:208, <module>())
[2021-11-05 13:51:51]    INFO >> Epoch  11/100, valid loss: 0.0000, valid bleu4: 33.47, best bleu4: 33.47 (train.py:210, <module>())
[2021-11-05 13:52:01]    INFO >> update /mnt/wanyao/ncc_data/avatar/translation/top1/codebert/data-mmap/java-python/last_checkpoint.pt (train.py:215, <module>())
[2021-11-05 13:55:45]    INFO >> Epoch  12/100, Batch 500/1490, train loss: 139.4274 (train.py:125, train())
[2021-11-05 13:59:30]    INFO >> Epoch  12/100, Batch 1000/1490, train loss: 139.4977 (train.py:125, train())
Using backend: pytorch
Using backend: pytorch
Using backend: pytorch
[2021-11-05 14:02:52]    INFO >> Epoch  12/100, train loss: 139.8273 (train.py:134, <module>())
Using backend: pytorch
Using backend: pytorch
Using backend: pytorch
[2021-11-05 14:12:53]    INFO >> update /mnt/wanyao/ncc_data/avatar/translation/top1/codebert/data-mmap/java-python/best_checkpoint.pt (train.py:208, <module>())
[2021-11-05 14:12:53]    INFO >> Epoch  12/100, valid loss: 0.0000, valid bleu4: 35.95, best bleu4: 35.95 (train.py:210, <module>())
[2021-11-05 14:13:01]    INFO >> update /mnt/wanyao/ncc_data/avatar/translation/top1/codebert/data-mmap/java-python/last_checkpoint.pt (train.py:215, <module>())
[2021-11-05 14:16:36]    INFO >> Epoch  13/100, Batch 500/1490, train loss: 126.3684 (train.py:125, train())
[2021-11-05 14:20:14]    INFO >> Epoch  13/100, Batch 1000/1490, train loss: 127.4981 (train.py:125, train())
Using backend: pytorch
Using backend: pytorch
Using backend: pytorch
[2021-11-05 14:23:15]    INFO >> Epoch  13/100, train loss: 125.8694 (train.py:134, <module>())
Using backend: pytorch
Using backend: pytorch
Using backend: pytorch
[2021-11-05 14:33:16]    INFO >> update /mnt/wanyao/ncc_data/avatar/translation/top1/codebert/data-mmap/java-python/best_checkpoint.pt (train.py:208, <module>())
[2021-11-05 14:33:16]    INFO >> Epoch  13/100, valid loss: 0.0000, valid bleu4: 37.77, best bleu4: 37.77 (train.py:210, <module>())
[2021-11-05 14:33:24]    INFO >> update /mnt/wanyao/ncc_data/avatar/translation/top1/codebert/data-mmap/java-python/last_checkpoint.pt (train.py:215, <module>())
[2021-11-05 14:37:37]    INFO >> Epoch  14/100, Batch 500/1490, train loss: 109.6480 (train.py:125, train())
[2021-11-05 14:40:25]    INFO >> Epoch  14/100, Batch 1000/1490, train loss: 113.0092 (train.py:125, train())
Using backend: pytorch
Using backend: pytorch
Using backend: pytorch
[2021-11-05 14:43:28]    INFO >> Epoch  14/100, train loss: 112.4280 (train.py:134, <module>())
Using backend: pytorch
Using backend: pytorch
Using backend: pytorch
[2021-11-05 14:53:51]    INFO >> update /mnt/wanyao/ncc_data/avatar/translation/top1/codebert/data-mmap/java-python/best_checkpoint.pt (train.py:208, <module>())
[2021-11-05 14:53:51]    INFO >> Epoch  14/100, valid loss: 0.0000, valid bleu4: 38.16, best bleu4: 38.16 (train.py:210, <module>())
[2021-11-05 14:53:59]    INFO >> update /mnt/wanyao/ncc_data/avatar/translation/top1/codebert/data-mmap/java-python/last_checkpoint.pt (train.py:215, <module>())
[2021-11-05 14:57:20]    INFO >> Epoch  15/100, Batch 500/1490, train loss: 102.0380 (train.py:125, train())
[2021-11-05 15:00:25]    INFO >> Epoch  15/100, Batch 1000/1490, train loss: 103.8433 (train.py:125, train())
Using backend: pytorch
Using backend: pytorch
Using backend: pytorch
[2021-11-05 15:03:26]    INFO >> Epoch  15/100, train loss: 103.6152 (train.py:134, <module>())
[2021-11-05 15:03:30]    INFO >> save /mnt/wanyao/ncc_data/avatar/translation/top1/codebert/data-mmap/java-python/15.pt (train.py:200, <module>())
Using backend: pytorch
Using backend: pytorch
Using backend: pytorch
[2021-11-05 15:14:25]    INFO >> Epoch  15/100, valid loss: 0.0000, valid bleu4: 38.08, best bleu4: 38.16 (train.py:210, <module>())
[2021-11-05 15:14:33]    INFO >> update /mnt/wanyao/ncc_data/avatar/translation/top1/codebert/data-mmap/java-python/last_checkpoint.pt (train.py:215, <module>())
[2021-11-05 15:17:30]    INFO >> Epoch  16/100, Batch 500/1490, train loss: 94.1802 (train.py:125, train())
[2021-11-05 15:20:35]    INFO >> Epoch  16/100, Batch 1000/1490, train loss: 92.7711 (train.py:125, train())
Using backend: pytorch
Using backend: pytorch
Using backend: pytorch
[2021-11-05 15:23:37]    INFO >> Epoch  16/100, train loss: 93.6729 (train.py:134, <module>())
Using backend: pytorch
Using backend: pytorch
Using backend: pytorch
[2021-11-05 15:34:32]    INFO >> update /mnt/wanyao/ncc_data/avatar/translation/top1/codebert/data-mmap/java-python/best_checkpoint.pt (train.py:208, <module>())
[2021-11-05 15:34:32]    INFO >> Epoch  16/100, valid loss: 0.0000, valid bleu4: 38.41, best bleu4: 38.41 (train.py:210, <module>())
[2021-11-05 15:34:43]    INFO >> update /mnt/wanyao/ncc_data/avatar/translation/top1/codebert/data-mmap/java-python/last_checkpoint.pt (train.py:215, <module>())
[2021-11-05 15:37:56]    INFO >> Epoch  17/100, Batch 500/1490, train loss: 81.1580 (train.py:125, train())
[2021-11-05 15:41:03]    INFO >> Epoch  17/100, Batch 1000/1490, train loss: 83.7991 (train.py:125, train())
Using backend: pytorch
Using backend: pytorch
Using backend: pytorch
[2021-11-05 15:44:04]    INFO >> Epoch  17/100, train loss: 86.2793 (train.py:134, <module>())
Using backend: pytorch
Using backend: pytorch
Using backend: pytorch
[2021-11-05 15:54:58]    INFO >> update /mnt/wanyao/ncc_data/avatar/translation/top1/codebert/data-mmap/java-python/best_checkpoint.pt (train.py:208, <module>())
[2021-11-05 15:54:58]    INFO >> Epoch  17/100, valid loss: 0.0000, valid bleu4: 38.42, best bleu4: 38.42 (train.py:210, <module>())
[2021-11-05 15:55:06]    INFO >> update /mnt/wanyao/ncc_data/avatar/translation/top1/codebert/data-mmap/java-python/last_checkpoint.pt (train.py:215, <module>())
[2021-11-05 15:58:19]    INFO >> Epoch  18/100, Batch 500/1490, train loss: 79.4654 (train.py:125, train())
[2021-11-05 16:01:40]    INFO >> Epoch  18/100, Batch 1000/1490, train loss: 80.1306 (train.py:125, train())
Using backend: pytorch
Using backend: pytorch
Using backend: pytorch
[2021-11-05 16:05:44]    INFO >> Epoch  18/100, train loss: 80.2979 (train.py:134, <module>())
Using backend: pytorch
Using backend: pytorch
Using backend: pytorch
[2021-11-05 16:17:37]    INFO >> update /mnt/wanyao/ncc_data/avatar/translation/top1/codebert/data-mmap/java-python/best_checkpoint.pt (train.py:208, <module>())
[2021-11-05 16:17:37]    INFO >> Epoch  18/100, valid loss: 0.0000, valid bleu4: 38.50, best bleu4: 38.50 (train.py:210, <module>())
[2021-11-05 16:17:45]    INFO >> update /mnt/wanyao/ncc_data/avatar/translation/top1/codebert/data-mmap/java-python/last_checkpoint.pt (train.py:215, <module>())
[2021-11-05 16:21:34]    INFO >> Epoch  19/100, Batch 500/1490, train loss: 73.6232 (train.py:125, train())
[2021-11-05 16:25:26]    INFO >> Epoch  19/100, Batch 1000/1490, train loss: 73.1446 (train.py:125, train())
Using backend: pytorch
Using backend: pytorch
Using backend: pytorch
[2021-11-05 16:29:52]    INFO >> Epoch  19/100, train loss: 72.2448 (train.py:134, <module>())
Using backend: pytorch
Using backend: pytorch
Using backend: pytorch
[2021-11-05 16:41:10]    INFO >> update /mnt/wanyao/ncc_data/avatar/translation/top1/codebert/data-mmap/java-python/best_checkpoint.pt (train.py:208, <module>())
[2021-11-05 16:41:10]    INFO >> Epoch  19/100, valid loss: 0.0000, valid bleu4: 39.65, best bleu4: 39.65 (train.py:210, <module>())
[2021-11-05 16:41:19]    INFO >> update /mnt/wanyao/ncc_data/avatar/translation/top1/codebert/data-mmap/java-python/last_checkpoint.pt (train.py:215, <module>())
[2021-11-05 16:45:05]    INFO >> Epoch  20/100, Batch 500/1490, train loss: 66.4807 (train.py:125, train())
[2021-11-05 16:49:37]    INFO >> Epoch  20/100, Batch 1000/1490, train loss: 67.6565 (train.py:125, train())
Using backend: pytorch
Using backend: pytorch
Using backend: pytorch
[2021-11-05 16:53:21]    INFO >> Epoch  20/100, train loss: 67.0254 (train.py:134, <module>())
[2021-11-05 16:53:26]    INFO >> save /mnt/wanyao/ncc_data/avatar/translation/top1/codebert/data-mmap/java-python/20.pt (train.py:200, <module>())
Using backend: pytorch
Using backend: pytorch
Using backend: pytorch
[2021-11-05 17:04:52]    INFO >> update /mnt/wanyao/ncc_data/avatar/translation/top1/codebert/data-mmap/java-python/best_checkpoint.pt (train.py:208, <module>())
[2021-11-05 17:04:52]    INFO >> Epoch  20/100, valid loss: 0.0000, valid bleu4: 39.80, best bleu4: 39.80 (train.py:210, <module>())
[2021-11-05 17:05:00]    INFO >> update /mnt/wanyao/ncc_data/avatar/translation/top1/codebert/data-mmap/java-python/last_checkpoint.pt (train.py:215, <module>())
[2021-11-05 17:09:29]    INFO >> Epoch  21/100, Batch 500/1490, train loss: 61.1387 (train.py:125, train())
[2021-11-05 17:13:26]    INFO >> Epoch  21/100, Batch 1000/1490, train loss: 61.7231 (train.py:125, train())
Using backend: pytorch
Using backend: pytorch
Using backend: pytorch
[2021-11-05 17:17:04]    INFO >> Epoch  21/100, train loss: 61.8542 (train.py:134, <module>())
Using backend: pytorch
Using backend: pytorch
Using backend: pytorch
[2021-11-05 17:27:29]    INFO >> update /mnt/wanyao/ncc_data/avatar/translation/top1/codebert/data-mmap/java-python/best_checkpoint.pt (train.py:208, <module>())
[2021-11-05 17:27:29]    INFO >> Epoch  21/100, valid loss: 0.0000, valid bleu4: 40.03, best bleu4: 40.03 (train.py:210, <module>())
[2021-11-05 17:27:37]    INFO >> update /mnt/wanyao/ncc_data/avatar/translation/top1/codebert/data-mmap/java-python/last_checkpoint.pt (train.py:215, <module>())
[2021-11-05 17:31:18]    INFO >> Epoch  22/100, Batch 500/1490, train loss: 55.8854 (train.py:125, train())
[2021-11-05 17:34:23]    INFO >> Epoch  22/100, Batch 1000/1490, train loss: 56.1796 (train.py:125, train())
Using backend: pytorch
Using backend: pytorch
Using backend: pytorch
[2021-11-05 17:37:22]    INFO >> Epoch  22/100, train loss: 56.7162 (train.py:134, <module>())
Using backend: pytorch
Using backend: pytorch
Using backend: pytorch
[2021-11-05 17:48:07]    INFO >> Epoch  22/100, valid loss: 0.0000, valid bleu4: 39.67, best bleu4: 40.03 (train.py:210, <module>())
[2021-11-05 17:48:15]    INFO >> update /mnt/wanyao/ncc_data/avatar/translation/top1/codebert/data-mmap/java-python/last_checkpoint.pt (train.py:215, <module>())
[2021-11-05 17:51:15]    INFO >> Epoch  23/100, Batch 500/1490, train loss: 52.7864 (train.py:125, train())
[2021-11-05 17:54:20]    INFO >> Epoch  23/100, Batch 1000/1490, train loss: 51.7951 (train.py:125, train())
Using backend: pytorch
Using backend: pytorch
Using backend: pytorch
[2021-11-05 17:57:27]    INFO >> Epoch  23/100, train loss: 52.5012 (train.py:134, <module>())
Using backend: pytorch
Using backend: pytorch
Using backend: pytorch
[2021-11-05 18:08:13]    INFO >> update /mnt/wanyao/ncc_data/avatar/translation/top1/codebert/data-mmap/java-python/best_checkpoint.pt (train.py:208, <module>())
[2021-11-05 18:08:13]    INFO >> Epoch  23/100, valid loss: 0.0000, valid bleu4: 40.75, best bleu4: 40.75 (train.py:210, <module>())
[2021-11-05 18:08:21]    INFO >> update /mnt/wanyao/ncc_data/avatar/translation/top1/codebert/data-mmap/java-python/last_checkpoint.pt (train.py:215, <module>())
[2021-11-05 18:11:33]    INFO >> Epoch  24/100, Batch 500/1490, train loss: 45.2809 (train.py:125, train())
[2021-11-05 18:14:38]    INFO >> Epoch  24/100, Batch 1000/1490, train loss: 47.1752 (train.py:125, train())
Using backend: pytorch
Using backend: pytorch
Using backend: pytorch
[2021-11-05 18:17:40]    INFO >> Epoch  24/100, train loss: 48.0763 (train.py:134, <module>())
Using backend: pytorch
Using backend: pytorch
Using backend: pytorch
[2021-11-05 18:28:19]    INFO >> Epoch  24/100, valid loss: 0.0000, valid bleu4: 40.13, best bleu4: 40.75 (train.py:210, <module>())
[2021-11-05 18:28:26]    INFO >> update /mnt/wanyao/ncc_data/avatar/translation/top1/codebert/data-mmap/java-python/last_checkpoint.pt (train.py:215, <module>())
[2021-11-05 18:31:39]    INFO >> Epoch  25/100, Batch 500/1490, train loss: 44.3844 (train.py:125, train())
[2021-11-05 18:34:42]    INFO >> Epoch  25/100, Batch 1000/1490, train loss: 44.3445 (train.py:125, train())
Using backend: pytorch
Using backend: pytorch
Using backend: pytorch
[2021-11-05 18:37:44]    INFO >> Epoch  25/100, train loss: 44.2211 (train.py:134, <module>())
[2021-11-05 18:37:49]    INFO >> save /mnt/wanyao/ncc_data/avatar/translation/top1/codebert/data-mmap/java-python/25.pt (train.py:200, <module>())
Using backend: pytorch
Using backend: pytorch
Using backend: pytorch
[2021-11-05 18:48:29]    INFO >> Epoch  25/100, valid loss: 0.0000, valid bleu4: 39.71, best bleu4: 40.75 (train.py:210, <module>())
[2021-11-05 18:48:37]    INFO >> update /mnt/wanyao/ncc_data/avatar/translation/top1/codebert/data-mmap/java-python/last_checkpoint.pt (train.py:215, <module>())
[2021-11-05 18:51:53]    INFO >> Epoch  26/100, Batch 500/1490, train loss: 40.4008 (train.py:125, train())
[2021-11-05 18:55:04]    INFO >> Epoch  26/100, Batch 1000/1490, train loss: 40.7819 (train.py:125, train())
Using backend: pytorch
Using backend: pytorch
Using backend: pytorch
[2021-11-05 18:58:54]    INFO >> Epoch  26/100, train loss: 41.3265 (train.py:134, <module>())
Using backend: pytorch
Using backend: pytorch
Using backend: pytorch
[2021-11-05 19:09:14]    INFO >> Epoch  26/100, valid loss: 0.0000, valid bleu4: 40.14, best bleu4: 40.75 (train.py:210, <module>())
[2021-11-05 19:09:22]    INFO >> update /mnt/wanyao/ncc_data/avatar/translation/top1/codebert/data-mmap/java-python/last_checkpoint.pt (train.py:215, <module>())
[2021-11-05 19:14:21]    INFO >> Epoch  27/100, Batch 500/1490, train loss: 35.2448 (train.py:125, train())
[2021-11-05 19:19:42]    INFO >> Epoch  27/100, Batch 1000/1490, train loss: 37.0516 (train.py:125, train())
Using backend: pytorch
Using backend: pytorch
Using backend: pytorch
[2021-11-05 19:24:38]    INFO >> Epoch  27/100, train loss: 37.1790 (train.py:134, <module>())
Using backend: pytorch
Using backend: pytorch
Using backend: pytorch
[2021-11-05 19:35:22]    INFO >> update /mnt/wanyao/ncc_data/avatar/translation/top1/codebert/data-mmap/java-python/best_checkpoint.pt (train.py:208, <module>())
[2021-11-05 19:35:22]    INFO >> Epoch  27/100, valid loss: 0.0000, valid bleu4: 40.77, best bleu4: 40.77 (train.py:210, <module>())
[2021-11-05 19:35:30]    INFO >> update /mnt/wanyao/ncc_data/avatar/translation/top1/codebert/data-mmap/java-python/last_checkpoint.pt (train.py:215, <module>())
[2021-11-05 19:39:05]    INFO >> Epoch  28/100, Batch 500/1490, train loss: 33.3186 (train.py:125, train())
[2021-11-05 19:42:32]    INFO >> Epoch  28/100, Batch 1000/1490, train loss: 32.6806 (train.py:125, train())
Using backend: pytorch
Using backend: pytorch
Using backend: pytorch
[2021-11-05 19:45:56]    INFO >> Epoch  28/100, train loss: 33.9370 (train.py:134, <module>())
Using backend: pytorch
Using backend: pytorch
Using backend: pytorch
[2021-11-05 19:56:32]    INFO >> Epoch  28/100, valid loss: 0.0000, valid bleu4: 39.78, best bleu4: 40.77 (train.py:210, <module>())
[2021-11-05 19:56:39]    INFO >> update /mnt/wanyao/ncc_data/avatar/translation/top1/codebert/data-mmap/java-python/last_checkpoint.pt (train.py:215, <module>())
[2021-11-05 20:00:14]    INFO >> Epoch  29/100, Batch 500/1490, train loss: 31.8039 (train.py:125, train())
[2021-11-05 20:03:41]    INFO >> Epoch  29/100, Batch 1000/1490, train loss: 32.2166 (train.py:125, train())
Using backend: pytorch
Using backend: pytorch
Using backend: pytorch
[2021-11-05 20:07:04]    INFO >> Epoch  29/100, train loss: 31.5903 (train.py:134, <module>())
Using backend: pytorch
Using backend: pytorch
Using backend: pytorch
[2021-11-05 20:17:40]    INFO >> Epoch  29/100, valid loss: 0.0000, valid bleu4: 40.41, best bleu4: 40.77 (train.py:210, <module>())
[2021-11-05 20:17:48]    INFO >> update /mnt/wanyao/ncc_data/avatar/translation/top1/codebert/data-mmap/java-python/last_checkpoint.pt (train.py:215, <module>())
[2021-11-05 20:21:24]    INFO >> Epoch  30/100, Batch 500/1490, train loss: 29.4679 (train.py:125, train())
[2021-11-05 20:24:51]    INFO >> Epoch  30/100, Batch 1000/1490, train loss: 28.8815 (train.py:125, train())
Using backend: pytorch
Using backend: pytorch
Using backend: pytorch
[2021-11-05 20:28:14]    INFO >> Epoch  30/100, train loss: 28.8369 (train.py:134, <module>())
[2021-11-05 20:28:19]    INFO >> save /mnt/wanyao/ncc_data/avatar/translation/top1/codebert/data-mmap/java-python/30.pt (train.py:200, <module>())
Using backend: pytorch
Using backend: pytorch
Using backend: pytorch
[2021-11-05 20:39:02]    INFO >> Epoch  30/100, valid loss: 0.0000, valid bleu4: 40.37, best bleu4: 40.77 (train.py:210, <module>())
[2021-11-05 20:39:10]    INFO >> update /mnt/wanyao/ncc_data/avatar/translation/top1/codebert/data-mmap/java-python/last_checkpoint.pt (train.py:215, <module>())
[2021-11-05 20:42:28]    INFO >> Epoch  31/100, Batch 500/1490, train loss: 25.9267 (train.py:125, train())
[2021-11-05 20:45:55]    INFO >> Epoch  31/100, Batch 1000/1490, train loss: 25.9256 (train.py:125, train())
Using backend: pytorch
Using backend: pytorch
Using backend: pytorch
[2021-11-05 20:49:18]    INFO >> Epoch  31/100, train loss: 26.8786 (train.py:134, <module>())
Using backend: pytorch
Using backend: pytorch
Using backend: pytorch
[2021-11-05 21:00:01]    INFO >> update /mnt/wanyao/ncc_data/avatar/translation/top1/codebert/data-mmap/java-python/best_checkpoint.pt (train.py:208, <module>())
[2021-11-05 21:00:01]    INFO >> Epoch  31/100, valid loss: 0.0000, valid bleu4: 41.11, best bleu4: 41.11 (train.py:210, <module>())
[2021-11-05 21:00:09]    INFO >> update /mnt/wanyao/ncc_data/avatar/translation/top1/codebert/data-mmap/java-python/last_checkpoint.pt (train.py:215, <module>())
[2021-11-05 21:03:44]    INFO >> Epoch  32/100, Batch 500/1490, train loss: 23.8319 (train.py:125, train())
[2021-11-05 21:07:11]    INFO >> Epoch  32/100, Batch 1000/1490, train loss: 24.1541 (train.py:125, train())
Using backend: pytorch
Using backend: pytorch
Using backend: pytorch
[2021-11-05 21:10:35]    INFO >> Epoch  32/100, train loss: 24.5118 (train.py:134, <module>())
Using backend: pytorch
Using backend: pytorch
Using backend: pytorch
[2021-11-05 21:21:19]    INFO >> update /mnt/wanyao/ncc_data/avatar/translation/top1/codebert/data-mmap/java-python/best_checkpoint.pt (train.py:208, <module>())
[2021-11-05 21:21:19]    INFO >> Epoch  32/100, valid loss: 0.0000, valid bleu4: 41.93, best bleu4: 41.93 (train.py:210, <module>())
[2021-11-05 21:21:27]    INFO >> update /mnt/wanyao/ncc_data/avatar/translation/top1/codebert/data-mmap/java-python/last_checkpoint.pt (train.py:215, <module>())
[2021-11-05 21:25:02]    INFO >> Epoch  33/100, Batch 500/1490, train loss: 23.2683 (train.py:125, train())
[2021-11-05 21:28:28]    INFO >> Epoch  33/100, Batch 1000/1490, train loss: 22.5280 (train.py:125, train())
Using backend: pytorch
Using backend: pytorch
Using backend: pytorch
[2021-11-05 21:31:51]    INFO >> Epoch  33/100, train loss: 22.5098 (train.py:134, <module>())
Using backend: pytorch
Using backend: pytorch
Using backend: pytorch
[2021-11-05 21:42:25]    INFO >> Epoch  33/100, valid loss: 0.0000, valid bleu4: 40.27, best bleu4: 41.93 (train.py:210, <module>())
[2021-11-05 21:42:33]    INFO >> update /mnt/wanyao/ncc_data/avatar/translation/top1/codebert/data-mmap/java-python/last_checkpoint.pt (train.py:215, <module>())
[2021-11-05 21:46:09]    INFO >> Epoch  34/100, Batch 500/1490, train loss: 19.3328 (train.py:125, train())
[2021-11-05 21:49:36]    INFO >> Epoch  34/100, Batch 1000/1490, train loss: 20.6024 (train.py:125, train())
Using backend: pytorch
Using backend: pytorch
Using backend: pytorch
[2021-11-05 21:52:59]    INFO >> Epoch  34/100, train loss: 20.8253 (train.py:134, <module>())
Using backend: pytorch
Using backend: pytorch
Using backend: pytorch
[2021-11-05 22:04:02]    INFO >> Epoch  34/100, valid loss: 0.0000, valid bleu4: 40.70, best bleu4: 41.93 (train.py:210, <module>())
[2021-11-05 22:04:10]    INFO >> update /mnt/wanyao/ncc_data/avatar/translation/top1/codebert/data-mmap/java-python/last_checkpoint.pt (train.py:215, <module>())
[2021-11-05 22:06:41]    INFO >> Epoch  35/100, Batch 500/1490, train loss: 18.2083 (train.py:125, train())
[2021-11-05 22:10:06]    INFO >> Epoch  35/100, Batch 1000/1490, train loss: 18.5466 (train.py:125, train())
Using backend: pytorch
Using backend: pytorch
Using backend: pytorch
[2021-11-05 22:13:29]    INFO >> Epoch  35/100, train loss: 19.0105 (train.py:134, <module>())
[2021-11-05 22:13:34]    INFO >> save /mnt/wanyao/ncc_data/avatar/translation/top1/codebert/data-mmap/java-python/35.pt (train.py:200, <module>())
Using backend: pytorch
Using backend: pytorch
Using backend: pytorch
[2021-11-05 22:24:10]    INFO >> Epoch  35/100, valid loss: 0.0000, valid bleu4: 40.64, best bleu4: 41.93 (train.py:210, <module>())
[2021-11-05 22:24:18]    INFO >> update /mnt/wanyao/ncc_data/avatar/translation/top1/codebert/data-mmap/java-python/last_checkpoint.pt (train.py:215, <module>())
[2021-11-05 22:27:52]    INFO >> Epoch  36/100, Batch 500/1490, train loss: 16.9828 (train.py:125, train())
[2021-11-05 22:31:19]    INFO >> Epoch  36/100, Batch 1000/1490, train loss: 17.5587 (train.py:125, train())
Using backend: pytorch
Using backend: pytorch
Using backend: pytorch
[2021-11-05 22:34:41]    INFO >> Epoch  36/100, train loss: 17.7255 (train.py:134, <module>())
Using backend: pytorch
Using backend: pytorch
Using backend: pytorch
[2021-11-05 22:45:16]    INFO >> Epoch  36/100, valid loss: 0.0000, valid bleu4: 40.42, best bleu4: 41.93 (train.py:210, <module>())
[2021-11-05 22:45:25]    INFO >> update /mnt/wanyao/ncc_data/avatar/translation/top1/codebert/data-mmap/java-python/last_checkpoint.pt (train.py:215, <module>())
[2021-11-05 22:49:00]    INFO >> Epoch  37/100, Batch 500/1490, train loss: 16.2027 (train.py:125, train())
[2021-11-05 22:52:27]    INFO >> Epoch  37/100, Batch 1000/1490, train loss: 16.8396 (train.py:125, train())
Using backend: pytorch
Using backend: pytorch
Using backend: pytorch
[2021-11-05 22:55:50]    INFO >> Epoch  37/100, train loss: 16.8223 (train.py:134, <module>())
Using backend: pytorch
Using backend: pytorch
Using backend: pytorch
[2021-11-05 23:06:26]    INFO >> Epoch  37/100, valid loss: 0.0000, valid bleu4: 41.23, best bleu4: 41.93 (train.py:210, <module>())
[2021-11-05 23:06:34]    INFO >> update /mnt/wanyao/ncc_data/avatar/translation/top1/codebert/data-mmap/java-python/last_checkpoint.pt (train.py:215, <module>())
[2021-11-05 23:10:06]    INFO >> Epoch  38/100, Batch 500/1490, train loss: 16.5501 (train.py:125, train())
[2021-11-05 23:13:29]    INFO >> Epoch  38/100, Batch 1000/1490, train loss: 15.6243 (train.py:125, train())
Using backend: pytorch
Using backend: pytorch
Using backend: pytorch
[2021-11-05 23:16:53]    INFO >> Epoch  38/100, train loss: 15.5744 (train.py:134, <module>())
Using backend: pytorch
Using backend: pytorch
Using backend: pytorch
[2021-11-05 23:27:36]    INFO >> update /mnt/wanyao/ncc_data/avatar/translation/top1/codebert/data-mmap/java-python/best_checkpoint.pt (train.py:208, <module>())
[2021-11-05 23:27:36]    INFO >> Epoch  38/100, valid loss: 0.0000, valid bleu4: 41.96, best bleu4: 41.96 (train.py:210, <module>())
[2021-11-05 23:27:44]    INFO >> update /mnt/wanyao/ncc_data/avatar/translation/top1/codebert/data-mmap/java-python/last_checkpoint.pt (train.py:215, <module>())
[2021-11-05 23:31:15]    INFO >> Epoch  39/100, Batch 500/1490, train loss: 13.8168 (train.py:125, train())
[2021-11-05 23:34:00]    INFO >> Epoch  39/100, Batch 1000/1490, train loss: 14.2587 (train.py:125, train())
Using backend: pytorch
Using backend: pytorch
Using backend: pytorch
[2021-11-05 23:37:23]    INFO >> Epoch  39/100, train loss: 14.3307 (train.py:134, <module>())
Using backend: pytorch
Using backend: pytorch
Using backend: pytorch
[2021-11-05 23:47:59]    INFO >> Epoch  39/100, valid loss: 0.0000, valid bleu4: 40.91, best bleu4: 41.96 (train.py:210, <module>())
[2021-11-05 23:48:07]    INFO >> update /mnt/wanyao/ncc_data/avatar/translation/top1/codebert/data-mmap/java-python/last_checkpoint.pt (train.py:215, <module>())
[2021-11-05 23:51:43]    INFO >> Epoch  40/100, Batch 500/1490, train loss: 13.2090 (train.py:125, train())
[2021-11-05 23:55:10]    INFO >> Epoch  40/100, Batch 1000/1490, train loss: 13.2382 (train.py:125, train())
Using backend: pytorch
Using backend: pytorch
Using backend: pytorch
[2021-11-05 23:58:34]    INFO >> Epoch  40/100, train loss: 13.5184 (train.py:134, <module>())
[2021-11-05 23:58:38]    INFO >> save /mnt/wanyao/ncc_data/avatar/translation/top1/codebert/data-mmap/java-python/40.pt (train.py:200, <module>())
Using backend: pytorch
Using backend: pytorch
Using backend: pytorch
[2021-11-06 00:09:14]    INFO >> Epoch  40/100, valid loss: 0.0000, valid bleu4: 40.71, best bleu4: 41.96 (train.py:210, <module>())
[2021-11-06 00:09:22]    INFO >> update /mnt/wanyao/ncc_data/avatar/translation/top1/codebert/data-mmap/java-python/last_checkpoint.pt (train.py:215, <module>())
[2021-11-06 00:12:55]    INFO >> Epoch  41/100, Batch 500/1490, train loss: 12.7795 (train.py:125, train())
[2021-11-06 00:16:21]    INFO >> Epoch  41/100, Batch 1000/1490, train loss: 12.4806 (train.py:125, train())
Using backend: pytorch
Using backend: pytorch
Using backend: pytorch
[2021-11-06 00:19:45]    INFO >> Epoch  41/100, train loss: 12.4448 (train.py:134, <module>())
Using backend: pytorch
Using backend: pytorch
Using backend: pytorch
[2021-11-06 00:30:21]    INFO >> Epoch  41/100, valid loss: 0.0000, valid bleu4: 40.92, best bleu4: 41.96 (train.py:210, <module>())
[2021-11-06 00:30:29]    INFO >> update /mnt/wanyao/ncc_data/avatar/translation/top1/codebert/data-mmap/java-python/last_checkpoint.pt (train.py:215, <module>())
[2021-11-06 00:34:06]    INFO >> Epoch  42/100, Batch 500/1490, train loss: 11.6175 (train.py:125, train())
[2021-11-06 00:37:34]    INFO >> Epoch  42/100, Batch 1000/1490, train loss: 11.8728 (train.py:125, train())
Using backend: pytorch
Using backend: pytorch
Using backend: pytorch
[2021-11-06 00:40:58]    INFO >> Epoch  42/100, train loss: 11.6567 (train.py:134, <module>())
Using backend: pytorch
Using backend: pytorch
Using backend: pytorch
[2021-11-06 00:51:34]    INFO >> Epoch  42/100, valid loss: 0.0000, valid bleu4: 41.45, best bleu4: 41.96 (train.py:210, <module>())
[2021-11-06 00:51:42]    INFO >> update /mnt/wanyao/ncc_data/avatar/translation/top1/codebert/data-mmap/java-python/last_checkpoint.pt (train.py:215, <module>())
[2021-11-06 00:55:31]    INFO >> Epoch  43/100, Batch 500/1490, train loss: 10.9436 (train.py:125, train())
[2021-11-06 00:58:06]    INFO >> Epoch  43/100, Batch 1000/1490, train loss: 10.8247 (train.py:125, train())
Using backend: pytorch
Using backend: pytorch
Using backend: pytorch
[2021-11-06 01:01:18]    INFO >> Epoch  43/100, train loss: 10.9794 (train.py:134, <module>())
Using backend: pytorch
Using backend: pytorch
Using backend: pytorch
[2021-11-06 01:11:54]    INFO >> Epoch  43/100, valid loss: 0.0000, valid bleu4: 41.31, best bleu4: 41.96 (train.py:210, <module>())
[2021-11-06 01:12:02]    INFO >> update /mnt/wanyao/ncc_data/avatar/translation/top1/codebert/data-mmap/java-python/last_checkpoint.pt (train.py:215, <module>())
[2021-11-06 01:15:36]    INFO >> Epoch  44/100, Batch 500/1490, train loss: 9.4455 (train.py:125, train())
[2021-11-06 01:19:02]    INFO >> Epoch  44/100, Batch 1000/1490, train loss: 9.8404 (train.py:125, train())
Using backend: pytorch
Using backend: pytorch
Using backend: pytorch
[2021-11-06 01:22:25]    INFO >> Epoch  44/100, train loss: 10.2084 (train.py:134, <module>())
Using backend: pytorch
Using backend: pytorch
Using backend: pytorch
[2021-11-06 01:33:01]    INFO >> Epoch  44/100, valid loss: 0.0000, valid bleu4: 41.32, best bleu4: 41.96 (train.py:210, <module>())
[2021-11-06 01:33:09]    INFO >> update /mnt/wanyao/ncc_data/avatar/translation/top1/codebert/data-mmap/java-python/last_checkpoint.pt (train.py:215, <module>())
[2021-11-06 01:36:41]    INFO >> Epoch  45/100, Batch 500/1490, train loss: 9.3561 (train.py:125, train())
[2021-11-06 01:40:04]    INFO >> Epoch  45/100, Batch 1000/1490, train loss: 9.5714 (train.py:125, train())
Using backend: pytorch
Using backend: pytorch
Using backend: pytorch
[2021-11-06 01:43:27]    INFO >> Epoch  45/100, train loss: 9.6789 (train.py:134, <module>())
[2021-11-06 01:43:32]    INFO >> save /mnt/wanyao/ncc_data/avatar/translation/top1/codebert/data-mmap/java-python/45.pt (train.py:200, <module>())
Using backend: pytorch
Using backend: pytorch
Using backend: pytorch
[2021-11-06 01:54:15]    INFO >> update /mnt/wanyao/ncc_data/avatar/translation/top1/codebert/data-mmap/java-python/best_checkpoint.pt (train.py:208, <module>())
[2021-11-06 01:54:15]    INFO >> Epoch  45/100, valid loss: 0.0000, valid bleu4: 42.05, best bleu4: 42.05 (train.py:210, <module>())
[2021-11-06 01:54:23]    INFO >> update /mnt/wanyao/ncc_data/avatar/translation/top1/codebert/data-mmap/java-python/last_checkpoint.pt (train.py:215, <module>())
[2021-11-06 01:57:58]    INFO >> Epoch  46/100, Batch 500/1490, train loss: 9.4409 (train.py:125, train())
[2021-11-06 02:01:26]    INFO >> Epoch  46/100, Batch 1000/1490, train loss: 9.2476 (train.py:125, train())
Using backend: pytorch
Using backend: pytorch
Using backend: pytorch
[2021-11-06 02:04:49]    INFO >> Epoch  46/100, train loss: 9.1256 (train.py:134, <module>())
Using backend: pytorch
Using backend: pytorch
Using backend: pytorch
[2021-11-06 02:15:24]    INFO >> Epoch  46/100, valid loss: 0.0000, valid bleu4: 41.21, best bleu4: 42.05 (train.py:210, <module>())
[2021-11-06 02:15:32]    INFO >> update /mnt/wanyao/ncc_data/avatar/translation/top1/codebert/data-mmap/java-python/last_checkpoint.pt (train.py:215, <module>())
[2021-11-06 02:18:50]    INFO >> Epoch  47/100, Batch 500/1490, train loss: 8.3937 (train.py:125, train())
[2021-11-06 02:22:53]    INFO >> Epoch  47/100, Batch 1000/1490, train loss: 8.4323 (train.py:125, train())
Using backend: pytorch
Using backend: pytorch
Using backend: pytorch
[2021-11-06 02:25:11]    INFO >> Epoch  47/100, train loss: 8.4898 (train.py:134, <module>())
Using backend: pytorch
Using backend: pytorch
Using backend: pytorch
[2021-11-06 02:35:46]    INFO >> Epoch  47/100, valid loss: 0.0000, valid bleu4: 41.06, best bleu4: 42.05 (train.py:210, <module>())
[2021-11-06 02:35:54]    INFO >> update /mnt/wanyao/ncc_data/avatar/translation/top1/codebert/data-mmap/java-python/last_checkpoint.pt (train.py:215, <module>())
[2021-11-06 02:39:59]    INFO >> Epoch  48/100, Batch 500/1490, train loss: 8.0575 (train.py:125, train())
[2021-11-06 02:43:57]    INFO >> Epoch  48/100, Batch 1000/1490, train loss: 8.0342 (train.py:125, train())
Using backend: pytorch
Using backend: pytorch
Using backend: pytorch
[2021-11-06 02:47:52]    INFO >> Epoch  48/100, train loss: 8.0046 (train.py:134, <module>())
Using backend: pytorch
Using backend: pytorch
Using backend: pytorch
[2021-11-06 02:59:51]    INFO >> Epoch  48/100, valid loss: 0.0000, valid bleu4: 41.51, best bleu4: 42.05 (train.py:210, <module>())
[2021-11-06 02:59:59]    INFO >> update /mnt/wanyao/ncc_data/avatar/translation/top1/codebert/data-mmap/java-python/last_checkpoint.pt (train.py:215, <module>())
[2021-11-06 03:04:07]    INFO >> Epoch  49/100, Batch 500/1490, train loss: 7.9132 (train.py:125, train())
[2021-11-06 03:08:04]    INFO >> Epoch  49/100, Batch 1000/1490, train loss: 7.6526 (train.py:125, train())
Using backend: pytorch
Using backend: pytorch
Using backend: pytorch
[2021-11-06 03:11:59]    INFO >> Epoch  49/100, train loss: 7.7059 (train.py:134, <module>())
Using backend: pytorch
Using backend: pytorch
Using backend: pytorch
[2021-11-06 03:23:58]    INFO >> Epoch  49/100, valid loss: 0.0000, valid bleu4: 41.18, best bleu4: 42.05 (train.py:210, <module>())
[2021-11-06 03:24:05]    INFO >> update /mnt/wanyao/ncc_data/avatar/translation/top1/codebert/data-mmap/java-python/last_checkpoint.pt (train.py:215, <module>())
[2021-11-06 03:28:16]    INFO >> Epoch  50/100, Batch 500/1490, train loss: 6.8806 (train.py:125, train())
[2021-11-06 03:32:15]    INFO >> Epoch  50/100, Batch 1000/1490, train loss: 7.2471 (train.py:125, train())
Using backend: pytorch
Using backend: pytorch
Using backend: pytorch
[2021-11-06 03:36:11]    INFO >> Epoch  50/100, train loss: 7.2805 (train.py:134, <module>())
[2021-11-06 03:36:16]    INFO >> save /mnt/wanyao/ncc_data/avatar/translation/top1/codebert/data-mmap/java-python/50.pt (train.py:200, <module>())
Using backend: pytorch
Using backend: pytorch
Using backend: pytorch
[2021-11-06 03:47:45]    INFO >> Epoch  50/100, valid loss: 0.0000, valid bleu4: 40.97, best bleu4: 42.05 (train.py:210, <module>())
[2021-11-06 03:47:52]    INFO >> update /mnt/wanyao/ncc_data/avatar/translation/top1/codebert/data-mmap/java-python/last_checkpoint.pt (train.py:215, <module>())
[2021-11-06 03:51:28]    INFO >> Epoch  51/100, Batch 500/1490, train loss: 6.9277 (train.py:125, train())
[2021-11-06 03:54:48]    INFO >> Epoch  51/100, Batch 1000/1490, train loss: 6.8595 (train.py:125, train())
Using backend: pytorch
Using backend: pytorch
Using backend: pytorch
[2021-11-06 03:58:47]    INFO >> Epoch  51/100, train loss: 6.7803 (train.py:134, <module>())
Using backend: pytorch
Using backend: pytorch
Using backend: pytorch
[2021-11-06 04:08:17]    INFO >> Epoch  51/100, valid loss: 0.0000, valid bleu4: 41.88, best bleu4: 42.05 (train.py:210, <module>())
[2021-11-06 04:08:25]    INFO >> update /mnt/wanyao/ncc_data/avatar/translation/top1/codebert/data-mmap/java-python/last_checkpoint.pt (train.py:215, <module>())
[2021-11-06 04:12:00]    INFO >> Epoch  52/100, Batch 500/1490, train loss: 6.4596 (train.py:125, train())
[2021-11-06 04:15:25]    INFO >> Epoch  52/100, Batch 1000/1490, train loss: 6.5372 (train.py:125, train())
Using backend: pytorch
Using backend: pytorch
Using backend: pytorch
[2021-11-06 04:18:47]    INFO >> Epoch  52/100, train loss: 6.4447 (train.py:134, <module>())
Using backend: pytorch
Using backend: pytorch
Using backend: pytorch
[2021-11-06 04:29:24]    INFO >> Epoch  52/100, valid loss: 0.0000, valid bleu4: 41.44, best bleu4: 42.05 (train.py:210, <module>())
[2021-11-06 04:29:32]    INFO >> update /mnt/wanyao/ncc_data/avatar/translation/top1/codebert/data-mmap/java-python/last_checkpoint.pt (train.py:215, <module>())
[2021-11-06 04:33:09]    INFO >> Epoch  53/100, Batch 500/1490, train loss: 5.5866 (train.py:125, train())
[2021-11-06 04:36:35]    INFO >> Epoch  53/100, Batch 1000/1490, train loss: 5.8102 (train.py:125, train())
Using backend: pytorch
Using backend: pytorch
Using backend: pytorch
[2021-11-06 04:39:57]    INFO >> Epoch  53/100, train loss: 6.0618 (train.py:134, <module>())
Using backend: pytorch
Using backend: pytorch
Using backend: pytorch
[2021-11-06 04:50:34]    INFO >> Epoch  53/100, valid loss: 0.0000, valid bleu4: 41.46, best bleu4: 42.05 (train.py:210, <module>())
[2021-11-06 04:50:42]    INFO >> update /mnt/wanyao/ncc_data/avatar/translation/top1/codebert/data-mmap/java-python/last_checkpoint.pt (train.py:215, <module>())
[2021-11-06 04:54:16]    INFO >> Epoch  54/100, Batch 500/1490, train loss: 5.9847 (train.py:125, train())
[2021-11-06 04:57:41]    INFO >> Epoch  54/100, Batch 1000/1490, train loss: 5.8646 (train.py:125, train())
Using backend: pytorch
Using backend: pytorch
Using backend: pytorch
[2021-11-06 05:01:04]    INFO >> Epoch  54/100, train loss: 5.8088 (train.py:134, <module>())
Using backend: pytorch
Using backend: pytorch
Using backend: pytorch
[2021-11-06 05:11:41]    INFO >> Epoch  54/100, valid loss: 0.0000, valid bleu4: 41.32, best bleu4: 42.05 (train.py:210, <module>())
[2021-11-06 05:11:48]    INFO >> update /mnt/wanyao/ncc_data/avatar/translation/top1/codebert/data-mmap/java-python/last_checkpoint.pt (train.py:215, <module>())
[2021-11-06 05:15:23]    INFO >> Epoch  55/100, Batch 500/1490, train loss: 5.4157 (train.py:125, train())
[2021-11-06 05:18:49]    INFO >> Epoch  55/100, Batch 1000/1490, train loss: 5.4699 (train.py:125, train())
Using backend: pytorch
Using backend: pytorch
Using backend: pytorch
[2021-11-06 05:22:16]    INFO >> Epoch  55/100, train loss: 5.3249 (train.py:134, <module>())
[2021-11-06 05:22:20]    INFO >> save /mnt/wanyao/ncc_data/avatar/translation/top1/codebert/data-mmap/java-python/55.pt (train.py:200, <module>())
Using backend: pytorch
Using backend: pytorch
Using backend: pytorch
[2021-11-06 05:32:14]    INFO >> Epoch  55/100, valid loss: 0.0000, valid bleu4: 40.97, best bleu4: 42.05 (train.py:210, <module>())
[2021-11-06 05:32:22]    INFO >> update /mnt/wanyao/ncc_data/avatar/translation/top1/codebert/data-mmap/java-python/last_checkpoint.pt (train.py:215, <module>())
[2021-11-06 05:32:22]    INFO >> early stop because of no improvement in 10 epochs (train.py:217, <module>())
