nohup: ignoring input
Using backend: pytorch
[2021-11-05 10:20:22]    INFO >> No /mnt/wanyao/ncc_data/avatar/translation/top1/codebert/data-mmap/python-java/last_checkpoint.pt to initialize model (train.py:86, <module>())
[2021-11-05 10:20:22]    INFO >> Start training epoch   1/100, best bleu4: 0.00 (train.py:88, <module>())
/home/wanyao/anaconda3/envs/py37-1.7/lib/python3.7/site-packages/torch/optim/lr_scheduler.py:134: UserWarning: Detected call of `lr_scheduler.step()` before `optimizer.step()`. In PyTorch 1.1.0 and later, you should call them in the opposite order: `optimizer.step()` before `lr_scheduler.step()`.  Failure to do this will result in PyTorch skipping the first value of the learning rate schedule. See more details at https://pytorch.org/docs/stable/optim.html#how-to-adjust-learning-rate
  "https://pytorch.org/docs/stable/optim.html#how-to-adjust-learning-rate", UserWarning)
[2021-11-05 10:25:43]    INFO >> Epoch   1/100, Batch 500/1490, train loss: 1621.0549 (train.py:125, train())
[2021-11-05 10:30:57]    INFO >> Epoch   1/100, Batch 1000/1490, train loss: 1296.6804 (train.py:125, train())
Using backend: pytorch
Using backend: pytorch
Using backend: pytorch
[2021-11-05 10:36:03]    INFO >> Epoch   1/100, train loss: 1127.1705 (train.py:134, <module>())
Using backend: pytorch
Using backend: pytorch
Using backend: pytorch
[2021-11-05 10:50:14]    INFO >> update /mnt/wanyao/ncc_data/avatar/translation/top1/codebert/data-mmap/python-java/best_checkpoint.pt (train.py:208, <module>())
[2021-11-05 10:50:14]    INFO >> Epoch   1/100, valid loss: 0.0000, valid bleu4: 13.84, best bleu4: 13.84 (train.py:210, <module>())
[2021-11-05 10:50:18]    INFO >> update /mnt/wanyao/ncc_data/avatar/translation/top1/codebert/data-mmap/python-java/last_checkpoint.pt (train.py:215, <module>())
[2021-11-05 10:55:29]    INFO >> Epoch   2/100, Batch 500/1490, train loss: 670.9894 (train.py:125, train())
[2021-11-05 11:00:46]    INFO >> Epoch   2/100, Batch 1000/1490, train loss: 647.2046 (train.py:125, train())
Using backend: pytorch
Using backend: pytorch
Using backend: pytorch
[2021-11-05 11:05:31]    INFO >> Epoch   2/100, train loss: 626.9993 (train.py:134, <module>())
Using backend: pytorch
Using backend: pytorch
Using backend: pytorch
[2021-11-05 11:20:00]    INFO >> update /mnt/wanyao/ncc_data/avatar/translation/top1/codebert/data-mmap/python-java/best_checkpoint.pt (train.py:208, <module>())
[2021-11-05 11:20:00]    INFO >> Epoch   2/100, valid loss: 0.0000, valid bleu4: 21.50, best bleu4: 21.50 (train.py:210, <module>())
[2021-11-05 11:20:08]    INFO >> update /mnt/wanyao/ncc_data/avatar/translation/top1/codebert/data-mmap/python-java/last_checkpoint.pt (train.py:215, <module>())
[2021-11-05 11:25:28]    INFO >> Epoch   3/100, Batch 500/1490, train loss: 522.3196 (train.py:125, train())
[2021-11-05 11:30:27]    INFO >> Epoch   3/100, Batch 1000/1490, train loss: 506.8469 (train.py:125, train())
Using backend: pytorch
Using backend: pytorch
Using backend: pytorch
[2021-11-05 11:35:18]    INFO >> Epoch   3/100, train loss: 492.4496 (train.py:134, <module>())
Using backend: pytorch
Using backend: pytorch
Using backend: pytorch
[2021-11-05 11:50:00]    INFO >> update /mnt/wanyao/ncc_data/avatar/translation/top1/codebert/data-mmap/python-java/best_checkpoint.pt (train.py:208, <module>())
[2021-11-05 11:50:00]    INFO >> Epoch   3/100, valid loss: 0.0000, valid bleu4: 22.41, best bleu4: 22.41 (train.py:210, <module>())
[2021-11-05 11:50:08]    INFO >> update /mnt/wanyao/ncc_data/avatar/translation/top1/codebert/data-mmap/python-java/last_checkpoint.pt (train.py:215, <module>())
[2021-11-05 11:55:14]    INFO >> Epoch   4/100, Batch 500/1490, train loss: 416.2653 (train.py:125, train())
[2021-11-05 12:00:30]    INFO >> Epoch   4/100, Batch 1000/1490, train loss: 414.8143 (train.py:125, train())
Using backend: pytorch
Using backend: pytorch
Using backend: pytorch
[2021-11-05 12:05:16]    INFO >> Epoch   4/100, train loss: 404.9952 (train.py:134, <module>())
Using backend: pytorch
Using backend: pytorch
Using backend: pytorch
[2021-11-05 12:19:45]    INFO >> update /mnt/wanyao/ncc_data/avatar/translation/top1/codebert/data-mmap/python-java/best_checkpoint.pt (train.py:208, <module>())
[2021-11-05 12:19:45]    INFO >> Epoch   4/100, valid loss: 0.0000, valid bleu4: 23.59, best bleu4: 23.59 (train.py:210, <module>())
[2021-11-05 12:19:53]    INFO >> update /mnt/wanyao/ncc_data/avatar/translation/top1/codebert/data-mmap/python-java/last_checkpoint.pt (train.py:215, <module>())
[2021-11-05 12:25:14]    INFO >> Epoch   5/100, Batch 500/1490, train loss: 361.0301 (train.py:125, train())
[2021-11-05 12:30:16]    INFO >> Epoch   5/100, Batch 1000/1490, train loss: 356.5427 (train.py:125, train())
Using backend: pytorch
Using backend: pytorch
Using backend: pytorch
[2021-11-05 12:35:15]    INFO >> Epoch   5/100, train loss: 349.5167 (train.py:134, <module>())
[2021-11-05 12:35:19]    INFO >> save /mnt/wanyao/ncc_data/avatar/translation/top1/codebert/data-mmap/python-java/5.pt (train.py:200, <module>())
Using backend: pytorch
Using backend: pytorch
Using backend: pytorch
[2021-11-05 12:49:37]    INFO >> Epoch   5/100, valid loss: 0.0000, valid bleu4: 21.06, best bleu4: 23.59 (train.py:210, <module>())
[2021-11-05 12:49:45]    INFO >> update /mnt/wanyao/ncc_data/avatar/translation/top1/codebert/data-mmap/python-java/last_checkpoint.pt (train.py:215, <module>())
[2021-11-05 12:55:09]    INFO >> Epoch   6/100, Batch 500/1490, train loss: 313.1498 (train.py:125, train())
[2021-11-05 13:00:03]    INFO >> Epoch   6/100, Batch 1000/1490, train loss: 313.0185 (train.py:125, train())
Using backend: pytorch
Using backend: pytorch
Using backend: pytorch
[2021-11-05 13:04:54]    INFO >> Epoch   6/100, train loss: 309.8898 (train.py:134, <module>())
Using backend: pytorch
Using backend: pytorch
Using backend: pytorch
[2021-11-05 13:19:30]    INFO >> update /mnt/wanyao/ncc_data/avatar/translation/top1/codebert/data-mmap/python-java/best_checkpoint.pt (train.py:208, <module>())
[2021-11-05 13:19:30]    INFO >> Epoch   6/100, valid loss: 0.0000, valid bleu4: 23.75, best bleu4: 23.75 (train.py:210, <module>())
[2021-11-05 13:19:38]    INFO >> update /mnt/wanyao/ncc_data/avatar/translation/top1/codebert/data-mmap/python-java/last_checkpoint.pt (train.py:215, <module>())
[2021-11-05 13:24:33]    INFO >> Epoch   7/100, Batch 500/1490, train loss: 272.7960 (train.py:125, train())
[2021-11-05 13:29:17]    INFO >> Epoch   7/100, Batch 1000/1490, train loss: 278.2736 (train.py:125, train())
Using backend: pytorch
Using backend: pytorch
Using backend: pytorch
[2021-11-05 13:34:10]    INFO >> Epoch   7/100, train loss: 278.1392 (train.py:134, <module>())
Using backend: pytorch
Using backend: pytorch
Using backend: pytorch
[2021-11-05 13:48:03]    INFO >> update /mnt/wanyao/ncc_data/avatar/translation/top1/codebert/data-mmap/python-java/best_checkpoint.pt (train.py:208, <module>())
[2021-11-05 13:48:03]    INFO >> Epoch   7/100, valid loss: 0.0000, valid bleu4: 27.68, best bleu4: 27.68 (train.py:210, <module>())
[2021-11-05 13:48:12]    INFO >> update /mnt/wanyao/ncc_data/avatar/translation/top1/codebert/data-mmap/python-java/last_checkpoint.pt (train.py:215, <module>())
[2021-11-05 13:53:17]    INFO >> Epoch   8/100, Batch 500/1490, train loss: 251.6160 (train.py:125, train())
[2021-11-05 13:58:06]    INFO >> Epoch   8/100, Batch 1000/1490, train loss: 255.0360 (train.py:125, train())
Using backend: pytorch
Using backend: pytorch
Using backend: pytorch
[2021-11-05 14:03:00]    INFO >> Epoch   8/100, train loss: 250.9654 (train.py:134, <module>())
Using backend: pytorch
Using backend: pytorch
Using backend: pytorch
[2021-11-05 14:17:19]    INFO >> Epoch   8/100, valid loss: 0.0000, valid bleu4: 24.20, best bleu4: 27.68 (train.py:210, <module>())
[2021-11-05 14:17:27]    INFO >> update /mnt/wanyao/ncc_data/avatar/translation/top1/codebert/data-mmap/python-java/last_checkpoint.pt (train.py:215, <module>())
[2021-11-05 14:22:28]    INFO >> Epoch   9/100, Batch 500/1490, train loss: 231.7430 (train.py:125, train())
[2021-11-05 14:27:42]    INFO >> Epoch   9/100, Batch 1000/1490, train loss: 224.5688 (train.py:125, train())
Using backend: pytorch
Using backend: pytorch
Using backend: pytorch
[2021-11-05 14:32:33]    INFO >> Epoch   9/100, train loss: 226.8534 (train.py:134, <module>())
Using backend: pytorch
Using backend: pytorch
Using backend: pytorch
[2021-11-05 14:47:04]    INFO >> update /mnt/wanyao/ncc_data/avatar/translation/top1/codebert/data-mmap/python-java/best_checkpoint.pt (train.py:208, <module>())
[2021-11-05 14:47:04]    INFO >> Epoch   9/100, valid loss: 0.0000, valid bleu4: 28.83, best bleu4: 28.83 (train.py:210, <module>())
[2021-11-05 14:47:12]    INFO >> update /mnt/wanyao/ncc_data/avatar/translation/top1/codebert/data-mmap/python-java/last_checkpoint.pt (train.py:215, <module>())
[2021-11-05 14:52:29]    INFO >> Epoch  10/100, Batch 500/1490, train loss: 205.9088 (train.py:125, train())
[2021-11-05 14:57:25]    INFO >> Epoch  10/100, Batch 1000/1490, train loss: 202.7009 (train.py:125, train())
Using backend: pytorch
Using backend: pytorch
Using backend: pytorch
[2021-11-05 15:02:33]    INFO >> Epoch  10/100, train loss: 203.6665 (train.py:134, <module>())
[2021-11-05 15:02:37]    INFO >> save /mnt/wanyao/ncc_data/avatar/translation/top1/codebert/data-mmap/python-java/10.pt (train.py:200, <module>())
Using backend: pytorch
Using backend: pytorch
Using backend: pytorch
[2021-11-05 15:17:05]    INFO >> update /mnt/wanyao/ncc_data/avatar/translation/top1/codebert/data-mmap/python-java/best_checkpoint.pt (train.py:208, <module>())
[2021-11-05 15:17:05]    INFO >> Epoch  10/100, valid loss: 0.0000, valid bleu4: 33.69, best bleu4: 33.69 (train.py:210, <module>())
[2021-11-05 15:17:13]    INFO >> update /mnt/wanyao/ncc_data/avatar/translation/top1/codebert/data-mmap/python-java/last_checkpoint.pt (train.py:215, <module>())
[2021-11-05 15:22:17]    INFO >> Epoch  11/100, Batch 500/1490, train loss: 179.8793 (train.py:125, train())
[2021-11-05 15:27:29]    INFO >> Epoch  11/100, Batch 1000/1490, train loss: 178.2368 (train.py:125, train())
Using backend: pytorch
Using backend: pytorch
Using backend: pytorch
[2021-11-05 15:32:26]    INFO >> Epoch  11/100, train loss: 176.7918 (train.py:134, <module>())
Using backend: pytorch
Using backend: pytorch
Using backend: pytorch
[2021-11-05 15:46:43]    INFO >> update /mnt/wanyao/ncc_data/avatar/translation/top1/codebert/data-mmap/python-java/best_checkpoint.pt (train.py:208, <module>())
[2021-11-05 15:46:43]    INFO >> Epoch  11/100, valid loss: 0.0000, valid bleu4: 34.10, best bleu4: 34.10 (train.py:210, <module>())
[2021-11-05 15:46:51]    INFO >> update /mnt/wanyao/ncc_data/avatar/translation/top1/codebert/data-mmap/python-java/last_checkpoint.pt (train.py:215, <module>())
[2021-11-05 15:52:14]    INFO >> Epoch  12/100, Batch 500/1490, train loss: 151.2552 (train.py:125, train())
[2021-11-05 15:57:31]    INFO >> Epoch  12/100, Batch 1000/1490, train loss: 150.9761 (train.py:125, train())
Using backend: pytorch
Using backend: pytorch
Using backend: pytorch
[2021-11-05 16:02:19]    INFO >> Epoch  12/100, train loss: 151.2731 (train.py:134, <module>())
Using backend: pytorch
Using backend: pytorch
Using backend: pytorch
[2021-11-05 16:16:47]    INFO >> update /mnt/wanyao/ncc_data/avatar/translation/top1/codebert/data-mmap/python-java/best_checkpoint.pt (train.py:208, <module>())
[2021-11-05 16:16:47]    INFO >> Epoch  12/100, valid loss: 0.0000, valid bleu4: 38.84, best bleu4: 38.84 (train.py:210, <module>())
[2021-11-05 16:16:55]    INFO >> update /mnt/wanyao/ncc_data/avatar/translation/top1/codebert/data-mmap/python-java/last_checkpoint.pt (train.py:215, <module>())
[2021-11-05 16:22:12]    INFO >> Epoch  13/100, Batch 500/1490, train loss: 129.4931 (train.py:125, train())
[2021-11-05 16:27:10]    INFO >> Epoch  13/100, Batch 1000/1490, train loss: 132.8495 (train.py:125, train())
Using backend: pytorch
Using backend: pytorch
Using backend: pytorch
[2021-11-05 16:32:01]    INFO >> Epoch  13/100, train loss: 131.9935 (train.py:134, <module>())
Using backend: pytorch
Using backend: pytorch
Using backend: pytorch
[2021-11-05 16:46:48]    INFO >> update /mnt/wanyao/ncc_data/avatar/translation/top1/codebert/data-mmap/python-java/best_checkpoint.pt (train.py:208, <module>())
[2021-11-05 16:46:48]    INFO >> Epoch  13/100, valid loss: 0.0000, valid bleu4: 40.55, best bleu4: 40.55 (train.py:210, <module>())
[2021-11-05 16:46:56]    INFO >> update /mnt/wanyao/ncc_data/avatar/translation/top1/codebert/data-mmap/python-java/last_checkpoint.pt (train.py:215, <module>())
[2021-11-05 16:52:02]    INFO >> Epoch  14/100, Batch 500/1490, train loss: 116.8146 (train.py:125, train())
[2021-11-05 16:57:08]    INFO >> Epoch  14/100, Batch 1000/1490, train loss: 118.7537 (train.py:125, train())
Using backend: pytorch
Using backend: pytorch
Using backend: pytorch
[2021-11-05 17:02:06]    INFO >> Epoch  14/100, train loss: 117.6294 (train.py:134, <module>())
Using backend: pytorch
Using backend: pytorch
Using backend: pytorch
[2021-11-05 17:16:36]    INFO >> update /mnt/wanyao/ncc_data/avatar/translation/top1/codebert/data-mmap/python-java/best_checkpoint.pt (train.py:208, <module>())
[2021-11-05 17:16:36]    INFO >> Epoch  14/100, valid loss: 0.0000, valid bleu4: 40.95, best bleu4: 40.95 (train.py:210, <module>())
[2021-11-05 17:16:44]    INFO >> update /mnt/wanyao/ncc_data/avatar/translation/top1/codebert/data-mmap/python-java/last_checkpoint.pt (train.py:215, <module>())
[2021-11-05 17:22:09]    INFO >> Epoch  15/100, Batch 500/1490, train loss: 102.9630 (train.py:125, train())
[2021-11-05 17:26:58]    INFO >> Epoch  15/100, Batch 1000/1490, train loss: 105.7245 (train.py:125, train())
Using backend: pytorch
Using backend: pytorch
Using backend: pytorch
[2021-11-05 17:32:07]    INFO >> Epoch  15/100, train loss: 105.7078 (train.py:134, <module>())
[2021-11-05 17:32:12]    INFO >> save /mnt/wanyao/ncc_data/avatar/translation/top1/codebert/data-mmap/python-java/15.pt (train.py:200, <module>())
Using backend: pytorch
Using backend: pytorch
Using backend: pytorch
[2021-11-05 17:46:38]    INFO >> update /mnt/wanyao/ncc_data/avatar/translation/top1/codebert/data-mmap/python-java/best_checkpoint.pt (train.py:208, <module>())
[2021-11-05 17:46:38]    INFO >> Epoch  15/100, valid loss: 0.0000, valid bleu4: 42.61, best bleu4: 42.61 (train.py:210, <module>())
[2021-11-05 17:46:46]    INFO >> update /mnt/wanyao/ncc_data/avatar/translation/top1/codebert/data-mmap/python-java/last_checkpoint.pt (train.py:215, <module>())
[2021-11-05 17:52:10]    INFO >> Epoch  16/100, Batch 500/1490, train loss: 96.0973 (train.py:125, train())
[2021-11-05 17:57:04]    INFO >> Epoch  16/100, Batch 1000/1490, train loss: 94.6837 (train.py:125, train())
Using backend: pytorch
Using backend: pytorch
Using backend: pytorch
[2021-11-05 18:01:56]    INFO >> Epoch  16/100, train loss: 95.8603 (train.py:134, <module>())
Using backend: pytorch
Using backend: pytorch
Using backend: pytorch
[2021-11-05 18:16:51]    INFO >> update /mnt/wanyao/ncc_data/avatar/translation/top1/codebert/data-mmap/python-java/best_checkpoint.pt (train.py:208, <module>())
[2021-11-05 18:16:51]    INFO >> Epoch  16/100, valid loss: 0.0000, valid bleu4: 44.18, best bleu4: 44.18 (train.py:210, <module>())
[2021-11-05 18:16:59]    INFO >> update /mnt/wanyao/ncc_data/avatar/translation/top1/codebert/data-mmap/python-java/last_checkpoint.pt (train.py:215, <module>())
[2021-11-05 18:22:04]    INFO >> Epoch  17/100, Batch 500/1490, train loss: 83.3698 (train.py:125, train())
[2021-11-05 18:27:01]    INFO >> Epoch  17/100, Batch 1000/1490, train loss: 85.6478 (train.py:125, train())
Using backend: pytorch
Using backend: pytorch
Using backend: pytorch
[2021-11-05 18:32:07]    INFO >> Epoch  17/100, train loss: 87.2742 (train.py:134, <module>())
Using backend: pytorch
Using backend: pytorch
Using backend: pytorch
[2021-11-05 18:46:29]    INFO >> Epoch  17/100, valid loss: 0.0000, valid bleu4: 43.35, best bleu4: 44.18 (train.py:210, <module>())
[2021-11-05 18:46:37]    INFO >> update /mnt/wanyao/ncc_data/avatar/translation/top1/codebert/data-mmap/python-java/last_checkpoint.pt (train.py:215, <module>())
[2021-11-05 18:51:49]    INFO >> Epoch  18/100, Batch 500/1490, train loss: 78.2206 (train.py:125, train())
[2021-11-05 18:56:56]    INFO >> Epoch  18/100, Batch 1000/1490, train loss: 77.8319 (train.py:125, train())
Using backend: pytorch
Using backend: pytorch
Using backend: pytorch
[2021-11-05 19:02:06]    INFO >> Epoch  18/100, train loss: 79.0214 (train.py:134, <module>())
Using backend: pytorch
Using backend: pytorch
Using backend: pytorch
[2021-11-05 19:16:29]    INFO >> update /mnt/wanyao/ncc_data/avatar/translation/top1/codebert/data-mmap/python-java/best_checkpoint.pt (train.py:208, <module>())
[2021-11-05 19:16:29]    INFO >> Epoch  18/100, valid loss: 0.0000, valid bleu4: 44.70, best bleu4: 44.70 (train.py:210, <module>())
[2021-11-05 19:16:37]    INFO >> update /mnt/wanyao/ncc_data/avatar/translation/top1/codebert/data-mmap/python-java/last_checkpoint.pt (train.py:215, <module>())
[2021-11-05 19:21:26]    INFO >> Epoch  19/100, Batch 500/1490, train loss: 72.6609 (train.py:125, train())
[2021-11-05 19:26:22]    INFO >> Epoch  19/100, Batch 1000/1490, train loss: 73.0801 (train.py:125, train())
Using backend: pytorch
Using backend: pytorch
Using backend: pytorch
[2021-11-05 19:30:59]    INFO >> Epoch  19/100, train loss: 72.6356 (train.py:134, <module>())
Using backend: pytorch
Using backend: pytorch
Using backend: pytorch
[2021-11-05 19:44:50]    INFO >> update /mnt/wanyao/ncc_data/avatar/translation/top1/codebert/data-mmap/python-java/best_checkpoint.pt (train.py:208, <module>())
[2021-11-05 19:44:50]    INFO >> Epoch  19/100, valid loss: 0.0000, valid bleu4: 44.90, best bleu4: 44.90 (train.py:210, <module>())
[2021-11-05 19:44:58]    INFO >> update /mnt/wanyao/ncc_data/avatar/translation/top1/codebert/data-mmap/python-java/last_checkpoint.pt (train.py:215, <module>())
[2021-11-05 19:50:02]    INFO >> Epoch  20/100, Batch 500/1490, train loss: 66.6446 (train.py:125, train())
[2021-11-05 19:54:44]    INFO >> Epoch  20/100, Batch 1000/1490, train loss: 65.7055 (train.py:125, train())
Using backend: pytorch
Using backend: pytorch
Using backend: pytorch
[2021-11-05 19:59:35]    INFO >> Epoch  20/100, train loss: 66.0739 (train.py:134, <module>())
[2021-11-05 19:59:40]    INFO >> save /mnt/wanyao/ncc_data/avatar/translation/top1/codebert/data-mmap/python-java/20.pt (train.py:200, <module>())
Using backend: pytorch
Using backend: pytorch
Using backend: pytorch
[2021-11-05 20:13:28]    INFO >> Epoch  20/100, valid loss: 0.0000, valid bleu4: 44.76, best bleu4: 44.90 (train.py:210, <module>())
[2021-11-05 20:13:36]    INFO >> update /mnt/wanyao/ncc_data/avatar/translation/top1/codebert/data-mmap/python-java/last_checkpoint.pt (train.py:215, <module>())
[2021-11-05 20:18:26]    INFO >> Epoch  21/100, Batch 500/1490, train loss: 58.2646 (train.py:125, train())
[2021-11-05 20:23:23]    INFO >> Epoch  21/100, Batch 1000/1490, train loss: 59.0580 (train.py:125, train())
Using backend: pytorch
Using backend: pytorch
Using backend: pytorch
[2021-11-05 20:28:01]    INFO >> Epoch  21/100, train loss: 60.3774 (train.py:134, <module>())
Using backend: pytorch
Using backend: pytorch
Using backend: pytorch
[2021-11-05 20:41:44]    INFO >> Epoch  21/100, valid loss: 0.0000, valid bleu4: 43.87, best bleu4: 44.90 (train.py:210, <module>())
[2021-11-05 20:41:52]    INFO >> update /mnt/wanyao/ncc_data/avatar/translation/top1/codebert/data-mmap/python-java/last_checkpoint.pt (train.py:215, <module>())
[2021-11-05 20:46:58]    INFO >> Epoch  22/100, Batch 500/1490, train loss: 54.4567 (train.py:125, train())
[2021-11-05 20:51:51]    INFO >> Epoch  22/100, Batch 1000/1490, train loss: 54.4533 (train.py:125, train())
Using backend: pytorch
Using backend: pytorch
Using backend: pytorch
[2021-11-05 20:56:31]    INFO >> Epoch  22/100, train loss: 55.4960 (train.py:134, <module>())
Using backend: pytorch
Using backend: pytorch
Using backend: pytorch
[2021-11-05 21:10:22]    INFO >> update /mnt/wanyao/ncc_data/avatar/translation/top1/codebert/data-mmap/python-java/best_checkpoint.pt (train.py:208, <module>())
[2021-11-05 21:10:22]    INFO >> Epoch  22/100, valid loss: 0.0000, valid bleu4: 44.96, best bleu4: 44.96 (train.py:210, <module>())
[2021-11-05 21:10:31]    INFO >> update /mnt/wanyao/ncc_data/avatar/translation/top1/codebert/data-mmap/python-java/last_checkpoint.pt (train.py:215, <module>())
[2021-11-05 21:15:38]    INFO >> Epoch  23/100, Batch 500/1490, train loss: 49.6632 (train.py:125, train())
[2021-11-05 21:20:21]    INFO >> Epoch  23/100, Batch 1000/1490, train loss: 49.7792 (train.py:125, train())
Using backend: pytorch
Using backend: pytorch
Using backend: pytorch
[2021-11-05 21:24:59]    INFO >> Epoch  23/100, train loss: 50.8700 (train.py:134, <module>())
Using backend: pytorch
Using backend: pytorch
Using backend: pytorch
[2021-11-05 21:39:10]    INFO >> update /mnt/wanyao/ncc_data/avatar/translation/top1/codebert/data-mmap/python-java/best_checkpoint.pt (train.py:208, <module>())
[2021-11-05 21:39:10]    INFO >> Epoch  23/100, valid loss: 0.0000, valid bleu4: 45.40, best bleu4: 45.40 (train.py:210, <module>())
[2021-11-05 21:39:18]    INFO >> update /mnt/wanyao/ncc_data/avatar/translation/top1/codebert/data-mmap/python-java/last_checkpoint.pt (train.py:215, <module>())
[2021-11-05 21:44:08]    INFO >> Epoch  24/100, Batch 500/1490, train loss: 44.1637 (train.py:125, train())
[2021-11-05 21:48:56]    INFO >> Epoch  24/100, Batch 1000/1490, train loss: 46.0191 (train.py:125, train())
Using backend: pytorch
Using backend: pytorch
Using backend: pytorch
[2021-11-05 21:53:41]    INFO >> Epoch  24/100, train loss: 46.5733 (train.py:134, <module>())
Using backend: pytorch
Using backend: pytorch
Using backend: pytorch
[2021-11-05 22:05:19]    INFO >> update /mnt/wanyao/ncc_data/avatar/translation/top1/codebert/data-mmap/python-java/best_checkpoint.pt (train.py:208, <module>())
[2021-11-05 22:05:19]    INFO >> Epoch  24/100, valid loss: 0.0000, valid bleu4: 45.75, best bleu4: 45.75 (train.py:210, <module>())
[2021-11-05 22:05:27]    INFO >> update /mnt/wanyao/ncc_data/avatar/translation/top1/codebert/data-mmap/python-java/last_checkpoint.pt (train.py:215, <module>())
[2021-11-05 22:09:07]    INFO >> Epoch  25/100, Batch 500/1490, train loss: 41.3451 (train.py:125, train())
[2021-11-05 22:12:03]    INFO >> Epoch  25/100, Batch 1000/1490, train loss: 41.4738 (train.py:125, train())
Using backend: pytorch
Using backend: pytorch
Using backend: pytorch
[2021-11-05 22:15:09]    INFO >> Epoch  25/100, train loss: 42.3560 (train.py:134, <module>())
[2021-11-05 22:15:13]    INFO >> save /mnt/wanyao/ncc_data/avatar/translation/top1/codebert/data-mmap/python-java/25.pt (train.py:200, <module>())
Using backend: pytorch
Using backend: pytorch
Using backend: pytorch
[2021-11-05 22:25:20]    INFO >> Epoch  25/100, valid loss: 0.0000, valid bleu4: 45.06, best bleu4: 45.75 (train.py:210, <module>())
[2021-11-05 22:25:32]    INFO >> update /mnt/wanyao/ncc_data/avatar/translation/top1/codebert/data-mmap/python-java/last_checkpoint.pt (train.py:215, <module>())
[2021-11-05 22:28:48]    INFO >> Epoch  26/100, Batch 500/1490, train loss: 39.1539 (train.py:125, train())
[2021-11-05 22:31:57]    INFO >> Epoch  26/100, Batch 1000/1490, train loss: 38.8508 (train.py:125, train())
Using backend: pytorch
Using backend: pytorch
Using backend: pytorch
[2021-11-05 22:35:03]    INFO >> Epoch  26/100, train loss: 39.0778 (train.py:134, <module>())
Using backend: pytorch
Using backend: pytorch
Using backend: pytorch
[2021-11-05 22:44:51]    INFO >> Epoch  26/100, valid loss: 0.0000, valid bleu4: 45.25, best bleu4: 45.75 (train.py:210, <module>())
[2021-11-05 22:44:59]    INFO >> update /mnt/wanyao/ncc_data/avatar/translation/top1/codebert/data-mmap/python-java/last_checkpoint.pt (train.py:215, <module>())
[2021-11-05 22:48:17]    INFO >> Epoch  27/100, Batch 500/1490, train loss: 34.0741 (train.py:125, train())
[2021-11-05 22:51:25]    INFO >> Epoch  27/100, Batch 1000/1490, train loss: 35.3542 (train.py:125, train())
Using backend: pytorch
Using backend: pytorch
Using backend: pytorch
[2021-11-05 22:54:39]    INFO >> Epoch  27/100, train loss: 35.5354 (train.py:134, <module>())
Using backend: pytorch
Using backend: pytorch
Using backend: pytorch
[2021-11-05 23:04:30]    INFO >> update /mnt/wanyao/ncc_data/avatar/translation/top1/codebert/data-mmap/python-java/best_checkpoint.pt (train.py:208, <module>())
[2021-11-05 23:04:30]    INFO >> Epoch  27/100, valid loss: 0.0000, valid bleu4: 45.85, best bleu4: 45.85 (train.py:210, <module>())
[2021-11-05 23:04:38]    INFO >> update /mnt/wanyao/ncc_data/avatar/translation/top1/codebert/data-mmap/python-java/last_checkpoint.pt (train.py:215, <module>())
[2021-11-05 23:07:56]    INFO >> Epoch  28/100, Batch 500/1490, train loss: 30.9817 (train.py:125, train())
[2021-11-05 23:11:27]    INFO >> Epoch  28/100, Batch 1000/1490, train loss: 31.5962 (train.py:125, train())
Using backend: pytorch
Using backend: pytorch
Using backend: pytorch
[2021-11-05 23:14:20]    INFO >> Epoch  28/100, train loss: 32.5916 (train.py:134, <module>())
Using backend: pytorch
Using backend: pytorch
Using backend: pytorch
[2021-11-05 23:24:06]    INFO >> Epoch  28/100, valid loss: 0.0000, valid bleu4: 45.56, best bleu4: 45.85 (train.py:210, <module>())
[2021-11-05 23:24:14]    INFO >> update /mnt/wanyao/ncc_data/avatar/translation/top1/codebert/data-mmap/python-java/last_checkpoint.pt (train.py:215, <module>())
[2021-11-05 23:27:40]    INFO >> Epoch  29/100, Batch 500/1490, train loss: 30.8095 (train.py:125, train())
[2021-11-05 23:30:49]    INFO >> Epoch  29/100, Batch 1000/1490, train loss: 30.3913 (train.py:125, train())
Using backend: pytorch
Using backend: pytorch
Using backend: pytorch
[2021-11-05 23:33:56]    INFO >> Epoch  29/100, train loss: 30.1321 (train.py:134, <module>())
Using backend: pytorch
Using backend: pytorch
Using backend: pytorch
[2021-11-05 23:43:49]    INFO >> Epoch  29/100, valid loss: 0.0000, valid bleu4: 45.42, best bleu4: 45.85 (train.py:210, <module>())
[2021-11-05 23:43:57]    INFO >> update /mnt/wanyao/ncc_data/avatar/translation/top1/codebert/data-mmap/python-java/last_checkpoint.pt (train.py:215, <module>())
[2021-11-05 23:47:14]    INFO >> Epoch  30/100, Batch 500/1490, train loss: 27.8843 (train.py:125, train())
[2021-11-05 23:50:24]    INFO >> Epoch  30/100, Batch 1000/1490, train loss: 27.3907 (train.py:125, train())
Using backend: pytorch
Using backend: pytorch
Using backend: pytorch
[2021-11-05 23:53:30]    INFO >> Epoch  30/100, train loss: 27.5108 (train.py:134, <module>())
[2021-11-05 23:53:35]    INFO >> save /mnt/wanyao/ncc_data/avatar/translation/top1/codebert/data-mmap/python-java/30.pt (train.py:200, <module>())
Using backend: pytorch
Using backend: pytorch
Using backend: pytorch
[2021-11-06 00:03:23]    INFO >> Epoch  30/100, valid loss: 0.0000, valid bleu4: 44.98, best bleu4: 45.85 (train.py:210, <module>())
[2021-11-06 00:03:31]    INFO >> update /mnt/wanyao/ncc_data/avatar/translation/top1/codebert/data-mmap/python-java/last_checkpoint.pt (train.py:215, <module>())
[2021-11-06 00:06:48]    INFO >> Epoch  31/100, Batch 500/1490, train loss: 25.2203 (train.py:125, train())
[2021-11-06 00:09:58]    INFO >> Epoch  31/100, Batch 1000/1490, train loss: 25.1655 (train.py:125, train())
Using backend: pytorch
Using backend: pytorch
Using backend: pytorch
[2021-11-06 00:13:24]    INFO >> Epoch  31/100, train loss: 25.4475 (train.py:134, <module>())
Using backend: pytorch
Using backend: pytorch
Using backend: pytorch
[2021-11-06 00:23:04]    INFO >> Epoch  31/100, valid loss: 0.0000, valid bleu4: 45.06, best bleu4: 45.85 (train.py:210, <module>())
[2021-11-06 00:23:11]    INFO >> update /mnt/wanyao/ncc_data/avatar/translation/top1/codebert/data-mmap/python-java/last_checkpoint.pt (train.py:215, <module>())
[2021-11-06 00:26:29]    INFO >> Epoch  32/100, Batch 500/1490, train loss: 23.9264 (train.py:125, train())
[2021-11-06 00:29:38]    INFO >> Epoch  32/100, Batch 1000/1490, train loss: 23.8057 (train.py:125, train())
Using backend: pytorch
Using backend: pytorch
Using backend: pytorch
[2021-11-06 00:31:19]    INFO >> Epoch  32/100, train loss: 23.5320 (train.py:134, <module>())
Using backend: pytorch
Using backend: pytorch
Using backend: pytorch
[2021-11-06 00:36:44]    INFO >> update /mnt/wanyao/ncc_data/avatar/translation/top1/codebert/data-mmap/python-java/best_checkpoint.pt (train.py:208, <module>())
[2021-11-06 00:36:44]    INFO >> Epoch  32/100, valid loss: 0.0000, valid bleu4: 45.95, best bleu4: 45.95 (train.py:210, <module>())
[2021-11-06 00:36:52]    INFO >> update /mnt/wanyao/ncc_data/avatar/translation/top1/codebert/data-mmap/python-java/last_checkpoint.pt (train.py:215, <module>())
[2021-11-06 00:38:42]    INFO >> Epoch  33/100, Batch 500/1490, train loss: 21.8737 (train.py:125, train())
[2021-11-06 00:40:37]    INFO >> Epoch  33/100, Batch 1000/1490, train loss: 21.7914 (train.py:125, train())
Using backend: pytorch
Using backend: pytorch
Using backend: pytorch
[2021-11-06 00:43:33]    INFO >> Epoch  33/100, train loss: 22.0485 (train.py:134, <module>())
Using backend: pytorch
Using backend: pytorch
Using backend: pytorch
[2021-11-06 00:52:42]    INFO >> update /mnt/wanyao/ncc_data/avatar/translation/top1/codebert/data-mmap/python-java/best_checkpoint.pt (train.py:208, <module>())
[2021-11-06 00:52:42]    INFO >> Epoch  33/100, valid loss: 0.0000, valid bleu4: 46.53, best bleu4: 46.53 (train.py:210, <module>())
[2021-11-06 00:52:51]    INFO >> update /mnt/wanyao/ncc_data/avatar/translation/top1/codebert/data-mmap/python-java/last_checkpoint.pt (train.py:215, <module>())
[2021-11-06 00:55:24]    INFO >> Epoch  34/100, Batch 500/1490, train loss: 20.2934 (train.py:125, train())
[2021-11-06 00:58:20]    INFO >> Epoch  34/100, Batch 1000/1490, train loss: 20.3085 (train.py:125, train())
Using backend: pytorch
Using backend: pytorch
Using backend: pytorch
[2021-11-06 01:01:13]    INFO >> Epoch  34/100, train loss: 20.1556 (train.py:134, <module>())
Using backend: pytorch
Using backend: pytorch
Using backend: pytorch
[2021-11-06 01:09:42]    INFO >> update /mnt/wanyao/ncc_data/avatar/translation/top1/codebert/data-mmap/python-java/best_checkpoint.pt (train.py:208, <module>())
[2021-11-06 01:09:42]    INFO >> Epoch  34/100, valid loss: 0.0000, valid bleu4: 46.78, best bleu4: 46.78 (train.py:210, <module>())
[2021-11-06 01:09:50]    INFO >> update /mnt/wanyao/ncc_data/avatar/translation/top1/codebert/data-mmap/python-java/last_checkpoint.pt (train.py:215, <module>())
[2021-11-06 01:12:57]    INFO >> Epoch  35/100, Batch 500/1490, train loss: 18.2595 (train.py:125, train())
[2021-11-06 01:15:56]    INFO >> Epoch  35/100, Batch 1000/1490, train loss: 18.3113 (train.py:125, train())
Using backend: pytorch
Using backend: pytorch
Using backend: pytorch
[2021-11-06 01:18:26]    INFO >> Epoch  35/100, train loss: 18.5754 (train.py:134, <module>())
[2021-11-06 01:18:30]    INFO >> save /mnt/wanyao/ncc_data/avatar/translation/top1/codebert/data-mmap/python-java/35.pt (train.py:200, <module>())
Using backend: pytorch
Using backend: pytorch
Using backend: pytorch
[2021-11-06 01:27:16]    INFO >> Epoch  35/100, valid loss: 0.0000, valid bleu4: 46.64, best bleu4: 46.78 (train.py:210, <module>())
[2021-11-06 01:27:24]    INFO >> update /mnt/wanyao/ncc_data/avatar/translation/top1/codebert/data-mmap/python-java/last_checkpoint.pt (train.py:215, <module>())
[2021-11-06 01:30:28]    INFO >> Epoch  36/100, Batch 500/1490, train loss: 16.8930 (train.py:125, train())
[2021-11-06 01:32:53]    INFO >> Epoch  36/100, Batch 1000/1490, train loss: 17.3812 (train.py:125, train())
Using backend: pytorch
Using backend: pytorch
Using backend: pytorch
[2021-11-06 01:35:25]    INFO >> Epoch  36/100, train loss: 17.6247 (train.py:134, <module>())
Using backend: pytorch
Using backend: pytorch
Using backend: pytorch
[2021-11-06 01:44:16]    INFO >> Epoch  36/100, valid loss: 0.0000, valid bleu4: 46.23, best bleu4: 46.78 (train.py:210, <module>())
[2021-11-06 01:44:24]    INFO >> update /mnt/wanyao/ncc_data/avatar/translation/top1/codebert/data-mmap/python-java/last_checkpoint.pt (train.py:215, <module>())
[2021-11-06 01:47:08]    INFO >> Epoch  37/100, Batch 500/1490, train loss: 16.1222 (train.py:125, train())
[2021-11-06 01:49:33]    INFO >> Epoch  37/100, Batch 1000/1490, train loss: 16.1929 (train.py:125, train())
Using backend: pytorch
Using backend: pytorch
Using backend: pytorch
[2021-11-06 01:52:26]    INFO >> Epoch  37/100, train loss: 16.2675 (train.py:134, <module>())
Using backend: pytorch
Using backend: pytorch
Using backend: pytorch
[2021-11-06 02:00:50]    INFO >> Epoch  37/100, valid loss: 0.0000, valid bleu4: 45.79, best bleu4: 46.78 (train.py:210, <module>())
[2021-11-06 02:00:58]    INFO >> update /mnt/wanyao/ncc_data/avatar/translation/top1/codebert/data-mmap/python-java/last_checkpoint.pt (train.py:215, <module>())
[2021-11-06 02:03:58]    INFO >> Epoch  38/100, Batch 500/1490, train loss: 15.5094 (train.py:125, train())
[2021-11-06 02:06:57]    INFO >> Epoch  38/100, Batch 1000/1490, train loss: 15.0383 (train.py:125, train())
Using backend: pytorch
Using backend: pytorch
Using backend: pytorch
[2021-11-06 02:09:24]    INFO >> Epoch  38/100, train loss: 15.1587 (train.py:134, <module>())
Using backend: pytorch
Using backend: pytorch
Using backend: pytorch
[2021-11-06 02:18:06]    INFO >> Epoch  38/100, valid loss: 0.0000, valid bleu4: 45.93, best bleu4: 46.78 (train.py:210, <module>())
[2021-11-06 02:18:14]    INFO >> update /mnt/wanyao/ncc_data/avatar/translation/top1/codebert/data-mmap/python-java/last_checkpoint.pt (train.py:215, <module>())
[2021-11-06 02:20:54]    INFO >> Epoch  39/100, Batch 500/1490, train loss: 13.7177 (train.py:125, train())
[2021-11-06 02:23:22]    INFO >> Epoch  39/100, Batch 1000/1490, train loss: 13.8979 (train.py:125, train())
Using backend: pytorch
Using backend: pytorch
Using backend: pytorch
[2021-11-06 02:25:41]    INFO >> Epoch  39/100, train loss: 14.0659 (train.py:134, <module>())
Using backend: pytorch
Using backend: pytorch
Using backend: pytorch
[2021-11-06 02:34:43]    INFO >> Epoch  39/100, valid loss: 0.0000, valid bleu4: 45.81, best bleu4: 46.78 (train.py:210, <module>())
[2021-11-06 02:34:51]    INFO >> update /mnt/wanyao/ncc_data/avatar/translation/top1/codebert/data-mmap/python-java/last_checkpoint.pt (train.py:215, <module>())
[2021-11-06 02:37:17]    INFO >> Epoch  40/100, Batch 500/1490, train loss: 12.5057 (train.py:125, train())
[2021-11-06 02:40:14]    INFO >> Epoch  40/100, Batch 1000/1490, train loss: 12.9721 (train.py:125, train())
Using backend: pytorch
Using backend: pytorch
Using backend: pytorch
[2021-11-06 02:43:15]    INFO >> Epoch  40/100, train loss: 13.0469 (train.py:134, <module>())
[2021-11-06 02:43:20]    INFO >> save /mnt/wanyao/ncc_data/avatar/translation/top1/codebert/data-mmap/python-java/40.pt (train.py:200, <module>())
Using backend: pytorch
Using backend: pytorch
Using backend: pytorch
[2021-11-06 02:53:33]    INFO >> Epoch  40/100, valid loss: 0.0000, valid bleu4: 45.82, best bleu4: 46.78 (train.py:210, <module>())
[2021-11-06 02:53:42]    INFO >> update /mnt/wanyao/ncc_data/avatar/translation/top1/codebert/data-mmap/python-java/last_checkpoint.pt (train.py:215, <module>())
[2021-11-06 02:57:38]    INFO >> Epoch  41/100, Batch 500/1490, train loss: 12.2931 (train.py:125, train())
[2021-11-06 03:00:23]    INFO >> Epoch  41/100, Batch 1000/1490, train loss: 12.3850 (train.py:125, train())
Using backend: pytorch
Using backend: pytorch
Using backend: pytorch
[2021-11-06 03:02:53]    INFO >> Epoch  41/100, train loss: 12.3118 (train.py:134, <module>())
Using backend: pytorch
Using backend: pytorch
Using backend: pytorch
[2021-11-06 03:11:51]    INFO >> Epoch  41/100, valid loss: 0.0000, valid bleu4: 46.13, best bleu4: 46.78 (train.py:210, <module>())
[2021-11-06 03:11:58]    INFO >> update /mnt/wanyao/ncc_data/avatar/translation/top1/codebert/data-mmap/python-java/last_checkpoint.pt (train.py:215, <module>())
[2021-11-06 03:14:34]    INFO >> Epoch  42/100, Batch 500/1490, train loss: 11.3730 (train.py:125, train())
[2021-11-06 03:16:47]    INFO >> Epoch  42/100, Batch 1000/1490, train loss: 11.6846 (train.py:125, train())
Using backend: pytorch
Using backend: pytorch
Using backend: pytorch
[2021-11-06 03:19:41]    INFO >> Epoch  42/100, train loss: 11.5929 (train.py:134, <module>())
Using backend: pytorch
Using backend: pytorch
Using backend: pytorch
[2021-11-06 03:28:22]    INFO >> Epoch  42/100, valid loss: 0.0000, valid bleu4: 46.48, best bleu4: 46.78 (train.py:210, <module>())
[2021-11-06 03:28:30]    INFO >> update /mnt/wanyao/ncc_data/avatar/translation/top1/codebert/data-mmap/python-java/last_checkpoint.pt (train.py:215, <module>())
[2021-11-06 03:31:01]    INFO >> Epoch  43/100, Batch 500/1490, train loss: 10.9354 (train.py:125, train())
[2021-11-06 03:34:00]    INFO >> Epoch  43/100, Batch 1000/1490, train loss: 11.0162 (train.py:125, train())
Using backend: pytorch
Using backend: pytorch
Using backend: pytorch
[2021-11-06 03:36:46]    INFO >> Epoch  43/100, train loss: 11.0493 (train.py:134, <module>())
Using backend: pytorch
Using backend: pytorch
Using backend: pytorch
[2021-11-06 03:44:59]    INFO >> Epoch  43/100, valid loss: 0.0000, valid bleu4: 46.08, best bleu4: 46.78 (train.py:210, <module>())
[2021-11-06 03:45:07]    INFO >> update /mnt/wanyao/ncc_data/avatar/translation/top1/codebert/data-mmap/python-java/last_checkpoint.pt (train.py:215, <module>())
[2021-11-06 03:48:15]    INFO >> Epoch  44/100, Batch 500/1490, train loss: 10.3371 (train.py:125, train())
[2021-11-06 03:50:42]    INFO >> Epoch  44/100, Batch 1000/1490, train loss: 10.3005 (train.py:125, train())
Using backend: pytorch
Using backend: pytorch
Using backend: pytorch
[2021-11-06 03:53:13]    INFO >> Epoch  44/100, train loss: 10.3028 (train.py:134, <module>())
Using backend: pytorch
Using backend: pytorch
Using backend: pytorch
[2021-11-06 04:02:04]    INFO >> Epoch  44/100, valid loss: 0.0000, valid bleu4: 46.43, best bleu4: 46.78 (train.py:210, <module>())
[2021-11-06 04:02:12]    INFO >> update /mnt/wanyao/ncc_data/avatar/translation/top1/codebert/data-mmap/python-java/last_checkpoint.pt (train.py:215, <module>())
[2021-11-06 04:02:12]    INFO >> early stop because of no improvement in 10 epochs (train.py:217, <module>())
