nohup: ignoring input
[2020-12-29 02:04:31]    INFO >> Load arguments in /home/wanyao/yang/naturalcc-dev/run/summarization/codenn/config/java_hu/java.yml (train.py:318, cli_main())
[2020-12-29 02:04:31]    INFO >> {'criterion': 'cross_entropy', 'optimizer': 'sgd', 'lr_scheduler': 'fixed', 'tokenizer': None, 'bpe': None, 'common': {'no_progress_bar': 0, 'log_interval': 500, 'log_format': 'simple', 'tensorboard_logdir': '', 'memory_efficient_fp16': 1, 'fp16_no_flatten_grads': 1, 'fp16_init_scale': 128, 'fp16_scale_window': None, 'fp16_scale_tolerance': 0.0, 'min_loss_scale': 0.0001, 'threshold_loss_scale': None, 'empty_cache_freq': 0, 'task': 'summarization', 'seed': 1, 'cpu': 0, 'fp16': 0, 'fp16_opt_level': '01', 'server_ip': '', 'server_port': ''}, 'dataset': {'num_workers': 3, 'skip_invalid_size_inputs_valid_test': 1, 'max_tokens': None, 'max_sentences': 100, 'required_batch_size_multiple': 1, 'dataset_impl': 'mmap', 'train_subset': 'train', 'valid_subset': 'valid', 'validate_interval': 1, 'fixed_validation_seed': None, 'disable_validation': 0, 'max_tokens_valid': None, 'max_sentences_valid': 2048, 'curriculum': 0, 'gen_subset': 'test', 'num_shards': 1, 'shard_id': 0}, 'distributed_training': {'distributed_world_size': 1, 'distributed_rank': 0, 'distributed_backend': 'nccl', 'distributed_init_method': None, 'distributed_port': -1, 'device_id': 0, 'distributed_no_spawn': 0, 'ddp_backend': 'c10d', 'bucket_cap_mb': 25, 'fix_batches_to_gpus': None, 'find_unused_parameters': 0, 'fast_stat_sync': 0, 'broadcast_buffers': 0, 'global_sync_iter': 50, 'warmup_iterations': 500, 'local_rank': -1, 'block_momentum': 0.875, 'block_lr': 1, 'use_nbm': 0, 'average_sync': 0}, 'task': {'data': '/home/wanyao/.ncc/java_hu/summarization/data-mmap', 'source_lang': 'code_tokens', 'target_lang': 'docstring_tokens', 'load_alignments': 0, 'left_pad_source': 0, 'left_pad_target': 0, 'max_source_positions': 100, 'max_target_positions': 30, 'upsample_primary': 1, 'truncate_source': 1, 'truncate_target': 1, 'append_eos_to_target': 1, 'eval_bleu': 1, 'eval_bleu_detok': 'space', 'eval_bleu_detok_args': None, 'eval_tokenized_bleu': 0, 'eval_bleu_remove_bpe': None, 'eval_bleu_args': None, 'eval_bleu_print_samples': 0}, 'model': {'arch': 'codenn', 'init_bound': 0.35, 'encoder_embed_dim': 400, 'encoder_embed': None, 'encoder_freeze_embed': 0, 'decoder_embed_dim': 400, 'decoder_embed': None, 'decoder_freeze_embed': None, 'decoder_hidden_size': 400, 'decoder_layers': 1, 'decoder_out_embed_dim': 400, 'decoder_attention': 1, 'adaptive_softmax_cutoff': None, 'share_decoder_input_output_embed': 0, 'share_all_embeddings': 0, 'encoder_dropout': 0.5, 'decoder_dropout_in': 0.5, 'decoder_dropout_out': 0.5, 'max_source_positions': 100, 'max_target_positions': 30}, 'optimization': {'max_epoch': 0, 'max_update': 0, 'clip_norm': 5, 'update_freq': [1], 'lr': [0.5], 'min_lr': 0.001, 'use_bmuf': 1, 'force_anneal': 0, 'warmup_updates': 0, 'lr_shrink': 0.8, 'sentence_avg': 1, 'adam': {'adam_betas': '(0.9, 0.999)', 'adam_eps': 1e-08, 'weight_decay': 0.0, 'use_old_adam': 0}, 'weight_decay': 0.0, 'adam_epsilon': 1e-08, 'sgd': {'momentum': 0, 'weight_decay': 0, 'dampening': 0, 'nesterov': 0}, 'max_grad_norm': 1.0, 'num_train_epochs': 5, 'max_steps': -1, 'warmup_steps': 0, 'gradient_accumulation_steps': 1}, 'checkpoint': {'restore_file': 'checkpoint_last.pt', 'reset_dataloader': None, 'reset_lr_scheduler': None, 'reset_meters': None, 'reset_optimizer': None, 'optimizer_overrides': '{}', 'save_interval': 1, 'save_interval_updates': 0, 'keep_interval_updates': 0, 'keep_last_epochs': -1, 'keep_best_checkpoints': -1, 'no_save': 0, 'no_epoch_checkpoints': 1, 'no_last_checkpoints': 1, 'no_save_optimizer_state': None, 'best_checkpoint_metric': 'bleu', 'maximize_best_checkpoint_metric': 1, 'patience': -1, 'save_dir': '/home/wanyao/.ncc/java_hu/summarization/data-mmap/codenn/checkpoints', 'should_continue': 0, 'model_name_or_path': None, 'cache_dir': None, 'logging_steps': 500, 'save_steps': 2000, 'save_total_limit': 2, 'overwrite_output_dir': 0, 'overwrite_cache': 0}, 'eval': {'path': '/home/wanyao/.ncc/java_hu/summarization/data-mmap/codenn/checkpoints/checkpoint_best.pt', 'result_path': None, 'remove_bpe': None, 'quiet': 0, 'model_overrides': '{}', 'max_sentences': 4048, 'beam': 1, 'nbest': 1, 'max_len_a': 0, 'max_len_b': 20, 'min_len': 1, 'match_source_len': 0, 'no_early_stop': 0, 'unnormalized': 0, 'no_beamable_mm': 0, 'lenpen': 1, 'unkpen': 0, 'replace_unk': None, 'sacrebleu': 0, 'score_reference': 0, 'prefix_size': 0, 'no_repeat_ngram_size': 0, 'sampling': 0, 'sampling_topk': -1, 'sampling_topp': -1, 'temperature': 1.0, 'diverse_beam_groups': -1, 'diverse_beam_strength': 0.5, 'diversity_rate': -1.0, 'print_alignment': 0, 'print_step': 0, 'iter_decode_eos_penalty': 0.0, 'iter_decode_max_iter': 10, 'iter_decode_force_max_iter': 0, 'iter_decode_with_beam': 1, 'iter_decode_with_external_reranker': 0, 'retain_iter_history': 0, 'decoding_format': None, 'nltk_bleu': 1, 'rouge': 1}} (train.py:320, cli_main())
[2020-12-29 02:04:31]    INFO >> single GPU training... (train.py:349, cli_main())
[2020-12-29 02:04:33]    INFO >> [code_tokens] dictionary: 19680 types (summarization.py:217, setup_task())
[2020-12-29 02:04:33]    INFO >> [docstring_tokens] dictionary: 16168 types (summarization.py:218, setup_task())
[2020-12-29 02:04:33]    INFO >> truncate valid.code_tokens to 100 (summarization.py:126, load_langpair_dataset())
[2020-12-29 02:04:33]    INFO >> truncate valid.docstring_tokens to 30 (summarization.py:137, load_langpair_dataset())
[2020-12-29 02:04:33]    INFO >> loaded 8714 examples from: /home/wanyao/.ncc/java_hu/summarization/data-mmap/valid.code_tokens (summarization.py:165, load_langpair_dataset())
[2020-12-29 02:04:33]    INFO >> loaded 8714 examples from: /home/wanyao/.ncc/java_hu/summarization/data-mmap/valid.docstring_tokens (summarization.py:166, load_langpair_dataset())
[2020-12-29 02:04:34]    INFO >> CodeNNModel(
  (encoder): NBOWEncoder(
    (embed_tokens): Embedding(19680, 400, padding_idx=0)
  )
  (decoder): LSTMDecoder(
    (embed_tokens): Embedding(16168, 400, padding_idx=0)
    (layers): ModuleList(
      (0): LSTMCell(400, 400)
    )
    (W_H): Linear(in_features=400, out_features=400, bias=True)
    (W_T): Linear(in_features=400, out_features=400, bias=True)
    (fc_out): Linear(in_features=400, out_features=16168, bias=True)
  )
) (train.py:229, single_main())
[2020-12-29 02:04:34]    INFO >> model codenn, criterion CrossEntropyCriterion (train.py:230, single_main())
[2020-12-29 02:04:34]    INFO >> num. model params: 22426568 (num. trained: 22426568) (train.py:233, single_main())
[2020-12-29 02:05:07]    INFO >> training on 1 GPUs (train.py:238, single_main())
[2020-12-29 02:05:07]    INFO >> max tokens per GPU = None and max sentences per GPU = 100 (train.py:241, single_main())
[2020-12-29 02:05:07]    INFO >> no existing checkpoint found /home/wanyao/.ncc/java_hu/summarization/data-mmap/codenn/checkpoints/checkpoint_last.pt (ncc_trainer.py:267, load_checkpoint())
[2020-12-29 02:05:07]    INFO >> loading train data for epoch 1 (ncc_trainer.py:281, get_train_iterator())
[2020-12-29 02:05:07]    INFO >> truncate train.code_tokens to 100 (summarization.py:126, load_langpair_dataset())
[2020-12-29 02:05:07]    INFO >> truncate train.docstring_tokens to 30 (summarization.py:137, load_langpair_dataset())
[2020-12-29 02:05:07]    INFO >> loaded 69708 examples from: /home/wanyao/.ncc/java_hu/summarization/data-mmap/train.code_tokens (summarization.py:165, load_langpair_dataset())
[2020-12-29 02:05:07]    INFO >> loaded 69708 examples from: /home/wanyao/.ncc/java_hu/summarization/data-mmap/train.docstring_tokens (summarization.py:166, load_langpair_dataset())
[2020-12-29 02:05:07]    INFO >> NOTE: your device may support faster training with --fp16 (ncc_trainer.py:155, _build_optimizer())
[2020-12-29 02:06:00]    INFO >> epoch 001:    500 / 698 loss=155.978, nll_loss=9.947, bleu=0, ppl=987, wps=19413.4, ups=12.4, wpb=1565.2, bsz=99.8, num_updates=500, lr=0.5, gnorm=1507.96, clip=100, train_wall=42, wall=53 (progress_bar.py:262, log())
[2020-12-29 02:06:16]    INFO >> epoch 001 | loss 148.53 | nll_loss 9.47 | bleu 0 | ppl 709.15 | wps 19315.3 | ups 12.33 | wpb 1566.4 | bsz 99.9 | num_updates 698 | lr 0.5 | gnorm 1363.22 | clip 100 | train_wall 56 | wall 69 (progress_bar.py:269, print())
[2020-12-29 02:06:29]    INFO >> epoch 001 | valid on 'valid' subset | loss 121.6 | nll_loss 7.665 | bleu 10.1381 | ppl 202.89 | wps 0 | wpb 32492 | bsz 2048 | num_updates 698 (progress_bar.py:269, print())
[2020-12-29 02:06:30]    INFO >> saved checkpoint /home/wanyao/.ncc/java_hu/summarization/data-mmap/codenn/checkpoints/checkpoint_best.pt (epoch 1 @ 698 updates, score 10.138062407560652) (writing took 0.39028738625347614 seconds) (checkpoint_utils.py:81, save_checkpoint())
[2020-12-29 02:06:59]    INFO >> epoch 002:    302 / 698 loss=125.492, nll_loss=8.001, bleu=0, ppl=256.21, wps=13294.4, ups=8.48, wpb=1568.4, bsz=100, num_updates=1000, lr=0.5, gnorm=923.64, clip=100, train_wall=36, wall=112 (progress_bar.py:262, log())
[2020-12-29 02:07:31]    INFO >> epoch 002 | loss 119.677 | nll_loss 7.63 | bleu 0 | ppl 198.13 | wps 14593.7 | ups 9.32 | wpb 1566.4 | bsz 99.9 | num_updates 1396 | lr 0.5 | gnorm 831.15 | clip 100 | train_wall 51 | wall 144 (progress_bar.py:269, print())
[2020-12-29 02:07:44]    INFO >> epoch 002 | valid on 'valid' subset | loss 111.123 | nll_loss 7.004 | bleu 6.21287 | ppl 128.37 | wps 0 | wpb 32492 | bsz 2048 | num_updates 1396 | best_bleu 10.1381 (progress_bar.py:269, print())
[2020-12-29 02:07:59]    INFO >> epoch 003:    104 / 698 loss=116.703, nll_loss=7.432, bleu=0, ppl=172.72, wps=13083, ups=8.35, wpb=1567.3, bsz=99.8, num_updates=1500, lr=0.5, gnorm=791.43, clip=100, train_wall=38, wall=172 (progress_bar.py:262, log())
[2020-12-29 02:08:39]    INFO >> epoch 003:    604 / 698 loss=110.735, nll_loss=7.062, bleu=0, ppl=133.59, wps=19456.8, ups=12.43, wpb=1565.2, bsz=99.8, num_updates=2000, lr=0.5, gnorm=731.762, clip=100, train_wall=38, wall=212 (progress_bar.py:262, log())
[2020-12-29 02:08:47]    INFO >> epoch 003 | loss 110.809 | nll_loss 7.065 | bleu 0 | ppl 133.89 | wps 14428.5 | ups 9.21 | wpb 1566.4 | bsz 99.9 | num_updates 2094 | lr 0.5 | gnorm 735.455 | clip 100 | train_wall 52 | wall 220 (progress_bar.py:269, print())
[2020-12-29 02:08:57]    INFO >> epoch 003 | valid on 'valid' subset | loss 105.817 | nll_loss 6.67 | bleu 11.5408 | ppl 101.81 | wps 0 | wpb 32492 | bsz 2048 | num_updates 2094 | best_bleu 11.5408 (progress_bar.py:269, print())
[2020-12-29 02:08:58]    INFO >> saved checkpoint /home/wanyao/.ncc/java_hu/summarization/data-mmap/codenn/checkpoints/checkpoint_best.pt (epoch 3 @ 2094 updates, score 11.540770088858027) (writing took 0.4453858304768801 seconds) (checkpoint_utils.py:81, save_checkpoint())
[2020-12-29 02:09:36]    INFO >> epoch 004:    406 / 698 loss=105.988, nll_loss=6.774, bleu=0, ppl=109.47, wps=13675.6, ups=8.74, wpb=1564.5, bsz=100, num_updates=2500, lr=0.5, gnorm=696.189, clip=100, train_wall=37, wall=269 (progress_bar.py:262, log())
[2020-12-29 02:10:00]    INFO >> epoch 004 | loss 105.127 | nll_loss 6.703 | bleu 0 | ppl 104.16 | wps 14995.7 | ups 9.57 | wpb 1566.4 | bsz 99.9 | num_updates 2792 | lr 0.5 | gnorm 685.792 | clip 100 | train_wall 52 | wall 293 (progress_bar.py:269, print())
[2020-12-29 02:10:12]    INFO >> epoch 004 | valid on 'valid' subset | loss 100.403 | nll_loss 6.329 | bleu 9.76468 | ppl 80.37 | wps 0 | wpb 32492 | bsz 2048 | num_updates 2792 | best_bleu 11.5408 (progress_bar.py:269, print())
[2020-12-29 02:10:35]    INFO >> epoch 005:    208 / 698 loss=103.032, nll_loss=6.576, bleu=0, ppl=95.42, wps=13349.8, ups=8.54, wpb=1563.9, bsz=99.8, num_updates=3000, lr=0.5, gnorm=669.492, clip=100, train_wall=37, wall=328 (progress_bar.py:262, log())
[2020-12-29 02:11:15]    INFO >> epoch 005 | loss 101.051 | nll_loss 6.443 | bleu 0 | ppl 86.99 | wps 14643.2 | ups 9.35 | wpb 1566.4 | bsz 99.9 | num_updates 3490 | lr 0.5 | gnorm 656.768 | clip 100 | train_wall 52 | wall 368 (progress_bar.py:269, print())
[2020-12-29 02:11:25]    INFO >> epoch 005 | valid on 'valid' subset | loss 97.177 | nll_loss 6.125 | bleu 13.1017 | ppl 69.8 | wps 0 | wpb 32492 | bsz 2048 | num_updates 3490 | best_bleu 13.1017 (progress_bar.py:269, print())
[2020-12-29 02:11:26]    INFO >> saved checkpoint /home/wanyao/.ncc/java_hu/summarization/data-mmap/codenn/checkpoints/checkpoint_best.pt (epoch 5 @ 3490 updates, score 13.101695456139014) (writing took 0.44766369462013245 seconds) (checkpoint_utils.py:81, save_checkpoint())
[2020-12-29 02:11:32]    INFO >> epoch 006:     10 / 698 loss=101.048, nll_loss=6.42, bleu=0, ppl=85.61, wps=13666.5, ups=8.7, wpb=1571.1, bsz=99.8, num_updates=3500, lr=0.5, gnorm=656.945, clip=100, train_wall=37, wall=385 (progress_bar.py:262, log())
[2020-12-29 02:12:13]    INFO >> epoch 006:    510 / 698 loss=98.338, nll_loss=6.255, bleu=0, ppl=76.39, wps=19562.9, ups=12.47, wpb=1569.2, bsz=99.8, num_updates=4000, lr=0.5, gnorm=645.13, clip=100, train_wall=38, wall=425 (progress_bar.py:262, log())
[2020-12-29 02:12:28]    INFO >> epoch 006 | loss 97.859 | nll_loss 6.239 | bleu 0 | ppl 75.54 | wps 14928.7 | ups 9.53 | wpb 1566.4 | bsz 99.9 | num_updates 4188 | lr 0.5 | gnorm 642.03 | clip 100 | train_wall 52 | wall 441 (progress_bar.py:269, print())
[2020-12-29 02:12:39]    INFO >> epoch 006 | valid on 'valid' subset | loss 96.267 | nll_loss 6.068 | bleu 12.8515 | ppl 67.08 | wps 0 | wpb 32492 | bsz 2048 | num_updates 4188 | best_bleu 13.1017 (progress_bar.py:269, print())
[2020-12-29 02:13:10]    INFO >> epoch 007:    312 / 698 loss=95.656, nll_loss=6.128, bleu=0, ppl=69.94, wps=13473, ups=8.65, wpb=1558.1, bsz=99.8, num_updates=4500, lr=0.5, gnorm=631.726, clip=100, train_wall=37, wall=483 (progress_bar.py:262, log())
[2020-12-29 02:13:41]    INFO >> epoch 007 | loss 95.216 | nll_loss 6.071 | bleu 0 | ppl 67.22 | wps 14872.6 | ups 9.49 | wpb 1566.4 | bsz 99.9 | num_updates 4886 | lr 0.5 | gnorm 630.219 | clip 100 | train_wall 52 | wall 514 (progress_bar.py:269, print())
[2020-12-29 02:13:52]    INFO >> epoch 007 | valid on 'valid' subset | loss 93.06 | nll_loss 5.866 | bleu 13.115 | ppl 58.31 | wps 0 | wpb 32492 | bsz 2048 | num_updates 4886 | best_bleu 13.115 (progress_bar.py:269, print())
[2020-12-29 02:13:52]    INFO >> saved checkpoint /home/wanyao/.ncc/java_hu/summarization/data-mmap/codenn/checkpoints/checkpoint_best.pt (epoch 7 @ 4886 updates, score 13.114955281876428) (writing took 0.449999307282269 seconds) (checkpoint_utils.py:81, save_checkpoint())
[2020-12-29 02:14:08]    INFO >> epoch 008:    114 / 698 loss=94.789, nll_loss=6.035, bleu=0, ppl=65.59, wps=13664.4, ups=8.7, wpb=1570.6, bsz=100, num_updates=5000, lr=0.5, gnorm=628.742, clip=100, train_wall=37, wall=541 (progress_bar.py:262, log())
[2020-12-29 02:14:48]    INFO >> epoch 008:    614 / 698 loss=92.722, nll_loss=5.917, bleu=0, ppl=60.42, wps=19566, ups=12.51, wpb=1564.2, bsz=99.8, num_updates=5500, lr=0.5, gnorm=621.261, clip=100, train_wall=37, wall=581 (progress_bar.py:262, log())
[2020-12-29 02:14:55]    INFO >> epoch 008 | loss 92.969 | nll_loss 5.927 | bleu 0 | ppl 60.86 | wps 14830.4 | ups 9.47 | wpb 1566.4 | bsz 99.9 | num_updates 5584 | lr 0.5 | gnorm 621.691 | clip 100 | train_wall 52 | wall 588 (progress_bar.py:269, print())
[2020-12-29 02:15:06]    INFO >> epoch 008 | valid on 'valid' subset | loss 92.115 | nll_loss 5.806 | bleu 13.7053 | ppl 55.95 | wps 0 | wpb 32492 | bsz 2048 | num_updates 5584 | best_bleu 13.7053 (progress_bar.py:269, print())
[2020-12-29 02:15:06]    INFO >> saved checkpoint /home/wanyao/.ncc/java_hu/summarization/data-mmap/codenn/checkpoints/checkpoint_best.pt (epoch 8 @ 5584 updates, score 13.705314148532926) (writing took 0.4415593761950731 seconds) (checkpoint_utils.py:81, save_checkpoint())
[2020-12-29 02:15:45]    INFO >> epoch 009:    416 / 698 loss=91.355, nll_loss=5.828, bleu=0, ppl=56.82, wps=13564.6, ups=8.67, wpb=1564.5, bsz=99.8, num_updates=6000, lr=0.5, gnorm=614.591, clip=100, train_wall=37, wall=638 (progress_bar.py:262, log())
[2020-12-29 02:16:08]    INFO >> epoch 009 | loss 90.917 | nll_loss 5.797 | bleu 0 | ppl 55.59 | wps 15031.4 | ups 9.6 | wpb 1566.4 | bsz 99.9 | num_updates 6282 | lr 0.5 | gnorm 614.51 | clip 100 | train_wall 51 | wall 661 (progress_bar.py:269, print())
[2020-12-29 02:16:21]    INFO >> epoch 009 | valid on 'valid' subset | loss 89.33 | nll_loss 5.631 | bleu 13.2835 | ppl 49.54 | wps 0 | wpb 32492 | bsz 2048 | num_updates 6282 | best_bleu 13.7053 (progress_bar.py:269, print())
[2020-12-29 02:16:44]    INFO >> epoch 010:    218 / 698 loss=90.39, nll_loss=5.746, bleu=0, ppl=53.68, wps=13346.8, ups=8.5, wpb=1570.1, bsz=99.8, num_updates=6500, lr=0.5, gnorm=615.007, clip=100, train_wall=37, wall=697 (progress_bar.py:262, log())
[2020-12-29 02:17:23]    INFO >> epoch 010 | loss 89.183 | nll_loss 5.686 | bleu 0 | ppl 51.49 | wps 14472.8 | ups 9.24 | wpb 1566.4 | bsz 99.9 | num_updates 6980 | lr 0.5 | gnorm 613.127 | clip 100 | train_wall 52 | wall 736 (progress_bar.py:269, print())
[2020-12-29 02:17:35]    INFO >> epoch 010 | valid on 'valid' subset | loss 90.011 | nll_loss 5.673 | bleu 12.7028 | ppl 51.04 | wps 0 | wpb 32492 | bsz 2048 | num_updates 6980 | best_bleu 13.7053 (progress_bar.py:269, print())
[2020-12-29 02:17:43]    INFO >> epoch 011:     20 / 698 loss=88.969, nll_loss=5.676, bleu=0, ppl=51.11, wps=13411, ups=8.56, wpb=1567.6, bsz=100, num_updates=7000, lr=0.5, gnorm=612.46, clip=100, train_wall=37, wall=756 (progress_bar.py:262, log())
[2020-12-29 02:18:23]    INFO >> epoch 011:    520 / 698 loss=87.589, nll_loss=5.594, bleu=0, ppl=48.3, wps=19607.9, ups=12.55, wpb=1562.9, bsz=99.8, num_updates=7500, lr=0.5, gnorm=612.029, clip=100, train_wall=37, wall=796 (progress_bar.py:262, log())
[2020-12-29 02:18:38]    INFO >> epoch 011 | loss 87.622 | nll_loss 5.587 | bleu 0 | ppl 48.05 | wps 14695 | ups 9.38 | wpb 1566.4 | bsz 99.9 | num_updates 7678 | lr 0.5 | gnorm 613.677 | clip 100 | train_wall 52 | wall 811 (progress_bar.py:269, print())
[2020-12-29 02:18:50]    INFO >> epoch 011 | valid on 'valid' subset | loss 88.913 | nll_loss 5.604 | bleu 14.8973 | ppl 48.65 | wps 0 | wpb 32492 | bsz 2048 | num_updates 7678 | best_bleu 14.8973 (progress_bar.py:269, print())
[2020-12-29 02:18:50]    INFO >> saved checkpoint /home/wanyao/.ncc/java_hu/summarization/data-mmap/codenn/checkpoints/checkpoint_best.pt (epoch 11 @ 7678 updates, score 14.897318950564781) (writing took 0.44990222714841366 seconds) (checkpoint_utils.py:81, save_checkpoint())
[2020-12-29 02:19:22]    INFO >> epoch 012:    322 / 698 loss=86.604, nll_loss=5.52, bleu=0, ppl=45.88, wps=13230.8, ups=8.45, wpb=1566.1, bsz=99.8, num_updates=8000, lr=0.5, gnorm=612.94, clip=100, train_wall=37, wall=855 (progress_bar.py:262, log())
[2020-12-29 02:19:52]    INFO >> epoch 012 | loss 86.086 | nll_loss 5.489 | bleu 0 | ppl 44.9 | wps 14683.2 | ups 9.37 | wpb 1566.4 | bsz 99.9 | num_updates 8376 | lr 0.5 | gnorm 609.125 | clip 100 | train_wall 51 | wall 885 (progress_bar.py:269, print())
[2020-12-29 02:20:04]    INFO >> epoch 012 | valid on 'valid' subset | loss 87.251 | nll_loss 5.5 | bleu 14.8155 | ppl 45.24 | wps 0 | wpb 32492 | bsz 2048 | num_updates 8376 | best_bleu 14.8973 (progress_bar.py:269, print())
[2020-12-29 02:20:20]    INFO >> epoch 013:    124 / 698 loss=85.918, nll_loss=5.461, bleu=0, ppl=44.05, wps=13426.2, ups=8.53, wpb=1573.2, bsz=100, num_updates=8500, lr=0.5, gnorm=608.454, clip=100, train_wall=37, wall=913 (progress_bar.py:262, log())
[2020-12-29 02:21:00]    INFO >> epoch 013:    624 / 698 loss=84.624, nll_loss=5.407, bleu=0, ppl=42.42, wps=19792.3, ups=12.67, wpb=1562.3, bsz=99.8, num_updates=9000, lr=0.5, gnorm=608.426, clip=100, train_wall=37, wall=953 (progress_bar.py:262, log())
[2020-12-29 02:21:06]    INFO >> epoch 013 | loss 84.761 | nll_loss 5.404 | bleu 0 | ppl 42.35 | wps 14791.3 | ups 9.44 | wpb 1566.4 | bsz 99.9 | num_updates 9074 | lr 0.5 | gnorm 608.797 | clip 100 | train_wall 52 | wall 959 (progress_bar.py:269, print())
[2020-12-29 02:21:17]    INFO >> epoch 013 | valid on 'valid' subset | loss 86.722 | nll_loss 5.466 | bleu 14.3654 | ppl 44.21 | wps 0 | wpb 32492 | bsz 2048 | num_updates 9074 | best_bleu 14.8973 (progress_bar.py:269, print())
[2020-12-29 02:21:57]    INFO >> epoch 014:    426 / 698 loss=83.308, nll_loss=5.322, bleu=0, ppl=40, wps=13681.1, ups=8.76, wpb=1562.5, bsz=99.8, num_updates=9500, lr=0.5, gnorm=607.689, clip=100, train_wall=37, wall=1010 (progress_bar.py:262, log())
[2020-12-29 02:22:19]    INFO >> epoch 014 | loss 83.499 | nll_loss 5.324 | bleu 0 | ppl 40.05 | wps 14991.8 | ups 9.57 | wpb 1566.4 | bsz 99.9 | num_updates 9772 | lr 0.5 | gnorm 607.649 | clip 100 | train_wall 52 | wall 1032 (progress_bar.py:269, print())
[2020-12-29 02:22:30]    INFO >> epoch 014 | valid on 'valid' subset | loss 85.655 | nll_loss 5.399 | bleu 13.8195 | ppl 42.19 | wps 0 | wpb 32492 | bsz 2048 | num_updates 9772 | best_bleu 14.8973 (progress_bar.py:269, print())
[2020-12-29 02:22:54]    INFO >> epoch 015:    228 / 698 loss=83.448, nll_loss=5.301, bleu=0, ppl=39.43, wps=13685, ups=8.69, wpb=1574.1, bsz=100, num_updates=10000, lr=0.5, gnorm=608.34, clip=100, train_wall=37, wall=1067 (progress_bar.py:262, log())
[2020-12-29 02:23:34]    INFO >> epoch 015 | loss 82.335 | nll_loss 5.249 | bleu 0 | ppl 38.04 | wps 14627.7 | ups 9.34 | wpb 1566.4 | bsz 99.9 | num_updates 10470 | lr 0.5 | gnorm 607.21 | clip 100 | train_wall 53 | wall 1107 (progress_bar.py:269, print())
[2020-12-29 02:23:46]    INFO >> epoch 015 | valid on 'valid' subset | loss 85.58 | nll_loss 5.394 | bleu 14.5116 | ppl 42.05 | wps 0 | wpb 32492 | bsz 2048 | num_updates 10470 | best_bleu 14.8973 (progress_bar.py:269, print())
[2020-12-29 02:23:55]    INFO >> epoch 016:     30 / 698 loss=82.328, nll_loss=5.253, bleu=0, ppl=38.13, wps=12852.2, ups=8.22, wpb=1564.5, bsz=99.8, num_updates=10500, lr=0.5, gnorm=607.566, clip=100, train_wall=39, wall=1128 (progress_bar.py:262, log())
[2020-12-29 02:24:37]    INFO >> epoch 016:    530 / 698 loss=81.4, nll_loss=5.18, bleu=0, ppl=36.26, wps=18983.9, ups=12.1, wpb=1568.4, bsz=99.8, num_updates=11000, lr=0.5, gnorm=607.211, clip=100, train_wall=39, wall=1170 (progress_bar.py:262, log())
[2020-12-29 02:24:49]    INFO >> epoch 016 | loss 81.265 | nll_loss 5.181 | bleu 0 | ppl 36.28 | wps 14450.7 | ups 9.23 | wpb 1566.4 | bsz 99.9 | num_updates 11168 | lr 0.5 | gnorm 606.647 | clip 100 | train_wall 53 | wall 1182 (progress_bar.py:269, print())
[2020-12-29 02:25:00]    INFO >> epoch 016 | valid on 'valid' subset | loss 84.789 | nll_loss 5.344 | bleu 15.9597 | ppl 40.63 | wps 0 | wpb 32492 | bsz 2048 | num_updates 11168 | best_bleu 15.9597 (progress_bar.py:269, print())
[2020-12-29 02:25:00]    INFO >> saved checkpoint /home/wanyao/.ncc/java_hu/summarization/data-mmap/codenn/checkpoints/checkpoint_best.pt (epoch 16 @ 11168 updates, score 15.959702492595165) (writing took 0.46683741360902786 seconds) (checkpoint_utils.py:81, save_checkpoint())
[2020-12-29 02:25:33]    INFO >> epoch 017:    332 / 698 loss=80.321, nll_loss=5.127, bleu=0, ppl=34.93, wps=13869, ups=8.87, wpb=1563.9, bsz=99.8, num_updates=11500, lr=0.5, gnorm=606.364, clip=100, train_wall=36, wall=1226 (progress_bar.py:262, log())
[2020-12-29 02:26:01]    INFO >> epoch 017 | loss 80.221 | nll_loss 5.115 | bleu 0 | ppl 34.65 | wps 15358.6 | ups 9.81 | wpb 1566.4 | bsz 99.9 | num_updates 11866 | lr 0.5 | gnorm 608.443 | clip 100 | train_wall 50 | wall 1254 (progress_bar.py:269, print())
[2020-12-29 02:26:14]    INFO >> epoch 017 | valid on 'valid' subset | loss 84.883 | nll_loss 5.35 | bleu 13.5337 | ppl 40.79 | wps 0 | wpb 32492 | bsz 2048 | num_updates 11866 | best_bleu 15.9597 (progress_bar.py:269, print())
[2020-12-29 02:26:31]    INFO >> epoch 018:    134 / 698 loss=80.001, nll_loss=5.103, bleu=0, ppl=34.36, wps=13603.1, ups=8.68, wpb=1567.9, bsz=100, num_updates=12000, lr=0.5, gnorm=607.768, clip=100, train_wall=35, wall=1284 (progress_bar.py:262, log())
[2020-12-29 02:27:10]    INFO >> epoch 018:    634 / 698 loss=79.251, nll_loss=5.051, bleu=0, ppl=33.15, wps=19777.6, ups=12.63, wpb=1566.2, bsz=99.8, num_updates=12500, lr=0.5, gnorm=606.343, clip=100, train_wall=37, wall=1323 (progress_bar.py:262, log())
[2020-12-29 02:27:16]    INFO >> epoch 018 | loss 79.231 | nll_loss 5.052 | bleu 0 | ppl 33.16 | wps 14552.9 | ups 9.29 | wpb 1566.4 | bsz 99.9 | num_updates 12564 | lr 0.5 | gnorm 606.06 | clip 100 | train_wall 52 | wall 1329 (progress_bar.py:269, print())
[2020-12-29 02:27:28]    INFO >> epoch 018 | valid on 'valid' subset | loss 84.116 | nll_loss 5.302 | bleu 14.983 | ppl 39.45 | wps 0 | wpb 32492 | bsz 2048 | num_updates 12564 | best_bleu 15.9597 (progress_bar.py:269, print())
[2020-12-29 02:28:06]    INFO >> epoch 019:    436 / 698 loss=78.532, nll_loss=5.004, bleu=0, ppl=32.1, wps=14056.2, ups=8.97, wpb=1566.3, bsz=99.8, num_updates=13000, lr=0.5, gnorm=608.945, clip=100, train_wall=34, wall=1379 (progress_bar.py:262, log())
[2020-12-29 02:28:25]    INFO >> epoch 019 | loss 78.312 | nll_loss 4.993 | bleu 0 | ppl 31.84 | wps 15774.3 | ups 10.07 | wpb 1566.4 | bsz 99.9 | num_updates 13262 | lr 0.5 | gnorm 608.862 | clip 100 | train_wall 47 | wall 1398 (progress_bar.py:269, print())
[2020-12-29 02:28:37]    INFO >> epoch 019 | valid on 'valid' subset | loss 82.96 | nll_loss 5.229 | bleu 16.5136 | ppl 37.51 | wps 0 | wpb 32492 | bsz 2048 | num_updates 13262 | best_bleu 16.5136 (progress_bar.py:269, print())
[2020-12-29 02:28:38]    INFO >> saved checkpoint /home/wanyao/.ncc/java_hu/summarization/data-mmap/codenn/checkpoints/checkpoint_best.pt (epoch 19 @ 13262 updates, score 16.513604225786324) (writing took 0.4675895534455776 seconds) (checkpoint_utils.py:81, save_checkpoint())
[2020-12-29 02:28:57]    INFO >> epoch 020:    238 / 698 loss=77.31, nll_loss=4.948, bleu=0, ppl=30.86, wps=15342.8, ups=9.82, wpb=1562.6, bsz=100, num_updates=13500, lr=0.5, gnorm=607.712, clip=100, train_wall=30, wall=1430 (progress_bar.py:262, log())
[2020-12-29 02:29:28]    INFO >> epoch 020 | loss 77.485 | nll_loss 4.94 | bleu 0 | ppl 30.7 | wps 17429.3 | ups 11.13 | wpb 1566.4 | bsz 99.9 | num_updates 13960 | lr 0.5 | gnorm 609.322 | clip 100 | train_wall 41 | wall 1461 (progress_bar.py:269, print())
[2020-12-29 02:29:40]    INFO >> epoch 020 | valid on 'valid' subset | loss 82.763 | nll_loss 5.217 | bleu 16.1395 | ppl 37.19 | wps 0 | wpb 32492 | bsz 2048 | num_updates 13960 | best_bleu 16.5136 (progress_bar.py:269, print())
[2020-12-29 02:29:50]    INFO >> epoch 021:     40 / 698 loss=77.796, nll_loss=4.951, bleu=0, ppl=30.93, wps=14714.6, ups=9.38, wpb=1568.5, bsz=99.8, num_updates=14000, lr=0.5, gnorm=610.445, clip=100, train_wall=32, wall=1483 (progress_bar.py:262, log())
[2020-12-29 02:30:30]    INFO >> epoch 021:    540 / 698 loss=76.726, nll_loss=4.888, bleu=0, ppl=29.6, wps=19595.8, ups=12.51, wpb=1566.9, bsz=99.8, num_updates=14500, lr=0.5, gnorm=608.621, clip=100, train_wall=37, wall=1523 (progress_bar.py:262, log())
[2020-12-29 02:30:43]    INFO >> epoch 021 | loss 76.596 | nll_loss 4.884 | bleu 0 | ppl 29.52 | wps 14568.1 | ups 9.3 | wpb 1566.4 | bsz 99.9 | num_updates 14658 | lr 0.5 | gnorm 607.967 | clip 100 | train_wall 52 | wall 1536 (progress_bar.py:269, print())
[2020-12-29 02:30:55]    INFO >> epoch 021 | valid on 'valid' subset | loss 82.532 | nll_loss 5.202 | bleu 17.0384 | ppl 36.81 | wps 0 | wpb 32492 | bsz 2048 | num_updates 14658 | best_bleu 17.0384 (progress_bar.py:269, print())
[2020-12-29 02:30:55]    INFO >> saved checkpoint /home/wanyao/.ncc/java_hu/summarization/data-mmap/codenn/checkpoints/checkpoint_best.pt (epoch 21 @ 14658 updates, score 17.03839913641864) (writing took 0.4567796625196934 seconds) (checkpoint_utils.py:81, save_checkpoint())
[2020-12-29 02:31:29]    INFO >> epoch 022:    342 / 698 loss=75.975, nll_loss=4.843, bleu=0, ppl=28.69, wps=13267.7, ups=8.47, wpb=1566, bsz=99.8, num_updates=15000, lr=0.5, gnorm=608.257, clip=100, train_wall=37, wall=1582 (progress_bar.py:262, log())
[2020-12-29 02:31:58]    INFO >> epoch 022 | loss 75.818 | nll_loss 4.834 | bleu 0 | ppl 28.52 | wps 14562.7 | ups 9.3 | wpb 1566.4 | bsz 99.9 | num_updates 15356 | lr 0.5 | gnorm 609.874 | clip 100 | train_wall 52 | wall 1611 (progress_bar.py:269, print())
[2020-12-29 02:32:09]    INFO >> epoch 022 | valid on 'valid' subset | loss 81.503 | nll_loss 5.137 | bleu 16.7298 | ppl 35.19 | wps 0 | wpb 32492 | bsz 2048 | num_updates 15356 | best_bleu 17.0384 (progress_bar.py:269, print())
[2020-12-29 02:32:27]    INFO >> epoch 023:    144 / 698 loss=75.244, nll_loss=4.809, bleu=0, ppl=28.04, wps=13571.3, ups=8.67, wpb=1564.6, bsz=100, num_updates=15500, lr=0.5, gnorm=609.308, clip=100, train_wall=37, wall=1640 (progress_bar.py:262, log())
[2020-12-29 02:33:05]    INFO >> epoch 023:    644 / 698 loss=75.517, nll_loss=4.804, bleu=0, ppl=27.94, wps=20732.5, ups=13.21, wpb=1569, bsz=99.8, num_updates=16000, lr=0.5, gnorm=612.87, clip=100, train_wall=35, wall=1678 (progress_bar.py:262, log())
[2020-12-29 02:33:09]    INFO >> epoch 023 | loss 75.085 | nll_loss 4.787 | bleu 0 | ppl 27.61 | wps 15321.8 | ups 9.78 | wpb 1566.4 | bsz 99.9 | num_updates 16054 | lr 0.5 | gnorm 611.255 | clip 100 | train_wall 50 | wall 1682 (progress_bar.py:269, print())
[2020-12-29 02:33:20]    INFO >> epoch 023 | valid on 'valid' subset | loss 82.131 | nll_loss 5.177 | bleu 17.1859 | ppl 36.17 | wps 0 | wpb 32492 | bsz 2048 | num_updates 16054 | best_bleu 17.1859 (progress_bar.py:269, print())
[2020-12-29 02:33:20]    INFO >> saved checkpoint /home/wanyao/.ncc/java_hu/summarization/data-mmap/codenn/checkpoints/checkpoint_best.pt (epoch 23 @ 16054 updates, score 17.18585221856668) (writing took 0.44559802673757076 seconds) (checkpoint_utils.py:81, save_checkpoint())
[2020-12-29 02:34:01]    INFO >> epoch 024:    446 / 698 loss=73.944, nll_loss=4.726, bleu=0, ppl=26.46, wps=13965.7, ups=8.94, wpb=1561.8, bsz=99.8, num_updates=16500, lr=0.5, gnorm=610.424, clip=100, train_wall=36, wall=1734 (progress_bar.py:262, log())
[2020-12-29 02:34:20]    INFO >> epoch 024 | loss 74.312 | nll_loss 4.738 | bleu 0 | ppl 26.69 | wps 15476.6 | ups 9.88 | wpb 1566.4 | bsz 99.9 | num_updates 16752 | lr 0.5 | gnorm 611.97 | clip 100 | train_wall 49 | wall 1753 (progress_bar.py:269, print())
[2020-12-29 02:34:31]    INFO >> epoch 024 | valid on 'valid' subset | loss 81.644 | nll_loss 5.146 | bleu 16.2241 | ppl 35.41 | wps 0 | wpb 32492 | bsz 2048 | num_updates 16752 | best_bleu 17.1859 (progress_bar.py:269, print())
[2020-12-29 02:34:56]    INFO >> epoch 025:    248 / 698 loss=74.357, nll_loss=4.725, bleu=0, ppl=26.44, wps=14110.4, ups=8.97, wpb=1573.7, bsz=100, num_updates=17000, lr=0.5, gnorm=614.568, clip=100, train_wall=36, wall=1789 (progress_bar.py:262, log())
[2020-12-29 02:35:33]    INFO >> epoch 025 | loss 73.619 | nll_loss 4.694 | bleu 0 | ppl 25.88 | wps 15050.9 | ups 9.61 | wpb 1566.4 | bsz 99.9 | num_updates 17450 | lr 0.5 | gnorm 612.948 | clip 100 | train_wall 52 | wall 1826 (progress_bar.py:269, print())
[2020-12-29 02:35:43]    INFO >> epoch 025 | valid on 'valid' subset | loss 82.323 | nll_loss 5.189 | bleu 16.9529 | ppl 36.48 | wps 0 | wpb 32492 | bsz 2048 | num_updates 17450 | best_bleu 17.1859 (progress_bar.py:269, print())
[2020-12-29 02:35:54]    INFO >> epoch 026:     50 / 698 loss=73.535, nll_loss=4.7, bleu=0, ppl=25.98, wps=13603.6, ups=8.71, wpb=1561.8, bsz=99.8, num_updates=17500, lr=0.5, gnorm=611.61, clip=100, train_wall=37, wall=1847 (progress_bar.py:262, log())
[2020-12-29 02:36:32]    INFO >> epoch 026:    550 / 698 loss=72.876, nll_loss=4.642, bleu=0, ppl=24.96, wps=20570.6, ups=13.1, wpb=1570.1, bsz=100, num_updates=18000, lr=0.5, gnorm=615.591, clip=100, train_wall=36, wall=1885 (progress_bar.py:262, log())
[2020-12-29 02:36:44]    INFO >> epoch 026 | loss 72.964 | nll_loss 4.652 | bleu 0 | ppl 25.14 | wps 15413.1 | ups 9.84 | wpb 1566.4 | bsz 99.9 | num_updates 18148 | lr 0.5 | gnorm 613.45 | clip 100 | train_wall 50 | wall 1896 (progress_bar.py:269, print())
[2020-12-29 02:36:55]    INFO >> epoch 026 | valid on 'valid' subset | loss 80.474 | nll_loss 5.072 | bleu 17.6754 | ppl 33.65 | wps 0 | wpb 32492 | bsz 2048 | num_updates 18148 | best_bleu 17.6754 (progress_bar.py:269, print())
[2020-12-29 02:36:55]    INFO >> saved checkpoint /home/wanyao/.ncc/java_hu/summarization/data-mmap/codenn/checkpoints/checkpoint_best.pt (epoch 26 @ 18148 updates, score 17.67544999370503) (writing took 0.453656192868948 seconds) (checkpoint_utils.py:81, save_checkpoint())
[2020-12-29 02:37:30]    INFO >> epoch 027:    352 / 698 loss=72.214, nll_loss=4.614, bleu=0, ppl=24.49, wps=13516.1, ups=8.65, wpb=1562.3, bsz=99.8, num_updates=18500, lr=0.5, gnorm=610.215, clip=100, train_wall=37, wall=1943 (progress_bar.py:262, log())
[2020-12-29 02:37:58]    INFO >> epoch 027 | loss 72.25 | nll_loss 4.606 | bleu 0 | ppl 24.36 | wps 14729.8 | ups 9.4 | wpb 1566.4 | bsz 99.9 | num_updates 18846 | lr 0.5 | gnorm 612.552 | clip 100 | train_wall 52 | wall 1971 (progress_bar.py:269, print())
[2020-12-29 02:38:08]    INFO >> epoch 027 | valid on 'valid' subset | loss 80.482 | nll_loss 5.073 | bleu 17.8651 | ppl 33.66 | wps 0 | wpb 32492 | bsz 2048 | num_updates 18846 | best_bleu 17.8651 (progress_bar.py:269, print())
[2020-12-29 02:38:09]    INFO >> saved checkpoint /home/wanyao/.ncc/java_hu/summarization/data-mmap/codenn/checkpoints/checkpoint_best.pt (epoch 27 @ 18846 updates, score 17.86505410205042) (writing took 0.45095482654869556 seconds) (checkpoint_utils.py:81, save_checkpoint())
[2020-12-29 02:38:28]    INFO >> epoch 028:    154 / 698 loss=72.17, nll_loss=4.602, bleu=0, ppl=24.29, wps=13446.5, ups=8.61, wpb=1562.3, bsz=99.6, num_updates=19000, lr=0.5, gnorm=612.562, clip=100, train_wall=37, wall=2001 (progress_bar.py:262, log())
[2020-12-29 02:39:07]    INFO >> epoch 028:    654 / 698 loss=71.768, nll_loss=4.574, bleu=0, ppl=23.82, wps=19773.1, ups=12.6, wpb=1568.9, bsz=100, num_updates=19500, lr=0.5, gnorm=616.19, clip=100, train_wall=37, wall=2040 (progress_bar.py:262, log())
[2020-12-29 02:39:11]    INFO >> epoch 028 | loss 71.682 | nll_loss 4.57 | bleu 0 | ppl 23.76 | wps 14882 | ups 9.5 | wpb 1566.4 | bsz 99.9 | num_updates 19544 | lr 0.5 | gnorm 615.736 | clip 100 | train_wall 52 | wall 2044 (progress_bar.py:269, print())
[2020-12-29 02:39:22]    INFO >> epoch 028 | valid on 'valid' subset | loss 80.783 | nll_loss 5.092 | bleu 17.3294 | ppl 34.1 | wps 0 | wpb 32492 | bsz 2048 | num_updates 19544 | best_bleu 17.8651 (progress_bar.py:269, print())
[2020-12-29 02:40:03]    INFO >> epoch 029:    456 / 698 loss=70.878, nll_loss=4.518, bleu=0, ppl=22.92, wps=14108, ups=9.01, wpb=1565.8, bsz=99.8, num_updates=20000, lr=0.5, gnorm=615.136, clip=100, train_wall=36, wall=2096 (progress_bar.py:262, log())
[2020-12-29 02:40:22]    INFO >> epoch 029 | loss 71.054 | nll_loss 4.53 | bleu 0 | ppl 23.11 | wps 15489.8 | ups 9.89 | wpb 1566.4 | bsz 99.9 | num_updates 20242 | lr 0.5 | gnorm 616.078 | clip 100 | train_wall 50 | wall 2115 (progress_bar.py:269, print())
[2020-12-29 02:40:35]    INFO >> epoch 029 | valid on 'valid' subset | loss 80.069 | nll_loss 5.047 | bleu 17.3232 | ppl 33.06 | wps 0 | wpb 32492 | bsz 2048 | num_updates 20242 | best_bleu 17.8651 (progress_bar.py:269, print())
[2020-12-29 02:41:01]    INFO >> epoch 030:    258 / 698 loss=70.803, nll_loss=4.52, bleu=0, ppl=22.95, wps=13539, ups=8.64, wpb=1566.3, bsz=100, num_updates=20500, lr=0.5, gnorm=618.631, clip=100, train_wall=36, wall=2154 (progress_bar.py:262, log())
[2020-12-29 02:41:35]    INFO >> epoch 030 | loss 70.456 | nll_loss 4.492 | bleu 0 | ppl 22.5 | wps 15024.2 | ups 9.59 | wpb 1566.4 | bsz 99.9 | num_updates 20940 | lr 0.5 | gnorm 617.283 | clip 100 | train_wall 50 | wall 2188 (progress_bar.py:269, print())
[2020-12-29 02:41:46]    INFO >> epoch 030 | valid on 'valid' subset | loss 80.037 | nll_loss 5.045 | bleu 17.5338 | ppl 33.01 | wps 0 | wpb 32492 | bsz 2048 | num_updates 20940 | best_bleu 17.8651 (progress_bar.py:269, print())
[2020-12-29 02:41:57]    INFO >> epoch 031:     60 / 698 loss=70.688, nll_loss=4.496, bleu=0, ppl=22.57, wps=13884.9, ups=8.85, wpb=1569.2, bsz=99.8, num_updates=21000, lr=0.5, gnorm=617.279, clip=100, train_wall=36, wall=2210 (progress_bar.py:262, log())
[2020-12-29 02:42:37]    INFO >> epoch 031:    560 / 698 loss=69.905, nll_loss=4.457, bleu=0, ppl=21.97, wps=19700.7, ups=12.56, wpb=1568.3, bsz=100, num_updates=21500, lr=0.5, gnorm=619.96, clip=100, train_wall=37, wall=2250 (progress_bar.py:262, log())
[2020-12-29 02:42:48]    INFO >> epoch 031 | loss 69.889 | nll_loss 4.456 | bleu 0 | ppl 21.95 | wps 14811.4 | ups 9.46 | wpb 1566.4 | bsz 99.9 | num_updates 21638 | lr 0.5 | gnorm 617.943 | clip 100 | train_wall 52 | wall 2261 (progress_bar.py:269, print())
[2020-12-29 02:42:59]    INFO >> epoch 031 | valid on 'valid' subset | loss 79.18 | nll_loss 4.991 | bleu 17.5692 | ppl 31.8 | wps 0 | wpb 32492 | bsz 2048 | num_updates 21638 | best_bleu 17.8651 (progress_bar.py:269, print())
[2020-12-29 02:43:34]    INFO >> epoch 032:    362 / 698 loss=69.45, nll_loss=4.421, bleu=0, ppl=21.43, wps=13806.5, ups=8.82, wpb=1565, bsz=99.6, num_updates=22000, lr=0.5, gnorm=616.409, clip=100, train_wall=37, wall=2307 (progress_bar.py:262, log())
[2020-12-29 02:43:59]    INFO >> epoch 032 | loss 69.27 | nll_loss 4.416 | bleu 0 | ppl 21.35 | wps 15415 | ups 9.84 | wpb 1566.4 | bsz 99.9 | num_updates 22336 | lr 0.5 | gnorm 618.24 | clip 100 | train_wall 50 | wall 2332 (progress_bar.py:269, print())
[2020-12-29 02:44:11]    INFO >> epoch 032 | valid on 'valid' subset | loss 80.143 | nll_loss 5.051 | bleu 17.816 | ppl 33.16 | wps 0 | wpb 32492 | bsz 2048 | num_updates 22336 | best_bleu 17.8651 (progress_bar.py:269, print())
[2020-12-29 02:44:30]    INFO >> epoch 033:    164 / 698 loss=69.035, nll_loss=4.408, bleu=0, ppl=21.23, wps=13875, ups=8.86, wpb=1566.1, bsz=100, num_updates=22500, lr=0.5, gnorm=618.875, clip=100, train_wall=36, wall=2363 (progress_bar.py:262, log())
[2020-12-29 02:45:08]    INFO >> epoch 033:    664 / 698 loss=68.916, nll_loss=4.393, bleu=0, ppl=21.01, wps=20547.1, ups=13.12, wpb=1565.8, bsz=99.8, num_updates=23000, lr=0.5, gnorm=618.97, clip=100, train_wall=36, wall=2401 (progress_bar.py:262, log())
[2020-12-29 02:45:11]    INFO >> epoch 033 | loss 68.775 | nll_loss 4.385 | bleu 0 | ppl 20.89 | wps 15177.2 | ups 9.69 | wpb 1566.4 | bsz 99.9 | num_updates 23034 | lr 0.5 | gnorm 619.025 | clip 100 | train_wall 50 | wall 2404 (progress_bar.py:269, print())
[2020-12-29 02:45:23]    INFO >> epoch 033 | valid on 'valid' subset | loss 79.165 | nll_loss 4.99 | bleu 16.9127 | ppl 31.78 | wps 0 | wpb 32492 | bsz 2048 | num_updates 23034 | best_bleu 17.8651 (progress_bar.py:269, print())
[2020-12-29 02:46:06]    INFO >> epoch 034:    466 / 698 loss=68.173, nll_loss=4.344, bleu=0, ppl=20.31, wps=13561, ups=8.66, wpb=1566.4, bsz=99.8, num_updates=23500, lr=0.5, gnorm=620.125, clip=100, train_wall=37, wall=2459 (progress_bar.py:262, log())
[2020-12-29 02:46:25]    INFO >> epoch 034 | loss 68.241 | nll_loss 4.351 | bleu 0 | ppl 20.41 | wps 14925.9 | ups 9.53 | wpb 1566.4 | bsz 99.9 | num_updates 23732 | lr 0.5 | gnorm 621.497 | clip 100 | train_wall 51 | wall 2478 (progress_bar.py:269, print())
[2020-12-29 02:46:35]    INFO >> epoch 034 | valid on 'valid' subset | loss 79.862 | nll_loss 5.034 | bleu 18.3952 | ppl 32.76 | wps 0 | wpb 32492 | bsz 2048 | num_updates 23732 | best_bleu 18.3952 (progress_bar.py:269, print())
[2020-12-29 02:46:36]    INFO >> saved checkpoint /home/wanyao/.ncc/java_hu/summarization/data-mmap/codenn/checkpoints/checkpoint_best.pt (epoch 34 @ 23732 updates, score 18.395151553220337) (writing took 0.4423232050612569 seconds) (checkpoint_utils.py:81, save_checkpoint())
[2020-12-29 02:47:02]    INFO >> epoch 035:    268 / 698 loss=68.011, nll_loss=4.33, bleu=0, ppl=20.11, wps=14097.9, ups=8.99, wpb=1567.8, bsz=99.8, num_updates=24000, lr=0.5, gnorm=622.256, clip=100, train_wall=35, wall=2515 (progress_bar.py:262, log())
[2020-12-29 02:47:35]    INFO >> epoch 035 | loss 67.763 | nll_loss 4.32 | bleu 0 | ppl 19.98 | wps 15598.9 | ups 9.96 | wpb 1566.4 | bsz 99.9 | num_updates 24430 | lr 0.5 | gnorm 620.82 | clip 100 | train_wall 49 | wall 2548 (progress_bar.py:269, print())
[2020-12-29 02:47:47]    INFO >> epoch 035 | valid on 'valid' subset | loss 78.713 | nll_loss 4.961 | bleu 18.7762 | ppl 31.15 | wps 0 | wpb 32492 | bsz 2048 | num_updates 24430 | best_bleu 18.7762 (progress_bar.py:269, print())
[2020-12-29 02:47:47]    INFO >> saved checkpoint /home/wanyao/.ncc/java_hu/summarization/data-mmap/codenn/checkpoints/checkpoint_best.pt (epoch 35 @ 24430 updates, score 18.776186184693728) (writing took 0.44846881926059723 seconds) (checkpoint_utils.py:81, save_checkpoint())
[2020-12-29 02:47:59]    INFO >> epoch 036:     70 / 698 loss=67.48, nll_loss=4.315, bleu=0, ppl=19.9, wps=13606.2, ups=8.7, wpb=1563.9, bsz=100, num_updates=24500, lr=0.5, gnorm=619.827, clip=100, train_wall=36, wall=2572 (progress_bar.py:262, log())
[2020-12-29 02:48:35]    INFO >> epoch 036:    570 / 698 loss=67.348, nll_loss=4.287, bleu=0, ppl=19.52, wps=21750.8, ups=13.87, wpb=1568.2, bsz=99.8, num_updates=25000, lr=0.5, gnorm=623.463, clip=100, train_wall=34, wall=2608 (progress_bar.py:262, log())
[2020-12-29 02:48:45]    INFO >> epoch 036 | loss 67.257 | nll_loss 4.288 | bleu 0 | ppl 19.54 | wps 15529.1 | ups 9.91 | wpb 1566.4 | bsz 99.9 | num_updates 25128 | lr 0.5 | gnorm 622.87 | clip 100 | train_wall 48 | wall 2618 (progress_bar.py:269, print())
[2020-12-29 02:48:57]    INFO >> epoch 036 | valid on 'valid' subset | loss 79.763 | nll_loss 5.028 | bleu 18.3814 | ppl 32.62 | wps 0 | wpb 32492 | bsz 2048 | num_updates 25128 | best_bleu 18.7762 (progress_bar.py:269, print())
[2020-12-29 02:49:27]    INFO >> epoch 037:    372 / 698 loss=66.998, nll_loss=4.265, bleu=0, ppl=19.22, wps=15071.4, ups=9.61, wpb=1568.1, bsz=99.8, num_updates=25500, lr=0.5, gnorm=622.319, clip=100, train_wall=31, wall=2660 (progress_bar.py:262, log())
[2020-12-29 02:49:47]    INFO >> epoch 037 | loss 66.755 | nll_loss 4.256 | bleu 0 | ppl 19.11 | wps 17750.9 | ups 11.33 | wpb 1566.4 | bsz 99.9 | num_updates 25826 | lr 0.5 | gnorm 621.909 | clip 100 | train_wall 41 | wall 2680 (progress_bar.py:269, print())
[2020-12-29 02:49:59]    INFO >> epoch 037 | valid on 'valid' subset | loss 79.109 | nll_loss 4.986 | bleu 17.8524 | ppl 31.7 | wps 0 | wpb 32492 | bsz 2048 | num_updates 25826 | best_bleu 18.7762 (progress_bar.py:269, print())
[2020-12-29 02:50:19]    INFO >> epoch 038:    174 / 698 loss=66.317, nll_loss=4.245, bleu=0, ppl=18.96, wps=15156.6, ups=9.7, wpb=1562.3, bsz=100, num_updates=26000, lr=0.5, gnorm=622.67, clip=100, train_wall=30, wall=2712 (progress_bar.py:262, log())
[2020-12-29 02:50:55]    INFO >> epoch 038:    674 / 698 loss=66.577, nll_loss=4.237, bleu=0, ppl=18.86, wps=21534.6, ups=13.73, wpb=1568.3, bsz=99.8, num_updates=26500, lr=0.5, gnorm=625.02, clip=100, train_wall=34, wall=2748 (progress_bar.py:262, log())
[2020-12-29 02:50:57]    INFO >> epoch 038 | loss 66.271 | nll_loss 4.225 | bleu 0 | ppl 18.7 | wps 15457.9 | ups 9.87 | wpb 1566.4 | bsz 99.9 | num_updates 26524 | lr 0.5 | gnorm 624.573 | clip 100 | train_wall 48 | wall 2750 (progress_bar.py:269, print())
[2020-12-29 02:51:08]    INFO >> epoch 038 | valid on 'valid' subset | loss 79.607 | nll_loss 5.018 | bleu 17.3091 | ppl 32.4 | wps 0 | wpb 32492 | bsz 2048 | num_updates 26524 | best_bleu 18.7762 (progress_bar.py:269, print())
[2020-12-29 02:51:53]    INFO >> epoch 039:    476 / 698 loss=65.908, nll_loss=4.197, bleu=0, ppl=18.34, wps=13642.5, ups=8.69, wpb=1570.3, bsz=100, num_updates=27000, lr=0.5, gnorm=626.778, clip=100, train_wall=37, wall=2806 (progress_bar.py:262, log())
[2020-12-29 02:52:10]    INFO >> epoch 039 | loss 65.882 | nll_loss 4.2 | bleu 0 | ppl 18.39 | wps 15086.5 | ups 9.63 | wpb 1566.4 | bsz 99.9 | num_updates 27222 | lr 0.5 | gnorm 624.256 | clip 100 | train_wall 51 | wall 2823 (progress_bar.py:269, print())
[2020-12-29 02:52:21]    INFO >> epoch 039 | valid on 'valid' subset | loss 78.591 | nll_loss 4.954 | bleu 19.0253 | ppl 30.99 | wps 0 | wpb 32492 | bsz 2048 | num_updates 27222 | best_bleu 19.0253 (progress_bar.py:269, print())
[2020-12-29 02:52:21]    INFO >> saved checkpoint /home/wanyao/.ncc/java_hu/summarization/data-mmap/codenn/checkpoints/checkpoint_best.pt (epoch 39 @ 27222 updates, score 19.025339024574777) (writing took 0.4623935464769602 seconds) (checkpoint_utils.py:81, save_checkpoint())
[2020-12-29 02:52:50]    INFO >> epoch 040:    278 / 698 loss=65.405, nll_loss=4.175, bleu=0, ppl=18.07, wps=13643.8, ups=8.73, wpb=1563.6, bsz=99.8, num_updates=27500, lr=0.5, gnorm=622.834, clip=100, train_wall=36, wall=2863 (progress_bar.py:262, log())
[2020-12-29 02:53:25]    INFO >> epoch 040 | loss 65.374 | nll_loss 4.168 | bleu 0 | ppl 17.98 | wps 14606.4 | ups 9.32 | wpb 1566.4 | bsz 99.9 | num_updates 27920 | lr 0.5 | gnorm 625.57 | clip 100 | train_wall 53 | wall 2898 (progress_bar.py:269, print())
[2020-12-29 02:53:37]    INFO >> epoch 040 | valid on 'valid' subset | loss 79.668 | nll_loss 5.022 | bleu 18.4339 | ppl 32.48 | wps 0 | wpb 32492 | bsz 2048 | num_updates 27920 | best_bleu 19.0253 (progress_bar.py:269, print())
[2020-12-29 02:53:51]    INFO >> epoch 041:     80 / 698 loss=65.375, nll_loss=4.165, bleu=0, ppl=17.94, wps=12952.2, ups=8.27, wpb=1566.7, bsz=99.8, num_updates=28000, lr=0.5, gnorm=625.894, clip=100, train_wall=38, wall=2923 (progress_bar.py:262, log())
[2020-12-29 02:54:29]    INFO >> epoch 041:    580 / 698 loss=64.785, nll_loss=4.139, bleu=0, ppl=17.62, wps=20158.7, ups=12.9, wpb=1562.3, bsz=99.8, num_updates=28500, lr=0.5, gnorm=625.562, clip=100, train_wall=36, wall=2962 (progress_bar.py:262, log())
[2020-12-29 02:54:39]    INFO >> epoch 041 | loss 64.992 | nll_loss 4.144 | bleu 0 | ppl 17.68 | wps 14816.3 | ups 9.46 | wpb 1566.4 | bsz 99.9 | num_updates 28618 | lr 0.5 | gnorm 627.601 | clip 100 | train_wall 51 | wall 2972 (progress_bar.py:269, print())
[2020-12-29 02:54:51]    INFO >> epoch 041 | valid on 'valid' subset | loss 78.744 | nll_loss 4.963 | bleu 19.0026 | ppl 31.2 | wps 0 | wpb 32492 | bsz 2048 | num_updates 28618 | best_bleu 19.0253 (progress_bar.py:269, print())
[2020-12-29 02:55:27]    INFO >> epoch 042:    382 / 698 loss=64.841, nll_loss=4.126, bleu=0, ppl=17.46, wps=13660.4, ups=8.69, wpb=1571.4, bsz=100, num_updates=29000, lr=0.5, gnorm=630.502, clip=100, train_wall=36, wall=3020 (progress_bar.py:262, log())
[2020-12-29 02:55:51]    INFO >> epoch 042 | loss 64.591 | nll_loss 4.118 | bleu 0 | ppl 17.37 | wps 15001 | ups 9.58 | wpb 1566.4 | bsz 99.9 | num_updates 29316 | lr 0.5 | gnorm 628.132 | clip 100 | train_wall 50 | wall 3044 (progress_bar.py:269, print())
[2020-12-29 02:56:03]    INFO >> epoch 042 | valid on 'valid' subset | loss 79 | nll_loss 4.979 | bleu 17.698 | ppl 31.55 | wps 0 | wpb 32492 | bsz 2048 | num_updates 29316 | best_bleu 19.0253 (progress_bar.py:269, print())
[2020-12-29 02:56:24]    INFO >> epoch 043:    184 / 698 loss=64.46, nll_loss=4.109, bleu=0, ppl=17.26, wps=13580.6, ups=8.67, wpb=1565.7, bsz=99.8, num_updates=29500, lr=0.5, gnorm=627.692, clip=100, train_wall=37, wall=3077 (progress_bar.py:262, log())
[2020-12-29 02:57:04]    INFO >> epoch 043:    684 / 698 loss=64.388, nll_loss=4.107, bleu=0, ppl=17.23, wps=19588.1, ups=12.52, wpb=1564.8, bsz=99.8, num_updates=30000, lr=0.5, gnorm=629.133, clip=100, train_wall=37, wall=3117 (progress_bar.py:262, log())
[2020-12-29 02:57:06]    INFO >> epoch 043 | loss 64.185 | nll_loss 4.092 | bleu 0 | ppl 17.06 | wps 14688.7 | ups 9.38 | wpb 1566.4 | bsz 99.9 | num_updates 30014 | lr 0.5 | gnorm 628.938 | clip 100 | train_wall 53 | wall 3119 (progress_bar.py:269, print())
[2020-12-29 02:57:17]    INFO >> epoch 043 | valid on 'valid' subset | loss 79.851 | nll_loss 5.033 | bleu 17.2197 | ppl 32.74 | wps 0 | wpb 32492 | bsz 2048 | num_updates 30014 | best_bleu 19.0253 (progress_bar.py:269, print())
[2020-12-29 02:58:02]    INFO >> epoch 044:    486 / 698 loss=63.562, nll_loss=4.052, bleu=0, ppl=16.59, wps=13615, ups=8.68, wpb=1568.6, bsz=100, num_updates=30500, lr=0.5, gnorm=631.471, clip=100, train_wall=37, wall=3175 (progress_bar.py:262, log())
[2020-12-29 02:58:19]    INFO >> epoch 044 | loss 63.774 | nll_loss 4.066 | bleu 0 | ppl 16.75 | wps 14878.2 | ups 9.5 | wpb 1566.4 | bsz 99.9 | num_updates 30712 | lr 0.5 | gnorm 630.346 | clip 100 | train_wall 52 | wall 3192 (progress_bar.py:269, print())
[2020-12-29 02:58:30]    INFO >> epoch 044 | valid on 'valid' subset | loss 78.272 | nll_loss 4.934 | bleu 19.1582 | ppl 30.56 | wps 0 | wpb 32492 | bsz 2048 | num_updates 30712 | best_bleu 19.1582 (progress_bar.py:269, print())
[2020-12-29 02:58:31]    INFO >> saved checkpoint /home/wanyao/.ncc/java_hu/summarization/data-mmap/codenn/checkpoints/checkpoint_best.pt (epoch 44 @ 30712 updates, score 19.158230087482142) (writing took 0.442965735681355 seconds) (checkpoint_utils.py:81, save_checkpoint())
[2020-12-29 02:59:00]    INFO >> epoch 045:    288 / 698 loss=63.472, nll_loss=4.051, bleu=0, ppl=16.58, wps=13391.7, ups=8.56, wpb=1563.9, bsz=99.8, num_updates=31000, lr=0.5, gnorm=628.222, clip=100, train_wall=37, wall=3233 (progress_bar.py:262, log())
[2020-12-29 02:59:33]    INFO >> epoch 045 | loss 63.336 | nll_loss 4.038 | bleu 0 | ppl 16.43 | wps 14773.2 | ups 9.43 | wpb 1566.4 | bsz 99.9 | num_updates 31410 | lr 0.5 | gnorm 628.891 | clip 100 | train_wall 52 | wall 3266 (progress_bar.py:269, print())
[2020-12-29 02:59:46]    INFO >> epoch 045 | valid on 'valid' subset | loss 78.74 | nll_loss 4.963 | bleu 18.9028 | ppl 31.19 | wps 0 | wpb 32492 | bsz 2048 | num_updates 31410 | best_bleu 19.1582 (progress_bar.py:269, print())
[2020-12-29 02:59:59]    INFO >> epoch 046:     90 / 698 loss=63.324, nll_loss=4.034, bleu=0, ppl=16.38, wps=13435.3, ups=8.57, wpb=1566.9, bsz=99.8, num_updates=31500, lr=0.5, gnorm=629.454, clip=100, train_wall=37, wall=3292 (progress_bar.py:262, log())
[2020-12-29 03:00:37]    INFO >> epoch 046:    590 / 698 loss=63, nll_loss=4.023, bleu=0, ppl=16.25, wps=20321.2, ups=13, wpb=1563.2, bsz=99.8, num_updates=32000, lr=0.5, gnorm=630.335, clip=100, train_wall=36, wall=3330 (progress_bar.py:262, log())
[2020-12-29 03:00:47]    INFO >> epoch 046 | loss 63.025 | nll_loss 4.018 | bleu 0 | ppl 16.2 | wps 14901.9 | ups 9.51 | wpb 1566.4 | bsz 99.9 | num_updates 32108 | lr 0.5 | gnorm 630.815 | clip 100 | train_wall 51 | wall 3340 (progress_bar.py:269, print())
[2020-12-29 03:00:59]    INFO >> epoch 046 | valid on 'valid' subset | loss 78.711 | nll_loss 4.961 | bleu 19.4926 | ppl 31.15 | wps 0 | wpb 32492 | bsz 2048 | num_updates 32108 | best_bleu 19.4926 (progress_bar.py:269, print())
[2020-12-29 03:01:00]    INFO >> saved checkpoint /home/wanyao/.ncc/java_hu/summarization/data-mmap/codenn/checkpoints/checkpoint_best.pt (epoch 46 @ 32108 updates, score 19.492586382383344) (writing took 0.44140070863068104 seconds) (checkpoint_utils.py:81, save_checkpoint())
[2020-12-29 03:01:37]    INFO >> epoch 047:    392 / 698 loss=62.741, nll_loss=3.992, bleu=0, ppl=15.91, wps=13211, ups=8.4, wpb=1571.8, bsz=100, num_updates=32500, lr=0.5, gnorm=632.001, clip=100, train_wall=37, wall=3390 (progress_bar.py:262, log())
[2020-12-29 03:02:01]    INFO >> epoch 047 | loss 62.619 | nll_loss 3.992 | bleu 0 | ppl 15.92 | wps 14800.9 | ups 9.45 | wpb 1566.4 | bsz 99.9 | num_updates 32806 | lr 0.5 | gnorm 630.685 | clip 100 | train_wall 51 | wall 3414 (progress_bar.py:269, print())
[2020-12-29 03:02:12]    INFO >> epoch 047 | valid on 'valid' subset | loss 78.834 | nll_loss 4.969 | bleu 18.6352 | ppl 31.32 | wps 0 | wpb 32492 | bsz 2048 | num_updates 32806 | best_bleu 19.4926 (progress_bar.py:269, print())
[2020-12-29 03:02:34]    INFO >> epoch 048:    194 / 698 loss=62.515, nll_loss=3.991, bleu=0, ppl=15.9, wps=13691.4, ups=8.76, wpb=1563.5, bsz=99.8, num_updates=33000, lr=0.5, gnorm=631.702, clip=100, train_wall=37, wall=3447 (progress_bar.py:262, log())
[2020-12-29 03:03:12]    INFO >> epoch 048:    694 / 698 loss=62.433, nll_loss=3.98, bleu=0, ppl=15.78, wps=20406.7, ups=13.03, wpb=1565.6, bsz=99.8, num_updates=33500, lr=0.5, gnorm=632.931, clip=100, train_wall=36, wall=3485 (progress_bar.py:262, log())
[2020-12-29 03:03:13]    INFO >> epoch 048 | loss 62.321 | nll_loss 3.973 | bleu 0 | ppl 15.71 | wps 15133.6 | ups 9.66 | wpb 1566.4 | bsz 99.9 | num_updates 33504 | lr 0.5 | gnorm 634.086 | clip 100 | train_wall 51 | wall 3486 (progress_bar.py:269, print())
[2020-12-29 03:03:25]    INFO >> epoch 048 | valid on 'valid' subset | loss 77.974 | nll_loss 4.915 | bleu 18.8542 | ppl 30.16 | wps 0 | wpb 32492 | bsz 2048 | num_updates 33504 | best_bleu 19.4926 (progress_bar.py:269, print())
[2020-12-29 03:04:11]    INFO >> epoch 049:    496 / 698 loss=61.953, nll_loss=3.945, bleu=0, ppl=15.4, wps=13306.2, ups=8.49, wpb=1567.6, bsz=99.8, num_updates=34000, lr=0.5, gnorm=634.105, clip=100, train_wall=38, wall=3544 (progress_bar.py:262, log())
[2020-12-29 03:04:27]    INFO >> epoch 049 | loss 61.893 | nll_loss 3.946 | bleu 0 | ppl 15.41 | wps 14713.2 | ups 9.39 | wpb 1566.4 | bsz 99.9 | num_updates 34202 | lr 0.5 | gnorm 633.413 | clip 100 | train_wall 52 | wall 3560 (progress_bar.py:269, print())
[2020-12-29 03:04:38]    INFO >> epoch 049 | valid on 'valid' subset | loss 78.449 | nll_loss 4.945 | bleu 19.1098 | ppl 30.8 | wps 0 | wpb 32492 | bsz 2048 | num_updates 34202 | best_bleu 19.4926 (progress_bar.py:269, print())
[2020-12-29 03:05:08]    INFO >> epoch 050:    298 / 698 loss=61.366, nll_loss=3.923, bleu=0, ppl=15.17, wps=13623.2, ups=8.73, wpb=1561.3, bsz=99.8, num_updates=34500, lr=0.5, gnorm=631.599, clip=100, train_wall=37, wall=3601 (progress_bar.py:262, log())
[2020-12-29 03:05:41]    INFO >> epoch 050 | loss 61.582 | nll_loss 3.926 | bleu 0 | ppl 15.2 | wps 14911.1 | ups 9.52 | wpb 1566.4 | bsz 99.9 | num_updates 34900 | lr 0.5 | gnorm 634.727 | clip 100 | train_wall 52 | wall 3633 (progress_bar.py:269, print())
[2020-12-29 03:05:53]    INFO >> epoch 050 | valid on 'valid' subset | loss 78.002 | nll_loss 4.917 | bleu 19.1241 | ppl 30.2 | wps 0 | wpb 32492 | bsz 2048 | num_updates 34900 | best_bleu 19.4926 (progress_bar.py:269, print())
[2020-12-29 03:06:08]    INFO >> epoch 051:    100 / 698 loss=61.765, nll_loss=3.932, bleu=0, ppl=15.26, wps=13248, ups=8.43, wpb=1571, bsz=100, num_updates=35000, lr=0.5, gnorm=636.071, clip=100, train_wall=37, wall=3661 (progress_bar.py:262, log())
[2020-12-29 03:06:47]    INFO >> epoch 051:    600 / 698 loss=61.147, nll_loss=3.9, bleu=0, ppl=14.92, wps=19986.5, ups=12.77, wpb=1565.2, bsz=99.8, num_updates=35500, lr=0.5, gnorm=635.292, clip=100, train_wall=37, wall=3700 (progress_bar.py:262, log())
[2020-12-29 03:06:55]    INFO >> epoch 051 | loss 61.246 | nll_loss 3.905 | bleu 0 | ppl 14.98 | wps 14711.4 | ups 9.39 | wpb 1566.4 | bsz 99.9 | num_updates 35598 | lr 0.5 | gnorm 635.192 | clip 100 | train_wall 51 | wall 3708 (progress_bar.py:269, print())
[2020-12-29 03:07:06]    INFO >> epoch 051 | valid on 'valid' subset | loss 78.052 | nll_loss 4.92 | bleu 20.152 | ppl 30.27 | wps 0 | wpb 32492 | bsz 2048 | num_updates 35598 | best_bleu 20.152 (progress_bar.py:269, print())
[2020-12-29 03:07:06]    INFO >> saved checkpoint /home/wanyao/.ncc/java_hu/summarization/data-mmap/codenn/checkpoints/checkpoint_best.pt (epoch 51 @ 35598 updates, score 20.152027454140576) (writing took 0.46200493909418583 seconds) (checkpoint_utils.py:81, save_checkpoint())
[2020-12-29 03:07:43]    INFO >> epoch 052:    402 / 698 loss=60.759, nll_loss=3.878, bleu=0, ppl=14.71, wps=13857.9, ups=8.86, wpb=1563.8, bsz=99.8, num_updates=36000, lr=0.5, gnorm=634.114, clip=100, train_wall=36, wall=3756 (progress_bar.py:262, log())
[2020-12-29 03:08:06]    INFO >> epoch 052 | loss 60.911 | nll_loss 3.884 | bleu 0 | ppl 14.76 | wps 15331.9 | ups 9.79 | wpb 1566.4 | bsz 99.9 | num_updates 36296 | lr 0.5 | gnorm 635.406 | clip 100 | train_wall 50 | wall 3779 (progress_bar.py:269, print())
[2020-12-29 03:08:18]    INFO >> epoch 052 | valid on 'valid' subset | loss 78.664 | nll_loss 4.958 | bleu 18.9421 | ppl 31.09 | wps 0 | wpb 32492 | bsz 2048 | num_updates 36296 | best_bleu 20.152 (progress_bar.py:269, print())
[2020-12-29 03:08:41]    INFO >> epoch 053:    204 / 698 loss=60.943, nll_loss=3.877, bleu=0, ppl=14.7, wps=13651, ups=8.69, wpb=1571.7, bsz=100, num_updates=36500, lr=0.5, gnorm=638.205, clip=100, train_wall=36, wall=3814 (progress_bar.py:262, log())
[2020-12-29 03:09:21]    INFO >> epoch 053 | loss 60.574 | nll_loss 3.862 | bleu 0 | ppl 14.54 | wps 14698.1 | ups 9.38 | wpb 1566.4 | bsz 99.9 | num_updates 36994 | lr 0.5 | gnorm 636.14 | clip 100 | train_wall 52 | wall 3853 (progress_bar.py:269, print())
[2020-12-29 03:09:33]    INFO >> epoch 053 | valid on 'valid' subset | loss 78.949 | nll_loss 4.976 | bleu 19.2647 | ppl 31.48 | wps 0 | wpb 32492 | bsz 2048 | num_updates 36994 | best_bleu 20.152 (progress_bar.py:269, print())
[2020-12-29 03:09:39]    INFO >> epoch 054:      6 / 698 loss=60.789, nll_loss=3.878, bleu=0, ppl=14.7, wps=13348.9, ups=8.53, wpb=1564.8, bsz=99.8, num_updates=37000, lr=0.5, gnorm=635.718, clip=100, train_wall=37, wall=3872 (progress_bar.py:262, log())
[2020-12-29 03:10:20]    INFO >> epoch 054:    506 / 698 loss=60.048, nll_loss=3.827, bleu=0, ppl=14.19, wps=19474.2, ups=12.41, wpb=1569, bsz=100, num_updates=37500, lr=0.5, gnorm=637.295, clip=100, train_wall=38, wall=3913 (progress_bar.py:262, log())
[2020-12-29 03:10:35]    INFO >> epoch 054 | loss 60.241 | nll_loss 3.841 | bleu 0 | ppl 14.33 | wps 14705.5 | ups 9.39 | wpb 1566.4 | bsz 99.9 | num_updates 37692 | lr 0.5 | gnorm 637.539 | clip 100 | train_wall 52 | wall 3928 (progress_bar.py:269, print())
[2020-12-29 03:10:46]    INFO >> epoch 054 | valid on 'valid' subset | loss 78.407 | nll_loss 4.942 | bleu 19.2191 | ppl 30.74 | wps 0 | wpb 32492 | bsz 2048 | num_updates 37692 | best_bleu 20.152 (progress_bar.py:269, print())
[2020-12-29 03:11:17]    INFO >> epoch 055:    308 / 698 loss=59.939, nll_loss=3.822, bleu=0, ppl=14.14, wps=13657.4, ups=8.74, wpb=1562.6, bsz=99.6, num_updates=38000, lr=0.5, gnorm=636.658, clip=100, train_wall=37, wall=3970 (progress_bar.py:262, log())
[2020-12-29 03:11:48]    INFO >> epoch 055 | loss 59.936 | nll_loss 3.821 | bleu 0 | ppl 14.14 | wps 14903.9 | ups 9.51 | wpb 1566.4 | bsz 99.9 | num_updates 38390 | lr 0.5 | gnorm 636.698 | clip 100 | train_wall 52 | wall 4001 (progress_bar.py:269, print())
[2020-12-29 03:12:01]    INFO >> epoch 055 | valid on 'valid' subset | loss 77.838 | nll_loss 4.906 | bleu 18.8912 | ppl 29.99 | wps 0 | wpb 32492 | bsz 2048 | num_updates 38390 | best_bleu 20.152 (progress_bar.py:269, print())
[2020-12-29 03:12:16]    INFO >> epoch 056:    110 / 698 loss=60.189, nll_loss=3.835, bleu=0, ppl=14.28, wps=13290, ups=8.47, wpb=1569.3, bsz=100, num_updates=38500, lr=0.5, gnorm=638.342, clip=100, train_wall=37, wall=4029 (progress_bar.py:262, log())
[2020-12-29 03:12:56]    INFO >> epoch 056:    610 / 698 loss=59.42, nll_loss=3.795, bleu=0, ppl=13.88, wps=19568.9, ups=12.5, wpb=1565.6, bsz=100, num_updates=39000, lr=0.5, gnorm=639.893, clip=100, train_wall=37, wall=4069 (progress_bar.py:262, log())
[2020-12-29 03:13:03]    INFO >> epoch 056 | loss 59.619 | nll_loss 3.801 | bleu 0 | ppl 13.94 | wps 14603.4 | ups 9.32 | wpb 1566.4 | bsz 99.9 | num_updates 39088 | lr 0.5 | gnorm 639.243 | clip 100 | train_wall 52 | wall 4076 (progress_bar.py:269, print())
[2020-12-29 03:13:14]    INFO >> epoch 056 | valid on 'valid' subset | loss 79.15 | nll_loss 4.989 | bleu 20.3108 | ppl 31.75 | wps 0 | wpb 32492 | bsz 2048 | num_updates 39088 | best_bleu 20.3108 (progress_bar.py:269, print())
[2020-12-29 03:13:14]    INFO >> saved checkpoint /home/wanyao/.ncc/java_hu/summarization/data-mmap/codenn/checkpoints/checkpoint_best.pt (epoch 56 @ 39088 updates, score 20.31083314877666) (writing took 0.4426647927612066 seconds) (checkpoint_utils.py:81, save_checkpoint())
[2020-12-29 03:13:53]    INFO >> epoch 057:    412 / 698 loss=59.61, nll_loss=3.791, bleu=0, ppl=13.84, wps=13740.6, ups=8.77, wpb=1566.5, bsz=99.6, num_updates=39500, lr=0.5, gnorm=639.886, clip=100, train_wall=37, wall=4126 (progress_bar.py:262, log())
[2020-12-29 03:14:16]    INFO >> epoch 057 | loss 59.347 | nll_loss 3.784 | bleu 0 | ppl 13.77 | wps 14985.3 | ups 9.57 | wpb 1566.4 | bsz 99.9 | num_updates 39786 | lr 0.5 | gnorm 640.81 | clip 100 | train_wall 52 | wall 4149 (progress_bar.py:269, print())
[2020-12-29 03:14:27]    INFO >> epoch 057 | valid on 'valid' subset | loss 78.36 | nll_loss 4.939 | bleu 20.4204 | ppl 30.68 | wps 0 | wpb 32492 | bsz 2048 | num_updates 39786 | best_bleu 20.4204 (progress_bar.py:269, print())
[2020-12-29 03:14:27]    INFO >> saved checkpoint /home/wanyao/.ncc/java_hu/summarization/data-mmap/codenn/checkpoints/checkpoint_best.pt (epoch 57 @ 39786 updates, score 20.420432903435863) (writing took 0.4783259751275182 seconds) (checkpoint_utils.py:81, save_checkpoint())
[2020-12-29 03:14:51]    INFO >> epoch 058:    214 / 698 loss=59.006, nll_loss=3.764, bleu=0, ppl=13.58, wps=13586.9, ups=8.67, wpb=1567.8, bsz=100, num_updates=40000, lr=0.5, gnorm=640.623, clip=100, train_wall=37, wall=4184 (progress_bar.py:262, log())
[2020-12-29 03:15:29]    INFO >> epoch 058 | loss 59.042 | nll_loss 3.764 | bleu 0 | ppl 13.59 | wps 14962 | ups 9.55 | wpb 1566.4 | bsz 99.9 | num_updates 40484 | lr 0.5 | gnorm 639.715 | clip 100 | train_wall 52 | wall 4222 (progress_bar.py:269, print())
[2020-12-29 03:15:40]    INFO >> epoch 058 | valid on 'valid' subset | loss 79.082 | nll_loss 4.985 | bleu 20.3176 | ppl 31.66 | wps 0 | wpb 32492 | bsz 2048 | num_updates 40484 | best_bleu 20.4204 (progress_bar.py:269, print())
[2020-12-29 03:15:48]    INFO >> epoch 059:     16 / 698 loss=59.153, nll_loss=3.779, bleu=0, ppl=13.73, wps=13668.1, ups=8.75, wpb=1562.5, bsz=99.8, num_updates=40500, lr=0.5, gnorm=638.791, clip=100, train_wall=37, wall=4241 (progress_bar.py:262, log())
[2020-12-29 03:16:27]    INFO >> epoch 059:    516 / 698 loss=58.582, nll_loss=3.732, bleu=0, ppl=13.29, wps=20241, ups=12.92, wpb=1566.9, bsz=99.8, num_updates=41000, lr=0.5, gnorm=641.414, clip=100, train_wall=36, wall=4279 (progress_bar.py:262, log())
[2020-12-29 03:16:41]    INFO >> epoch 059 | loss 58.747 | nll_loss 3.746 | bleu 0 | ppl 13.41 | wps 15202.3 | ups 9.71 | wpb 1566.4 | bsz 99.9 | num_updates 41182 | lr 0.5 | gnorm 641.093 | clip 100 | train_wall 51 | wall 4294 (progress_bar.py:269, print())
[2020-12-29 03:16:53]    INFO >> epoch 059 | valid on 'valid' subset | loss 77.741 | nll_loss 4.9 | bleu 19.9932 | ppl 29.86 | wps 0 | wpb 32492 | bsz 2048 | num_updates 41182 | best_bleu 20.4204 (progress_bar.py:269, print())
[2020-12-29 03:17:25]    INFO >> epoch 060:    318 / 698 loss=58.393, nll_loss=3.73, bleu=0, ppl=13.27, wps=13361.3, ups=8.55, wpb=1562.5, bsz=99.8, num_updates=41500, lr=0.5, gnorm=639.193, clip=100, train_wall=37, wall=4338 (progress_bar.py:262, log())
[2020-12-29 03:17:56]    INFO >> epoch 060 | loss 58.506 | nll_loss 3.73 | bleu 0 | ppl 13.27 | wps 14689.6 | ups 9.38 | wpb 1566.4 | bsz 99.9 | num_updates 41880 | lr 0.5 | gnorm 640.775 | clip 100 | train_wall 52 | wall 4368 (progress_bar.py:269, print())
[2020-12-29 03:18:06]    INFO >> epoch 060 | valid on 'valid' subset | loss 78.408 | nll_loss 4.942 | bleu 20.2334 | ppl 30.74 | wps 0 | wpb 32492 | bsz 2048 | num_updates 41880 | best_bleu 20.4204 (progress_bar.py:269, print())
[2020-12-29 03:18:22]    INFO >> epoch 061:    120 / 698 loss=58.517, nll_loss=3.731, bleu=0, ppl=13.27, wps=13649, ups=8.7, wpb=1568.6, bsz=100, num_updates=42000, lr=0.5, gnorm=642.145, clip=100, train_wall=37, wall=4395 (progress_bar.py:262, log())
[2020-12-29 03:19:03]    INFO >> epoch 061:    620 / 698 loss=58.278, nll_loss=3.716, bleu=0, ppl=13.14, wps=19101.3, ups=12.2, wpb=1565.5, bsz=99.8, num_updates=42500, lr=0.5, gnorm=643.466, clip=100, train_wall=38, wall=4436 (progress_bar.py:262, log())
[2020-12-29 03:19:10]    INFO >> epoch 061 | loss 58.207 | nll_loss 3.711 | bleu 0 | ppl 13.1 | wps 14630.6 | ups 9.34 | wpb 1566.4 | bsz 99.9 | num_updates 42578 | lr 0.5 | gnorm 643.897 | clip 100 | train_wall 53 | wall 4443 (progress_bar.py:269, print())
[2020-12-29 03:19:23]    INFO >> epoch 061 | valid on 'valid' subset | loss 78.312 | nll_loss 4.936 | bleu 19.5397 | ppl 30.61 | wps 0 | wpb 32492 | bsz 2048 | num_updates 42578 | best_bleu 20.4204 (progress_bar.py:269, print())
[2020-12-29 03:19:23]    INFO >> done training in 4453.2 seconds (train.py:298, single_main())
