nohup: ignoring input
Using backend: pytorch
Some weights of RobertaModel were not initialized from the model checkpoint at microsoft/graphcodebert-base and are newly initialized: ['roberta.pooler.dense.weight', 'roberta.pooler.dense.bias']
You should probably TRAIN this model on a down-stream task to be able to use it for predictions and inference.
[2021-11-05 10:35:31]    INFO >> No /mnt/wanyao/ncc_data/avatar/translation/top1/graphcodebert/data-mmap/java-python/last_checkpoint.pt to initialize model (train.py:88, <module>())
[2021-11-05 10:35:31]    INFO >> Start training epoch   1/100, best bleu4: 0.00 (train.py:90, <module>())
/home/wanyao/anaconda3/envs/py37-1.7/lib/python3.7/site-packages/torch/optim/lr_scheduler.py:134: UserWarning: Detected call of `lr_scheduler.step()` before `optimizer.step()`. In PyTorch 1.1.0 and later, you should call them in the opposite order: `optimizer.step()` before `lr_scheduler.step()`.  Failure to do this will result in PyTorch skipping the first value of the learning rate schedule. See more details at https://pytorch.org/docs/stable/optim.html#how-to-adjust-learning-rate
  "https://pytorch.org/docs/stable/optim.html#how-to-adjust-learning-rate", UserWarning)
[2021-11-05 10:37:41]    INFO >> Epoch   1/100, Batch 500/1490, train loss: 1572.9956 (train.py:127, train())
[2021-11-05 10:41:02]    INFO >> Epoch   1/100, Batch 1000/1490, train loss: 1197.7937 (train.py:127, train())
Using backend: pytorch
Using backend: pytorch
Using backend: pytorch
[2021-11-05 10:44:50]    INFO >> Epoch   1/100, train loss: 1030.3606 (train.py:136, <module>())
Using backend: pytorch
Using backend: pytorch
Using backend: pytorch
[2021-11-05 10:50:03]    INFO >> update /mnt/wanyao/ncc_data/avatar/translation/top1/graphcodebert/data-mmap/java-python/best_checkpoint.pt (train.py:215, <module>())
[2021-11-05 10:50:03]    INFO >> Epoch   1/100, valid loss: 0.0000, valid bleu4: 10.11, best bleu4: 10.11 (train.py:217, <module>())
[2021-11-05 10:50:07]    INFO >> update /mnt/wanyao/ncc_data/avatar/translation/top1/graphcodebert/data-mmap/java-python/last_checkpoint.pt (train.py:222, <module>())
[2021-11-05 10:54:47]    INFO >> Epoch   2/100, Batch 500/1490, train loss: 593.2686 (train.py:127, train())
[2021-11-05 10:58:20]    INFO >> Epoch   2/100, Batch 1000/1490, train loss: 575.5380 (train.py:127, train())
Using backend: pytorch
Using backend: pytorch
Using backend: pytorch
[2021-11-05 11:02:08]    INFO >> Epoch   2/100, train loss: 562.5620 (train.py:136, <module>())
Using backend: pytorch
Using backend: pytorch
Using backend: pytorch
[2021-11-05 11:07:17]    INFO >> Epoch   2/100, valid loss: 0.0000, valid bleu4: 9.34, best bleu4: 10.11 (train.py:217, <module>())
[2021-11-05 11:07:25]    INFO >> update /mnt/wanyao/ncc_data/avatar/translation/top1/graphcodebert/data-mmap/java-python/last_checkpoint.pt (train.py:222, <module>())
[2021-11-05 11:12:05]    INFO >> Epoch   3/100, Batch 500/1490, train loss: 481.6449 (train.py:127, train())
[2021-11-05 11:15:30]    INFO >> Epoch   3/100, Batch 1000/1490, train loss: 473.1300 (train.py:127, train())
Using backend: pytorch
Using backend: pytorch
Using backend: pytorch
[2021-11-05 11:19:16]    INFO >> Epoch   3/100, train loss: 460.9355 (train.py:136, <module>())
Using backend: pytorch
Using backend: pytorch
Using backend: pytorch
[2021-11-05 11:24:34]    INFO >> update /mnt/wanyao/ncc_data/avatar/translation/top1/graphcodebert/data-mmap/java-python/best_checkpoint.pt (train.py:215, <module>())
[2021-11-05 11:24:34]    INFO >> Epoch   3/100, valid loss: 0.0000, valid bleu4: 13.82, best bleu4: 13.82 (train.py:217, <module>())
[2021-11-05 11:24:42]    INFO >> update /mnt/wanyao/ncc_data/avatar/translation/top1/graphcodebert/data-mmap/java-python/last_checkpoint.pt (train.py:222, <module>())
[2021-11-05 11:29:22]    INFO >> Epoch   4/100, Batch 500/1490, train loss: 395.5133 (train.py:127, train())
[2021-11-05 11:32:45]    INFO >> Epoch   4/100, Batch 1000/1490, train loss: 388.5499 (train.py:127, train())
Using backend: pytorch
Using backend: pytorch
Using backend: pytorch
[2021-11-05 11:36:32]    INFO >> Epoch   4/100, train loss: 380.5486 (train.py:136, <module>())
Using backend: pytorch
Using backend: pytorch
Using backend: pytorch
[2021-11-05 11:41:49]    INFO >> update /mnt/wanyao/ncc_data/avatar/translation/top1/graphcodebert/data-mmap/java-python/best_checkpoint.pt (train.py:215, <module>())
[2021-11-05 11:41:49]    INFO >> Epoch   4/100, valid loss: 0.0000, valid bleu4: 15.75, best bleu4: 15.75 (train.py:217, <module>())
[2021-11-05 11:41:57]    INFO >> update /mnt/wanyao/ncc_data/avatar/translation/top1/graphcodebert/data-mmap/java-python/last_checkpoint.pt (train.py:222, <module>())
[2021-11-05 11:46:38]    INFO >> Epoch   5/100, Batch 500/1490, train loss: 334.7828 (train.py:127, train())
[2021-11-05 11:50:02]    INFO >> Epoch   5/100, Batch 1000/1490, train loss: 329.1936 (train.py:127, train())
Using backend: pytorch
Using backend: pytorch
Using backend: pytorch
[2021-11-05 11:53:48]    INFO >> Epoch   5/100, train loss: 320.6649 (train.py:136, <module>())
[2021-11-05 11:53:52]    INFO >> save /mnt/wanyao/ncc_data/avatar/translation/top1/graphcodebert/data-mmap/java-python/5.pt (train.py:207, <module>())
Using backend: pytorch
Using backend: pytorch
Using backend: pytorch
[2021-11-05 11:59:09]    INFO >> update /mnt/wanyao/ncc_data/avatar/translation/top1/graphcodebert/data-mmap/java-python/best_checkpoint.pt (train.py:215, <module>())
[2021-11-05 11:59:09]    INFO >> Epoch   5/100, valid loss: 0.0000, valid bleu4: 19.80, best bleu4: 19.80 (train.py:217, <module>())
[2021-11-05 11:59:17]    INFO >> update /mnt/wanyao/ncc_data/avatar/translation/top1/graphcodebert/data-mmap/java-python/last_checkpoint.pt (train.py:222, <module>())
[2021-11-05 12:03:58]    INFO >> Epoch   6/100, Batch 500/1490, train loss: 279.1000 (train.py:127, train())
[2021-11-05 12:07:21]    INFO >> Epoch   6/100, Batch 1000/1490, train loss: 273.3272 (train.py:127, train())
Using backend: pytorch
Using backend: pytorch
Using backend: pytorch
[2021-11-05 12:11:08]    INFO >> Epoch   6/100, train loss: 267.1579 (train.py:136, <module>())
Using backend: pytorch
Using backend: pytorch
Using backend: pytorch
[2021-11-05 12:16:25]    INFO >> update /mnt/wanyao/ncc_data/avatar/translation/top1/graphcodebert/data-mmap/java-python/best_checkpoint.pt (train.py:215, <module>())
[2021-11-05 12:16:25]    INFO >> Epoch   6/100, valid loss: 0.0000, valid bleu4: 25.10, best bleu4: 25.10 (train.py:217, <module>())
[2021-11-05 12:16:33]    INFO >> update /mnt/wanyao/ncc_data/avatar/translation/top1/graphcodebert/data-mmap/java-python/last_checkpoint.pt (train.py:222, <module>())
[2021-11-05 12:21:13]    INFO >> Epoch   7/100, Batch 500/1490, train loss: 226.7325 (train.py:127, train())
[2021-11-05 12:24:37]    INFO >> Epoch   7/100, Batch 1000/1490, train loss: 224.2134 (train.py:127, train())
Using backend: pytorch
Using backend: pytorch
Using backend: pytorch
[2021-11-05 12:28:24]    INFO >> Epoch   7/100, train loss: 222.7614 (train.py:136, <module>())
Using backend: pytorch
Using backend: pytorch
Using backend: pytorch
[2021-11-05 12:33:41]    INFO >> update /mnt/wanyao/ncc_data/avatar/translation/top1/graphcodebert/data-mmap/java-python/best_checkpoint.pt (train.py:215, <module>())
[2021-11-05 12:33:41]    INFO >> Epoch   7/100, valid loss: 0.0000, valid bleu4: 32.14, best bleu4: 32.14 (train.py:217, <module>())
[2021-11-05 12:33:49]    INFO >> update /mnt/wanyao/ncc_data/avatar/translation/top1/graphcodebert/data-mmap/java-python/last_checkpoint.pt (train.py:222, <module>())
[2021-11-05 12:38:29]    INFO >> Epoch   8/100, Batch 500/1490, train loss: 188.4752 (train.py:127, train())
[2021-11-05 12:41:57]    INFO >> Epoch   8/100, Batch 1000/1490, train loss: 193.2768 (train.py:127, train())
Using backend: pytorch
Using backend: pytorch
Using backend: pytorch
[2021-11-05 12:45:45]    INFO >> Epoch   8/100, train loss: 191.0292 (train.py:136, <module>())
Using backend: pytorch
Using backend: pytorch
Using backend: pytorch
[2021-11-05 12:51:02]    INFO >> update /mnt/wanyao/ncc_data/avatar/translation/top1/graphcodebert/data-mmap/java-python/best_checkpoint.pt (train.py:215, <module>())
[2021-11-05 12:51:02]    INFO >> Epoch   8/100, valid loss: 0.0000, valid bleu4: 34.78, best bleu4: 34.78 (train.py:217, <module>())
[2021-11-05 12:51:10]    INFO >> update /mnt/wanyao/ncc_data/avatar/translation/top1/graphcodebert/data-mmap/java-python/last_checkpoint.pt (train.py:222, <module>())
[2021-11-05 12:55:49]    INFO >> Epoch   9/100, Batch 500/1490, train loss: 166.8257 (train.py:127, train())
[2021-11-05 12:59:21]    INFO >> Epoch   9/100, Batch 1000/1490, train loss: 165.8547 (train.py:127, train())
Using backend: pytorch
Using backend: pytorch
Using backend: pytorch
[2021-11-05 13:03:08]    INFO >> Epoch   9/100, train loss: 168.0285 (train.py:136, <module>())
Using backend: pytorch
Using backend: pytorch
Using backend: pytorch
[2021-11-05 13:08:25]    INFO >> update /mnt/wanyao/ncc_data/avatar/translation/top1/graphcodebert/data-mmap/java-python/best_checkpoint.pt (train.py:215, <module>())
[2021-11-05 13:08:25]    INFO >> Epoch   9/100, valid loss: 0.0000, valid bleu4: 35.78, best bleu4: 35.78 (train.py:217, <module>())
[2021-11-05 13:08:33]    INFO >> update /mnt/wanyao/ncc_data/avatar/translation/top1/graphcodebert/data-mmap/java-python/last_checkpoint.pt (train.py:222, <module>())
[2021-11-05 13:13:13]    INFO >> Epoch  10/100, Batch 500/1490, train loss: 151.7089 (train.py:127, train())
[2021-11-05 13:16:37]    INFO >> Epoch  10/100, Batch 1000/1490, train loss: 149.5190 (train.py:127, train())
Using backend: pytorch
Using backend: pytorch
Using backend: pytorch
[2021-11-05 13:20:23]    INFO >> Epoch  10/100, train loss: 151.0544 (train.py:136, <module>())
[2021-11-05 13:20:27]    INFO >> save /mnt/wanyao/ncc_data/avatar/translation/top1/graphcodebert/data-mmap/java-python/10.pt (train.py:207, <module>())
Using backend: pytorch
Using backend: pytorch
Using backend: pytorch
[2021-11-05 13:25:45]    INFO >> update /mnt/wanyao/ncc_data/avatar/translation/top1/graphcodebert/data-mmap/java-python/best_checkpoint.pt (train.py:215, <module>())
[2021-11-05 13:25:45]    INFO >> Epoch  10/100, valid loss: 0.0000, valid bleu4: 35.99, best bleu4: 35.99 (train.py:217, <module>())
[2021-11-05 13:25:54]    INFO >> update /mnt/wanyao/ncc_data/avatar/translation/top1/graphcodebert/data-mmap/java-python/last_checkpoint.pt (train.py:222, <module>())
[2021-11-05 13:30:45]    INFO >> Epoch  11/100, Batch 500/1490, train loss: 138.7299 (train.py:127, train())
[2021-11-05 13:34:10]    INFO >> Epoch  11/100, Batch 1000/1490, train loss: 138.2147 (train.py:127, train())
Using backend: pytorch
Using backend: pytorch
Using backend: pytorch
[2021-11-05 13:37:59]    INFO >> Epoch  11/100, train loss: 136.8283 (train.py:136, <module>())
Using backend: pytorch
Using backend: pytorch
Using backend: pytorch
[2021-11-05 13:43:18]    INFO >> update /mnt/wanyao/ncc_data/avatar/translation/top1/graphcodebert/data-mmap/java-python/best_checkpoint.pt (train.py:215, <module>())
[2021-11-05 13:43:18]    INFO >> Epoch  11/100, valid loss: 0.0000, valid bleu4: 37.71, best bleu4: 37.71 (train.py:217, <module>())
[2021-11-05 13:43:28]    INFO >> update /mnt/wanyao/ncc_data/avatar/translation/top1/graphcodebert/data-mmap/java-python/last_checkpoint.pt (train.py:222, <module>())
[2021-11-05 13:48:19]    INFO >> Epoch  12/100, Batch 500/1490, train loss: 120.9616 (train.py:127, train())
[2021-11-05 13:51:47]    INFO >> Epoch  12/100, Batch 1000/1490, train loss: 121.9657 (train.py:127, train())
Using backend: pytorch
Using backend: pytorch
Using backend: pytorch
[2021-11-05 13:55:39]    INFO >> Epoch  12/100, train loss: 122.8062 (train.py:136, <module>())
Using backend: pytorch
Using backend: pytorch
Using backend: pytorch
[2021-11-05 14:00:53]    INFO >> Epoch  12/100, valid loss: 0.0000, valid bleu4: 37.10, best bleu4: 37.71 (train.py:217, <module>())
[2021-11-05 14:01:00]    INFO >> update /mnt/wanyao/ncc_data/avatar/translation/top1/graphcodebert/data-mmap/java-python/last_checkpoint.pt (train.py:222, <module>())
[2021-11-05 14:05:40]    INFO >> Epoch  13/100, Batch 500/1490, train loss: 111.8169 (train.py:127, train())
[2021-11-05 14:09:03]    INFO >> Epoch  13/100, Batch 1000/1490, train loss: 112.3625 (train.py:127, train())
Using backend: pytorch
Using backend: pytorch
Using backend: pytorch
[2021-11-05 14:12:50]    INFO >> Epoch  13/100, train loss: 111.2301 (train.py:136, <module>())
Using backend: pytorch
Using backend: pytorch
Using backend: pytorch
[2021-11-05 14:18:07]    INFO >> update /mnt/wanyao/ncc_data/avatar/translation/top1/graphcodebert/data-mmap/java-python/best_checkpoint.pt (train.py:215, <module>())
[2021-11-05 14:18:07]    INFO >> Epoch  13/100, valid loss: 0.0000, valid bleu4: 39.74, best bleu4: 39.74 (train.py:217, <module>())
[2021-11-05 14:18:15]    INFO >> update /mnt/wanyao/ncc_data/avatar/translation/top1/graphcodebert/data-mmap/java-python/last_checkpoint.pt (train.py:222, <module>())
[2021-11-05 14:22:56]    INFO >> Epoch  14/100, Batch 500/1490, train loss: 97.6586 (train.py:127, train())
[2021-11-05 14:26:19]    INFO >> Epoch  14/100, Batch 1000/1490, train loss: 102.0778 (train.py:127, train())
Using backend: pytorch
Using backend: pytorch
Using backend: pytorch
[2021-11-05 14:30:05]    INFO >> Epoch  14/100, train loss: 101.2941 (train.py:136, <module>())
Using backend: pytorch
Using backend: pytorch
Using backend: pytorch
[2021-11-05 14:35:22]    INFO >> update /mnt/wanyao/ncc_data/avatar/translation/top1/graphcodebert/data-mmap/java-python/best_checkpoint.pt (train.py:215, <module>())
[2021-11-05 14:35:22]    INFO >> Epoch  14/100, valid loss: 0.0000, valid bleu4: 40.18, best bleu4: 40.18 (train.py:217, <module>())
[2021-11-05 14:35:30]    INFO >> update /mnt/wanyao/ncc_data/avatar/translation/top1/graphcodebert/data-mmap/java-python/last_checkpoint.pt (train.py:222, <module>())
[2021-11-05 14:40:11]    INFO >> Epoch  15/100, Batch 500/1490, train loss: 92.5239 (train.py:127, train())
[2021-11-05 14:43:35]    INFO >> Epoch  15/100, Batch 1000/1490, train loss: 94.5799 (train.py:127, train())
Using backend: pytorch
Using backend: pytorch
Using backend: pytorch
[2021-11-05 14:47:23]    INFO >> Epoch  15/100, train loss: 94.3265 (train.py:136, <module>())
[2021-11-05 14:47:28]    INFO >> save /mnt/wanyao/ncc_data/avatar/translation/top1/graphcodebert/data-mmap/java-python/15.pt (train.py:207, <module>())
Using backend: pytorch
Using backend: pytorch
Using backend: pytorch
[2021-11-05 14:52:37]    INFO >> Epoch  15/100, valid loss: 0.0000, valid bleu4: 39.66, best bleu4: 40.18 (train.py:217, <module>())
[2021-11-05 14:52:45]    INFO >> update /mnt/wanyao/ncc_data/avatar/translation/top1/graphcodebert/data-mmap/java-python/last_checkpoint.pt (train.py:222, <module>())
[2021-11-05 14:57:22]    INFO >> Epoch  16/100, Batch 500/1490, train loss: 87.1193 (train.py:127, train())
[2021-11-05 15:00:56]    INFO >> Epoch  16/100, Batch 1000/1490, train loss: 85.0979 (train.py:127, train())
Using backend: pytorch
Using backend: pytorch
Using backend: pytorch
[2021-11-05 15:04:44]    INFO >> Epoch  16/100, train loss: 85.2988 (train.py:136, <module>())
Using backend: pytorch
Using backend: pytorch
Using backend: pytorch
[2021-11-05 15:09:53]    INFO >> Epoch  16/100, valid loss: 0.0000, valid bleu4: 38.61, best bleu4: 40.18 (train.py:217, <module>())
[2021-11-05 15:10:02]    INFO >> update /mnt/wanyao/ncc_data/avatar/translation/top1/graphcodebert/data-mmap/java-python/last_checkpoint.pt (train.py:222, <module>())
[2021-11-05 15:14:38]    INFO >> Epoch  17/100, Batch 500/1490, train loss: 74.2173 (train.py:127, train())
[2021-11-05 15:18:13]    INFO >> Epoch  17/100, Batch 1000/1490, train loss: 76.9628 (train.py:127, train())
Using backend: pytorch
Using backend: pytorch
Using backend: pytorch
[2021-11-05 15:22:01]    INFO >> Epoch  17/100, train loss: 79.0260 (train.py:136, <module>())
Using backend: pytorch
Using backend: pytorch
Using backend: pytorch
[2021-11-05 15:27:10]    INFO >> Epoch  17/100, valid loss: 0.0000, valid bleu4: 40.15, best bleu4: 40.18 (train.py:217, <module>())
[2021-11-05 15:27:18]    INFO >> update /mnt/wanyao/ncc_data/avatar/translation/top1/graphcodebert/data-mmap/java-python/last_checkpoint.pt (train.py:222, <module>())
[2021-11-05 15:31:54]    INFO >> Epoch  18/100, Batch 500/1490, train loss: 70.2200 (train.py:127, train())
[2021-11-05 15:35:20]    INFO >> Epoch  18/100, Batch 1000/1490, train loss: 72.9770 (train.py:127, train())
Using backend: pytorch
Using backend: pytorch
Using backend: pytorch
[2021-11-05 15:39:08]    INFO >> Epoch  18/100, train loss: 72.9458 (train.py:136, <module>())
Using backend: pytorch
Using backend: pytorch
Using backend: pytorch
[2021-11-05 15:44:18]    INFO >> Epoch  18/100, valid loss: 0.0000, valid bleu4: 38.75, best bleu4: 40.18 (train.py:217, <module>())
[2021-11-05 15:44:26]    INFO >> update /mnt/wanyao/ncc_data/avatar/translation/top1/graphcodebert/data-mmap/java-python/last_checkpoint.pt (train.py:222, <module>())
[2021-11-05 15:48:56]    INFO >> Epoch  19/100, Batch 500/1490, train loss: 67.1947 (train.py:127, train())
[2021-11-05 15:52:33]    INFO >> Epoch  19/100, Batch 1000/1490, train loss: 67.2281 (train.py:127, train())
Using backend: pytorch
Using backend: pytorch
Using backend: pytorch
[2021-11-05 15:56:21]    INFO >> Epoch  19/100, train loss: 66.7010 (train.py:136, <module>())
Using backend: pytorch
Using backend: pytorch
Using backend: pytorch
[2021-11-05 16:01:38]    INFO >> update /mnt/wanyao/ncc_data/avatar/translation/top1/graphcodebert/data-mmap/java-python/best_checkpoint.pt (train.py:215, <module>())
[2021-11-05 16:01:38]    INFO >> Epoch  19/100, valid loss: 0.0000, valid bleu4: 40.41, best bleu4: 40.41 (train.py:217, <module>())
[2021-11-05 16:01:46]    INFO >> update /mnt/wanyao/ncc_data/avatar/translation/top1/graphcodebert/data-mmap/java-python/last_checkpoint.pt (train.py:222, <module>())
[2021-11-05 16:06:22]    INFO >> Epoch  20/100, Batch 500/1490, train loss: 60.1061 (train.py:127, train())
[2021-11-05 16:09:57]    INFO >> Epoch  20/100, Batch 1000/1490, train loss: 61.4760 (train.py:127, train())
Using backend: pytorch
Using backend: pytorch
Using backend: pytorch
[2021-11-05 16:13:45]    INFO >> Epoch  20/100, train loss: 61.1040 (train.py:136, <module>())
[2021-11-05 16:13:49]    INFO >> save /mnt/wanyao/ncc_data/avatar/translation/top1/graphcodebert/data-mmap/java-python/20.pt (train.py:207, <module>())
Using backend: pytorch
Using backend: pytorch
Using backend: pytorch
[2021-11-05 16:18:58]    INFO >> Epoch  20/100, valid loss: 0.0000, valid bleu4: 40.36, best bleu4: 40.41 (train.py:217, <module>())
[2021-11-05 16:19:07]    INFO >> update /mnt/wanyao/ncc_data/avatar/translation/top1/graphcodebert/data-mmap/java-python/last_checkpoint.pt (train.py:222, <module>())
[2021-11-05 16:23:40]    INFO >> Epoch  21/100, Batch 500/1490, train loss: 55.6067 (train.py:127, train())
[2021-11-05 16:27:16]    INFO >> Epoch  21/100, Batch 1000/1490, train loss: 55.4970 (train.py:127, train())
Using backend: pytorch
Using backend: pytorch
Using backend: pytorch
[2021-11-05 16:31:03]    INFO >> Epoch  21/100, train loss: 56.3569 (train.py:136, <module>())
Using backend: pytorch
Using backend: pytorch
Using backend: pytorch
[2021-11-05 16:36:20]    INFO >> update /mnt/wanyao/ncc_data/avatar/translation/top1/graphcodebert/data-mmap/java-python/best_checkpoint.pt (train.py:215, <module>())
[2021-11-05 16:36:20]    INFO >> Epoch  21/100, valid loss: 0.0000, valid bleu4: 41.78, best bleu4: 41.78 (train.py:217, <module>())
[2021-11-05 16:36:29]    INFO >> update /mnt/wanyao/ncc_data/avatar/translation/top1/graphcodebert/data-mmap/java-python/last_checkpoint.pt (train.py:222, <module>())
[2021-11-05 16:41:09]    INFO >> Epoch  22/100, Batch 500/1490, train loss: 51.1273 (train.py:127, train())
[2021-11-05 16:44:42]    INFO >> Epoch  22/100, Batch 1000/1490, train loss: 51.5794 (train.py:127, train())
Using backend: pytorch
Using backend: pytorch
Using backend: pytorch
[2021-11-05 16:48:30]    INFO >> Epoch  22/100, train loss: 52.3629 (train.py:136, <module>())
Using backend: pytorch
Using backend: pytorch
Using backend: pytorch
[2021-11-05 16:53:40]    INFO >> Epoch  22/100, valid loss: 0.0000, valid bleu4: 40.39, best bleu4: 41.78 (train.py:217, <module>())
[2021-11-05 16:53:48]    INFO >> update /mnt/wanyao/ncc_data/avatar/translation/top1/graphcodebert/data-mmap/java-python/last_checkpoint.pt (train.py:222, <module>())
[2021-11-05 16:58:27]    INFO >> Epoch  23/100, Batch 500/1490, train loss: 47.4192 (train.py:127, train())
[2021-11-05 17:02:02]    INFO >> Epoch  23/100, Batch 1000/1490, train loss: 47.0997 (train.py:127, train())
Using backend: pytorch
Using backend: pytorch
Using backend: pytorch
[2021-11-05 17:05:50]    INFO >> Epoch  23/100, train loss: 47.5045 (train.py:136, <module>())
Using backend: pytorch
Using backend: pytorch
Using backend: pytorch
[2021-11-05 17:10:58]    INFO >> Epoch  23/100, valid loss: 0.0000, valid bleu4: 41.31, best bleu4: 41.78 (train.py:217, <module>())
[2021-11-05 17:11:07]    INFO >> update /mnt/wanyao/ncc_data/avatar/translation/top1/graphcodebert/data-mmap/java-python/last_checkpoint.pt (train.py:222, <module>())
[2021-11-05 17:15:45]    INFO >> Epoch  24/100, Batch 500/1490, train loss: 40.7352 (train.py:127, train())
[2021-11-05 17:19:20]    INFO >> Epoch  24/100, Batch 1000/1490, train loss: 42.5121 (train.py:127, train())
Using backend: pytorch
Using backend: pytorch
Using backend: pytorch
[2021-11-05 17:23:07]    INFO >> Epoch  24/100, train loss: 43.1745 (train.py:136, <module>())
Using backend: pytorch
Using backend: pytorch
Using backend: pytorch
[2021-11-05 17:28:17]    INFO >> Epoch  24/100, valid loss: 0.0000, valid bleu4: 40.86, best bleu4: 41.78 (train.py:217, <module>())
[2021-11-05 17:28:24]    INFO >> update /mnt/wanyao/ncc_data/avatar/translation/top1/graphcodebert/data-mmap/java-python/last_checkpoint.pt (train.py:222, <module>())
[2021-11-05 17:33:01]    INFO >> Epoch  25/100, Batch 500/1490, train loss: 38.6846 (train.py:127, train())
[2021-11-05 17:36:36]    INFO >> Epoch  25/100, Batch 1000/1490, train loss: 39.4498 (train.py:127, train())
Using backend: pytorch
Using backend: pytorch
Using backend: pytorch
[2021-11-05 17:40:24]    INFO >> Epoch  25/100, train loss: 39.7628 (train.py:136, <module>())
[2021-11-05 17:40:28]    INFO >> save /mnt/wanyao/ncc_data/avatar/translation/top1/graphcodebert/data-mmap/java-python/25.pt (train.py:207, <module>())
Using backend: pytorch
Using backend: pytorch
Using backend: pytorch
[2021-11-05 17:45:37]    INFO >> Epoch  25/100, valid loss: 0.0000, valid bleu4: 40.25, best bleu4: 41.78 (train.py:217, <module>())
[2021-11-05 17:45:50]    INFO >> update /mnt/wanyao/ncc_data/avatar/translation/top1/graphcodebert/data-mmap/java-python/last_checkpoint.pt (train.py:222, <module>())
[2021-11-05 17:50:30]    INFO >> Epoch  26/100, Batch 500/1490, train loss: 35.6205 (train.py:127, train())
[2021-11-05 17:54:03]    INFO >> Epoch  26/100, Batch 1000/1490, train loss: 35.6631 (train.py:127, train())
Using backend: pytorch
Using backend: pytorch
Using backend: pytorch
[2021-11-05 17:57:52]    INFO >> Epoch  26/100, train loss: 36.6526 (train.py:136, <module>())
Using backend: pytorch
Using backend: pytorch
Using backend: pytorch
[2021-11-05 18:03:01]    INFO >> Epoch  26/100, valid loss: 0.0000, valid bleu4: 40.94, best bleu4: 41.78 (train.py:217, <module>())
[2021-11-05 18:03:09]    INFO >> update /mnt/wanyao/ncc_data/avatar/translation/top1/graphcodebert/data-mmap/java-python/last_checkpoint.pt (train.py:222, <module>())
[2021-11-05 18:07:51]    INFO >> Epoch  27/100, Batch 500/1490, train loss: 32.4074 (train.py:127, train())
[2021-11-05 18:11:24]    INFO >> Epoch  27/100, Batch 1000/1490, train loss: 33.2615 (train.py:127, train())
Using backend: pytorch
Using backend: pytorch
Using backend: pytorch
[2021-11-05 18:15:12]    INFO >> Epoch  27/100, train loss: 33.1603 (train.py:136, <module>())
Using backend: pytorch
Using backend: pytorch
Using backend: pytorch
[2021-11-05 18:20:21]    INFO >> Epoch  27/100, valid loss: 0.0000, valid bleu4: 40.96, best bleu4: 41.78 (train.py:217, <module>())
[2021-11-05 18:20:29]    INFO >> update /mnt/wanyao/ncc_data/avatar/translation/top1/graphcodebert/data-mmap/java-python/last_checkpoint.pt (train.py:222, <module>())
[2021-11-05 18:25:09]    INFO >> Epoch  28/100, Batch 500/1490, train loss: 29.4898 (train.py:127, train())
[2021-11-05 18:28:33]    INFO >> Epoch  28/100, Batch 1000/1490, train loss: 29.5739 (train.py:127, train())
Using backend: pytorch
Using backend: pytorch
Using backend: pytorch
[2021-11-05 18:32:21]    INFO >> Epoch  28/100, train loss: 31.2205 (train.py:136, <module>())
Using backend: pytorch
Using backend: pytorch
Using backend: pytorch
[2021-11-05 18:37:31]    INFO >> Epoch  28/100, valid loss: 0.0000, valid bleu4: 40.13, best bleu4: 41.78 (train.py:217, <module>())
[2021-11-05 18:37:38]    INFO >> update /mnt/wanyao/ncc_data/avatar/translation/top1/graphcodebert/data-mmap/java-python/last_checkpoint.pt (train.py:222, <module>())
[2021-11-05 18:42:06]    INFO >> Epoch  29/100, Batch 500/1490, train loss: 28.5868 (train.py:127, train())
[2021-11-05 18:45:44]    INFO >> Epoch  29/100, Batch 1000/1490, train loss: 28.6390 (train.py:127, train())
Using backend: pytorch
Using backend: pytorch
Using backend: pytorch
[2021-11-05 18:49:31]    INFO >> Epoch  29/100, train loss: 28.1962 (train.py:136, <module>())
Using backend: pytorch
Using backend: pytorch
Using backend: pytorch
[2021-11-05 18:54:41]    INFO >> Epoch  29/100, valid loss: 0.0000, valid bleu4: 40.58, best bleu4: 41.78 (train.py:217, <module>())
[2021-11-05 18:54:49]    INFO >> update /mnt/wanyao/ncc_data/avatar/translation/top1/graphcodebert/data-mmap/java-python/last_checkpoint.pt (train.py:222, <module>())
[2021-11-05 18:59:18]    INFO >> Epoch  30/100, Batch 500/1490, train loss: 26.0253 (train.py:127, train())
[2021-11-05 19:02:55]    INFO >> Epoch  30/100, Batch 1000/1490, train loss: 25.2234 (train.py:127, train())
Using backend: pytorch
Using backend: pytorch
Using backend: pytorch
[2021-11-05 19:06:43]    INFO >> Epoch  30/100, train loss: 25.2877 (train.py:136, <module>())
[2021-11-05 19:06:48]    INFO >> save /mnt/wanyao/ncc_data/avatar/translation/top1/graphcodebert/data-mmap/java-python/30.pt (train.py:207, <module>())
Using backend: pytorch
Using backend: pytorch
Using backend: pytorch
[2021-11-05 19:11:58]    INFO >> Epoch  30/100, valid loss: 0.0000, valid bleu4: 40.12, best bleu4: 41.78 (train.py:217, <module>())
[2021-11-05 19:12:06]    INFO >> update /mnt/wanyao/ncc_data/avatar/translation/top1/graphcodebert/data-mmap/java-python/last_checkpoint.pt (train.py:222, <module>())
[2021-11-05 19:16:29]    INFO >> Epoch  31/100, Batch 500/1490, train loss: 23.0510 (train.py:127, train())
[2021-11-05 19:20:06]    INFO >> Epoch  31/100, Batch 1000/1490, train loss: 22.8446 (train.py:127, train())
Using backend: pytorch
Using backend: pytorch
Using backend: pytorch
[2021-11-05 19:23:53]    INFO >> Epoch  31/100, train loss: 23.7571 (train.py:136, <module>())
Using backend: pytorch
Using backend: pytorch
Using backend: pytorch
[2021-11-05 19:29:03]    INFO >> Epoch  31/100, valid loss: 0.0000, valid bleu4: 40.92, best bleu4: 41.78 (train.py:217, <module>())
[2021-11-05 19:29:10]    INFO >> update /mnt/wanyao/ncc_data/avatar/translation/top1/graphcodebert/data-mmap/java-python/last_checkpoint.pt (train.py:222, <module>())
[2021-11-05 19:29:10]    INFO >> early stop because of no improvement in 10 epochs (train.py:224, <module>())
