nohup: ignoring input
Using backend: pytorch
Some weights of RobertaModel were not initialized from the model checkpoint at microsoft/graphcodebert-base and are newly initialized: ['roberta.pooler.dense.weight', 'roberta.pooler.dense.bias']
You should probably TRAIN this model on a down-stream task to be able to use it for predictions and inference.
[2021-11-05 10:37:53]    INFO >> No /mnt/wanyao/ncc_data/avatar/translation/top1/graphcodebert/data-mmap/python-java/last_checkpoint.pt to initialize model (train.py:88, <module>())
[2021-11-05 10:37:53]    INFO >> Start training epoch   1/100, best bleu4: 0.00 (train.py:90, <module>())
/home/wanyao/anaconda3/envs/py37-1.7/lib/python3.7/site-packages/torch/optim/lr_scheduler.py:134: UserWarning: Detected call of `lr_scheduler.step()` before `optimizer.step()`. In PyTorch 1.1.0 and later, you should call them in the opposite order: `optimizer.step()` before `lr_scheduler.step()`.  Failure to do this will result in PyTorch skipping the first value of the learning rate schedule. See more details at https://pytorch.org/docs/stable/optim.html#how-to-adjust-learning-rate
  "https://pytorch.org/docs/stable/optim.html#how-to-adjust-learning-rate", UserWarning)
[2021-11-05 10:42:04]    INFO >> Epoch   1/100, Batch 500/1490, train loss: 1629.0744 (train.py:127, train())
[2021-11-05 10:45:56]    INFO >> Epoch   1/100, Batch 1000/1490, train loss: 1319.0288 (train.py:127, train())
Using backend: pytorch
Using backend: pytorch
Using backend: pytorch
[2021-11-05 10:50:08]    INFO >> Epoch   1/100, train loss: 1151.5459 (train.py:136, <module>())
Using backend: pytorch
Using backend: pytorch
Using backend: pytorch
[2021-11-05 10:55:16]    INFO >> update /mnt/wanyao/ncc_data/avatar/translation/top1/graphcodebert/data-mmap/python-java/best_checkpoint.pt (train.py:215, <module>())
[2021-11-05 10:55:16]    INFO >> Epoch   1/100, valid loss: 0.0000, valid bleu4: 14.24, best bleu4: 14.24 (train.py:217, <module>())
[2021-11-05 10:55:20]    INFO >> update /mnt/wanyao/ncc_data/avatar/translation/top1/graphcodebert/data-mmap/python-java/last_checkpoint.pt (train.py:222, <module>())
[2021-11-05 10:59:22]    INFO >> Epoch   2/100, Batch 500/1490, train loss: 689.4345 (train.py:127, train())
[2021-11-05 11:03:13]    INFO >> Epoch   2/100, Batch 1000/1490, train loss: 663.3300 (train.py:127, train())
Using backend: pytorch
Using backend: pytorch
Using backend: pytorch
[2021-11-05 11:07:26]    INFO >> Epoch   2/100, train loss: 642.4626 (train.py:136, <module>())
Using backend: pytorch
Using backend: pytorch
Using backend: pytorch
[2021-11-05 11:12:38]    INFO >> update /mnt/wanyao/ncc_data/avatar/translation/top1/graphcodebert/data-mmap/python-java/best_checkpoint.pt (train.py:215, <module>())
[2021-11-05 11:12:38]    INFO >> Epoch   2/100, valid loss: 0.0000, valid bleu4: 19.15, best bleu4: 19.15 (train.py:217, <module>())
[2021-11-05 11:12:46]    INFO >> update /mnt/wanyao/ncc_data/avatar/translation/top1/graphcodebert/data-mmap/python-java/last_checkpoint.pt (train.py:222, <module>())
[2021-11-05 11:16:47]    INFO >> Epoch   3/100, Batch 500/1490, train loss: 536.6425 (train.py:127, train())
[2021-11-05 11:20:41]    INFO >> Epoch   3/100, Batch 1000/1490, train loss: 518.4736 (train.py:127, train())
Using backend: pytorch
Using backend: pytorch
Using backend: pytorch
[2021-11-05 11:24:42]    INFO >> Epoch   3/100, train loss: 501.1626 (train.py:136, <module>())
Using backend: pytorch
Using backend: pytorch
Using backend: pytorch
[2021-11-05 11:29:54]    INFO >> update /mnt/wanyao/ncc_data/avatar/translation/top1/graphcodebert/data-mmap/python-java/best_checkpoint.pt (train.py:215, <module>())
[2021-11-05 11:29:54]    INFO >> Epoch   3/100, valid loss: 0.0000, valid bleu4: 22.88, best bleu4: 22.88 (train.py:217, <module>())
[2021-11-05 11:30:02]    INFO >> update /mnt/wanyao/ncc_data/avatar/translation/top1/graphcodebert/data-mmap/python-java/last_checkpoint.pt (train.py:222, <module>())
[2021-11-05 11:34:04]    INFO >> Epoch   4/100, Batch 500/1490, train loss: 414.7594 (train.py:127, train())
[2021-11-05 11:38:00]    INFO >> Epoch   4/100, Batch 1000/1490, train loss: 412.6704 (train.py:127, train())
Using backend: pytorch
Using backend: pytorch
Using backend: pytorch
[2021-11-05 11:41:59]    INFO >> Epoch   4/100, train loss: 401.6840 (train.py:136, <module>())
Using backend: pytorch
Using backend: pytorch
Using backend: pytorch
[2021-11-05 11:47:12]    INFO >> update /mnt/wanyao/ncc_data/avatar/translation/top1/graphcodebert/data-mmap/python-java/best_checkpoint.pt (train.py:215, <module>())
[2021-11-05 11:47:12]    INFO >> Epoch   4/100, valid loss: 0.0000, valid bleu4: 23.71, best bleu4: 23.71 (train.py:217, <module>())
[2021-11-05 11:47:20]    INFO >> update /mnt/wanyao/ncc_data/avatar/translation/top1/graphcodebert/data-mmap/python-java/last_checkpoint.pt (train.py:222, <module>())
[2021-11-05 11:51:22]    INFO >> Epoch   5/100, Batch 500/1490, train loss: 352.9744 (train.py:127, train())
[2021-11-05 11:55:11]    INFO >> Epoch   5/100, Batch 1000/1490, train loss: 347.8064 (train.py:127, train())
Using backend: pytorch
Using backend: pytorch
Using backend: pytorch
[2021-11-05 11:59:15]    INFO >> Epoch   5/100, train loss: 339.5770 (train.py:136, <module>())
[2021-11-05 11:59:19]    INFO >> save /mnt/wanyao/ncc_data/avatar/translation/top1/graphcodebert/data-mmap/python-java/5.pt (train.py:207, <module>())
Using backend: pytorch
Using backend: pytorch
Using backend: pytorch
[2021-11-05 12:04:32]    INFO >> update /mnt/wanyao/ncc_data/avatar/translation/top1/graphcodebert/data-mmap/python-java/best_checkpoint.pt (train.py:215, <module>())
[2021-11-05 12:04:32]    INFO >> Epoch   5/100, valid loss: 0.0000, valid bleu4: 25.08, best bleu4: 25.08 (train.py:217, <module>())
[2021-11-05 12:04:40]    INFO >> update /mnt/wanyao/ncc_data/avatar/translation/top1/graphcodebert/data-mmap/python-java/last_checkpoint.pt (train.py:222, <module>())
[2021-11-05 12:08:41]    INFO >> Epoch   6/100, Batch 500/1490, train loss: 296.8244 (train.py:127, train())
[2021-11-05 12:12:36]    INFO >> Epoch   6/100, Batch 1000/1490, train loss: 294.8324 (train.py:127, train())
Using backend: pytorch
Using backend: pytorch
Using backend: pytorch
[2021-11-05 12:16:35]    INFO >> Epoch   6/100, train loss: 289.8256 (train.py:136, <module>())
Using backend: pytorch
Using backend: pytorch
Using backend: pytorch
[2021-11-05 12:21:49]    INFO >> update /mnt/wanyao/ncc_data/avatar/translation/top1/graphcodebert/data-mmap/python-java/best_checkpoint.pt (train.py:215, <module>())
[2021-11-05 12:21:49]    INFO >> Epoch   6/100, valid loss: 0.0000, valid bleu4: 28.69, best bleu4: 28.69 (train.py:217, <module>())
[2021-11-05 12:21:57]    INFO >> update /mnt/wanyao/ncc_data/avatar/translation/top1/graphcodebert/data-mmap/python-java/last_checkpoint.pt (train.py:222, <module>())
[2021-11-05 12:25:59]    INFO >> Epoch   7/100, Batch 500/1490, train loss: 247.0177 (train.py:127, train())
[2021-11-05 12:29:54]    INFO >> Epoch   7/100, Batch 1000/1490, train loss: 249.1720 (train.py:127, train())
Using backend: pytorch
Using backend: pytorch
Using backend: pytorch
[2021-11-05 12:33:52]    INFO >> Epoch   7/100, train loss: 246.7005 (train.py:136, <module>())
Using backend: pytorch
Using backend: pytorch
Using backend: pytorch
[2021-11-05 12:39:07]    INFO >> update /mnt/wanyao/ncc_data/avatar/translation/top1/graphcodebert/data-mmap/python-java/best_checkpoint.pt (train.py:215, <module>())
[2021-11-05 12:39:07]    INFO >> Epoch   7/100, valid loss: 0.0000, valid bleu4: 33.42, best bleu4: 33.42 (train.py:217, <module>())
[2021-11-05 12:39:15]    INFO >> update /mnt/wanyao/ncc_data/avatar/translation/top1/graphcodebert/data-mmap/python-java/last_checkpoint.pt (train.py:222, <module>())
[2021-11-05 12:43:16]    INFO >> Epoch   8/100, Batch 500/1490, train loss: 213.4452 (train.py:127, train())
[2021-11-05 12:47:10]    INFO >> Epoch   8/100, Batch 1000/1490, train loss: 213.6447 (train.py:127, train())
Using backend: pytorch
Using backend: pytorch
Using backend: pytorch
[2021-11-05 12:51:11]    INFO >> Epoch   8/100, train loss: 208.2724 (train.py:136, <module>())
Using backend: pytorch
Using backend: pytorch
Using backend: pytorch
[2021-11-05 12:56:16]    INFO >> Epoch   8/100, valid loss: 0.0000, valid bleu4: 30.40, best bleu4: 33.42 (train.py:217, <module>())
[2021-11-05 12:56:24]    INFO >> update /mnt/wanyao/ncc_data/avatar/translation/top1/graphcodebert/data-mmap/python-java/last_checkpoint.pt (train.py:222, <module>())
[2021-11-05 13:00:26]    INFO >> Epoch   9/100, Batch 500/1490, train loss: 182.8619 (train.py:127, train())
[2021-11-05 13:04:18]    INFO >> Epoch   9/100, Batch 1000/1490, train loss: 176.8163 (train.py:127, train())
Using backend: pytorch
Using backend: pytorch
Using backend: pytorch
[2021-11-05 13:08:28]    INFO >> Epoch   9/100, train loss: 179.0365 (train.py:136, <module>())
Using backend: pytorch
Using backend: pytorch
Using backend: pytorch
[2021-11-05 13:13:34]    INFO >> update /mnt/wanyao/ncc_data/avatar/translation/top1/graphcodebert/data-mmap/python-java/best_checkpoint.pt (train.py:215, <module>())
[2021-11-05 13:13:34]    INFO >> Epoch   9/100, valid loss: 0.0000, valid bleu4: 38.01, best bleu4: 38.01 (train.py:217, <module>())
[2021-11-05 13:13:42]    INFO >> update /mnt/wanyao/ncc_data/avatar/translation/top1/graphcodebert/data-mmap/python-java/last_checkpoint.pt (train.py:222, <module>())
[2021-11-05 13:17:43]    INFO >> Epoch  10/100, Batch 500/1490, train loss: 158.6829 (train.py:127, train())
[2021-11-05 13:21:29]    INFO >> Epoch  10/100, Batch 1000/1490, train loss: 156.1539 (train.py:127, train())
Using backend: pytorch
Using backend: pytorch
Using backend: pytorch
[2021-11-05 13:25:46]    INFO >> Epoch  10/100, train loss: 157.4646 (train.py:136, <module>())
[2021-11-05 13:25:51]    INFO >> save /mnt/wanyao/ncc_data/avatar/translation/top1/graphcodebert/data-mmap/python-java/10.pt (train.py:207, <module>())
Using backend: pytorch
Using backend: pytorch
Using backend: pytorch
[2021-11-05 13:31:02]    INFO >> update /mnt/wanyao/ncc_data/avatar/translation/top1/graphcodebert/data-mmap/python-java/best_checkpoint.pt (train.py:215, <module>())
[2021-11-05 13:31:02]    INFO >> Epoch  10/100, valid loss: 0.0000, valid bleu4: 39.78, best bleu4: 39.78 (train.py:217, <module>())
[2021-11-05 13:31:12]    INFO >> update /mnt/wanyao/ncc_data/avatar/translation/top1/graphcodebert/data-mmap/python-java/last_checkpoint.pt (train.py:222, <module>())
[2021-11-05 13:35:21]    INFO >> Epoch  11/100, Batch 500/1490, train loss: 139.9240 (train.py:127, train())
[2021-11-05 13:39:15]    INFO >> Epoch  11/100, Batch 1000/1490, train loss: 140.1024 (train.py:127, train())
Using backend: pytorch
Using backend: pytorch
Using backend: pytorch
[2021-11-05 13:43:26]    INFO >> Epoch  11/100, train loss: 139.1810 (train.py:136, <module>())
Using backend: pytorch
Using backend: pytorch
Using backend: pytorch
[2021-11-05 13:48:35]    INFO >> update /mnt/wanyao/ncc_data/avatar/translation/top1/graphcodebert/data-mmap/python-java/best_checkpoint.pt (train.py:215, <module>())
[2021-11-05 13:48:35]    INFO >> Epoch  11/100, valid loss: 0.0000, valid bleu4: 41.34, best bleu4: 41.34 (train.py:217, <module>())
[2021-11-05 13:48:44]    INFO >> update /mnt/wanyao/ncc_data/avatar/translation/top1/graphcodebert/data-mmap/python-java/last_checkpoint.pt (train.py:222, <module>())
[2021-11-05 13:52:48]    INFO >> Epoch  12/100, Batch 500/1490, train loss: 121.7607 (train.py:127, train())
[2021-11-05 13:56:37]    INFO >> Epoch  12/100, Batch 1000/1490, train loss: 122.1513 (train.py:127, train())
Using backend: pytorch
Using backend: pytorch
Using backend: pytorch
[2021-11-05 14:00:57]    INFO >> Epoch  12/100, train loss: 122.6872 (train.py:136, <module>())
Using backend: pytorch
Using backend: pytorch
Using backend: pytorch
[2021-11-05 14:06:07]    INFO >> update /mnt/wanyao/ncc_data/avatar/translation/top1/graphcodebert/data-mmap/python-java/best_checkpoint.pt (train.py:215, <module>())
[2021-11-05 14:06:07]    INFO >> Epoch  12/100, valid loss: 0.0000, valid bleu4: 43.09, best bleu4: 43.09 (train.py:217, <module>())
[2021-11-05 14:06:15]    INFO >> update /mnt/wanyao/ncc_data/avatar/translation/top1/graphcodebert/data-mmap/python-java/last_checkpoint.pt (train.py:222, <module>())
[2021-11-05 14:10:16]    INFO >> Epoch  13/100, Batch 500/1490, train loss: 106.6466 (train.py:127, train())
[2021-11-05 14:14:09]    INFO >> Epoch  13/100, Batch 1000/1490, train loss: 110.0040 (train.py:127, train())
Using backend: pytorch
Using backend: pytorch
Using backend: pytorch
[2021-11-05 14:18:14]    INFO >> Epoch  13/100, train loss: 109.9526 (train.py:136, <module>())
Using backend: pytorch
Using backend: pytorch
Using backend: pytorch
[2021-11-05 14:23:24]    INFO >> update /mnt/wanyao/ncc_data/avatar/translation/top1/graphcodebert/data-mmap/python-java/best_checkpoint.pt (train.py:215, <module>())
[2021-11-05 14:23:24]    INFO >> Epoch  13/100, valid loss: 0.0000, valid bleu4: 44.10, best bleu4: 44.10 (train.py:217, <module>())
[2021-11-05 14:23:32]    INFO >> update /mnt/wanyao/ncc_data/avatar/translation/top1/graphcodebert/data-mmap/python-java/last_checkpoint.pt (train.py:222, <module>())
[2021-11-05 14:27:33]    INFO >> Epoch  14/100, Batch 500/1490, train loss: 98.4175 (train.py:127, train())
[2021-11-05 14:31:27]    INFO >> Epoch  14/100, Batch 1000/1490, train loss: 100.0392 (train.py:127, train())
Using backend: pytorch
Using backend: pytorch
Using backend: pytorch
[2021-11-05 14:35:30]    INFO >> Epoch  14/100, train loss: 99.1942 (train.py:136, <module>())
Using backend: pytorch
Using backend: pytorch
Using backend: pytorch
[2021-11-05 14:40:43]    INFO >> update /mnt/wanyao/ncc_data/avatar/translation/top1/graphcodebert/data-mmap/python-java/best_checkpoint.pt (train.py:215, <module>())
[2021-11-05 14:40:43]    INFO >> Epoch  14/100, valid loss: 0.0000, valid bleu4: 45.77, best bleu4: 45.77 (train.py:217, <module>())
[2021-11-05 14:40:51]    INFO >> update /mnt/wanyao/ncc_data/avatar/translation/top1/graphcodebert/data-mmap/python-java/last_checkpoint.pt (train.py:222, <module>())
[2021-11-05 14:44:53]    INFO >> Epoch  15/100, Batch 500/1490, train loss: 88.4233 (train.py:127, train())
[2021-11-05 14:48:43]    INFO >> Epoch  15/100, Batch 1000/1490, train loss: 90.1100 (train.py:127, train())
Using backend: pytorch
Using backend: pytorch
Using backend: pytorch
[2021-11-05 14:52:50]    INFO >> Epoch  15/100, train loss: 90.1665 (train.py:136, <module>())
[2021-11-05 14:52:54]    INFO >> save /mnt/wanyao/ncc_data/avatar/translation/top1/graphcodebert/data-mmap/python-java/15.pt (train.py:207, <module>())
Using backend: pytorch
Using backend: pytorch
Using backend: pytorch
[2021-11-05 14:58:05]    INFO >> Epoch  15/100, valid loss: 0.0000, valid bleu4: 43.86, best bleu4: 45.77 (train.py:217, <module>())
[2021-11-05 14:58:13]    INFO >> update /mnt/wanyao/ncc_data/avatar/translation/top1/graphcodebert/data-mmap/python-java/last_checkpoint.pt (train.py:222, <module>())
[2021-11-05 15:02:15]    INFO >> Epoch  16/100, Batch 500/1490, train loss: 82.5868 (train.py:127, train())
[2021-11-05 15:06:11]    INFO >> Epoch  16/100, Batch 1000/1490, train loss: 81.2670 (train.py:127, train())
Using backend: pytorch
Using backend: pytorch
Using backend: pytorch
[2021-11-05 15:10:11]    INFO >> Epoch  16/100, train loss: 82.2755 (train.py:136, <module>())
Using backend: pytorch
Using backend: pytorch
Using backend: pytorch
[2021-11-05 15:15:21]    INFO >> Epoch  16/100, valid loss: 0.0000, valid bleu4: 44.58, best bleu4: 45.77 (train.py:217, <module>())
[2021-11-05 15:15:29]    INFO >> update /mnt/wanyao/ncc_data/avatar/translation/top1/graphcodebert/data-mmap/python-java/last_checkpoint.pt (train.py:222, <module>())
[2021-11-05 15:19:31]    INFO >> Epoch  17/100, Batch 500/1490, train loss: 71.6527 (train.py:127, train())
[2021-11-05 15:23:27]    INFO >> Epoch  17/100, Batch 1000/1490, train loss: 73.7793 (train.py:127, train())
Using backend: pytorch
Using backend: pytorch
Using backend: pytorch
[2021-11-05 15:27:28]    INFO >> Epoch  17/100, train loss: 75.0135 (train.py:136, <module>())
Using backend: pytorch
Using backend: pytorch
Using backend: pytorch
[2021-11-05 15:32:46]    INFO >> update /mnt/wanyao/ncc_data/avatar/translation/top1/graphcodebert/data-mmap/python-java/best_checkpoint.pt (train.py:215, <module>())
[2021-11-05 15:32:46]    INFO >> Epoch  17/100, valid loss: 0.0000, valid bleu4: 46.60, best bleu4: 46.60 (train.py:217, <module>())
[2021-11-05 15:32:54]    INFO >> update /mnt/wanyao/ncc_data/avatar/translation/top1/graphcodebert/data-mmap/python-java/last_checkpoint.pt (train.py:222, <module>())
[2021-11-05 15:36:55]    INFO >> Epoch  18/100, Batch 500/1490, train loss: 68.1179 (train.py:127, train())
[2021-11-05 15:40:53]    INFO >> Epoch  18/100, Batch 1000/1490, train loss: 67.4695 (train.py:127, train())
Using backend: pytorch
Using backend: pytorch
Using backend: pytorch
[2021-11-05 15:44:48]    INFO >> Epoch  18/100, train loss: 68.5588 (train.py:136, <module>())
Using backend: pytorch
Using backend: pytorch
Using backend: pytorch
[2021-11-05 15:49:57]    INFO >> Epoch  18/100, valid loss: 0.0000, valid bleu4: 45.82, best bleu4: 46.60 (train.py:217, <module>())
[2021-11-05 15:50:05]    INFO >> update /mnt/wanyao/ncc_data/avatar/translation/top1/graphcodebert/data-mmap/python-java/last_checkpoint.pt (train.py:222, <module>())
[2021-11-05 15:54:06]    INFO >> Epoch  19/100, Batch 500/1490, train loss: 61.9658 (train.py:127, train())
[2021-11-05 15:58:04]    INFO >> Epoch  19/100, Batch 1000/1490, train loss: 62.4723 (train.py:127, train())
Using backend: pytorch
Using backend: pytorch
Using backend: pytorch
[2021-11-05 16:01:56]    INFO >> Epoch  19/100, train loss: 62.3811 (train.py:136, <module>())
Using backend: pytorch
Using backend: pytorch
Using backend: pytorch
[2021-11-05 16:07:06]    INFO >> Epoch  19/100, valid loss: 0.0000, valid bleu4: 46.47, best bleu4: 46.60 (train.py:217, <module>())
[2021-11-05 16:07:14]    INFO >> update /mnt/wanyao/ncc_data/avatar/translation/top1/graphcodebert/data-mmap/python-java/last_checkpoint.pt (train.py:222, <module>())
[2021-11-05 16:11:17]    INFO >> Epoch  20/100, Batch 500/1490, train loss: 58.1861 (train.py:127, train())
[2021-11-05 16:15:06]    INFO >> Epoch  20/100, Batch 1000/1490, train loss: 56.7880 (train.py:127, train())
Using backend: pytorch
Using backend: pytorch
Using backend: pytorch
[2021-11-05 16:19:12]    INFO >> Epoch  20/100, train loss: 57.0262 (train.py:136, <module>())
[2021-11-05 16:19:16]    INFO >> save /mnt/wanyao/ncc_data/avatar/translation/top1/graphcodebert/data-mmap/python-java/20.pt (train.py:207, <module>())
Using backend: pytorch
Using backend: pytorch
Using backend: pytorch
[2021-11-05 16:24:27]    INFO >> Epoch  20/100, valid loss: 0.0000, valid bleu4: 46.21, best bleu4: 46.60 (train.py:217, <module>())
[2021-11-05 16:24:35]    INFO >> update /mnt/wanyao/ncc_data/avatar/translation/top1/graphcodebert/data-mmap/python-java/last_checkpoint.pt (train.py:222, <module>())
[2021-11-05 16:28:37]    INFO >> Epoch  21/100, Batch 500/1490, train loss: 49.9881 (train.py:127, train())
[2021-11-05 16:32:34]    INFO >> Epoch  21/100, Batch 1000/1490, train loss: 50.9587 (train.py:127, train())
Using backend: pytorch
Using backend: pytorch
Using backend: pytorch
[2021-11-05 16:36:32]    INFO >> Epoch  21/100, train loss: 52.1068 (train.py:136, <module>())
Using backend: pytorch
Using backend: pytorch
Using backend: pytorch
[2021-11-05 16:41:41]    INFO >> Epoch  21/100, valid loss: 0.0000, valid bleu4: 45.73, best bleu4: 46.60 (train.py:217, <module>())
[2021-11-05 16:41:49]    INFO >> update /mnt/wanyao/ncc_data/avatar/translation/top1/graphcodebert/data-mmap/python-java/last_checkpoint.pt (train.py:222, <module>())
[2021-11-05 16:45:51]    INFO >> Epoch  22/100, Batch 500/1490, train loss: 46.3884 (train.py:127, train())
[2021-11-05 16:49:45]    INFO >> Epoch  22/100, Batch 1000/1490, train loss: 46.7246 (train.py:127, train())
Using backend: pytorch
Using backend: pytorch
Using backend: pytorch
[2021-11-05 16:53:53]    INFO >> Epoch  22/100, train loss: 47.6230 (train.py:136, <module>())
Using backend: pytorch
Using backend: pytorch
Using backend: pytorch
[2021-11-05 16:59:03]    INFO >> Epoch  22/100, valid loss: 0.0000, valid bleu4: 45.68, best bleu4: 46.60 (train.py:217, <module>())
[2021-11-05 16:59:11]    INFO >> update /mnt/wanyao/ncc_data/avatar/translation/top1/graphcodebert/data-mmap/python-java/last_checkpoint.pt (train.py:222, <module>())
[2021-11-05 17:03:14]    INFO >> Epoch  23/100, Batch 500/1490, train loss: 42.3960 (train.py:127, train())
[2021-11-05 17:07:08]    INFO >> Epoch  23/100, Batch 1000/1490, train loss: 42.3775 (train.py:127, train())
Using backend: pytorch
Using backend: pytorch
Using backend: pytorch
[2021-11-05 17:11:13]    INFO >> Epoch  23/100, train loss: 43.5190 (train.py:136, <module>())
Using backend: pytorch
Using backend: pytorch
Using backend: pytorch
[2021-11-05 17:16:24]    INFO >> Epoch  23/100, valid loss: 0.0000, valid bleu4: 45.15, best bleu4: 46.60 (train.py:217, <module>())
[2021-11-05 17:16:32]    INFO >> update /mnt/wanyao/ncc_data/avatar/translation/top1/graphcodebert/data-mmap/python-java/last_checkpoint.pt (train.py:222, <module>())
[2021-11-05 17:20:35]    INFO >> Epoch  24/100, Batch 500/1490, train loss: 38.2489 (train.py:127, train())
[2021-11-05 17:24:30]    INFO >> Epoch  24/100, Batch 1000/1490, train loss: 39.4275 (train.py:127, train())
Using backend: pytorch
Using backend: pytorch
Using backend: pytorch
[2021-11-05 17:28:33]    INFO >> Epoch  24/100, train loss: 39.9082 (train.py:136, <module>())
Using backend: pytorch
Using backend: pytorch
Using backend: pytorch
[2021-11-05 17:33:43]    INFO >> Epoch  24/100, valid loss: 0.0000, valid bleu4: 46.42, best bleu4: 46.60 (train.py:217, <module>())
[2021-11-05 17:33:51]    INFO >> update /mnt/wanyao/ncc_data/avatar/translation/top1/graphcodebert/data-mmap/python-java/last_checkpoint.pt (train.py:222, <module>())
[2021-11-05 17:37:54]    INFO >> Epoch  25/100, Batch 500/1490, train loss: 35.8588 (train.py:127, train())
[2021-11-05 17:41:43]    INFO >> Epoch  25/100, Batch 1000/1490, train loss: 35.7349 (train.py:127, train())
Using backend: pytorch
Using backend: pytorch
Using backend: pytorch
[2021-11-05 17:45:51]    INFO >> Epoch  25/100, train loss: 36.5105 (train.py:136, <module>())
[2021-11-05 17:45:55]    INFO >> save /mnt/wanyao/ncc_data/avatar/translation/top1/graphcodebert/data-mmap/python-java/25.pt (train.py:207, <module>())
Using backend: pytorch
Using backend: pytorch
Using backend: pytorch
[2021-11-05 17:51:05]    INFO >> Epoch  25/100, valid loss: 0.0000, valid bleu4: 46.08, best bleu4: 46.60 (train.py:217, <module>())
[2021-11-05 17:51:13]    INFO >> update /mnt/wanyao/ncc_data/avatar/translation/top1/graphcodebert/data-mmap/python-java/last_checkpoint.pt (train.py:222, <module>())
[2021-11-05 17:55:14]    INFO >> Epoch  26/100, Batch 500/1490, train loss: 33.1223 (train.py:127, train())
[2021-11-05 17:59:08]    INFO >> Epoch  26/100, Batch 1000/1490, train loss: 33.1486 (train.py:127, train())
Using backend: pytorch
Using backend: pytorch
Using backend: pytorch
[2021-11-05 18:03:15]    INFO >> Epoch  26/100, train loss: 33.6647 (train.py:136, <module>())
Using backend: pytorch
Using backend: pytorch
Using backend: pytorch
[2021-11-05 18:08:24]    INFO >> Epoch  26/100, valid loss: 0.0000, valid bleu4: 44.63, best bleu4: 46.60 (train.py:217, <module>())
[2021-11-05 18:08:32]    INFO >> update /mnt/wanyao/ncc_data/avatar/translation/top1/graphcodebert/data-mmap/python-java/last_checkpoint.pt (train.py:222, <module>())
[2021-11-05 18:12:34]    INFO >> Epoch  27/100, Batch 500/1490, train loss: 29.5729 (train.py:127, train())
[2021-11-05 18:16:28]    INFO >> Epoch  27/100, Batch 1000/1490, train loss: 31.0339 (train.py:127, train())
Using backend: pytorch
Using backend: pytorch
Using backend: pytorch
[2021-11-05 18:20:35]    INFO >> Epoch  27/100, train loss: 30.9179 (train.py:136, <module>())
Using backend: pytorch
Using backend: pytorch
Using backend: pytorch
[2021-11-05 18:25:53]    INFO >> update /mnt/wanyao/ncc_data/avatar/translation/top1/graphcodebert/data-mmap/python-java/best_checkpoint.pt (train.py:215, <module>())
[2021-11-05 18:25:53]    INFO >> Epoch  27/100, valid loss: 0.0000, valid bleu4: 46.61, best bleu4: 46.61 (train.py:217, <module>())
[2021-11-05 18:26:02]    INFO >> update /mnt/wanyao/ncc_data/avatar/translation/top1/graphcodebert/data-mmap/python-java/last_checkpoint.pt (train.py:222, <module>())
[2021-11-05 18:30:04]    INFO >> Epoch  28/100, Batch 500/1490, train loss: 26.1800 (train.py:127, train())
[2021-11-05 18:34:01]    INFO >> Epoch  28/100, Batch 1000/1490, train loss: 26.5936 (train.py:127, train())
Using backend: pytorch
Using backend: pytorch
Using backend: pytorch
[2021-11-05 18:37:57]    INFO >> Epoch  28/100, train loss: 27.6243 (train.py:136, <module>())
Using backend: pytorch
Using backend: pytorch
Using backend: pytorch
[2021-11-05 18:43:08]    INFO >> Epoch  28/100, valid loss: 0.0000, valid bleu4: 46.32, best bleu4: 46.61 (train.py:217, <module>())
[2021-11-05 18:43:16]    INFO >> update /mnt/wanyao/ncc_data/avatar/translation/top1/graphcodebert/data-mmap/python-java/last_checkpoint.pt (train.py:222, <module>())
[2021-11-05 18:47:18]    INFO >> Epoch  29/100, Batch 500/1490, train loss: 25.5112 (train.py:127, train())
[2021-11-05 18:51:16]    INFO >> Epoch  29/100, Batch 1000/1490, train loss: 25.4731 (train.py:127, train())
Using backend: pytorch
Using backend: pytorch
Using backend: pytorch
[2021-11-05 18:55:10]    INFO >> Epoch  29/100, train loss: 25.3341 (train.py:136, <module>())
Using backend: pytorch
Using backend: pytorch
Using backend: pytorch
[2021-11-05 19:00:20]    INFO >> Epoch  29/100, valid loss: 0.0000, valid bleu4: 45.34, best bleu4: 46.61 (train.py:217, <module>())
[2021-11-05 19:00:28]    INFO >> update /mnt/wanyao/ncc_data/avatar/translation/top1/graphcodebert/data-mmap/python-java/last_checkpoint.pt (train.py:222, <module>())
[2021-11-05 19:04:31]    INFO >> Epoch  30/100, Batch 500/1490, train loss: 23.9522 (train.py:127, train())
[2021-11-05 19:08:22]    INFO >> Epoch  30/100, Batch 1000/1490, train loss: 23.4127 (train.py:127, train())
Using backend: pytorch
Using backend: pytorch
Using backend: pytorch
[2021-11-05 19:12:19]    INFO >> Epoch  30/100, train loss: 23.5567 (train.py:136, <module>())
[2021-11-05 19:12:24]    INFO >> save /mnt/wanyao/ncc_data/avatar/translation/top1/graphcodebert/data-mmap/python-java/30.pt (train.py:207, <module>())
Using backend: pytorch
Using backend: pytorch
Using backend: pytorch
[2021-11-05 19:17:34]    INFO >> Epoch  30/100, valid loss: 0.0000, valid bleu4: 45.67, best bleu4: 46.61 (train.py:217, <module>())
[2021-11-05 19:17:43]    INFO >> update /mnt/wanyao/ncc_data/avatar/translation/top1/graphcodebert/data-mmap/python-java/last_checkpoint.pt (train.py:222, <module>())
[2021-11-05 19:21:45]    INFO >> Epoch  31/100, Batch 500/1490, train loss: 21.3957 (train.py:127, train())
[2021-11-05 19:25:43]    INFO >> Epoch  31/100, Batch 1000/1490, train loss: 21.2664 (train.py:127, train())
Using backend: pytorch
Using backend: pytorch
Using backend: pytorch
[2021-11-05 19:29:30]    INFO >> Epoch  31/100, train loss: 21.4829 (train.py:136, <module>())
Using backend: pytorch
Using backend: pytorch
Using backend: pytorch
[2021-11-05 19:32:15]    INFO >> update /mnt/wanyao/ncc_data/avatar/translation/top1/graphcodebert/data-mmap/python-java/best_checkpoint.pt (train.py:215, <module>())
[2021-11-05 19:32:15]    INFO >> Epoch  31/100, valid loss: 0.0000, valid bleu4: 47.19, best bleu4: 47.19 (train.py:217, <module>())
[2021-11-05 19:32:23]    INFO >> update /mnt/wanyao/ncc_data/avatar/translation/top1/graphcodebert/data-mmap/python-java/last_checkpoint.pt (train.py:222, <module>())
[2021-11-05 19:34:29]    INFO >> Epoch  32/100, Batch 500/1490, train loss: 19.9097 (train.py:127, train())
[2021-11-05 19:36:23]    INFO >> Epoch  32/100, Batch 1000/1490, train loss: 19.8942 (train.py:127, train())
Using backend: pytorch
Using backend: pytorch
Using backend: pytorch
[2021-11-05 19:38:16]    INFO >> Epoch  32/100, train loss: 19.8121 (train.py:136, <module>())
Using backend: pytorch
Using backend: pytorch
Using backend: pytorch
[2021-11-05 19:40:52]    INFO >> Epoch  32/100, valid loss: 0.0000, valid bleu4: 45.77, best bleu4: 47.19 (train.py:217, <module>())
[2021-11-05 19:41:00]    INFO >> update /mnt/wanyao/ncc_data/avatar/translation/top1/graphcodebert/data-mmap/python-java/last_checkpoint.pt (train.py:222, <module>())
[2021-11-05 19:43:06]    INFO >> Epoch  33/100, Batch 500/1490, train loss: 19.1175 (train.py:127, train())
[2021-11-05 19:45:00]    INFO >> Epoch  33/100, Batch 1000/1490, train loss: 18.3028 (train.py:127, train())
Using backend: pytorch
Using backend: pytorch
Using backend: pytorch
[2021-11-05 19:46:54]    INFO >> Epoch  33/100, train loss: 18.4326 (train.py:136, <module>())
Using backend: pytorch
Using backend: pytorch
Using backend: pytorch
[2021-11-05 19:49:30]    INFO >> Epoch  33/100, valid loss: 0.0000, valid bleu4: 46.25, best bleu4: 47.19 (train.py:217, <module>())
[2021-11-05 19:49:38]    INFO >> update /mnt/wanyao/ncc_data/avatar/translation/top1/graphcodebert/data-mmap/python-java/last_checkpoint.pt (train.py:222, <module>())
[2021-11-05 19:51:44]    INFO >> Epoch  34/100, Batch 500/1490, train loss: 16.9117 (train.py:127, train())
[2021-11-05 19:53:36]    INFO >> Epoch  34/100, Batch 1000/1490, train loss: 17.2020 (train.py:127, train())
Using backend: pytorch
Using backend: pytorch
Using backend: pytorch
[2021-11-05 19:55:29]    INFO >> Epoch  34/100, train loss: 17.0403 (train.py:136, <module>())
Using backend: pytorch
Using backend: pytorch
Using backend: pytorch
[2021-11-05 19:58:06]    INFO >> Epoch  34/100, valid loss: 0.0000, valid bleu4: 46.36, best bleu4: 47.19 (train.py:217, <module>())
[2021-11-05 19:58:14]    INFO >> update /mnt/wanyao/ncc_data/avatar/translation/top1/graphcodebert/data-mmap/python-java/last_checkpoint.pt (train.py:222, <module>())
[2021-11-05 20:00:16]    INFO >> Epoch  35/100, Batch 500/1490, train loss: 15.5142 (train.py:127, train())
[2021-11-05 20:02:11]    INFO >> Epoch  35/100, Batch 1000/1490, train loss: 15.4908 (train.py:127, train())
Using backend: pytorch
Using backend: pytorch
Using backend: pytorch
[2021-11-05 20:04:04]    INFO >> Epoch  35/100, train loss: 15.6380 (train.py:136, <module>())
[2021-11-05 20:04:09]    INFO >> save /mnt/wanyao/ncc_data/avatar/translation/top1/graphcodebert/data-mmap/python-java/35.pt (train.py:207, <module>())
Using backend: pytorch
Using backend: pytorch
Using backend: pytorch
[2021-11-05 20:06:45]    INFO >> Epoch  35/100, valid loss: 0.0000, valid bleu4: 46.10, best bleu4: 47.19 (train.py:217, <module>())
[2021-11-05 20:06:53]    INFO >> update /mnt/wanyao/ncc_data/avatar/translation/top1/graphcodebert/data-mmap/python-java/last_checkpoint.pt (train.py:222, <module>())
[2021-11-05 20:08:59]    INFO >> Epoch  36/100, Batch 500/1490, train loss: 14.1734 (train.py:127, train())
[2021-11-05 20:10:53]    INFO >> Epoch  36/100, Batch 1000/1490, train loss: 14.3781 (train.py:127, train())
Using backend: pytorch
Using backend: pytorch
Using backend: pytorch
[2021-11-05 20:12:46]    INFO >> Epoch  36/100, train loss: 14.6847 (train.py:136, <module>())
Using backend: pytorch
Using backend: pytorch
Using backend: pytorch
[2021-11-05 20:15:23]    INFO >> Epoch  36/100, valid loss: 0.0000, valid bleu4: 46.64, best bleu4: 47.19 (train.py:217, <module>())
[2021-11-05 20:15:31]    INFO >> update /mnt/wanyao/ncc_data/avatar/translation/top1/graphcodebert/data-mmap/python-java/last_checkpoint.pt (train.py:222, <module>())
[2021-11-05 20:17:37]    INFO >> Epoch  37/100, Batch 500/1490, train loss: 13.0922 (train.py:127, train())
[2021-11-05 20:19:31]    INFO >> Epoch  37/100, Batch 1000/1490, train loss: 13.3249 (train.py:127, train())
Using backend: pytorch
Using backend: pytorch
Using backend: pytorch
[2021-11-05 20:21:25]    INFO >> Epoch  37/100, train loss: 13.5342 (train.py:136, <module>())
Using backend: pytorch
Using backend: pytorch
Using backend: pytorch
[2021-11-05 20:24:01]    INFO >> Epoch  37/100, valid loss: 0.0000, valid bleu4: 46.61, best bleu4: 47.19 (train.py:217, <module>())
[2021-11-05 20:24:09]    INFO >> update /mnt/wanyao/ncc_data/avatar/translation/top1/graphcodebert/data-mmap/python-java/last_checkpoint.pt (train.py:222, <module>())
[2021-11-05 20:26:14]    INFO >> Epoch  38/100, Batch 500/1490, train loss: 12.8151 (train.py:127, train())
[2021-11-05 20:28:07]    INFO >> Epoch  38/100, Batch 1000/1490, train loss: 12.5088 (train.py:127, train())
Using backend: pytorch
Using backend: pytorch
Using backend: pytorch
[2021-11-05 20:30:01]    INFO >> Epoch  38/100, train loss: 12.7117 (train.py:136, <module>())
Using backend: pytorch
Using backend: pytorch
Using backend: pytorch
[2021-11-05 20:32:37]    INFO >> Epoch  38/100, valid loss: 0.0000, valid bleu4: 45.71, best bleu4: 47.19 (train.py:217, <module>())
[2021-11-05 20:32:45]    INFO >> update /mnt/wanyao/ncc_data/avatar/translation/top1/graphcodebert/data-mmap/python-java/last_checkpoint.pt (train.py:222, <module>())
[2021-11-05 20:34:50]    INFO >> Epoch  39/100, Batch 500/1490, train loss: 11.7442 (train.py:127, train())
[2021-11-05 20:36:43]    INFO >> Epoch  39/100, Batch 1000/1490, train loss: 11.7687 (train.py:127, train())
Using backend: pytorch
Using backend: pytorch
Using backend: pytorch
[2021-11-05 20:38:36]    INFO >> Epoch  39/100, train loss: 11.8931 (train.py:136, <module>())
Using backend: pytorch
Using backend: pytorch
Using backend: pytorch
[2021-11-05 20:41:13]    INFO >> Epoch  39/100, valid loss: 0.0000, valid bleu4: 46.08, best bleu4: 47.19 (train.py:217, <module>())
[2021-11-05 20:41:20]    INFO >> update /mnt/wanyao/ncc_data/avatar/translation/top1/graphcodebert/data-mmap/python-java/last_checkpoint.pt (train.py:222, <module>())
[2021-11-05 20:43:26]    INFO >> Epoch  40/100, Batch 500/1490, train loss: 10.6783 (train.py:127, train())
[2021-11-05 20:45:20]    INFO >> Epoch  40/100, Batch 1000/1490, train loss: 10.9278 (train.py:127, train())
Using backend: pytorch
Using backend: pytorch
Using backend: pytorch
[2021-11-05 20:47:14]    INFO >> Epoch  40/100, train loss: 11.0424 (train.py:136, <module>())
[2021-11-05 20:47:19]    INFO >> save /mnt/wanyao/ncc_data/avatar/translation/top1/graphcodebert/data-mmap/python-java/40.pt (train.py:207, <module>())
Using backend: pytorch
Using backend: pytorch
Using backend: pytorch
[2021-11-05 20:49:55]    INFO >> Epoch  40/100, valid loss: 0.0000, valid bleu4: 46.08, best bleu4: 47.19 (train.py:217, <module>())
[2021-11-05 20:50:03]    INFO >> update /mnt/wanyao/ncc_data/avatar/translation/top1/graphcodebert/data-mmap/python-java/last_checkpoint.pt (train.py:222, <module>())
[2021-11-05 20:52:09]    INFO >> Epoch  41/100, Batch 500/1490, train loss: 10.1849 (train.py:127, train())
[2021-11-05 20:54:03]    INFO >> Epoch  41/100, Batch 1000/1490, train loss: 10.3146 (train.py:127, train())
Using backend: pytorch
Using backend: pytorch
Using backend: pytorch
[2021-11-05 20:55:57]    INFO >> Epoch  41/100, train loss: 10.3618 (train.py:136, <module>())
Using backend: pytorch
Using backend: pytorch
Using backend: pytorch
[2021-11-05 20:58:34]    INFO >> Epoch  41/100, valid loss: 0.0000, valid bleu4: 46.00, best bleu4: 47.19 (train.py:217, <module>())
[2021-11-05 20:58:42]    INFO >> update /mnt/wanyao/ncc_data/avatar/translation/top1/graphcodebert/data-mmap/python-java/last_checkpoint.pt (train.py:222, <module>())
[2021-11-05 20:58:42]    INFO >> early stop because of no improvement in 10 epochs (train.py:224, <module>())
