nohup: ignoring input
[2020-12-27 22:47:54]    INFO >> Load arguments in /home/wanyao/yang/naturalcc-dev/run/summarization/codenn/config/csn_feng/go.yml (train.py:318, cli_main())
[2020-12-27 22:47:54]    INFO >> {'criterion': 'cross_entropy', 'optimizer': 'sgd', 'lr_scheduler': 'fixed', 'tokenizer': None, 'bpe': None, 'common': {'no_progress_bar': 0, 'log_interval': 500, 'log_format': 'simple', 'tensorboard_logdir': '', 'memory_efficient_fp16': 1, 'fp16_no_flatten_grads': 1, 'fp16_init_scale': 128, 'fp16_scale_window': None, 'fp16_scale_tolerance': 0.0, 'min_loss_scale': 0.0001, 'threshold_loss_scale': None, 'empty_cache_freq': 0, 'task': 'summarization', 'seed': 1, 'cpu': 0, 'fp16': 0, 'fp16_opt_level': '01', 'server_ip': '', 'server_port': ''}, 'dataset': {'num_workers': 3, 'skip_invalid_size_inputs_valid_test': 1, 'max_tokens': None, 'max_sentences': 100, 'required_batch_size_multiple': 1, 'dataset_impl': 'mmap', 'train_subset': 'train', 'valid_subset': 'valid', 'validate_interval': 1, 'fixed_validation_seed': None, 'disable_validation': 0, 'max_tokens_valid': None, 'max_sentences_valid': 2048, 'curriculum': 0, 'gen_subset': 'test', 'num_shards': 1, 'shard_id': 0}, 'distributed_training': {'distributed_world_size': 1, 'distributed_rank': 0, 'distributed_backend': 'nccl', 'distributed_init_method': None, 'distributed_port': -1, 'device_id': 0, 'distributed_no_spawn': 0, 'ddp_backend': 'c10d', 'bucket_cap_mb': 25, 'fix_batches_to_gpus': None, 'find_unused_parameters': 0, 'fast_stat_sync': 0, 'broadcast_buffers': 0, 'global_sync_iter': 50, 'warmup_iterations': 500, 'local_rank': -1, 'block_momentum': 0.875, 'block_lr': 1, 'use_nbm': 0, 'average_sync': 0}, 'task': {'data': '/home/wanyao/.ncc/code_search_net_feng/summarization/go/data-mmap', 'source_lang': 'code_tokens', 'target_lang': 'docstring_tokens', 'load_alignments': 0, 'left_pad_source': 0, 'left_pad_target': 0, 'max_source_positions': 100, 'max_target_positions': 30, 'upsample_primary': 1, 'truncate_source': 1, 'truncate_target': 1, 'append_eos_to_target': 1, 'eval_bleu': 1, 'eval_bleu_detok': 'space', 'eval_bleu_detok_args': None, 'eval_tokenized_bleu': 0, 'eval_bleu_remove_bpe': None, 'eval_bleu_args': None, 'eval_bleu_print_samples': 0}, 'model': {'arch': 'codenn', 'init_bound': 0.35, 'encoder_embed_dim': 400, 'encoder_embed': None, 'encoder_freeze_embed': 0, 'decoder_embed_dim': 400, 'decoder_embed': None, 'decoder_freeze_embed': None, 'decoder_hidden_size': 400, 'decoder_layers': 1, 'decoder_out_embed_dim': 400, 'decoder_attention': 1, 'adaptive_softmax_cutoff': None, 'share_decoder_input_output_embed': 0, 'share_all_embeddings': 0, 'encoder_dropout': 0.5, 'decoder_dropout_in': 0.5, 'decoder_dropout_out': 0.5, 'max_source_positions': 100, 'max_target_positions': 30}, 'optimization': {'max_epoch': 0, 'max_update': 0, 'clip_norm': 5, 'update_freq': [1], 'lr': [0.5], 'min_lr': 0.001, 'use_bmuf': 1, 'force_anneal': 0, 'warmup_updates': 0, 'lr_shrink': 0.8, 'sentence_avg': 1, 'adam': {'adam_betas': '(0.9, 0.999)', 'adam_eps': 1e-08, 'weight_decay': 0.0, 'use_old_adam': 0}, 'weight_decay': 0.0, 'adam_epsilon': 1e-08, 'sgd': {'momentum': 0, 'weight_decay': 0, 'dampening': 0, 'nesterov': 0}, 'max_grad_norm': 1.0, 'num_train_epochs': 5, 'max_steps': -1, 'warmup_steps': 0, 'gradient_accumulation_steps': 1}, 'checkpoint': {'restore_file': 'checkpoint_last.pt', 'reset_dataloader': None, 'reset_lr_scheduler': None, 'reset_meters': None, 'reset_optimizer': None, 'optimizer_overrides': '{}', 'save_interval': 1, 'save_interval_updates': 0, 'keep_interval_updates': 0, 'keep_last_epochs': -1, 'keep_best_checkpoints': -1, 'no_save': 0, 'no_epoch_checkpoints': 1, 'no_last_checkpoints': 1, 'no_save_optimizer_state': None, 'best_checkpoint_metric': 'bleu', 'maximize_best_checkpoint_metric': 1, 'patience': -1, 'save_dir': '/home/wanyao/.ncc/code_search_net_feng/summarization/go/data-mmap/codenn/checkpoints', 'should_continue': 0, 'model_name_or_path': None, 'cache_dir': None, 'logging_steps': 500, 'save_steps': 2000, 'save_total_limit': 2, 'overwrite_output_dir': 0, 'overwrite_cache': 0}, 'eval': {'path': '/home/wanyao/.ncc/code_search_net_feng/summarization/go/data-mmap/codenn/checkpoints/checkpoint_best.pt', 'result_path': None, 'remove_bpe': None, 'quiet': 0, 'model_overrides': '{}', 'max_sentences': 4048, 'beam': 1, 'nbest': 1, 'max_len_a': 0, 'max_len_b': 20, 'min_len': 1, 'match_source_len': 0, 'no_early_stop': 0, 'unnormalized': 0, 'no_beamable_mm': 0, 'lenpen': 1, 'unkpen': 0, 'replace_unk': None, 'sacrebleu': 0, 'score_reference': 0, 'prefix_size': 0, 'no_repeat_ngram_size': 0, 'sampling': 0, 'sampling_topk': -1, 'sampling_topp': -1, 'temperature': 1.0, 'diverse_beam_groups': -1, 'diverse_beam_strength': 0.5, 'diversity_rate': -1.0, 'print_alignment': 0, 'print_step': 0, 'iter_decode_eos_penalty': 0.0, 'iter_decode_max_iter': 10, 'iter_decode_force_max_iter': 0, 'iter_decode_with_beam': 1, 'iter_decode_with_external_reranker': 0, 'retain_iter_history': 0, 'decoding_format': None, 'nltk_bleu': 1, 'rouge': 1}} (train.py:320, cli_main())
[2020-12-27 22:47:54]    INFO >> single GPU training... (train.py:349, cli_main())
[2020-12-27 22:47:55]    INFO >> [code_tokens] dictionary: 44016 types (summarization.py:217, setup_task())
[2020-12-27 22:47:55]    INFO >> [docstring_tokens] dictionary: 15992 types (summarization.py:218, setup_task())
[2020-12-27 22:47:55]    INFO >> truncate valid.code_tokens to 100 (summarization.py:126, load_langpair_dataset())
[2020-12-27 22:47:55]    INFO >> truncate valid.docstring_tokens to 30 (summarization.py:137, load_langpair_dataset())
[2020-12-27 22:47:55]    INFO >> loaded 7325 examples from: /home/wanyao/.ncc/code_search_net_feng/summarization/go/data-mmap/valid.code_tokens (summarization.py:165, load_langpair_dataset())
[2020-12-27 22:47:55]    INFO >> loaded 7325 examples from: /home/wanyao/.ncc/code_search_net_feng/summarization/go/data-mmap/valid.docstring_tokens (summarization.py:166, load_langpair_dataset())
[2020-12-27 22:47:56]    INFO >> CodeNNModel(
  (encoder): NBOWEncoder(
    (embed_tokens): Embedding(44016, 400, padding_idx=0)
  )
  (decoder): LSTMDecoder(
    (embed_tokens): Embedding(15992, 400, padding_idx=0)
    (layers): ModuleList(
      (0): LSTMCell(400, 400)
    )
    (W_H): Linear(in_features=400, out_features=400, bias=True)
    (W_T): Linear(in_features=400, out_features=400, bias=True)
    (fc_out): Linear(in_features=400, out_features=15992, bias=True)
  )
) (train.py:229, single_main())
[2020-12-27 22:47:56]    INFO >> model codenn, criterion CrossEntropyCriterion (train.py:230, single_main())
[2020-12-27 22:47:56]    INFO >> num. model params: 32019992 (num. trained: 32019992) (train.py:233, single_main())
[2020-12-27 22:48:02]    INFO >> training on 1 GPUs (train.py:238, single_main())
[2020-12-27 22:48:02]    INFO >> max tokens per GPU = None and max sentences per GPU = 100 (train.py:241, single_main())
[2020-12-27 22:48:02]    INFO >> no existing checkpoint found /home/wanyao/.ncc/code_search_net_feng/summarization/go/data-mmap/codenn/checkpoints/checkpoint_last.pt (ncc_trainer.py:267, load_checkpoint())
[2020-12-27 22:48:02]    INFO >> loading train data for epoch 1 (ncc_trainer.py:281, get_train_iterator())
[2020-12-27 22:48:02]    INFO >> truncate train.code_tokens to 100 (summarization.py:126, load_langpair_dataset())
[2020-12-27 22:48:02]    INFO >> truncate train.docstring_tokens to 30 (summarization.py:137, load_langpair_dataset())
[2020-12-27 22:48:02]    INFO >> loaded 167288 examples from: /home/wanyao/.ncc/code_search_net_feng/summarization/go/data-mmap/train.code_tokens (summarization.py:165, load_langpair_dataset())
[2020-12-27 22:48:02]    INFO >> loaded 167288 examples from: /home/wanyao/.ncc/code_search_net_feng/summarization/go/data-mmap/train.docstring_tokens (summarization.py:166, load_langpair_dataset())
[2020-12-27 22:48:02]    INFO >> NOTE: your device may support faster training with --fp16 (ncc_trainer.py:155, _build_optimizer())
[2020-12-27 22:48:54]    INFO >> epoch 001:    500 / 1673 loss=169.77, nll_loss=10.164, bleu=0, ppl=1147.61, wps=19045.6, ups=11.41, wpb=1669.8, bsz=100, num_updates=500, lr=0.5, gnorm=1536.34, clip=100, train_wall=42, wall=52 (progress_bar.py:262, log())
[2020-12-27 22:49:39]    INFO >> epoch 001:   1000 / 1673 loss=136.393, nll_loss=8.166, bleu=0, ppl=287.3, wps=18667.7, ups=11.18, wpb=1670.2, bsz=100, num_updates=1000, lr=0.5, gnorm=925.034, clip=100, train_wall=42, wall=97 (progress_bar.py:262, log())
[2020-12-27 22:50:43]    INFO >> epoch 001:   1500 / 1673 loss=125.935, nll_loss=7.544, bleu=0, ppl=186.58, wps=12968.3, ups=7.77, wpb=1669.4, bsz=100, num_updates=1500, lr=0.5, gnorm=807.12, clip=100, train_wall=62, wall=161 (progress_bar.py:262, log())
[2020-12-27 22:51:07]    INFO >> epoch 001 | loss 141.694 | nll_loss 8.486 | bleu 0 | ppl 358.5 | wps 15829.4 | ups 9.48 | wpb 1669.6 | bsz 100 | num_updates 1673 | lr 0.5 | gnorm 1055.89 | clip 100 | train_wall 168 | wall 185 (progress_bar.py:269, print())
[2020-12-27 22:51:35]    INFO >> epoch 001 | valid on 'valid' subset | loss 109.911 | nll_loss 6.737 | bleu 12.7648 | ppl 106.69 | wps 0 | wpb 33411 | bsz 2048 | num_updates 1673 (progress_bar.py:269, print())
[2020-12-27 22:51:36]    INFO >> saved checkpoint /home/wanyao/.ncc/code_search_net_feng/summarization/go/data-mmap/codenn/checkpoints/checkpoint_best.pt (epoch 1 @ 1673 updates, score 12.764766086679389) (writing took 0.5124988574534655 seconds) (checkpoint_utils.py:81, save_checkpoint())
[2020-12-27 22:52:27]    INFO >> epoch 002:    327 / 1673 loss=119.349, nll_loss=7.155, bleu=0, ppl=142.5, wps=8025.7, ups=4.81, wpb=1668.1, bsz=100, num_updates=2000, lr=0.5, gnorm=755.01, clip=100, train_wall=65, wall=265 (progress_bar.py:262, log())
[2020-12-27 22:53:38]    INFO >> epoch 002:    827 / 1673 loss=115.708, nll_loss=6.904, bleu=0, ppl=119.75, wps=11813.4, ups=7.05, wpb=1675.6, bsz=100, num_updates=2500, lr=0.5, gnorm=720.164, clip=100, train_wall=68, wall=336 (progress_bar.py:262, log())
[2020-12-27 22:54:48]    INFO >> epoch 002:   1327 / 1673 loss=111.83, nll_loss=6.713, bleu=0, ppl=104.88, wps=11868.5, ups=7.12, wpb=1666, bsz=100, num_updates=3000, lr=0.5, gnorm=693.665, clip=100, train_wall=68, wall=406 (progress_bar.py:262, log())
[2020-12-27 22:55:27]    INFO >> epoch 002 | loss 113.778 | nll_loss 6.814 | bleu 0 | ppl 112.52 | wps 10746.9 | ups 6.44 | wpb 1669.6 | bsz 100 | num_updates 3346 | lr 0.5 | gnorm 710.479 | clip 100 | train_wall 215 | wall 445 (progress_bar.py:269, print())
[2020-12-27 22:55:47]    INFO >> epoch 002 | valid on 'valid' subset | loss 100.751 | nll_loss 6.176 | bleu 13.9637 | ppl 72.29 | wps 0 | wpb 33411 | bsz 2048 | num_updates 3346 | best_bleu 13.9637 (progress_bar.py:269, print())
[2020-12-27 22:55:48]    INFO >> saved checkpoint /home/wanyao/.ncc/code_search_net_feng/summarization/go/data-mmap/codenn/checkpoints/checkpoint_best.pt (epoch 2 @ 3346 updates, score 13.963675894308464) (writing took 0.6083799805492163 seconds) (checkpoint_utils.py:81, save_checkpoint())
[2020-12-27 22:56:18]    INFO >> epoch 003:    154 / 1673 loss=109.161, nll_loss=6.546, bleu=0, ppl=93.47, wps=9321.3, ups=5.59, wpb=1667.5, bsz=100, num_updates=3500, lr=0.5, gnorm=680.479, clip=100, train_wall=58, wall=496 (progress_bar.py:262, log())
[2020-12-27 22:57:26]    INFO >> epoch 003:    654 / 1673 loss=106.573, nll_loss=6.382, bleu=0, ppl=83.39, wps=12282, ups=7.36, wpb=1669.5, bsz=100, num_updates=4000, lr=0.5, gnorm=665.01, clip=100, train_wall=65, wall=564 (progress_bar.py:262, log())
[2020-12-27 22:58:39]    INFO >> epoch 003:   1154 / 1673 loss=104.83, nll_loss=6.276, bleu=0, ppl=77.51, wps=11447.5, ups=6.85, wpb=1670.3, bsz=100, num_updates=4500, lr=0.5, gnorm=659.257, clip=100, train_wall=70, wall=637 (progress_bar.py:262, log())
[2020-12-27 22:59:46]    INFO >> epoch 003:   1654 / 1673 loss=103.288, nll_loss=6.182, bleu=0, ppl=72.58, wps=12357.7, ups=7.4, wpb=1670.9, bsz=100, num_updates=5000, lr=0.5, gnorm=650.338, clip=100, train_wall=65, wall=704 (progress_bar.py:262, log())
[2020-12-27 22:59:50]    INFO >> epoch 003 | loss 105.151 | nll_loss 6.297 | bleu 0 | ppl 78.65 | wps 10616.7 | ups 6.36 | wpb 1669.6 | bsz 100 | num_updates 5019 | lr 0.5 | gnorm 659.527 | clip 100 | train_wall 226 | wall 708 (progress_bar.py:269, print())
[2020-12-27 23:00:11]    INFO >> epoch 003 | valid on 'valid' subset | loss 97.2 | nll_loss 5.958 | bleu 15.0569 | ppl 62.17 | wps 0 | wpb 33411 | bsz 2048 | num_updates 5019 | best_bleu 15.0569 (progress_bar.py:269, print())
[2020-12-27 23:00:12]    INFO >> saved checkpoint /home/wanyao/.ncc/code_search_net_feng/summarization/go/data-mmap/codenn/checkpoints/checkpoint_best.pt (epoch 3 @ 5019 updates, score 15.05686818729898) (writing took 0.6635085763409734 seconds) (checkpoint_utils.py:81, save_checkpoint())
[2020-12-27 23:01:17]    INFO >> epoch 004:    481 / 1673 loss=101.117, nll_loss=6.055, bleu=0, ppl=66.5, wps=9218.3, ups=5.52, wpb=1669.9, bsz=100, num_updates=5500, lr=0.5, gnorm=643.752, clip=100, train_wall=58, wall=795 (progress_bar.py:262, log())
[2020-12-27 23:02:31]    INFO >> epoch 004:    981 / 1673 loss=99.69, nll_loss=5.985, bleu=0, ppl=63.33, wps=11313.4, ups=6.79, wpb=1665.3, bsz=100, num_updates=6000, lr=0.5, gnorm=638.724, clip=100, train_wall=71, wall=868 (progress_bar.py:262, log())
[2020-12-27 23:03:38]    INFO >> epoch 004:   1481 / 1673 loss=99.604, nll_loss=5.958, bleu=0, ppl=62.16, wps=12388, ups=7.41, wpb=1671.8, bsz=100, num_updates=6500, lr=0.5, gnorm=635.238, clip=100, train_wall=65, wall=936 (progress_bar.py:262, log())
[2020-12-27 23:04:07]    INFO >> epoch 004 | loss 99.996 | nll_loss 5.989 | bleu 0 | ppl 63.5 | wps 10848 | ups 6.5 | wpb 1669.6 | bsz 100 | num_updates 6692 | lr 0.5 | gnorm 638.413 | clip 100 | train_wall 219 | wall 965 (progress_bar.py:269, print())
[2020-12-27 23:04:26]    INFO >> epoch 004 | valid on 'valid' subset | loss 96.946 | nll_loss 5.942 | bleu 14.7531 | ppl 61.5 | wps 0 | wpb 33411 | bsz 2048 | num_updates 6692 | best_bleu 15.0569 (progress_bar.py:269, print())
[2020-12-27 23:05:14]    INFO >> epoch 005:    308 / 1673 loss=97.899, nll_loss=5.859, bleu=0, ppl=58.04, wps=8695.7, ups=5.2, wpb=1670.9, bsz=100, num_updates=7000, lr=0.5, gnorm=630.397, clip=100, train_wall=67, wall=1032 (progress_bar.py:262, log())
[2020-12-27 23:06:25]    INFO >> epoch 005:    808 / 1673 loss=96.506, nll_loss=5.786, bleu=0, ppl=55.16, wps=11723.3, ups=7.03, wpb=1667.6, bsz=100, num_updates=7500, lr=0.5, gnorm=627.309, clip=100, train_wall=69, wall=1103 (progress_bar.py:262, log())
[2020-12-27 23:07:27]    INFO >> epoch 005:   1308 / 1673 loss=95.84, nll_loss=5.745, bleu=0, ppl=53.62, wps=13560.6, ups=8.13, wpb=1668.3, bsz=100, num_updates=8000, lr=0.5, gnorm=624.18, clip=100, train_wall=59, wall=1165 (progress_bar.py:262, log())
[2020-12-27 23:08:17]    INFO >> epoch 005 | loss 96.357 | nll_loss 5.771 | bleu 0 | ppl 54.59 | wps 11201.5 | ups 6.71 | wpb 1669.6 | bsz 100 | num_updates 8365 | lr 0.5 | gnorm 625.912 | clip 100 | train_wall 214 | wall 1215 (progress_bar.py:269, print())
[2020-12-27 23:08:42]    INFO >> epoch 005 | valid on 'valid' subset | loss 94.481 | nll_loss 5.791 | bleu 15.0725 | ppl 55.38 | wps 0 | wpb 33411 | bsz 2048 | num_updates 8365 | best_bleu 15.0725 (progress_bar.py:269, print())
[2020-12-27 23:08:43]    INFO >> saved checkpoint /home/wanyao/.ncc/code_search_net_feng/summarization/go/data-mmap/codenn/checkpoints/checkpoint_best.pt (epoch 5 @ 8365 updates, score 15.072468671802486) (writing took 0.6783440681174397 seconds) (checkpoint_utils.py:81, save_checkpoint())
[2020-12-27 23:09:08]    INFO >> epoch 006:    135 / 1673 loss=95.654, nll_loss=5.712, bleu=0, ppl=52.43, wps=8284, ups=4.95, wpb=1674.6, bsz=100, num_updates=8500, lr=0.5, gnorm=624.299, clip=100, train_wall=65, wall=1266 (progress_bar.py:262, log())
[2020-12-27 23:10:14]    INFO >> epoch 006:    635 / 1673 loss=94.483, nll_loss=5.65, bleu=0, ppl=50.2, wps=12644.2, ups=7.56, wpb=1671.9, bsz=100, num_updates=9000, lr=0.5, gnorm=622.866, clip=100, train_wall=64, wall=1332 (progress_bar.py:262, log())
[2020-12-27 23:11:27]    INFO >> epoch 006:   1135 / 1673 loss=93.371, nll_loss=5.593, bleu=0, ppl=48.28, wps=11489.9, ups=6.88, wpb=1669.3, bsz=100, num_updates=9500, lr=0.5, gnorm=617.503, clip=100, train_wall=70, wall=1404 (progress_bar.py:262, log())
[2020-12-27 23:12:29]    INFO >> epoch 006:   1635 / 1673 loss=92.831, nll_loss=5.577, bleu=0, ppl=47.74, wps=13318.7, ups=8, wpb=1664.5, bsz=100, num_updates=10000, lr=0.5, gnorm=617.78, clip=100, train_wall=60, wall=1467 (progress_bar.py:262, log())
[2020-12-27 23:12:35]    INFO >> epoch 006 | loss 93.62 | nll_loss 5.607 | bleu 0 | ppl 48.73 | wps 10837 | ups 6.49 | wpb 1669.6 | bsz 100 | num_updates 10038 | lr 0.5 | gnorm 619.825 | clip 100 | train_wall 216 | wall 1472 (progress_bar.py:269, print())
[2020-12-27 23:12:58]    INFO >> epoch 006 | valid on 'valid' subset | loss 92.975 | nll_loss 5.699 | bleu 16.0797 | ppl 51.95 | wps 0 | wpb 33411 | bsz 2048 | num_updates 10038 | best_bleu 16.0797 (progress_bar.py:269, print())
[2020-12-27 23:12:59]    INFO >> saved checkpoint /home/wanyao/.ncc/code_search_net_feng/summarization/go/data-mmap/codenn/checkpoints/checkpoint_best.pt (epoch 6 @ 10038 updates, score 16.079656610223868) (writing took 0.7117734141647816 seconds) (checkpoint_utils.py:81, save_checkpoint())
[2020-12-27 23:14:06]    INFO >> epoch 007:    462 / 1673 loss=91.561, nll_loss=5.481, bleu=0, ppl=44.66, wps=8647.9, ups=5.18, wpb=1670.6, bsz=100, num_updates=10500, lr=0.5, gnorm=614.89, clip=100, train_wall=63, wall=1563 (progress_bar.py:262, log())
[2020-12-27 23:15:18]    INFO >> epoch 007:    962 / 1673 loss=91.753, nll_loss=5.493, bleu=0, ppl=45.03, wps=11578, ups=6.93, wpb=1670.4, bsz=100, num_updates=11000, lr=0.5, gnorm=617.07, clip=100, train_wall=70, wall=1636 (progress_bar.py:262, log())
[2020-12-27 23:16:24]    INFO >> epoch 007:   1462 / 1673 loss=90.956, nll_loss=5.45, bleu=0, ppl=43.71, wps=12584.3, ups=7.54, wpb=1668.6, bsz=100, num_updates=11500, lr=0.5, gnorm=614.307, clip=100, train_wall=64, wall=1702 (progress_bar.py:262, log())
[2020-12-27 23:16:57]    INFO >> epoch 007 | loss 91.313 | nll_loss 5.469 | bleu 0 | ppl 44.28 | wps 10662.4 | ups 6.39 | wpb 1669.6 | bsz 100 | num_updates 11711 | lr 0.5 | gnorm 615.269 | clip 100 | train_wall 223 | wall 1734 (progress_bar.py:269, print())
[2020-12-27 23:17:16]    INFO >> epoch 007 | valid on 'valid' subset | loss 92.586 | nll_loss 5.675 | bleu 13.9324 | ppl 51.1 | wps 0 | wpb 33411 | bsz 2048 | num_updates 11711 | best_bleu 16.0797 (progress_bar.py:269, print())
[2020-12-27 23:18:05]    INFO >> epoch 008:    289 / 1673 loss=90.073, nll_loss=5.395, bleu=0, ppl=42.08, wps=8303.1, ups=4.97, wpb=1669.5, bsz=100, num_updates=12000, lr=0.5, gnorm=613.423, clip=100, train_wall=72, wall=1802 (progress_bar.py:262, log())
[2020-12-27 23:19:05]    INFO >> epoch 008:    789 / 1673 loss=89.42, nll_loss=5.36, bleu=0, ppl=41.08, wps=13803.9, ups=8.28, wpb=1667.8, bsz=100, num_updates=12500, lr=0.5, gnorm=611.83, clip=100, train_wall=58, wall=1863 (progress_bar.py:262, log())
[2020-12-27 23:20:15]    INFO >> epoch 008:   1289 / 1673 loss=89.695, nll_loss=5.356, bleu=0, ppl=40.97, wps=12018.8, ups=7.18, wpb=1674.6, bsz=100, num_updates=13000, lr=0.5, gnorm=615.027, clip=100, train_wall=67, wall=1933 (progress_bar.py:262, log())
[2020-12-27 23:21:06]    INFO >> epoch 008 | loss 89.397 | nll_loss 5.354 | bleu 0 | ppl 40.89 | wps 11187 | ups 6.7 | wpb 1669.6 | bsz 100 | num_updates 13384 | lr 0.5 | gnorm 612.61 | clip 100 | train_wall 215 | wall 1984 (progress_bar.py:269, print())
[2020-12-27 23:21:27]    INFO >> epoch 008 | valid on 'valid' subset | loss 91.847 | nll_loss 5.63 | bleu 15.6778 | ppl 49.52 | wps 0 | wpb 33411 | bsz 2048 | num_updates 13384 | best_bleu 16.0797 (progress_bar.py:269, print())
[2020-12-27 23:21:52]    INFO >> epoch 009:    116 / 1673 loss=88.596, nll_loss=5.316, bleu=0, ppl=39.83, wps=8556.4, ups=5.13, wpb=1666.6, bsz=100, num_updates=13500, lr=0.5, gnorm=610.35, clip=100, train_wall=67, wall=2030 (progress_bar.py:262, log())
[2020-12-27 23:23:00]    INFO >> epoch 009:    616 / 1673 loss=87.327, nll_loss=5.24, bleu=0, ppl=37.78, wps=12299.3, ups=7.38, wpb=1666.6, bsz=100, num_updates=14000, lr=0.5, gnorm=611.191, clip=100, train_wall=65, wall=2098 (progress_bar.py:262, log())
[2020-12-27 23:24:10]    INFO >> epoch 009:   1116 / 1673 loss=87.749, nll_loss=5.26, bleu=0, ppl=38.32, wps=11978, ups=7.18, wpb=1668.2, bsz=100, num_updates=14500, lr=0.5, gnorm=612.777, clip=100, train_wall=67, wall=2167 (progress_bar.py:262, log())
[2020-12-27 23:25:11]    INFO >> epoch 009:   1616 / 1673 loss=88.115, nll_loss=5.266, bleu=0, ppl=38.48, wps=13577.4, ups=8.12, wpb=1672.8, bsz=100, num_updates=15000, lr=0.5, gnorm=612.691, clip=100, train_wall=59, wall=2229 (progress_bar.py:262, log())
[2020-12-27 23:25:20]    INFO >> epoch 009 | loss 87.784 | nll_loss 5.257 | bleu 0 | ppl 38.25 | wps 10991.6 | ups 6.58 | wpb 1669.6 | bsz 100 | num_updates 15057 | lr 0.5 | gnorm 612.197 | clip 100 | train_wall 218 | wall 2238 (progress_bar.py:269, print())
[2020-12-27 23:25:43]    INFO >> epoch 009 | valid on 'valid' subset | loss 92.428 | nll_loss 5.666 | bleu 14.7635 | ppl 50.76 | wps 0 | wpb 33411 | bsz 2048 | num_updates 15057 | best_bleu 16.0797 (progress_bar.py:269, print())
[2020-12-27 23:26:48]    INFO >> epoch 010:    443 / 1673 loss=86.861, nll_loss=5.186, bleu=0, ppl=36.4, wps=8639.4, ups=5.16, wpb=1674.9, bsz=100, num_updates=15500, lr=0.5, gnorm=612.497, clip=100, train_wall=65, wall=2326 (progress_bar.py:262, log())
[2020-12-27 23:28:02]    INFO >> epoch 010:    943 / 1673 loss=86.373, nll_loss=5.175, bleu=0, ppl=36.13, wps=11271.3, ups=6.75, wpb=1669, bsz=100, num_updates=16000, lr=0.5, gnorm=611.041, clip=100, train_wall=72, wall=2400 (progress_bar.py:262, log())
[2020-12-27 23:29:09]    INFO >> epoch 010:   1443 / 1673 loss=86.076, nll_loss=5.164, bleu=0, ppl=35.85, wps=12461.9, ups=7.48, wpb=1666.5, bsz=100, num_updates=16500, lr=0.5, gnorm=610.409, clip=100, train_wall=64, wall=2467 (progress_bar.py:262, log())
[2020-12-27 23:29:43]    INFO >> epoch 010 | loss 86.312 | nll_loss 5.169 | bleu 0 | ppl 35.98 | wps 10623.4 | ups 6.36 | wpb 1669.6 | bsz 100 | num_updates 16730 | lr 0.5 | gnorm 610.582 | clip 100 | train_wall 225 | wall 2501 (progress_bar.py:269, print())
[2020-12-27 23:29:57]    INFO >> epoch 010 | valid on 'valid' subset | loss 92.197 | nll_loss 5.651 | bleu 16.539 | ppl 50.26 | wps 0 | wpb 33411 | bsz 2048 | num_updates 16730 | best_bleu 16.539 (progress_bar.py:269, print())
[2020-12-27 23:29:58]    INFO >> saved checkpoint /home/wanyao/.ncc/code_search_net_feng/summarization/go/data-mmap/codenn/checkpoints/checkpoint_best.pt (epoch 10 @ 16730 updates, score 16.53899455917397) (writing took 0.690075533464551 seconds) (checkpoint_utils.py:81, save_checkpoint())
[2020-12-27 23:30:38]    INFO >> epoch 011:    270 / 1673 loss=86.017, nll_loss=5.127, bleu=0, ppl=34.95, wps=9412, ups=5.61, wpb=1677.7, bsz=100, num_updates=17000, lr=0.5, gnorm=610.454, clip=100, train_wall=65, wall=2556 (progress_bar.py:262, log())
[2020-12-27 23:31:49]    INFO >> epoch 011:    770 / 1673 loss=84.654, nll_loss=5.078, bleu=0, ppl=33.77, wps=11807.9, ups=7.08, wpb=1666.8, bsz=100, num_updates=17500, lr=0.5, gnorm=609.313, clip=100, train_wall=68, wall=2626 (progress_bar.py:262, log())
[2020-12-27 23:32:58]    INFO >> epoch 011:   1270 / 1673 loss=84.796, nll_loss=5.092, bleu=0, ppl=34.11, wps=12013.8, ups=7.21, wpb=1665.3, bsz=100, num_updates=18000, lr=0.5, gnorm=611.105, clip=100, train_wall=67, wall=2696 (progress_bar.py:262, log())
[2020-12-27 23:33:54]    INFO >> epoch 011 | loss 85.03 | nll_loss 5.092 | bleu 0 | ppl 34.12 | wps 11152.9 | ups 6.68 | wpb 1669.6 | bsz 100 | num_updates 18403 | lr 0.5 | gnorm 610.928 | clip 100 | train_wall 220 | wall 2752 (progress_bar.py:269, print())
[2020-12-27 23:34:21]    INFO >> epoch 011 | valid on 'valid' subset | loss 90.731 | nll_loss 5.562 | bleu 16.4138 | ppl 47.23 | wps 0 | wpb 33411 | bsz 2048 | num_updates 18403 | best_bleu 16.539 (progress_bar.py:269, print())
[2020-12-27 23:34:42]    INFO >> epoch 012:     97 / 1673 loss=84.844, nll_loss=5.086, bleu=0, ppl=33.97, wps=8057, ups=4.83, wpb=1668.1, bsz=100, num_updates=18500, lr=0.5, gnorm=611.378, clip=100, train_wall=66, wall=2799 (progress_bar.py:262, log())
[2020-12-27 23:35:46]    INFO >> epoch 012:    597 / 1673 loss=83.855, nll_loss=5.023, bleu=0, ppl=32.52, wps=13005, ups=7.79, wpb=1669.3, bsz=100, num_updates=19000, lr=0.5, gnorm=609.638, clip=100, train_wall=62, wall=2863 (progress_bar.py:262, log())
[2020-12-27 23:36:54]    INFO >> epoch 012:   1097 / 1673 loss=84.016, nll_loss=5.023, bleu=0, ppl=32.52, wps=12227.9, ups=7.31, wpb=1672.1, bsz=100, num_updates=19500, lr=0.5, gnorm=611.287, clip=100, train_wall=66, wall=2932 (progress_bar.py:262, log())
[2020-12-27 23:38:01]    INFO >> epoch 012:   1597 / 1673 loss=84.235, nll_loss=5.042, bleu=0, ppl=32.94, wps=12570.8, ups=7.52, wpb=1670.7, bsz=100, num_updates=20000, lr=0.5, gnorm=610.845, clip=100, train_wall=64, wall=2998 (progress_bar.py:262, log())
[2020-12-27 23:38:13]    INFO >> epoch 012 | loss 83.908 | nll_loss 5.025 | bleu 0 | ppl 32.56 | wps 10765.8 | ups 6.45 | wpb 1669.6 | bsz 100 | num_updates 20076 | lr 0.5 | gnorm 610.382 | clip 100 | train_wall 216 | wall 3011 (progress_bar.py:269, print())
[2020-12-27 23:38:38]    INFO >> epoch 012 | valid on 'valid' subset | loss 90.732 | nll_loss 5.562 | bleu 15.6355 | ppl 47.23 | wps 0 | wpb 33411 | bsz 2048 | num_updates 20076 | best_bleu 16.539 (progress_bar.py:269, print())
[2020-12-27 23:39:40]    INFO >> epoch 013:    424 / 1673 loss=82.613, nll_loss=4.96, bleu=0, ppl=31.12, wps=8332.8, ups=5, wpb=1665.3, bsz=100, num_updates=20500, lr=0.5, gnorm=607.575, clip=100, train_wall=65, wall=3098 (progress_bar.py:262, log())
[2020-12-27 23:40:53]    INFO >> epoch 013:    924 / 1673 loss=82.986, nll_loss=4.963, bleu=0, ppl=31.18, wps=11527.6, ups=6.89, wpb=1672.2, bsz=100, num_updates=21000, lr=0.5, gnorm=612.832, clip=100, train_wall=70, wall=3171 (progress_bar.py:262, log())
[2020-12-27 23:41:52]    INFO >> epoch 013:   1424 / 1673 loss=83.065, nll_loss=4.968, bleu=0, ppl=31.3, wps=14192.2, ups=8.49, wpb=1671.9, bsz=100, num_updates=21500, lr=0.5, gnorm=612.502, clip=100, train_wall=56, wall=3230 (progress_bar.py:262, log())
[2020-12-27 23:42:31]    INFO >> epoch 013 | loss 82.83 | nll_loss 4.961 | bleu 0 | ppl 31.14 | wps 10849.5 | ups 6.5 | wpb 1669.6 | bsz 100 | num_updates 21749 | lr 0.5 | gnorm 610.77 | clip 100 | train_wall 217 | wall 3269 (progress_bar.py:269, print())
[2020-12-27 23:42:48]    INFO >> epoch 013 | valid on 'valid' subset | loss 91.278 | nll_loss 5.595 | bleu 15.5161 | ppl 48.34 | wps 0 | wpb 33411 | bsz 2048 | num_updates 21749 | best_bleu 16.539 (progress_bar.py:269, print())
[2020-12-27 23:43:33]    INFO >> epoch 014:    251 / 1673 loss=82.037, nll_loss=4.917, bleu=0, ppl=30.21, wps=8260.1, ups=4.95, wpb=1668.4, bsz=100, num_updates=22000, lr=0.5, gnorm=608.695, clip=100, train_wall=74, wall=3331 (progress_bar.py:262, log())
[2020-12-27 23:44:43]    INFO >> epoch 014:    751 / 1673 loss=82.182, nll_loss=4.904, bleu=0, ppl=29.95, wps=11971.2, ups=7.14, wpb=1675.7, bsz=100, num_updates=22500, lr=0.5, gnorm=610.946, clip=100, train_wall=67, wall=3401 (progress_bar.py:262, log())
[2020-12-27 23:45:53]    INFO >> epoch 014:   1251 / 1673 loss=81.674, nll_loss=4.908, bleu=0, ppl=30.02, wps=11921.2, ups=7.17, wpb=1663.8, bsz=100, num_updates=23000, lr=0.5, gnorm=610.946, clip=100, train_wall=67, wall=3470 (progress_bar.py:262, log())
[2020-12-27 23:46:49]    INFO >> epoch 014 | loss 81.88 | nll_loss 4.904 | bleu 0 | ppl 29.93 | wps 10801.4 | ups 6.47 | wpb 1669.6 | bsz 100 | num_updates 23422 | lr 0.5 | gnorm 610.498 | clip 100 | train_wall 227 | wall 3527 (progress_bar.py:269, print())
[2020-12-27 23:47:11]    INFO >> epoch 014 | valid on 'valid' subset | loss 91.09 | nll_loss 5.584 | bleu 15.5608 | ppl 47.95 | wps 0 | wpb 33411 | bsz 2048 | num_updates 23422 | best_bleu 16.539 (progress_bar.py:269, print())
[2020-12-27 23:47:28]    INFO >> epoch 015:     78 / 1673 loss=81.68, nll_loss=4.892, bleu=0, ppl=29.7, wps=8756.2, ups=5.24, wpb=1669.6, bsz=100, num_updates=23500, lr=0.5, gnorm=609.052, clip=100, train_wall=64, wall=3566 (progress_bar.py:262, log())
[2020-12-27 23:48:25]    INFO >> epoch 015:    578 / 1673 loss=80.615, nll_loss=4.825, bleu=0, ppl=28.34, wps=14747.2, ups=8.83, wpb=1670.5, bsz=100, num_updates=24000, lr=0.5, gnorm=611.161, clip=100, train_wall=54, wall=3622 (progress_bar.py:262, log())
[2020-12-27 23:49:30]    INFO >> epoch 015:   1078 / 1673 loss=81.184, nll_loss=4.867, bleu=0, ppl=29.18, wps=12743.9, ups=7.64, wpb=1668, bsz=100, num_updates=24500, lr=0.5, gnorm=612.948, clip=100, train_wall=63, wall=3688 (progress_bar.py:262, log())
[2020-12-27 23:50:28]    INFO >> epoch 015:   1578 / 1673 loss=81.222, nll_loss=4.865, bleu=0, ppl=29.15, wps=14297.5, ups=8.56, wpb=1669.4, bsz=100, num_updates=25000, lr=0.5, gnorm=611.192, clip=100, train_wall=56, wall=3746 (progress_bar.py:262, log())
[2020-12-27 23:50:41]    INFO >> epoch 015 | loss 80.992 | nll_loss 4.851 | bleu 0 | ppl 28.85 | wps 12039.3 | ups 7.21 | wpb 1669.6 | bsz 100 | num_updates 25095 | lr 0.5 | gnorm 611.48 | clip 100 | train_wall 195 | wall 3759 (progress_bar.py:269, print())
[2020-12-27 23:51:02]    INFO >> epoch 015 | valid on 'valid' subset | loss 90.601 | nll_loss 5.554 | bleu 16.2391 | ppl 46.97 | wps 0 | wpb 33411 | bsz 2048 | num_updates 25095 | best_bleu 16.539 (progress_bar.py:269, print())
[2020-12-27 23:51:55]    INFO >> epoch 016:    405 / 1673 loss=80.209, nll_loss=4.804, bleu=0, ppl=27.94, wps=9697.2, ups=5.81, wpb=1669.5, bsz=100, num_updates=25500, lr=0.5, gnorm=610.94, clip=100, train_wall=55, wall=3832 (progress_bar.py:262, log())
[2020-12-27 23:52:52]    INFO >> epoch 016:    905 / 1673 loss=80.143, nll_loss=4.802, bleu=0, ppl=27.9, wps=14506.7, ups=8.69, wpb=1668.4, bsz=100, num_updates=26000, lr=0.5, gnorm=611.224, clip=100, train_wall=55, wall=3890 (progress_bar.py:262, log())
[2020-12-27 23:53:50]    INFO >> epoch 016:   1405 / 1673 loss=80.292, nll_loss=4.803, bleu=0, ppl=27.92, wps=14448.1, ups=8.64, wpb=1671.6, bsz=100, num_updates=26500, lr=0.5, gnorm=609.918, clip=100, train_wall=55, wall=3948 (progress_bar.py:262, log())
[2020-12-27 23:54:25]    INFO >> epoch 016 | loss 80.169 | nll_loss 4.801 | bleu 0 | ppl 27.88 | wps 12467.5 | ups 7.47 | wpb 1669.6 | bsz 100 | num_updates 26768 | lr 0.5 | gnorm 610.539 | clip 100 | train_wall 188 | wall 3983 (progress_bar.py:269, print())
[2020-12-27 23:54:42]    INFO >> epoch 016 | valid on 'valid' subset | loss 90.466 | nll_loss 5.545 | bleu 16.2116 | ppl 46.7 | wps 0 | wpb 33411 | bsz 2048 | num_updates 26768 | best_bleu 16.539 (progress_bar.py:269, print())
[2020-12-27 23:55:19]    INFO >> epoch 017:    232 / 1673 loss=79.916, nll_loss=4.784, bleu=0, ppl=27.55, wps=9405.1, ups=5.63, wpb=1670, bsz=100, num_updates=27000, lr=0.5, gnorm=611.096, clip=100, train_wall=62, wall=4036 (progress_bar.py:262, log())
[2020-12-27 23:56:21]    INFO >> epoch 017:    732 / 1673 loss=78.681, nll_loss=4.728, bleu=0, ppl=26.5, wps=13340.9, ups=8.02, wpb=1664.1, bsz=100, num_updates=27500, lr=0.5, gnorm=610.493, clip=100, train_wall=60, wall=4099 (progress_bar.py:262, log())
[2020-12-27 23:57:23]    INFO >> epoch 017:   1232 / 1673 loss=80.144, nll_loss=4.785, bleu=0, ppl=27.57, wps=13608.4, ups=8.12, wpb=1674.9, bsz=100, num_updates=28000, lr=0.5, gnorm=613.184, clip=100, train_wall=59, wall=4160 (progress_bar.py:262, log())
[2020-12-27 23:58:07]    INFO >> epoch 017 | loss 79.418 | nll_loss 4.756 | bleu 0 | ppl 27.02 | wps 12580 | ups 7.53 | wpb 1669.6 | bsz 100 | num_updates 28441 | lr 0.5 | gnorm 611.075 | clip 100 | train_wall 190 | wall 4205 (progress_bar.py:269, print())
[2020-12-27 23:58:30]    INFO >> epoch 017 | valid on 'valid' subset | loss 91.004 | nll_loss 5.578 | bleu 16.2425 | ppl 47.78 | wps 0 | wpb 33411 | bsz 2048 | num_updates 28441 | best_bleu 16.539 (progress_bar.py:269, print())
[2020-12-27 23:58:45]    INFO >> epoch 018:     59 / 1673 loss=79.124, nll_loss=4.743, bleu=0, ppl=26.79, wps=10157.2, ups=6.09, wpb=1667.7, bsz=100, num_updates=28500, lr=0.5, gnorm=608.982, clip=100, train_wall=50, wall=4242 (progress_bar.py:262, log())
[2020-12-27 23:59:43]    INFO >> epoch 018:    559 / 1673 loss=78.518, nll_loss=4.691, bleu=0, ppl=25.83, wps=14341.8, ups=8.57, wpb=1673.9, bsz=100, num_updates=29000, lr=0.5, gnorm=613.12, clip=100, train_wall=56, wall=4301 (progress_bar.py:262, log())
[2020-12-28 00:00:48]    INFO >> epoch 018:   1059 / 1673 loss=78.468, nll_loss=4.712, bleu=0, ppl=26.2, wps=12733.9, ups=7.65, wpb=1665.4, bsz=100, num_updates=29500, lr=0.5, gnorm=611.577, clip=100, train_wall=63, wall=4366 (progress_bar.py:262, log())
[2020-12-28 00:01:46]    INFO >> epoch 018:   1559 / 1673 loss=79.243, nll_loss=4.737, bleu=0, ppl=26.67, wps=14450.2, ups=8.64, wpb=1672.8, bsz=100, num_updates=30000, lr=0.5, gnorm=613.26, clip=100, train_wall=56, wall=4424 (progress_bar.py:262, log())
[2020-12-28 00:02:02]    INFO >> epoch 018 | loss 78.687 | nll_loss 4.712 | bleu 0 | ppl 26.22 | wps 11918.6 | ups 7.14 | wpb 1669.6 | bsz 100 | num_updates 30114 | lr 0.5 | gnorm 612.518 | clip 100 | train_wall 197 | wall 4440 (progress_bar.py:269, print())
[2020-12-28 00:02:23]    INFO >> epoch 018 | valid on 'valid' subset | loss 89.427 | nll_loss 5.482 | bleu 17.0713 | ppl 44.68 | wps 0 | wpb 33411 | bsz 2048 | num_updates 30114 | best_bleu 17.0713 (progress_bar.py:269, print())
[2020-12-28 00:02:24]    INFO >> saved checkpoint /home/wanyao/.ncc/code_search_net_feng/summarization/go/data-mmap/codenn/checkpoints/checkpoint_best.pt (epoch 18 @ 30114 updates, score 17.071271398208335) (writing took 0.6764443293213844 seconds) (checkpoint_utils.py:81, save_checkpoint())
[2020-12-28 00:03:09]    INFO >> epoch 019:    386 / 1673 loss=78.14, nll_loss=4.676, bleu=0, ppl=25.56, wps=10138.9, ups=6.07, wpb=1671.1, bsz=100, num_updates=30500, lr=0.5, gnorm=612.826, clip=100, train_wall=51, wall=4507 (progress_bar.py:262, log())
[2020-12-28 00:04:12]    INFO >> epoch 019:    886 / 1673 loss=78.193, nll_loss=4.679, bleu=0, ppl=25.62, wps=13221.7, ups=7.91, wpb=1670.7, bsz=100, num_updates=31000, lr=0.5, gnorm=612.689, clip=100, train_wall=61, wall=4570 (progress_bar.py:262, log())
[2020-12-28 00:05:13]    INFO >> epoch 019:   1386 / 1673 loss=77.776, nll_loss=4.673, bleu=0, ppl=25.5, wps=13641.8, ups=8.2, wpb=1664.5, bsz=100, num_updates=31500, lr=0.5, gnorm=610.768, clip=100, train_wall=59, wall=4631 (progress_bar.py:262, log())
[2020-12-28 00:05:50]    INFO >> epoch 019 | loss 78.064 | nll_loss 4.675 | bleu 0 | ppl 25.55 | wps 12254.6 | ups 7.34 | wpb 1669.6 | bsz 100 | num_updates 31787 | lr 0.5 | gnorm 612.581 | clip 100 | train_wall 191 | wall 4668 (progress_bar.py:269, print())
[2020-12-28 00:06:07]    INFO >> epoch 019 | valid on 'valid' subset | loss 91.282 | nll_loss 5.595 | bleu 15.4295 | ppl 48.35 | wps 0 | wpb 33411 | bsz 2048 | num_updates 31787 | best_bleu 17.0713 (progress_bar.py:269, print())
[2020-12-28 00:06:42]    INFO >> epoch 020:    213 / 1673 loss=77.755, nll_loss=4.653, bleu=0, ppl=25.16, wps=9333.9, ups=5.59, wpb=1671, bsz=100, num_updates=32000, lr=0.5, gnorm=613.215, clip=100, train_wall=62, wall=4720 (progress_bar.py:262, log())
[2020-12-28 00:07:42]    INFO >> epoch 020:    713 / 1673 loss=77.61, nll_loss=4.634, bleu=0, ppl=24.84, wps=14095.1, ups=8.42, wpb=1674.6, bsz=100, num_updates=32500, lr=0.5, gnorm=613.909, clip=100, train_wall=57, wall=4780 (progress_bar.py:262, log())
[2020-12-28 00:08:37]    INFO >> epoch 020:   1213 / 1673 loss=77.309, nll_loss=4.645, bleu=0, ppl=25.01, wps=15073.4, ups=9.06, wpb=1664.5, bsz=100, num_updates=33000, lr=0.5, gnorm=611.335, clip=100, train_wall=53, wall=4835 (progress_bar.py:262, log())
[2020-12-28 00:09:30]    INFO >> epoch 020 | loss 77.439 | nll_loss 4.638 | bleu 0 | ppl 24.89 | wps 12668.2 | ups 7.59 | wpb 1669.6 | bsz 100 | num_updates 33460 | lr 0.5 | gnorm 612.745 | clip 100 | train_wall 187 | wall 4888 (progress_bar.py:269, print())
[2020-12-28 00:09:54]    INFO >> epoch 020 | valid on 'valid' subset | loss 90.274 | nll_loss 5.534 | bleu 16.2859 | ppl 46.32 | wps 0 | wpb 33411 | bsz 2048 | num_updates 33460 | best_bleu 17.0713 (progress_bar.py:269, print())
[2020-12-28 00:10:07]    INFO >> epoch 021:     40 / 1673 loss=77.57, nll_loss=4.644, bleu=0, ppl=25, wps=9325.7, ups=5.58, wpb=1670.1, bsz=100, num_updates=33500, lr=0.5, gnorm=614.245, clip=100, train_wall=56, wall=4924 (progress_bar.py:262, log())
[2020-12-28 00:11:05]    INFO >> epoch 021:    540 / 1673 loss=76.426, nll_loss=4.582, bleu=0, ppl=23.95, wps=14280, ups=8.56, wpb=1667.7, bsz=100, num_updates=34000, lr=0.5, gnorm=612.649, clip=100, train_wall=56, wall=4983 (progress_bar.py:262, log())
[2020-12-28 00:12:10]    INFO >> epoch 021:   1040 / 1673 loss=76.733, nll_loss=4.606, bleu=0, ppl=24.36, wps=12751.6, ups=7.65, wpb=1665.9, bsz=100, num_updates=34500, lr=0.5, gnorm=613.652, clip=100, train_wall=63, wall=5048 (progress_bar.py:262, log())
[2020-12-28 00:13:04]    INFO >> epoch 021:   1540 / 1673 loss=77.496, nll_loss=4.624, bleu=0, ppl=24.66, wps=15526.1, ups=9.26, wpb=1676, bsz=100, num_updates=35000, lr=0.5, gnorm=614.362, clip=100, train_wall=52, wall=5102 (progress_bar.py:262, log())
[2020-12-28 00:13:18]    INFO >> epoch 021 | loss 76.859 | nll_loss 4.603 | bleu 0 | ppl 24.3 | wps 12259.3 | ups 7.34 | wpb 1669.6 | bsz 100 | num_updates 35133 | lr 0.5 | gnorm 613.627 | clip 100 | train_wall 188 | wall 5116 (progress_bar.py:269, print())
[2020-12-28 00:13:40]    INFO >> epoch 021 | valid on 'valid' subset | loss 90.597 | nll_loss 5.553 | bleu 16.5006 | ppl 46.96 | wps 0 | wpb 33411 | bsz 2048 | num_updates 35133 | best_bleu 17.0713 (progress_bar.py:269, print())
[2020-12-28 00:14:31]    INFO >> epoch 022:    367 / 1673 loss=76.248, nll_loss=4.573, bleu=0, ppl=23.8, wps=9605.1, ups=5.76, wpb=1667.4, bsz=100, num_updates=35500, lr=0.5, gnorm=612.688, clip=100, train_wall=55, wall=5189 (progress_bar.py:262, log())
[2020-12-28 00:15:32]    INFO >> epoch 022:    867 / 1673 loss=76.228, nll_loss=4.562, bleu=0, ppl=23.61, wps=13625.1, ups=8.16, wpb=1670.7, bsz=100, num_updates=36000, lr=0.5, gnorm=614.873, clip=100, train_wall=59, wall=5250 (progress_bar.py:262, log())
[2020-12-28 00:16:35]    INFO >> epoch 022:   1367 / 1673 loss=76.551, nll_loss=4.588, bleu=0, ppl=24.05, wps=13351.6, ups=8, wpb=1668.5, bsz=100, num_updates=36500, lr=0.5, gnorm=612.669, clip=100, train_wall=60, wall=5313 (progress_bar.py:262, log())
[2020-12-28 00:17:13]    INFO >> epoch 022 | loss 76.315 | nll_loss 4.57 | bleu 0 | ppl 23.76 | wps 11912.9 | ups 7.14 | wpb 1669.6 | bsz 100 | num_updates 36806 | lr 0.5 | gnorm 613.323 | clip 100 | train_wall 197 | wall 5350 (progress_bar.py:269, print())
[2020-12-28 00:17:30]    INFO >> epoch 022 | valid on 'valid' subset | loss 90.951 | nll_loss 5.575 | bleu 16.0066 | ppl 47.67 | wps 0 | wpb 33411 | bsz 2048 | num_updates 36806 | best_bleu 17.0713 (progress_bar.py:269, print())
[2020-12-28 00:17:59]    INFO >> epoch 023:    194 / 1673 loss=75.92, nll_loss=4.544, bleu=0, ppl=23.34, wps=9927.5, ups=5.94, wpb=1670.6, bsz=100, num_updates=37000, lr=0.5, gnorm=611.829, clip=100, train_wall=57, wall=5397 (progress_bar.py:262, log())
[2020-12-28 00:18:51]    INFO >> epoch 023:    694 / 1673 loss=75.677, nll_loss=4.526, bleu=0, ppl=23.03, wps=15949.8, ups=9.54, wpb=1672.2, bsz=100, num_updates=37500, lr=0.5, gnorm=614.679, clip=100, train_wall=50, wall=5449 (progress_bar.py:262, log())
[2020-12-28 00:19:56]    INFO >> epoch 023:   1194 / 1673 loss=75.814, nll_loss=4.542, bleu=0, ppl=23.3, wps=12847.4, ups=7.7, wpb=1668.7, bsz=100, num_updates=38000, lr=0.5, gnorm=614.439, clip=100, train_wall=63, wall=5514 (progress_bar.py:262, log())
[2020-12-28 00:20:53]    INFO >> epoch 023 | loss 75.779 | nll_loss 4.538 | bleu 0 | ppl 23.24 | wps 12698.3 | ups 7.61 | wpb 1669.6 | bsz 100 | num_updates 38479 | lr 0.5 | gnorm 613.528 | clip 100 | train_wall 188 | wall 5570 (progress_bar.py:269, print())
[2020-12-28 00:21:14]    INFO >> epoch 023 | valid on 'valid' subset | loss 91.271 | nll_loss 5.595 | bleu 16.6806 | ppl 48.32 | wps 0 | wpb 33411 | bsz 2048 | num_updates 38479 | best_bleu 17.0713 (progress_bar.py:269, print())
[2020-12-28 00:21:23]    INFO >> epoch 024:     21 / 1673 loss=76.059, nll_loss=4.559, bleu=0, ppl=23.57, wps=9612.4, ups=5.76, wpb=1668.4, bsz=100, num_updates=38500, lr=0.5, gnorm=612.633, clip=100, train_wall=56, wall=5601 (progress_bar.py:262, log())
[2020-12-28 00:22:22]    INFO >> epoch 024:    521 / 1673 loss=75.126, nll_loss=4.494, bleu=0, ppl=22.53, wps=14272.1, ups=8.54, wpb=1671.3, bsz=100, num_updates=39000, lr=0.5, gnorm=615.132, clip=100, train_wall=56, wall=5660 (progress_bar.py:262, log())
[2020-12-28 00:23:21]    INFO >> epoch 024:   1021 / 1673 loss=74.801, nll_loss=4.497, bleu=0, ppl=22.58, wps=14003.9, ups=8.42, wpb=1663.4, bsz=100, num_updates=39500, lr=0.5, gnorm=611.914, clip=100, train_wall=57, wall=5719 (progress_bar.py:262, log())
[2020-12-28 00:24:19]    INFO >> epoch 024:   1521 / 1673 loss=75.705, nll_loss=4.525, bleu=0, ppl=23.02, wps=14561.2, ups=8.7, wpb=1673.2, bsz=100, num_updates=40000, lr=0.5, gnorm=616.091, clip=100, train_wall=55, wall=5776 (progress_bar.py:262, log())
[2020-12-28 00:24:39]    INFO >> epoch 024 | loss 75.283 | nll_loss 4.509 | bleu 0 | ppl 22.76 | wps 12329.7 | ups 7.38 | wpb 1669.6 | bsz 100 | num_updates 40152 | lr 0.5 | gnorm 614.221 | clip 100 | train_wall 190 | wall 5797 (progress_bar.py:269, print())
[2020-12-28 00:24:58]    INFO >> epoch 024 | valid on 'valid' subset | loss 90.347 | nll_loss 5.538 | bleu 16.9532 | ppl 46.46 | wps 0 | wpb 33411 | bsz 2048 | num_updates 40152 | best_bleu 17.0713 (progress_bar.py:269, print())
[2020-12-28 00:25:48]    INFO >> epoch 025:    348 / 1673 loss=74.88, nll_loss=4.483, bleu=0, ppl=22.37, wps=9359.3, ups=5.6, wpb=1669.8, bsz=100, num_updates=40500, lr=0.5, gnorm=613.911, clip=100, train_wall=60, wall=5866 (progress_bar.py:262, log())
[2020-12-28 00:26:49]    INFO >> epoch 025:    848 / 1673 loss=74.709, nll_loss=4.475, bleu=0, ppl=22.24, wps=13703.3, ups=8.21, wpb=1669.5, bsz=100, num_updates=41000, lr=0.5, gnorm=617.394, clip=100, train_wall=59, wall=5927 (progress_bar.py:262, log())
[2020-12-28 00:27:51]    INFO >> epoch 025:   1348 / 1673 loss=74.929, nll_loss=4.488, bleu=0, ppl=22.44, wps=13386.1, ups=8.02, wpb=1669.5, bsz=100, num_updates=41500, lr=0.5, gnorm=616.318, clip=100, train_wall=60, wall=5989 (progress_bar.py:262, log())
[2020-12-28 00:28:27]    INFO >> epoch 025 | loss 74.809 | nll_loss 4.48 | bleu 0 | ppl 22.32 | wps 12285 | ups 7.36 | wpb 1669.6 | bsz 100 | num_updates 41825 | lr 0.5 | gnorm 615.672 | clip 100 | train_wall 193 | wall 6024 (progress_bar.py:269, print())
[2020-12-28 00:28:43]    INFO >> epoch 025 | valid on 'valid' subset | loss 90.382 | nll_loss 5.54 | bleu 16.5775 | ppl 46.53 | wps 0 | wpb 33411 | bsz 2048 | num_updates 41825 | best_bleu 17.0713 (progress_bar.py:269, print())
[2020-12-28 00:29:13]    INFO >> epoch 026:    175 / 1673 loss=74.586, nll_loss=4.469, bleu=0, ppl=22.15, wps=10220.7, ups=6.12, wpb=1668.8, bsz=100, num_updates=42000, lr=0.5, gnorm=613.867, clip=100, train_wall=56, wall=6071 (progress_bar.py:262, log())
[2020-12-28 00:30:11]    INFO >> epoch 026:    675 / 1673 loss=74.212, nll_loss=4.44, bleu=0, ppl=21.7, wps=14374.7, ups=8.6, wpb=1671.5, bsz=100, num_updates=42500, lr=0.5, gnorm=616.706, clip=100, train_wall=56, wall=6129 (progress_bar.py:262, log())
[2020-12-28 00:31:16]    INFO >> epoch 026:   1175 / 1673 loss=74.235, nll_loss=4.447, bleu=0, ppl=21.8, wps=12894.3, ups=7.72, wpb=1669.5, bsz=100, num_updates=43000, lr=0.5, gnorm=615.168, clip=100, train_wall=63, wall=6193 (progress_bar.py:262, log())
[2020-12-28 00:32:14]    INFO >> epoch 026 | loss 74.349 | nll_loss 4.453 | bleu 0 | ppl 21.9 | wps 12289.7 | ups 7.36 | wpb 1669.6 | bsz 100 | num_updates 43498 | lr 0.5 | gnorm 616.067 | clip 100 | train_wall 196 | wall 6252 (progress_bar.py:269, print())
[2020-12-28 00:32:35]    INFO >> epoch 026 | valid on 'valid' subset | loss 90.039 | nll_loss 5.519 | bleu 16.1478 | ppl 45.86 | wps 0 | wpb 33411 | bsz 2048 | num_updates 43498 | best_bleu 17.0713 (progress_bar.py:269, print())
[2020-12-28 00:32:43]    INFO >> epoch 027:      2 / 1673 loss=74.878, nll_loss=4.485, bleu=0, ppl=22.39, wps=9588.8, ups=5.74, wpb=1669.3, bsz=100, num_updates=43500, lr=0.5, gnorm=616.619, clip=100, train_wall=56, wall=6280 (progress_bar.py:262, log())
[2020-12-28 00:33:35]    INFO >> epoch 027:    502 / 1673 loss=73.26, nll_loss=4.397, bleu=0, ppl=21.07, wps=15963.4, ups=9.58, wpb=1666.1, bsz=100, num_updates=44000, lr=0.5, gnorm=613.916, clip=100, train_wall=50, wall=6333 (progress_bar.py:262, log())
[2020-12-28 00:34:37]    INFO >> epoch 027:   1002 / 1673 loss=74.391, nll_loss=4.438, bleu=0, ppl=21.68, wps=13547.9, ups=8.08, wpb=1676.2, bsz=100, num_updates=44500, lr=0.5, gnorm=617.129, clip=100, train_wall=59, wall=6394 (progress_bar.py:262, log())
[2020-12-28 00:35:28]    INFO >> epoch 027:   1502 / 1673 loss=74.088, nll_loss=4.442, bleu=0, ppl=21.73, wps=16363.5, ups=9.81, wpb=1667.7, bsz=100, num_updates=45000, lr=0.5, gnorm=617.463, clip=100, train_wall=49, wall=6445 (progress_bar.py:262, log())
[2020-12-28 00:35:45]    INFO >> epoch 027 | loss 73.918 | nll_loss 4.427 | bleu 0 | ppl 21.51 | wps 13209.5 | ups 7.91 | wpb 1669.6 | bsz 100 | num_updates 45171 | lr 0.5 | gnorm 615.708 | clip 100 | train_wall 175 | wall 6463 (progress_bar.py:269, print())
[2020-12-28 00:36:00]    INFO >> epoch 027 | valid on 'valid' subset | loss 92.591 | nll_loss 5.676 | bleu 17.0104 | ppl 51.11 | wps 0 | wpb 33411 | bsz 2048 | num_updates 45171 | best_bleu 17.0713 (progress_bar.py:269, print())
[2020-12-28 00:36:40]    INFO >> epoch 028:    329 / 1673 loss=73.391, nll_loss=4.402, bleu=0, ppl=21.14, wps=11542.8, ups=6.92, wpb=1667.3, bsz=100, num_updates=45500, lr=0.5, gnorm=613.577, clip=100, train_wall=48, wall=6518 (progress_bar.py:262, log())
[2020-12-28 00:37:30]    INFO >> epoch 028:    829 / 1673 loss=73.18, nll_loss=4.384, bleu=0, ppl=20.88, wps=16664.1, ups=9.98, wpb=1669.2, bsz=100, num_updates=46000, lr=0.5, gnorm=616.179, clip=100, train_wall=48, wall=6568 (progress_bar.py:262, log())
[2020-12-28 00:38:12]    INFO >> epoch 028:   1329 / 1673 loss=73.547, nll_loss=4.408, bleu=0, ppl=21.23, wps=19955.1, ups=11.96, wpb=1668, bsz=100, num_updates=46500, lr=0.5, gnorm=616.167, clip=100, train_wall=40, wall=6610 (progress_bar.py:262, log())
[2020-12-28 00:38:46]    INFO >> epoch 028 | loss 73.514 | nll_loss 4.403 | bleu 0 | ppl 21.15 | wps 15413.2 | ups 9.23 | wpb 1669.6 | bsz 100 | num_updates 46844 | lr 0.5 | gnorm 616.089 | clip 100 | train_wall 152 | wall 6644 (progress_bar.py:269, print())
[2020-12-28 00:39:03]    INFO >> epoch 028 | valid on 'valid' subset | loss 92.69 | nll_loss 5.682 | bleu 16.5827 | ppl 51.33 | wps 0 | wpb 33411 | bsz 2048 | num_updates 46844 | best_bleu 17.0713 (progress_bar.py:269, print())
[2020-12-28 00:39:26]    INFO >> epoch 029:    156 / 1673 loss=73.769, nll_loss=4.409, bleu=0, ppl=21.24, wps=11312.3, ups=6.76, wpb=1673.2, bsz=100, num_updates=47000, lr=0.5, gnorm=616.504, clip=100, train_wall=48, wall=6684 (progress_bar.py:262, log())
[2020-12-28 00:40:16]    INFO >> epoch 029:    656 / 1673 loss=72.686, nll_loss=4.355, bleu=0, ppl=20.47, wps=16547.1, ups=9.92, wpb=1668.9, bsz=100, num_updates=47500, lr=0.5, gnorm=617.538, clip=100, train_wall=48, wall=6734 (progress_bar.py:262, log())
[2020-12-28 00:41:07]    INFO >> epoch 029:   1156 / 1673 loss=73.107, nll_loss=4.389, bleu=0, ppl=20.95, wps=16504.3, ups=9.91, wpb=1665.3, bsz=100, num_updates=48000, lr=0.5, gnorm=616.806, clip=100, train_wall=48, wall=6784 (progress_bar.py:262, log())
[2020-12-28 00:41:57]    INFO >> epoch 029:   1656 / 1673 loss=73.713, nll_loss=4.404, bleu=0, ppl=21.17, wps=16718.7, ups=9.99, wpb=1673.8, bsz=100, num_updates=48500, lr=0.5, gnorm=619.562, clip=100, train_wall=48, wall=6834 (progress_bar.py:262, log())
[2020-12-28 00:41:59]    INFO >> epoch 029 | loss 73.124 | nll_loss 4.379 | bleu 0 | ppl 20.81 | wps 14519.8 | ups 8.7 | wpb 1669.6 | bsz 100 | num_updates 48517 | lr 0.5 | gnorm 617.814 | clip 100 | train_wall 161 | wall 6837 (progress_bar.py:269, print())
[2020-12-28 00:42:11]    INFO >> epoch 029 | valid on 'valid' subset | loss 91.145 | nll_loss 5.587 | bleu 17.2973 | ppl 48.06 | wps 0 | wpb 33411 | bsz 2048 | num_updates 48517 | best_bleu 17.2973 (progress_bar.py:269, print())
[2020-12-28 00:42:12]    INFO >> saved checkpoint /home/wanyao/.ncc/code_search_net_feng/summarization/go/data-mmap/codenn/checkpoints/checkpoint_best.pt (epoch 29 @ 48517 updates, score 17.29729990344827) (writing took 0.6503692828118801 seconds) (checkpoint_utils.py:81, save_checkpoint())
[2020-12-28 00:43:07]    INFO >> epoch 030:    483 / 1673 loss=72.348, nll_loss=4.334, bleu=0, ppl=20.16, wps=11922.7, ups=7.14, wpb=1669.5, bsz=100, num_updates=49000, lr=0.5, gnorm=617.196, clip=100, train_wall=48, wall=6904 (progress_bar.py:262, log())
[2020-12-28 00:43:57]    INFO >> epoch 030:    983 / 1673 loss=72.697, nll_loss=4.348, bleu=0, ppl=20.37, wps=16603.5, ups=9.93, wpb=1671.4, bsz=100, num_updates=49500, lr=0.5, gnorm=618.975, clip=100, train_wall=48, wall=6955 (progress_bar.py:262, log())
[2020-12-28 00:44:47]    INFO >> epoch 030:   1483 / 1673 loss=73.092, nll_loss=4.382, bleu=0, ppl=20.85, wps=16571.3, ups=9.94, wpb=1667.9, bsz=100, num_updates=50000, lr=0.5, gnorm=619.544, clip=100, train_wall=48, wall=7005 (progress_bar.py:262, log())
[2020-12-28 00:45:07]    INFO >> epoch 030 | loss 72.726 | nll_loss 4.355 | bleu 0 | ppl 20.47 | wps 14867.8 | ups 8.9 | wpb 1669.6 | bsz 100 | num_updates 50190 | lr 0.5 | gnorm 618.331 | clip 100 | train_wall 160 | wall 7025 (progress_bar.py:269, print())
[2020-12-28 00:45:22]    INFO >> epoch 030 | valid on 'valid' subset | loss 91.342 | nll_loss 5.599 | bleu 16.2496 | ppl 48.47 | wps 0 | wpb 33411 | bsz 2048 | num_updates 50190 | best_bleu 17.2973 (progress_bar.py:269, print())
[2020-12-28 00:45:59]    INFO >> epoch 031:    310 / 1673 loss=72, nll_loss=4.317, bleu=0, ppl=19.93, wps=11585.3, ups=6.95, wpb=1668, bsz=100, num_updates=50500, lr=0.5, gnorm=617.368, clip=100, train_wall=48, wall=7077 (progress_bar.py:262, log())
[2020-12-28 00:46:42]    INFO >> epoch 031:    810 / 1673 loss=72.597, nll_loss=4.34, bleu=0, ppl=20.26, wps=19604.9, ups=11.72, wpb=1672.2, bsz=100, num_updates=51000, lr=0.5, gnorm=619.323, clip=100, train_wall=40, wall=7120 (progress_bar.py:262, log())
[2020-12-28 00:47:32]    INFO >> epoch 031:   1310 / 1673 loss=72.381, nll_loss=4.345, bleu=0, ppl=20.33, wps=16652.6, ups=10, wpb=1665.8, bsz=100, num_updates=51500, lr=0.5, gnorm=618.193, clip=100, train_wall=48, wall=7170 (progress_bar.py:262, log())
[2020-12-28 00:48:09]    INFO >> epoch 031 | loss 72.38 | nll_loss 4.335 | bleu 0 | ppl 20.18 | wps 15345.6 | ups 9.19 | wpb 1669.6 | bsz 100 | num_updates 51863 | lr 0.5 | gnorm 618.341 | clip 100 | train_wall 152 | wall 7207 (progress_bar.py:269, print())
[2020-12-28 00:48:24]    INFO >> epoch 031 | valid on 'valid' subset | loss 91.854 | nll_loss 5.63 | bleu 16.7737 | ppl 49.54 | wps 0 | wpb 33411 | bsz 2048 | num_updates 51863 | best_bleu 17.2973 (progress_bar.py:269, print())
[2020-12-28 00:48:45]    INFO >> epoch 032:    137 / 1673 loss=72.404, nll_loss=4.327, bleu=0, ppl=20.07, wps=11501.1, ups=6.87, wpb=1673.4, bsz=100, num_updates=52000, lr=0.5, gnorm=617.726, clip=100, train_wall=48, wall=7243 (progress_bar.py:262, log())
[2020-12-28 00:49:35]    INFO >> epoch 032:    637 / 1673 loss=71.77, nll_loss=4.301, bleu=0, ppl=19.71, wps=16527.8, ups=9.9, wpb=1668.8, bsz=100, num_updates=52500, lr=0.5, gnorm=618.69, clip=100, train_wall=48, wall=7293 (progress_bar.py:262, log())
[2020-12-28 00:50:26]    INFO >> epoch 032:   1137 / 1673 loss=72.196, nll_loss=4.323, bleu=0, ppl=20.02, wps=16549.8, ups=9.91, wpb=1669.6, bsz=100, num_updates=53000, lr=0.5, gnorm=620.836, clip=100, train_wall=48, wall=7343 (progress_bar.py:262, log())
[2020-12-28 00:51:08]    INFO >> epoch 032:   1637 / 1673 loss=72.435, nll_loss=4.332, bleu=0, ppl=20.13, wps=19530, ups=11.68, wpb=1672.3, bsz=100, num_updates=53500, lr=0.5, gnorm=620.15, clip=100, train_wall=41, wall=7386 (progress_bar.py:262, log())
[2020-12-28 00:51:13]    INFO >> epoch 032 | loss 72.004 | nll_loss 4.312 | bleu 0 | ppl 19.87 | wps 15195.3 | ups 9.1 | wpb 1669.6 | bsz 100 | num_updates 53536 | lr 0.5 | gnorm 619.305 | clip 100 | train_wall 154 | wall 7390 (progress_bar.py:269, print())
[2020-12-28 00:51:30]    INFO >> epoch 032 | valid on 'valid' subset | loss 91.804 | nll_loss 5.627 | bleu 16.8763 | ppl 49.43 | wps 0 | wpb 33411 | bsz 2048 | num_updates 53536 | best_bleu 17.2973 (progress_bar.py:269, print())
[2020-12-28 00:52:24]    INFO >> epoch 033:    464 / 1673 loss=71.168, nll_loss=4.269, bleu=0, ppl=19.28, wps=11093.1, ups=6.65, wpb=1667.2, bsz=100, num_updates=54000, lr=0.5, gnorm=618.005, clip=100, train_wall=48, wall=7461 (progress_bar.py:262, log())
[2020-12-28 00:53:14]    INFO >> epoch 033:    964 / 1673 loss=71.596, nll_loss=4.29, bleu=0, ppl=19.56, wps=16471, ups=9.87, wpb=1669, bsz=100, num_updates=54500, lr=0.5, gnorm=619.552, clip=100, train_wall=48, wall=7512 (progress_bar.py:262, log())
[2020-12-28 00:54:05]    INFO >> epoch 033:   1464 / 1673 loss=71.848, nll_loss=4.304, bleu=0, ppl=19.75, wps=16625.4, ups=9.96, wpb=1669.4, bsz=100, num_updates=55000, lr=0.5, gnorm=620.081, clip=100, train_wall=48, wall=7562 (progress_bar.py:262, log())
[2020-12-28 00:54:26]    INFO >> epoch 033 | loss 71.675 | nll_loss 4.293 | bleu 0 | ppl 19.6 | wps 14445.7 | ups 8.65 | wpb 1669.6 | bsz 100 | num_updates 55209 | lr 0.5 | gnorm 619.839 | clip 100 | train_wall 161 | wall 7584 (progress_bar.py:269, print())
[2020-12-28 00:54:40]    INFO >> epoch 033 | valid on 'valid' subset | loss 93.347 | nll_loss 5.722 | bleu 15.6531 | ppl 52.78 | wps 0 | wpb 33411 | bsz 2048 | num_updates 55209 | best_bleu 17.2973 (progress_bar.py:269, print())
[2020-12-28 00:55:13]    INFO >> epoch 034:    291 / 1673 loss=71.653, nll_loss=4.278, bleu=0, ppl=19.4, wps=12247.2, ups=7.31, wpb=1674.5, bsz=100, num_updates=55500, lr=0.5, gnorm=621.218, clip=100, train_wall=45, wall=7631 (progress_bar.py:262, log())
[2020-12-28 00:56:03]    INFO >> epoch 034:    791 / 1673 loss=71.369, nll_loss=4.274, bleu=0, ppl=19.34, wps=16613.6, ups=9.95, wpb=1670, bsz=100, num_updates=56000, lr=0.5, gnorm=620.881, clip=100, train_wall=48, wall=7681 (progress_bar.py:262, log())
[2020-12-28 00:56:54]    INFO >> epoch 034:   1291 / 1673 loss=71.354, nll_loss=4.269, bleu=0, ppl=19.28, wps=16576.3, ups=9.92, wpb=1670.9, bsz=100, num_updates=56500, lr=0.5, gnorm=619.52, clip=100, train_wall=48, wall=7731 (progress_bar.py:262, log())
[2020-12-28 00:57:32]    INFO >> epoch 034 | loss 71.355 | nll_loss 4.273 | bleu 0 | ppl 19.34 | wps 14987.2 | ups 8.98 | wpb 1669.6 | bsz 100 | num_updates 56882 | lr 0.5 | gnorm 619.967 | clip 100 | train_wall 158 | wall 7770 (progress_bar.py:269, print())
[2020-12-28 00:57:47]    INFO >> epoch 034 | valid on 'valid' subset | loss 93.601 | nll_loss 5.737 | bleu 16.0482 | ppl 53.35 | wps 0 | wpb 33411 | bsz 2048 | num_updates 56882 | best_bleu 17.2973 (progress_bar.py:269, print())
[2020-12-28 00:58:06]    INFO >> epoch 035:    118 / 1673 loss=71.278, nll_loss=4.279, bleu=0, ppl=19.42, wps=11494.5, ups=6.9, wpb=1665.6, bsz=100, num_updates=57000, lr=0.5, gnorm=618.465, clip=100, train_wall=48, wall=7804 (progress_bar.py:262, log())
[2020-12-28 00:58:54]    INFO >> epoch 035:    618 / 1673 loss=70.827, nll_loss=4.233, bleu=0, ppl=18.81, wps=17440.4, ups=10.42, wpb=1673, bsz=100, num_updates=57500, lr=0.5, gnorm=622.324, clip=100, train_wall=46, wall=7852 (progress_bar.py:262, log())
[2020-12-28 00:59:40]    INFO >> epoch 035:   1118 / 1673 loss=71.093, nll_loss=4.259, bleu=0, ppl=19.15, wps=18107.4, ups=10.85, wpb=1669.2, bsz=100, num_updates=58000, lr=0.5, gnorm=621.93, clip=100, train_wall=44, wall=7898 (progress_bar.py:262, log())
[2020-12-28 01:00:30]    INFO >> epoch 035:   1618 / 1673 loss=71.285, nll_loss=4.278, bleu=0, ppl=19.4, wps=16546.7, ups=9.93, wpb=1665.9, bsz=100, num_updates=58500, lr=0.5, gnorm=620.34, clip=100, train_wall=48, wall=7948 (progress_bar.py:262, log())
[2020-12-28 01:00:36]    INFO >> epoch 035 | loss 71.037 | nll_loss 4.254 | bleu 0 | ppl 19.08 | wps 15177.5 | ups 9.09 | wpb 1669.6 | bsz 100 | num_updates 58555 | lr 0.5 | gnorm 621.308 | clip 100 | train_wall 154 | wall 7954 (progress_bar.py:269, print())
[2020-12-28 01:00:54]    INFO >> epoch 035 | valid on 'valid' subset | loss 92.912 | nll_loss 5.695 | bleu 16.7263 | ppl 51.81 | wps 0 | wpb 33411 | bsz 2048 | num_updates 58555 | best_bleu 17.2973 (progress_bar.py:269, print())
[2020-12-28 01:01:45]    INFO >> epoch 036:    445 / 1673 loss=70.639, nll_loss=4.226, bleu=0, ppl=18.71, wps=11174.8, ups=6.68, wpb=1671.7, bsz=100, num_updates=59000, lr=0.5, gnorm=622.031, clip=100, train_wall=48, wall=8023 (progress_bar.py:262, log())
[2020-12-28 01:02:36]    INFO >> epoch 036:    945 / 1673 loss=70.39, nll_loss=4.228, bleu=0, ppl=18.74, wps=16527.7, ups=9.93, wpb=1664.5, bsz=100, num_updates=59500, lr=0.5, gnorm=620.769, clip=100, train_wall=48, wall=8073 (progress_bar.py:262, log())
[2020-12-28 01:03:19]    INFO >> epoch 036:   1445 / 1673 loss=71.021, nll_loss=4.246, bleu=0, ppl=18.98, wps=19220.9, ups=11.49, wpb=1672.5, bsz=100, num_updates=60000, lr=0.5, gnorm=622.311, clip=100, train_wall=41, wall=8117 (progress_bar.py:262, log())
[2020-12-28 01:03:42]    INFO >> epoch 036 | loss 70.747 | nll_loss 4.237 | bleu 0 | ppl 18.86 | wps 15015 | ups 8.99 | wpb 1669.6 | bsz 100 | num_updates 60228 | lr 0.5 | gnorm 621.518 | clip 100 | train_wall 154 | wall 8140 (progress_bar.py:269, print())
[2020-12-28 01:03:58]    INFO >> epoch 036 | valid on 'valid' subset | loss 93.416 | nll_loss 5.726 | bleu 15.6685 | ppl 52.93 | wps 0 | wpb 33411 | bsz 2048 | num_updates 60228 | best_bleu 17.2973 (progress_bar.py:269, print())
[2020-12-28 01:04:32]    INFO >> epoch 037:    272 / 1673 loss=70.674, nll_loss=4.23, bleu=0, ppl=18.77, wps=11482.5, ups=6.87, wpb=1670.3, bsz=100, num_updates=60500, lr=0.5, gnorm=621.334, clip=100, train_wall=48, wall=8190 (progress_bar.py:262, log())
[2020-12-28 01:05:22]    INFO >> epoch 037:    772 / 1673 loss=69.798, nll_loss=4.189, bleu=0, ppl=18.24, wps=16484.4, ups=9.89, wpb=1666.2, bsz=100, num_updates=61000, lr=0.5, gnorm=620.105, clip=100, train_wall=48, wall=8240 (progress_bar.py:262, log())
[2020-12-28 01:06:13]    INFO >> epoch 037:   1272 / 1673 loss=70.711, nll_loss=4.236, bleu=0, ppl=18.84, wps=16578.1, ups=9.93, wpb=1669.4, bsz=100, num_updates=61500, lr=0.5, gnorm=622.409, clip=100, train_wall=48, wall=8290 (progress_bar.py:262, log())
[2020-12-28 01:06:54]    INFO >> epoch 037 | loss 70.43 | nll_loss 4.218 | bleu 0 | ppl 18.61 | wps 14607.7 | ups 8.75 | wpb 1669.6 | bsz 100 | num_updates 61901 | lr 0.5 | gnorm 621.639 | clip 100 | train_wall 161 | wall 8331 (progress_bar.py:269, print())
[2020-12-28 01:07:08]    INFO >> epoch 037 | valid on 'valid' subset | loss 93.209 | nll_loss 5.713 | bleu 16.9132 | ppl 52.47 | wps 0 | wpb 33411 | bsz 2048 | num_updates 61901 | best_bleu 17.2973 (progress_bar.py:269, print())
[2020-12-28 01:07:22]    INFO >> epoch 038:     99 / 1673 loss=70.749, nll_loss=4.231, bleu=0, ppl=18.78, wps=12091, ups=7.23, wpb=1672.2, bsz=100, num_updates=62000, lr=0.5, gnorm=621.537, clip=100, train_wall=45, wall=8360 (progress_bar.py:262, log())
[2020-12-28 01:08:10]    INFO >> epoch 038:    599 / 1673 loss=69.851, nll_loss=4.182, bleu=0, ppl=18.16, wps=17190.1, ups=10.29, wpb=1670.1, bsz=100, num_updates=62500, lr=0.5, gnorm=624.131, clip=100, train_wall=46, wall=8408 (progress_bar.py:262, log())
[2020-12-28 01:09:01]    INFO >> epoch 038:   1099 / 1673 loss=70.104, nll_loss=4.199, bleu=0, ppl=18.36, wps=16637.8, ups=9.96, wpb=1669.6, bsz=100, num_updates=63000, lr=0.5, gnorm=621.939, clip=100, train_wall=48, wall=8458 (progress_bar.py:262, log())
[2020-12-28 01:09:51]    INFO >> epoch 038:   1599 / 1673 loss=70.742, nll_loss=4.23, bleu=0, ppl=18.77, wps=16592.6, ups=9.92, wpb=1671.9, bsz=100, num_updates=63500, lr=0.5, gnorm=622.72, clip=100, train_wall=48, wall=8509 (progress_bar.py:262, log())
[2020-12-28 01:09:59]    INFO >> epoch 038 | loss 70.146 | nll_loss 4.201 | bleu 0 | ppl 18.39 | wps 15070.4 | ups 9.03 | wpb 1669.6 | bsz 100 | num_updates 63574 | lr 0.5 | gnorm 622.565 | clip 100 | train_wall 156 | wall 8517 (progress_bar.py:269, print())
[2020-12-28 01:10:14]    INFO >> epoch 038 | valid on 'valid' subset | loss 92.434 | nll_loss 5.666 | bleu 16.6621 | ppl 50.77 | wps 0 | wpb 33411 | bsz 2048 | num_updates 63574 | best_bleu 17.2973 (progress_bar.py:269, print())
[2020-12-28 01:11:04]    INFO >> epoch 039:    426 / 1673 loss=69.839, nll_loss=4.172, bleu=0, ppl=18.02, wps=11394.5, ups=6.81, wpb=1674, bsz=100, num_updates=64000, lr=0.5, gnorm=624.053, clip=100, train_wall=48, wall=8582 (progress_bar.py:262, log())
[2020-12-28 01:11:47]    INFO >> epoch 039:    926 / 1673 loss=69.743, nll_loss=4.18, bleu=0, ppl=18.12, wps=19388.2, ups=11.62, wpb=1668.6, bsz=100, num_updates=64500, lr=0.5, gnorm=623.559, clip=100, train_wall=41, wall=8625 (progress_bar.py:262, log())
[2020-12-28 01:12:38]    INFO >> epoch 039:   1426 / 1673 loss=70.035, nll_loss=4.197, bleu=0, ppl=18.35, wps=16591.8, ups=9.94, wpb=1668.5, bsz=100, num_updates=65000, lr=0.5, gnorm=624.219, clip=100, train_wall=48, wall=8676 (progress_bar.py:262, log())
[2020-12-28 01:13:03]    INFO >> epoch 039 | loss 69.868 | nll_loss 4.184 | bleu 0 | ppl 18.18 | wps 15180.7 | ups 9.09 | wpb 1669.6 | bsz 100 | num_updates 65247 | lr 0.5 | gnorm 623.211 | clip 100 | train_wall 154 | wall 8701 (progress_bar.py:269, print())
[2020-12-28 01:13:20]    INFO >> epoch 039 | valid on 'valid' subset | loss 92.209 | nll_loss 5.652 | bleu 16.444 | ppl 50.29 | wps 0 | wpb 33411 | bsz 2048 | num_updates 65247 | best_bleu 17.2973 (progress_bar.py:269, print())
[2020-12-28 01:13:52]    INFO >> epoch 040:    253 / 1673 loss=69.17, nll_loss=4.152, bleu=0, ppl=17.77, wps=11159.6, ups=6.7, wpb=1665.3, bsz=100, num_updates=65500, lr=0.5, gnorm=620.537, clip=100, train_wall=48, wall=8750 (progress_bar.py:262, log())
[2020-12-28 01:14:43]    INFO >> epoch 040:    753 / 1673 loss=69.7, nll_loss=4.173, bleu=0, ppl=18.03, wps=16577, ups=9.92, wpb=1670.5, bsz=100, num_updates=66000, lr=0.5, gnorm=624.562, clip=100, train_wall=48, wall=8801 (progress_bar.py:262, log())
[2020-12-28 01:15:33]    INFO >> epoch 040:   1253 / 1673 loss=69.965, nll_loss=4.184, bleu=0, ppl=18.17, wps=16668.6, ups=9.97, wpb=1672.3, bsz=100, num_updates=66500, lr=0.5, gnorm=624.997, clip=100, train_wall=48, wall=8851 (progress_bar.py:262, log())
[2020-12-28 01:16:07]    INFO >> epoch 040 | loss 69.608 | nll_loss 4.169 | bleu 0 | ppl 17.98 | wps 15168.9 | ups 9.09 | wpb 1669.6 | bsz 100 | num_updates 66920 | lr 0.5 | gnorm 623.913 | clip 100 | train_wall 152 | wall 8885 (progress_bar.py:269, print())
[2020-12-28 01:16:23]    INFO >> epoch 040 | valid on 'valid' subset | loss 92.616 | nll_loss 5.677 | bleu 16.4516 | ppl 51.16 | wps 0 | wpb 33411 | bsz 2048 | num_updates 66920 | best_bleu 17.2973 (progress_bar.py:269, print())
[2020-12-28 01:16:38]    INFO >> epoch 041:     80 / 1673 loss=69.489, nll_loss=4.168, bleu=0, ppl=17.97, wps=12877.1, ups=7.72, wpb=1667.3, bsz=100, num_updates=67000, lr=0.5, gnorm=623.145, clip=100, train_wall=40, wall=8915 (progress_bar.py:262, log())
[2020-12-28 01:17:28]    INFO >> epoch 041:    580 / 1673 loss=68.794, nll_loss=4.128, bleu=0, ppl=17.48, wps=16685.5, ups=10.01, wpb=1666.7, bsz=100, num_updates=67500, lr=0.5, gnorm=622.624, clip=100, train_wall=48, wall=8965 (progress_bar.py:262, log())
[2020-12-28 01:18:18]    INFO >> epoch 041:   1080 / 1673 loss=69.323, nll_loss=4.158, bleu=0, ppl=17.85, wps=16538.4, ups=9.92, wpb=1667.4, bsz=100, num_updates=68000, lr=0.5, gnorm=625.915, clip=100, train_wall=48, wall=9016 (progress_bar.py:262, log())
[2020-12-28 01:19:08]    INFO >> epoch 041:   1580 / 1673 loss=69.913, nll_loss=4.179, bleu=0, ppl=18.12, wps=16574.7, ups=9.91, wpb=1672.4, bsz=100, num_updates=68500, lr=0.5, gnorm=624.46, clip=100, train_wall=48, wall=9066 (progress_bar.py:262, log())
[2020-12-28 01:19:18]    INFO >> epoch 041 | loss 69.347 | nll_loss 4.153 | bleu 0 | ppl 17.79 | wps 14621 | ups 8.76 | wpb 1669.6 | bsz 100 | num_updates 68593 | lr 0.5 | gnorm 624.623 | clip 100 | train_wall 161 | wall 9076 (progress_bar.py:269, print())
[2020-12-28 01:19:33]    INFO >> epoch 041 | valid on 'valid' subset | loss 92.938 | nll_loss 5.697 | bleu 17.0236 | ppl 51.87 | wps 0 | wpb 33411 | bsz 2048 | num_updates 68593 | best_bleu 17.2973 (progress_bar.py:269, print())
[2020-12-28 01:20:13]    INFO >> epoch 042:    407 / 1673 loss=68.943, nll_loss=4.122, bleu=0, ppl=17.42, wps=12908.1, ups=7.72, wpb=1672.5, bsz=100, num_updates=69000, lr=0.5, gnorm=625.264, clip=100, train_wall=41, wall=9131 (progress_bar.py:262, log())
[2020-12-28 01:21:04]    INFO >> epoch 042:    907 / 1673 loss=69.121, nll_loss=4.138, bleu=0, ppl=17.6, wps=16571.3, ups=9.92, wpb=1670.1, bsz=100, num_updates=69500, lr=0.5, gnorm=625.409, clip=100, train_wall=48, wall=9181 (progress_bar.py:262, log())
[2020-12-28 01:21:54]    INFO >> epoch 042:   1407 / 1673 loss=69.327, nll_loss=4.147, bleu=0, ppl=17.71, wps=16688.9, ups=9.98, wpb=1671.9, bsz=100, num_updates=70000, lr=0.5, gnorm=625.489, clip=100, train_wall=48, wall=9232 (progress_bar.py:262, log())
[2020-12-28 01:22:21]    INFO >> epoch 042 | loss 69.072 | nll_loss 4.137 | bleu 0 | ppl 17.59 | wps 15316 | ups 9.17 | wpb 1669.6 | bsz 100 | num_updates 70266 | lr 0.5 | gnorm 624.993 | clip 100 | train_wall 153 | wall 9258 (progress_bar.py:269, print())
[2020-12-28 01:22:35]    INFO >> epoch 042 | valid on 'valid' subset | loss 94.079 | nll_loss 5.767 | bleu 16.0576 | ppl 54.45 | wps 0 | wpb 33411 | bsz 2048 | num_updates 70266 | best_bleu 17.2973 (progress_bar.py:269, print())
[2020-12-28 01:23:06]    INFO >> epoch 043:    234 / 1673 loss=68.778, nll_loss=4.121, bleu=0, ppl=17.4, wps=11545.2, ups=6.92, wpb=1668.8, bsz=100, num_updates=70500, lr=0.5, gnorm=624.454, clip=100, train_wall=48, wall=9304 (progress_bar.py:262, log())
[2020-12-28 01:23:55]    INFO >> epoch 043:    734 / 1673 loss=68.484, nll_loss=4.113, bleu=0, ppl=17.3, wps=16870.3, ups=10.13, wpb=1665.1, bsz=100, num_updates=71000, lr=0.5, gnorm=625.354, clip=100, train_wall=47, wall=9353 (progress_bar.py:262, log())
[2020-12-28 01:24:40]    INFO >> epoch 043:   1234 / 1673 loss=69.242, nll_loss=4.138, bleu=0, ppl=17.61, wps=18704.9, ups=11.18, wpb=1672.7, bsz=100, num_updates=71500, lr=0.5, gnorm=625.979, clip=100, train_wall=42, wall=9398 (progress_bar.py:262, log())
[2020-12-28 01:25:24]    INFO >> epoch 043 | loss 68.832 | nll_loss 4.122 | bleu 0 | ppl 17.41 | wps 15209.4 | ups 9.11 | wpb 1669.6 | bsz 100 | num_updates 71939 | lr 0.5 | gnorm 626.005 | clip 100 | train_wall 154 | wall 9442 (progress_bar.py:269, print())
[2020-12-28 01:25:39]    INFO >> epoch 043 | valid on 'valid' subset | loss 94.88 | nll_loss 5.816 | bleu 15.8657 | ppl 56.33 | wps 0 | wpb 33411 | bsz 2048 | num_updates 71939 | best_bleu 17.2973 (progress_bar.py:269, print())
[2020-12-28 01:25:53]    INFO >> epoch 044:     61 / 1673 loss=68.962, nll_loss=4.132, bleu=0, ppl=17.53, wps=11506.6, ups=6.89, wpb=1669.1, bsz=100, num_updates=72000, lr=0.5, gnorm=627.056, clip=100, train_wall=48, wall=9470 (progress_bar.py:262, log())
[2020-12-28 01:26:43]    INFO >> epoch 044:    561 / 1673 loss=67.866, nll_loss=4.069, bleu=0, ppl=16.78, wps=16430.7, ups=9.85, wpb=1668, bsz=100, num_updates=72500, lr=0.5, gnorm=625.303, clip=100, train_wall=48, wall=9521 (progress_bar.py:262, log())
[2020-12-28 01:27:33]    INFO >> epoch 044:   1061 / 1673 loss=68.604, nll_loss=4.109, bleu=0, ppl=17.25, wps=16691.9, ups=10, wpb=1669.3, bsz=100, num_updates=73000, lr=0.5, gnorm=626.518, clip=100, train_wall=48, wall=9571 (progress_bar.py:262, log())
[2020-12-28 01:28:19]    INFO >> epoch 044:   1561 / 1673 loss=69.246, nll_loss=4.141, bleu=0, ppl=17.65, wps=18335.4, ups=10.97, wpb=1672.1, bsz=100, num_updates=73500, lr=0.5, gnorm=626.143, clip=100, train_wall=43, wall=9617 (progress_bar.py:262, log())
[2020-12-28 01:28:28]    INFO >> epoch 044 | loss 68.584 | nll_loss 4.107 | bleu 0 | ppl 17.24 | wps 15208.7 | ups 9.11 | wpb 1669.6 | bsz 100 | num_updates 73612 | lr 0.5 | gnorm 625.905 | clip 100 | train_wall 153 | wall 9626 (progress_bar.py:269, print())
[2020-12-28 01:28:45]    INFO >> epoch 044 | valid on 'valid' subset | loss 93.978 | nll_loss 5.761 | bleu 17.0673 | ppl 54.21 | wps 0 | wpb 33411 | bsz 2048 | num_updates 73612 | best_bleu 17.2973 (progress_bar.py:269, print())
[2020-12-28 01:29:31]    INFO >> epoch 045:    388 / 1673 loss=67.689, nll_loss=4.063, bleu=0, ppl=16.71, wps=11618.3, ups=6.97, wpb=1666.2, bsz=100, num_updates=74000, lr=0.5, gnorm=625.104, clip=100, train_wall=45, wall=9688 (progress_bar.py:262, log())
[2020-12-28 01:30:21]    INFO >> epoch 045:    888 / 1673 loss=68.359, nll_loss=4.09, bleu=0, ppl=17.03, wps=16751.4, ups=10.02, wpb=1671.4, bsz=100, num_updates=74500, lr=0.5, gnorm=626.544, clip=100, train_wall=48, wall=9738 (progress_bar.py:262, log())
[2020-12-28 01:31:10]    INFO >> epoch 045:   1388 / 1673 loss=68.607, nll_loss=4.106, bleu=0, ppl=17.22, wps=16734.4, ups=10.02, wpb=1670.5, bsz=100, num_updates=75000, lr=0.5, gnorm=626.167, clip=100, train_wall=48, wall=9788 (progress_bar.py:262, log())
[2020-12-28 01:31:39]    INFO >> epoch 045 | loss 68.345 | nll_loss 4.093 | bleu 0 | ppl 17.07 | wps 14593.2 | ups 8.74 | wpb 1669.6 | bsz 100 | num_updates 75285 | lr 0.5 | gnorm 626.462 | clip 100 | train_wall 160 | wall 9817 (progress_bar.py:269, print())
[2020-12-28 01:31:55]    INFO >> epoch 045 | valid on 'valid' subset | loss 93.897 | nll_loss 5.756 | bleu 17.0368 | ppl 54.03 | wps 0 | wpb 33411 | bsz 2048 | num_updates 75285 | best_bleu 17.2973 (progress_bar.py:269, print())
[2020-12-28 01:32:20]    INFO >> epoch 046:    215 / 1673 loss=68.262, nll_loss=4.092, bleu=0, ppl=17.05, wps=12031.1, ups=7.21, wpb=1668.4, bsz=100, num_updates=75500, lr=0.5, gnorm=627.089, clip=100, train_wall=44, wall=9858 (progress_bar.py:262, log())
[2020-12-28 01:33:06]    INFO >> epoch 046:    715 / 1673 loss=67.893, nll_loss=4.064, bleu=0, ppl=16.72, wps=18138.8, ups=10.86, wpb=1670.8, bsz=100, num_updates=76000, lr=0.5, gnorm=626.751, clip=100, train_wall=44, wall=9904 (progress_bar.py:262, log())
[2020-12-28 01:33:56]    INFO >> epoch 046:   1215 / 1673 loss=68.474, nll_loss=4.097, bleu=0, ppl=17.12, wps=16690.2, ups=9.99, wpb=1671.2, bsz=100, num_updates=76500, lr=0.5, gnorm=627.701, clip=100, train_wall=48, wall=9954 (progress_bar.py:262, log())
[2020-12-28 01:34:43]    INFO >> epoch 046 | loss 68.145 | nll_loss 4.081 | bleu 0 | ppl 16.93 | wps 15237.1 | ups 9.13 | wpb 1669.6 | bsz 100 | num_updates 76958 | lr 0.5 | gnorm 626.941 | clip 100 | train_wall 153 | wall 10000 (progress_bar.py:269, print())
[2020-12-28 01:35:00]    INFO >> epoch 046 | valid on 'valid' subset | loss 94.285 | nll_loss 5.779 | bleu 16.704 | ppl 54.93 | wps 0 | wpb 33411 | bsz 2048 | num_updates 76958 | best_bleu 17.2973 (progress_bar.py:269, print())
[2020-12-28 01:35:11]    INFO >> epoch 047:     42 / 1673 loss=68.38, nll_loss=4.101, bleu=0, ppl=17.16, wps=11145.9, ups=6.69, wpb=1666.9, bsz=100, num_updates=77000, lr=0.5, gnorm=626.756, clip=100, train_wall=48, wall=10029 (progress_bar.py:262, log())
[2020-12-28 01:36:01]    INFO >> epoch 047:    542 / 1673 loss=67.248, nll_loss=4.031, bleu=0, ppl=16.35, wps=16601.9, ups=9.95, wpb=1668.1, bsz=100, num_updates=77500, lr=0.5, gnorm=627.254, clip=100, train_wall=48, wall=10079 (progress_bar.py:262, log())
[2020-12-28 01:36:44]    INFO >> epoch 047:   1042 / 1673 loss=68.335, nll_loss=4.082, bleu=0, ppl=16.93, wps=19547.8, ups=11.68, wpb=1674.2, bsz=100, num_updates=78000, lr=0.5, gnorm=629.938, clip=100, train_wall=40, wall=10122 (progress_bar.py:262, log())
[2020-12-28 01:37:33]    INFO >> epoch 047:   1542 / 1673 loss=68.29, nll_loss=4.093, bleu=0, ppl=17.07, wps=16842.2, ups=10.1, wpb=1668.3, bsz=100, num_updates=78500, lr=0.5, gnorm=627.472, clip=100, train_wall=47, wall=10171 (progress_bar.py:262, log())
[2020-12-28 01:37:47]    INFO >> epoch 047 | loss 67.942 | nll_loss 4.069 | bleu 0 | ppl 16.78 | wps 15165.5 | ups 9.08 | wpb 1669.6 | bsz 100 | num_updates 78631 | lr 0.5 | gnorm 627.877 | clip 100 | train_wall 152 | wall 10185 (progress_bar.py:269, print())
[2020-12-28 01:38:01]    INFO >> epoch 047 | valid on 'valid' subset | loss 93.663 | nll_loss 5.741 | bleu 16.9196 | ppl 53.49 | wps 0 | wpb 33411 | bsz 2048 | num_updates 78631 | best_bleu 17.2973 (progress_bar.py:269, print())
[2020-12-28 01:38:45]    INFO >> epoch 048:    369 / 1673 loss=67.567, nll_loss=4.038, bleu=0, ppl=16.43, wps=11609, ups=6.94, wpb=1672.8, bsz=100, num_updates=79000, lr=0.5, gnorm=628.465, clip=100, train_wall=48, wall=10243 (progress_bar.py:262, log())
[2020-12-28 01:39:35]    INFO >> epoch 048:    869 / 1673 loss=67.539, nll_loss=4.051, bleu=0, ppl=16.58, wps=16737.3, ups=10.04, wpb=1666.8, bsz=100, num_updates=79500, lr=0.5, gnorm=627.655, clip=100, train_wall=48, wall=10293 (progress_bar.py:262, log())
[2020-12-28 01:40:26]    INFO >> epoch 048:   1369 / 1673 loss=67.612, nll_loss=4.06, bleu=0, ppl=16.68, wps=16527, ups=9.92, wpb=1665.3, bsz=100, num_updates=80000, lr=0.5, gnorm=628.474, clip=100, train_wall=48, wall=10343 (progress_bar.py:262, log())
[2020-12-28 01:40:51]    INFO >> epoch 048 | loss 67.708 | nll_loss 4.055 | bleu 0 | ppl 16.62 | wps 15143.6 | ups 9.07 | wpb 1669.6 | bsz 100 | num_updates 80304 | lr 0.5 | gnorm 629.224 | clip 100 | train_wall 155 | wall 10369 (progress_bar.py:269, print())
[2020-12-28 01:41:07]    INFO >> epoch 048 | valid on 'valid' subset | loss 94.241 | nll_loss 5.777 | bleu 16.0407 | ppl 54.82 | wps 0 | wpb 33411 | bsz 2048 | num_updates 80304 | best_bleu 17.2973 (progress_bar.py:269, print())
[2020-12-28 01:41:34]    INFO >> epoch 049:    196 / 1673 loss=67.935, nll_loss=4.055, bleu=0, ppl=16.62, wps=12281.1, ups=7.33, wpb=1675.4, bsz=100, num_updates=80500, lr=0.5, gnorm=631.024, clip=100, train_wall=43, wall=10412 (progress_bar.py:262, log())
[2020-12-28 01:42:24]    INFO >> epoch 049:    696 / 1673 loss=67.048, nll_loss=4.024, bleu=0, ppl=16.27, wps=16580.5, ups=9.95, wpb=1665.9, bsz=100, num_updates=81000, lr=0.5, gnorm=628.179, clip=100, train_wall=48, wall=10462 (progress_bar.py:262, log())
[2020-12-28 01:43:14]    INFO >> epoch 049:   1196 / 1673 loss=67.877, nll_loss=4.062, bleu=0, ppl=16.7, wps=16676.4, ups=9.98, wpb=1671.1, bsz=100, num_updates=81500, lr=0.5, gnorm=630.022, clip=100, train_wall=48, wall=10512 (progress_bar.py:262, log())
[2020-12-28 01:44:02]    INFO >> epoch 049 | loss 67.516 | nll_loss 4.043 | bleu 0 | ppl 16.49 | wps 14620.4 | ups 8.76 | wpb 1669.6 | bsz 100 | num_updates 81977 | lr 0.5 | gnorm 628.827 | clip 100 | train_wall 160 | wall 10560 (progress_bar.py:269, print())
[2020-12-28 01:44:17]    INFO >> epoch 049 | valid on 'valid' subset | loss 95.341 | nll_loss 5.844 | bleu 17.1316 | ppl 57.45 | wps 0 | wpb 33411 | bsz 2048 | num_updates 81977 | best_bleu 17.2973 (progress_bar.py:269, print())
[2020-12-28 01:44:27]    INFO >> epoch 050:     23 / 1673 loss=67.918, nll_loss=4.064, bleu=0, ppl=16.72, wps=11488, ups=6.87, wpb=1671, bsz=100, num_updates=82000, lr=0.5, gnorm=628.52, clip=100, train_wall=48, wall=10585 (progress_bar.py:262, log())
[2020-12-28 01:45:08]    INFO >> epoch 050:    523 / 1673 loss=66.796, nll_loss=4.001, bleu=0, ppl=16.01, wps=20098.2, ups=12.04, wpb=1669.6, bsz=100, num_updates=82500, lr=0.5, gnorm=626.093, clip=100, train_wall=39, wall=10626 (progress_bar.py:262, log())
[2020-12-28 01:45:59]    INFO >> epoch 050:   1023 / 1673 loss=67.285, nll_loss=4.032, bleu=0, ppl=16.35, wps=16571.8, ups=9.93, wpb=1668.9, bsz=100, num_updates=83000, lr=0.5, gnorm=629.892, clip=100, train_wall=48, wall=10677 (progress_bar.py:262, log())
[2020-12-28 01:46:49]    INFO >> epoch 050:   1523 / 1673 loss=67.512, nll_loss=4.042, bleu=0, ppl=16.47, wps=16481.7, ups=9.87, wpb=1670.4, bsz=100, num_updates=83500, lr=0.5, gnorm=628.625, clip=100, train_wall=48, wall=10727 (progress_bar.py:262, log())
[2020-12-28 01:47:05]    INFO >> epoch 050 | loss 67.275 | nll_loss 4.029 | bleu 0 | ppl 16.33 | wps 15317.9 | ups 9.17 | wpb 1669.6 | bsz 100 | num_updates 83650 | lr 0.5 | gnorm 628.411 | clip 100 | train_wall 152 | wall 10743 (progress_bar.py:269, print())
[2020-12-28 01:47:21]    INFO >> epoch 050 | valid on 'valid' subset | loss 93.718 | nll_loss 5.745 | bleu 16.7018 | ppl 53.62 | wps 0 | wpb 33411 | bsz 2048 | num_updates 83650 | best_bleu 17.2973 (progress_bar.py:269, print())
[2020-12-28 01:48:03]    INFO >> epoch 051:    350 / 1673 loss=66.671, nll_loss=4.003, bleu=0, ppl=16.03, wps=11309.9, ups=6.79, wpb=1665.7, bsz=100, num_updates=84000, lr=0.5, gnorm=629.204, clip=100, train_wall=48, wall=10801 (progress_bar.py:262, log())
[2020-12-28 01:48:53]    INFO >> epoch 051:    850 / 1673 loss=67.358, nll_loss=4.023, bleu=0, ppl=16.26, wps=16594.5, ups=9.91, wpb=1673.9, bsz=100, num_updates=84500, lr=0.5, gnorm=631.917, clip=100, train_wall=48, wall=10851 (progress_bar.py:262, log())
[2020-12-28 01:49:35]    INFO >> epoch 051:   1350 / 1673 loss=67.067, nll_loss=4.015, bleu=0, ppl=16.17, wps=19952.1, ups=11.95, wpb=1670.3, bsz=100, num_updates=85000, lr=0.5, gnorm=629.872, clip=100, train_wall=40, wall=10893 (progress_bar.py:262, log())
[2020-12-28 01:50:08]    INFO >> epoch 051 | loss 67.1 | nll_loss 4.019 | bleu 0 | ppl 16.21 | wps 15236.4 | ups 9.13 | wpb 1669.6 | bsz 100 | num_updates 85323 | lr 0.5 | gnorm 630.414 | clip 100 | train_wall 152 | wall 10926 (progress_bar.py:269, print())
[2020-12-28 01:50:23]    INFO >> epoch 051 | valid on 'valid' subset | loss 93.817 | nll_loss 5.751 | bleu 16.4175 | ppl 53.84 | wps 0 | wpb 33411 | bsz 2048 | num_updates 85323 | best_bleu 17.2973 (progress_bar.py:269, print())
[2020-12-28 01:50:48]    INFO >> epoch 052:    177 / 1673 loss=67.364, nll_loss=4.039, bleu=0, ppl=16.43, wps=11518, ups=6.91, wpb=1668, bsz=100, num_updates=85500, lr=0.5, gnorm=629.465, clip=100, train_wall=48, wall=10966 (progress_bar.py:262, log())
[2020-12-28 01:51:37]    INFO >> epoch 052:    677 / 1673 loss=66.582, nll_loss=3.988, bleu=0, ppl=15.86, wps=16844.1, ups=10.09, wpb=1669.7, bsz=100, num_updates=86000, lr=0.5, gnorm=629.481, clip=100, train_wall=47, wall=11015 (progress_bar.py:262, log())
[2020-12-28 01:52:27]    INFO >> epoch 052:   1177 / 1673 loss=67.111, nll_loss=4.019, bleu=0, ppl=16.22, wps=16694.9, ups=10, wpb=1669.2, bsz=100, num_updates=86500, lr=0.5, gnorm=631.045, clip=100, train_wall=48, wall=11065 (progress_bar.py:262, log())
[2020-12-28 01:53:16]    INFO >> epoch 052 | loss 66.921 | nll_loss 4.008 | bleu 0 | ppl 16.09 | wps 14840.1 | ups 8.89 | wpb 1669.6 | bsz 100 | num_updates 86996 | lr 0.5 | gnorm 629.817 | clip 100 | train_wall 159 | wall 11114 (progress_bar.py:269, print())
[2020-12-28 01:53:28]    INFO >> epoch 052 | valid on 'valid' subset | loss 95.824 | nll_loss 5.874 | bleu 16.6806 | ppl 58.64 | wps 0 | wpb 33411 | bsz 2048 | num_updates 86996 | best_bleu 17.2973 (progress_bar.py:269, print())
[2020-12-28 01:53:36]    INFO >> epoch 053:      4 / 1673 loss=67.173, nll_loss=4.024, bleu=0, ppl=16.27, wps=12230.6, ups=7.33, wpb=1669.2, bsz=100, num_updates=87000, lr=0.5, gnorm=630.133, clip=100, train_wall=47, wall=11133 (progress_bar.py:262, log())
[2020-12-28 01:54:26]    INFO >> epoch 053:    504 / 1673 loss=66.231, nll_loss=3.963, bleu=0, ppl=15.59, wps=16609.4, ups=9.94, wpb=1671, bsz=100, num_updates=87500, lr=0.5, gnorm=629.832, clip=100, train_wall=48, wall=11184 (progress_bar.py:262, log())
[2020-12-28 01:55:16]    INFO >> epoch 053:   1004 / 1673 loss=66.349, nll_loss=3.994, bleu=0, ppl=15.93, wps=16588, ups=9.98, wpb=1661.4, bsz=100, num_updates=88000, lr=0.5, gnorm=628.503, clip=100, train_wall=48, wall=11234 (progress_bar.py:262, log())
[2020-12-28 01:56:06]    INFO >> epoch 053:   1504 / 1673 loss=67.306, nll_loss=4.018, bleu=0, ppl=16.2, wps=16719.3, ups=9.98, wpb=1675.1, bsz=100, num_updates=88500, lr=0.5, gnorm=633.975, clip=100, train_wall=48, wall=11284 (progress_bar.py:262, log())
[2020-12-28 01:56:23]    INFO >> epoch 053 | loss 66.716 | nll_loss 3.996 | bleu 0 | ppl 15.95 | wps 14925.1 | ups 8.94 | wpb 1669.6 | bsz 100 | num_updates 88669 | lr 0.5 | gnorm 631.15 | clip 100 | train_wall 160 | wall 11301 (progress_bar.py:269, print())
[2020-12-28 01:56:40]    INFO >> epoch 053 | valid on 'valid' subset | loss 94.244 | nll_loss 5.777 | bleu 16.7708 | ppl 54.83 | wps 0 | wpb 33411 | bsz 2048 | num_updates 88669 | best_bleu 17.2973 (progress_bar.py:269, print())
[2020-12-28 01:57:19]    INFO >> epoch 054:    331 / 1673 loss=66.496, nll_loss=3.974, bleu=0, ppl=15.72, wps=11416.6, ups=6.82, wpb=1673.2, bsz=100, num_updates=89000, lr=0.5, gnorm=632.356, clip=100, train_wall=48, wall=11357 (progress_bar.py:262, log())
[2020-12-28 01:58:01]    INFO >> epoch 054:    831 / 1673 loss=66.291, nll_loss=3.972, bleu=0, ppl=15.69, wps=19824.6, ups=11.88, wpb=1668.9, bsz=100, num_updates=89500, lr=0.5, gnorm=630.898, clip=100, train_wall=40, wall=11399 (progress_bar.py:262, log())
[2020-12-28 01:58:52]    INFO >> epoch 054:   1331 / 1673 loss=66.857, nll_loss=4.003, bleu=0, ppl=16.03, wps=16628.2, ups=9.96, wpb=1670.2, bsz=100, num_updates=90000, lr=0.5, gnorm=633.007, clip=100, train_wall=48, wall=11449 (progress_bar.py:262, log())
[2020-12-28 01:59:27]    INFO >> epoch 054 | loss 66.512 | nll_loss 3.983 | bleu 0 | ppl 15.82 | wps 15254.5 | ups 9.14 | wpb 1669.6 | bsz 100 | num_updates 90342 | lr 0.5 | gnorm 631.37 | clip 100 | train_wall 152 | wall 11484 (progress_bar.py:269, print())
[2020-12-28 01:59:42]    INFO >> epoch 054 | valid on 'valid' subset | loss 94.786 | nll_loss 5.81 | bleu 16.8763 | ppl 56.11 | wps 0 | wpb 33411 | bsz 2048 | num_updates 90342 | best_bleu 17.2973 (progress_bar.py:269, print())
[2020-12-28 02:00:05]    INFO >> epoch 055:    158 / 1673 loss=66.469, nll_loss=3.983, bleu=0, ppl=15.82, wps=11415.6, ups=6.84, wpb=1668.3, bsz=100, num_updates=90500, lr=0.5, gnorm=628.798, clip=100, train_wall=48, wall=11522 (progress_bar.py:262, log())
[2020-12-28 02:00:55]    INFO >> epoch 055:    658 / 1673 loss=65.913, nll_loss=3.948, bleu=0, ppl=15.43, wps=16592, ups=9.94, wpb=1669.7, bsz=100, num_updates=91000, lr=0.5, gnorm=630.788, clip=100, train_wall=48, wall=11573 (progress_bar.py:262, log())
[2020-12-28 02:01:43]    INFO >> epoch 055:   1158 / 1673 loss=66.401, nll_loss=3.986, bleu=0, ppl=15.84, wps=17519.4, ups=10.52, wpb=1665.6, bsz=100, num_updates=91500, lr=0.5, gnorm=632.279, clip=100, train_wall=45, wall=11620 (progress_bar.py:262, log())
[2020-12-28 02:02:29]    INFO >> epoch 055:   1658 / 1673 loss=66.81, nll_loss=3.995, bleu=0, ppl=15.94, wps=17959.9, ups=10.74, wpb=1672.4, bsz=100, num_updates=92000, lr=0.5, gnorm=633.226, clip=100, train_wall=44, wall=11667 (progress_bar.py:262, log())
[2020-12-28 02:02:31]    INFO >> epoch 055 | loss 66.341 | nll_loss 3.973 | bleu 0 | ppl 15.7 | wps 15139.4 | ups 9.07 | wpb 1669.6 | bsz 100 | num_updates 92015 | lr 0.5 | gnorm 631.82 | clip 100 | train_wall 154 | wall 11669 (progress_bar.py:269, print())
[2020-12-28 02:02:46]    INFO >> epoch 055 | valid on 'valid' subset | loss 94.556 | nll_loss 5.796 | bleu 16.2669 | ppl 55.56 | wps 0 | wpb 33411 | bsz 2048 | num_updates 92015 | best_bleu 17.2973 (progress_bar.py:269, print())
[2020-12-28 02:03:42]    INFO >> epoch 056:    485 / 1673 loss=65.623, nll_loss=3.928, bleu=0, ppl=15.22, wps=11511, ups=6.89, wpb=1670.6, bsz=100, num_updates=92500, lr=0.5, gnorm=631.468, clip=100, train_wall=48, wall=11739 (progress_bar.py:262, log())
[2020-12-28 02:04:32]    INFO >> epoch 056:    985 / 1673 loss=65.667, nll_loss=3.944, bleu=0, ppl=15.39, wps=16501.8, ups=9.91, wpb=1664.5, bsz=100, num_updates=93000, lr=0.5, gnorm=631.655, clip=100, train_wall=48, wall=11790 (progress_bar.py:262, log())
[2020-12-28 02:05:22]    INFO >> epoch 056:   1485 / 1673 loss=67.099, nll_loss=4.005, bleu=0, ppl=16.05, wps=16752.6, ups=10, wpb=1675.6, bsz=100, num_updates=93500, lr=0.5, gnorm=635.361, clip=100, train_wall=48, wall=11840 (progress_bar.py:262, log())
[2020-12-28 02:05:41]    INFO >> epoch 056 | loss 66.171 | nll_loss 3.963 | bleu 0 | ppl 15.59 | wps 14679.6 | ups 8.79 | wpb 1669.6 | bsz 100 | num_updates 93688 | lr 0.5 | gnorm 632.675 | clip 100 | train_wall 161 | wall 11859 (progress_bar.py:269, print())
[2020-12-28 02:05:54]    INFO >> epoch 056 | valid on 'valid' subset | loss 95.447 | nll_loss 5.851 | bleu 16.9395 | ppl 57.71 | wps 0 | wpb 33411 | bsz 2048 | num_updates 93688 | best_bleu 17.2973 (progress_bar.py:269, print())
[2020-12-28 02:06:32]    INFO >> epoch 057:    312 / 1673 loss=66.072, nll_loss=3.951, bleu=0, ppl=15.47, wps=12041.8, ups=7.2, wpb=1672.1, bsz=100, num_updates=94000, lr=0.5, gnorm=633.622, clip=100, train_wall=48, wall=11909 (progress_bar.py:262, log())
[2020-12-28 02:07:22]    INFO >> epoch 057:    812 / 1673 loss=65.728, nll_loss=3.947, bleu=0, ppl=15.42, wps=16605.4, ups=9.97, wpb=1665.3, bsz=100, num_updates=94500, lr=0.5, gnorm=632.491, clip=100, train_wall=48, wall=11959 (progress_bar.py:262, log())
[2020-12-28 02:08:12]    INFO >> epoch 057:   1312 / 1673 loss=66.12, nll_loss=3.959, bleu=0, ppl=15.55, wps=16639.2, ups=9.97, wpb=1669.7, bsz=100, num_updates=95000, lr=0.5, gnorm=633.151, clip=100, train_wall=48, wall=12010 (progress_bar.py:262, log())
[2020-12-28 02:08:49]    INFO >> epoch 057 | loss 65.982 | nll_loss 3.952 | bleu 0 | ppl 15.47 | wps 14903.9 | ups 8.93 | wpb 1669.6 | bsz 100 | num_updates 95361 | lr 0.5 | gnorm 633.169 | clip 100 | train_wall 160 | wall 12047 (progress_bar.py:269, print())
[2020-12-28 02:09:06]    INFO >> epoch 057 | valid on 'valid' subset | loss 95.632 | nll_loss 5.862 | bleu 16.5282 | ppl 58.16 | wps 0 | wpb 33411 | bsz 2048 | num_updates 95361 | best_bleu 17.2973 (progress_bar.py:269, print())
[2020-12-28 02:09:27]    INFO >> epoch 058:    139 / 1673 loss=65.928, nll_loss=3.956, bleu=0, ppl=15.51, wps=11100.8, ups=6.66, wpb=1666.7, bsz=100, num_updates=95500, lr=0.5, gnorm=631.29, clip=100, train_wall=48, wall=12085 (progress_bar.py:262, log())
[2020-12-28 02:10:11]    INFO >> epoch 058:    639 / 1673 loss=65.303, nll_loss=3.915, bleu=0, ppl=15.09, wps=18928, ups=11.35, wpb=1667.6, bsz=100, num_updates=96000, lr=0.5, gnorm=632.145, clip=100, train_wall=42, wall=12129 (progress_bar.py:262, log())
[2020-12-28 02:10:59]    INFO >> epoch 058:   1139 / 1673 loss=66.132, nll_loss=3.952, bleu=0, ppl=15.48, wps=17489.6, ups=10.45, wpb=1673.3, bsz=100, num_updates=96500, lr=0.5, gnorm=634.524, clip=100, train_wall=46, wall=12177 (progress_bar.py:262, log())
[2020-12-28 02:11:49]    INFO >> epoch 058:   1639 / 1673 loss=66.365, nll_loss=3.968, bleu=0, ppl=15.65, wps=16659.3, ups=9.96, wpb=1672.6, bsz=100, num_updates=97000, lr=0.5, gnorm=636.114, clip=100, train_wall=48, wall=12227 (progress_bar.py:262, log())
[2020-12-28 02:11:53]    INFO >> epoch 058 | loss 65.816 | nll_loss 3.942 | bleu 0 | ppl 15.37 | wps 15181 | ups 9.09 | wpb 1669.6 | bsz 100 | num_updates 97034 | lr 0.5 | gnorm 633.497 | clip 100 | train_wall 152 | wall 12231 (progress_bar.py:269, print())
[2020-12-28 02:12:08]    INFO >> epoch 058 | valid on 'valid' subset | loss 95.367 | nll_loss 5.846 | bleu 16.2154 | ppl 57.51 | wps 0 | wpb 33411 | bsz 2048 | num_updates 97034 | best_bleu 17.2973 (progress_bar.py:269, print())
[2020-12-28 02:13:01]    INFO >> epoch 059:    466 / 1673 loss=64.773, nll_loss=3.891, bleu=0, ppl=14.84, wps=11487.1, ups=6.9, wpb=1664.1, bsz=100, num_updates=97500, lr=0.5, gnorm=630.911, clip=100, train_wall=48, wall=12299 (progress_bar.py:262, log())
[2020-12-28 02:13:52]    INFO >> epoch 059:    966 / 1673 loss=65.573, nll_loss=3.932, bleu=0, ppl=15.26, wps=16542.2, ups=9.92, wpb=1667.8, bsz=100, num_updates=98000, lr=0.5, gnorm=634.929, clip=100, train_wall=48, wall=12350 (progress_bar.py:262, log())
[2020-12-28 02:14:34]    INFO >> epoch 059:   1466 / 1673 loss=66.207, nll_loss=3.957, bleu=0, ppl=15.53, wps=19816.2, ups=11.84, wpb=1673.2, bsz=100, num_updates=98500, lr=0.5, gnorm=636.178, clip=100, train_wall=40, wall=12392 (progress_bar.py:262, log())
[2020-12-28 02:14:55]    INFO >> epoch 059 | loss 65.647 | nll_loss 3.931 | bleu 0 | ppl 15.26 | wps 15299.6 | ups 9.16 | wpb 1669.6 | bsz 100 | num_updates 98707 | lr 0.5 | gnorm 634.205 | clip 100 | train_wall 153 | wall 12413 (progress_bar.py:269, print())
[2020-12-28 02:15:11]    INFO >> epoch 059 | valid on 'valid' subset | loss 95.76 | nll_loss 5.87 | bleu 16.7993 | ppl 58.48 | wps 0 | wpb 33411 | bsz 2048 | num_updates 98707 | best_bleu 17.2973 (progress_bar.py:269, print())
[2020-12-28 02:15:47]    INFO >> epoch 060:    293 / 1673 loss=65.193, nll_loss=3.909, bleu=0, ppl=15.02, wps=11482.9, ups=6.89, wpb=1667.8, bsz=100, num_updates=99000, lr=0.5, gnorm=632.242, clip=100, train_wall=48, wall=12465 (progress_bar.py:262, log())
[2020-12-28 02:16:37]    INFO >> epoch 060:    793 / 1673 loss=65.623, nll_loss=3.93, bleu=0, ppl=15.24, wps=16556.3, ups=9.91, wpb=1669.9, bsz=100, num_updates=99500, lr=0.5, gnorm=633.836, clip=100, train_wall=48, wall=12515 (progress_bar.py:262, log())
[2020-12-28 02:17:28]    INFO >> epoch 060:   1293 / 1673 loss=65.894, nll_loss=3.936, bleu=0, ppl=15.3, wps=16623.1, ups=9.93, wpb=1674.2, bsz=100, num_updates=100000, lr=0.5, gnorm=634.772, clip=100, train_wall=48, wall=12565 (progress_bar.py:262, log())
[2020-12-28 02:18:06]    INFO >> epoch 060 | loss 65.504 | nll_loss 3.923 | bleu 0 | ppl 15.17 | wps 14659.2 | ups 8.78 | wpb 1669.6 | bsz 100 | num_updates 100380 | lr 0.5 | gnorm 633.095 | clip 100 | train_wall 161 | wall 12604 (progress_bar.py:269, print())
[2020-12-28 02:18:20]    INFO >> epoch 060 | valid on 'valid' subset | loss 96.421 | nll_loss 5.91 | bleu 16.7384 | ppl 60.14 | wps 0 | wpb 33411 | bsz 2048 | num_updates 100380 | best_bleu 17.2973 (progress_bar.py:269, print())
[2020-12-28 02:18:20]    INFO >> done training in 12617.7 seconds (train.py:298, single_main())
