nohup: ignoring input
[2020-12-27 22:49:53]    INFO >> Load arguments in /home/wanyao/yang/naturalcc-dev/run/summarization/codenn/config/csn_feng/javascript.yml (train.py:318, cli_main())
[2020-12-27 22:49:53]    INFO >> {'criterion': 'cross_entropy', 'optimizer': 'sgd', 'lr_scheduler': 'fixed', 'tokenizer': None, 'bpe': None, 'common': {'no_progress_bar': 0, 'log_interval': 500, 'log_format': 'simple', 'tensorboard_logdir': '', 'memory_efficient_fp16': 1, 'fp16_no_flatten_grads': 1, 'fp16_init_scale': 128, 'fp16_scale_window': None, 'fp16_scale_tolerance': 0.0, 'min_loss_scale': 0.0001, 'threshold_loss_scale': None, 'empty_cache_freq': 0, 'task': 'summarization', 'seed': 1, 'cpu': 0, 'fp16': 0, 'fp16_opt_level': '01', 'server_ip': '', 'server_port': ''}, 'dataset': {'num_workers': 3, 'skip_invalid_size_inputs_valid_test': 1, 'max_tokens': None, 'max_sentences': 100, 'required_batch_size_multiple': 1, 'dataset_impl': 'mmap', 'train_subset': 'train', 'valid_subset': 'valid', 'validate_interval': 1, 'fixed_validation_seed': None, 'disable_validation': 0, 'max_tokens_valid': None, 'max_sentences_valid': 2048, 'curriculum': 0, 'gen_subset': 'test', 'num_shards': 1, 'shard_id': 0}, 'distributed_training': {'distributed_world_size': 1, 'distributed_rank': 0, 'distributed_backend': 'nccl', 'distributed_init_method': None, 'distributed_port': -1, 'device_id': 0, 'distributed_no_spawn': 0, 'ddp_backend': 'c10d', 'bucket_cap_mb': 25, 'fix_batches_to_gpus': None, 'find_unused_parameters': 0, 'fast_stat_sync': 0, 'broadcast_buffers': 0, 'global_sync_iter': 50, 'warmup_iterations': 500, 'local_rank': -1, 'block_momentum': 0.875, 'block_lr': 1, 'use_nbm': 0, 'average_sync': 0}, 'task': {'data': '/home/wanyao/.ncc/code_search_net_feng/summarization/javascript/data-mmap', 'source_lang': 'code_tokens', 'target_lang': 'docstring_tokens', 'load_alignments': 0, 'left_pad_source': 0, 'left_pad_target': 0, 'max_source_positions': 100, 'max_target_positions': 30, 'upsample_primary': 1, 'truncate_source': 1, 'truncate_target': 1, 'append_eos_to_target': 1, 'eval_bleu': 1, 'eval_bleu_detok': 'space', 'eval_bleu_detok_args': None, 'eval_tokenized_bleu': 0, 'eval_bleu_remove_bpe': None, 'eval_bleu_args': None, 'eval_bleu_print_samples': 0}, 'model': {'arch': 'codenn', 'init_bound': 0.35, 'encoder_embed_dim': 400, 'encoder_embed': None, 'encoder_freeze_embed': 0, 'decoder_embed_dim': 400, 'decoder_embed': None, 'decoder_freeze_embed': None, 'decoder_hidden_size': 400, 'decoder_layers': 1, 'decoder_out_embed_dim': 400, 'decoder_attention': 1, 'adaptive_softmax_cutoff': None, 'share_decoder_input_output_embed': 0, 'share_all_embeddings': 0, 'encoder_dropout': 0.5, 'decoder_dropout_in': 0.5, 'decoder_dropout_out': 0.5, 'max_source_positions': 100, 'max_target_positions': 30}, 'optimization': {'max_epoch': 0, 'max_update': 0, 'clip_norm': 5, 'update_freq': [1], 'lr': [0.5], 'min_lr': 0.001, 'use_bmuf': 1, 'force_anneal': 0, 'warmup_updates': 0, 'lr_shrink': 0.8, 'sentence_avg': 1, 'adam': {'adam_betas': '(0.9, 0.999)', 'adam_eps': 1e-08, 'weight_decay': 0.0, 'use_old_adam': 0}, 'weight_decay': 0.0, 'adam_epsilon': 1e-08, 'sgd': {'momentum': 0, 'weight_decay': 0, 'dampening': 0, 'nesterov': 0}, 'max_grad_norm': 1.0, 'num_train_epochs': 5, 'max_steps': -1, 'warmup_steps': 0, 'gradient_accumulation_steps': 1}, 'checkpoint': {'restore_file': 'checkpoint_last.pt', 'reset_dataloader': None, 'reset_lr_scheduler': None, 'reset_meters': None, 'reset_optimizer': None, 'optimizer_overrides': '{}', 'save_interval': 1, 'save_interval_updates': 0, 'keep_interval_updates': 0, 'keep_last_epochs': -1, 'keep_best_checkpoints': -1, 'no_save': 0, 'no_epoch_checkpoints': 1, 'no_last_checkpoints': 1, 'no_save_optimizer_state': None, 'best_checkpoint_metric': 'bleu', 'maximize_best_checkpoint_metric': 1, 'patience': -1, 'save_dir': '/home/wanyao/.ncc/code_search_net_feng/summarization/javascript/data-mmap/codenn/checkpoints', 'should_continue': 0, 'model_name_or_path': None, 'cache_dir': None, 'logging_steps': 500, 'save_steps': 2000, 'save_total_limit': 2, 'overwrite_output_dir': 0, 'overwrite_cache': 0}, 'eval': {'path': '/home/wanyao/.ncc/code_search_net_feng/summarization/javascript/data-mmap/codenn/checkpoints/checkpoint_best.pt', 'result_path': None, 'remove_bpe': None, 'quiet': 0, 'model_overrides': '{}', 'max_sentences': 4048, 'beam': 1, 'nbest': 1, 'max_len_a': 0, 'max_len_b': 20, 'min_len': 1, 'match_source_len': 0, 'no_early_stop': 0, 'unnormalized': 0, 'no_beamable_mm': 0, 'lenpen': 1, 'unkpen': 0, 'replace_unk': None, 'sacrebleu': 0, 'score_reference': 0, 'prefix_size': 0, 'no_repeat_ngram_size': 0, 'sampling': 0, 'sampling_topk': -1, 'sampling_topp': -1, 'temperature': 1.0, 'diverse_beam_groups': -1, 'diverse_beam_strength': 0.5, 'diversity_rate': -1.0, 'print_alignment': 0, 'print_step': 0, 'iter_decode_eos_penalty': 0.0, 'iter_decode_max_iter': 10, 'iter_decode_force_max_iter': 0, 'iter_decode_with_beam': 1, 'iter_decode_with_external_reranker': 0, 'retain_iter_history': 0, 'decoding_format': None, 'nltk_bleu': 1, 'rouge': 1}} (train.py:320, cli_main())
[2020-12-27 22:49:53]    INFO >> single GPU training... (train.py:349, cli_main())
[2020-12-27 22:49:54]    INFO >> [code_tokens] dictionary: 30304 types (summarization.py:217, setup_task())
[2020-12-27 22:49:54]    INFO >> [docstring_tokens] dictionary: 9496 types (summarization.py:218, setup_task())
[2020-12-27 22:49:54]    INFO >> truncate valid.code_tokens to 100 (summarization.py:126, load_langpair_dataset())
[2020-12-27 22:49:54]    INFO >> truncate valid.docstring_tokens to 30 (summarization.py:137, load_langpair_dataset())
[2020-12-27 22:49:54]    INFO >> loaded 3885 examples from: /home/wanyao/.ncc/code_search_net_feng/summarization/javascript/data-mmap/valid.code_tokens (summarization.py:165, load_langpair_dataset())
[2020-12-27 22:49:54]    INFO >> loaded 3885 examples from: /home/wanyao/.ncc/code_search_net_feng/summarization/javascript/data-mmap/valid.docstring_tokens (summarization.py:166, load_langpair_dataset())
[2020-12-27 22:49:54]    INFO >> CodeNNModel(
  (encoder): NBOWEncoder(
    (embed_tokens): Embedding(30304, 400, padding_idx=0)
  )
  (decoder): LSTMDecoder(
    (embed_tokens): Embedding(9496, 400, padding_idx=0)
    (layers): ModuleList(
      (0): LSTMCell(400, 400)
    )
    (W_H): Linear(in_features=400, out_features=400, bias=True)
    (W_T): Linear(in_features=400, out_features=400, bias=True)
    (fc_out): Linear(in_features=400, out_features=9496, bias=True)
  )
) (train.py:229, single_main())
[2020-12-27 22:49:54]    INFO >> model codenn, criterion CrossEntropyCriterion (train.py:230, single_main())
[2020-12-27 22:49:54]    INFO >> num. model params: 21331896 (num. trained: 21331896) (train.py:233, single_main())
[2020-12-27 22:50:05]    INFO >> training on 1 GPUs (train.py:238, single_main())
[2020-12-27 22:50:05]    INFO >> max tokens per GPU = None and max sentences per GPU = 100 (train.py:241, single_main())
[2020-12-27 22:50:05]    INFO >> no existing checkpoint found /home/wanyao/.ncc/code_search_net_feng/summarization/javascript/data-mmap/codenn/checkpoints/checkpoint_last.pt (ncc_trainer.py:267, load_checkpoint())
[2020-12-27 22:50:05]    INFO >> loading train data for epoch 1 (ncc_trainer.py:281, get_train_iterator())
[2020-12-27 22:50:05]    INFO >> truncate train.code_tokens to 100 (summarization.py:126, load_langpair_dataset())
[2020-12-27 22:50:05]    INFO >> truncate train.docstring_tokens to 30 (summarization.py:137, load_langpair_dataset())
[2020-12-27 22:50:05]    INFO >> loaded 58025 examples from: /home/wanyao/.ncc/code_search_net_feng/summarization/javascript/data-mmap/train.code_tokens (summarization.py:165, load_langpair_dataset())
[2020-12-27 22:50:05]    INFO >> loaded 58025 examples from: /home/wanyao/.ncc/code_search_net_feng/summarization/javascript/data-mmap/train.docstring_tokens (summarization.py:166, load_langpair_dataset())
[2020-12-27 22:50:05]    INFO >> NOTE: your device may support faster training with --fp16 (ncc_trainer.py:155, _build_optimizer())
[2020-12-27 22:51:23]    INFO >> epoch 001:    500 / 581 loss=123.997, nll_loss=10.069, bleu=0, ppl=1073.93, wps=8874.7, ups=7.22, wpb=1229.7, bsz=99.8, num_updates=500, lr=0.5, gnorm=1145.11, clip=100, train_wall=69, wall=78 (progress_bar.py:262, log())
[2020-12-27 22:51:33]    INFO >> epoch 001 | loss 122.012 | nll_loss 9.879 | bleu 0 | ppl 941.67 | wps 8982 | ups 7.28 | wpb 1233.5 | bsz 99.9 | num_updates 581 | lr 0.5 | gnorm 1097.98 | clip 100 | train_wall 78 | wall 89 (progress_bar.py:269, print())
[2020-12-27 22:51:49]    INFO >> epoch 001 | valid on 'valid' subset | loss 104.159 | nll_loss 8.563 | bleu 12.09 | ppl 378.16 | wps 0 | wpb 24912 | bsz 2048 | num_updates 581 (progress_bar.py:269, print())
[2020-12-27 22:51:50]    INFO >> saved checkpoint /home/wanyao/.ncc/code_search_net_feng/summarization/javascript/data-mmap/codenn/checkpoints/checkpoint_best.pt (epoch 1 @ 581 updates, score 12.090007196347758) (writing took 0.35344499349594116 seconds) (checkpoint_utils.py:81, save_checkpoint())
[2020-12-27 22:52:59]    INFO >> epoch 002:    419 / 581 loss=104.308, nll_loss=8.42, bleu=0, ppl=342.55, wps=6445.7, ups=5.21, wpb=1236.9, bsz=99.8, num_updates=1000, lr=0.5, gnorm=726.45, clip=100, train_wall=70, wall=174 (progress_bar.py:262, log())
[2020-12-27 22:53:23]    INFO >> epoch 002 | loss 102.289 | nll_loss 8.282 | bleu 0 | ppl 311.29 | wps 6508.6 | ups 5.28 | wpb 1233.5 | bsz 99.9 | num_updates 1162 | lr 0.5 | gnorm 693.362 | clip 100 | train_wall 84 | wall 199 (progress_bar.py:269, print())
[2020-12-27 22:53:47]    INFO >> epoch 002 | valid on 'valid' subset | loss 94.484 | nll_loss 7.767 | bleu 12.4578 | ppl 217.89 | wps 0 | wpb 24912 | bsz 2048 | num_updates 1162 | best_bleu 12.4578 (progress_bar.py:269, print())
[2020-12-27 22:53:47]    INFO >> saved checkpoint /home/wanyao/.ncc/code_search_net_feng/summarization/javascript/data-mmap/codenn/checkpoints/checkpoint_best.pt (epoch 2 @ 1162 updates, score 12.457756255635458) (writing took 0.3464162331074476 seconds) (checkpoint_utils.py:81, save_checkpoint())
[2020-12-27 22:54:46]    INFO >> epoch 003:    338 / 581 loss=97.967, nll_loss=7.943, bleu=0, ppl=246.13, wps=5759.5, ups=4.68, wpb=1231.5, bsz=99.8, num_updates=1500, lr=0.5, gnorm=632.854, clip=100, train_wall=73, wall=281 (progress_bar.py:262, log())
[2020-12-27 22:55:13]    INFO >> epoch 003 | loss 96.611 | nll_loss 7.822 | bleu 0 | ppl 226.35 | wps 6546.5 | ups 5.31 | wpb 1233.5 | bsz 99.9 | num_updates 1743 | lr 0.5 | gnorm 618.015 | clip 100 | train_wall 75 | wall 308 (progress_bar.py:269, print())
[2020-12-27 22:55:34]    INFO >> epoch 003 | valid on 'valid' subset | loss 90.516 | nll_loss 7.441 | bleu 12.806 | ppl 173.8 | wps 0 | wpb 24912 | bsz 2048 | num_updates 1743 | best_bleu 12.806 (progress_bar.py:269, print())
[2020-12-27 22:55:34]    INFO >> saved checkpoint /home/wanyao/.ncc/code_search_net_feng/summarization/javascript/data-mmap/codenn/checkpoints/checkpoint_best.pt (epoch 3 @ 1743 updates, score 12.805993417581762) (writing took 0.3401481695473194 seconds) (checkpoint_utils.py:81, save_checkpoint())
[2020-12-27 22:56:12]    INFO >> epoch 004:    257 / 581 loss=94.768, nll_loss=7.659, bleu=0, ppl=202.15, wps=7199.8, ups=5.82, wpb=1237.3, bsz=100, num_updates=2000, lr=0.5, gnorm=594.746, clip=100, train_wall=55, wall=367 (progress_bar.py:262, log())
[2020-12-27 22:57:00]    INFO >> epoch 004 | loss 92.911 | nll_loss 7.523 | bleu 0 | ppl 183.91 | wps 6672.9 | ups 5.41 | wpb 1233.5 | bsz 99.9 | num_updates 2324 | lr 0.5 | gnorm 575.743 | clip 100 | train_wall 76 | wall 416 (progress_bar.py:269, print())
[2020-12-27 22:57:25]    INFO >> epoch 004 | valid on 'valid' subset | loss 87.403 | nll_loss 7.185 | bleu 12.8616 | ppl 145.55 | wps 0 | wpb 24912 | bsz 2048 | num_updates 2324 | best_bleu 12.8616 (progress_bar.py:269, print())
[2020-12-27 22:57:25]    INFO >> saved checkpoint /home/wanyao/.ncc/code_search_net_feng/summarization/javascript/data-mmap/codenn/checkpoints/checkpoint_best.pt (epoch 4 @ 2324 updates, score 12.86156503408646) (writing took 0.3214995777234435 seconds) (checkpoint_utils.py:81, save_checkpoint())
[2020-12-27 22:57:57]    INFO >> epoch 005:    176 / 581 loss=91.35, nll_loss=7.423, bleu=0, ppl=171.6, wps=5825.3, ups=4.74, wpb=1228.8, bsz=99.8, num_updates=2500, lr=0.5, gnorm=564.971, clip=100, train_wall=72, wall=472 (progress_bar.py:262, log())
[2020-12-27 22:58:58]    INFO >> epoch 005 | loss 90.091 | nll_loss 7.295 | bleu 0 | ppl 156.99 | wps 6099.3 | ups 4.94 | wpb 1233.5 | bsz 99.9 | num_updates 2905 | lr 0.5 | gnorm 553.851 | clip 100 | train_wall 83 | wall 533 (progress_bar.py:269, print())
[2020-12-27 22:59:17]    INFO >> epoch 005 | valid on 'valid' subset | loss 85.972 | nll_loss 7.068 | bleu 12.3127 | ppl 134.15 | wps 0 | wpb 24912 | bsz 2048 | num_updates 2905 | best_bleu 12.8616 (progress_bar.py:269, print())
[2020-12-27 22:59:39]    INFO >> epoch 006:     95 / 581 loss=89.929, nll_loss=7.259, bleu=0, ppl=153.19, wps=6050.6, ups=4.89, wpb=1237, bsz=99.8, num_updates=3000, lr=0.5, gnorm=551.544, clip=100, train_wall=73, wall=575 (progress_bar.py:262, log())
[2020-12-27 23:00:40]    INFO >> epoch 006 | loss 87.877 | nll_loss 7.115 | bleu 0 | ppl 138.65 | wps 6994.3 | ups 5.67 | wpb 1233.5 | bsz 99.9 | num_updates 3486 | lr 0.5 | gnorm 538.492 | clip 100 | train_wall 73 | wall 636 (progress_bar.py:269, print())
[2020-12-27 23:00:54]    INFO >> epoch 006 | valid on 'valid' subset | loss 83.815 | nll_loss 6.89 | bleu 12.7072 | ppl 118.63 | wps 0 | wpb 24912 | bsz 2048 | num_updates 3486 | best_bleu 12.8616 (progress_bar.py:269, print())
[2020-12-27 23:01:03]    INFO >> epoch 007:     14 / 581 loss=87.813, nll_loss=7.108, bleu=0, ppl=137.96, wps=7345.4, ups=5.95, wpb=1233.5, bsz=99.8, num_updates=3500, lr=0.5, gnorm=536.605, clip=100, train_wall=60, wall=658 (progress_bar.py:262, log())
[2020-12-27 23:02:16]    INFO >> epoch 007:    514 / 581 loss=86.182, nll_loss=6.973, bleu=0, ppl=125.65, wps=8424.8, ups=6.83, wpb=1234, bsz=99.8, num_updates=4000, lr=0.5, gnorm=529.746, clip=100, train_wall=71, wall=732 (progress_bar.py:262, log())
[2020-12-27 23:02:28]    INFO >> epoch 007 | loss 86.079 | nll_loss 6.97 | bleu 0 | ppl 125.33 | wps 6665.7 | ups 5.4 | wpb 1233.5 | bsz 99.9 | num_updates 4067 | lr 0.5 | gnorm 528.162 | clip 100 | train_wall 83 | wall 743 (progress_bar.py:269, print())
[2020-12-27 23:02:53]    INFO >> epoch 007 | valid on 'valid' subset | loss 81.583 | nll_loss 6.707 | bleu 11.1165 | ppl 104.46 | wps 0 | wpb 24912 | bsz 2048 | num_updates 4067 | best_bleu 12.8616 (progress_bar.py:269, print())
[2020-12-27 23:04:04]    INFO >> epoch 008:    433 / 581 loss=84.684, nll_loss=6.864, bleu=0, ppl=116.48, wps=5717.5, ups=4.64, wpb=1231.9, bsz=99.8, num_updates=4500, lr=0.5, gnorm=523.014, clip=100, train_wall=73, wall=839 (progress_bar.py:262, log())
[2020-12-27 23:04:20]    INFO >> epoch 008 | loss 84.584 | nll_loss 6.849 | bleu 0 | ppl 115.25 | wps 6391.4 | ups 5.18 | wpb 1233.5 | bsz 99.9 | num_updates 4648 | lr 0.5 | gnorm 523.666 | clip 100 | train_wall 77 | wall 855 (progress_bar.py:269, print())
[2020-12-27 23:04:41]    INFO >> epoch 008 | valid on 'valid' subset | loss 82.495 | nll_loss 6.782 | bleu 11.206 | ppl 110.04 | wps 0 | wpb 24912 | bsz 2048 | num_updates 4648 | best_bleu 12.8616 (progress_bar.py:269, print())
[2020-12-27 23:05:38]    INFO >> epoch 009:    352 / 581 loss=83.572, nll_loss=6.765, bleu=0, ppl=108.78, wps=6557.9, ups=5.31, wpb=1235.3, bsz=100, num_updates=5000, lr=0.5, gnorm=519.595, clip=100, train_wall=63, wall=934 (progress_bar.py:262, log())
[2020-12-27 23:06:13]    INFO >> epoch 009 | loss 83.169 | nll_loss 6.734 | bleu 0 | ppl 106.45 | wps 6351.9 | ups 5.15 | wpb 1233.5 | bsz 99.9 | num_updates 5229 | lr 0.5 | gnorm 516.734 | clip 100 | train_wall 82 | wall 968 (progress_bar.py:269, print())
[2020-12-27 23:06:34]    INFO >> epoch 009 | valid on 'valid' subset | loss 81.74 | nll_loss 6.72 | bleu 12.097 | ppl 105.4 | wps 0 | wpb 24912 | bsz 2048 | num_updates 5229 | best_bleu 12.8616 (progress_bar.py:269, print())
[2020-12-27 23:07:13]    INFO >> epoch 010:    271 / 581 loss=82.499, nll_loss=6.674, bleu=0, ppl=102.1, wps=6481.8, ups=5.26, wpb=1232.5, bsz=99.7, num_updates=5500, lr=0.5, gnorm=513.999, clip=100, train_wall=64, wall=1029 (progress_bar.py:262, log())
[2020-12-27 23:08:02]    INFO >> epoch 010 | loss 81.976 | nll_loss 6.637 | bleu 0 | ppl 99.56 | wps 6582 | ups 5.34 | wpb 1233.5 | bsz 99.9 | num_updates 5810 | lr 0.5 | gnorm 512.678 | clip 100 | train_wall 78 | wall 1077 (progress_bar.py:269, print())
[2020-12-27 23:08:20]    INFO >> epoch 010 | valid on 'valid' subset | loss 81.127 | nll_loss 6.669 | bleu 12.3153 | ppl 101.79 | wps 0 | wpb 24912 | bsz 2048 | num_updates 5810 | best_bleu 12.8616 (progress_bar.py:269, print())
[2020-12-27 23:08:49]    INFO >> epoch 011:    190 / 581 loss=81.565, nll_loss=6.602, bleu=0, ppl=97.11, wps=6431.2, ups=5.21, wpb=1233.7, bsz=99.8, num_updates=6000, lr=0.5, gnorm=511.006, clip=100, train_wall=69, wall=1125 (progress_bar.py:262, log())
[2020-12-27 23:09:46]    INFO >> epoch 011 | loss 80.866 | nll_loss 6.548 | bleu 0 | ppl 93.55 | wps 6847.6 | ups 5.55 | wpb 1233.5 | bsz 99.9 | num_updates 6391 | lr 0.5 | gnorm 509.657 | clip 100 | train_wall 77 | wall 1182 (progress_bar.py:269, print())
[2020-12-27 23:10:07]    INFO >> epoch 011 | valid on 'valid' subset | loss 79.231 | nll_loss 6.514 | bleu 12.9793 | ppl 91.36 | wps 0 | wpb 24912 | bsz 2048 | num_updates 6391 | best_bleu 12.9793 (progress_bar.py:269, print())
[2020-12-27 23:10:07]    INFO >> saved checkpoint /home/wanyao/.ncc/code_search_net_feng/summarization/javascript/data-mmap/codenn/checkpoints/checkpoint_best.pt (epoch 11 @ 6391 updates, score 12.979285893263146) (writing took 0.35076052416116 seconds) (checkpoint_utils.py:81, save_checkpoint())
[2020-12-27 23:10:30]    INFO >> epoch 012:    109 / 581 loss=80.611, nll_loss=6.532, bleu=0, ppl=92.55, wps=6110.7, ups=4.96, wpb=1232.2, bsz=99.8, num_updates=6500, lr=0.5, gnorm=509.93, clip=100, train_wall=71, wall=1225 (progress_bar.py:262, log())
[2020-12-27 23:11:40]    INFO >> epoch 012 | loss 79.914 | nll_loss 6.471 | bleu 0 | ppl 88.68 | wps 6313.5 | ups 5.12 | wpb 1233.5 | bsz 99.9 | num_updates 6972 | lr 0.5 | gnorm 507.6 | clip 100 | train_wall 83 | wall 1295 (progress_bar.py:269, print())
[2020-12-27 23:12:05]    INFO >> epoch 012 | valid on 'valid' subset | loss 80.132 | nll_loss 6.588 | bleu 13.2705 | ppl 96.17 | wps 0 | wpb 24912 | bsz 2048 | num_updates 6972 | best_bleu 13.2705 (progress_bar.py:269, print())
[2020-12-27 23:12:05]    INFO >> saved checkpoint /home/wanyao/.ncc/code_search_net_feng/summarization/javascript/data-mmap/codenn/checkpoints/checkpoint_best.pt (epoch 12 @ 6972 updates, score 13.270525686838186) (writing took 0.3676848839968443 seconds) (checkpoint_utils.py:81, save_checkpoint())
[2020-12-27 23:12:16]    INFO >> epoch 013:     28 / 581 loss=79.921, nll_loss=6.473, bleu=0, ppl=88.81, wps=5839.1, ups=4.73, wpb=1234.7, bsz=100, num_updates=7000, lr=0.5, gnorm=507.249, clip=100, train_wall=71, wall=1331 (progress_bar.py:262, log())
[2020-12-27 23:13:09]    INFO >> epoch 013:    528 / 581 loss=78.975, nll_loss=6.396, bleu=0, ppl=84.2, wps=11565.7, ups=9.38, wpb=1233, bsz=99.8, num_updates=7500, lr=0.5, gnorm=504.288, clip=100, train_wall=51, wall=1384 (progress_bar.py:262, log())
[2020-12-27 23:13:17]    INFO >> epoch 013 | loss 78.994 | nll_loss 6.396 | bleu 0 | ppl 84.21 | wps 7390.2 | ups 5.99 | wpb 1233.5 | bsz 99.9 | num_updates 7553 | lr 0.5 | gnorm 504.684 | clip 100 | train_wall 61 | wall 1392 (progress_bar.py:269, print())
[2020-12-27 23:13:43]    INFO >> epoch 013 | valid on 'valid' subset | loss 79.869 | nll_loss 6.566 | bleu 12.6436 | ppl 94.74 | wps 0 | wpb 24912 | bsz 2048 | num_updates 7553 | best_bleu 13.2705 (progress_bar.py:269, print())
[2020-12-27 23:14:56]    INFO >> epoch 014:    447 / 581 loss=78.122, nll_loss=6.327, bleu=0, ppl=80.26, wps=5776.4, ups=4.68, wpb=1233, bsz=99.8, num_updates=8000, lr=0.5, gnorm=503.951, clip=100, train_wall=71, wall=1491 (progress_bar.py:262, log())
[2020-12-27 23:15:16]    INFO >> epoch 014 | loss 78.126 | nll_loss 6.326 | bleu 0 | ppl 80.21 | wps 6027.3 | ups 4.89 | wpb 1233.5 | bsz 99.9 | num_updates 8134 | lr 0.5 | gnorm 503.406 | clip 100 | train_wall 82 | wall 1511 (progress_bar.py:269, print())
[2020-12-27 23:15:38]    INFO >> epoch 014 | valid on 'valid' subset | loss 80.543 | nll_loss 6.621 | bleu 11.5819 | ppl 98.45 | wps 0 | wpb 24912 | bsz 2048 | num_updates 8134 | best_bleu 13.2705 (progress_bar.py:269, print())
[2020-12-27 23:16:38]    INFO >> epoch 015:    366 / 581 loss=77.286, nll_loss=6.269, bleu=0, ppl=77.11, wps=6054.8, ups=4.91, wpb=1232.8, bsz=100, num_updates=8500, lr=0.5, gnorm=503.375, clip=100, train_wall=70, wall=1593 (progress_bar.py:262, log())
[2020-12-27 23:17:09]    INFO >> epoch 015 | loss 77.345 | nll_loss 6.262 | bleu 0 | ppl 76.77 | wps 6315.7 | ups 5.12 | wpb 1233.5 | bsz 99.9 | num_updates 8715 | lr 0.5 | gnorm 503.416 | clip 100 | train_wall 81 | wall 1624 (progress_bar.py:269, print())
[2020-12-27 23:17:24]    INFO >> epoch 015 | valid on 'valid' subset | loss 78.066 | nll_loss 6.418 | bleu 12.8782 | ppl 85.49 | wps 0 | wpb 24912 | bsz 2048 | num_updates 8715 | best_bleu 13.2705 (progress_bar.py:269, print())
[2020-12-27 23:18:12]    INFO >> epoch 016:    285 / 581 loss=77.306, nll_loss=6.242, bleu=0, ppl=75.71, wps=6533.8, ups=5.28, wpb=1236.6, bsz=99.8, num_updates=9000, lr=0.5, gnorm=504.848, clip=100, train_wall=70, wall=1688 (progress_bar.py:262, log())
[2020-12-27 23:18:48]    INFO >> epoch 016 | loss 76.612 | nll_loss 6.203 | bleu 0 | ppl 73.68 | wps 7233.7 | ups 5.86 | wpb 1233.5 | bsz 99.9 | num_updates 9296 | lr 0.5 | gnorm 504 | clip 100 | train_wall 75 | wall 1723 (progress_bar.py:269, print())
[2020-12-27 23:19:11]    INFO >> epoch 016 | valid on 'valid' subset | loss 79.198 | nll_loss 6.511 | bleu 13.4868 | ppl 91.19 | wps 0 | wpb 24912 | bsz 2048 | num_updates 9296 | best_bleu 13.4868 (progress_bar.py:269, print())
[2020-12-27 23:19:12]    INFO >> saved checkpoint /home/wanyao/.ncc/code_search_net_feng/summarization/javascript/data-mmap/codenn/checkpoints/checkpoint_best.pt (epoch 16 @ 9296 updates, score 13.486820922129409) (writing took 0.36472183372825384 seconds) (checkpoint_utils.py:81, save_checkpoint())
[2020-12-27 23:19:48]    INFO >> epoch 017:    204 / 581 loss=76.132, nll_loss=6.172, bleu=0, ppl=72.12, wps=6421.9, ups=5.22, wpb=1229.8, bsz=99.7, num_updates=9500, lr=0.5, gnorm=502.241, clip=100, train_wall=63, wall=1783 (progress_bar.py:262, log())
[2020-12-27 23:20:43]    INFO >> epoch 017 | loss 75.904 | nll_loss 6.146 | bleu 0 | ppl 70.8 | wps 6240.2 | ups 5.06 | wpb 1233.5 | bsz 99.9 | num_updates 9877 | lr 0.5 | gnorm 503.479 | clip 100 | train_wall 81 | wall 1838 (progress_bar.py:269, print())
[2020-12-27 23:21:09]    INFO >> epoch 017 | valid on 'valid' subset | loss 79.19 | nll_loss 6.51 | bleu 12.0598 | ppl 91.15 | wps 0 | wpb 24912 | bsz 2048 | num_updates 9877 | best_bleu 13.4868 (progress_bar.py:269, print())
[2020-12-27 23:21:28]    INFO >> epoch 018:    123 / 581 loss=75.755, nll_loss=6.139, bleu=0, ppl=70.45, wps=6199.7, ups=5.02, wpb=1234.1, bsz=100, num_updates=10000, lr=0.5, gnorm=503.317, clip=100, train_wall=64, wall=1883 (progress_bar.py:262, log())
[2020-12-27 23:22:34]    INFO >> epoch 018 | loss 75.268 | nll_loss 6.094 | bleu 0 | ppl 68.32 | wps 6482.8 | ups 5.26 | wpb 1233.5 | bsz 99.9 | num_updates 10458 | lr 0.5 | gnorm 506.024 | clip 100 | train_wall 75 | wall 1949 (progress_bar.py:269, print())
[2020-12-27 23:22:58]    INFO >> epoch 018 | valid on 'valid' subset | loss 78.417 | nll_loss 6.447 | bleu 12.769 | ppl 87.22 | wps 0 | wpb 24912 | bsz 2048 | num_updates 10458 | best_bleu 13.4868 (progress_bar.py:269, print())
[2020-12-27 23:23:11]    INFO >> epoch 019:     42 / 581 loss=75.313, nll_loss=6.091, bleu=0, ppl=68.19, wps=5954.6, ups=4.82, wpb=1234.5, bsz=99.8, num_updates=10500, lr=0.5, gnorm=507.244, clip=100, train_wall=70, wall=1987 (progress_bar.py:262, log())
[2020-12-27 23:24:19]    INFO >> epoch 019:    542 / 581 loss=74.693, nll_loss=6.047, bleu=0, ppl=66.11, wps=9068.5, ups=7.35, wpb=1233.4, bsz=99.8, num_updates=11000, lr=0.5, gnorm=506.479, clip=100, train_wall=66, wall=2055 (progress_bar.py:262, log())
[2020-12-27 23:24:24]    INFO >> epoch 019 | loss 74.641 | nll_loss 6.044 | bleu 0 | ppl 65.96 | wps 6502.7 | ups 5.27 | wpb 1233.5 | bsz 99.9 | num_updates 11039 | lr 0.5 | gnorm 506.522 | clip 100 | train_wall 76 | wall 2059 (progress_bar.py:269, print())
[2020-12-27 23:24:43]    INFO >> epoch 019 | valid on 'valid' subset | loss 79.132 | nll_loss 6.505 | bleu 12.9949 | ppl 90.85 | wps 0 | wpb 24912 | bsz 2048 | num_updates 11039 | best_bleu 13.4868 (progress_bar.py:269, print())
[2020-12-27 23:25:48]    INFO >> epoch 020:    461 / 581 loss=73.93, nll_loss=5.987, bleu=0, ppl=63.43, wps=6947.9, ups=5.63, wpb=1234.8, bsz=100, num_updates=11500, lr=0.5, gnorm=504.668, clip=100, train_wall=60, wall=2143 (progress_bar.py:262, log())
[2020-12-27 23:26:07]    INFO >> epoch 020 | loss 73.995 | nll_loss 5.991 | bleu 0 | ppl 63.61 | wps 6924.6 | ups 5.61 | wpb 1233.5 | bsz 99.9 | num_updates 11620 | lr 0.5 | gnorm 504.056 | clip 100 | train_wall 74 | wall 2163 (progress_bar.py:269, print())
[2020-12-27 23:26:27]    INFO >> epoch 020 | valid on 'valid' subset | loss 79.328 | nll_loss 6.522 | bleu 12.717 | ppl 91.87 | wps 0 | wpb 24912 | bsz 2048 | num_updates 11620 | best_bleu 13.4868 (progress_bar.py:269, print())
[2020-12-27 23:27:32]    INFO >> epoch 021:    380 / 581 loss=73.543, nll_loss=5.955, bleu=0, ppl=62.05, wps=5954.7, ups=4.84, wpb=1231.2, bsz=99.7, num_updates=12000, lr=0.5, gnorm=504.921, clip=100, train_wall=74, wall=2247 (progress_bar.py:262, log())
[2020-12-27 23:28:01]    INFO >> epoch 021 | loss 73.448 | nll_loss 5.947 | bleu 0 | ppl 61.69 | wps 6305.5 | ups 5.11 | wpb 1233.5 | bsz 99.9 | num_updates 12201 | lr 0.5 | gnorm 505.874 | clip 100 | train_wall 84 | wall 2276 (progress_bar.py:269, print())
[2020-12-27 23:28:26]    INFO >> epoch 021 | valid on 'valid' subset | loss 77.763 | nll_loss 6.393 | bleu 12.9237 | ppl 84.03 | wps 0 | wpb 24912 | bsz 2048 | num_updates 12201 | best_bleu 13.4868 (progress_bar.py:269, print())
[2020-12-27 23:29:17]    INFO >> epoch 022:    299 / 581 loss=73.182, nll_loss=5.922, bleu=0, ppl=60.62, wps=5846.1, ups=4.74, wpb=1234, bsz=99.8, num_updates=12500, lr=0.5, gnorm=506.458, clip=100, train_wall=71, wall=2352 (progress_bar.py:262, log())
[2020-12-27 23:29:53]    INFO >> epoch 022 | loss 72.928 | nll_loss 5.905 | bleu 0 | ppl 59.91 | wps 6390.8 | ups 5.18 | wpb 1233.5 | bsz 99.9 | num_updates 12782 | lr 0.5 | gnorm 507.187 | clip 100 | train_wall 77 | wall 2388 (progress_bar.py:269, print())
[2020-12-27 23:30:07]    INFO >> epoch 022 | valid on 'valid' subset | loss 78.451 | nll_loss 6.449 | bleu 13.2444 | ppl 87.39 | wps 0 | wpb 24912 | bsz 2048 | num_updates 12782 | best_bleu 13.4868 (progress_bar.py:269, print())
[2020-12-27 23:30:43]    INFO >> epoch 023:    218 / 581 loss=72.508, nll_loss=5.879, bleu=0, ppl=58.86, wps=7138.8, ups=5.8, wpb=1231.4, bsz=99.8, num_updates=13000, lr=0.5, gnorm=507.391, clip=100, train_wall=62, wall=2439 (progress_bar.py:262, log())
[2020-12-27 23:31:39]    INFO >> epoch 023 | loss 72.396 | nll_loss 5.862 | bleu 0 | ppl 58.15 | wps 6774.6 | ups 5.49 | wpb 1233.5 | bsz 99.9 | num_updates 13363 | lr 0.5 | gnorm 508.865 | clip 100 | train_wall 82 | wall 2494 (progress_bar.py:269, print())
[2020-12-27 23:32:03]    INFO >> epoch 023 | valid on 'valid' subset | loss 78.931 | nll_loss 6.489 | bleu 13.0219 | ppl 89.81 | wps 0 | wpb 24912 | bsz 2048 | num_updates 13363 | best_bleu 13.4868 (progress_bar.py:269, print())
[2020-12-27 23:32:30]    INFO >> epoch 024:    137 / 581 loss=72.294, nll_loss=5.859, bleu=0, ppl=58.03, wps=5764.9, ups=4.67, wpb=1234, bsz=100, num_updates=13500, lr=0.5, gnorm=508.964, clip=100, train_wall=74, wall=2546 (progress_bar.py:262, log())
[2020-12-27 23:33:37]    INFO >> epoch 024 | loss 71.842 | nll_loss 5.817 | bleu 0 | ppl 56.37 | wps 6083.8 | ups 4.93 | wpb 1233.5 | bsz 99.9 | num_updates 13944 | lr 0.5 | gnorm 508.187 | clip 100 | train_wall 84 | wall 2612 (progress_bar.py:269, print())
[2020-12-27 23:33:55]    INFO >> epoch 024 | valid on 'valid' subset | loss 78.258 | nll_loss 6.434 | bleu 12.824 | ppl 86.43 | wps 0 | wpb 24912 | bsz 2048 | num_updates 13944 | best_bleu 13.4868 (progress_bar.py:269, print())
[2020-12-27 23:34:10]    INFO >> epoch 025:     56 / 581 loss=71.959, nll_loss=5.816, bleu=0, ppl=56.34, wps=6227.6, ups=5.04, wpb=1235.4, bsz=99.8, num_updates=14000, lr=0.5, gnorm=508.854, clip=100, train_wall=70, wall=2645 (progress_bar.py:262, log())
[2020-12-27 23:35:18]    INFO >> epoch 025:    556 / 581 loss=71.439, nll_loss=5.782, bleu=0, ppl=55.02, wps=9019.6, ups=7.31, wpb=1233.7, bsz=99.8, num_updates=14500, lr=0.5, gnorm=510.487, clip=100, train_wall=66, wall=2713 (progress_bar.py:262, log())
[2020-12-27 23:35:22]    INFO >> epoch 025 | loss 71.359 | nll_loss 5.778 | bleu 0 | ppl 54.86 | wps 6775.6 | ups 5.49 | wpb 1233.5 | bsz 99.9 | num_updates 14525 | lr 0.5 | gnorm 510.23 | clip 100 | train_wall 77 | wall 2718 (progress_bar.py:269, print())
[2020-12-27 23:35:40]    INFO >> epoch 025 | valid on 'valid' subset | loss 78.221 | nll_loss 6.431 | bleu 13.0753 | ppl 86.25 | wps 0 | wpb 24912 | bsz 2048 | num_updates 14525 | best_bleu 13.4868 (progress_bar.py:269, print())
[2020-12-27 23:36:52]    INFO >> epoch 026:    475 / 581 loss=70.864, nll_loss=5.738, bleu=0, ppl=53.37, wps=6580.3, ups=5.33, wpb=1235, bsz=100, num_updates=15000, lr=0.5, gnorm=512.497, clip=100, train_wall=67, wall=2807 (progress_bar.py:262, log())
[2020-12-27 23:37:09]    INFO >> epoch 026 | loss 70.889 | nll_loss 5.74 | bleu 0 | ppl 53.44 | wps 6744.4 | ups 5.47 | wpb 1233.5 | bsz 99.9 | num_updates 15106 | lr 0.5 | gnorm 511.916 | clip 100 | train_wall 79 | wall 2824 (progress_bar.py:269, print())
[2020-12-27 23:37:34]    INFO >> epoch 026 | valid on 'valid' subset | loss 78.282 | nll_loss 6.436 | bleu 12.6709 | ppl 86.55 | wps 0 | wpb 24912 | bsz 2048 | num_updates 15106 | best_bleu 13.4868 (progress_bar.py:269, print())
[2020-12-27 23:38:33]    INFO >> epoch 027:    394 / 581 loss=70.486, nll_loss=5.704, bleu=0, ppl=52.15, wps=6069.4, ups=4.92, wpb=1233.8, bsz=99.8, num_updates=15500, lr=0.5, gnorm=512.951, clip=100, train_wall=67, wall=2909 (progress_bar.py:262, log())
[2020-12-27 23:38:55]    INFO >> epoch 027 | loss 70.431 | nll_loss 5.703 | bleu 0 | ppl 52.08 | wps 6733.7 | ups 5.46 | wpb 1233.5 | bsz 99.9 | num_updates 15687 | lr 0.5 | gnorm 513.014 | clip 100 | train_wall 72 | wall 2930 (progress_bar.py:269, print())
[2020-12-27 23:39:21]    INFO >> epoch 027 | valid on 'valid' subset | loss 78.206 | nll_loss 6.429 | bleu 13.0037 | ppl 86.18 | wps 0 | wpb 24912 | bsz 2048 | num_updates 15687 | best_bleu 13.4868 (progress_bar.py:269, print())
[2020-12-27 23:40:12]    INFO >> epoch 028:    313 / 581 loss=70.175, nll_loss=5.676, bleu=0, ppl=51.11, wps=6230.9, ups=5.05, wpb=1232.7, bsz=99.7, num_updates=16000, lr=0.5, gnorm=511.728, clip=100, train_wall=63, wall=3008 (progress_bar.py:262, log())
[2020-12-27 23:40:52]    INFO >> epoch 028 | loss 69.972 | nll_loss 5.666 | bleu 0 | ppl 50.76 | wps 6123.9 | ups 4.96 | wpb 1233.5 | bsz 99.9 | num_updates 16268 | lr 0.5 | gnorm 513.163 | clip 100 | train_wall 81 | wall 3047 (progress_bar.py:269, print())
[2020-12-27 23:41:16]    INFO >> epoch 028 | valid on 'valid' subset | loss 78.968 | nll_loss 6.492 | bleu 13.2763 | ppl 90 | wps 0 | wpb 24912 | bsz 2048 | num_updates 16268 | best_bleu 13.4868 (progress_bar.py:269, print())
[2020-12-27 23:41:50]    INFO >> epoch 029:    232 / 581 loss=69.602, nll_loss=5.649, bleu=0, ppl=50.16, wps=6313.8, ups=5.13, wpb=1230.4, bsz=99.8, num_updates=16500, lr=0.5, gnorm=513.618, clip=100, train_wall=64, wall=3105 (progress_bar.py:262, log())
[2020-12-27 23:42:39]    INFO >> epoch 029 | loss 69.521 | nll_loss 5.629 | bleu 0 | ppl 49.49 | wps 6680.7 | ups 5.42 | wpb 1233.5 | bsz 99.9 | num_updates 16849 | lr 0.5 | gnorm 514.196 | clip 100 | train_wall 73 | wall 3155 (progress_bar.py:269, print())
[2020-12-27 23:42:53]    INFO >> epoch 029 | valid on 'valid' subset | loss 78.657 | nll_loss 6.466 | bleu 13.4929 | ppl 88.42 | wps 0 | wpb 24912 | bsz 2048 | num_updates 16849 | best_bleu 13.4929 (progress_bar.py:269, print())
[2020-12-27 23:42:53]    INFO >> saved checkpoint /home/wanyao/.ncc/code_search_net_feng/summarization/javascript/data-mmap/codenn/checkpoints/checkpoint_best.pt (epoch 29 @ 16849 updates, score 13.492865282106727) (writing took 0.3378802863880992 seconds) (checkpoint_utils.py:81, save_checkpoint())
[2020-12-27 23:43:24]    INFO >> epoch 030:    151 / 581 loss=69.487, nll_loss=5.623, bleu=0, ppl=49.28, wps=6545.5, ups=5.3, wpb=1235.8, bsz=100, num_updates=17000, lr=0.5, gnorm=515.362, clip=100, train_wall=71, wall=3199 (progress_bar.py:262, log())
[2020-12-27 23:44:28]    INFO >> epoch 030 | loss 69.109 | nll_loss 5.596 | bleu 0 | ppl 48.36 | wps 6601.9 | ups 5.35 | wpb 1233.5 | bsz 99.9 | num_updates 17430 | lr 0.5 | gnorm 516.237 | clip 100 | train_wall 85 | wall 3263 (progress_bar.py:269, print())
[2020-12-27 23:44:49]    INFO >> epoch 030 | valid on 'valid' subset | loss 78.974 | nll_loss 6.492 | bleu 12.8871 | ppl 90.03 | wps 0 | wpb 24912 | bsz 2048 | num_updates 17430 | best_bleu 13.4929 (progress_bar.py:269, print())
[2020-12-27 23:45:05]    INFO >> epoch 031:     70 / 581 loss=69.032, nll_loss=5.593, bleu=0, ppl=48.25, wps=6099.3, ups=4.96, wpb=1230.6, bsz=99.7, num_updates=17500, lr=0.5, gnorm=515.094, clip=100, train_wall=71, wall=3300 (progress_bar.py:262, log())
[2020-12-27 23:46:19]    INFO >> epoch 031:    570 / 581 loss=68.841, nll_loss=5.571, bleu=0, ppl=47.53, wps=8348.8, ups=6.76, wpb=1235.7, bsz=100, num_updates=18000, lr=0.5, gnorm=518.194, clip=100, train_wall=72, wall=3374 (progress_bar.py:262, log())
[2020-12-27 23:46:21]    INFO >> epoch 031 | loss 68.716 | nll_loss 5.564 | bleu 0 | ppl 47.3 | wps 6323.1 | ups 5.13 | wpb 1233.5 | bsz 99.9 | num_updates 18011 | lr 0.5 | gnorm 517.036 | clip 100 | train_wall 83 | wall 3377 (progress_bar.py:269, print())
[2020-12-27 23:46:47]    INFO >> epoch 031 | valid on 'valid' subset | loss 78.587 | nll_loss 6.461 | bleu 13.1408 | ppl 88.07 | wps 0 | wpb 24912 | bsz 2048 | num_updates 18011 | best_bleu 13.4929 (progress_bar.py:269, print())
[2020-12-27 23:47:46]    INFO >> epoch 032:    489 / 581 loss=68.434, nll_loss=5.53, bleu=0, ppl=46.22, wps=7073.5, ups=5.72, wpb=1235.6, bsz=99.8, num_updates=18500, lr=0.5, gnorm=520.403, clip=100, train_wall=53, wall=3462 (progress_bar.py:262, log())
[2020-12-27 23:47:59]    INFO >> epoch 032 | loss 68.309 | nll_loss 5.531 | bleu 0 | ppl 46.23 | wps 7323.4 | ups 5.94 | wpb 1233.5 | bsz 99.9 | num_updates 18592 | lr 0.5 | gnorm 519.504 | clip 100 | train_wall 63 | wall 3475 (progress_bar.py:269, print())
[2020-12-27 23:48:18]    INFO >> epoch 032 | valid on 'valid' subset | loss 78.93 | nll_loss 6.489 | bleu 13.0831 | ppl 89.81 | wps 0 | wpb 24912 | bsz 2048 | num_updates 18592 | best_bleu 13.4929 (progress_bar.py:269, print())
[2020-12-27 23:49:18]    INFO >> epoch 033:    408 / 581 loss=67.747, nll_loss=5.496, bleu=0, ppl=45.13, wps=6715.6, ups=5.45, wpb=1232.7, bsz=100, num_updates=19000, lr=0.5, gnorm=519.589, clip=100, train_wall=63, wall=3554 (progress_bar.py:262, log())
[2020-12-27 23:49:41]    INFO >> epoch 033 | loss 67.883 | nll_loss 5.496 | bleu 0 | ppl 45.14 | wps 7024.7 | ups 5.7 | wpb 1233.5 | bsz 99.9 | num_updates 19173 | lr 0.5 | gnorm 520.142 | clip 100 | train_wall 73 | wall 3577 (progress_bar.py:269, print())
[2020-12-27 23:50:00]    INFO >> epoch 033 | valid on 'valid' subset | loss 78.646 | nll_loss 6.465 | bleu 12.608 | ppl 88.37 | wps 0 | wpb 24912 | bsz 2048 | num_updates 19173 | best_bleu 13.4929 (progress_bar.py:269, print())
[2020-12-27 23:50:47]    INFO >> epoch 034:    327 / 581 loss=67.557, nll_loss=5.468, bleu=0, ppl=44.26, wps=6910.2, ups=5.61, wpb=1231.8, bsz=99.7, num_updates=19500, lr=0.5, gnorm=520.633, clip=100, train_wall=61, wall=3643 (progress_bar.py:262, log())
[2020-12-27 23:51:14]    INFO >> epoch 034 | loss 67.53 | nll_loss 5.468 | bleu 0 | ppl 44.25 | wps 7749.4 | ups 6.28 | wpb 1233.5 | bsz 99.9 | num_updates 19754 | lr 0.5 | gnorm 521.292 | clip 100 | train_wall 64 | wall 3669 (progress_bar.py:269, print())
[2020-12-27 23:51:33]    INFO >> epoch 034 | valid on 'valid' subset | loss 78.974 | nll_loss 6.492 | bleu 12.2445 | ppl 90.03 | wps 0 | wpb 24912 | bsz 2048 | num_updates 19754 | best_bleu 13.4929 (progress_bar.py:269, print())
[2020-12-27 23:52:12]    INFO >> epoch 035:    246 / 581 loss=67.308, nll_loss=5.453, bleu=0, ppl=43.81, wps=7254.3, ups=5.88, wpb=1234.3, bsz=100, num_updates=20000, lr=0.5, gnorm=522.696, clip=100, train_wall=56, wall=3728 (progress_bar.py:262, log())
[2020-12-27 23:52:50]    INFO >> epoch 035 | loss 67.17 | nll_loss 5.439 | bleu 0 | ppl 43.37 | wps 7417.3 | ups 6.01 | wpb 1233.5 | bsz 99.9 | num_updates 20335 | lr 0.5 | gnorm 523.959 | clip 100 | train_wall 67 | wall 3766 (progress_bar.py:269, print())
[2020-12-27 23:53:10]    INFO >> epoch 035 | valid on 'valid' subset | loss 79.02 | nll_loss 6.496 | bleu 13.6669 | ppl 90.27 | wps 0 | wpb 24912 | bsz 2048 | num_updates 20335 | best_bleu 13.6669 (progress_bar.py:269, print())
[2020-12-27 23:53:10]    INFO >> saved checkpoint /home/wanyao/.ncc/code_search_net_feng/summarization/javascript/data-mmap/codenn/checkpoints/checkpoint_best.pt (epoch 35 @ 20335 updates, score 13.666905395141177) (writing took 0.3253391245380044 seconds) (checkpoint_utils.py:81, save_checkpoint())
[2020-12-27 23:53:39]    INFO >> epoch 036:    165 / 581 loss=67.206, nll_loss=5.432, bleu=0, ppl=43.18, wps=7135.3, ups=5.78, wpb=1233.4, bsz=99.7, num_updates=20500, lr=0.5, gnorm=523.089, clip=100, train_wall=57, wall=3814 (progress_bar.py:262, log())
[2020-12-27 23:54:32]    INFO >> epoch 036 | loss 66.784 | nll_loss 5.407 | bleu 0 | ppl 42.44 | wps 7072.4 | ups 5.73 | wpb 1233.5 | bsz 99.9 | num_updates 20916 | lr 0.5 | gnorm 524.491 | clip 100 | train_wall 71 | wall 3867 (progress_bar.py:269, print())
[2020-12-27 23:54:45]    INFO >> epoch 036 | valid on 'valid' subset | loss 79.916 | nll_loss 6.57 | bleu 13.0971 | ppl 95 | wps 0 | wpb 24912 | bsz 2048 | num_updates 20916 | best_bleu 13.6669 (progress_bar.py:269, print())
[2020-12-27 23:55:03]    INFO >> epoch 037:     84 / 581 loss=66.83, nll_loss=5.414, bleu=0, ppl=42.65, wps=7336.6, ups=5.94, wpb=1234.3, bsz=100, num_updates=21000, lr=0.5, gnorm=525.658, clip=100, train_wall=61, wall=3898 (progress_bar.py:262, log())
[2020-12-27 23:56:09]    INFO >> epoch 037 | loss 66.452 | nll_loss 5.38 | bleu 0 | ppl 41.66 | wps 7395.4 | ups 6 | wpb 1233.5 | bsz 99.9 | num_updates 21497 | lr 0.5 | gnorm 526.424 | clip 100 | train_wall 74 | wall 3964 (progress_bar.py:269, print())
[2020-12-27 23:56:28]    INFO >> epoch 037 | valid on 'valid' subset | loss 79.601 | nll_loss 6.544 | bleu 11.5335 | ppl 93.31 | wps 0 | wpb 24912 | bsz 2048 | num_updates 21497 | best_bleu 13.6669 (progress_bar.py:269, print())
[2020-12-27 23:56:35]    INFO >> epoch 038:      3 / 581 loss=66.446, nll_loss=5.385, bleu=0, ppl=41.79, wps=6706.5, ups=5.44, wpb=1232, bsz=99.8, num_updates=21500, lr=0.5, gnorm=526.322, clip=100, train_wall=63, wall=3990 (progress_bar.py:262, log())
[2020-12-27 23:57:40]    INFO >> epoch 038:    503 / 581 loss=65.976, nll_loss=5.345, bleu=0, ppl=40.63, wps=9492.4, ups=7.7, wpb=1232.6, bsz=99.8, num_updates=22000, lr=0.5, gnorm=527.93, clip=100, train_wall=63, wall=4055 (progress_bar.py:262, log())
[2020-12-27 23:57:48]    INFO >> epoch 038 | loss 66.096 | nll_loss 5.352 | bleu 0 | ppl 40.83 | wps 7200.8 | ups 5.84 | wpb 1233.5 | bsz 99.9 | num_updates 22078 | lr 0.5 | gnorm 527.99 | clip 100 | train_wall 71 | wall 4063 (progress_bar.py:269, print())
[2020-12-27 23:58:02]    INFO >> epoch 038 | valid on 'valid' subset | loss 80.878 | nll_loss 6.649 | bleu 13.2088 | ppl 100.35 | wps 0 | wpb 24912 | bsz 2048 | num_updates 22078 | best_bleu 13.6669 (progress_bar.py:269, print())
[2020-12-27 23:58:54]    INFO >> epoch 039:    422 / 581 loss=65.741, nll_loss=5.318, bleu=0, ppl=39.89, wps=8365.7, ups=6.78, wpb=1234.3, bsz=99.8, num_updates=22500, lr=0.5, gnorm=528.659, clip=100, train_wall=51, wall=4129 (progress_bar.py:262, log())
[2020-12-27 23:59:15]    INFO >> epoch 039 | loss 65.761 | nll_loss 5.325 | bleu 0 | ppl 40.07 | wps 8265.3 | ups 6.7 | wpb 1233.5 | bsz 99.9 | num_updates 22659 | lr 0.5 | gnorm 528.35 | clip 100 | train_wall 63 | wall 4150 (progress_bar.py:269, print())
[2020-12-27 23:59:34]    INFO >> epoch 039 | valid on 'valid' subset | loss 79.75 | nll_loss 6.556 | bleu 13.1511 | ppl 94.11 | wps 0 | wpb 24912 | bsz 2048 | num_updates 22659 | best_bleu 13.6669 (progress_bar.py:269, print())
[2020-12-28 00:00:25]    INFO >> epoch 040:    341 / 581 loss=65.303, nll_loss=5.302, bleu=0, ppl=39.45, wps=6702.8, ups=5.45, wpb=1229.8, bsz=99.8, num_updates=23000, lr=0.5, gnorm=529.206, clip=100, train_wall=63, wall=4221 (progress_bar.py:262, log())
[2020-12-28 00:00:57]    INFO >> epoch 040 | loss 65.417 | nll_loss 5.297 | bleu 0 | ppl 39.31 | wps 7005.9 | ups 5.68 | wpb 1233.5 | bsz 99.9 | num_updates 23240 | lr 0.5 | gnorm 531.344 | clip 100 | train_wall 73 | wall 4252 (progress_bar.py:269, print())
[2020-12-28 00:01:16]    INFO >> epoch 040 | valid on 'valid' subset | loss 79.532 | nll_loss 6.538 | bleu 13.2059 | ppl 92.94 | wps 0 | wpb 24912 | bsz 2048 | num_updates 23240 | best_bleu 13.6669 (progress_bar.py:269, print())
[2020-12-28 00:01:57]    INFO >> epoch 041:    260 / 581 loss=65.393, nll_loss=5.282, bleu=0, ppl=38.9, wps=6756.3, ups=5.46, wpb=1236.3, bsz=99.8, num_updates=23500, lr=0.5, gnorm=531.703, clip=100, train_wall=63, wall=4312 (progress_bar.py:262, log())
[2020-12-28 00:02:29]    INFO >> epoch 041 | loss 65.101 | nll_loss 5.271 | bleu 0 | ppl 38.62 | wps 7764.8 | ups 6.3 | wpb 1233.5 | bsz 99.9 | num_updates 23821 | lr 0.5 | gnorm 531.952 | clip 100 | train_wall 64 | wall 4345 (progress_bar.py:269, print())
[2020-12-28 00:02:42]    INFO >> epoch 041 | valid on 'valid' subset | loss 79.71 | nll_loss 6.553 | bleu 13.3152 | ppl 93.89 | wps 0 | wpb 24912 | bsz 2048 | num_updates 23821 | best_bleu 13.6669 (progress_bar.py:269, print())
[2020-12-28 00:03:10]    INFO >> epoch 042:    179 / 581 loss=65.145, nll_loss=5.274, bleu=0, ppl=38.69, wps=8409.7, ups=6.81, wpb=1235.2, bsz=100, num_updates=24000, lr=0.5, gnorm=533.753, clip=100, train_wall=51, wall=4386 (progress_bar.py:262, log())
[2020-12-28 00:04:04]    INFO >> epoch 042 | loss 64.804 | nll_loss 5.247 | bleu 0 | ppl 37.98 | wps 7610.7 | ups 6.17 | wpb 1233.5 | bsz 99.9 | num_updates 24402 | lr 0.5 | gnorm 533.956 | clip 100 | train_wall 71 | wall 4439 (progress_bar.py:269, print())
[2020-12-28 00:04:22]    INFO >> epoch 042 | valid on 'valid' subset | loss 80.336 | nll_loss 6.604 | bleu 13.1527 | ppl 97.3 | wps 0 | wpb 24912 | bsz 2048 | num_updates 24402 | best_bleu 13.6669 (progress_bar.py:269, print())
[2020-12-28 00:04:42]    INFO >> epoch 043:     98 / 581 loss=64.754, nll_loss=5.242, bleu=0, ppl=37.83, wps=6718.3, ups=5.45, wpb=1231.7, bsz=99.7, num_updates=24500, lr=0.5, gnorm=533.131, clip=100, train_wall=63, wall=4477 (progress_bar.py:262, log())
[2020-12-28 00:05:46]    INFO >> epoch 043 | loss 64.444 | nll_loss 5.218 | bleu 0 | ppl 37.22 | wps 7014.3 | ups 5.69 | wpb 1233.5 | bsz 99.9 | num_updates 24983 | lr 0.5 | gnorm 534.306 | clip 100 | train_wall 73 | wall 4541 (progress_bar.py:269, print())
[2020-12-28 00:06:00]    INFO >> epoch 043 | valid on 'valid' subset | loss 80.023 | nll_loss 6.579 | bleu 12.9199 | ppl 95.58 | wps 0 | wpb 24912 | bsz 2048 | num_updates 24983 | best_bleu 13.6669 (progress_bar.py:269, print())
[2020-12-28 00:06:08]    INFO >> epoch 044:     17 / 581 loss=64.543, nll_loss=5.227, bleu=0, ppl=37.45, wps=7139, ups=5.78, wpb=1234.8, bsz=100, num_updates=25000, lr=0.5, gnorm=535.066, clip=100, train_wall=63, wall=4564 (progress_bar.py:262, log())
[2020-12-28 00:07:12]    INFO >> epoch 044:    517 / 581 loss=63.972, nll_loss=5.189, bleu=0, ppl=36.48, wps=9710.6, ups=7.89, wpb=1231, bsz=99.8, num_updates=25500, lr=0.5, gnorm=535.03, clip=100, train_wall=61, wall=4627 (progress_bar.py:262, log())
[2020-12-28 00:07:21]    INFO >> epoch 044 | loss 64.148 | nll_loss 5.194 | bleu 0 | ppl 36.6 | wps 7545 | ups 6.12 | wpb 1233.5 | bsz 99.9 | num_updates 25564 | lr 0.5 | gnorm 535.557 | clip 100 | train_wall 71 | wall 4636 (progress_bar.py:269, print())
[2020-12-28 00:07:39]    INFO >> epoch 044 | valid on 'valid' subset | loss 79.817 | nll_loss 6.562 | bleu 13.3031 | ppl 94.46 | wps 0 | wpb 24912 | bsz 2048 | num_updates 25564 | best_bleu 13.6669 (progress_bar.py:269, print())
[2020-12-28 00:08:36]    INFO >> epoch 045:    436 / 581 loss=63.993, nll_loss=5.172, bleu=0, ppl=36.04, wps=7308.8, ups=5.92, wpb=1235.5, bsz=99.8, num_updates=26000, lr=0.5, gnorm=536.225, clip=100, train_wall=56, wall=4712 (progress_bar.py:262, log())
[2020-12-28 00:08:56]    INFO >> epoch 045 | loss 63.825 | nll_loss 5.168 | bleu 0 | ppl 35.95 | wps 7537.9 | ups 6.11 | wpb 1233.5 | bsz 99.9 | num_updates 26145 | lr 0.5 | gnorm 536.188 | clip 100 | train_wall 66 | wall 4731 (progress_bar.py:269, print())
[2020-12-28 00:09:16]    INFO >> epoch 045 | valid on 'valid' subset | loss 80.951 | nll_loss 6.655 | bleu 11.8126 | ppl 100.77 | wps 0 | wpb 24912 | bsz 2048 | num_updates 26145 | best_bleu 13.6669 (progress_bar.py:269, print())
[2020-12-28 00:09:59]    INFO >> epoch 046:    355 / 581 loss=63.399, nll_loss=5.139, bleu=0, ppl=35.22, wps=7469, ups=6.06, wpb=1232, bsz=99.8, num_updates=26500, lr=0.5, gnorm=537.579, clip=100, train_wall=53, wall=4794 (progress_bar.py:262, log())
[2020-12-28 00:10:28]    INFO >> epoch 046 | loss 63.591 | nll_loss 5.149 | bleu 0 | ppl 35.48 | wps 7778.7 | ups 6.31 | wpb 1233.5 | bsz 99.9 | num_updates 26726 | lr 0.5 | gnorm 539.098 | clip 100 | train_wall 62 | wall 4823 (progress_bar.py:269, print())
[2020-12-28 00:10:47]    INFO >> epoch 046 | valid on 'valid' subset | loss 81.882 | nll_loss 6.731 | bleu 12.4018 | ppl 106.26 | wps 0 | wpb 24912 | bsz 2048 | num_updates 26726 | best_bleu 13.6669 (progress_bar.py:269, print())
[2020-12-28 00:11:29]    INFO >> epoch 047:    274 / 581 loss=63.239, nll_loss=5.129, bleu=0, ppl=35, wps=6809.1, ups=5.52, wpb=1232.9, bsz=100, num_updates=27000, lr=0.5, gnorm=539.978, clip=100, train_wall=62, wall=4885 (progress_bar.py:262, log())
[2020-12-28 00:12:10]    INFO >> epoch 047 | loss 63.251 | nll_loss 5.121 | bleu 0 | ppl 34.81 | wps 7021.5 | ups 5.69 | wpb 1233.5 | bsz 99.9 | num_updates 27307 | lr 0.5 | gnorm 540.268 | clip 100 | train_wall 73 | wall 4925 (progress_bar.py:269, print())
[2020-12-28 00:12:29]    INFO >> epoch 047 | valid on 'valid' subset | loss 80.354 | nll_loss 6.606 | bleu 12.9297 | ppl 97.4 | wps 0 | wpb 24912 | bsz 2048 | num_updates 27307 | best_bleu 13.6669 (progress_bar.py:269, print())
[2020-12-28 00:12:59]    INFO >> epoch 048:    193 / 581 loss=63.328, nll_loss=5.123, bleu=0, ppl=34.84, wps=6858, ups=5.56, wpb=1232.6, bsz=99.7, num_updates=27500, lr=0.5, gnorm=540.359, clip=100, train_wall=61, wall=4974 (progress_bar.py:262, log())
[2020-12-28 00:13:38]    INFO >> epoch 048 | loss 62.977 | nll_loss 5.099 | bleu 0 | ppl 34.28 | wps 8165.4 | ups 6.62 | wpb 1233.5 | bsz 99.9 | num_updates 27888 | lr 0.5 | gnorm 541.385 | clip 100 | train_wall 58 | wall 5013 (progress_bar.py:269, print())
[2020-12-28 00:13:55]    INFO >> epoch 048 | valid on 'valid' subset | loss 81.346 | nll_loss 6.687 | bleu 12.3812 | ppl 103.06 | wps 0 | wpb 24912 | bsz 2048 | num_updates 27888 | best_bleu 13.6669 (progress_bar.py:269, print())
[2020-12-28 00:14:16]    INFO >> epoch 049:    112 / 581 loss=63.016, nll_loss=5.101, bleu=0, ppl=34.32, wps=8006.6, ups=6.48, wpb=1235.3, bsz=100, num_updates=28000, lr=0.5, gnorm=542.224, clip=100, train_wall=50, wall=5052 (progress_bar.py:262, log())
[2020-12-28 00:15:18]    INFO >> epoch 049 | loss 62.703 | nll_loss 5.077 | bleu 0 | ppl 33.75 | wps 7149.6 | ups 5.8 | wpb 1233.5 | bsz 99.9 | num_updates 28469 | lr 0.5 | gnorm 542.782 | clip 100 | train_wall 73 | wall 5113 (progress_bar.py:269, print())
[2020-12-28 00:15:38]    INFO >> epoch 049 | valid on 'valid' subset | loss 81.633 | nll_loss 6.711 | bleu 13.2199 | ppl 104.76 | wps 0 | wpb 24912 | bsz 2048 | num_updates 28469 | best_bleu 13.6669 (progress_bar.py:269, print())
[2020-12-28 00:15:48]    INFO >> epoch 050:     31 / 581 loss=62.784, nll_loss=5.079, bleu=0, ppl=33.81, wps=6706.7, ups=5.43, wpb=1234.2, bsz=99.8, num_updates=28500, lr=0.5, gnorm=542.974, clip=100, train_wall=63, wall=5144 (progress_bar.py:262, log())
[2020-12-28 00:16:54]    INFO >> epoch 050:    531 / 581 loss=62.429, nll_loss=5.056, bleu=0, ppl=33.26, wps=9378.3, ups=7.61, wpb=1233, bsz=99.8, num_updates=29000, lr=0.5, gnorm=543.009, clip=100, train_wall=63, wall=5209 (progress_bar.py:262, log())
[2020-12-28 00:17:01]    INFO >> epoch 050 | loss 62.438 | nll_loss 5.055 | bleu 0 | ppl 33.25 | wps 6949 | ups 5.63 | wpb 1233.5 | bsz 99.9 | num_updates 29050 | lr 0.5 | gnorm 543.014 | clip 100 | train_wall 74 | wall 5216 (progress_bar.py:269, print())
[2020-12-28 00:17:17]    INFO >> epoch 050 | valid on 'valid' subset | loss 81.299 | nll_loss 6.684 | bleu 12.926 | ppl 102.79 | wps 0 | wpb 24912 | bsz 2048 | num_updates 29050 | best_bleu 13.6669 (progress_bar.py:269, print())
[2020-12-28 00:18:11]    INFO >> epoch 051:    450 / 581 loss=62.186, nll_loss=5.034, bleu=0, ppl=32.75, wps=7980.8, ups=6.47, wpb=1233.6, bsz=99.8, num_updates=29500, lr=0.5, gnorm=545.967, clip=100, train_wall=52, wall=5287 (progress_bar.py:262, log())
[2020-12-28 00:18:27]    INFO >> epoch 051 | loss 62.218 | nll_loss 5.038 | bleu 0 | ppl 32.85 | wps 8392.5 | ups 6.8 | wpb 1233.5 | bsz 99.9 | num_updates 29631 | lr 0.5 | gnorm 545.551 | clip 100 | train_wall 60 | wall 5302 (progress_bar.py:269, print())
[2020-12-28 00:18:46]    INFO >> epoch 051 | valid on 'valid' subset | loss 82.486 | nll_loss 6.781 | bleu 13.7426 | ppl 109.98 | wps 0 | wpb 24912 | bsz 2048 | num_updates 29631 | best_bleu 13.7426 (progress_bar.py:269, print())
[2020-12-28 00:18:46]    INFO >> saved checkpoint /home/wanyao/.ncc/code_search_net_feng/summarization/javascript/data-mmap/codenn/checkpoints/checkpoint_best.pt (epoch 51 @ 29631 updates, score 13.74262587084923) (writing took 0.3176518343389034 seconds) (checkpoint_utils.py:81, save_checkpoint())
[2020-12-28 00:19:41]    INFO >> epoch 052:    369 / 581 loss=61.814, nll_loss=5.011, bleu=0, ppl=32.25, wps=6866.9, ups=5.58, wpb=1231.7, bsz=99.8, num_updates=30000, lr=0.5, gnorm=545.598, clip=100, train_wall=61, wall=5376 (progress_bar.py:262, log())
[2020-12-28 00:20:09]    INFO >> epoch 052 | loss 61.927 | nll_loss 5.014 | bleu 0 | ppl 32.32 | wps 6974.4 | ups 5.65 | wpb 1233.5 | bsz 99.9 | num_updates 30212 | lr 0.5 | gnorm 546.814 | clip 100 | train_wall 73 | wall 5405 (progress_bar.py:269, print())
[2020-12-28 00:20:28]    INFO >> epoch 052 | valid on 'valid' subset | loss 81.448 | nll_loss 6.696 | bleu 13.2179 | ppl 103.66 | wps 0 | wpb 24912 | bsz 2048 | num_updates 30212 | best_bleu 13.7426 (progress_bar.py:269, print())
[2020-12-28 00:21:08]    INFO >> epoch 053:    288 / 581 loss=61.947, nll_loss=5.001, bleu=0, ppl=32.02, wps=7160.9, ups=5.78, wpb=1238.7, bsz=100, num_updates=30500, lr=0.5, gnorm=548.208, clip=100, train_wall=58, wall=5463 (progress_bar.py:262, log())
[2020-12-28 00:21:42]    INFO >> epoch 053 | loss 61.693 | nll_loss 4.995 | bleu 0 | ppl 31.89 | wps 7759.6 | ups 6.29 | wpb 1233.5 | bsz 99.9 | num_updates 30793 | lr 0.5 | gnorm 548.011 | clip 100 | train_wall 63 | wall 5497 (progress_bar.py:269, print())
[2020-12-28 00:22:00]    INFO >> epoch 053 | valid on 'valid' subset | loss 81.822 | nll_loss 6.727 | bleu 13.1743 | ppl 105.9 | wps 0 | wpb 24912 | bsz 2048 | num_updates 30793 | best_bleu 13.7426 (progress_bar.py:269, print())
[2020-12-28 00:22:34]    INFO >> epoch 054:    207 / 581 loss=61.235, nll_loss=4.981, bleu=0, ppl=31.58, wps=7112.8, ups=5.79, wpb=1227.6, bsz=99.8, num_updates=31000, lr=0.5, gnorm=546.776, clip=100, train_wall=58, wall=5549 (progress_bar.py:262, log())
[2020-12-28 00:23:19]    INFO >> epoch 054 | loss 61.389 | nll_loss 4.971 | bleu 0 | ppl 31.35 | wps 7372 | ups 5.98 | wpb 1233.5 | bsz 99.9 | num_updates 31374 | lr 0.5 | gnorm 548.401 | clip 100 | train_wall 69 | wall 5594 (progress_bar.py:269, print())
[2020-12-28 00:23:36]    INFO >> epoch 054 | valid on 'valid' subset | loss 82.246 | nll_loss 6.761 | bleu 12.7976 | ppl 108.49 | wps 0 | wpb 24912 | bsz 2048 | num_updates 31374 | best_bleu 13.7426 (progress_bar.py:269, print())
[2020-12-28 00:23:59]    INFO >> epoch 055:    126 / 581 loss=61.706, nll_loss=4.977, bleu=0, ppl=31.49, wps=7240, ups=5.86, wpb=1236.2, bsz=99.7, num_updates=31500, lr=0.5, gnorm=549.578, clip=100, train_wall=59, wall=5634 (progress_bar.py:262, log())
[2020-12-28 00:24:54]    INFO >> epoch 055 | loss 61.16 | nll_loss 4.952 | bleu 0 | ppl 30.95 | wps 7510.9 | ups 6.09 | wpb 1233.5 | bsz 99.9 | num_updates 31955 | lr 0.5 | gnorm 550.057 | clip 100 | train_wall 69 | wall 5690 (progress_bar.py:269, print())
[2020-12-28 00:25:10]    INFO >> epoch 055 | valid on 'valid' subset | loss 82.528 | nll_loss 6.785 | bleu 13.4086 | ppl 110.25 | wps 0 | wpb 24912 | bsz 2048 | num_updates 31955 | best_bleu 13.7426 (progress_bar.py:269, print())
[2020-12-28 00:25:22]    INFO >> epoch 056:     45 / 581 loss=61.135, nll_loss=4.958, bleu=0, ppl=31.09, wps=7427, ups=6.02, wpb=1233, bsz=100, num_updates=32000, lr=0.5, gnorm=549.825, clip=100, train_wall=58, wall=5717 (progress_bar.py:262, log())
[2020-12-28 00:26:27]    INFO >> epoch 056:    545 / 581 loss=61.017, nll_loss=4.937, bleu=0, ppl=30.63, wps=9468.5, ups=7.66, wpb=1236, bsz=100, num_updates=32500, lr=0.5, gnorm=551.105, clip=100, train_wall=63, wall=5783 (progress_bar.py:262, log())
[2020-12-28 00:26:33]    INFO >> epoch 056 | loss 60.904 | nll_loss 4.931 | bleu 0 | ppl 30.51 | wps 7288 | ups 5.91 | wpb 1233.5 | bsz 99.9 | num_updates 32536 | lr 0.5 | gnorm 549.828 | clip 100 | train_wall 73 | wall 5788 (progress_bar.py:269, print())
[2020-12-28 00:26:51]    INFO >> epoch 056 | valid on 'valid' subset | loss 82.561 | nll_loss 6.787 | bleu 13.1835 | ppl 110.46 | wps 0 | wpb 24912 | bsz 2048 | num_updates 32536 | best_bleu 13.7426 (progress_bar.py:269, print())
[2020-12-28 00:27:58]    INFO >> epoch 057:    464 / 581 loss=60.604, nll_loss=4.907, bleu=0, ppl=30.01, wps=6775, ups=5.5, wpb=1231.3, bsz=99.7, num_updates=33000, lr=0.5, gnorm=552.622, clip=100, train_wall=63, wall=5874 (progress_bar.py:262, log())
[2020-12-28 00:28:14]    INFO >> epoch 057 | loss 60.679 | nll_loss 4.913 | bleu 0 | ppl 30.13 | wps 7052.4 | ups 5.72 | wpb 1233.5 | bsz 99.9 | num_updates 33117 | lr 0.5 | gnorm 553.498 | clip 100 | train_wall 73 | wall 5890 (progress_bar.py:269, print())
[2020-12-28 00:28:28]    INFO >> epoch 057 | valid on 'valid' subset | loss 82.807 | nll_loss 6.808 | bleu 13.2165 | ppl 112.01 | wps 0 | wpb 24912 | bsz 2048 | num_updates 33117 | best_bleu 13.7426 (progress_bar.py:269, print())
[2020-12-28 00:29:20]    INFO >> epoch 058:    383 / 581 loss=60.395, nll_loss=4.89, bleu=0, ppl=29.64, wps=7536.6, ups=6.11, wpb=1233.3, bsz=99.8, num_updates=33500, lr=0.5, gnorm=552.593, clip=100, train_wall=58, wall=5955 (progress_bar.py:262, log())
[2020-12-28 00:29:46]    INFO >> epoch 058 | loss 60.412 | nll_loss 4.891 | bleu 0 | ppl 29.68 | wps 7796.6 | ups 6.32 | wpb 1233.5 | bsz 99.9 | num_updates 33698 | lr 0.5 | gnorm 552.708 | clip 100 | train_wall 68 | wall 5981 (progress_bar.py:269, print())
[2020-12-28 00:30:05]    INFO >> epoch 058 | valid on 'valid' subset | loss 82.984 | nll_loss 6.822 | bleu 13.4768 | ppl 113.14 | wps 0 | wpb 24912 | bsz 2048 | num_updates 33698 | best_bleu 13.7426 (progress_bar.py:269, print())
[2020-12-28 00:30:52]    INFO >> epoch 059:    302 / 581 loss=60.117, nll_loss=4.875, bleu=0, ppl=29.34, wps=6742.6, ups=5.47, wpb=1233.2, bsz=100, num_updates=34000, lr=0.5, gnorm=553.855, clip=100, train_wall=63, wall=6047 (progress_bar.py:262, log())
[2020-12-28 00:31:28]    INFO >> epoch 059 | loss 60.165 | nll_loss 4.871 | bleu 0 | ppl 29.27 | wps 7026.3 | ups 5.7 | wpb 1233.5 | bsz 99.9 | num_updates 34279 | lr 0.5 | gnorm 554.013 | clip 100 | train_wall 73 | wall 6083 (progress_bar.py:269, print())
[2020-12-28 00:31:47]    INFO >> epoch 059 | valid on 'valid' subset | loss 82.649 | nll_loss 6.795 | bleu 13.0552 | ppl 111.01 | wps 0 | wpb 24912 | bsz 2048 | num_updates 34279 | best_bleu 13.7426 (progress_bar.py:269, print())
[2020-12-28 00:32:20]    INFO >> epoch 060:    221 / 581 loss=60.095, nll_loss=4.861, bleu=0, ppl=29.07, wps=6937.4, ups=5.63, wpb=1232.5, bsz=99.7, num_updates=34500, lr=0.5, gnorm=553.539, clip=100, train_wall=60, wall=6136 (progress_bar.py:262, log())
[2020-12-28 00:33:01]    INFO >> epoch 060 | loss 59.962 | nll_loss 4.855 | bleu 0 | ppl 28.94 | wps 7745.8 | ups 6.28 | wpb 1233.5 | bsz 99.9 | num_updates 34860 | lr 0.5 | gnorm 555.693 | clip 100 | train_wall 63 | wall 6176 (progress_bar.py:269, print())
[2020-12-28 00:33:19]    INFO >> epoch 060 | valid on 'valid' subset | loss 83.421 | nll_loss 6.858 | bleu 13.3067 | ppl 116 | wps 0 | wpb 24912 | bsz 2048 | num_updates 34860 | best_bleu 13.7426 (progress_bar.py:269, print())
[2020-12-28 00:33:40]    INFO >> epoch 061:    140 / 581 loss=59.892, nll_loss=4.855, bleu=0, ppl=28.95, wps=7747.6, ups=6.28, wpb=1233.5, bsz=100, num_updates=35000, lr=0.5, gnorm=555.818, clip=100, train_wall=51, wall=6215 (progress_bar.py:262, log())
[2020-12-28 00:34:37]    INFO >> epoch 061 | loss 59.763 | nll_loss 4.839 | bleu 0 | ppl 28.62 | wps 7472.7 | ups 6.06 | wpb 1233.5 | bsz 99.9 | num_updates 35441 | lr 0.5 | gnorm 557.292 | clip 100 | train_wall 67 | wall 6272 (progress_bar.py:269, print())
[2020-12-28 00:34:56]    INFO >> epoch 061 | valid on 'valid' subset | loss 83.029 | nll_loss 6.826 | bleu 12.6387 | ppl 113.44 | wps 0 | wpb 24912 | bsz 2048 | num_updates 35441 | best_bleu 13.7426 (progress_bar.py:269, print())
[2020-12-28 00:34:56]    INFO >> done training in 6291.1 seconds (train.py:298, single_main())
