nohup: ignoring input
[2020-12-28 06:32:33]    INFO >> Load arguments in /home/wanyao/yang/naturalcc-dev/run/summarization/codenn/config/csn_feng/java.yml (train.py:318, cli_main())
[2020-12-28 06:32:33]    INFO >> {'criterion': 'cross_entropy', 'optimizer': 'sgd', 'lr_scheduler': 'fixed', 'tokenizer': None, 'bpe': None, 'common': {'no_progress_bar': 0, 'log_interval': 500, 'log_format': 'simple', 'tensorboard_logdir': '', 'memory_efficient_fp16': 1, 'fp16_no_flatten_grads': 1, 'fp16_init_scale': 128, 'fp16_scale_window': None, 'fp16_scale_tolerance': 0.0, 'min_loss_scale': 0.0001, 'threshold_loss_scale': None, 'empty_cache_freq': 0, 'task': 'summarization', 'seed': 1, 'cpu': 0, 'fp16': 0, 'fp16_opt_level': '01', 'server_ip': '', 'server_port': ''}, 'dataset': {'num_workers': 3, 'skip_invalid_size_inputs_valid_test': 1, 'max_tokens': None, 'max_sentences': 100, 'required_batch_size_multiple': 1, 'dataset_impl': 'mmap', 'train_subset': 'train', 'valid_subset': 'valid', 'validate_interval': 1, 'fixed_validation_seed': None, 'disable_validation': 0, 'max_tokens_valid': None, 'max_sentences_valid': 2048, 'curriculum': 0, 'gen_subset': 'test', 'num_shards': 1, 'shard_id': 0}, 'distributed_training': {'distributed_world_size': 1, 'distributed_rank': 0, 'distributed_backend': 'nccl', 'distributed_init_method': None, 'distributed_port': -1, 'device_id': 0, 'distributed_no_spawn': 0, 'ddp_backend': 'c10d', 'bucket_cap_mb': 25, 'fix_batches_to_gpus': None, 'find_unused_parameters': 0, 'fast_stat_sync': 0, 'broadcast_buffers': 0, 'global_sync_iter': 50, 'warmup_iterations': 500, 'local_rank': -1, 'block_momentum': 0.875, 'block_lr': 1, 'use_nbm': 0, 'average_sync': 0}, 'task': {'data': '/home/wanyao/.ncc/code_search_net_feng/summarization/java/data-mmap', 'source_lang': 'code_tokens', 'target_lang': 'docstring_tokens', 'load_alignments': 0, 'left_pad_source': 0, 'left_pad_target': 0, 'max_source_positions': 100, 'max_target_positions': 30, 'upsample_primary': 1, 'truncate_source': 1, 'truncate_target': 1, 'append_eos_to_target': 1, 'eval_bleu': 1, 'eval_bleu_detok': 'space', 'eval_bleu_detok_args': None, 'eval_tokenized_bleu': 0, 'eval_bleu_remove_bpe': None, 'eval_bleu_args': None, 'eval_bleu_print_samples': 0}, 'model': {'arch': 'codenn', 'init_bound': 0.35, 'encoder_embed_dim': 400, 'encoder_embed': None, 'encoder_freeze_embed': 0, 'decoder_embed_dim': 400, 'decoder_embed': None, 'decoder_freeze_embed': None, 'decoder_hidden_size': 400, 'decoder_layers': 1, 'decoder_out_embed_dim': 400, 'decoder_attention': 1, 'adaptive_softmax_cutoff': None, 'share_decoder_input_output_embed': 0, 'share_all_embeddings': 0, 'encoder_dropout': 0.5, 'decoder_dropout_in': 0.5, 'decoder_dropout_out': 0.5, 'max_source_positions': 100, 'max_target_positions': 30}, 'optimization': {'max_epoch': 0, 'max_update': 0, 'clip_norm': 5, 'update_freq': [1], 'lr': [0.5], 'min_lr': 0.001, 'use_bmuf': 1, 'force_anneal': 0, 'warmup_updates': 0, 'lr_shrink': 0.8, 'sentence_avg': 1, 'adam': {'adam_betas': '(0.9, 0.999)', 'adam_eps': 1e-08, 'weight_decay': 0.0, 'use_old_adam': 0}, 'weight_decay': 0.0, 'adam_epsilon': 1e-08, 'sgd': {'momentum': 0, 'weight_decay': 0, 'dampening': 0, 'nesterov': 0}, 'max_grad_norm': 1.0, 'num_train_epochs': 5, 'max_steps': -1, 'warmup_steps': 0, 'gradient_accumulation_steps': 1}, 'checkpoint': {'restore_file': 'checkpoint_last.pt', 'reset_dataloader': None, 'reset_lr_scheduler': None, 'reset_meters': None, 'reset_optimizer': None, 'optimizer_overrides': '{}', 'save_interval': 1, 'save_interval_updates': 0, 'keep_interval_updates': 0, 'keep_last_epochs': -1, 'keep_best_checkpoints': -1, 'no_save': 0, 'no_epoch_checkpoints': 1, 'no_last_checkpoints': 1, 'no_save_optimizer_state': None, 'best_checkpoint_metric': 'bleu', 'maximize_best_checkpoint_metric': 1, 'patience': -1, 'save_dir': '/home/wanyao/.ncc/code_search_net_feng/summarization/java/data-mmap/codenn/checkpoints', 'should_continue': 0, 'model_name_or_path': None, 'cache_dir': None, 'logging_steps': 500, 'save_steps': 2000, 'save_total_limit': 2, 'overwrite_output_dir': 0, 'overwrite_cache': 0}, 'eval': {'path': '/home/wanyao/.ncc/code_search_net_feng/summarization/java/data-mmap/codenn/checkpoints/checkpoint_best.pt', 'result_path': None, 'remove_bpe': None, 'quiet': 0, 'model_overrides': '{}', 'max_sentences': 4048, 'beam': 1, 'nbest': 1, 'max_len_a': 0, 'max_len_b': 20, 'min_len': 1, 'match_source_len': 0, 'no_early_stop': 0, 'unnormalized': 0, 'no_beamable_mm': 0, 'lenpen': 1, 'unkpen': 0, 'replace_unk': None, 'sacrebleu': 0, 'score_reference': 0, 'prefix_size': 0, 'no_repeat_ngram_size': 0, 'sampling': 0, 'sampling_topk': -1, 'sampling_topp': -1, 'temperature': 1.0, 'diverse_beam_groups': -1, 'diverse_beam_strength': 0.5, 'diversity_rate': -1.0, 'print_alignment': 0, 'print_step': 0, 'iter_decode_eos_penalty': 0.0, 'iter_decode_max_iter': 10, 'iter_decode_force_max_iter': 0, 'iter_decode_with_beam': 1, 'iter_decode_with_external_reranker': 0, 'retain_iter_history': 0, 'decoding_format': None, 'nltk_bleu': 1, 'rouge': 1}} (train.py:320, cli_main())
[2020-12-28 06:32:33]    INFO >> single GPU training... (train.py:349, cli_main())
[2020-12-28 06:32:35]    INFO >> [code_tokens] dictionary: 50000 types (summarization.py:217, setup_task())
[2020-12-28 06:32:35]    INFO >> [docstring_tokens] dictionary: 15272 types (summarization.py:218, setup_task())
[2020-12-28 06:32:35]    INFO >> truncate valid.code_tokens to 100 (summarization.py:126, load_langpair_dataset())
[2020-12-28 06:32:35]    INFO >> truncate valid.docstring_tokens to 30 (summarization.py:137, load_langpair_dataset())
[2020-12-28 06:32:35]    INFO >> loaded 5183 examples from: /home/wanyao/.ncc/code_search_net_feng/summarization/java/data-mmap/valid.code_tokens (summarization.py:165, load_langpair_dataset())
[2020-12-28 06:32:35]    INFO >> loaded 5183 examples from: /home/wanyao/.ncc/code_search_net_feng/summarization/java/data-mmap/valid.docstring_tokens (summarization.py:166, load_langpair_dataset())
[2020-12-28 06:32:36]    INFO >> CodeNNModel(
  (encoder): NBOWEncoder(
    (embed_tokens): Embedding(50000, 400, padding_idx=0)
  )
  (decoder): LSTMDecoder(
    (embed_tokens): Embedding(15272, 400, padding_idx=0)
    (layers): ModuleList(
      (0): LSTMCell(400, 400)
    )
    (W_H): Linear(in_features=400, out_features=400, bias=True)
    (W_T): Linear(in_features=400, out_features=400, bias=True)
    (fc_out): Linear(in_features=400, out_features=15272, bias=True)
  )
) (train.py:229, single_main())
[2020-12-28 06:32:36]    INFO >> model codenn, criterion CrossEntropyCriterion (train.py:230, single_main())
[2020-12-28 06:32:36]    INFO >> num. model params: 33836872 (num. trained: 33836872) (train.py:233, single_main())
[2020-12-28 06:32:54]    INFO >> training on 1 GPUs (train.py:238, single_main())
[2020-12-28 06:32:54]    INFO >> max tokens per GPU = None and max sentences per GPU = 100 (train.py:241, single_main())
[2020-12-28 06:32:54]    INFO >> no existing checkpoint found /home/wanyao/.ncc/code_search_net_feng/summarization/java/data-mmap/codenn/checkpoints/checkpoint_last.pt (ncc_trainer.py:267, load_checkpoint())
[2020-12-28 06:32:54]    INFO >> loading train data for epoch 1 (ncc_trainer.py:281, get_train_iterator())
[2020-12-28 06:32:54]    INFO >> truncate train.code_tokens to 100 (summarization.py:126, load_langpair_dataset())
[2020-12-28 06:32:54]    INFO >> truncate train.docstring_tokens to 30 (summarization.py:137, load_langpair_dataset())
[2020-12-28 06:32:54]    INFO >> loaded 164923 examples from: /home/wanyao/.ncc/code_search_net_feng/summarization/java/data-mmap/train.code_tokens (summarization.py:165, load_langpair_dataset())
[2020-12-28 06:32:54]    INFO >> loaded 164923 examples from: /home/wanyao/.ncc/code_search_net_feng/summarization/java/data-mmap/train.docstring_tokens (summarization.py:166, load_langpair_dataset())
[2020-12-28 06:32:54]    INFO >> NOTE: your device may support faster training with --fp16 (ncc_trainer.py:155, _build_optimizer())
[2020-12-28 06:33:44]    INFO >> epoch 001:    500 / 1650 loss=136.196, nll_loss=9.896, bleu=0, ppl=953.08, wps=17735.7, ups=12.88, wpb=1376.2, bsz=100, num_updates=500, lr=0.5, gnorm=1331.49, clip=100, train_wall=40, wall=50 (progress_bar.py:262, log())
[2020-12-28 06:34:22]    INFO >> epoch 001:   1000 / 1650 loss=111.179, nll_loss=8.08, bleu=0, ppl=270.65, wps=18062.4, ups=13.13, wpb=1375.9, bsz=100, num_updates=1000, lr=0.5, gnorm=830.032, clip=100, train_wall=36, wall=88 (progress_bar.py:262, log())
[2020-12-28 06:35:00]    INFO >> epoch 001:   1500 / 1650 loss=104.244, nll_loss=7.559, bleu=0, ppl=188.51, wps=18209.8, ups=13.22, wpb=1377, bsz=99.8, num_updates=1500, lr=0.5, gnorm=712.846, clip=100, train_wall=35, wall=126 (progress_bar.py:262, log())
[2020-12-28 06:35:12]    INFO >> epoch 001 | loss 115.762 | nll_loss 8.405 | bleu 0 | ppl 338.98 | wps 17962.9 | ups 13.05 | wpb 1376.7 | bsz 100 | num_updates 1650 | lr 0.5 | gnorm 932.247 | clip 100 | train_wall 122 | wall 138 (progress_bar.py:269, print())
[2020-12-28 06:35:24]    INFO >> epoch 001 | valid on 'valid' subset | loss 94.981 | nll_loss 6.868 | bleu 11.166 | ppl 116.81 | wps 0 | wpb 28323 | bsz 2048 | num_updates 1650 (progress_bar.py:269, print())
[2020-12-28 06:35:24]    INFO >> saved checkpoint /home/wanyao/.ncc/code_search_net_feng/summarization/java/data-mmap/codenn/checkpoints/checkpoint_best.pt (epoch 1 @ 1650 updates, score 11.166012985633296) (writing took 0.6260289009660482 seconds) (checkpoint_utils.py:81, save_checkpoint())
[2020-12-28 06:35:57]    INFO >> epoch 002:    350 / 1650 loss=100.057, nll_loss=7.245, bleu=0, ppl=151.73, wps=12051.7, ups=8.74, wpb=1378.9, bsz=99.8, num_updates=2000, lr=0.5, gnorm=667.256, clip=100, train_wall=35, wall=183 (progress_bar.py:262, log())
[2020-12-28 06:36:36]    INFO >> epoch 002:    850 / 1650 loss=96.89, nll_loss=7.025, bleu=0, ppl=130.22, wps=17949.1, ups=13.01, wpb=1379.3, bsz=100, num_updates=2500, lr=0.5, gnorm=631.046, clip=100, train_wall=36, wall=222 (progress_bar.py:262, log())
[2020-12-28 06:37:12]    INFO >> epoch 002:   1350 / 1650 loss=94.284, nll_loss=6.866, bleu=0, ppl=116.68, wps=19254.3, ups=14.02, wpb=1373.1, bsz=100, num_updates=3000, lr=0.5, gnorm=611.071, clip=100, train_wall=33, wall=257 (progress_bar.py:262, log())
[2020-12-28 06:37:34]    INFO >> epoch 002 | loss 95.916 | nll_loss 6.964 | bleu 0 | ppl 124.85 | wps 15943.9 | ups 11.58 | wpb 1376.7 | bsz 100 | num_updates 3300 | lr 0.5 | gnorm 626.194 | clip 100 | train_wall 115 | wall 280 (progress_bar.py:269, print())
[2020-12-28 06:37:45]    INFO >> epoch 002 | valid on 'valid' subset | loss 86.965 | nll_loss 6.288 | bleu 12.923 | ppl 78.16 | wps 0 | wpb 28323 | bsz 2048 | num_updates 3300 | best_bleu 12.923 (progress_bar.py:269, print())
[2020-12-28 06:37:46]    INFO >> saved checkpoint /home/wanyao/.ncc/code_search_net_feng/summarization/java/data-mmap/codenn/checkpoints/checkpoint_best.pt (epoch 2 @ 3300 updates, score 12.923031164702408) (writing took 0.6983922980725765 seconds) (checkpoint_utils.py:81, save_checkpoint())
[2020-12-28 06:38:07]    INFO >> epoch 003:    200 / 1650 loss=92.281, nll_loss=6.706, bleu=0, ppl=104.38, wps=12320.7, ups=8.95, wpb=1376.1, bsz=100, num_updates=3500, lr=0.5, gnorm=594.528, clip=100, train_wall=35, wall=313 (progress_bar.py:262, log())
[2020-12-28 06:38:45]    INFO >> epoch 003:    700 / 1650 loss=90.542, nll_loss=6.598, bleu=0, ppl=96.86, wps=18032.3, ups=13.16, wpb=1370.2, bsz=99.8, num_updates=4000, lr=0.5, gnorm=582.597, clip=100, train_wall=36, wall=351 (progress_bar.py:262, log())
[2020-12-28 06:39:23]    INFO >> epoch 003:   1200 / 1650 loss=89.904, nll_loss=6.509, bleu=0, ppl=91.05, wps=18139.3, ups=13.13, wpb=1381.3, bsz=100, num_updates=4500, lr=0.5, gnorm=570.693, clip=100, train_wall=36, wall=389 (progress_bar.py:262, log())
[2020-12-28 06:39:58]    INFO >> epoch 003 | loss 90.076 | nll_loss 6.54 | bleu 0 | ppl 93.06 | wps 15777.4 | ups 11.46 | wpb 1376.7 | bsz 100 | num_updates 4950 | lr 0.5 | gnorm 575.724 | clip 100 | train_wall 117 | wall 424 (progress_bar.py:269, print())
[2020-12-28 06:40:09]    INFO >> epoch 003 | valid on 'valid' subset | loss 84.721 | nll_loss 6.126 | bleu 13.0263 | ppl 69.84 | wps 0 | wpb 28323 | bsz 2048 | num_updates 4950 | best_bleu 13.0263 (progress_bar.py:269, print())
[2020-12-28 06:40:10]    INFO >> saved checkpoint /home/wanyao/.ncc/code_search_net_feng/summarization/java/data-mmap/codenn/checkpoints/checkpoint_best.pt (epoch 3 @ 4950 updates, score 13.026315574485976) (writing took 0.675973929464817 seconds) (checkpoint_utils.py:81, save_checkpoint())
[2020-12-28 06:40:20]    INFO >> epoch 004:     50 / 1650 loss=89.125, nll_loss=6.457, bleu=0, ppl=87.85, wps=12127.2, ups=8.79, wpb=1380.3, bsz=100, num_updates=5000, lr=0.5, gnorm=567.788, clip=100, train_wall=36, wall=446 (progress_bar.py:262, log())
[2020-12-28 06:40:58]    INFO >> epoch 004:    550 / 1650 loss=86.908, nll_loss=6.335, bleu=0, ppl=80.7, wps=18300.2, ups=13.34, wpb=1372, bsz=100, num_updates=5500, lr=0.5, gnorm=555.932, clip=100, train_wall=35, wall=484 (progress_bar.py:262, log())
[2020-12-28 06:41:36]    INFO >> epoch 004:   1050 / 1650 loss=86.628, nll_loss=6.288, bleu=0, ppl=78.17, wps=18218.5, ups=13.25, wpb=1375.4, bsz=99.8, num_updates=6000, lr=0.5, gnorm=555.649, clip=100, train_wall=35, wall=521 (progress_bar.py:262, log())
[2020-12-28 06:42:14]    INFO >> epoch 004:   1550 / 1650 loss=86.046, nll_loss=6.237, bleu=0, ppl=75.42, wps=18172.4, ups=13.17, wpb=1379.6, bsz=100, num_updates=6500, lr=0.5, gnorm=550.077, clip=100, train_wall=36, wall=559 (progress_bar.py:262, log())
[2020-12-28 06:42:21]    INFO >> epoch 004 | loss 86.573 | nll_loss 6.286 | bleu 0 | ppl 78.02 | wps 15884.4 | ups 11.54 | wpb 1376.7 | bsz 100 | num_updates 6600 | lr 0.5 | gnorm 553.603 | clip 100 | train_wall 116 | wall 567 (progress_bar.py:269, print())
[2020-12-28 06:42:33]    INFO >> epoch 004 | valid on 'valid' subset | loss 83.262 | nll_loss 6.021 | bleu 11.0118 | ppl 64.92 | wps 0 | wpb 28323 | bsz 2048 | num_updates 6600 | best_bleu 13.0263 (progress_bar.py:269, print())
[2020-12-28 06:43:11]    INFO >> epoch 005:    400 / 1650 loss=85.081, nll_loss=6.149, bleu=0, ppl=70.95, wps=12030.4, ups=8.69, wpb=1383.7, bsz=100, num_updates=7000, lr=0.5, gnorm=545.628, clip=100, train_wall=36, wall=617 (progress_bar.py:262, log())
[2020-12-28 06:43:48]    INFO >> epoch 005:    900 / 1650 loss=83.824, nll_loss=6.112, bleu=0, ppl=69.16, wps=18351.1, ups=13.38, wpb=1371.5, bsz=100, num_updates=7500, lr=0.5, gnorm=540.458, clip=100, train_wall=35, wall=654 (progress_bar.py:262, log())
[2020-12-28 06:44:24]    INFO >> epoch 005:   1400 / 1650 loss=83.995, nll_loss=6.1, bleu=0, ppl=68.58, wps=19320.5, ups=14.05, wpb=1374.9, bsz=99.8, num_updates=8000, lr=0.5, gnorm=541.072, clip=100, train_wall=33, wall=690 (progress_bar.py:262, log())
[2020-12-28 06:44:44]    INFO >> epoch 005 | loss 84.122 | nll_loss 6.108 | bleu 0 | ppl 68.96 | wps 15959.5 | ups 11.59 | wpb 1376.7 | bsz 100 | num_updates 8250 | lr 0.5 | gnorm 542.108 | clip 100 | train_wall 115 | wall 710 (progress_bar.py:269, print())
[2020-12-28 06:44:55]    INFO >> epoch 005 | valid on 'valid' subset | loss 82.39 | nll_loss 5.958 | bleu 11.2733 | ppl 62.14 | wps 0 | wpb 28323 | bsz 2048 | num_updates 8250 | best_bleu 13.0263 (progress_bar.py:269, print())
[2020-12-28 06:45:21]    INFO >> epoch 006:    250 / 1650 loss=83.238, nll_loss=6.031, bleu=0, ppl=65.4, wps=12115.4, ups=8.78, wpb=1380.1, bsz=100, num_updates=8500, lr=0.5, gnorm=539.243, clip=100, train_wall=35, wall=747 (progress_bar.py:262, log())
[2020-12-28 06:45:59]    INFO >> epoch 006:    750 / 1650 loss=82.575, nll_loss=5.989, bleu=0, ppl=63.51, wps=17977.5, ups=13.06, wpb=1376.7, bsz=99.8, num_updates=9000, lr=0.5, gnorm=533.188, clip=100, train_wall=36, wall=785 (progress_bar.py:262, log())
[2020-12-28 06:46:36]    INFO >> epoch 006:   1250 / 1650 loss=81.902, nll_loss=5.958, bleu=0, ppl=62.17, wps=18670.5, ups=13.58, wpb=1374.6, bsz=100, num_updates=9500, lr=0.5, gnorm=533.046, clip=100, train_wall=34, wall=822 (progress_bar.py:262, log())
[2020-12-28 06:47:06]    INFO >> epoch 006 | loss 82.215 | nll_loss 5.969 | bleu 0 | ppl 62.65 | wps 16015.4 | ups 11.63 | wpb 1376.7 | bsz 100 | num_updates 9900 | lr 0.5 | gnorm 532.905 | clip 100 | train_wall 115 | wall 851 (progress_bar.py:269, print())
[2020-12-28 06:47:16]    INFO >> epoch 006 | valid on 'valid' subset | loss 80.188 | nll_loss 5.798 | bleu 13.0404 | ppl 55.65 | wps 0 | wpb 28323 | bsz 2048 | num_updates 9900 | best_bleu 13.0404 (progress_bar.py:269, print())
[2020-12-28 06:47:17]    INFO >> saved checkpoint /home/wanyao/.ncc/code_search_net_feng/summarization/java/data-mmap/codenn/checkpoints/checkpoint_best.pt (epoch 6 @ 9900 updates, score 13.040430941100434) (writing took 0.7613502498716116 seconds) (checkpoint_utils.py:81, save_checkpoint())
[2020-12-28 06:47:32]    INFO >> epoch 007:    100 / 1650 loss=81.701, nll_loss=5.937, bleu=0, ppl=61.25, wps=12329.8, ups=8.96, wpb=1376.2, bsz=100, num_updates=10000, lr=0.5, gnorm=529.647, clip=100, train_wall=35, wall=878 (progress_bar.py:262, log())
[2020-12-28 06:48:09]    INFO >> epoch 007:    600 / 1650 loss=80.475, nll_loss=5.854, bleu=0, ppl=57.86, wps=18349, ups=13.35, wpb=1374.6, bsz=100, num_updates=10500, lr=0.5, gnorm=528.487, clip=100, train_wall=35, wall=915 (progress_bar.py:262, log())
[2020-12-28 06:48:47]    INFO >> epoch 007:   1100 / 1650 loss=80.573, nll_loss=5.852, bleu=0, ppl=57.75, wps=18371.3, ups=13.34, wpb=1376.9, bsz=100, num_updates=11000, lr=0.5, gnorm=527.934, clip=100, train_wall=35, wall=953 (progress_bar.py:262, log())
[2020-12-28 06:49:25]    INFO >> epoch 007:   1600 / 1650 loss=80.664, nll_loss=5.846, bleu=0, ppl=57.53, wps=18217.7, ups=13.22, wpb=1377.6, bsz=99.8, num_updates=11500, lr=0.5, gnorm=527.093, clip=100, train_wall=35, wall=990 (progress_bar.py:262, log())
[2020-12-28 06:49:29]    INFO >> epoch 007 | loss 80.635 | nll_loss 5.855 | bleu 0 | ppl 57.86 | wps 15871.8 | ups 11.53 | wpb 1376.7 | bsz 100 | num_updates 11550 | lr 0.5 | gnorm 528.111 | clip 100 | train_wall 116 | wall 995 (progress_bar.py:269, print())
[2020-12-28 06:49:39]    INFO >> epoch 007 | valid on 'valid' subset | loss 78.554 | nll_loss 5.68 | bleu 13.5063 | ppl 51.27 | wps 0 | wpb 28323 | bsz 2048 | num_updates 11550 | best_bleu 13.5063 (progress_bar.py:269, print())
[2020-12-28 06:49:40]    INFO >> saved checkpoint /home/wanyao/.ncc/code_search_net_feng/summarization/java/data-mmap/codenn/checkpoints/checkpoint_best.pt (epoch 7 @ 11550 updates, score 13.506345234211686) (writing took 0.8264918802306056 seconds) (checkpoint_utils.py:81, save_checkpoint())
[2020-12-28 06:50:22]    INFO >> epoch 008:    450 / 1650 loss=79.521, nll_loss=5.775, bleu=0, ppl=54.74, wps=12001.8, ups=8.73, wpb=1374.9, bsz=99.8, num_updates=12000, lr=0.5, gnorm=525.857, clip=100, train_wall=36, wall=1048 (progress_bar.py:262, log())
[2020-12-28 06:51:00]    INFO >> epoch 008:    950 / 1650 loss=79.606, nll_loss=5.771, bleu=0, ppl=54.59, wps=17911.7, ups=12.98, wpb=1379.5, bsz=100, num_updates=12500, lr=0.5, gnorm=527.236, clip=100, train_wall=36, wall=1086 (progress_bar.py:262, log())
[2020-12-28 06:51:38]    INFO >> epoch 008:   1450 / 1650 loss=79.196, nll_loss=5.753, bleu=0, ppl=53.94, wps=18164.9, ups=13.2, wpb=1376.5, bsz=100, num_updates=13000, lr=0.5, gnorm=524.008, clip=100, train_wall=35, wall=1124 (progress_bar.py:262, log())
[2020-12-28 06:51:54]    INFO >> epoch 008 | loss 79.286 | nll_loss 5.757 | bleu 0 | ppl 54.07 | wps 15629.9 | ups 11.35 | wpb 1376.7 | bsz 100 | num_updates 13200 | lr 0.5 | gnorm 525.024 | clip 100 | train_wall 118 | wall 1140 (progress_bar.py:269, print())
[2020-12-28 06:52:05]    INFO >> epoch 008 | valid on 'valid' subset | loss 78.812 | nll_loss 5.699 | bleu 13.1456 | ppl 51.94 | wps 0 | wpb 28323 | bsz 2048 | num_updates 13200 | best_bleu 13.5063 (progress_bar.py:269, print())
[2020-12-28 06:52:34]    INFO >> epoch 009:    300 / 1650 loss=78.487, nll_loss=5.694, bleu=0, ppl=51.75, wps=12284.6, ups=8.91, wpb=1378.5, bsz=100, num_updates=13500, lr=0.5, gnorm=524.039, clip=100, train_wall=36, wall=1180 (progress_bar.py:262, log())
[2020-12-28 06:53:12]    INFO >> epoch 009:    800 / 1650 loss=78.275, nll_loss=5.678, bleu=0, ppl=51.2, wps=18154.7, ups=13.19, wpb=1376.4, bsz=99.8, num_updates=14000, lr=0.5, gnorm=524.097, clip=100, train_wall=35, wall=1218 (progress_bar.py:262, log())
[2020-12-28 06:53:50]    INFO >> epoch 009:   1300 / 1650 loss=77.719, nll_loss=5.655, bleu=0, ppl=50.38, wps=18111.4, ups=13.18, wpb=1374.4, bsz=100, num_updates=14500, lr=0.5, gnorm=523.47, clip=100, train_wall=36, wall=1256 (progress_bar.py:262, log())
[2020-12-28 06:54:17]    INFO >> epoch 009 | loss 78.124 | nll_loss 5.672 | bleu 0 | ppl 51 | wps 15900.4 | ups 11.55 | wpb 1376.7 | bsz 100 | num_updates 14850 | lr 0.5 | gnorm 524.113 | clip 100 | train_wall 117 | wall 1283 (progress_bar.py:269, print())
[2020-12-28 06:54:27]    INFO >> epoch 009 | valid on 'valid' subset | loss 77.232 | nll_loss 5.585 | bleu 13.8239 | ppl 47.99 | wps 0 | wpb 28323 | bsz 2048 | num_updates 14850 | best_bleu 13.8239 (progress_bar.py:269, print())
[2020-12-28 06:54:28]    INFO >> saved checkpoint /home/wanyao/.ncc/code_search_net_feng/summarization/java/data-mmap/codenn/checkpoints/checkpoint_best.pt (epoch 9 @ 14850 updates, score 13.823862654153181) (writing took 0.7507142843678594 seconds) (checkpoint_utils.py:81, save_checkpoint())
[2020-12-28 06:54:47]    INFO >> epoch 010:    150 / 1650 loss=77.72, nll_loss=5.651, bleu=0, ppl=50.27, wps=12195, ups=8.88, wpb=1373.1, bsz=99.8, num_updates=15000, lr=0.5, gnorm=523.594, clip=100, train_wall=35, wall=1312 (progress_bar.py:262, log())
[2020-12-28 06:55:23]    INFO >> epoch 010:    650 / 1650 loss=77.236, nll_loss=5.598, bleu=0, ppl=48.45, wps=18908.8, ups=13.71, wpb=1379.6, bsz=100, num_updates=15500, lr=0.5, gnorm=524.669, clip=100, train_wall=34, wall=1349 (progress_bar.py:262, log())
[2020-12-28 06:56:01]    INFO >> epoch 010:   1150 / 1650 loss=77.348, nll_loss=5.605, bleu=0, ppl=48.66, wps=18312.5, ups=13.27, wpb=1380.1, bsz=100, num_updates=16000, lr=0.5, gnorm=526.131, clip=100, train_wall=35, wall=1387 (progress_bar.py:262, log())
[2020-12-28 06:56:40]    INFO >> epoch 010:   1650 / 1650 loss=76.935, nll_loss=5.598, bleu=0, ppl=48.44, wps=17638.2, ups=12.83, wpb=1374.3, bsz=100, num_updates=16500, lr=0.5, gnorm=522.797, clip=100, train_wall=36, wall=1426 (progress_bar.py:262, log())
[2020-12-28 06:56:40]    INFO >> epoch 010 | loss 77.095 | nll_loss 5.598 | bleu 0 | ppl 48.42 | wps 15848 | ups 11.51 | wpb 1376.7 | bsz 100 | num_updates 16500 | lr 0.5 | gnorm 524.425 | clip 100 | train_wall 116 | wall 1426 (progress_bar.py:269, print())
[2020-12-28 06:56:51]    INFO >> epoch 010 | valid on 'valid' subset | loss 79.345 | nll_loss 5.737 | bleu 12.4974 | ppl 53.35 | wps 0 | wpb 28323 | bsz 2048 | num_updates 16500 | best_bleu 13.8239 (progress_bar.py:269, print())
[2020-12-28 06:57:35]    INFO >> epoch 011:    500 / 1650 loss=76.37, nll_loss=5.534, bleu=0, ppl=46.34, wps=12449.1, ups=9.02, wpb=1380, bsz=100, num_updates=17000, lr=0.5, gnorm=523.85, clip=100, train_wall=35, wall=1481 (progress_bar.py:262, log())
[2020-12-28 06:58:13]    INFO >> epoch 011:   1000 / 1650 loss=76.221, nll_loss=5.533, bleu=0, ppl=46.3, wps=17986.3, ups=13.06, wpb=1377.6, bsz=100, num_updates=17500, lr=0.5, gnorm=523.491, clip=100, train_wall=36, wall=1519 (progress_bar.py:262, log())
[2020-12-28 06:58:50]    INFO >> epoch 011:   1500 / 1650 loss=75.902, nll_loss=5.515, bleu=0, ppl=45.73, wps=19010.8, ups=13.83, wpb=1374.2, bsz=99.8, num_updates=18000, lr=0.5, gnorm=522.238, clip=100, train_wall=34, wall=1555 (progress_bar.py:262, log())
[2020-12-28 06:59:01]    INFO >> epoch 011 | loss 76.175 | nll_loss 5.531 | bleu 0 | ppl 46.23 | wps 16153.1 | ups 11.73 | wpb 1376.7 | bsz 100 | num_updates 18150 | lr 0.5 | gnorm 523.258 | clip 100 | train_wall 115 | wall 1567 (progress_bar.py:269, print())
[2020-12-28 06:59:12]    INFO >> epoch 011 | valid on 'valid' subset | loss 76.613 | nll_loss 5.54 | bleu 13.7267 | ppl 46.52 | wps 0 | wpb 28323 | bsz 2048 | num_updates 18150 | best_bleu 13.8239 (progress_bar.py:269, print())
[2020-12-28 06:59:45]    INFO >> epoch 012:    350 / 1650 loss=75.606, nll_loss=5.495, bleu=0, ppl=45.09, wps=12362.9, ups=8.99, wpb=1375.9, bsz=100, num_updates=18500, lr=0.5, gnorm=521.92, clip=100, train_wall=35, wall=1611 (progress_bar.py:262, log())
[2020-12-28 07:00:24]    INFO >> epoch 012:    850 / 1650 loss=75.058, nll_loss=5.453, bleu=0, ppl=43.82, wps=17631.3, ups=12.83, wpb=1374.2, bsz=99.8, num_updates=19000, lr=0.5, gnorm=522.315, clip=100, train_wall=36, wall=1650 (progress_bar.py:262, log())
[2020-12-28 07:01:03]    INFO >> epoch 012:   1350 / 1650 loss=75.377, nll_loss=5.481, bleu=0, ppl=44.65, wps=17921.8, ups=13.03, wpb=1375.3, bsz=100, num_updates=19500, lr=0.5, gnorm=522.839, clip=100, train_wall=36, wall=1688 (progress_bar.py:262, log())
[2020-12-28 07:01:26]    INFO >> epoch 012 | loss 75.331 | nll_loss 5.469 | bleu 0 | ppl 44.31 | wps 15664.8 | ups 11.38 | wpb 1376.7 | bsz 100 | num_updates 19800 | lr 0.5 | gnorm 522.729 | clip 100 | train_wall 119 | wall 1712 (progress_bar.py:269, print())
[2020-12-28 07:01:37]    INFO >> epoch 012 | valid on 'valid' subset | loss 76.936 | nll_loss 5.563 | bleu 13.2647 | ppl 47.28 | wps 0 | wpb 28323 | bsz 2048 | num_updates 19800 | best_bleu 13.8239 (progress_bar.py:269, print())
[2020-12-28 07:01:59]    INFO >> epoch 013:    200 / 1650 loss=75.034, nll_loss=5.44, bleu=0, ppl=43.4, wps=12177.8, ups=8.83, wpb=1379.4, bsz=100, num_updates=20000, lr=0.5, gnorm=524.562, clip=100, train_wall=35, wall=1745 (progress_bar.py:262, log())
[2020-12-28 07:02:37]    INFO >> epoch 013:    700 / 1650 loss=74.48, nll_loss=5.406, bleu=0, ppl=42.4, wps=18178, ups=13.21, wpb=1375.6, bsz=99.8, num_updates=20500, lr=0.5, gnorm=522.702, clip=100, train_wall=35, wall=1783 (progress_bar.py:262, log())
[2020-12-28 07:03:13]    INFO >> epoch 013:   1200 / 1650 loss=74.437, nll_loss=5.424, bleu=0, ppl=42.93, wps=18864.8, ups=13.75, wpb=1372.4, bsz=100, num_updates=21000, lr=0.5, gnorm=521.448, clip=100, train_wall=34, wall=1819 (progress_bar.py:262, log())
[2020-12-28 07:03:47]    INFO >> epoch 013 | loss 74.542 | nll_loss 5.412 | bleu 0 | ppl 42.58 | wps 16128.3 | ups 11.72 | wpb 1376.7 | bsz 100 | num_updates 21450 | lr 0.5 | gnorm 523.236 | clip 100 | train_wall 114 | wall 1853 (progress_bar.py:269, print())
[2020-12-28 07:03:58]    INFO >> epoch 013 | valid on 'valid' subset | loss 77.367 | nll_loss 5.594 | bleu 12.8267 | ppl 48.31 | wps 0 | wpb 28323 | bsz 2048 | num_updates 21450 | best_bleu 13.8239 (progress_bar.py:269, print())
[2020-12-28 07:04:08]    INFO >> epoch 014:     50 / 1650 loss=74.825, nll_loss=5.415, bleu=0, ppl=42.66, wps=12550.6, ups=9.08, wpb=1381.9, bsz=100, num_updates=21500, lr=0.5, gnorm=525.913, clip=100, train_wall=34, wall=1874 (progress_bar.py:262, log())
[2020-12-28 07:04:46]    INFO >> epoch 014:    550 / 1650 loss=73.9, nll_loss=5.35, bleu=0, ppl=40.78, wps=18449.5, ups=13.36, wpb=1381.4, bsz=100, num_updates=22000, lr=0.5, gnorm=524.221, clip=100, train_wall=35, wall=1912 (progress_bar.py:262, log())
[2020-12-28 07:05:23]    INFO >> epoch 014:   1050 / 1650 loss=73.68, nll_loss=5.362, bleu=0, ppl=41.14, wps=18453.5, ups=13.45, wpb=1371.9, bsz=99.8, num_updates=22500, lr=0.5, gnorm=521.514, clip=100, train_wall=35, wall=1949 (progress_bar.py:262, log())
[2020-12-28 07:06:00]    INFO >> epoch 014:   1550 / 1650 loss=74, nll_loss=5.371, bleu=0, ppl=41.4, wps=18443.1, ups=13.39, wpb=1377.7, bsz=100, num_updates=23000, lr=0.5, gnorm=523.928, clip=100, train_wall=35, wall=1986 (progress_bar.py:262, log())
[2020-12-28 07:06:08]    INFO >> epoch 014 | loss 73.842 | nll_loss 5.361 | bleu 0 | ppl 41.11 | wps 16045.2 | ups 11.66 | wpb 1376.7 | bsz 100 | num_updates 23100 | lr 0.5 | gnorm 523.139 | clip 100 | train_wall 115 | wall 1994 (progress_bar.py:269, print())
[2020-12-28 07:06:19]    INFO >> epoch 014 | valid on 'valid' subset | loss 76.996 | nll_loss 5.568 | bleu 13.6354 | ppl 47.42 | wps 0 | wpb 28323 | bsz 2048 | num_updates 23100 | best_bleu 13.8239 (progress_bar.py:269, print())
[2020-12-28 07:06:55]    INFO >> epoch 015:    400 / 1650 loss=73.2, nll_loss=5.32, bleu=0, ppl=39.95, wps=12581.7, ups=9.14, wpb=1375.9, bsz=100, num_updates=23500, lr=0.5, gnorm=523.445, clip=100, train_wall=35, wall=2041 (progress_bar.py:262, log())
[2020-12-28 07:07:30]    INFO >> epoch 015:    900 / 1650 loss=73.533, nll_loss=5.324, bleu=0, ppl=40.05, wps=19996, ups=14.5, wpb=1379.1, bsz=99.8, num_updates=24000, lr=0.5, gnorm=522.533, clip=100, train_wall=32, wall=2075 (progress_bar.py:262, log())
[2020-12-28 07:08:06]    INFO >> epoch 015:   1400 / 1650 loss=73.205, nll_loss=5.311, bleu=0, ppl=39.69, wps=18926.6, ups=13.73, wpb=1378.4, bsz=100, num_updates=24500, lr=0.5, gnorm=522.949, clip=100, train_wall=34, wall=2112 (progress_bar.py:262, log())
[2020-12-28 07:08:26]    INFO >> epoch 015 | loss 73.179 | nll_loss 5.313 | bleu 0 | ppl 39.76 | wps 16531.6 | ups 12.01 | wpb 1376.7 | bsz 100 | num_updates 24750 | lr 0.5 | gnorm 522.81 | clip 100 | train_wall 112 | wall 2131 (progress_bar.py:269, print())
[2020-12-28 07:08:36]    INFO >> epoch 015 | valid on 'valid' subset | loss 77.64 | nll_loss 5.614 | bleu 13.1577 | ppl 48.98 | wps 0 | wpb 28323 | bsz 2048 | num_updates 24750 | best_bleu 13.8239 (progress_bar.py:269, print())
[2020-12-28 07:09:02]    INFO >> epoch 016:    250 / 1650 loss=72.39, nll_loss=5.274, bleu=0, ppl=38.69, wps=12238.9, ups=8.92, wpb=1372.6, bsz=100, num_updates=25000, lr=0.5, gnorm=521.789, clip=100, train_wall=36, wall=2168 (progress_bar.py:262, log())
[2020-12-28 07:09:41]    INFO >> epoch 016:    750 / 1650 loss=72.624, nll_loss=5.271, bleu=0, ppl=38.62, wps=17646.4, ups=12.83, wpb=1375.6, bsz=99.8, num_updates=25500, lr=0.5, gnorm=525.01, clip=100, train_wall=36, wall=2207 (progress_bar.py:262, log())
[2020-12-28 07:10:19]    INFO >> epoch 016:   1250 / 1650 loss=72.39, nll_loss=5.271, bleu=0, ppl=38.61, wps=18283, ups=13.31, wpb=1373.4, bsz=100, num_updates=26000, lr=0.5, gnorm=521.992, clip=100, train_wall=35, wall=2244 (progress_bar.py:262, log())
[2020-12-28 07:10:50]    INFO >> epoch 016 | loss 72.573 | nll_loss 5.269 | bleu 0 | ppl 38.56 | wps 15724.3 | ups 11.42 | wpb 1376.7 | bsz 100 | num_updates 26400 | lr 0.5 | gnorm 523.601 | clip 100 | train_wall 118 | wall 2276 (progress_bar.py:269, print())
[2020-12-28 07:11:01]    INFO >> epoch 016 | valid on 'valid' subset | loss 77.466 | nll_loss 5.601 | bleu 13.4711 | ppl 48.55 | wps 0 | wpb 28323 | bsz 2048 | num_updates 26400 | best_bleu 13.8239 (progress_bar.py:269, print())
[2020-12-28 07:11:16]    INFO >> epoch 017:    100 / 1650 loss=72.682, nll_loss=5.261, bleu=0, ppl=38.35, wps=12054.1, ups=8.73, wpb=1381.5, bsz=100, num_updates=26500, lr=0.5, gnorm=524.968, clip=100, train_wall=36, wall=2302 (progress_bar.py:262, log())
[2020-12-28 07:11:53]    INFO >> epoch 017:    600 / 1650 loss=71.985, nll_loss=5.218, bleu=0, ppl=37.23, wps=18442.3, ups=13.37, wpb=1379.4, bsz=100, num_updates=27000, lr=0.5, gnorm=526.416, clip=100, train_wall=35, wall=2339 (progress_bar.py:262, log())
[2020-12-28 07:12:30]    INFO >> epoch 017:   1100 / 1650 loss=72.096, nll_loss=5.241, bleu=0, ppl=37.83, wps=18558.9, ups=13.51, wpb=1373.4, bsz=99.8, num_updates=27500, lr=0.5, gnorm=523.993, clip=100, train_wall=35, wall=2376 (progress_bar.py:262, log())
[2020-12-28 07:13:08]    INFO >> epoch 017:   1600 / 1650 loss=72.095, nll_loss=5.232, bleu=0, ppl=37.58, wps=18110.6, ups=13.14, wpb=1378, bsz=100, num_updates=28000, lr=0.5, gnorm=523.364, clip=100, train_wall=36, wall=2414 (progress_bar.py:262, log())
[2020-12-28 07:13:13]    INFO >> epoch 017 | loss 72.009 | nll_loss 5.228 | bleu 0 | ppl 37.49 | wps 15910.6 | ups 11.56 | wpb 1376.7 | bsz 100 | num_updates 28050 | lr 0.5 | gnorm 524.672 | clip 100 | train_wall 116 | wall 2419 (progress_bar.py:269, print())
[2020-12-28 07:13:24]    INFO >> epoch 017 | valid on 'valid' subset | loss 78.083 | nll_loss 5.646 | bleu 12.3144 | ppl 50.08 | wps 0 | wpb 28323 | bsz 2048 | num_updates 28050 | best_bleu 13.8239 (progress_bar.py:269, print())
[2020-12-28 07:14:02]    INFO >> epoch 018:    450 / 1650 loss=71.182, nll_loss=5.181, bleu=0, ppl=36.28, wps=12703.4, ups=9.25, wpb=1373.9, bsz=100, num_updates=28500, lr=0.5, gnorm=524.931, clip=100, train_wall=33, wall=2468 (progress_bar.py:262, log())
[2020-12-28 07:14:40]    INFO >> epoch 018:    950 / 1650 loss=71.35, nll_loss=5.178, bleu=0, ppl=36.21, wps=18485.6, ups=13.44, wpb=1375.7, bsz=99.8, num_updates=29000, lr=0.5, gnorm=526.432, clip=100, train_wall=35, wall=2505 (progress_bar.py:262, log())
[2020-12-28 07:15:16]    INFO >> epoch 018:   1450 / 1650 loss=71.91, nll_loss=5.211, bleu=0, ppl=37.03, wps=18906, ups=13.7, wpb=1380, bsz=100, num_updates=29500, lr=0.5, gnorm=525.605, clip=100, train_wall=34, wall=2542 (progress_bar.py:262, log())
[2020-12-28 07:15:32]    INFO >> epoch 018 | loss 71.482 | nll_loss 5.19 | bleu 0 | ppl 36.51 | wps 16332.3 | ups 11.86 | wpb 1376.7 | bsz 100 | num_updates 29700 | lr 0.5 | gnorm 525.495 | clip 100 | train_wall 113 | wall 2558 (progress_bar.py:269, print())
[2020-12-28 07:15:43]    INFO >> epoch 018 | valid on 'valid' subset | loss 76.794 | nll_loss 5.553 | bleu 12.5397 | ppl 46.94 | wps 0 | wpb 28323 | bsz 2048 | num_updates 29700 | best_bleu 13.8239 (progress_bar.py:269, print())
[2020-12-28 07:16:12]    INFO >> epoch 019:    300 / 1650 loss=70.819, nll_loss=5.151, bleu=0, ppl=35.54, wps=12278.8, ups=8.95, wpb=1372.7, bsz=99.8, num_updates=30000, lr=0.5, gnorm=523.907, clip=100, train_wall=35, wall=2598 (progress_bar.py:262, log())
[2020-12-28 07:16:48]    INFO >> epoch 019:    800 / 1650 loss=70.8, nll_loss=5.145, bleu=0, ppl=35.38, wps=18910.2, ups=13.74, wpb=1376.1, bsz=100, num_updates=30500, lr=0.5, gnorm=526.836, clip=100, train_wall=34, wall=2634 (progress_bar.py:262, log())
[2020-12-28 07:17:25]    INFO >> epoch 019:   1300 / 1650 loss=71.078, nll_loss=5.161, bleu=0, ppl=35.78, wps=18647.6, ups=13.54, wpb=1377.2, bsz=100, num_updates=31000, lr=0.5, gnorm=526.527, clip=100, train_wall=35, wall=2671 (progress_bar.py:262, log())
[2020-12-28 07:17:53]    INFO >> epoch 019 | loss 70.983 | nll_loss 5.154 | bleu 0 | ppl 35.6 | wps 16143.7 | ups 11.73 | wpb 1376.7 | bsz 100 | num_updates 31350 | lr 0.5 | gnorm 526.186 | clip 100 | train_wall 114 | wall 2698 (progress_bar.py:269, print())
[2020-12-28 07:18:03]    INFO >> epoch 019 | valid on 'valid' subset | loss 77.088 | nll_loss 5.574 | bleu 13.6047 | ppl 47.64 | wps 0 | wpb 28323 | bsz 2048 | num_updates 31350 | best_bleu 13.8239 (progress_bar.py:269, print())
[2020-12-28 07:18:22]    INFO >> epoch 020:    150 / 1650 loss=71.327, nll_loss=5.164, bleu=0, ppl=35.85, wps=12217.8, ups=8.85, wpb=1381.3, bsz=100, num_updates=31500, lr=0.5, gnorm=526.606, clip=100, train_wall=36, wall=2728 (progress_bar.py:262, log())
[2020-12-28 07:19:00]    INFO >> epoch 020:    650 / 1650 loss=70.117, nll_loss=5.103, bleu=0, ppl=34.36, wps=18211.6, ups=13.25, wpb=1374.1, bsz=100, num_updates=32000, lr=0.5, gnorm=527.412, clip=100, train_wall=35, wall=2765 (progress_bar.py:262, log())
[2020-12-28 07:19:37]    INFO >> epoch 020:   1150 / 1650 loss=70.613, nll_loss=5.125, bleu=0, ppl=34.9, wps=18320.3, ups=13.3, wpb=1377.7, bsz=100, num_updates=32500, lr=0.5, gnorm=528.03, clip=100, train_wall=35, wall=2803 (progress_bar.py:262, log())
[2020-12-28 07:20:15]    INFO >> epoch 020:   1650 / 1650 loss=70.732, nll_loss=5.133, bleu=0, ppl=35.08, wps=18340, ups=13.33, wpb=1376, bsz=99.8, num_updates=33000, lr=0.5, gnorm=526.77, clip=100, train_wall=35, wall=2841 (progress_bar.py:262, log())
[2020-12-28 07:20:15]    INFO >> epoch 020 | loss 70.497 | nll_loss 5.118 | bleu 0 | ppl 34.74 | wps 15936.7 | ups 11.58 | wpb 1376.7 | bsz 100 | num_updates 33000 | lr 0.5 | gnorm 527.44 | clip 100 | train_wall 116 | wall 2841 (progress_bar.py:269, print())
[2020-12-28 07:20:26]    INFO >> epoch 020 | valid on 'valid' subset | loss 76.808 | nll_loss 5.554 | bleu 12.8324 | ppl 46.98 | wps 0 | wpb 28323 | bsz 2048 | num_updates 33000 | best_bleu 13.8239 (progress_bar.py:269, print())
[2020-12-28 07:21:11]    INFO >> epoch 021:    500 / 1650 loss=69.623, nll_loss=5.063, bleu=0, ppl=33.42, wps=12239.2, ups=8.91, wpb=1373.1, bsz=99.8, num_updates=33500, lr=0.5, gnorm=525.297, clip=100, train_wall=35, wall=2897 (progress_bar.py:262, log())
[2020-12-28 07:21:47]    INFO >> epoch 021:   1000 / 1650 loss=69.996, nll_loss=5.085, bleu=0, ppl=33.94, wps=19067.2, ups=13.85, wpb=1376.6, bsz=100, num_updates=34000, lr=0.5, gnorm=527.662, clip=100, train_wall=34, wall=2933 (progress_bar.py:262, log())
[2020-12-28 07:22:23]    INFO >> epoch 021:   1500 / 1650 loss=70.009, nll_loss=5.087, bleu=0, ppl=33.99, wps=18898.9, ups=13.73, wpb=1376.2, bsz=100, num_updates=34500, lr=0.5, gnorm=526.823, clip=100, train_wall=34, wall=2969 (progress_bar.py:262, log())
[2020-12-28 07:22:35]    INFO >> epoch 021 | loss 70.029 | nll_loss 5.084 | bleu 0 | ppl 33.93 | wps 16212.9 | ups 11.78 | wpb 1376.7 | bsz 100 | num_updates 34650 | lr 0.5 | gnorm 527.143 | clip 100 | train_wall 114 | wall 2981 (progress_bar.py:269, print())
[2020-12-28 07:22:46]    INFO >> epoch 021 | valid on 'valid' subset | loss 77.299 | nll_loss 5.589 | bleu 13.5183 | ppl 48.15 | wps 0 | wpb 28323 | bsz 2048 | num_updates 34650 | best_bleu 13.8239 (progress_bar.py:269, print())
[2020-12-28 07:23:19]    INFO >> epoch 022:    350 / 1650 loss=69.842, nll_loss=5.063, bleu=0, ppl=33.42, wps=12494.7, ups=9.06, wpb=1379.5, bsz=100, num_updates=35000, lr=0.5, gnorm=529.122, clip=100, train_wall=34, wall=3024 (progress_bar.py:262, log())
[2020-12-28 07:23:50]    INFO >> epoch 022:    850 / 1650 loss=69.676, nll_loss=5.05, bleu=0, ppl=33.14, wps=21822.2, ups=15.84, wpb=1377.5, bsz=99.8, num_updates=35500, lr=0.5, gnorm=527.398, clip=100, train_wall=30, wall=3056 (progress_bar.py:262, log())
[2020-12-28 07:24:27]    INFO >> epoch 022:   1350 / 1650 loss=69.66, nll_loss=5.062, bleu=0, ppl=33.42, wps=18763.1, ups=13.64, wpb=1376, bsz=100, num_updates=36000, lr=0.5, gnorm=528.289, clip=100, train_wall=34, wall=3093 (progress_bar.py:262, log())
[2020-12-28 07:24:48]    INFO >> epoch 022 | loss 69.599 | nll_loss 5.053 | bleu 0 | ppl 33.21 | wps 17118.3 | ups 12.43 | wpb 1376.7 | bsz 100 | num_updates 36300 | lr 0.5 | gnorm 527.807 | clip 100 | train_wall 107 | wall 3114 (progress_bar.py:269, print())
[2020-12-28 07:24:59]    INFO >> epoch 022 | valid on 'valid' subset | loss 77.57 | nll_loss 5.609 | bleu 12.2374 | ppl 48.81 | wps 0 | wpb 28323 | bsz 2048 | num_updates 36300 | best_bleu 13.8239 (progress_bar.py:269, print())
[2020-12-28 07:25:20]    INFO >> epoch 023:    200 / 1650 loss=69.355, nll_loss=5.038, bleu=0, ppl=32.85, wps=13047.3, ups=9.48, wpb=1376.6, bsz=100, num_updates=36500, lr=0.5, gnorm=527.77, clip=100, train_wall=32, wall=3145 (progress_bar.py:262, log())
[2020-12-28 07:25:57]    INFO >> epoch 023:    700 / 1650 loss=69.014, nll_loss=5.011, bleu=0, ppl=32.24, wps=18423.3, ups=13.38, wpb=1377.2, bsz=100, num_updates=37000, lr=0.5, gnorm=528.57, clip=100, train_wall=35, wall=3183 (progress_bar.py:262, log())
[2020-12-28 07:26:32]    INFO >> epoch 023:   1200 / 1650 loss=69.63, nll_loss=5.04, bleu=0, ppl=32.89, wps=19440.3, ups=14.09, wpb=1379.5, bsz=99.8, num_updates=37500, lr=0.5, gnorm=530.058, clip=100, train_wall=33, wall=3218 (progress_bar.py:262, log())
[2020-12-28 07:27:04]    INFO >> epoch 023 | loss 69.178 | nll_loss 5.023 | bleu 0 | ppl 32.51 | wps 16672.4 | ups 12.11 | wpb 1376.7 | bsz 100 | num_updates 37950 | lr 0.5 | gnorm 528.37 | clip 100 | train_wall 110 | wall 3250 (progress_bar.py:269, print())
[2020-12-28 07:27:15]    INFO >> epoch 023 | valid on 'valid' subset | loss 76.309 | nll_loss 5.518 | bleu 13.9163 | ppl 45.82 | wps 0 | wpb 28323 | bsz 2048 | num_updates 37950 | best_bleu 13.9163 (progress_bar.py:269, print())
[2020-12-28 07:27:16]    INFO >> saved checkpoint /home/wanyao/.ncc/code_search_net_feng/summarization/java/data-mmap/codenn/checkpoints/checkpoint_best.pt (epoch 23 @ 37950 updates, score 13.91633255665899) (writing took 0.7516911467537284 seconds) (checkpoint_utils.py:81, save_checkpoint())
[2020-12-28 07:27:26]    INFO >> epoch 024:     50 / 1650 loss=69.053, nll_loss=5.027, bleu=0, ppl=32.6, wps=12701.4, ups=9.26, wpb=1371.6, bsz=99.8, num_updates=38000, lr=0.5, gnorm=526.272, clip=100, train_wall=33, wall=3272 (progress_bar.py:262, log())
[2020-12-28 07:28:05]    INFO >> epoch 024:    550 / 1650 loss=68.818, nll_loss=4.981, bleu=0, ppl=31.58, wps=17823, ups=12.9, wpb=1381.6, bsz=100, num_updates=38500, lr=0.5, gnorm=530.753, clip=100, train_wall=36, wall=3311 (progress_bar.py:262, log())
[2020-12-28 07:28:44]    INFO >> epoch 024:   1050 / 1650 loss=68.634, nll_loss=4.997, bleu=0, ppl=31.92, wps=17900.2, ups=13.03, wpb=1373.6, bsz=100, num_updates=39000, lr=0.5, gnorm=528.273, clip=100, train_wall=36, wall=3349 (progress_bar.py:262, log())
[2020-12-28 07:29:21]    INFO >> epoch 024:   1550 / 1650 loss=68.933, nll_loss=5.005, bleu=0, ppl=32.12, wps=18610.4, ups=13.51, wpb=1377.2, bsz=100, num_updates=39500, lr=0.5, gnorm=529.292, clip=100, train_wall=35, wall=3386 (progress_bar.py:262, log())
[2020-12-28 07:29:27]    INFO >> epoch 024 | loss 68.807 | nll_loss 4.996 | bleu 0 | ppl 31.91 | wps 15910.5 | ups 11.56 | wpb 1376.7 | bsz 100 | num_updates 39600 | lr 0.5 | gnorm 529.328 | clip 100 | train_wall 116 | wall 3393 (progress_bar.py:269, print())
[2020-12-28 07:29:38]    INFO >> epoch 024 | valid on 'valid' subset | loss 76.385 | nll_loss 5.523 | bleu 13.9461 | ppl 45.99 | wps 0 | wpb 28323 | bsz 2048 | num_updates 39600 | best_bleu 13.9461 (progress_bar.py:269, print())
[2020-12-28 07:29:39]    INFO >> saved checkpoint /home/wanyao/.ncc/code_search_net_feng/summarization/java/data-mmap/codenn/checkpoints/checkpoint_best.pt (epoch 24 @ 39600 updates, score 13.946078558359472) (writing took 0.769563177600503 seconds) (checkpoint_utils.py:81, save_checkpoint())
[2020-12-28 07:30:16]    INFO >> epoch 025:    400 / 1650 loss=68.114, nll_loss=4.954, bleu=0, ppl=30.99, wps=12422.4, ups=9.03, wpb=1375, bsz=100, num_updates=40000, lr=0.5, gnorm=529.01, clip=100, train_wall=34, wall=3442 (progress_bar.py:262, log())
[2020-12-28 07:30:54]    INFO >> epoch 025:    900 / 1650 loss=68.362, nll_loss=4.961, bleu=0, ppl=31.15, wps=17837.3, ups=12.96, wpb=1375.9, bsz=99.8, num_updates=40500, lr=0.5, gnorm=531.621, clip=100, train_wall=36, wall=3480 (progress_bar.py:262, log())
[2020-12-28 07:31:32]    INFO >> epoch 025:   1400 / 1650 loss=68.899, nll_loss=4.991, bleu=0, ppl=31.8, wps=18273.3, ups=13.24, wpb=1380.4, bsz=100, num_updates=41000, lr=0.5, gnorm=531, clip=100, train_wall=35, wall=3518 (progress_bar.py:262, log())
[2020-12-28 07:31:52]    INFO >> epoch 025 | loss 68.397 | nll_loss 4.966 | bleu 0 | ppl 31.26 | wps 15676.1 | ups 11.39 | wpb 1376.7 | bsz 100 | num_updates 41250 | lr 0.5 | gnorm 530.358 | clip 100 | train_wall 117 | wall 3538 (progress_bar.py:269, print())
[2020-12-28 07:32:03]    INFO >> epoch 025 | valid on 'valid' subset | loss 76.671 | nll_loss 5.544 | bleu 13.3988 | ppl 46.66 | wps 0 | wpb 28323 | bsz 2048 | num_updates 41250 | best_bleu 13.9461 (progress_bar.py:269, print())
[2020-12-28 07:32:29]    INFO >> epoch 026:    250 / 1650 loss=67.751, nll_loss=4.938, bleu=0, ppl=30.65, wps=12002, ups=8.75, wpb=1372.1, bsz=100, num_updates=41500, lr=0.5, gnorm=528.995, clip=100, train_wall=36, wall=3575 (progress_bar.py:262, log())
[2020-12-28 07:33:08]    INFO >> epoch 026:    750 / 1650 loss=68.105, nll_loss=4.942, bleu=0, ppl=30.74, wps=18081.5, ups=13.12, wpb=1378.1, bsz=100, num_updates=42000, lr=0.5, gnorm=532.745, clip=100, train_wall=36, wall=3613 (progress_bar.py:262, log())
[2020-12-28 07:33:45]    INFO >> epoch 026:   1250 / 1650 loss=68.207, nll_loss=4.95, bleu=0, ppl=30.91, wps=18365.8, ups=13.33, wpb=1378, bsz=100, num_updates=42500, lr=0.5, gnorm=530.734, clip=100, train_wall=35, wall=3651 (progress_bar.py:262, log())
[2020-12-28 07:34:15]    INFO >> epoch 026 | loss 68.062 | nll_loss 4.942 | bleu 0 | ppl 30.73 | wps 15920 | ups 11.56 | wpb 1376.7 | bsz 100 | num_updates 42900 | lr 0.5 | gnorm 530.992 | clip 100 | train_wall 115 | wall 3680 (progress_bar.py:269, print())
[2020-12-28 07:34:26]    INFO >> epoch 026 | valid on 'valid' subset | loss 76.839 | nll_loss 5.556 | bleu 13.7125 | ppl 47.05 | wps 0 | wpb 28323 | bsz 2048 | num_updates 42900 | best_bleu 13.9461 (progress_bar.py:269, print())
[2020-12-28 07:34:38]    INFO >> epoch 027:    100 / 1650 loss=68.066, nll_loss=4.939, bleu=0, ppl=30.67, wps=12887.1, ups=9.37, wpb=1376, bsz=99.8, num_updates=43000, lr=0.5, gnorm=530.081, clip=100, train_wall=33, wall=3704 (progress_bar.py:262, log())
[2020-12-28 07:35:15]    INFO >> epoch 027:    600 / 1650 loss=67.695, nll_loss=4.911, bleu=0, ppl=30.08, wps=18688, ups=13.56, wpb=1378.6, bsz=100, num_updates=43500, lr=0.5, gnorm=533.563, clip=100, train_wall=35, wall=3741 (progress_bar.py:262, log())
[2020-12-28 07:35:54]    INFO >> epoch 027:   1100 / 1650 loss=67.754, nll_loss=4.917, bleu=0, ppl=30.21, wps=17845, ups=12.95, wpb=1378, bsz=100, num_updates=44000, lr=0.5, gnorm=532.686, clip=100, train_wall=36, wall=3780 (progress_bar.py:262, log())
[2020-12-28 07:36:32]    INFO >> epoch 027:   1600 / 1650 loss=67.978, nll_loss=4.935, bleu=0, ppl=30.6, wps=18140.7, ups=13.19, wpb=1375.2, bsz=99.8, num_updates=44500, lr=0.5, gnorm=531.897, clip=100, train_wall=35, wall=3818 (progress_bar.py:262, log())
[2020-12-28 07:36:36]    INFO >> epoch 027 | loss 67.725 | nll_loss 4.917 | bleu 0 | ppl 30.22 | wps 16090.6 | ups 11.69 | wpb 1376.7 | bsz 100 | num_updates 44550 | lr 0.5 | gnorm 532.372 | clip 100 | train_wall 115 | wall 3822 (progress_bar.py:269, print())
[2020-12-28 07:36:47]    INFO >> epoch 027 | valid on 'valid' subset | loss 76.8 | nll_loss 5.553 | bleu 13.3433 | ppl 46.96 | wps 0 | wpb 28323 | bsz 2048 | num_updates 44550 | best_bleu 13.9461 (progress_bar.py:269, print())
[2020-12-28 07:37:28]    INFO >> epoch 028:    450 / 1650 loss=67.006, nll_loss=4.871, bleu=0, ppl=29.26, wps=12268.4, ups=8.92, wpb=1375.7, bsz=100, num_updates=45000, lr=0.5, gnorm=531.914, clip=100, train_wall=35, wall=3874 (progress_bar.py:262, log())
[2020-12-28 07:38:04]    INFO >> epoch 028:    950 / 1650 loss=67.315, nll_loss=4.891, bleu=0, ppl=29.67, wps=18771, ups=13.66, wpb=1374.2, bsz=99.8, num_updates=45500, lr=0.5, gnorm=531.852, clip=100, train_wall=34, wall=3910 (progress_bar.py:262, log())
[2020-12-28 07:38:41]    INFO >> epoch 028:   1450 / 1650 loss=67.627, nll_loss=4.909, bleu=0, ppl=30.05, wps=18748.3, ups=13.61, wpb=1377.6, bsz=100, num_updates=46000, lr=0.5, gnorm=534.58, clip=100, train_wall=34, wall=3947 (progress_bar.py:262, log())
[2020-12-28 07:38:57]    INFO >> epoch 028 | loss 67.394 | nll_loss 4.893 | bleu 0 | ppl 29.72 | wps 16122.7 | ups 11.71 | wpb 1376.7 | bsz 100 | num_updates 46200 | lr 0.5 | gnorm 533.015 | clip 100 | train_wall 114 | wall 3962 (progress_bar.py:269, print())
[2020-12-28 07:39:07]    INFO >> epoch 028 | valid on 'valid' subset | loss 76.493 | nll_loss 5.531 | bleu 13.9717 | ppl 46.24 | wps 0 | wpb 28323 | bsz 2048 | num_updates 46200 | best_bleu 13.9717 (progress_bar.py:269, print())
[2020-12-28 07:39:08]    INFO >> saved checkpoint /home/wanyao/.ncc/code_search_net_feng/summarization/java/data-mmap/codenn/checkpoints/checkpoint_best.pt (epoch 28 @ 46200 updates, score 13.971748022179934) (writing took 0.7565369317308068 seconds) (checkpoint_utils.py:81, save_checkpoint())
[2020-12-28 07:39:38]    INFO >> epoch 029:    300 / 1650 loss=67.176, nll_loss=4.87, bleu=0, ppl=29.24, wps=12190.1, ups=8.84, wpb=1379.4, bsz=100, num_updates=46500, lr=0.5, gnorm=533.659, clip=100, train_wall=36, wall=4004 (progress_bar.py:262, log())
[2020-12-28 07:40:16]    INFO >> epoch 029:    800 / 1650 loss=66.901, nll_loss=4.863, bleu=0, ppl=29.1, wps=17789.3, ups=12.95, wpb=1373.6, bsz=99.8, num_updates=47000, lr=0.5, gnorm=533.005, clip=100, train_wall=36, wall=4042 (progress_bar.py:262, log())
[2020-12-28 07:40:54]    INFO >> epoch 029:   1300 / 1650 loss=67.373, nll_loss=4.887, bleu=0, ppl=29.58, wps=18322.7, ups=13.29, wpb=1378.7, bsz=100, num_updates=47500, lr=0.5, gnorm=534.067, clip=100, train_wall=35, wall=4080 (progress_bar.py:262, log())
[2020-12-28 07:41:21]    INFO >> epoch 029 | loss 67.054 | nll_loss 4.869 | bleu 0 | ppl 29.21 | wps 15784.2 | ups 11.47 | wpb 1376.7 | bsz 100 | num_updates 47850 | lr 0.5 | gnorm 533.54 | clip 100 | train_wall 117 | wall 4106 (progress_bar.py:269, print())
[2020-12-28 07:41:32]    INFO >> epoch 029 | valid on 'valid' subset | loss 78.782 | nll_loss 5.697 | bleu 12.0917 | ppl 51.86 | wps 0 | wpb 28323 | bsz 2048 | num_updates 47850 | best_bleu 13.9717 (progress_bar.py:269, print())
[2020-12-28 07:41:50]    INFO >> epoch 030:    150 / 1650 loss=66.949, nll_loss=4.857, bleu=0, ppl=28.98, wps=12255.4, ups=8.89, wpb=1378.4, bsz=100, num_updates=48000, lr=0.5, gnorm=533.829, clip=100, train_wall=35, wall=4136 (progress_bar.py:262, log())
[2020-12-28 07:42:29]    INFO >> epoch 030:    650 / 1650 loss=66.156, nll_loss=4.818, bleu=0, ppl=28.2, wps=17800.1, ups=12.96, wpb=1373.2, bsz=100, num_updates=48500, lr=0.5, gnorm=532.886, clip=100, train_wall=36, wall=4175 (progress_bar.py:262, log())
[2020-12-28 07:43:05]    INFO >> epoch 030:   1150 / 1650 loss=67.056, nll_loss=4.86, bleu=0, ppl=29.03, wps=18823.1, ups=13.66, wpb=1377.8, bsz=99.8, num_updates=49000, lr=0.5, gnorm=533.763, clip=100, train_wall=34, wall=4211 (progress_bar.py:262, log())
[2020-12-28 07:43:43]    INFO >> epoch 030:   1650 / 1650 loss=67.184, nll_loss=4.878, bleu=0, ppl=29.4, wps=18477, ups=13.41, wpb=1377.4, bsz=100, num_updates=49500, lr=0.5, gnorm=536.019, clip=100, train_wall=35, wall=4249 (progress_bar.py:262, log())
[2020-12-28 07:43:43]    INFO >> epoch 030 | loss 66.76 | nll_loss 4.847 | bleu 0 | ppl 28.78 | wps 15924.6 | ups 11.57 | wpb 1376.7 | bsz 100 | num_updates 49500 | lr 0.5 | gnorm 534.192 | clip 100 | train_wall 116 | wall 4249 (progress_bar.py:269, print())
[2020-12-28 07:43:54]    INFO >> epoch 030 | valid on 'valid' subset | loss 77.58 | nll_loss 5.61 | bleu 13.6452 | ppl 48.83 | wps 0 | wpb 28323 | bsz 2048 | num_updates 49500 | best_bleu 13.9717 (progress_bar.py:269, print())
[2020-12-28 07:44:39]    INFO >> epoch 031:    500 / 1650 loss=66.175, nll_loss=4.799, bleu=0, ppl=27.84, wps=12247.6, ups=8.9, wpb=1376.8, bsz=99.8, num_updates=50000, lr=0.5, gnorm=534.848, clip=100, train_wall=36, wall=4305 (progress_bar.py:262, log())
[2020-12-28 07:45:16]    INFO >> epoch 031:   1000 / 1650 loss=66.501, nll_loss=4.828, bleu=0, ppl=28.4, wps=18409.4, ups=13.37, wpb=1377.4, bsz=100, num_updates=50500, lr=0.5, gnorm=536.703, clip=100, train_wall=35, wall=4342 (progress_bar.py:262, log())
[2020-12-28 07:45:54]    INFO >> epoch 031:   1500 / 1650 loss=66.585, nll_loss=4.835, bleu=0, ppl=28.54, wps=18355.5, ups=13.33, wpb=1377.2, bsz=100, num_updates=51000, lr=0.5, gnorm=534.819, clip=100, train_wall=35, wall=4380 (progress_bar.py:262, log())
[2020-12-28 07:46:06]    INFO >> epoch 031 | loss 66.454 | nll_loss 4.825 | bleu 0 | ppl 28.34 | wps 15921.1 | ups 11.57 | wpb 1376.7 | bsz 100 | num_updates 51150 | lr 0.5 | gnorm 535.518 | clip 100 | train_wall 117 | wall 4392 (progress_bar.py:269, print())
[2020-12-28 07:46:17]    INFO >> epoch 031 | valid on 'valid' subset | loss 77.051 | nll_loss 5.571 | bleu 13.4142 | ppl 47.55 | wps 0 | wpb 28323 | bsz 2048 | num_updates 51150 | best_bleu 13.9717 (progress_bar.py:269, print())
[2020-12-28 07:46:48]    INFO >> epoch 032:    350 / 1650 loss=65.765, nll_loss=4.795, bleu=0, ppl=27.76, wps=12680, ups=9.26, wpb=1369.4, bsz=99.8, num_updates=51500, lr=0.5, gnorm=534.76, clip=100, train_wall=33, wall=4434 (progress_bar.py:262, log())
[2020-12-28 07:47:26]    INFO >> epoch 032:    850 / 1650 loss=66.465, nll_loss=4.814, bleu=0, ppl=28.13, wps=18141.3, ups=13.14, wpb=1380.7, bsz=100, num_updates=52000, lr=0.5, gnorm=538.733, clip=100, train_wall=36, wall=4472 (progress_bar.py:262, log())
[2020-12-28 07:48:02]    INFO >> epoch 032:   1350 / 1650 loss=66.321, nll_loss=4.811, bleu=0, ppl=28.07, wps=19275.9, ups=13.98, wpb=1378.5, bsz=100, num_updates=52500, lr=0.5, gnorm=537.325, clip=100, train_wall=34, wall=4508 (progress_bar.py:262, log())
[2020-12-28 07:48:24]    INFO >> epoch 032 | loss 66.185 | nll_loss 4.805 | bleu 0 | ppl 27.96 | wps 16408.4 | ups 11.92 | wpb 1376.7 | bsz 100 | num_updates 52800 | lr 0.5 | gnorm 536.936 | clip 100 | train_wall 113 | wall 4530 (progress_bar.py:269, print())
[2020-12-28 07:48:35]    INFO >> epoch 032 | valid on 'valid' subset | loss 76.796 | nll_loss 5.553 | bleu 13.4903 | ppl 46.95 | wps 0 | wpb 28323 | bsz 2048 | num_updates 52800 | best_bleu 13.9717 (progress_bar.py:269, print())
[2020-12-28 07:48:57]    INFO >> epoch 033:    200 / 1650 loss=66.022, nll_loss=4.79, bleu=0, ppl=27.67, wps=12361.7, ups=8.97, wpb=1378.3, bsz=100, num_updates=53000, lr=0.5, gnorm=536.291, clip=100, train_wall=35, wall=4563 (progress_bar.py:262, log())
[2020-12-28 07:49:35]    INFO >> epoch 033:    700 / 1650 loss=65.76, nll_loss=4.783, bleu=0, ppl=27.54, wps=18262.4, ups=13.28, wpb=1374.7, bsz=100, num_updates=53500, lr=0.5, gnorm=538.42, clip=100, train_wall=35, wall=4601 (progress_bar.py:262, log())
[2020-12-28 07:50:12]    INFO >> epoch 033:   1200 / 1650 loss=65.971, nll_loss=4.787, bleu=0, ppl=27.61, wps=18557, ups=13.47, wpb=1378.1, bsz=100, num_updates=54000, lr=0.5, gnorm=537.824, clip=100, train_wall=35, wall=4638 (progress_bar.py:262, log())
[2020-12-28 07:50:47]    INFO >> epoch 033 | loss 65.93 | nll_loss 4.787 | bleu 0 | ppl 27.61 | wps 15921.8 | ups 11.57 | wpb 1376.7 | bsz 100 | num_updates 54450 | lr 0.5 | gnorm 537.545 | clip 100 | train_wall 116 | wall 4673 (progress_bar.py:269, print())
[2020-12-28 07:50:58]    INFO >> epoch 033 | valid on 'valid' subset | loss 77.645 | nll_loss 5.614 | bleu 13.0723 | ppl 48.99 | wps 0 | wpb 28323 | bsz 2048 | num_updates 54450 | best_bleu 13.9717 (progress_bar.py:269, print())
[2020-12-28 07:51:08]    INFO >> epoch 034:     50 / 1650 loss=66.235, nll_loss=4.807, bleu=0, ppl=27.99, wps=12304.3, ups=8.94, wpb=1375.8, bsz=99.8, num_updates=54500, lr=0.5, gnorm=537.281, clip=100, train_wall=36, wall=4694 (progress_bar.py:262, log())
[2020-12-28 07:51:46]    INFO >> epoch 034:    550 / 1650 loss=65.641, nll_loss=4.753, bleu=0, ppl=26.97, wps=18404.4, ups=13.33, wpb=1381, bsz=100, num_updates=55000, lr=0.5, gnorm=539.697, clip=100, train_wall=35, wall=4731 (progress_bar.py:262, log())
[2020-12-28 07:52:24]    INFO >> epoch 034:   1050 / 1650 loss=65.604, nll_loss=4.77, bleu=0, ppl=27.29, wps=17831.4, ups=12.99, wpb=1373.2, bsz=99.8, num_updates=55500, lr=0.5, gnorm=537.307, clip=100, train_wall=36, wall=4770 (progress_bar.py:262, log())
[2020-12-28 07:53:02]    INFO >> epoch 034:   1550 / 1650 loss=65.802, nll_loss=4.778, bleu=0, ppl=27.43, wps=18177.9, ups=13.2, wpb=1377.3, bsz=100, num_updates=56000, lr=0.5, gnorm=538.238, clip=100, train_wall=35, wall=4808 (progress_bar.py:262, log())
[2020-12-28 07:53:10]    INFO >> epoch 034 | loss 65.655 | nll_loss 4.767 | bleu 0 | ppl 27.23 | wps 15860 | ups 11.52 | wpb 1376.7 | bsz 100 | num_updates 56100 | lr 0.5 | gnorm 538.396 | clip 100 | train_wall 117 | wall 4816 (progress_bar.py:269, print())
[2020-12-28 07:53:21]    INFO >> epoch 034 | valid on 'valid' subset | loss 78.749 | nll_loss 5.694 | bleu 13.6203 | ppl 51.78 | wps 0 | wpb 28323 | bsz 2048 | num_updates 56100 | best_bleu 13.9717 (progress_bar.py:269, print())
[2020-12-28 07:53:58]    INFO >> epoch 035:    400 / 1650 loss=65.101, nll_loss=4.737, bleu=0, ppl=26.66, wps=12267.5, ups=8.93, wpb=1374.4, bsz=100, num_updates=56500, lr=0.5, gnorm=538.291, clip=100, train_wall=36, wall=4864 (progress_bar.py:262, log())
[2020-12-28 07:54:35]    INFO >> epoch 035:    900 / 1650 loss=65.18, nll_loss=4.737, bleu=0, ppl=26.67, wps=18789, ups=13.66, wpb=1375.9, bsz=100, num_updates=57000, lr=0.5, gnorm=539.567, clip=100, train_wall=34, wall=4900 (progress_bar.py:262, log())
[2020-12-28 07:55:07]    INFO >> epoch 035:   1400 / 1650 loss=65.761, nll_loss=4.765, bleu=0, ppl=27.2, wps=21406.5, ups=15.51, wpb=1380, bsz=100, num_updates=57500, lr=0.5, gnorm=539.22, clip=100, train_wall=30, wall=4933 (progress_bar.py:262, log())
[2020-12-28 07:55:26]    INFO >> epoch 035 | loss 65.39 | nll_loss 4.748 | bleu 0 | ppl 26.87 | wps 16693.4 | ups 12.13 | wpb 1376.7 | bsz 100 | num_updates 57750 | lr 0.5 | gnorm 538.92 | clip 100 | train_wall 111 | wall 4952 (progress_bar.py:269, print())
[2020-12-28 07:55:37]    INFO >> epoch 035 | valid on 'valid' subset | loss 77.259 | nll_loss 5.587 | bleu 13.7515 | ppl 48.05 | wps 0 | wpb 28323 | bsz 2048 | num_updates 57750 | best_bleu 13.9717 (progress_bar.py:269, print())
[2020-12-28 07:56:03]    INFO >> epoch 036:    250 / 1650 loss=64.823, nll_loss=4.715, bleu=0, ppl=26.26, wps=12291.6, ups=8.95, wpb=1372.8, bsz=99.8, num_updates=58000, lr=0.5, gnorm=536.722, clip=100, train_wall=35, wall=4989 (progress_bar.py:262, log())
[2020-12-28 07:56:40]    INFO >> epoch 036:    750 / 1650 loss=64.95, nll_loss=4.721, bleu=0, ppl=26.38, wps=18262.7, ups=13.3, wpb=1373.6, bsz=99.8, num_updates=58500, lr=0.5, gnorm=540.45, clip=100, train_wall=35, wall=5026 (progress_bar.py:262, log())
[2020-12-28 07:57:18]    INFO >> epoch 036:   1250 / 1650 loss=65.595, nll_loss=4.748, bleu=0, ppl=26.88, wps=18520.4, ups=13.41, wpb=1381.5, bsz=100, num_updates=59000, lr=0.5, gnorm=542.45, clip=100, train_wall=35, wall=5063 (progress_bar.py:262, log())
[2020-12-28 07:57:46]    INFO >> epoch 036 | loss 65.118 | nll_loss 4.728 | bleu 0 | ppl 26.5 | wps 16305.7 | ups 11.84 | wpb 1376.7 | bsz 100 | num_updates 59400 | lr 0.5 | gnorm 540.043 | clip 100 | train_wall 113 | wall 5091 (progress_bar.py:269, print())
[2020-12-28 07:57:56]    INFO >> epoch 036 | valid on 'valid' subset | loss 76.933 | nll_loss 5.563 | bleu 13.7017 | ppl 47.27 | wps 0 | wpb 28323 | bsz 2048 | num_updates 59400 | best_bleu 13.9717 (progress_bar.py:269, print())
[2020-12-28 07:58:10]    INFO >> epoch 037:    100 / 1650 loss=65.091, nll_loss=4.738, bleu=0, ppl=26.69, wps=13041.1, ups=9.49, wpb=1373.7, bsz=100, num_updates=59500, lr=0.5, gnorm=538.285, clip=100, train_wall=33, wall=5116 (progress_bar.py:262, log())
[2020-12-28 07:58:45]    INFO >> epoch 037:    600 / 1650 loss=64.485, nll_loss=4.69, bleu=0, ppl=25.81, wps=19966.6, ups=14.52, wpb=1375.1, bsz=100, num_updates=60000, lr=0.5, gnorm=541.704, clip=100, train_wall=32, wall=5151 (progress_bar.py:262, log())
[2020-12-28 07:59:23]    INFO >> epoch 037:   1100 / 1650 loss=65.124, nll_loss=4.716, bleu=0, ppl=26.27, wps=17924.2, ups=13, wpb=1378.9, bsz=99.8, num_updates=60500, lr=0.5, gnorm=541.922, clip=100, train_wall=36, wall=5189 (progress_bar.py:262, log())
[2020-12-28 08:00:00]    INFO >> epoch 037:   1600 / 1650 loss=65.193, nll_loss=4.729, bleu=0, ppl=26.51, wps=19005.8, ups=13.79, wpb=1378.7, bsz=100, num_updates=61000, lr=0.5, gnorm=539.879, clip=100, train_wall=34, wall=5225 (progress_bar.py:262, log())
[2020-12-28 08:00:03]    INFO >> epoch 037 | loss 64.868 | nll_loss 4.71 | bleu 0 | ppl 26.17 | wps 16565.1 | ups 12.03 | wpb 1376.7 | bsz 100 | num_updates 61050 | lr 0.5 | gnorm 540.795 | clip 100 | train_wall 112 | wall 5229 (progress_bar.py:269, print())
[2020-12-28 08:00:14]    INFO >> epoch 037 | valid on 'valid' subset | loss 77.718 | nll_loss 5.62 | bleu 13.6388 | ppl 49.17 | wps 0 | wpb 28323 | bsz 2048 | num_updates 61050 | best_bleu 13.9717 (progress_bar.py:269, print())
[2020-12-28 08:00:54]    INFO >> epoch 038:    450 / 1650 loss=64.304, nll_loss=4.668, bleu=0, ppl=25.41, wps=12652.2, ups=9.18, wpb=1377.7, bsz=100, num_updates=61500, lr=0.5, gnorm=542.122, clip=100, train_wall=34, wall=5280 (progress_bar.py:262, log())
[2020-12-28 08:01:31]    INFO >> epoch 038:    950 / 1650 loss=64.828, nll_loss=4.705, bleu=0, ppl=26.07, wps=18540.3, ups=13.45, wpb=1378, bsz=100, num_updates=62000, lr=0.5, gnorm=542.421, clip=100, train_wall=35, wall=5317 (progress_bar.py:262, log())
[2020-12-28 08:02:10]    INFO >> epoch 038:   1450 / 1650 loss=64.657, nll_loss=4.7, bleu=0, ppl=25.99, wps=17762.8, ups=12.91, wpb=1375.8, bsz=100, num_updates=62500, lr=0.5, gnorm=541.192, clip=100, train_wall=36, wall=5356 (progress_bar.py:262, log())
[2020-12-28 08:02:26]    INFO >> epoch 038 | loss 64.64 | nll_loss 4.693 | bleu 0 | ppl 25.87 | wps 15886 | ups 11.54 | wpb 1376.7 | bsz 100 | num_updates 62700 | lr 0.5 | gnorm 541.792 | clip 100 | train_wall 117 | wall 5372 (progress_bar.py:269, print())
[2020-12-28 08:02:37]    INFO >> epoch 038 | valid on 'valid' subset | loss 77.637 | nll_loss 5.614 | bleu 14.0921 | ppl 48.97 | wps 0 | wpb 28323 | bsz 2048 | num_updates 62700 | best_bleu 14.0921 (progress_bar.py:269, print())
[2020-12-28 08:02:37]    INFO >> saved checkpoint /home/wanyao/.ncc/code_search_net_feng/summarization/java/data-mmap/codenn/checkpoints/checkpoint_best.pt (epoch 38 @ 62700 updates, score 14.092145211551335) (writing took 0.7854083925485611 seconds) (checkpoint_utils.py:81, save_checkpoint())
[2020-12-28 08:03:07]    INFO >> epoch 039:    300 / 1650 loss=64.178, nll_loss=4.668, bleu=0, ppl=25.42, wps=12090.6, ups=8.81, wpb=1372.8, bsz=99.8, num_updates=63000, lr=0.5, gnorm=540.951, clip=100, train_wall=35, wall=5412 (progress_bar.py:262, log())
[2020-12-28 08:03:43]    INFO >> epoch 039:    800 / 1650 loss=64.097, nll_loss=4.654, bleu=0, ppl=25.19, wps=18850.8, ups=13.69, wpb=1377.1, bsz=100, num_updates=63500, lr=0.5, gnorm=540.566, clip=100, train_wall=34, wall=5449 (progress_bar.py:262, log())
[2020-12-28 08:04:20]    INFO >> epoch 039:   1300 / 1650 loss=64.618, nll_loss=4.697, bleu=0, ppl=25.94, wps=18883.1, ups=13.73, wpb=1375.7, bsz=100, num_updates=64000, lr=0.5, gnorm=543.058, clip=100, train_wall=34, wall=5485 (progress_bar.py:262, log())
[2020-12-28 08:04:45]    INFO >> epoch 039 | loss 64.404 | nll_loss 4.676 | bleu 0 | ppl 25.57 | wps 16299.1 | ups 11.84 | wpb 1376.7 | bsz 100 | num_updates 64350 | lr 0.5 | gnorm 542.101 | clip 100 | train_wall 113 | wall 5511 (progress_bar.py:269, print())
[2020-12-28 08:04:56]    INFO >> epoch 039 | valid on 'valid' subset | loss 77.327 | nll_loss 5.591 | bleu 13.8343 | ppl 48.21 | wps 0 | wpb 28323 | bsz 2048 | num_updates 64350 | best_bleu 14.0921 (progress_bar.py:269, print())
[2020-12-28 08:05:14]    INFO >> epoch 040:    150 / 1650 loss=64.873, nll_loss=4.692, bleu=0, ppl=25.85, wps=12700.4, ups=9.2, wpb=1380.5, bsz=99.8, num_updates=64500, lr=0.5, gnorm=543.578, clip=100, train_wall=34, wall=5540 (progress_bar.py:262, log())
[2020-12-28 08:05:52]    INFO >> epoch 040:    650 / 1650 loss=63.873, nll_loss=4.644, bleu=0, ppl=25.01, wps=18082.5, ups=13.17, wpb=1373.2, bsz=99.8, num_updates=65000, lr=0.5, gnorm=541.657, clip=100, train_wall=36, wall=5578 (progress_bar.py:262, log())
[2020-12-28 08:06:29]    INFO >> epoch 040:   1150 / 1650 loss=64.432, nll_loss=4.666, bleu=0, ppl=25.39, wps=18403.5, ups=13.33, wpb=1380.9, bsz=100, num_updates=65500, lr=0.5, gnorm=543.493, clip=100, train_wall=35, wall=5615 (progress_bar.py:262, log())
[2020-12-28 08:07:06]    INFO >> epoch 040:   1650 / 1650 loss=64.254, nll_loss=4.673, bleu=0, ppl=25.52, wps=18752.6, ups=13.64, wpb=1374.9, bsz=100, num_updates=66000, lr=0.5, gnorm=542.059, clip=100, train_wall=34, wall=5652 (progress_bar.py:262, log())
[2020-12-28 08:07:07]    INFO >> epoch 040 | loss 64.164 | nll_loss 4.659 | bleu 0 | ppl 25.26 | wps 16054.7 | ups 11.66 | wpb 1376.7 | bsz 100 | num_updates 66000 | lr 0.5 | gnorm 542.45 | clip 100 | train_wall 116 | wall 5652 (progress_bar.py:269, print())
[2020-12-28 08:07:17]    INFO >> epoch 040 | valid on 'valid' subset | loss 79.01 | nll_loss 5.713 | bleu 13.9491 | ppl 52.46 | wps 0 | wpb 28323 | bsz 2048 | num_updates 66000 | best_bleu 14.0921 (progress_bar.py:269, print())
[2020-12-28 08:07:59]    INFO >> epoch 041:    500 / 1650 loss=63.521, nll_loss=4.614, bleu=0, ppl=24.49, wps=13012.2, ups=9.45, wpb=1376.7, bsz=100, num_updates=66500, lr=0.5, gnorm=542.307, clip=100, train_wall=33, wall=5705 (progress_bar.py:262, log())
[2020-12-28 08:08:36]    INFO >> epoch 041:   1000 / 1650 loss=63.708, nll_loss=4.64, bleu=0, ppl=24.94, wps=18555.4, ups=13.51, wpb=1373, bsz=100, num_updates=67000, lr=0.5, gnorm=544.102, clip=100, train_wall=35, wall=5742 (progress_bar.py:262, log())
[2020-12-28 08:09:08]    INFO >> epoch 041:   1500 / 1650 loss=64.325, nll_loss=4.659, bleu=0, ppl=25.26, wps=21565.1, ups=15.64, wpb=1378.5, bsz=99.8, num_updates=67500, lr=0.5, gnorm=542.969, clip=100, train_wall=30, wall=5774 (progress_bar.py:262, log())
[2020-12-28 08:09:20]    INFO >> epoch 041 | loss 63.971 | nll_loss 4.645 | bleu 0 | ppl 25.01 | wps 17015.7 | ups 12.36 | wpb 1376.7 | bsz 100 | num_updates 67650 | lr 0.5 | gnorm 543.518 | clip 100 | train_wall 108 | wall 5786 (progress_bar.py:269, print())
[2020-12-28 08:09:31]    INFO >> epoch 041 | valid on 'valid' subset | loss 78.595 | nll_loss 5.683 | bleu 12.486 | ppl 51.38 | wps 0 | wpb 28323 | bsz 2048 | num_updates 67650 | best_bleu 14.0921 (progress_bar.py:269, print())
[2020-12-28 08:10:04]    INFO >> epoch 042:    350 / 1650 loss=64.007, nll_loss=4.635, bleu=0, ppl=24.84, wps=12403.3, ups=8.98, wpb=1381.1, bsz=100, num_updates=68000, lr=0.5, gnorm=545.179, clip=100, train_wall=35, wall=5829 (progress_bar.py:262, log())
[2020-12-28 08:10:40]    INFO >> epoch 042:    850 / 1650 loss=63.447, nll_loss=4.616, bleu=0, ppl=24.52, wps=19112.8, ups=13.9, wpb=1374.6, bsz=100, num_updates=68500, lr=0.5, gnorm=545.251, clip=100, train_wall=34, wall=5865 (progress_bar.py:262, log())
[2020-12-28 08:11:16]    INFO >> epoch 042:   1350 / 1650 loss=63.771, nll_loss=4.638, bleu=0, ppl=24.91, wps=18747.5, ups=13.66, wpb=1372.7, bsz=99.8, num_updates=69000, lr=0.5, gnorm=543.423, clip=100, train_wall=34, wall=5902 (progress_bar.py:262, log())
[2020-12-28 08:11:44]    INFO >> epoch 042 | loss 63.738 | nll_loss 4.628 | bleu 0 | ppl 24.72 | wps 15832.5 | ups 11.5 | wpb 1376.7 | bsz 100 | num_updates 69300 | lr 0.5 | gnorm 544.785 | clip 100 | train_wall 117 | wall 5929 (progress_bar.py:269, print())
[2020-12-28 08:12:08]    INFO >> epoch 042 | valid on 'valid' subset | loss 79.184 | nll_loss 5.726 | bleu 13.3483 | ppl 52.92 | wps 0 | wpb 28323 | bsz 2048 | num_updates 69300 | best_bleu 14.0921 (progress_bar.py:269, print())
[2020-12-28 08:12:33]    INFO >> epoch 043:    200 / 1650 loss=63.839, nll_loss=4.627, bleu=0, ppl=24.7, wps=9031, ups=6.54, wpb=1379.8, bsz=100, num_updates=69500, lr=0.5, gnorm=545.464, clip=100, train_wall=39, wall=5978 (progress_bar.py:262, log())
[2020-12-28 08:13:09]    INFO >> epoch 043:    700 / 1650 loss=63.333, nll_loss=4.6, bleu=0, ppl=24.25, wps=19077.9, ups=13.88, wpb=1374.7, bsz=99.8, num_updates=70000, lr=0.5, gnorm=544.028, clip=100, train_wall=34, wall=6014 (progress_bar.py:262, log())
[2020-12-28 08:13:40]    INFO >> epoch 043:   1200 / 1650 loss=63.649, nll_loss=4.622, bleu=0, ppl=24.63, wps=21741.5, ups=15.79, wpb=1377, bsz=100, num_updates=70500, lr=0.5, gnorm=545.386, clip=100, train_wall=30, wall=6046 (progress_bar.py:262, log())
[2020-12-28 08:14:15]    INFO >> epoch 043 | loss 63.522 | nll_loss 4.612 | bleu 0 | ppl 24.46 | wps 15023.1 | ups 10.91 | wpb 1376.7 | bsz 100 | num_updates 70950 | lr 0.5 | gnorm 544.587 | clip 100 | train_wall 110 | wall 6081 (progress_bar.py:269, print())
[2020-12-28 08:14:26]    INFO >> epoch 043 | valid on 'valid' subset | loss 78.325 | nll_loss 5.664 | bleu 13.9165 | ppl 50.69 | wps 0 | wpb 28323 | bsz 2048 | num_updates 70950 | best_bleu 14.0921 (progress_bar.py:269, print())
[2020-12-28 08:14:36]    INFO >> epoch 044:     50 / 1650 loss=63.795, nll_loss=4.624, bleu=0, ppl=24.65, wps=12347, ups=8.95, wpb=1379.7, bsz=100, num_updates=71000, lr=0.5, gnorm=544.614, clip=100, train_wall=35, wall=6102 (progress_bar.py:262, log())
[2020-12-28 08:15:12]    INFO >> epoch 044:    550 / 1650 loss=62.648, nll_loss=4.565, bleu=0, ppl=23.67, wps=18928, ups=13.79, wpb=1372.4, bsz=100, num_updates=71500, lr=0.5, gnorm=544.567, clip=100, train_wall=34, wall=6138 (progress_bar.py:262, log())
[2020-12-28 08:15:50]    INFO >> epoch 044:   1050 / 1650 loss=63.245, nll_loss=4.6, bleu=0, ppl=24.25, wps=18179.8, ups=13.24, wpb=1372.9, bsz=99.8, num_updates=72000, lr=0.5, gnorm=545.884, clip=100, train_wall=35, wall=6176 (progress_bar.py:262, log())
[2020-12-28 08:16:26]    INFO >> epoch 044:   1550 / 1650 loss=63.679, nll_loss=4.616, bleu=0, ppl=24.53, wps=19221.8, ups=13.93, wpb=1379.4, bsz=100, num_updates=72500, lr=0.5, gnorm=545.752, clip=100, train_wall=34, wall=6212 (progress_bar.py:262, log())
[2020-12-28 08:16:34]    INFO >> epoch 044 | loss 63.315 | nll_loss 4.597 | bleu 0 | ppl 24.2 | wps 16338.4 | ups 11.87 | wpb 1376.7 | bsz 100 | num_updates 72600 | lr 0.5 | gnorm 545.745 | clip 100 | train_wall 113 | wall 6220 (progress_bar.py:269, print())
[2020-12-28 08:16:45]    INFO >> epoch 044 | valid on 'valid' subset | loss 78.802 | nll_loss 5.698 | bleu 13.8303 | ppl 51.91 | wps 0 | wpb 28323 | bsz 2048 | num_updates 72600 | best_bleu 14.0921 (progress_bar.py:269, print())
[2020-12-28 08:17:21]    INFO >> epoch 045:    400 / 1650 loss=62.916, nll_loss=4.566, bleu=0, ppl=23.69, wps=12576.7, ups=9.13, wpb=1377.8, bsz=100, num_updates=73000, lr=0.5, gnorm=547.414, clip=100, train_wall=34, wall=6267 (progress_bar.py:262, log())
[2020-12-28 08:17:57]    INFO >> epoch 045:    900 / 1650 loss=63.218, nll_loss=4.59, bleu=0, ppl=24.09, wps=19012.8, ups=13.81, wpb=1377.2, bsz=100, num_updates=73500, lr=0.5, gnorm=546.947, clip=100, train_wall=34, wall=6303 (progress_bar.py:262, log())
[2020-12-28 08:18:34]    INFO >> epoch 045:   1400 / 1650 loss=63.319, nll_loss=4.593, bleu=0, ppl=24.13, wps=18576.5, ups=13.5, wpb=1376.5, bsz=99.8, num_updates=74000, lr=0.5, gnorm=546.412, clip=100, train_wall=35, wall=6340 (progress_bar.py:262, log())
[2020-12-28 08:18:54]    INFO >> epoch 045 | loss 63.115 | nll_loss 4.583 | bleu 0 | ppl 23.96 | wps 16217.8 | ups 11.78 | wpb 1376.7 | bsz 100 | num_updates 74250 | lr 0.5 | gnorm 546.664 | clip 100 | train_wall 114 | wall 6360 (progress_bar.py:269, print())
[2020-12-28 08:19:05]    INFO >> epoch 045 | valid on 'valid' subset | loss 78.389 | nll_loss 5.668 | bleu 13.5289 | ppl 50.85 | wps 0 | wpb 28323 | bsz 2048 | num_updates 74250 | best_bleu 14.0921 (progress_bar.py:269, print())
[2020-12-28 08:19:31]    INFO >> epoch 046:    250 / 1650 loss=63.089, nll_loss=4.575, bleu=0, ppl=23.84, wps=12144.5, ups=8.81, wpb=1378.9, bsz=100, num_updates=74500, lr=0.5, gnorm=546.946, clip=100, train_wall=36, wall=6397 (progress_bar.py:262, log())
[2020-12-28 08:20:06]    INFO >> epoch 046:    750 / 1650 loss=62.684, nll_loss=4.553, bleu=0, ppl=23.47, wps=19871.9, ups=14.43, wpb=1376.8, bsz=100, num_updates=75000, lr=0.5, gnorm=546.684, clip=100, train_wall=32, wall=6431 (progress_bar.py:262, log())
[2020-12-28 08:20:44]    INFO >> epoch 046:   1250 / 1650 loss=63.15, nll_loss=4.579, bleu=0, ppl=23.91, wps=18073.2, ups=13.11, wpb=1379, bsz=100, num_updates=75500, lr=0.5, gnorm=548.483, clip=100, train_wall=36, wall=6469 (progress_bar.py:262, log())
[2020-12-28 08:21:15]    INFO >> epoch 046 | loss 62.942 | nll_loss 4.57 | bleu 0 | ppl 23.75 | wps 16099.7 | ups 11.69 | wpb 1376.7 | bsz 100 | num_updates 75900 | lr 0.5 | gnorm 547.164 | clip 100 | train_wall 115 | wall 6501 (progress_bar.py:269, print())
[2020-12-28 08:21:26]    INFO >> epoch 046 | valid on 'valid' subset | loss 78.462 | nll_loss 5.673 | bleu 13.5245 | ppl 51.04 | wps 0 | wpb 28323 | bsz 2048 | num_updates 75900 | best_bleu 14.0921 (progress_bar.py:269, print())
[2020-12-28 08:21:39]    INFO >> epoch 047:    100 / 1650 loss=62.986, nll_loss=4.582, bleu=0, ppl=23.95, wps=12332.4, ups=8.99, wpb=1372.6, bsz=99.8, num_updates=76000, lr=0.5, gnorm=546.474, clip=100, train_wall=35, wall=6525 (progress_bar.py:262, log())
[2020-12-28 08:22:15]    INFO >> epoch 047:    600 / 1650 loss=62.318, nll_loss=4.526, bleu=0, ppl=23.04, wps=19104.5, ups=13.88, wpb=1376.8, bsz=100, num_updates=76500, lr=0.5, gnorm=547.007, clip=100, train_wall=34, wall=6561 (progress_bar.py:262, log())
[2020-12-28 08:22:54]    INFO >> epoch 047:   1100 / 1650 loss=63.027, nll_loss=4.568, bleu=0, ppl=23.72, wps=17953.2, ups=13.03, wpb=1377.5, bsz=99.8, num_updates=77000, lr=0.5, gnorm=549.146, clip=100, train_wall=36, wall=6600 (progress_bar.py:262, log())
[2020-12-28 08:23:31]    INFO >> epoch 047:   1600 / 1650 loss=63.104, nll_loss=4.576, bleu=0, ppl=23.86, wps=18616.8, ups=13.5, wpb=1378.9, bsz=100, num_updates=77500, lr=0.5, gnorm=548.256, clip=100, train_wall=35, wall=6637 (progress_bar.py:262, log())
[2020-12-28 08:23:35]    INFO >> epoch 047 | loss 62.728 | nll_loss 4.554 | bleu 0 | ppl 23.5 | wps 16213.4 | ups 11.78 | wpb 1376.7 | bsz 100 | num_updates 77550 | lr 0.5 | gnorm 547.979 | clip 100 | train_wall 114 | wall 6641 (progress_bar.py:269, print())
[2020-12-28 08:23:46]    INFO >> epoch 047 | valid on 'valid' subset | loss 78.707 | nll_loss 5.691 | bleu 13.4967 | ppl 51.67 | wps 0 | wpb 28323 | bsz 2048 | num_updates 77550 | best_bleu 14.0921 (progress_bar.py:269, print())
[2020-12-28 08:24:26]    INFO >> epoch 048:    450 / 1650 loss=61.797, nll_loss=4.505, bleu=0, ppl=22.71, wps=12500.6, ups=9.13, wpb=1369.5, bsz=99.8, num_updates=78000, lr=0.5, gnorm=547.895, clip=100, train_wall=34, wall=6691 (progress_bar.py:262, log())
[2020-12-28 08:25:04]    INFO >> epoch 048:    950 / 1650 loss=62.513, nll_loss=4.536, bleu=0, ppl=23.19, wps=18004.3, ups=13.06, wpb=1378.3, bsz=100, num_updates=78500, lr=0.5, gnorm=549.252, clip=100, train_wall=36, wall=6730 (progress_bar.py:262, log())
[2020-12-28 08:25:42]    INFO >> epoch 048:   1450 / 1650 loss=62.922, nll_loss=4.566, bleu=0, ppl=23.69, wps=17991.8, ups=13.06, wpb=1378, bsz=100, num_updates=79000, lr=0.5, gnorm=550.293, clip=100, train_wall=36, wall=6768 (progress_bar.py:262, log())
[2020-12-28 08:25:57]    INFO >> epoch 048 | loss 62.561 | nll_loss 4.542 | bleu 0 | ppl 23.3 | wps 16050.6 | ups 11.66 | wpb 1376.7 | bsz 100 | num_updates 79200 | lr 0.5 | gnorm 549.238 | clip 100 | train_wall 115 | wall 6782 (progress_bar.py:269, print())
[2020-12-28 08:26:07]    INFO >> epoch 048 | valid on 'valid' subset | loss 78.119 | nll_loss 5.649 | bleu 13.704 | ppl 50.17 | wps 0 | wpb 28323 | bsz 2048 | num_updates 79200 | best_bleu 14.0921 (progress_bar.py:269, print())
[2020-12-28 08:26:35]    INFO >> epoch 049:    300 / 1650 loss=62.662, nll_loss=4.543, bleu=0, ppl=23.32, wps=13094.9, ups=9.49, wpb=1379.2, bsz=100, num_updates=79500, lr=0.5, gnorm=549.987, clip=100, train_wall=32, wall=6821 (progress_bar.py:262, log())
[2020-12-28 08:27:09]    INFO >> epoch 049:    800 / 1650 loss=62.021, nll_loss=4.508, bleu=0, ppl=22.75, wps=19868.6, ups=14.46, wpb=1373.8, bsz=99.8, num_updates=80000, lr=0.5, gnorm=548.638, clip=100, train_wall=33, wall=6855 (progress_bar.py:262, log())
[2020-12-28 08:27:45]    INFO >> epoch 049:   1300 / 1650 loss=62.668, nll_loss=4.547, bleu=0, ppl=23.38, wps=19139.4, ups=13.89, wpb=1378.2, bsz=100, num_updates=80500, lr=0.5, gnorm=549.123, clip=100, train_wall=34, wall=6891 (progress_bar.py:262, log())
[2020-12-28 08:28:13]    INFO >> epoch 049 | loss 62.354 | nll_loss 4.527 | bleu 0 | ppl 23.06 | wps 16617.8 | ups 12.07 | wpb 1376.7 | bsz 100 | num_updates 80850 | lr 0.5 | gnorm 549.039 | clip 100 | train_wall 111 | wall 6919 (progress_bar.py:269, print())
[2020-12-28 08:28:24]    INFO >> epoch 049 | valid on 'valid' subset | loss 79.451 | nll_loss 5.745 | bleu 13.468 | ppl 53.63 | wps 0 | wpb 28323 | bsz 2048 | num_updates 80850 | best_bleu 14.0921 (progress_bar.py:269, print())
[2020-12-28 08:28:42]    INFO >> epoch 050:    150 / 1650 loss=62.277, nll_loss=4.523, bleu=0, ppl=22.99, wps=12210.8, ups=8.87, wpb=1377, bsz=100, num_updates=81000, lr=0.5, gnorm=548.135, clip=100, train_wall=36, wall=6948 (progress_bar.py:262, log())
[2020-12-28 08:29:16]    INFO >> epoch 050:    650 / 1650 loss=61.73, nll_loss=4.493, bleu=0, ppl=22.52, wps=20038.8, ups=14.59, wpb=1373.9, bsz=100, num_updates=81500, lr=0.5, gnorm=550.414, clip=100, train_wall=32, wall=6982 (progress_bar.py:262, log())
[2020-12-28 08:29:54]    INFO >> epoch 050:   1150 / 1650 loss=62.403, nll_loss=4.523, bleu=0, ppl=22.99, wps=18099.2, ups=13.14, wpb=1377.5, bsz=99.8, num_updates=82000, lr=0.5, gnorm=550.185, clip=100, train_wall=36, wall=7020 (progress_bar.py:262, log())
[2020-12-28 08:30:31]    INFO >> epoch 050:   1650 / 1650 loss=62.608, nll_loss=4.538, bleu=0, ppl=23.22, wps=18722.5, ups=13.57, wpb=1379.8, bsz=100, num_updates=82500, lr=0.5, gnorm=550.911, clip=100, train_wall=35, wall=7057 (progress_bar.py:262, log())
[2020-12-28 08:30:31]    INFO >> epoch 050 | loss 62.172 | nll_loss 4.514 | bleu 0 | ppl 22.85 | wps 16431.1 | ups 11.94 | wpb 1376.7 | bsz 100 | num_updates 82500 | lr 0.5 | gnorm 550.23 | clip 100 | train_wall 113 | wall 7057 (progress_bar.py:269, print())
[2020-12-28 08:30:42]    INFO >> epoch 050 | valid on 'valid' subset | loss 79.227 | nll_loss 5.729 | bleu 13.7681 | ppl 53.03 | wps 0 | wpb 28323 | bsz 2048 | num_updates 82500 | best_bleu 14.0921 (progress_bar.py:269, print())
[2020-12-28 08:31:28]    INFO >> epoch 051:    500 / 1650 loss=61.494, nll_loss=4.463, bleu=0, ppl=22.06, wps=12148.1, ups=8.82, wpb=1377.8, bsz=100, num_updates=83000, lr=0.5, gnorm=550.293, clip=100, train_wall=36, wall=7113 (progress_bar.py:262, log())
[2020-12-28 08:32:06]    INFO >> epoch 051:   1000 / 1650 loss=61.844, nll_loss=4.5, bleu=0, ppl=22.62, wps=18036.5, ups=13.14, wpb=1372.3, bsz=99.8, num_updates=83500, lr=0.5, gnorm=550.659, clip=100, train_wall=36, wall=7152 (progress_bar.py:262, log())
[2020-12-28 08:32:42]    INFO >> epoch 051:   1500 / 1650 loss=62.47, nll_loss=4.533, bleu=0, ppl=23.16, wps=18791.4, ups=13.64, wpb=1378, bsz=100, num_updates=84000, lr=0.5, gnorm=550.913, clip=100, train_wall=34, wall=7188 (progress_bar.py:262, log())
[2020-12-28 08:32:54]    INFO >> epoch 051 | loss 62.008 | nll_loss 4.502 | bleu 0 | ppl 22.66 | wps 15882.2 | ups 11.54 | wpb 1376.7 | bsz 100 | num_updates 84150 | lr 0.5 | gnorm 550.663 | clip 100 | train_wall 116 | wall 7200 (progress_bar.py:269, print())
[2020-12-28 08:33:05]    INFO >> epoch 051 | valid on 'valid' subset | loss 78.817 | nll_loss 5.699 | bleu 13.8118 | ppl 51.95 | wps 0 | wpb 28323 | bsz 2048 | num_updates 84150 | best_bleu 14.0921 (progress_bar.py:269, print())
[2020-12-28 08:33:39]    INFO >> epoch 052:    350 / 1650 loss=61.827, nll_loss=4.48, bleu=0, ppl=22.31, wps=12174.2, ups=8.82, wpb=1380.1, bsz=100, num_updates=84500, lr=0.5, gnorm=551.776, clip=100, train_wall=36, wall=7245 (progress_bar.py:262, log())
[2020-12-28 08:34:17]    INFO >> epoch 052:    850 / 1650 loss=62.078, nll_loss=4.493, bleu=0, ppl=22.52, wps=18156.4, ups=13.14, wpb=1381.7, bsz=100, num_updates=85000, lr=0.5, gnorm=553.645, clip=100, train_wall=36, wall=7283 (progress_bar.py:262, log())
[2020-12-28 08:34:54]    INFO >> epoch 052:   1350 / 1650 loss=61.47, nll_loss=4.483, bleu=0, ppl=22.36, wps=18385.6, ups=13.41, wpb=1371.3, bsz=100, num_updates=85500, lr=0.5, gnorm=547.965, clip=100, train_wall=35, wall=7320 (progress_bar.py:262, log())
[2020-12-28 08:35:17]    INFO >> epoch 052 | loss 61.843 | nll_loss 4.49 | bleu 0 | ppl 22.47 | wps 15902.7 | ups 11.55 | wpb 1376.7 | bsz 100 | num_updates 85800 | lr 0.5 | gnorm 550.892 | clip 100 | train_wall 116 | wall 7343 (progress_bar.py:269, print())
[2020-12-28 08:35:29]    INFO >> epoch 052 | valid on 'valid' subset | loss 79.404 | nll_loss 5.742 | bleu 13.2605 | ppl 53.51 | wps 0 | wpb 28323 | bsz 2048 | num_updates 85800 | best_bleu 14.0921 (progress_bar.py:269, print())
[2020-12-28 08:35:50]    INFO >> epoch 053:    200 / 1650 loss=61.944, nll_loss=4.497, bleu=0, ppl=22.59, wps=12364.4, ups=8.99, wpb=1375.2, bsz=99.8, num_updates=86000, lr=0.5, gnorm=549.638, clip=100, train_wall=34, wall=7376 (progress_bar.py:262, log())
[2020-12-28 08:36:27]    INFO >> epoch 053:    700 / 1650 loss=61.515, nll_loss=4.468, bleu=0, ppl=22.14, wps=18745.4, ups=13.64, wpb=1374.5, bsz=99.8, num_updates=86500, lr=0.5, gnorm=553.22, clip=100, train_wall=34, wall=7412 (progress_bar.py:262, log())
[2020-12-28 08:37:03]    INFO >> epoch 053:   1200 / 1650 loss=62.028, nll_loss=4.494, bleu=0, ppl=22.54, wps=18972.4, ups=13.75, wpb=1380.1, bsz=100, num_updates=87000, lr=0.5, gnorm=552.857, clip=100, train_wall=34, wall=7449 (progress_bar.py:262, log())
[2020-12-28 08:37:38]    INFO >> epoch 053 | loss 61.704 | nll_loss 4.48 | bleu 0 | ppl 22.32 | wps 16120.3 | ups 11.71 | wpb 1376.7 | bsz 100 | num_updates 87450 | lr 0.5 | gnorm 552.348 | clip 100 | train_wall 114 | wall 7484 (progress_bar.py:269, print())
[2020-12-28 08:37:49]    INFO >> epoch 053 | valid on 'valid' subset | loss 79.465 | nll_loss 5.746 | bleu 12.6513 | ppl 53.67 | wps 0 | wpb 28323 | bsz 2048 | num_updates 87450 | best_bleu 14.0921 (progress_bar.py:269, print())
[2020-12-28 08:38:00]    INFO >> epoch 054:     50 / 1650 loss=61.705, nll_loss=4.486, bleu=0, ppl=22.41, wps=12098.5, ups=8.8, wpb=1375.5, bsz=100, num_updates=87500, lr=0.5, gnorm=551.54, clip=100, train_wall=36, wall=7506 (progress_bar.py:262, log())
[2020-12-28 08:38:36]    INFO >> epoch 054:    550 / 1650 loss=61.392, nll_loss=4.446, bleu=0, ppl=21.8, wps=18948, ups=13.72, wpb=1380.7, bsz=100, num_updates=88000, lr=0.5, gnorm=554.17, clip=100, train_wall=34, wall=7542 (progress_bar.py:262, log())
[2020-12-28 08:39:14]    INFO >> epoch 054:   1050 / 1650 loss=61.243, nll_loss=4.464, bleu=0, ppl=22.07, wps=18067.4, ups=13.17, wpb=1372, bsz=100, num_updates=88500, lr=0.5, gnorm=551.872, clip=100, train_wall=35, wall=7580 (progress_bar.py:262, log())
[2020-12-28 08:39:52]    INFO >> epoch 054:   1550 / 1650 loss=62, nll_loss=4.49, bleu=0, ppl=22.48, wps=18251.3, ups=13.22, wpb=1380.7, bsz=100, num_updates=89000, lr=0.5, gnorm=553.659, clip=100, train_wall=35, wall=7618 (progress_bar.py:262, log())
[2020-12-28 08:40:00]    INFO >> epoch 054 | loss 61.509 | nll_loss 4.466 | bleu 0 | ppl 22.1 | wps 16021.4 | ups 11.64 | wpb 1376.7 | bsz 100 | num_updates 89100 | lr 0.5 | gnorm 552.461 | clip 100 | train_wall 115 | wall 7626 (progress_bar.py:269, print())
[2020-12-28 08:40:11]    INFO >> epoch 054 | valid on 'valid' subset | loss 79.679 | nll_loss 5.761 | bleu 13.2267 | ppl 54.25 | wps 0 | wpb 28323 | bsz 2048 | num_updates 89100 | best_bleu 14.0921 (progress_bar.py:269, print())
[2020-12-28 08:40:48]    INFO >> epoch 055:    400 / 1650 loss=61.17, nll_loss=4.447, bleu=0, ppl=21.81, wps=12369.2, ups=9.01, wpb=1373.5, bsz=99.8, num_updates=89500, lr=0.5, gnorm=551.031, clip=100, train_wall=35, wall=7673 (progress_bar.py:262, log())
[2020-12-28 08:41:26]    INFO >> epoch 055:    900 / 1650 loss=61.271, nll_loss=4.442, bleu=0, ppl=21.74, wps=17868.2, ups=12.97, wpb=1377.2, bsz=99.8, num_updates=90000, lr=0.5, gnorm=554.559, clip=100, train_wall=36, wall=7712 (progress_bar.py:262, log())
[2020-12-28 08:42:03]    INFO >> epoch 055:   1400 / 1650 loss=61.703, nll_loss=4.471, bleu=0, ppl=22.18, wps=18494, ups=13.4, wpb=1380, bsz=100, num_updates=90500, lr=0.5, gnorm=554.946, clip=100, train_wall=35, wall=7749 (progress_bar.py:262, log())
[2020-12-28 08:42:23]    INFO >> epoch 055 | loss 61.352 | nll_loss 4.454 | bleu 0 | ppl 21.92 | wps 15858.3 | ups 11.52 | wpb 1376.7 | bsz 100 | num_updates 90750 | lr 0.5 | gnorm 553.775 | clip 100 | train_wall 117 | wall 7769 (progress_bar.py:269, print())
[2020-12-28 08:42:34]    INFO >> epoch 055 | valid on 'valid' subset | loss 79.481 | nll_loss 5.747 | bleu 13.2306 | ppl 53.71 | wps 0 | wpb 28323 | bsz 2048 | num_updates 90750 | best_bleu 14.0921 (progress_bar.py:269, print())
[2020-12-28 08:43:00]    INFO >> epoch 056:    250 / 1650 loss=60.967, nll_loss=4.443, bleu=0, ppl=21.76, wps=12215.7, ups=8.9, wpb=1372.1, bsz=100, num_updates=91000, lr=0.5, gnorm=553.287, clip=100, train_wall=35, wall=7805 (progress_bar.py:262, log())
[2020-12-28 08:43:37]    INFO >> epoch 056:    750 / 1650 loss=61.103, nll_loss=4.432, bleu=0, ppl=21.59, wps=18256.4, ups=13.24, wpb=1378.6, bsz=100, num_updates=91500, lr=0.5, gnorm=554.592, clip=100, train_wall=35, wall=7843 (progress_bar.py:262, log())
[2020-12-28 08:44:16]    INFO >> epoch 056:   1250 / 1650 loss=61.311, nll_loss=4.453, bleu=0, ppl=21.91, wps=17870, ups=13, wpb=1374.7, bsz=99.8, num_updates=92000, lr=0.5, gnorm=554.588, clip=100, train_wall=36, wall=7882 (progress_bar.py:262, log())
[2020-12-28 08:44:46]    INFO >> epoch 056 | loss 61.217 | nll_loss 4.445 | bleu 0 | ppl 21.78 | wps 15878.3 | ups 11.53 | wpb 1376.7 | bsz 100 | num_updates 92400 | lr 0.5 | gnorm 554.602 | clip 100 | train_wall 116 | wall 7912 (progress_bar.py:269, print())
[2020-12-28 08:44:57]    INFO >> epoch 056 | valid on 'valid' subset | loss 79.509 | nll_loss 5.749 | bleu 13.7435 | ppl 53.79 | wps 0 | wpb 28323 | bsz 2048 | num_updates 92400 | best_bleu 14.0921 (progress_bar.py:269, print())
[2020-12-28 08:45:11]    INFO >> epoch 057:    100 / 1650 loss=61.286, nll_loss=4.448, bleu=0, ppl=21.83, wps=12434.4, ups=9.02, wpb=1377.8, bsz=100, num_updates=92500, lr=0.5, gnorm=553.711, clip=100, train_wall=35, wall=7937 (progress_bar.py:262, log())
[2020-12-28 08:45:49]    INFO >> epoch 057:    600 / 1650 loss=60.694, nll_loss=4.406, bleu=0, ppl=21.2, wps=18490, ups=13.42, wpb=1377.5, bsz=100, num_updates=93000, lr=0.5, gnorm=555.012, clip=100, train_wall=35, wall=7974 (progress_bar.py:262, log())
[2020-12-28 08:46:26]    INFO >> epoch 057:   1100 / 1650 loss=61.336, nll_loss=4.44, bleu=0, ppl=21.7, wps=18301.9, ups=13.27, wpb=1379.4, bsz=99.8, num_updates=93500, lr=0.5, gnorm=556.177, clip=100, train_wall=35, wall=8012 (progress_bar.py:262, log())
[2020-12-28 08:47:05]    INFO >> epoch 057:   1600 / 1650 loss=61.285, nll_loss=4.463, bleu=0, ppl=22.05, wps=17916, ups=13.05, wpb=1373.2, bsz=100, num_updates=94000, lr=0.5, gnorm=553.813, clip=100, train_wall=36, wall=8050 (progress_bar.py:262, log())
[2020-12-28 08:47:09]    INFO >> epoch 057 | loss 61.047 | nll_loss 4.432 | bleu 0 | ppl 21.59 | wps 15939.2 | ups 11.58 | wpb 1376.7 | bsz 100 | num_updates 94050 | lr 0.5 | gnorm 554.735 | clip 100 | train_wall 116 | wall 8055 (progress_bar.py:269, print())
[2020-12-28 08:47:20]    INFO >> epoch 057 | valid on 'valid' subset | loss 79.685 | nll_loss 5.762 | bleu 13.01 | ppl 54.26 | wps 0 | wpb 28323 | bsz 2048 | num_updates 94050 | best_bleu 14.0921 (progress_bar.py:269, print())
[2020-12-28 08:48:00]    INFO >> epoch 058:    450 / 1650 loss=60.553, nll_loss=4.399, bleu=0, ppl=21.09, wps=12409.1, ups=9.01, wpb=1376.6, bsz=100, num_updates=94500, lr=0.5, gnorm=555.41, clip=100, train_wall=35, wall=8106 (progress_bar.py:262, log())
[2020-12-28 08:48:38]    INFO >> epoch 058:    950 / 1650 loss=60.758, nll_loss=4.413, bleu=0, ppl=21.31, wps=17876.8, ups=13, wpb=1374.6, bsz=99.8, num_updates=95000, lr=0.5, gnorm=554.938, clip=100, train_wall=36, wall=8144 (progress_bar.py:262, log())
[2020-12-28 08:49:17]    INFO >> epoch 058:   1450 / 1650 loss=61.345, nll_loss=4.445, bleu=0, ppl=21.78, wps=18055.8, ups=13.08, wpb=1380.1, bsz=100, num_updates=95500, lr=0.5, gnorm=556.423, clip=100, train_wall=36, wall=8182 (progress_bar.py:262, log())
[2020-12-28 08:49:33]    INFO >> epoch 058 | loss 60.908 | nll_loss 4.422 | bleu 0 | ppl 21.44 | wps 15768.2 | ups 11.45 | wpb 1376.7 | bsz 100 | num_updates 95700 | lr 0.5 | gnorm 555.694 | clip 100 | train_wall 117 | wall 8199 (progress_bar.py:269, print())
[2020-12-28 08:49:44]    INFO >> epoch 058 | valid on 'valid' subset | loss 80.195 | nll_loss 5.799 | bleu 13.3058 | ppl 55.67 | wps 0 | wpb 28323 | bsz 2048 | num_updates 95700 | best_bleu 14.0921 (progress_bar.py:269, print())
[2020-12-28 08:50:13]    INFO >> epoch 059:    300 / 1650 loss=60.457, nll_loss=4.399, bleu=0, ppl=21.09, wps=12091.3, ups=8.81, wpb=1372.3, bsz=99.8, num_updates=96000, lr=0.5, gnorm=554.801, clip=100, train_wall=36, wall=8239 (progress_bar.py:262, log())
[2020-12-28 08:50:51]    INFO >> epoch 059:    800 / 1650 loss=60.63, nll_loss=4.407, bleu=0, ppl=21.22, wps=18142.5, ups=13.19, wpb=1375.6, bsz=100, num_updates=96500, lr=0.5, gnorm=559.064, clip=100, train_wall=35, wall=8277 (progress_bar.py:262, log())
[2020-12-28 08:51:29]    INFO >> epoch 059:   1300 / 1650 loss=60.966, nll_loss=4.417, bleu=0, ppl=21.37, wps=18467.1, ups=13.38, wpb=1380.1, bsz=100, num_updates=97000, lr=0.5, gnorm=555.999, clip=100, train_wall=35, wall=8315 (progress_bar.py:262, log())
[2020-12-28 08:51:56]    INFO >> epoch 059 | loss 60.756 | nll_loss 4.411 | bleu 0 | ppl 21.28 | wps 15877.5 | ups 11.53 | wpb 1376.7 | bsz 100 | num_updates 97350 | lr 0.5 | gnorm 557.013 | clip 100 | train_wall 117 | wall 8342 (progress_bar.py:269, print())
[2020-12-28 08:52:07]    INFO >> epoch 059 | valid on 'valid' subset | loss 80.187 | nll_loss 5.798 | bleu 12.8204 | ppl 55.65 | wps 0 | wpb 28323 | bsz 2048 | num_updates 97350 | best_bleu 14.0921 (progress_bar.py:269, print())
[2020-12-28 08:52:23]    INFO >> epoch 060:    150 / 1650 loss=60.766, nll_loss=4.421, bleu=0, ppl=21.43, wps=12758, ups=9.28, wpb=1374.4, bsz=100, num_updates=97500, lr=0.5, gnorm=556.372, clip=100, train_wall=33, wall=8368 (progress_bar.py:262, log())
[2020-12-28 08:52:59]    INFO >> epoch 060:    650 / 1650 loss=60.394, nll_loss=4.382, bleu=0, ppl=20.85, wps=19100.6, ups=13.86, wpb=1378.3, bsz=100, num_updates=98000, lr=0.5, gnorm=557.026, clip=100, train_wall=34, wall=8404 (progress_bar.py:262, log())
[2020-12-28 08:53:41]    INFO >> epoch 060:   1150 / 1650 loss=60.371, nll_loss=4.399, bleu=0, ppl=21.1, wps=16042.6, ups=11.71, wpb=1370.3, bsz=99.8, num_updates=98500, lr=0.5, gnorm=554.395, clip=100, train_wall=40, wall=8447 (progress_bar.py:262, log())
[2020-12-28 08:54:21]    INFO >> epoch 060:   1650 / 1650 loss=61.402, nll_loss=4.438, bleu=0, ppl=21.68, wps=17331.5, ups=12.53, wpb=1383.5, bsz=100, num_updates=99000, lr=0.5, gnorm=557.577, clip=100, train_wall=38, wall=8487 (progress_bar.py:262, log())
[2020-12-28 08:54:22]    INFO >> epoch 060 | loss 60.618 | nll_loss 4.401 | bleu 0 | ppl 21.13 | wps 15572.2 | ups 11.31 | wpb 1376.7 | bsz 100 | num_updates 99000 | lr 0.5 | gnorm 555.978 | clip 100 | train_wall 120 | wall 8488 (progress_bar.py:269, print())
[2020-12-28 08:54:34]    INFO >> epoch 060 | valid on 'valid' subset | loss 80.76 | nll_loss 5.84 | bleu 13.6186 | ppl 57.27 | wps 0 | wpb 28323 | bsz 2048 | num_updates 99000 | best_bleu 14.0921 (progress_bar.py:269, print())
[2020-12-28 08:55:21]    INFO >> epoch 061:    500 / 1650 loss=60.034, nll_loss=4.353, bleu=0, ppl=20.44, wps=11517.3, ups=8.35, wpb=1379.1, bsz=100, num_updates=99500, lr=0.5, gnorm=558.337, clip=100, train_wall=37, wall=8547 (progress_bar.py:262, log())
[2020-12-28 08:56:04]    INFO >> epoch 061:   1000 / 1650 loss=60.505, nll_loss=4.396, bleu=0, ppl=21.05, wps=15867.3, ups=11.55, wpb=1374.2, bsz=99.8, num_updates=100000, lr=0.5, gnorm=556.155, clip=100, train_wall=41, wall=8590 (progress_bar.py:262, log())
[2020-12-28 08:56:45]    INFO >> epoch 061:   1500 / 1650 loss=60.864, nll_loss=4.415, bleu=0, ppl=21.33, wps=16842.8, ups=12.22, wpb=1378.7, bsz=100, num_updates=100500, lr=0.5, gnorm=558.597, clip=100, train_wall=39, wall=8631 (progress_bar.py:262, log())
[2020-12-28 08:56:59]    INFO >> epoch 061 | loss 60.465 | nll_loss 4.39 | bleu 0 | ppl 20.97 | wps 14450.1 | ups 10.5 | wpb 1376.7 | bsz 100 | num_updates 100650 | lr 0.5 | gnorm 557.424 | clip 100 | train_wall 129 | wall 8645 (progress_bar.py:269, print())
[2020-12-28 08:57:11]    INFO >> epoch 061 | valid on 'valid' subset | loss 80.372 | nll_loss 5.812 | bleu 13.2584 | ppl 56.16 | wps 0 | wpb 28323 | bsz 2048 | num_updates 100650 | best_bleu 14.0921 (progress_bar.py:269, print())
[2020-12-28 08:57:47]    INFO >> epoch 062:    350 / 1650 loss=60.009, nll_loss=4.362, bleu=0, ppl=20.57, wps=11126.5, ups=8.09, wpb=1375.6, bsz=100, num_updates=101000, lr=0.5, gnorm=557.128, clip=100, train_wall=40, wall=8693 (progress_bar.py:262, log())
[2020-12-28 08:58:29]    INFO >> epoch 062:    850 / 1650 loss=59.888, nll_loss=4.361, bleu=0, ppl=20.55, wps=16495.7, ups=12.03, wpb=1371.1, bsz=99.8, num_updates=101500, lr=0.5, gnorm=555.745, clip=100, train_wall=39, wall=8735 (progress_bar.py:262, log())
[2020-12-28 08:59:12]    INFO >> epoch 062:   1350 / 1650 loss=60.744, nll_loss=4.402, bleu=0, ppl=21.15, wps=16013, ups=11.61, wpb=1379.8, bsz=100, num_updates=102000, lr=0.5, gnorm=559.039, clip=100, train_wall=41, wall=8778 (progress_bar.py:262, log())
[2020-12-28 08:59:36]    INFO >> epoch 062 | loss 60.322 | nll_loss 4.38 | bleu 0 | ppl 20.82 | wps 14438.1 | ups 10.49 | wpb 1376.7 | bsz 100 | num_updates 102300 | lr 0.5 | gnorm 557.906 | clip 100 | train_wall 130 | wall 8802 (progress_bar.py:269, print())
[2020-12-28 08:59:50]    INFO >> epoch 062 | valid on 'valid' subset | loss 80.489 | nll_loss 5.82 | bleu 13.3016 | ppl 56.5 | wps 0 | wpb 28323 | bsz 2048 | num_updates 102300 | best_bleu 14.0921 (progress_bar.py:269, print())
[2020-12-28 09:00:14]    INFO >> epoch 063:    200 / 1650 loss=60.331, nll_loss=4.376, bleu=0, ppl=20.76, wps=11100.1, ups=8.05, wpb=1378.8, bsz=100, num_updates=102500, lr=0.5, gnorm=558.301, clip=100, train_wall=39, wall=8840 (progress_bar.py:262, log())
[2020-12-28 09:00:55]    INFO >> epoch 063:    700 / 1650 loss=59.781, nll_loss=4.347, bleu=0, ppl=20.35, wps=16823, ups=12.23, wpb=1375.2, bsz=100, num_updates=103000, lr=0.5, gnorm=558.649, clip=100, train_wall=38, wall=8881 (progress_bar.py:262, log())
[2020-12-28 09:01:37]    INFO >> epoch 063:   1200 / 1650 loss=60.466, nll_loss=4.381, bleu=0, ppl=20.83, wps=16398.7, ups=11.9, wpb=1378.2, bsz=99.8, num_updates=103500, lr=0.5, gnorm=559.372, clip=100, train_wall=40, wall=8923 (progress_bar.py:262, log())
[2020-12-28 09:02:16]    INFO >> epoch 063 | loss 60.172 | nll_loss 4.369 | bleu 0 | ppl 20.66 | wps 14261.5 | ups 10.36 | wpb 1376.7 | bsz 100 | num_updates 103950 | lr 0.5 | gnorm 558.976 | clip 100 | train_wall 131 | wall 8961 (progress_bar.py:269, print())
[2020-12-28 09:02:28]    INFO >> epoch 063 | valid on 'valid' subset | loss 79.934 | nll_loss 5.78 | bleu 13.9874 | ppl 54.95 | wps 0 | wpb 28323 | bsz 2048 | num_updates 103950 | best_bleu 14.0921 (progress_bar.py:269, print())
[2020-12-28 09:02:38]    INFO >> epoch 064:     50 / 1650 loss=60.478, nll_loss=4.395, bleu=0, ppl=21.04, wps=11177, ups=8.12, wpb=1376, bsz=100, num_updates=104000, lr=0.5, gnorm=558.842, clip=100, train_wall=40, wall=8984 (progress_bar.py:262, log())
[2020-12-28 09:03:21]    INFO >> epoch 064:    550 / 1650 loss=59.373, nll_loss=4.319, bleu=0, ppl=19.96, wps=16038.3, ups=11.67, wpb=1374.7, bsz=100, num_updates=104500, lr=0.5, gnorm=557.328, clip=100, train_wall=40, wall=9027 (progress_bar.py:262, log())
[2020-12-28 09:04:03]    INFO >> epoch 064:   1050 / 1650 loss=60.1, nll_loss=4.358, bleu=0, ppl=20.5, wps=16695.7, ups=12.11, wpb=1379.2, bsz=100, num_updates=105000, lr=0.5, gnorm=560.241, clip=100, train_wall=39, wall=9068 (progress_bar.py:262, log())
[2020-12-28 09:04:45]    INFO >> epoch 064:   1550 / 1650 loss=60.501, nll_loss=4.396, bleu=0, ppl=21.05, wps=16164.1, ups=11.76, wpb=1374.2, bsz=99.8, num_updates=105500, lr=0.5, gnorm=559.227, clip=100, train_wall=40, wall=9111 (progress_bar.py:262, log())
[2020-12-28 09:04:53]    INFO >> epoch 064 | loss 60.031 | nll_loss 4.359 | bleu 0 | ppl 20.52 | wps 14411.3 | ups 10.47 | wpb 1376.7 | bsz 100 | num_updates 105600 | lr 0.5 | gnorm 558.618 | clip 100 | train_wall 130 | wall 9119 (progress_bar.py:269, print())
[2020-12-28 09:05:06]    INFO >> epoch 064 | valid on 'valid' subset | loss 81.761 | nll_loss 5.912 | bleu 13.7463 | ppl 60.21 | wps 0 | wpb 28323 | bsz 2048 | num_updates 105600 | best_bleu 14.0921 (progress_bar.py:269, print())
[2020-12-28 09:05:46]    INFO >> epoch 065:    400 / 1650 loss=59.479, nll_loss=4.322, bleu=0, ppl=19.99, wps=11323.1, ups=8.23, wpb=1376.3, bsz=100, num_updates=106000, lr=0.5, gnorm=558.259, clip=100, train_wall=38, wall=9172 (progress_bar.py:262, log())
[2020-12-28 09:06:28]    INFO >> epoch 065:    900 / 1650 loss=59.801, nll_loss=4.34, bleu=0, ppl=20.26, wps=16505.2, ups=12, wpb=1375.7, bsz=99.8, num_updates=106500, lr=0.5, gnorm=558.862, clip=100, train_wall=39, wall=9213 (progress_bar.py:262, log())
[2020-12-28 09:07:08]    INFO >> epoch 065:   1400 / 1650 loss=60.281, nll_loss=4.38, bleu=0, ppl=20.82, wps=17040.1, ups=12.38, wpb=1376.3, bsz=100, num_updates=107000, lr=0.5, gnorm=560.965, clip=100, train_wall=38, wall=9254 (progress_bar.py:262, log())
[2020-12-28 09:07:31]    INFO >> epoch 065 | loss 59.906 | nll_loss 4.35 | bleu 0 | ppl 20.39 | wps 14441 | ups 10.49 | wpb 1376.7 | bsz 100 | num_updates 107250 | lr 0.5 | gnorm 559.688 | clip 100 | train_wall 129 | wall 9276 (progress_bar.py:269, print())
[2020-12-28 09:07:44]    INFO >> epoch 065 | valid on 'valid' subset | loss 80.723 | nll_loss 5.837 | bleu 12.7659 | ppl 57.16 | wps 0 | wpb 28323 | bsz 2048 | num_updates 107250 | best_bleu 14.0921 (progress_bar.py:269, print())
[2020-12-28 09:07:44]    INFO >> done training in 9289.4 seconds (train.py:298, single_main())
