nohup: ignoring input
[2020-12-27 22:47:35]    INFO >> Load arguments in /home/wanyao/yang/naturalcc-dev/run/summarization/codenn/config/csn_feng/ruby.yml (train.py:318, cli_main())
[2020-12-27 22:47:35]    INFO >> {'criterion': 'cross_entropy', 'optimizer': 'sgd', 'lr_scheduler': 'fixed', 'tokenizer': None, 'bpe': None, 'common': {'no_progress_bar': 0, 'log_interval': 500, 'log_format': 'simple', 'tensorboard_logdir': '', 'memory_efficient_fp16': 1, 'fp16_no_flatten_grads': 1, 'fp16_init_scale': 128, 'fp16_scale_window': None, 'fp16_scale_tolerance': 0.0, 'min_loss_scale': 0.0001, 'threshold_loss_scale': None, 'empty_cache_freq': 0, 'task': 'summarization', 'seed': 1, 'cpu': 0, 'fp16': 0, 'fp16_opt_level': '01', 'server_ip': '', 'server_port': ''}, 'dataset': {'num_workers': 3, 'skip_invalid_size_inputs_valid_test': 1, 'max_tokens': None, 'max_sentences': 100, 'required_batch_size_multiple': 1, 'dataset_impl': 'mmap', 'train_subset': 'train', 'valid_subset': 'valid', 'validate_interval': 1, 'fixed_validation_seed': None, 'disable_validation': 0, 'max_tokens_valid': None, 'max_sentences_valid': 2048, 'curriculum': 0, 'gen_subset': 'test', 'num_shards': 1, 'shard_id': 0}, 'distributed_training': {'distributed_world_size': 1, 'distributed_rank': 0, 'distributed_backend': 'nccl', 'distributed_init_method': None, 'distributed_port': -1, 'device_id': 0, 'distributed_no_spawn': 0, 'ddp_backend': 'c10d', 'bucket_cap_mb': 25, 'fix_batches_to_gpus': None, 'find_unused_parameters': 0, 'fast_stat_sync': 0, 'broadcast_buffers': 0, 'global_sync_iter': 50, 'warmup_iterations': 500, 'local_rank': -1, 'block_momentum': 0.875, 'block_lr': 1, 'use_nbm': 0, 'average_sync': 0}, 'task': {'data': '/home/wanyao/.ncc/code_search_net_feng/summarization/ruby/data-mmap', 'source_lang': 'code_tokens', 'target_lang': 'docstring_tokens', 'load_alignments': 0, 'left_pad_source': 0, 'left_pad_target': 0, 'max_source_positions': 100, 'max_target_positions': 30, 'upsample_primary': 1, 'truncate_source': 1, 'truncate_target': 1, 'append_eos_to_target': 1, 'eval_bleu': 1, 'eval_bleu_detok': 'space', 'eval_bleu_detok_args': None, 'eval_tokenized_bleu': 0, 'eval_bleu_remove_bpe': None, 'eval_bleu_args': None, 'eval_bleu_print_samples': 0}, 'model': {'arch': 'codenn', 'init_bound': 0.35, 'encoder_embed_dim': 400, 'encoder_embed': None, 'encoder_freeze_embed': 0, 'decoder_embed_dim': 400, 'decoder_embed': None, 'decoder_freeze_embed': None, 'decoder_hidden_size': 400, 'decoder_layers': 1, 'decoder_out_embed_dim': 400, 'decoder_attention': 1, 'adaptive_softmax_cutoff': None, 'share_decoder_input_output_embed': 0, 'share_all_embeddings': 0, 'encoder_dropout': 0.5, 'decoder_dropout_in': 0.5, 'decoder_dropout_out': 0.5, 'max_source_positions': 100, 'max_target_positions': 30}, 'optimization': {'max_epoch': 0, 'max_update': 0, 'clip_norm': 5, 'update_freq': [1], 'lr': [0.5], 'min_lr': 0.001, 'use_bmuf': 1, 'force_anneal': 0, 'warmup_updates': 0, 'lr_shrink': 0.8, 'sentence_avg': 1, 'adam': {'adam_betas': '(0.9, 0.999)', 'adam_eps': 1e-08, 'weight_decay': 0.0, 'use_old_adam': 0}, 'weight_decay': 0.0, 'adam_epsilon': 1e-08, 'sgd': {'momentum': 0, 'weight_decay': 0, 'dampening': 0, 'nesterov': 0}, 'max_grad_norm': 1.0, 'num_train_epochs': 5, 'max_steps': -1, 'warmup_steps': 0, 'gradient_accumulation_steps': 1}, 'checkpoint': {'restore_file': 'checkpoint_last.pt', 'reset_dataloader': None, 'reset_lr_scheduler': None, 'reset_meters': None, 'reset_optimizer': None, 'optimizer_overrides': '{}', 'save_interval': 1, 'save_interval_updates': 0, 'keep_interval_updates': 0, 'keep_last_epochs': -1, 'keep_best_checkpoints': -1, 'no_save': 0, 'no_epoch_checkpoints': 1, 'no_last_checkpoints': 1, 'no_save_optimizer_state': None, 'best_checkpoint_metric': 'bleu', 'maximize_best_checkpoint_metric': 1, 'patience': -1, 'save_dir': '/home/wanyao/.ncc/code_search_net_feng/summarization/ruby/data-mmap/codenn/checkpoints', 'should_continue': 0, 'model_name_or_path': None, 'cache_dir': None, 'logging_steps': 500, 'save_steps': 2000, 'save_total_limit': 2, 'overwrite_output_dir': 0, 'overwrite_cache': 0}, 'eval': {'path': '/home/wanyao/.ncc/code_search_net_feng/summarization/ruby/data-mmap/codenn/checkpoints/checkpoint_best.pt', 'result_path': None, 'remove_bpe': None, 'quiet': 0, 'model_overrides': '{}', 'max_sentences': 4048, 'beam': 1, 'nbest': 1, 'max_len_a': 0, 'max_len_b': 20, 'min_len': 1, 'match_source_len': 0, 'no_early_stop': 0, 'unnormalized': 0, 'no_beamable_mm': 0, 'lenpen': 1, 'unkpen': 0, 'replace_unk': None, 'sacrebleu': 0, 'score_reference': 0, 'prefix_size': 0, 'no_repeat_ngram_size': 0, 'sampling': 0, 'sampling_topk': -1, 'sampling_topp': -1, 'temperature': 1.0, 'diverse_beam_groups': -1, 'diverse_beam_strength': 0.5, 'diversity_rate': -1.0, 'print_alignment': 0, 'print_step': 0, 'iter_decode_eos_penalty': 0.0, 'iter_decode_max_iter': 10, 'iter_decode_force_max_iter': 0, 'iter_decode_with_beam': 1, 'iter_decode_with_external_reranker': 0, 'retain_iter_history': 0, 'decoding_format': None, 'nltk_bleu': 1, 'rouge': 1}} (train.py:320, cli_main())
[2020-12-27 22:47:35]    INFO >> single GPU training... (train.py:349, cli_main())
[2020-12-27 22:47:37]    INFO >> [code_tokens] dictionary: 22992 types (summarization.py:217, setup_task())
[2020-12-27 22:47:37]    INFO >> [docstring_tokens] dictionary: 6664 types (summarization.py:218, setup_task())
[2020-12-27 22:47:37]    INFO >> truncate valid.code_tokens to 100 (summarization.py:126, load_langpair_dataset())
[2020-12-27 22:47:37]    INFO >> truncate valid.docstring_tokens to 30 (summarization.py:137, load_langpair_dataset())
[2020-12-27 22:47:37]    INFO >> loaded 1400 examples from: /home/wanyao/.ncc/code_search_net_feng/summarization/ruby/data-mmap/valid.code_tokens (summarization.py:165, load_langpair_dataset())
[2020-12-27 22:47:37]    INFO >> loaded 1400 examples from: /home/wanyao/.ncc/code_search_net_feng/summarization/ruby/data-mmap/valid.docstring_tokens (summarization.py:166, load_langpair_dataset())
[2020-12-27 22:47:37]    INFO >> CodeNNModel(
  (encoder): NBOWEncoder(
    (embed_tokens): Embedding(22992, 400, padding_idx=0)
  )
  (decoder): LSTMDecoder(
    (embed_tokens): Embedding(6664, 400, padding_idx=0)
    (layers): ModuleList(
      (0): LSTMCell(400, 400)
    )
    (W_H): Linear(in_features=400, out_features=400, bias=True)
    (W_T): Linear(in_features=400, out_features=400, bias=True)
    (fc_out): Linear(in_features=400, out_features=6664, bias=True)
  )
) (train.py:229, single_main())
[2020-12-27 22:47:37]    INFO >> model codenn, criterion CrossEntropyCriterion (train.py:230, single_main())
[2020-12-27 22:47:37]    INFO >> num. model params: 16138664 (num. trained: 16138664) (train.py:233, single_main())
[2020-12-27 22:47:43]    INFO >> training on 1 GPUs (train.py:238, single_main())
[2020-12-27 22:47:43]    INFO >> max tokens per GPU = None and max sentences per GPU = 100 (train.py:241, single_main())
[2020-12-27 22:47:43]    INFO >> no existing checkpoint found /home/wanyao/.ncc/code_search_net_feng/summarization/ruby/data-mmap/codenn/checkpoints/checkpoint_last.pt (ncc_trainer.py:267, load_checkpoint())
[2020-12-27 22:47:43]    INFO >> loading train data for epoch 1 (ncc_trainer.py:281, get_train_iterator())
[2020-12-27 22:47:43]    INFO >> truncate train.code_tokens to 100 (summarization.py:126, load_langpair_dataset())
[2020-12-27 22:47:43]    INFO >> truncate train.docstring_tokens to 30 (summarization.py:137, load_langpair_dataset())
[2020-12-27 22:47:43]    INFO >> loaded 24927 examples from: /home/wanyao/.ncc/code_search_net_feng/summarization/ruby/data-mmap/train.code_tokens (summarization.py:165, load_langpair_dataset())
[2020-12-27 22:47:43]    INFO >> loaded 24927 examples from: /home/wanyao/.ncc/code_search_net_feng/summarization/ruby/data-mmap/train.docstring_tokens (summarization.py:166, load_langpair_dataset())
[2020-12-27 22:47:43]    INFO >> NOTE: your device may support faster training with --fp16 (ncc_trainer.py:155, _build_optimizer())
[2020-12-27 22:48:10]    INFO >> epoch 001 | loss 139.783 | nll_loss 10.605 | bleu 0 | ppl 1557.6 | wps 16495.5 | ups 12.55 | wpb 1314.2 | bsz 99.7 | num_updates 250 | lr 0.5 | gnorm 1402.49 | clip 100 | train_wall 19 | wall 27 (progress_bar.py:269, print())
[2020-12-27 22:48:23]    INFO >> epoch 001 | valid on 'valid' subset | loss 125.929 | nll_loss 9.427 | bleu 4.7619 | ppl 688.52 | wps 0 | wpb 18701 | bsz 1400 | num_updates 250 (progress_bar.py:269, print())
[2020-12-27 22:48:23]    INFO >> saved checkpoint /home/wanyao/.ncc/code_search_net_feng/summarization/ruby/data-mmap/codenn/checkpoints/checkpoint_best.pt (epoch 1 @ 250 updates, score 4.761898015569772) (writing took 0.27861981838941574 seconds) (checkpoint_utils.py:81, save_checkpoint())
[2020-12-27 22:48:54]    INFO >> epoch 002:    250 / 250 loss=127.233, nll_loss=9.653, bleu=0, ppl=805.05, wps=10308, ups=7.84, wpb=1314.2, bsz=99.7, num_updates=500, lr=0.5, gnorm=1149.17, clip=100, train_wall=41, wall=71 (progress_bar.py:262, log())
[2020-12-27 22:48:54]    INFO >> epoch 002 | loss 114.683 | nll_loss 8.701 | bleu 0 | ppl 416.1 | wps 7436.2 | ups 5.66 | wpb 1314.2 | bsz 99.7 | num_updates 500 | lr 0.5 | gnorm 895.849 | clip 100 | train_wall 23 | wall 72 (progress_bar.py:269, print())
[2020-12-27 22:49:05]    INFO >> epoch 002 | valid on 'valid' subset | loss 107.694 | nll_loss 8.062 | bleu 10.9001 | ppl 267.28 | wps 0 | wpb 18701 | bsz 1400 | num_updates 500 | best_bleu 10.9001 (progress_bar.py:269, print())
[2020-12-27 22:49:05]    INFO >> saved checkpoint /home/wanyao/.ncc/code_search_net_feng/summarization/ruby/data-mmap/codenn/checkpoints/checkpoint_best.pt (epoch 2 @ 500 updates, score 10.900137851121027) (writing took 0.2666680132970214 seconds) (checkpoint_utils.py:81, save_checkpoint())
[2020-12-27 22:49:37]    INFO >> epoch 003 | loss 107.146 | nll_loss 8.129 | bleu 0 | ppl 279.93 | wps 7710.6 | ups 5.87 | wpb 1314.2 | bsz 99.7 | num_updates 750 | lr 0.5 | gnorm 748.313 | clip 100 | train_wall 23 | wall 114 (progress_bar.py:269, print())
[2020-12-27 22:49:52]    INFO >> epoch 003 | valid on 'valid' subset | loss 99.556 | nll_loss 7.453 | bleu 11.1354 | ppl 175.21 | wps 0 | wpb 18701 | bsz 1400 | num_updates 750 | best_bleu 11.1354 (progress_bar.py:269, print())
[2020-12-27 22:49:52]    INFO >> saved checkpoint /home/wanyao/.ncc/code_search_net_feng/summarization/ruby/data-mmap/codenn/checkpoints/checkpoint_best.pt (epoch 3 @ 750 updates, score 11.135408878763117) (writing took 0.24608978256583214 seconds) (checkpoint_utils.py:81, save_checkpoint())
[2020-12-27 22:50:35]    INFO >> epoch 004:    250 / 250 loss=104.867, nll_loss=7.956, bleu=0, ppl=248.32, wps=6480.4, ups=4.93, wpb=1314.2, bsz=99.7, num_updates=1000, lr=0.5, gnorm=718.475, clip=100, train_wall=59, wall=173 (progress_bar.py:262, log())
[2020-12-27 22:50:36]    INFO >> epoch 004 | loss 102.588 | nll_loss 7.783 | bleu 0 | ppl 220.27 | wps 5581 | ups 4.25 | wpb 1314.2 | bsz 99.7 | num_updates 1000 | lr 0.5 | gnorm 688.638 | clip 100 | train_wall 35 | wall 173 (progress_bar.py:269, print())
[2020-12-27 22:50:59]    INFO >> epoch 004 | valid on 'valid' subset | loss 97.348 | nll_loss 7.288 | bleu 4.60511 | ppl 156.25 | wps 0 | wpb 18701 | bsz 1400 | num_updates 1000 | best_bleu 11.1354 (progress_bar.py:269, print())
[2020-12-27 22:51:37]    INFO >> epoch 005 | loss 99.234 | nll_loss 7.529 | bleu 0 | ppl 184.65 | wps 5393.5 | ups 4.1 | wpb 1314.2 | bsz 99.7 | num_updates 1250 | lr 0.5 | gnorm 649.217 | clip 100 | train_wall 29 | wall 234 (progress_bar.py:269, print())
[2020-12-27 22:51:53]    INFO >> epoch 005 | valid on 'valid' subset | loss 95.565 | nll_loss 7.154 | bleu 11.4573 | ppl 142.44 | wps 0 | wpb 18701 | bsz 1400 | num_updates 1250 | best_bleu 11.4573 (progress_bar.py:269, print())
[2020-12-27 22:51:53]    INFO >> saved checkpoint /home/wanyao/.ncc/code_search_net_feng/summarization/ruby/data-mmap/codenn/checkpoints/checkpoint_best.pt (epoch 5 @ 1250 updates, score 11.45729478240943) (writing took 0.2598023386672139 seconds) (checkpoint_utils.py:81, save_checkpoint())
[2020-12-27 22:52:40]    INFO >> epoch 006:    250 / 250 loss=97.859, nll_loss=7.424, bleu=0, ppl=171.78, wps=5284.7, ups=4.02, wpb=1314.2, bsz=99.7, num_updates=1500, lr=0.5, gnorm=637.045, clip=100, train_wall=68, wall=297 (progress_bar.py:262, log())
[2020-12-27 22:52:40]    INFO >> epoch 006 | loss 96.485 | nll_loss 7.32 | bleu 0 | ppl 159.8 | wps 5183.3 | ups 3.94 | wpb 1314.2 | bsz 99.7 | num_updates 1500 | lr 0.5 | gnorm 624.873 | clip 100 | train_wall 39 | wall 297 (progress_bar.py:269, print())
[2020-12-27 22:53:01]    INFO >> epoch 006 | valid on 'valid' subset | loss 94.865 | nll_loss 7.102 | bleu 11.5638 | ppl 137.36 | wps 0 | wpb 18701 | bsz 1400 | num_updates 1500 | best_bleu 11.5638 (progress_bar.py:269, print())
[2020-12-27 22:53:01]    INFO >> saved checkpoint /home/wanyao/.ncc/code_search_net_feng/summarization/ruby/data-mmap/codenn/checkpoints/checkpoint_best.pt (epoch 6 @ 1500 updates, score 11.563842552256261) (writing took 0.25846028700470924 seconds) (checkpoint_utils.py:81, save_checkpoint())
[2020-12-27 22:53:44]    INFO >> epoch 007 | loss 94.161 | nll_loss 7.144 | bleu 0 | ppl 141.42 | wps 5173.2 | ups 3.94 | wpb 1314.2 | bsz 99.7 | num_updates 1750 | lr 0.5 | gnorm 601.315 | clip 100 | train_wall 34 | wall 361 (progress_bar.py:269, print())
[2020-12-27 22:54:01]    INFO >> epoch 007 | valid on 'valid' subset | loss 91.822 | nll_loss 6.874 | bleu 11.2108 | ppl 117.29 | wps 0 | wpb 18701 | bsz 1400 | num_updates 1750 | best_bleu 11.5638 (progress_bar.py:269, print())
[2020-12-27 22:54:48]    INFO >> epoch 008:    250 / 250 loss=93.187, nll_loss=7.07, bleu=0, ppl=134.36, wps=5130.2, ups=3.9, wpb=1314.2, bsz=99.7, num_updates=2000, lr=0.5, gnorm=597.698, clip=100, train_wall=73, wall=425 (progress_bar.py:262, log())
[2020-12-27 22:54:48]    INFO >> epoch 008 | loss 92.214 | nll_loss 6.996 | bleu 0 | ppl 127.65 | wps 5084.6 | ups 3.87 | wpb 1314.2 | bsz 99.7 | num_updates 2000 | lr 0.5 | gnorm 594.081 | clip 100 | train_wall 39 | wall 426 (progress_bar.py:269, print())
[2020-12-27 22:55:05]    INFO >> epoch 008 | valid on 'valid' subset | loss 91.302 | nll_loss 6.835 | bleu 10.973 | ppl 114.17 | wps 0 | wpb 18701 | bsz 1400 | num_updates 2000 | best_bleu 11.5638 (progress_bar.py:269, print())
[2020-12-27 22:55:38]    INFO >> epoch 009 | loss 90.382 | nll_loss 6.857 | bleu 0 | ppl 115.93 | wps 6602.8 | ups 5.02 | wpb 1314.2 | bsz 99.7 | num_updates 2250 | lr 0.5 | gnorm 582.109 | clip 100 | train_wall 25 | wall 475 (progress_bar.py:269, print())
[2020-12-27 22:55:55]    INFO >> epoch 009 | valid on 'valid' subset | loss 90.378 | nll_loss 6.766 | bleu 7.13498 | ppl 108.83 | wps 0 | wpb 18701 | bsz 1400 | num_updates 2250 | best_bleu 11.5638 (progress_bar.py:269, print())
[2020-12-27 22:56:42]    INFO >> epoch 010:    250 / 250 loss=89.616, nll_loss=6.799, bleu=0, ppl=111.35, wps=5743.2, ups=4.37, wpb=1314.2, bsz=99.7, num_updates=2500, lr=0.5, gnorm=580.586, clip=100, train_wall=64, wall=539 (progress_bar.py:262, log())
[2020-12-27 22:56:43]    INFO >> epoch 010 | loss 88.85 | nll_loss 6.741 | bleu 0 | ppl 106.96 | wps 5081.9 | ups 3.87 | wpb 1314.2 | bsz 99.7 | num_updates 2500 | lr 0.5 | gnorm 579.063 | clip 100 | train_wall 39 | wall 540 (progress_bar.py:269, print())
[2020-12-27 22:57:02]    INFO >> epoch 010 | valid on 'valid' subset | loss 89.713 | nll_loss 6.716 | bleu 11.5014 | ppl 105.13 | wps 0 | wpb 18701 | bsz 1400 | num_updates 2500 | best_bleu 11.5638 (progress_bar.py:269, print())
[2020-12-27 22:57:44]    INFO >> epoch 011 | loss 87.286 | nll_loss 6.622 | bleu 0 | ppl 98.51 | wps 5312.5 | ups 4.04 | wpb 1314.2 | bsz 99.7 | num_updates 2750 | lr 0.5 | gnorm 570.442 | clip 100 | train_wall 34 | wall 602 (progress_bar.py:269, print())
[2020-12-27 22:58:05]    INFO >> epoch 011 | valid on 'valid' subset | loss 88.718 | nll_loss 6.642 | bleu 11.5708 | ppl 99.85 | wps 0 | wpb 18701 | bsz 1400 | num_updates 2750 | best_bleu 11.5708 (progress_bar.py:269, print())
[2020-12-27 22:58:05]    INFO >> saved checkpoint /home/wanyao/.ncc/code_search_net_feng/summarization/ruby/data-mmap/codenn/checkpoints/checkpoint_best.pt (epoch 11 @ 2750 updates, score 11.570778627613308) (writing took 0.25129472371190786 seconds) (checkpoint_utils.py:81, save_checkpoint())
[2020-12-27 22:58:52]    INFO >> epoch 012:    250 / 250 loss=86.589, nll_loss=6.569, bleu=0, ppl=94.97, wps=5061.2, ups=3.85, wpb=1314.2, bsz=99.7, num_updates=3000, lr=0.5, gnorm=566.975, clip=100, train_wall=73, wall=669 (progress_bar.py:262, log())
[2020-12-27 22:58:52]    INFO >> epoch 012 | loss 85.892 | nll_loss 6.516 | bleu 0 | ppl 91.55 | wps 4834.7 | ups 3.68 | wpb 1314.2 | bsz 99.7 | num_updates 3000 | lr 0.5 | gnorm 563.508 | clip 100 | train_wall 39 | wall 670 (progress_bar.py:269, print())
[2020-12-27 22:59:08]    INFO >> epoch 012 | valid on 'valid' subset | loss 87.923 | nll_loss 6.582 | bleu 12.2834 | ppl 95.81 | wps 0 | wpb 18701 | bsz 1400 | num_updates 3000 | best_bleu 12.2834 (progress_bar.py:269, print())
[2020-12-27 22:59:08]    INFO >> saved checkpoint /home/wanyao/.ncc/code_search_net_feng/summarization/ruby/data-mmap/codenn/checkpoints/checkpoint_best.pt (epoch 12 @ 3000 updates, score 12.283402472404283) (writing took 0.27076208498328924 seconds) (checkpoint_utils.py:81, save_checkpoint())
[2020-12-27 22:59:52]    INFO >> epoch 013 | loss 84.589 | nll_loss 6.418 | bleu 0 | ppl 85.49 | wps 5470.6 | ups 4.16 | wpb 1314.2 | bsz 99.7 | num_updates 3250 | lr 0.5 | gnorm 561.895 | clip 100 | train_wall 36 | wall 730 (progress_bar.py:269, print())
[2020-12-27 23:00:09]    INFO >> epoch 013 | valid on 'valid' subset | loss 88.562 | nll_loss 6.63 | bleu 11.9701 | ppl 99.04 | wps 0 | wpb 18701 | bsz 1400 | num_updates 3250 | best_bleu 12.2834 (progress_bar.py:269, print())
[2020-12-27 23:00:48]    INFO >> epoch 014:    250 / 250 loss=83.97, nll_loss=6.371, bleu=0, ppl=82.75, wps=5651.3, ups=4.3, wpb=1314.2, bsz=99.7, num_updates=3500, lr=0.5, gnorm=560.169, clip=100, train_wall=68, wall=786 (progress_bar.py:262, log())
[2020-12-27 23:00:49]    INFO >> epoch 014 | loss 83.35 | nll_loss 6.324 | bleu 0 | ppl 80.1 | wps 5848.1 | ups 4.45 | wpb 1314.2 | bsz 99.7 | num_updates 3500 | lr 0.5 | gnorm 558.443 | clip 100 | train_wall 32 | wall 786 (progress_bar.py:269, print())
[2020-12-27 23:01:01]    INFO >> epoch 014 | valid on 'valid' subset | loss 87.665 | nll_loss 6.563 | bleu 11.6962 | ppl 94.53 | wps 0 | wpb 18701 | bsz 1400 | num_updates 3500 | best_bleu 12.2834 (progress_bar.py:269, print())
[2020-12-27 23:01:48]    INFO >> epoch 015 | loss 82.201 | nll_loss 6.236 | bleu 0 | ppl 75.4 | wps 5560.8 | ups 4.23 | wpb 1314.2 | bsz 99.7 | num_updates 3750 | lr 0.5 | gnorm 558.516 | clip 100 | train_wall 39 | wall 845 (progress_bar.py:269, print())
[2020-12-27 23:02:08]    INFO >> epoch 015 | valid on 'valid' subset | loss 88.167 | nll_loss 6.6 | bleu 12.3237 | ppl 97.03 | wps 0 | wpb 18701 | bsz 1400 | num_updates 3750 | best_bleu 12.3237 (progress_bar.py:269, print())
[2020-12-27 23:02:08]    INFO >> saved checkpoint /home/wanyao/.ncc/code_search_net_feng/summarization/ruby/data-mmap/codenn/checkpoints/checkpoint_best.pt (epoch 15 @ 3750 updates, score 12.323729527318342) (writing took 0.256166965700686 seconds) (checkpoint_utils.py:81, save_checkpoint())
[2020-12-27 23:02:50]    INFO >> epoch 016:    250 / 250 loss=81.684, nll_loss=6.197, bleu=0, ppl=73.38, wps=5391, ups=4.1, wpb=1314.2, bsz=99.7, num_updates=4000, lr=0.5, gnorm=558.084, clip=100, train_wall=73, wall=907 (progress_bar.py:262, log())
[2020-12-27 23:02:51]    INFO >> epoch 016 | loss 81.167 | nll_loss 6.158 | bleu 0 | ppl 71.41 | wps 5231.9 | ups 3.98 | wpb 1314.2 | bsz 99.7 | num_updates 4000 | lr 0.5 | gnorm 557.652 | clip 100 | train_wall 34 | wall 908 (progress_bar.py:269, print())
[2020-12-27 23:03:09]    INFO >> epoch 016 | valid on 'valid' subset | loss 88.073 | nll_loss 6.593 | bleu 10.8039 | ppl 96.56 | wps 0 | wpb 18701 | bsz 1400 | num_updates 4000 | best_bleu 12.3237 (progress_bar.py:269, print())
[2020-12-27 23:03:57]    INFO >> epoch 017 | loss 80.073 | nll_loss 6.075 | bleu 0 | ppl 67.42 | wps 4954.3 | ups 3.77 | wpb 1314.2 | bsz 99.7 | num_updates 4250 | lr 0.5 | gnorm 555.764 | clip 100 | train_wall 39 | wall 974 (progress_bar.py:269, print())
[2020-12-27 23:04:13]    INFO >> epoch 017 | valid on 'valid' subset | loss 87.95 | nll_loss 6.584 | bleu 12.2079 | ppl 95.94 | wps 0 | wpb 18701 | bsz 1400 | num_updates 4250 | best_bleu 12.3237 (progress_bar.py:269, print())
[2020-12-27 23:04:49]    INFO >> epoch 018:    250 / 250 loss=79.59, nll_loss=6.038, bleu=0, ppl=65.72, wps=5533.2, ups=4.21, wpb=1314.2, bsz=99.7, num_updates=4500, lr=0.5, gnorm=555.474, clip=100, train_wall=66, wall=1026 (progress_bar.py:262, log())
[2020-12-27 23:04:49]    INFO >> epoch 018 | loss 79.107 | nll_loss 6.002 | bleu 0 | ppl 64.08 | wps 6263.5 | ups 4.77 | wpb 1314.2 | bsz 99.7 | num_updates 4500 | lr 0.5 | gnorm 555.186 | clip 100 | train_wall 27 | wall 1027 (progress_bar.py:269, print())
[2020-12-27 23:05:10]    INFO >> epoch 018 | valid on 'valid' subset | loss 86.214 | nll_loss 6.454 | bleu 11.5295 | ppl 87.68 | wps 0 | wpb 18701 | bsz 1400 | num_updates 4500 | best_bleu 12.3237 (progress_bar.py:269, print())
[2020-12-27 23:05:57]    INFO >> epoch 019 | loss 78.132 | nll_loss 5.928 | bleu 0 | ppl 60.87 | wps 4834.8 | ups 3.68 | wpb 1314.2 | bsz 99.7 | num_updates 4750 | lr 0.5 | gnorm 555.238 | clip 100 | train_wall 39 | wall 1095 (progress_bar.py:269, print())
[2020-12-27 23:06:15]    INFO >> epoch 019 | valid on 'valid' subset | loss 87.674 | nll_loss 6.564 | bleu 12.546 | ppl 94.58 | wps 0 | wpb 18701 | bsz 1400 | num_updates 4750 | best_bleu 12.546 (progress_bar.py:269, print())
[2020-12-27 23:06:15]    INFO >> saved checkpoint /home/wanyao/.ncc/code_search_net_feng/summarization/ruby/data-mmap/codenn/checkpoints/checkpoint_best.pt (epoch 19 @ 4750 updates, score 12.545999554894202) (writing took 0.2559208171442151 seconds) (checkpoint_utils.py:81, save_checkpoint())
[2020-12-27 23:06:51]    INFO >> epoch 020:    250 / 250 loss=77.676, nll_loss=5.893, bleu=0, ppl=59.43, wps=5358.4, ups=4.08, wpb=1314.2, bsz=99.7, num_updates=5000, lr=0.5, gnorm=555.64, clip=100, train_wall=67, wall=1149 (progress_bar.py:262, log())
[2020-12-27 23:06:52]    INFO >> epoch 020 | loss 77.22 | nll_loss 5.859 | bleu 0 | ppl 58.02 | wps 6011.8 | ups 4.57 | wpb 1314.2 | bsz 99.7 | num_updates 5000 | lr 0.5 | gnorm 556.042 | clip 100 | train_wall 28 | wall 1149 (progress_bar.py:269, print())
[2020-12-27 23:07:10]    INFO >> epoch 020 | valid on 'valid' subset | loss 86.406 | nll_loss 6.469 | bleu 11.7725 | ppl 88.56 | wps 0 | wpb 18701 | bsz 1400 | num_updates 5000 | best_bleu 12.546 (progress_bar.py:269, print())
[2020-12-27 23:07:56]    INFO >> epoch 021 | loss 76.422 | nll_loss 5.798 | bleu 0 | ppl 55.64 | wps 5106.4 | ups 3.89 | wpb 1314.2 | bsz 99.7 | num_updates 5250 | lr 0.5 | gnorm 558.418 | clip 100 | train_wall 39 | wall 1214 (progress_bar.py:269, print())
[2020-12-27 23:08:13]    INFO >> epoch 021 | valid on 'valid' subset | loss 88.357 | nll_loss 6.615 | bleu 11.799 | ppl 97.99 | wps 0 | wpb 18701 | bsz 1400 | num_updates 5250 | best_bleu 12.546 (progress_bar.py:269, print())
[2020-12-27 23:08:49]    INFO >> epoch 022:    250 / 250 loss=76.004, nll_loss=5.766, bleu=0, ppl=54.43, wps=5579.5, ups=4.25, wpb=1314.2, bsz=99.7, num_updates=5500, lr=0.5, gnorm=559.43, clip=100, train_wall=67, wall=1267 (progress_bar.py:262, log())
[2020-12-27 23:08:50]    INFO >> epoch 022 | loss 75.586 | nll_loss 5.735 | bleu 0 | ppl 53.25 | wps 6151.1 | ups 4.68 | wpb 1314.2 | bsz 99.7 | num_updates 5500 | lr 0.5 | gnorm 560.441 | clip 100 | train_wall 28 | wall 1267 (progress_bar.py:269, print())
[2020-12-27 23:09:11]    INFO >> epoch 022 | valid on 'valid' subset | loss 87.227 | nll_loss 6.53 | bleu 11.8613 | ppl 92.41 | wps 0 | wpb 18701 | bsz 1400 | num_updates 5500 | best_bleu 12.546 (progress_bar.py:269, print())
[2020-12-27 23:09:56]    INFO >> epoch 023 | loss 74.721 | nll_loss 5.669 | bleu 0 | ppl 50.88 | wps 4969.9 | ups 3.78 | wpb 1314.2 | bsz 99.7 | num_updates 5750 | lr 0.5 | gnorm 561.58 | clip 100 | train_wall 37 | wall 1333 (progress_bar.py:269, print())
[2020-12-27 23:10:12]    INFO >> epoch 023 | valid on 'valid' subset | loss 87.356 | nll_loss 6.54 | bleu 12.1104 | ppl 93.03 | wps 0 | wpb 18701 | bsz 1400 | num_updates 5750 | best_bleu 12.546 (progress_bar.py:269, print())
[2020-12-27 23:10:58]    INFO >> epoch 024:    250 / 250 loss=74.327, nll_loss=5.639, bleu=0, ppl=49.83, wps=5095.1, ups=3.88, wpb=1314.2, bsz=99.7, num_updates=6000, lr=0.5, gnorm=559.194, clip=100, train_wall=76, wall=1396 (progress_bar.py:262, log())
[2020-12-27 23:10:59]    INFO >> epoch 024 | loss 73.933 | nll_loss 5.609 | bleu 0 | ppl 48.81 | wps 5225.8 | ups 3.98 | wpb 1314.2 | bsz 99.7 | num_updates 6000 | lr 0.5 | gnorm 556.808 | clip 100 | train_wall 39 | wall 1396 (progress_bar.py:269, print())
[2020-12-27 23:11:20]    INFO >> epoch 024 | valid on 'valid' subset | loss 89.934 | nll_loss 6.733 | bleu 12.2865 | ppl 106.35 | wps 0 | wpb 18701 | bsz 1400 | num_updates 6000 | best_bleu 12.546 (progress_bar.py:269, print())
[2020-12-27 23:12:02]    INFO >> epoch 025 | loss 73.185 | nll_loss 5.552 | bleu 0 | ppl 46.93 | wps 5165.5 | ups 3.93 | wpb 1314.2 | bsz 99.7 | num_updates 6250 | lr 0.5 | gnorm 561.155 | clip 100 | train_wall 34 | wall 1460 (progress_bar.py:269, print())
[2020-12-27 23:12:21]    INFO >> epoch 025 | valid on 'valid' subset | loss 87.256 | nll_loss 6.532 | bleu 11.9971 | ppl 92.55 | wps 0 | wpb 18701 | bsz 1400 | num_updates 6250 | best_bleu 12.546 (progress_bar.py:269, print())
[2020-12-27 23:12:55]    INFO >> epoch 026:    250 / 250 loss=72.83, nll_loss=5.525, bleu=0, ppl=46.06, wps=5639.5, ups=4.29, wpb=1314.2, bsz=99.7, num_updates=6500, lr=0.5, gnorm=561.973, clip=100, train_wall=59, wall=1512 (progress_bar.py:262, log())
[2020-12-27 23:12:55]    INFO >> epoch 026 | loss 72.475 | nll_loss 5.499 | bleu 0 | ppl 45.21 | wps 6203.1 | ups 4.72 | wpb 1314.2 | bsz 99.7 | num_updates 6500 | lr 0.5 | gnorm 562.791 | clip 100 | train_wall 25 | wall 1513 (progress_bar.py:269, print())
[2020-12-27 23:13:15]    INFO >> epoch 026 | valid on 'valid' subset | loss 87.881 | nll_loss 6.579 | bleu 11.5682 | ppl 95.6 | wps 0 | wpb 18701 | bsz 1400 | num_updates 6500 | best_bleu 12.546 (progress_bar.py:269, print())
[2020-12-27 23:13:57]    INFO >> epoch 027 | loss 71.799 | nll_loss 5.447 | bleu 0 | ppl 43.63 | wps 5365.7 | ups 4.08 | wpb 1314.2 | bsz 99.7 | num_updates 6750 | lr 0.5 | gnorm 563.821 | clip 100 | train_wall 33 | wall 1574 (progress_bar.py:269, print())
[2020-12-27 23:14:18]    INFO >> epoch 027 | valid on 'valid' subset | loss 88.653 | nll_loss 6.637 | bleu 12.1142 | ppl 99.51 | wps 0 | wpb 18701 | bsz 1400 | num_updates 6750 | best_bleu 12.546 (progress_bar.py:269, print())
[2020-12-27 23:15:04]    INFO >> epoch 028:    250 / 250 loss=71.489, nll_loss=5.424, bleu=0, ppl=42.92, wps=5076, ups=3.86, wpb=1314.2, bsz=99.7, num_updates=7000, lr=0.5, gnorm=563.658, clip=100, train_wall=71, wall=1642 (progress_bar.py:262, log())
[2020-12-27 23:15:05]    INFO >> epoch 028 | loss 71.179 | nll_loss 5.4 | bleu 0 | ppl 42.23 | wps 4819.8 | ups 3.67 | wpb 1314.2 | bsz 99.7 | num_updates 7000 | lr 0.5 | gnorm 563.495 | clip 100 | train_wall 39 | wall 1642 (progress_bar.py:269, print())
[2020-12-27 23:15:22]    INFO >> epoch 028 | valid on 'valid' subset | loss 88.118 | nll_loss 6.597 | bleu 11.9118 | ppl 96.79 | wps 0 | wpb 18701 | bsz 1400 | num_updates 7000 | best_bleu 12.546 (progress_bar.py:269, print())
[2020-12-27 23:16:05]    INFO >> epoch 029 | loss 70.47 | nll_loss 5.346 | bleu 0 | ppl 40.68 | wps 5421.7 | ups 4.13 | wpb 1314.2 | bsz 99.7 | num_updates 7250 | lr 0.5 | gnorm 566.354 | clip 100 | train_wall 35 | wall 1703 (progress_bar.py:269, print())
[2020-12-27 23:16:26]    INFO >> epoch 029 | valid on 'valid' subset | loss 88.141 | nll_loss 6.598 | bleu 12.5926 | ppl 96.9 | wps 0 | wpb 18701 | bsz 1400 | num_updates 7250 | best_bleu 12.5926 (progress_bar.py:269, print())
[2020-12-27 23:16:26]    INFO >> saved checkpoint /home/wanyao/.ncc/code_search_net_feng/summarization/ruby/data-mmap/codenn/checkpoints/checkpoint_best.pt (epoch 29 @ 7250 updates, score 12.592599980310426) (writing took 0.24266744684427977 seconds) (checkpoint_utils.py:81, save_checkpoint())
[2020-12-27 23:17:09]    INFO >> epoch 030:    250 / 250 loss=70.15, nll_loss=5.322, bleu=0, ppl=40.01, wps=5265.8, ups=4.01, wpb=1314.2, bsz=99.7, num_updates=7500, lr=0.5, gnorm=567.756, clip=100, train_wall=70, wall=1766 (progress_bar.py:262, log())
[2020-12-27 23:17:10]    INFO >> epoch 030 | loss 69.83 | nll_loss 5.298 | bleu 0 | ppl 39.34 | wps 5119 | ups 3.9 | wpb 1314.2 | bsz 99.7 | num_updates 7500 | lr 0.5 | gnorm 569.159 | clip 100 | train_wall 35 | wall 1767 (progress_bar.py:269, print())
[2020-12-27 23:17:22]    INFO >> epoch 030 | valid on 'valid' subset | loss 87.821 | nll_loss 6.574 | bleu 12.5553 | ppl 95.3 | wps 0 | wpb 18701 | bsz 1400 | num_updates 7500 | best_bleu 12.5926 (progress_bar.py:269, print())
[2020-12-27 23:18:08]    INFO >> epoch 031 | loss 69.123 | nll_loss 5.244 | bleu 0 | ppl 37.9 | wps 5604.6 | ups 4.26 | wpb 1314.2 | bsz 99.7 | num_updates 7750 | lr 0.5 | gnorm 569.901 | clip 100 | train_wall 38 | wall 1826 (progress_bar.py:269, print())
[2020-12-27 23:18:25]    INFO >> epoch 031 | valid on 'valid' subset | loss 89.501 | nll_loss 6.7 | bleu 12.3596 | ppl 103.99 | wps 0 | wpb 18701 | bsz 1400 | num_updates 7750 | best_bleu 12.5926 (progress_bar.py:269, print())
[2020-12-27 23:19:08]    INFO >> epoch 032:    250 / 250 loss=68.83, nll_loss=5.222, bleu=0, ppl=37.32, wps=5540.8, ups=4.22, wpb=1314.2, bsz=99.7, num_updates=8000, lr=0.5, gnorm=570.292, clip=100, train_wall=72, wall=1885 (progress_bar.py:262, log())
[2020-12-27 23:19:08]    INFO >> epoch 032 | loss 68.536 | nll_loss 5.2 | bleu 0 | ppl 36.75 | wps 5483.8 | ups 4.17 | wpb 1314.2 | bsz 99.7 | num_updates 8000 | lr 0.5 | gnorm 570.683 | clip 100 | train_wall 34 | wall 1885 (progress_bar.py:269, print())
[2020-12-27 23:19:27]    INFO >> epoch 032 | valid on 'valid' subset | loss 88.501 | nll_loss 6.625 | bleu 12.3822 | ppl 98.73 | wps 0 | wpb 18701 | bsz 1400 | num_updates 8000 | best_bleu 12.5926 (progress_bar.py:269, print())
[2020-12-27 23:20:14]    INFO >> epoch 033 | loss 68.008 | nll_loss 5.16 | bleu 0 | ppl 35.74 | wps 4978 | ups 3.79 | wpb 1314.2 | bsz 99.7 | num_updates 8250 | lr 0.5 | gnorm 574.354 | clip 100 | train_wall 39 | wall 1951 (progress_bar.py:269, print())
[2020-12-27 23:20:34]    INFO >> epoch 033 | valid on 'valid' subset | loss 89.57 | nll_loss 6.705 | bleu 11.2884 | ppl 104.36 | wps 0 | wpb 18701 | bsz 1400 | num_updates 8250 | best_bleu 12.5926 (progress_bar.py:269, print())
[2020-12-27 23:21:11]    INFO >> epoch 034:    250 / 250 loss=67.673, nll_loss=5.134, bleu=0, ppl=35.12, wps=5310.3, ups=4.04, wpb=1314.2, bsz=99.7, num_updates=8500, lr=0.5, gnorm=573.148, clip=100, train_wall=68, wall=2009 (progress_bar.py:262, log())
[2020-12-27 23:21:12]    INFO >> epoch 034 | loss 67.337 | nll_loss 5.109 | bleu 0 | ppl 34.5 | wps 5690.6 | ups 4.33 | wpb 1314.2 | bsz 99.7 | num_updates 8500 | lr 0.5 | gnorm 571.943 | clip 100 | train_wall 29 | wall 2009 (progress_bar.py:269, print())
[2020-12-27 23:21:28]    INFO >> epoch 034 | valid on 'valid' subset | loss 89.684 | nll_loss 6.714 | bleu 12.1371 | ppl 104.98 | wps 0 | wpb 18701 | bsz 1400 | num_updates 8500 | best_bleu 12.5926 (progress_bar.py:269, print())
[2020-12-27 23:22:16]    INFO >> epoch 035 | loss 66.78 | nll_loss 5.066 | bleu 0 | ppl 33.51 | wps 5152.5 | ups 3.92 | wpb 1314.2 | bsz 99.7 | num_updates 8750 | lr 0.5 | gnorm 573.995 | clip 100 | train_wall 39 | wall 2073 (progress_bar.py:269, print())
[2020-12-27 23:22:35]    INFO >> epoch 035 | valid on 'valid' subset | loss 89.779 | nll_loss 6.721 | bleu 12.3747 | ppl 105.5 | wps 0 | wpb 18701 | bsz 1400 | num_updates 8750 | best_bleu 12.5926 (progress_bar.py:269, print())
[2020-12-27 23:23:17]    INFO >> epoch 036:    250 / 250 loss=66.514, nll_loss=5.046, bleu=0, ppl=33.04, wps=5231.4, ups=3.98, wpb=1314.2, bsz=99.7, num_updates=9000, lr=0.5, gnorm=575.75, clip=100, train_wall=73, wall=2134 (progress_bar.py:262, log())
[2020-12-27 23:23:17]    INFO >> epoch 036 | loss 66.248 | nll_loss 5.026 | bleu 0 | ppl 32.58 | wps 5313.8 | ups 4.04 | wpb 1314.2 | bsz 99.7 | num_updates 9000 | lr 0.5 | gnorm 577.504 | clip 100 | train_wall 34 | wall 2135 (progress_bar.py:269, print())
[2020-12-27 23:23:39]    INFO >> epoch 036 | valid on 'valid' subset | loss 89.458 | nll_loss 6.697 | bleu 11.0322 | ppl 103.76 | wps 0 | wpb 18701 | bsz 1400 | num_updates 9000 | best_bleu 12.5926 (progress_bar.py:269, print())
[2020-12-27 23:24:20]    INFO >> epoch 037 | loss 65.626 | nll_loss 4.979 | bleu 0 | ppl 31.54 | wps 5267 | ups 4.01 | wpb 1314.2 | bsz 99.7 | num_updates 9250 | lr 0.5 | gnorm 578.781 | clip 100 | train_wall 33 | wall 2197 (progress_bar.py:269, print())
[2020-12-27 23:24:33]    INFO >> epoch 037 | valid on 'valid' subset | loss 90.487 | nll_loss 6.774 | bleu 11.7575 | ppl 109.44 | wps 0 | wpb 18701 | bsz 1400 | num_updates 9250 | best_bleu 12.5926 (progress_bar.py:269, print())
[2020-12-27 23:25:18]    INFO >> epoch 038:    250 / 250 loss=65.424, nll_loss=4.964, bleu=0, ppl=31.2, wps=5432.5, ups=4.13, wpb=1314.2, bsz=99.7, num_updates=9500, lr=0.5, gnorm=580.592, clip=100, train_wall=69, wall=2255 (progress_bar.py:262, log())
[2020-12-27 23:25:18]    INFO >> epoch 038 | loss 65.221 | nll_loss 4.948 | bleu 0 | ppl 30.87 | wps 5610.2 | ups 4.27 | wpb 1314.2 | bsz 99.7 | num_updates 9500 | lr 0.5 | gnorm 582.404 | clip 100 | train_wall 36 | wall 2256 (progress_bar.py:269, print())
[2020-12-27 23:25:35]    INFO >> epoch 038 | valid on 'valid' subset | loss 91.565 | nll_loss 6.855 | bleu 12.5363 | ppl 115.74 | wps 0 | wpb 18701 | bsz 1400 | num_updates 9500 | best_bleu 12.5926 (progress_bar.py:269, print())
[2020-12-27 23:26:17]    INFO >> epoch 039 | loss 64.598 | nll_loss 4.901 | bleu 0 | ppl 29.88 | wps 5623.9 | ups 4.28 | wpb 1314.2 | bsz 99.7 | num_updates 9750 | lr 0.5 | gnorm 581.173 | clip 100 | train_wall 34 | wall 2314 (progress_bar.py:269, print())
[2020-12-27 23:26:33]    INFO >> epoch 039 | valid on 'valid' subset | loss 90.286 | nll_loss 6.759 | bleu 11.6868 | ppl 108.31 | wps 0 | wpb 18701 | bsz 1400 | num_updates 9750 | best_bleu 12.5926 (progress_bar.py:269, print())
[2020-12-27 23:27:19]    INFO >> epoch 040:    250 / 250 loss=64.372, nll_loss=4.884, bleu=0, ppl=29.52, wps=5414.9, ups=4.12, wpb=1314.2, bsz=99.7, num_updates=10000, lr=0.5, gnorm=583.408, clip=100, train_wall=73, wall=2377 (progress_bar.py:262, log())
[2020-12-27 23:27:20]    INFO >> epoch 040 | loss 64.146 | nll_loss 4.867 | bleu 0 | ppl 29.17 | wps 5224.3 | ups 3.98 | wpb 1314.2 | bsz 99.7 | num_updates 10000 | lr 0.5 | gnorm 585.643 | clip 100 | train_wall 39 | wall 2377 (progress_bar.py:269, print())
[2020-12-27 23:27:40]    INFO >> epoch 040 | valid on 'valid' subset | loss 91.748 | nll_loss 6.868 | bleu 11.7962 | ppl 116.85 | wps 0 | wpb 18701 | bsz 1400 | num_updates 10000 | best_bleu 12.5926 (progress_bar.py:269, print())
[2020-12-27 23:28:22]    INFO >> epoch 041 | loss 63.622 | nll_loss 4.827 | bleu 0 | ppl 28.38 | wps 5267 | ups 4.01 | wpb 1314.2 | bsz 99.7 | num_updates 10250 | lr 0.5 | gnorm 586.905 | clip 100 | train_wall 34 | wall 2439 (progress_bar.py:269, print())
[2020-12-27 23:28:41]    INFO >> epoch 041 | valid on 'valid' subset | loss 91.005 | nll_loss 6.813 | bleu 11.9782 | ppl 112.43 | wps 0 | wpb 18701 | bsz 1400 | num_updates 10250 | best_bleu 12.5926 (progress_bar.py:269, print())
[2020-12-27 23:29:27]    INFO >> epoch 042:    250 / 250 loss=63.324, nll_loss=4.804, bleu=0, ppl=27.94, wps=5130.9, ups=3.9, wpb=1314.2, bsz=99.7, num_updates=10500, lr=0.5, gnorm=586.3, clip=100, train_wall=73, wall=2505 (progress_bar.py:262, log())
[2020-12-27 23:29:28]    INFO >> epoch 042 | loss 63.026 | nll_loss 4.782 | bleu 0 | ppl 27.51 | wps 5000.2 | ups 3.8 | wpb 1314.2 | bsz 99.7 | num_updates 10500 | lr 0.5 | gnorm 585.695 | clip 100 | train_wall 39 | wall 2505 (progress_bar.py:269, print())
[2020-12-27 23:29:46]    INFO >> epoch 042 | valid on 'valid' subset | loss 90.556 | nll_loss 6.779 | bleu 11.9931 | ppl 109.84 | wps 0 | wpb 18701 | bsz 1400 | num_updates 10500 | best_bleu 12.5926 (progress_bar.py:269, print())
[2020-12-27 23:30:17]    INFO >> epoch 043 | loss 62.596 | nll_loss 4.749 | bleu 0 | ppl 26.89 | wps 6726.4 | ups 5.12 | wpb 1314.2 | bsz 99.7 | num_updates 10750 | lr 0.5 | gnorm 588.999 | clip 100 | train_wall 22 | wall 2554 (progress_bar.py:269, print())
[2020-12-27 23:30:37]    INFO >> epoch 043 | valid on 'valid' subset | loss 92.45 | nll_loss 6.921 | bleu 12.2154 | ppl 121.18 | wps 0 | wpb 18701 | bsz 1400 | num_updates 10750 | best_bleu 12.5926 (progress_bar.py:269, print())
[2020-12-27 23:31:24]    INFO >> epoch 044:    250 / 250 loss=62.366, nll_loss=4.732, bleu=0, ppl=26.57, wps=5622.5, ups=4.28, wpb=1314.2, bsz=99.7, num_updates=11000, lr=0.5, gnorm=589.317, clip=100, train_wall=61, wall=2622 (progress_bar.py:262, log())
[2020-12-27 23:31:25]    INFO >> epoch 044 | loss 62.135 | nll_loss 4.714 | bleu 0 | ppl 26.25 | wps 4828.8 | ups 3.67 | wpb 1314.2 | bsz 99.7 | num_updates 11000 | lr 0.5 | gnorm 589.635 | clip 100 | train_wall 39 | wall 2622 (progress_bar.py:269, print())
[2020-12-27 23:31:43]    INFO >> epoch 044 | valid on 'valid' subset | loss 91.61 | nll_loss 6.858 | bleu 11.1876 | ppl 116.01 | wps 0 | wpb 18701 | bsz 1400 | num_updates 11000 | best_bleu 12.5926 (progress_bar.py:269, print())
[2020-12-27 23:32:26]    INFO >> epoch 045 | loss 61.595 | nll_loss 4.673 | bleu 0 | ppl 25.51 | wps 5393.2 | ups 4.1 | wpb 1314.2 | bsz 99.7 | num_updates 11250 | lr 0.5 | gnorm 589.102 | clip 100 | train_wall 34 | wall 2683 (progress_bar.py:269, print())
[2020-12-27 23:32:46]    INFO >> epoch 045 | valid on 'valid' subset | loss 93.107 | nll_loss 6.97 | bleu 12.3978 | ppl 125.39 | wps 0 | wpb 18701 | bsz 1400 | num_updates 11250 | best_bleu 12.5926 (progress_bar.py:269, print())
[2020-12-27 23:33:33]    INFO >> epoch 046:    250 / 250 loss=61.397, nll_loss=4.658, bleu=0, ppl=25.25, wps=5111.3, ups=3.89, wpb=1314.2, bsz=99.7, num_updates=11500, lr=0.5, gnorm=592.219, clip=100, train_wall=73, wall=2750 (progress_bar.py:262, log())
[2020-12-27 23:33:33]    INFO >> epoch 046 | loss 61.2 | nll_loss 4.643 | bleu 0 | ppl 24.99 | wps 4860.3 | ups 3.7 | wpb 1314.2 | bsz 99.7 | num_updates 11500 | lr 0.5 | gnorm 595.336 | clip 100 | train_wall 39 | wall 2751 (progress_bar.py:269, print())
[2020-12-27 23:33:49]    INFO >> epoch 046 | valid on 'valid' subset | loss 91.755 | nll_loss 6.869 | bleu 12.1247 | ppl 116.89 | wps 0 | wpb 18701 | bsz 1400 | num_updates 11500 | best_bleu 12.5926 (progress_bar.py:269, print())
[2020-12-27 23:34:26]    INFO >> epoch 047 | loss 60.791 | nll_loss 4.612 | bleu 0 | ppl 24.46 | wps 6265.5 | ups 4.77 | wpb 1314.2 | bsz 99.7 | num_updates 11750 | lr 0.5 | gnorm 595.807 | clip 100 | train_wall 28 | wall 2803 (progress_bar.py:269, print())
[2020-12-27 23:34:46]    INFO >> epoch 047 | valid on 'valid' subset | loss 93.929 | nll_loss 7.032 | bleu 11.9584 | ppl 130.85 | wps 0 | wpb 18701 | bsz 1400 | num_updates 11750 | best_bleu 12.5926 (progress_bar.py:269, print())
[2020-12-27 23:35:30]    INFO >> epoch 048:    250 / 250 loss=60.567, nll_loss=4.595, bleu=0, ppl=24.17, wps=5581.4, ups=4.25, wpb=1314.2, bsz=99.7, num_updates=12000, lr=0.5, gnorm=596.691, clip=100, train_wall=65, wall=2868 (progress_bar.py:262, log())
[2020-12-27 23:35:31]    INFO >> epoch 048 | loss 60.342 | nll_loss 4.578 | bleu 0 | ppl 23.89 | wps 5035.1 | ups 3.83 | wpb 1314.2 | bsz 99.7 | num_updates 12000 | lr 0.5 | gnorm 597.576 | clip 100 | train_wall 37 | wall 2868 (progress_bar.py:269, print())
[2020-12-27 23:35:42]    INFO >> epoch 048 | valid on 'valid' subset | loss 93.114 | nll_loss 6.971 | bleu 12.121 | ppl 125.43 | wps 0 | wpb 18701 | bsz 1400 | num_updates 12000 | best_bleu 12.5926 (progress_bar.py:269, print())
[2020-12-27 23:36:26]    INFO >> epoch 049 | loss 59.83 | nll_loss 4.539 | bleu 0 | ppl 23.25 | wps 5984.3 | ups 4.55 | wpb 1314.2 | bsz 99.7 | num_updates 12250 | lr 0.5 | gnorm 598.422 | clip 100 | train_wall 35 | wall 2923 (progress_bar.py:269, print())
[2020-12-27 23:36:47]    INFO >> epoch 049 | valid on 'valid' subset | loss 94.338 | nll_loss 7.062 | bleu 9.96186 | ppl 133.66 | wps 0 | wpb 18701 | bsz 1400 | num_updates 12250 | best_bleu 12.5926 (progress_bar.py:269, print())
[2020-12-27 23:37:29]    INFO >> epoch 050:    250 / 250 loss=59.658, nll_loss=4.526, bleu=0, ppl=23.04, wps=5540.1, ups=4.22, wpb=1314.2, bsz=99.7, num_updates=12500, lr=0.5, gnorm=598.97, clip=100, train_wall=69, wall=2986 (progress_bar.py:262, log())
[2020-12-27 23:37:30]    INFO >> epoch 050 | loss 59.486 | nll_loss 4.513 | bleu 0 | ppl 22.83 | wps 5161.1 | ups 3.93 | wpb 1314.2 | bsz 99.7 | num_updates 12500 | lr 0.5 | gnorm 599.518 | clip 100 | train_wall 34 | wall 2987 (progress_bar.py:269, print())
[2020-12-27 23:37:47]    INFO >> epoch 050 | valid on 'valid' subset | loss 95.111 | nll_loss 7.12 | bleu 12.1009 | ppl 139.12 | wps 0 | wpb 18701 | bsz 1400 | num_updates 12500 | best_bleu 12.5926 (progress_bar.py:269, print())
[2020-12-27 23:38:30]    INFO >> epoch 051 | loss 59.044 | nll_loss 4.48 | bleu 0 | ppl 22.31 | wps 5473.7 | ups 4.16 | wpb 1314.2 | bsz 99.7 | num_updates 12750 | lr 0.5 | gnorm 603.119 | clip 100 | train_wall 34 | wall 3047 (progress_bar.py:269, print())
[2020-12-27 23:38:45]    INFO >> epoch 051 | valid on 'valid' subset | loss 94.103 | nll_loss 7.045 | bleu 11.3554 | ppl 132.03 | wps 0 | wpb 18701 | bsz 1400 | num_updates 12750 | best_bleu 12.5926 (progress_bar.py:269, print())
[2020-12-27 23:39:25]    INFO >> epoch 052:    250 / 250 loss=58.833, nll_loss=4.464, bleu=0, ppl=22.06, wps=5655.1, ups=4.3, wpb=1314.2, bsz=99.7, num_updates=13000, lr=0.5, gnorm=603.71, clip=100, train_wall=66, wall=3103 (progress_bar.py:262, log())
[2020-12-27 23:39:26]    INFO >> epoch 052 | loss 58.622 | nll_loss 4.448 | bleu 0 | ppl 21.82 | wps 5842.4 | ups 4.45 | wpb 1314.2 | bsz 99.7 | num_updates 13000 | lr 0.5 | gnorm 604.301 | clip 100 | train_wall 32 | wall 3103 (progress_bar.py:269, print())
[2020-12-27 23:39:47]    INFO >> epoch 052 | valid on 'valid' subset | loss 94.63 | nll_loss 7.084 | bleu 12.2363 | ppl 135.7 | wps 0 | wpb 18701 | bsz 1400 | num_updates 13000 | best_bleu 12.5926 (progress_bar.py:269, print())
[2020-12-27 23:40:35]    INFO >> epoch 053 | loss 58.14 | nll_loss 4.411 | bleu 0 | ppl 21.27 | wps 4781 | ups 3.64 | wpb 1314.2 | bsz 99.7 | num_updates 13250 | lr 0.5 | gnorm 605.96 | clip 100 | train_wall 39 | wall 3172 (progress_bar.py:269, print())
[2020-12-27 23:40:55]    INFO >> epoch 053 | valid on 'valid' subset | loss 95.386 | nll_loss 7.141 | bleu 11.0918 | ppl 141.13 | wps 0 | wpb 18701 | bsz 1400 | num_updates 13250 | best_bleu 12.5926 (progress_bar.py:269, print())
[2020-12-27 23:41:34]    INFO >> epoch 054:    250 / 250 loss=57.986, nll_loss=4.399, bleu=0, ppl=21.1, wps=5088.6, ups=3.87, wpb=1314.2, bsz=99.7, num_updates=13500, lr=0.5, gnorm=605.482, clip=100, train_wall=70, wall=3232 (progress_bar.py:262, log())
[2020-12-27 23:41:35]    INFO >> epoch 054 | loss 57.833 | nll_loss 4.388 | bleu 0 | ppl 20.93 | wps 5436.2 | ups 4.14 | wpb 1314.2 | bsz 99.7 | num_updates 13500 | lr 0.5 | gnorm 605.003 | clip 100 | train_wall 32 | wall 3232 (progress_bar.py:269, print())
[2020-12-27 23:41:51]    INFO >> epoch 054 | valid on 'valid' subset | loss 95.789 | nll_loss 7.171 | bleu 11.9517 | ppl 144.11 | wps 0 | wpb 18701 | bsz 1400 | num_updates 13500 | best_bleu 12.5926 (progress_bar.py:269, print())
[2020-12-27 23:42:37]    INFO >> epoch 055 | loss 57.414 | nll_loss 4.356 | bleu 0 | ppl 20.48 | wps 5337 | ups 4.06 | wpb 1314.2 | bsz 99.7 | num_updates 13750 | lr 0.5 | gnorm 608.669 | clip 100 | train_wall 37 | wall 3294 (progress_bar.py:269, print())
[2020-12-27 23:42:49]    INFO >> epoch 055 | valid on 'valid' subset | loss 96.093 | nll_loss 7.194 | bleu 12.0992 | ppl 146.39 | wps 0 | wpb 18701 | bsz 1400 | num_updates 13750 | best_bleu 12.5926 (progress_bar.py:269, print())
[2020-12-27 23:43:35]    INFO >> epoch 056:    250 / 250 loss=57.236, nll_loss=4.342, bleu=0, ppl=20.29, wps=5458.8, ups=4.15, wpb=1314.2, bsz=99.7, num_updates=14000, lr=0.5, gnorm=608.908, clip=100, train_wall=75, wall=3352 (progress_bar.py:262, log())
[2020-12-27 23:43:35]    INFO >> epoch 056 | loss 57.058 | nll_loss 4.329 | bleu 0 | ppl 20.1 | wps 5593.9 | ups 4.26 | wpb 1314.2 | bsz 99.7 | num_updates 14000 | lr 0.5 | gnorm 609.146 | clip 100 | train_wall 38 | wall 3353 (progress_bar.py:269, print())
[2020-12-27 23:43:56]    INFO >> epoch 056 | valid on 'valid' subset | loss 95.767 | nll_loss 7.169 | bleu 12.0663 | ppl 143.94 | wps 0 | wpb 18701 | bsz 1400 | num_updates 14000 | best_bleu 12.5926 (progress_bar.py:269, print())
[2020-12-27 23:44:40]    INFO >> epoch 057 | loss 56.659 | nll_loss 4.299 | bleu 0 | ppl 19.68 | wps 5072.5 | ups 3.86 | wpb 1314.2 | bsz 99.7 | num_updates 14250 | lr 0.5 | gnorm 611.103 | clip 100 | train_wall 36 | wall 3417 (progress_bar.py:269, print())
[2020-12-27 23:44:56]    INFO >> epoch 057 | valid on 'valid' subset | loss 97.247 | nll_loss 7.28 | bleu 12.249 | ppl 155.43 | wps 0 | wpb 18701 | bsz 1400 | num_updates 14250 | best_bleu 12.5926 (progress_bar.py:269, print())
[2020-12-27 23:45:43]    INFO >> epoch 058:    250 / 250 loss=56.479, nll_loss=4.285, bleu=0, ppl=19.49, wps=5133.4, ups=3.91, wpb=1314.2, bsz=99.7, num_updates=14500, lr=0.5, gnorm=612.573, clip=100, train_wall=75, wall=3480 (progress_bar.py:262, log())
[2020-12-27 23:45:43]    INFO >> epoch 058 | loss 56.298 | nll_loss 4.271 | bleu 0 | ppl 19.31 | wps 5193.7 | ups 3.95 | wpb 1314.2 | bsz 99.7 | num_updates 14500 | lr 0.5 | gnorm 614.043 | clip 100 | train_wall 39 | wall 3481 (progress_bar.py:269, print())
[2020-12-27 23:46:04]    INFO >> epoch 058 | valid on 'valid' subset | loss 97.412 | nll_loss 7.293 | bleu 11.795 | ppl 156.77 | wps 0 | wpb 18701 | bsz 1400 | num_updates 14500 | best_bleu 12.5926 (progress_bar.py:269, print())
[2020-12-27 23:46:46]    INFO >> epoch 059 | loss 55.84 | nll_loss 4.236 | bleu 0 | ppl 18.85 | wps 5217.4 | ups 3.97 | wpb 1314.2 | bsz 99.7 | num_updates 14750 | lr 0.5 | gnorm 612.955 | clip 100 | train_wall 33 | wall 3544 (progress_bar.py:269, print())
[2020-12-27 23:47:02]    INFO >> epoch 059 | valid on 'valid' subset | loss 97.233 | nll_loss 7.279 | bleu 11.9452 | ppl 155.32 | wps 0 | wpb 18701 | bsz 1400 | num_updates 14750 | best_bleu 12.5926 (progress_bar.py:269, print())
[2020-12-27 23:47:38]    INFO >> epoch 060:    250 / 250 loss=55.699, nll_loss=4.226, bleu=0, ppl=18.71, wps=5705.9, ups=4.34, wpb=1314.2, bsz=99.7, num_updates=15000, lr=0.5, gnorm=614.737, clip=100, train_wall=61, wall=3595 (progress_bar.py:262, log())
[2020-12-27 23:47:38]    INFO >> epoch 060 | loss 55.557 | nll_loss 4.215 | bleu 0 | ppl 18.57 | wps 6297.5 | ups 4.79 | wpb 1314.2 | bsz 99.7 | num_updates 15000 | lr 0.5 | gnorm 616.52 | clip 100 | train_wall 28 | wall 3596 (progress_bar.py:269, print())
[2020-12-27 23:48:00]    INFO >> epoch 060 | valid on 'valid' subset | loss 97.41 | nll_loss 7.292 | bleu 10.9576 | ppl 156.75 | wps 0 | wpb 18701 | bsz 1400 | num_updates 15000 | best_bleu 12.5926 (progress_bar.py:269, print())
[2020-12-27 23:48:00]    INFO >> done training in 3616.8 seconds (train.py:298, single_main())
