nohup: ignoring input
[2020-12-27 08:08:31]    INFO >> Load arguments in /home/wanyao/yang/naturalcc-dev/run/summarization/tree2seq/config/csn_feng/go.fp16.yml (train.py:299, cli_main())
[2020-12-27 08:08:31]    INFO >> {'criterion': 'cross_entropy', 'optimizer': 'adam', 'lr_scheduler': 'fixed', 'tokenizer': None, 'bpe': None, 'common': {'no_progress_bar': 0, 'log_interval': 50, 'log_format': 'simple', 'tensorboard_logdir': '', 'memory_efficient_fp16': 1, 'fp16_no_flatten_grads': 1, 'fp16_init_scale': 128, 'fp16_scale_window': None, 'fp16_scale_tolerance': 0.0, 'min_loss_scale': 0.0001, 'threshold_loss_scale': None, 'empty_cache_freq': 0, 'task': 'graph_summarization', 'seed': 1, 'cpu': 0, 'fp16': 1, 'fp16_opt_level': '01', 'server_ip': '', 'server_port': ''}, 'dataset': {'num_workers': 0, 'skip_invalid_size_inputs_valid_test': 1, 'max_tokens': None, 'max_sentences': 128, 'required_batch_size_multiple': 8, 'dataset_impl': 'mmap', 'train_subset': 'train', 'valid_subset': 'valid', 'validate_interval': 1, 'fixed_validation_seed': None, 'disable_validation': 0, 'max_tokens_valid': None, 'max_sentences_valid': 512, 'curriculum': 0, 'gen_subset': 'test', 'num_shards': 1, 'shard_id': 0}, 'distributed_training': {'distributed_world_size': 4, 'distributed_rank': 0, 'distributed_backend': 'nccl', 'distributed_init_method': None, 'distributed_port': -1, 'device_id': 0, 'distributed_no_spawn': 0, 'ddp_backend': 'no_c10d', 'bucket_cap_mb': 25, 'fix_batches_to_gpus': None, 'find_unused_parameters': 0, 'fast_stat_sync': 0, 'broadcast_buffers': 0, 'global_sync_iter': 50, 'warmup_iterations': 500, 'local_rank': -1, 'block_momentum': 0.875, 'block_lr': 1, 'use_nbm': 0, 'average_sync': 0}, 'task': {'data': '/home/wanyao/.ncc/code_search_net_feng/sum_bin_ast/go/data-mmap', 'source_lang': 'bin_ast', 'target_lang': 'docstring_tokens', 'load_alignments': 0, 'left_pad_source': 0, 'left_pad_target': 0, 'max_source_positions': 512, 'max_target_positions': 30, 'upsample_primary': 1, 'truncate_source': 0, 'truncate_target': 1, 'append_eos_to_target': 1, 'eval_bleu': 1, 'eval_bleu_detok': 'space', 'eval_bleu_detok_args': None, 'eval_tokenized_bleu': 0, 'eval_bleu_remove_bpe': None, 'eval_bleu_args': None, 'eval_bleu_print_samples': 0}, 'model': {'arch': 'nary_tree2seq', 'encoder_embed_dim': 512, 'encoder_embed': None, 'encoder_freeze_embed': 0, 'encoder_hidden_size': 512, 'encoder_layers': 1, 'encoder_bidirectional': 0, 'decoder_embed_dim': 512, 'decoder_embed': None, 'decoder_freeze_embed': None, 'decoder_hidden_size': 512, 'decoder_layers': 1, 'decoder_out_embed_dim': 512, 'decoder_attention': 1, 'adaptive_softmax_cutoff': None, 'share_decoder_input_output_embed': 0, 'share_all_embeddings': 0, 'encoder_dropout_in': 0.1, 'encoder_dropout_out': 0.2, 'decoder_dropout_in': 0.1, 'decoder_dropout_out': 0.2, 'max_source_positions': 512, 'max_target_positions': 30}, 'optimization': {'max_epoch': 100, 'max_update': 0, 'clip_norm': 25, 'update_freq': [1], 'lr': [0.0004], 'min_lr': -1, 'use_bmuf': 0, 'force_anneal': 0, 'warmup_updates': 0, 'lr_shrink': 0.98, 'sentence_avg': 1, 'adam': {'adam_betas': '(0.9, 0.999)', 'adam_eps': 1e-08, 'weight_decay': 0.0, 'use_old_adam': 0}, 'weight_decay': 0.0, 'adam_epsilon': 1e-08, 'max_grad_norm': 1.0, 'num_train_epochs': 5, 'max_steps': -1, 'warmup_steps': 0, 'gradient_accumulation_steps': 1}, 'checkpoint': {'restore_file': 'checkpoint_last.pt', 'reset_dataloader': None, 'reset_lr_scheduler': None, 'reset_meters': None, 'reset_optimizer': None, 'optimizer_overrides': '{}', 'save_interval': 1, 'save_interval_updates': 0, 'keep_interval_updates': 0, 'keep_last_epochs': -1, 'keep_best_checkpoints': -1, 'no_save': 0, 'no_epoch_checkpoints': 1, 'no_last_checkpoints': 0, 'no_save_optimizer_state': None, 'best_checkpoint_metric': 'bleu', 'maximize_best_checkpoint_metric': 1, 'patience': 10, 'save_dir': '/home/wanyao/.ncc/code_search_net_feng/sum_bin_ast/go/data-mmap/nary_tree2seq/checkpoints', 'should_continue': 0, 'model_name_or_path': None, 'cache_dir': None, 'logging_steps': 500, 'save_steps': 2000, 'save_total_limit': 2, 'overwrite_output_dir': 0, 'overwrite_cache': 0}, 'eval': {'path': '/home/wanyao/.ncc/code_search_net_feng/sum_bin_ast/go/data-mmap/nary_tree2seq/checkpoints/checkpoint_best.pt', 'result_path': None, 'remove_bpe': None, 'quiet': 0, 'model_overrides': '{}', 'max_sentences': 2048, 'beam': 1, 'nbest': 1, 'max_len_a': 0, 'max_len_b': 30, 'min_len': 1, 'match_source_len': 0, 'no_early_stop': 0, 'unnormalized': 0, 'no_beamable_mm': 0, 'lenpen': 1, 'unkpen': 0, 'replace_unk': None, 'sacrebleu': 0, 'score_reference': 0, 'prefix_size': 0, 'no_repeat_ngram_size': 0, 'sampling': 0, 'sampling_topk': -1, 'sampling_topp': -1, 'temperature': 1.0, 'diverse_beam_groups': -1, 'diverse_beam_strength': 0.5, 'diversity_rate': -1.0, 'print_alignment': 0, 'print_step': 0, 'iter_decode_eos_penalty': 0.0, 'iter_decode_max_iter': 10, 'iter_decode_force_max_iter': 0, 'iter_decode_with_beam': 1, 'iter_decode_with_external_reranker': 0, 'retain_iter_history': 0, 'decoding_format': None, 'nltk_bleu': 1, 'rouge': 1}} (train.py:301, cli_main())
[2020-12-27 08:08:36]    INFO >> distributed init (rank 0): tcp://localhost:17104 (distributed_utils.py:89, distributed_init())
[2020-12-27 08:08:36]    INFO >> distributed init (rank 1): tcp://localhost:17104 (distributed_utils.py:89, distributed_init())
[2020-12-27 08:08:36]    INFO >> initialized host node14 as rank 1 (distributed_utils.py:98, distributed_init())
[2020-12-27 08:08:36]    INFO >> distributed init (rank 2): tcp://localhost:17104 (distributed_utils.py:89, distributed_init())
[2020-12-27 08:08:36]    INFO >> initialized host node14 as rank 2 (distributed_utils.py:98, distributed_init())
[2020-12-27 08:08:37]    INFO >> distributed init (rank 3): tcp://localhost:17104 (distributed_utils.py:89, distributed_init())
[2020-12-27 08:08:37]    INFO >> initialized host node14 as rank 3 (distributed_utils.py:98, distributed_init())
[2020-12-27 08:08:37]    INFO >> initialized host node14 as rank 0 (distributed_utils.py:98, distributed_init())
[2020-12-27 08:08:43]    INFO >> [bin_ast] dictionary: 28288 types (graph_summarization.py:169, setup_task())
[2020-12-27 08:08:43]    INFO >> [docstring_tokens] dictionary: 15992 types (graph_summarization.py:170, setup_task())
[2020-12-27 08:08:45]    INFO >> truncate valid.docstring_tokens to 30 (graph_summarization.py:96, load_langpair_dataset())
[2020-12-27 08:08:45]    INFO >> loaded 7325 examples from: /home/wanyao/.ncc/code_search_net_feng/sum_bin_ast/go/data-mmap/valid.bin_ast (graph_summarization.py:117, load_langpair_dataset())
[2020-12-27 08:08:45]    INFO >> loaded 7325 examples from: /home/wanyao/.ncc/code_search_net_feng/sum_bin_ast/go/data-mmap/valid.docstring_tokens (graph_summarization.py:118, load_langpair_dataset())
[2020-12-27 08:08:45]    INFO >> NaryTree2SeqModel(
  (encoder): NaryTreeLSTMEncoder(
    (embed_tokens): Embedding(28288, 512, padding_idx=0)
    (lstm): NaryTreeLSTMCell(
      (W_iou): Linear(in_features=512, out_features=1536, bias=False)
      (U_iou): Linear(in_features=1024, out_features=1536, bias=False)
      (U_f): Linear(in_features=1024, out_features=1024, bias=True)
    )
  )
  (decoder): LSTMDecoder(
    (embed_tokens): Embedding(15992, 512, padding_idx=0)
    (layers): ModuleList(
      (0): LSTMCell(1024, 512)
    )
    (attention): AttentionLayer(
      (input_proj): Linear(in_features=512, out_features=512, bias=False)
      (output_proj): Linear(in_features=1024, out_features=512, bias=False)
    )
    (fc_out): Linear(in_features=512, out_features=15992, bias=True)
  )
) (train.py:220, single_main())
[2020-12-27 08:08:45]    INFO >> model nary_tree2seq, criterion CrossEntropyCriterion (train.py:221, single_main())
[2020-12-27 08:08:45]    INFO >> num. model params: 38221944 (num. trained: 38221944) (train.py:224, single_main())
[2020-12-27 08:08:46]    INFO >> training on 4 GPUs (train.py:229, single_main())
[2020-12-27 08:08:46]    INFO >> max tokens per GPU = None and max sentences per GPU = 128 (train.py:232, single_main())
[2020-12-27 08:08:46]    INFO >> no existing checkpoint found /home/wanyao/.ncc/code_search_net_feng/sum_bin_ast/go/data-mmap/nary_tree2seq/checkpoints/checkpoint_last.pt (ncc_trainer.py:267, load_checkpoint())
[2020-12-27 08:08:46]    INFO >> loading train data for epoch 1 (ncc_trainer.py:281, get_train_iterator())
[2020-12-27 08:09:19]    INFO >> truncate train.docstring_tokens to 30 (graph_summarization.py:96, load_langpair_dataset())
[2020-12-27 08:09:19]    INFO >> loaded 167288 examples from: /home/wanyao/.ncc/code_search_net_feng/sum_bin_ast/go/data-mmap/train.bin_ast (graph_summarization.py:117, load_langpair_dataset())
[2020-12-27 08:09:19]    INFO >> loaded 167288 examples from: /home/wanyao/.ncc/code_search_net_feng/sum_bin_ast/go/data-mmap/train.docstring_tokens (graph_summarization.py:118, load_langpair_dataset())
[2020-12-27 08:09:20]    INFO >> using FusedAdam (adam.py:39, __init__())
[2020-12-27 08:10:02]    INFO >> epoch 001:     50 / 327 loss=166.155, nll_loss=9.908, bleu=0, ppl=960.97, wps=11470.1, ups=1.34, wpb=8585.8, bsz=512, num_updates=50, lr=0.0004, gnorm=10.92, clip=4, loss_scale=128, train_wall=40, wall=76 (progress_bar.py:262, log())
[2020-12-27 08:10:38]    INFO >> epoch 001:    100 / 327 loss=140.655, nll_loss=8.394, bleu=0, ppl=336.47, wps=12040.3, ups=1.4, wpb=8579.1, bsz=512, num_updates=100, lr=0.0004, gnorm=6.641, clip=0, loss_scale=128, train_wall=33, wall=112 (progress_bar.py:262, log())
[2020-12-27 08:11:14]    INFO >> epoch 001:    150 / 327 loss=129.698, nll_loss=7.782, bleu=0, ppl=220.06, wps=11886.2, ups=1.39, wpb=8530.8, bsz=511.8, num_updates=150, lr=0.0004, gnorm=7.11, clip=0, loss_scale=128, train_wall=34, wall=148 (progress_bar.py:262, log())
[2020-12-27 08:11:49]    INFO >> epoch 001:    200 / 327 loss=121.356, nll_loss=7.263, bleu=0, ppl=153.57, wps=12236.2, ups=1.43, wpb=8555.2, bsz=512, num_updates=200, lr=0.0004, gnorm=7.187, clip=0, loss_scale=128, train_wall=33, wall=183 (progress_bar.py:262, log())
[2020-12-27 08:12:25]    INFO >> epoch 001:    250 / 327 loss=114.452, nll_loss=6.864, bleu=0, ppl=116.52, wps=11838.4, ups=1.39, wpb=8536.7, bsz=512, num_updates=250, lr=0.0004, gnorm=7.975, clip=0, loss_scale=128, train_wall=34, wall=219 (progress_bar.py:262, log())
[2020-12-27 08:13:01]    INFO >> epoch 001:    300 / 327 loss=108.872, nll_loss=6.551, bleu=0, ppl=93.78, wps=11662.5, ups=1.37, wpb=8508.7, bsz=512, num_updates=300, lr=0.0004, gnorm=7.527, clip=0, loss_scale=128, train_wall=34, wall=255 (progress_bar.py:262, log())
[2020-12-27 08:13:19]    INFO >> epoch 001 | loss 128.245 | nll_loss 7.68 | bleu 0 | ppl 205.13 | wps 11902.5 | ups 1.39 | wpb 8542.3 | bsz 511.6 | num_updates 327 | lr 0.0004 | gnorm 7.867 | clip 0.6 | loss_scale 128 | train_wall 225 | wall 274 (progress_bar.py:269, print())
[2020-12-27 08:13:29]    INFO >> epoch 001 | valid on 'valid' subset | loss 102.291 | nll_loss 6.233 | bleu 13.619279434052011 | ppl 75.24 | wps 12011.1 | wpb 30051.2 | bsz 1831.2 | num_updates 327 (progress_bar.py:269, print())
[2020-12-27 08:13:30]    INFO >> saved checkpoint /home/wanyao/.ncc/code_search_net_feng/sum_bin_ast/go/data-mmap/nary_tree2seq/checkpoints/checkpoint_best.pt (epoch 1 @ 327 updates, score 13.619279434052011) (writing took 1.3841554829850793 seconds) (checkpoint_utils.py:81, save_checkpoint())
[2020-12-27 08:13:46]    INFO >> epoch 002:     23 / 327 loss=105.123, nll_loss=6.293, bleu=0, ppl=78.42, wps=9410, ups=1.11, wpb=8510, bsz=509.4, num_updates=350, lr=0.0004, gnorm=7.668, clip=0, loss_scale=128, train_wall=32, wall=301 (progress_bar.py:262, log())
[2020-12-27 08:14:22]    INFO >> epoch 002:     73 / 327 loss=100.952, nll_loss=6.052, bleu=0, ppl=66.33, wps=12016, ups=1.41, wpb=8538.6, bsz=511.8, num_updates=400, lr=0.0004, gnorm=8.044, clip=0, loss_scale=128, train_wall=33, wall=336 (progress_bar.py:262, log())
[2020-12-27 08:14:57]    INFO >> epoch 002:    123 / 327 loss=98.005, nll_loss=5.892, bleu=0, ppl=59.4, wps=12230.6, ups=1.44, wpb=8515.7, bsz=512, num_updates=450, lr=0.0004, gnorm=7.871, clip=0, loss_scale=128, train_wall=33, wall=371 (progress_bar.py:262, log())
[2020-12-27 08:15:31]    INFO >> epoch 002:    173 / 327 loss=96.958, nll_loss=5.794, bleu=0, ppl=55.48, wps=12495.9, ups=1.46, wpb=8568.1, bsz=512, num_updates=500, lr=0.0004, gnorm=7.884, clip=0, loss_scale=128, train_wall=32, wall=405 (progress_bar.py:262, log())
[2020-12-27 08:16:06]    INFO >> epoch 002:    223 / 327 loss=94.427, nll_loss=5.644, bleu=0, ppl=50, wps=12147.3, ups=1.42, wpb=8566.1, bsz=512, num_updates=550, lr=0.0004, gnorm=7.622, clip=0, loss_scale=128, train_wall=33, wall=441 (progress_bar.py:262, log())
[2020-12-27 08:16:42]    INFO >> epoch 002:    273 / 327 loss=92.484, nll_loss=5.546, bleu=0, ppl=46.71, wps=12061.5, ups=1.41, wpb=8538.4, bsz=512, num_updates=600, lr=0.0004, gnorm=7.504, clip=0, loss_scale=128, train_wall=33, wall=476 (progress_bar.py:262, log())
[2020-12-27 08:17:16]    INFO >> epoch 002:    323 / 327 loss=91.097, nll_loss=5.451, bleu=0, ppl=43.75, wps=12385.4, ups=1.45, wpb=8556, bsz=512, num_updates=650, lr=0.0004, gnorm=7.857, clip=0, loss_scale=128, train_wall=32, wall=510 (progress_bar.py:262, log())
[2020-12-27 08:17:20]    INFO >> epoch 002 | loss 96.161 | nll_loss 5.759 | bleu 0 | ppl 54.15 | wps 11630 | ups 1.36 | wpb 8542.3 | bsz 511.6 | num_updates 654 | lr 0.0004 | gnorm 7.796 | clip 0 | loss_scale 128 | train_wall 215 | wall 514 (progress_bar.py:269, print())
[2020-12-27 08:17:29]    INFO >> epoch 002 | valid on 'valid' subset | loss 89.074 | nll_loss 5.428 | bleu 16.59069819756422 | ppl 43.05 | wps 11885.8 | wpb 30051.2 | bsz 1831.2 | num_updates 654 | best_bleu 16.59069819756422 (progress_bar.py:269, print())
[2020-12-27 08:17:32]    INFO >> saved checkpoint /home/wanyao/.ncc/code_search_net_feng/sum_bin_ast/go/data-mmap/nary_tree2seq/checkpoints/checkpoint_best.pt (epoch 2 @ 654 updates, score 16.59069819756422) (writing took 2.456616493873298 seconds) (checkpoint_utils.py:81, save_checkpoint())
[2020-12-27 08:18:04]    INFO >> epoch 003:     46 / 327 loss=87.395, nll_loss=5.244, bleu=0, ppl=37.9, wps=8840.9, ups=1.04, wpb=8487.6, bsz=509.3, num_updates=700, lr=0.000392, gnorm=7.973, clip=0, loss_scale=128, train_wall=34, wall=558 (progress_bar.py:262, log())
[2020-12-27 08:18:39]    INFO >> epoch 003:     96 / 327 loss=86.494, nll_loss=5.171, bleu=0, ppl=36.04, wps=12447.3, ups=1.45, wpb=8563.4, bsz=512, num_updates=750, lr=0.000392, gnorm=8.29, clip=0, loss_scale=128, train_wall=32, wall=593 (progress_bar.py:262, log())
[2020-12-27 08:19:13]    INFO >> epoch 003:    146 / 327 loss=85.009, nll_loss=5.087, bleu=0, ppl=33.98, wps=12241.3, ups=1.43, wpb=8556.5, bsz=512, num_updates=800, lr=0.000392, gnorm=7.898, clip=0, loss_scale=128, train_wall=33, wall=628 (progress_bar.py:262, log())
[2020-12-27 08:19:49]    INFO >> epoch 003:    196 / 327 loss=83.967, nll_loss=5.044, bleu=0, ppl=32.99, wps=12152.8, ups=1.43, wpb=8523.2, bsz=512, num_updates=850, lr=0.000392, gnorm=7.993, clip=0, loss_scale=128, train_wall=33, wall=663 (progress_bar.py:262, log())
[2020-12-27 08:20:23]    INFO >> epoch 003:    246 / 327 loss=83.62, nll_loss=4.995, bleu=0, ppl=31.89, wps=12557, ups=1.47, wpb=8571.2, bsz=512, num_updates=900, lr=0.000392, gnorm=7.842, clip=0, loss_scale=128, train_wall=32, wall=697 (progress_bar.py:262, log())
[2020-12-27 08:20:58]    INFO >> epoch 003:    296 / 327 loss=82.89, nll_loss=4.957, bleu=0, ppl=31.06, wps=12084.1, ups=1.41, wpb=8562, bsz=512, num_updates=950, lr=0.000392, gnorm=7.898, clip=0, loss_scale=128, train_wall=33, wall=732 (progress_bar.py:262, log())
[2020-12-27 08:21:20]    INFO >> epoch 003 | loss 84.528 | nll_loss 5.062 | bleu 0 | ppl 33.41 | wps 11616.9 | ups 1.36 | wpb 8542.3 | bsz 511.6 | num_updates 981 | lr 0.000392 | gnorm 7.957 | clip 0 | loss_scale 128 | train_wall 214 | wall 754 (progress_bar.py:269, print())
[2020-12-27 08:21:29]    INFO >> epoch 003 | valid on 'valid' subset | loss 83.516 | nll_loss 5.089 | bleu 17.669349486788455 | ppl 34.04 | wps 12065.6 | wpb 30051.2 | bsz 1831.2 | num_updates 981 | best_bleu 17.669349486788455 (progress_bar.py:269, print())
[2020-12-27 08:21:32]    INFO >> saved checkpoint /home/wanyao/.ncc/code_search_net_feng/sum_bin_ast/go/data-mmap/nary_tree2seq/checkpoints/checkpoint_best.pt (epoch 3 @ 981 updates, score 17.669349486788455) (writing took 2.445772510021925 seconds) (checkpoint_utils.py:81, save_checkpoint())
[2020-12-27 08:21:45]    INFO >> epoch 004:     19 / 327 loss=80.463, nll_loss=4.839, bleu=0, ppl=28.61, wps=8955.9, ups=1.06, wpb=8471.7, bsz=509.4, num_updates=1000, lr=0.00038416, gnorm=7.895, clip=0, loss_scale=128, train_wall=33, wall=780 (progress_bar.py:262, log())
[2020-12-27 08:22:20]    INFO >> epoch 004:     69 / 327 loss=78.685, nll_loss=4.716, bleu=0, ppl=26.29, wps=12357, ups=1.45, wpb=8542.2, bsz=512, num_updates=1050, lr=0.00038416, gnorm=7.925, clip=0, loss_scale=128, train_wall=32, wall=814 (progress_bar.py:262, log())
[2020-12-27 08:22:54]    INFO >> epoch 004:    119 / 327 loss=78.763, nll_loss=4.702, bleu=0, ppl=26.03, wps=12473.3, ups=1.45, wpb=8576.2, bsz=512, num_updates=1100, lr=0.00038416, gnorm=7.85, clip=0, loss_scale=128, train_wall=32, wall=849 (progress_bar.py:262, log())
[2020-12-27 08:23:30]    INFO >> epoch 004:    169 / 327 loss=77.816, nll_loss=4.657, bleu=0, ppl=25.23, wps=12134.5, ups=1.42, wpb=8552.4, bsz=511.8, num_updates=1150, lr=0.00038416, gnorm=7.943, clip=0, loss_scale=128, train_wall=33, wall=884 (progress_bar.py:262, log())
[2020-12-27 08:24:05]    INFO >> epoch 004:    219 / 327 loss=77.414, nll_loss=4.623, bleu=0, ppl=24.65, wps=12139, ups=1.42, wpb=8573.1, bsz=512, num_updates=1200, lr=0.00038416, gnorm=8.107, clip=0, loss_scale=128, train_wall=33, wall=919 (progress_bar.py:262, log())
[2020-12-27 08:24:40]    INFO >> epoch 004:    269 / 327 loss=76.699, nll_loss=4.586, bleu=0, ppl=24.02, wps=12371.3, ups=1.44, wpb=8562.9, bsz=512, num_updates=1250, lr=0.00038416, gnorm=7.636, clip=0, loss_scale=128, train_wall=32, wall=954 (progress_bar.py:262, log())
[2020-12-27 08:25:14]    INFO >> epoch 004:    319 / 327 loss=75.626, nll_loss=4.548, bleu=0, ppl=23.4, wps=12329.3, ups=1.45, wpb=8512.9, bsz=512, num_updates=1300, lr=0.00038416, gnorm=8.038, clip=0, loss_scale=128, train_wall=32, wall=988 (progress_bar.py:262, log())
[2020-12-27 08:25:19]    INFO >> epoch 004 | loss 77.533 | nll_loss 4.643 | bleu 0 | ppl 24.99 | wps 11663.8 | ups 1.37 | wpb 8542.3 | bsz 511.6 | num_updates 1308 | lr 0.00038416 | gnorm 7.929 | clip 0 | loss_scale 128 | train_wall 213 | wall 994 (progress_bar.py:269, print())
[2020-12-27 08:25:29]    INFO >> epoch 004 | valid on 'valid' subset | loss 80.001 | nll_loss 4.875 | bleu 18.92376397753222 | ppl 29.35 | wps 12155.1 | wpb 30051.2 | bsz 1831.2 | num_updates 1308 | best_bleu 18.92376397753222 (progress_bar.py:269, print())
[2020-12-27 08:25:31]    INFO >> saved checkpoint /home/wanyao/.ncc/code_search_net_feng/sum_bin_ast/go/data-mmap/nary_tree2seq/checkpoints/checkpoint_best.pt (epoch 4 @ 1308 updates, score 18.92376397753222) (writing took 2.446169809438288 seconds) (checkpoint_utils.py:81, save_checkpoint())
[2020-12-27 08:26:00]    INFO >> epoch 005:     42 / 327 loss=73.723, nll_loss=4.429, bleu=0, ppl=21.55, wps=9233.7, ups=1.09, wpb=8476.6, bsz=509.3, num_updates=1350, lr=0.000376477, gnorm=7.758, clip=0, loss_scale=128, train_wall=32, wall=1034 (progress_bar.py:262, log())
[2020-12-27 08:26:35]    INFO >> epoch 005:     92 / 327 loss=73.59, nll_loss=4.394, bleu=0, ppl=21.02, wps=12284, ups=1.43, wpb=8575.8, bsz=512, num_updates=1400, lr=0.000376477, gnorm=8.24, clip=0, loss_scale=128, train_wall=33, wall=1069 (progress_bar.py:262, log())
[2020-12-27 08:27:11]    INFO >> epoch 005:    142 / 327 loss=72.624, nll_loss=4.344, bleu=0, ppl=20.31, wps=11915.2, ups=1.39, wpb=8559.6, bsz=512, num_updates=1450, lr=0.000376477, gnorm=8.052, clip=0, loss_scale=128, train_wall=34, wall=1105 (progress_bar.py:262, log())
[2020-12-27 08:27:46]    INFO >> epoch 005:    192 / 327 loss=72.683, nll_loss=4.356, bleu=0, ppl=20.48, wps=12050.3, ups=1.41, wpb=8542.8, bsz=512, num_updates=1500, lr=0.000376477, gnorm=7.805, clip=0, loss_scale=128, train_wall=33, wall=1141 (progress_bar.py:262, log())
[2020-12-27 08:28:20]    INFO >> epoch 005:    242 / 327 loss=72.164, nll_loss=4.317, bleu=0, ppl=19.94, wps=12624.2, ups=1.48, wpb=8558, bsz=512, num_updates=1550, lr=0.000376477, gnorm=7.961, clip=0, loss_scale=128, train_wall=32, wall=1174 (progress_bar.py:262, log())
[2020-12-27 08:28:55]    INFO >> epoch 005:    292 / 327 loss=71.408, nll_loss=4.292, bleu=0, ppl=19.59, wps=12359, ups=1.45, wpb=8518.5, bsz=512, num_updates=1600, lr=0.000376477, gnorm=7.88, clip=0, loss_scale=128, train_wall=32, wall=1209 (progress_bar.py:262, log())
[2020-12-27 08:29:19]    INFO >> epoch 005 | loss 72.536 | nll_loss 4.344 | bleu 0 | ppl 20.31 | wps 11655.7 | ups 1.36 | wpb 8542.3 | bsz 511.6 | num_updates 1635 | lr 0.000376477 | gnorm 7.927 | clip 0 | loss_scale 128 | train_wall 213 | wall 1233 (progress_bar.py:269, print())
[2020-12-27 08:29:29]    INFO >> epoch 005 | valid on 'valid' subset | loss 77.904 | nll_loss 4.747 | bleu 19.42700740992276 | ppl 26.86 | wps 12016.6 | wpb 30051.2 | bsz 1831.2 | num_updates 1635 | best_bleu 19.42700740992276 (progress_bar.py:269, print())
[2020-12-27 08:29:31]    INFO >> saved checkpoint /home/wanyao/.ncc/code_search_net_feng/sum_bin_ast/go/data-mmap/nary_tree2seq/checkpoints/checkpoint_best.pt (epoch 5 @ 1635 updates, score 19.42700740992276) (writing took 2.4284664653241634 seconds) (checkpoint_utils.py:81, save_checkpoint())
[2020-12-27 08:29:41]    INFO >> epoch 006:     15 / 327 loss=71.159, nll_loss=4.257, bleu=0, ppl=19.12, wps=9131.6, ups=1.07, wpb=8515.5, bsz=509.4, num_updates=1650, lr=0.000368947, gnorm=7.7, clip=0, loss_scale=128, train_wall=33, wall=1256 (progress_bar.py:262, log())
[2020-12-27 08:30:16]    INFO >> epoch 006:     65 / 327 loss=68.711, nll_loss=4.117, bleu=0, ppl=17.36, wps=12243.3, ups=1.43, wpb=8541.7, bsz=511.8, num_updates=1700, lr=0.000368947, gnorm=8.076, clip=0, loss_scale=128, train_wall=33, wall=1290 (progress_bar.py:262, log())
[2020-12-27 08:30:52]    INFO >> epoch 006:    115 / 327 loss=68.987, nll_loss=4.134, bleu=0, ppl=17.56, wps=12020.8, ups=1.41, wpb=8543.6, bsz=512, num_updates=1750, lr=0.000368947, gnorm=8.061, clip=0, loss_scale=128, train_wall=33, wall=1326 (progress_bar.py:262, log())
[2020-12-27 08:31:26]    INFO >> epoch 006:    165 / 327 loss=68.519, nll_loss=4.104, bleu=0, ppl=17.19, wps=12529.4, ups=1.47, wpb=8548.6, bsz=512, num_updates=1800, lr=0.000368947, gnorm=8.142, clip=0, loss_scale=128, train_wall=32, wall=1360 (progress_bar.py:262, log())
[2020-12-27 08:32:01]    INFO >> epoch 006:    215 / 327 loss=68.644, nll_loss=4.105, bleu=0, ppl=17.21, wps=12107.5, ups=1.41, wpb=8561.7, bsz=512, num_updates=1850, lr=0.000368947, gnorm=7.966, clip=0, loss_scale=128, train_wall=33, wall=1395 (progress_bar.py:262, log())
[2020-12-27 08:32:35]    INFO >> epoch 006:    265 / 327 loss=68.415, nll_loss=4.107, bleu=0, ppl=17.23, wps=12452.6, ups=1.46, wpb=8529, bsz=512, num_updates=1900, lr=0.000368947, gnorm=8.361, clip=0, loss_scale=128, train_wall=32, wall=1430 (progress_bar.py:262, log())
[2020-12-27 08:33:09]    INFO >> epoch 006:    315 / 327 loss=68.82, nll_loss=4.107, bleu=0, ppl=17.23, wps=12569.2, ups=1.46, wpb=8580.1, bsz=512, num_updates=1950, lr=0.000368947, gnorm=8.011, clip=0, loss_scale=128, train_wall=32, wall=1464 (progress_bar.py:262, log())
[2020-12-27 08:33:18]    INFO >> epoch 006 | loss 68.657 | nll_loss 4.112 | bleu 0 | ppl 17.29 | wps 11696.6 | ups 1.37 | wpb 8542.3 | bsz 511.6 | num_updates 1962 | lr 0.000368947 | gnorm 8.084 | clip 0 | loss_scale 128 | train_wall 213 | wall 1472 (progress_bar.py:269, print())
[2020-12-27 08:33:27]    INFO >> epoch 006 | valid on 'valid' subset | loss 76.414 | nll_loss 4.656 | bleu 19.84278149926112 | ppl 25.22 | wps 11991.4 | wpb 30051.2 | bsz 1831.2 | num_updates 1962 | best_bleu 19.84278149926112 (progress_bar.py:269, print())
[2020-12-27 08:33:30]    INFO >> saved checkpoint /home/wanyao/.ncc/code_search_net_feng/sum_bin_ast/go/data-mmap/nary_tree2seq/checkpoints/checkpoint_best.pt (epoch 6 @ 1962 updates, score 19.84278149926112) (writing took 2.4194734329357743 seconds) (checkpoint_utils.py:81, save_checkpoint())
[2020-12-27 08:33:56]    INFO >> epoch 007:     38 / 327 loss=65.84, nll_loss=3.946, bleu=0, ppl=15.41, wps=9066.8, ups=1.07, wpb=8499.9, bsz=509.4, num_updates=2000, lr=0.000361568, gnorm=8.203, clip=0, loss_scale=128, train_wall=33, wall=1511 (progress_bar.py:262, log())
[2020-12-27 08:34:31]    INFO >> epoch 007:     88 / 327 loss=65.559, nll_loss=3.92, bleu=0, ppl=15.14, wps=12229.8, ups=1.43, wpb=8561.8, bsz=512, num_updates=2050, lr=0.000361568, gnorm=8.241, clip=0, loss_scale=128, train_wall=33, wall=1546 (progress_bar.py:262, log())
[2020-12-27 08:35:06]    INFO >> epoch 007:    138 / 327 loss=65.951, nll_loss=3.945, bleu=0, ppl=15.4, wps=12436.9, ups=1.45, wpb=8560.4, bsz=512, num_updates=2100, lr=0.000361568, gnorm=8.374, clip=0, loss_scale=128, train_wall=32, wall=1580 (progress_bar.py:262, log())
[2020-12-27 08:35:40]    INFO >> epoch 007:    188 / 327 loss=65.795, nll_loss=3.931, bleu=0, ppl=15.25, wps=12678.1, ups=1.48, wpb=8570.7, bsz=512, num_updates=2150, lr=0.000361568, gnorm=8.319, clip=0, loss_scale=128, train_wall=32, wall=1614 (progress_bar.py:262, log())
[2020-12-27 08:36:14]    INFO >> epoch 007:    238 / 327 loss=65.109, nll_loss=3.908, bleu=0, ppl=15.01, wps=12250.8, ups=1.44, wpb=8527.2, bsz=511.8, num_updates=2200, lr=0.000361568, gnorm=8.322, clip=0, loss_scale=128, train_wall=33, wall=1649 (progress_bar.py:262, log())
[2020-12-27 08:36:49]    INFO >> epoch 007:    288 / 327 loss=65.502, nll_loss=3.93, bleu=0, ppl=15.24, wps=12223.1, ups=1.43, wpb=8533.2, bsz=512, num_updates=2250, lr=0.000361568, gnorm=8.545, clip=0, loss_scale=128, train_wall=33, wall=1684 (progress_bar.py:262, log())
[2020-12-27 08:37:16]    INFO >> epoch 007 | loss 65.514 | nll_loss 3.924 | bleu 0 | ppl 15.17 | wps 11751.6 | ups 1.38 | wpb 8542.3 | bsz 511.6 | num_updates 2289 | lr 0.000361568 | gnorm 8.351 | clip 0 | loss_scale 128 | train_wall 211 | wall 1710 (progress_bar.py:269, print())
[2020-12-27 08:37:27]    INFO >> epoch 007 | valid on 'valid' subset | loss 75.557 | nll_loss 4.604 | bleu 20.003744605324513 | ppl 24.32 | wps 9826.8 | wpb 30051.2 | bsz 1831.2 | num_updates 2289 | best_bleu 20.003744605324513 (progress_bar.py:269, print())
[2020-12-27 08:37:29]    INFO >> saved checkpoint /home/wanyao/.ncc/code_search_net_feng/sum_bin_ast/go/data-mmap/nary_tree2seq/checkpoints/checkpoint_best.pt (epoch 7 @ 2289 updates, score 20.003744605324513) (writing took 2.4100180258974433 seconds) (checkpoint_utils.py:81, save_checkpoint())
[2020-12-27 08:37:37]    INFO >> epoch 008:     11 / 327 loss=64.649, nll_loss=3.874, bleu=0, ppl=14.66, wps=8977.1, ups=1.06, wpb=8502, bsz=509.4, num_updates=2300, lr=0.000354337, gnorm=8.206, clip=0, loss_scale=128, train_wall=32, wall=1731 (progress_bar.py:262, log())
[2020-12-27 08:38:11]    INFO >> epoch 008:     61 / 327 loss=63.13, nll_loss=3.771, bleu=0, ppl=13.65, wps=12371.5, ups=1.44, wpb=8571.4, bsz=512, num_updates=2350, lr=0.000354337, gnorm=8.342, clip=0, loss_scale=128, train_wall=32, wall=1766 (progress_bar.py:262, log())
[2020-12-27 08:38:46]    INFO >> epoch 008:    111 / 327 loss=62.713, nll_loss=3.759, bleu=0, ppl=13.54, wps=12434.4, ups=1.46, wpb=8538.5, bsz=511.8, num_updates=2400, lr=0.000354337, gnorm=8.415, clip=0, loss_scale=128, train_wall=32, wall=1800 (progress_bar.py:262, log())
[2020-12-27 08:39:22]    INFO >> epoch 008:    161 / 327 loss=62.862, nll_loss=3.77, bleu=0, ppl=13.64, wps=11856.7, ups=1.39, wpb=8536.9, bsz=512, num_updates=2450, lr=0.000354337, gnorm=8.5, clip=0, loss_scale=128, train_wall=34, wall=1836 (progress_bar.py:262, log())
[2020-12-27 08:39:56]    INFO >> epoch 008:    211 / 327 loss=63.118, nll_loss=3.77, bleu=0, ppl=13.64, wps=12399.2, ups=1.45, wpb=8571.6, bsz=512, num_updates=2500, lr=0.000354337, gnorm=8.553, clip=0, loss_scale=128, train_wall=32, wall=1871 (progress_bar.py:262, log())
[2020-12-27 08:40:31]    INFO >> epoch 008:    261 / 327 loss=62.51, nll_loss=3.763, bleu=0, ppl=13.58, wps=12218.5, ups=1.44, wpb=8505.2, bsz=512, num_updates=2550, lr=0.000354337, gnorm=8.453, clip=0, loss_scale=128, train_wall=33, wall=1905 (progress_bar.py:262, log())
[2020-12-27 08:41:05]    INFO >> epoch 008:    311 / 327 loss=62.968, nll_loss=3.768, bleu=0, ppl=13.62, wps=12739.1, ups=1.49, wpb=8556.8, bsz=512, num_updates=2600, lr=0.000354337, gnorm=8.378, clip=0, loss_scale=128, train_wall=31, wall=1939 (progress_bar.py:262, log())
[2020-12-27 08:41:16]    INFO >> epoch 008 | loss 62.86 | nll_loss 3.765 | bleu 0 | ppl 13.59 | wps 11641.8 | ups 1.36 | wpb 8542.3 | bsz 511.6 | num_updates 2616 | lr 0.000354337 | gnorm 8.406 | clip 0 | loss_scale 128 | train_wall 212 | wall 1950 (progress_bar.py:269, print())
[2020-12-27 08:41:25]    INFO >> epoch 008 | valid on 'valid' subset | loss 74.993 | nll_loss 4.57 | bleu 20.0632269773026 | ppl 23.75 | wps 12030.8 | wpb 30051.2 | bsz 1831.2 | num_updates 2616 | best_bleu 20.0632269773026 (progress_bar.py:269, print())
[2020-12-27 08:41:27]    INFO >> saved checkpoint /home/wanyao/.ncc/code_search_net_feng/sum_bin_ast/go/data-mmap/nary_tree2seq/checkpoints/checkpoint_best.pt (epoch 8 @ 2616 updates, score 20.0632269773026) (writing took 2.464515646919608 seconds) (checkpoint_utils.py:81, save_checkpoint())
[2020-12-27 08:41:50]    INFO >> epoch 009:     34 / 327 loss=60.943, nll_loss=3.647, bleu=0, ppl=12.52, wps=9346.1, ups=1.1, wpb=8514.1, bsz=509.4, num_updates=2650, lr=0.00034725, gnorm=8.332, clip=0, loss_scale=128, train_wall=31, wall=1984 (progress_bar.py:262, log())
[2020-12-27 08:42:24]    INFO >> epoch 009:     84 / 327 loss=60.489, nll_loss=3.63, bleu=0, ppl=12.38, wps=12580.4, ups=1.47, wpb=8531.4, bsz=512, num_updates=2700, lr=0.00034725, gnorm=8.621, clip=0, loss_scale=128, train_wall=32, wall=2018 (progress_bar.py:262, log())
[2020-12-27 08:42:58]    INFO >> epoch 009:    134 / 327 loss=60.271, nll_loss=3.617, bleu=0, ppl=12.27, wps=12415.8, ups=1.46, wpb=8531.9, bsz=512, num_updates=2750, lr=0.00034725, gnorm=8.625, clip=0, loss_scale=128, train_wall=32, wall=2053 (progress_bar.py:262, log())
[2020-12-27 08:43:33]    INFO >> epoch 009:    184 / 327 loss=60.909, nll_loss=3.639, bleu=0, ppl=12.46, wps=12332.9, ups=1.44, wpb=8570.4, bsz=512, num_updates=2800, lr=0.00034725, gnorm=8.517, clip=0, loss_scale=128, train_wall=33, wall=2087 (progress_bar.py:262, log())
[2020-12-27 08:44:08]    INFO >> epoch 009:    234 / 327 loss=60.481, nll_loss=3.626, bleu=0, ppl=12.35, wps=12276.4, ups=1.44, wpb=8537.7, bsz=511.8, num_updates=2850, lr=0.00034725, gnorm=8.695, clip=0, loss_scale=128, train_wall=33, wall=2122 (progress_bar.py:262, log())
[2020-12-27 08:44:42]    INFO >> epoch 009:    284 / 327 loss=60.878, nll_loss=3.633, bleu=0, ppl=12.4, wps=12570.5, ups=1.46, wpb=8580.7, bsz=512, num_updates=2900, lr=0.00034725, gnorm=8.735, clip=0, loss_scale=128, train_wall=32, wall=2156 (progress_bar.py:262, log())
[2020-12-27 08:45:13]    INFO >> epoch 009 | loss 60.554 | nll_loss 3.626 | bleu 0 | ppl 12.35 | wps 11779.1 | ups 1.38 | wpb 8542.3 | bsz 511.6 | num_updates 2943 | lr 0.00034725 | gnorm 8.597 | clip 0 | loss_scale 128 | train_wall 211 | wall 2187 (progress_bar.py:269, print())
[2020-12-27 08:45:22]    INFO >> epoch 009 | valid on 'valid' subset | loss 74.921 | nll_loss 4.566 | bleu 20.24118445110195 | ppl 23.68 | wps 12155.2 | wpb 30051.2 | bsz 1831.2 | num_updates 2943 | best_bleu 20.24118445110195 (progress_bar.py:269, print())
[2020-12-27 08:45:25]    INFO >> saved checkpoint /home/wanyao/.ncc/code_search_net_feng/sum_bin_ast/go/data-mmap/nary_tree2seq/checkpoints/checkpoint_best.pt (epoch 9 @ 2943 updates, score 20.24118445110195) (writing took 2.4505095444619656 seconds) (checkpoint_utils.py:81, save_checkpoint())
[2020-12-27 08:45:29]    INFO >> epoch 010:      7 / 327 loss=60.052, nll_loss=3.603, bleu=0, ppl=12.15, wps=8971.2, ups=1.06, wpb=8491.7, bsz=509.4, num_updates=2950, lr=0.000340305, gnorm=8.552, clip=0, loss_scale=128, train_wall=33, wall=2204 (progress_bar.py:262, log())
[2020-12-27 08:46:04]    INFO >> epoch 010:     57 / 327 loss=58.406, nll_loss=3.498, bleu=0, ppl=11.3, wps=12389, ups=1.45, wpb=8545.7, bsz=511.8, num_updates=3000, lr=0.000340305, gnorm=8.609, clip=0, loss_scale=128, train_wall=32, wall=2238 (progress_bar.py:262, log())
[2020-12-27 08:46:38]    INFO >> epoch 010:    107 / 327 loss=58.486, nll_loss=3.495, bleu=0, ppl=11.27, wps=12428, ups=1.45, wpb=8569.1, bsz=512, num_updates=3050, lr=0.000340305, gnorm=8.911, clip=0, loss_scale=128, train_wall=32, wall=2273 (progress_bar.py:262, log())
[2020-12-27 08:47:14]    INFO >> epoch 010:    157 / 327 loss=58.145, nll_loss=3.484, bleu=0, ppl=11.19, wps=11913.1, ups=1.39, wpb=8544.6, bsz=512, num_updates=3100, lr=0.000340305, gnorm=8.903, clip=0, loss_scale=128, train_wall=34, wall=2309 (progress_bar.py:262, log())
[2020-12-27 08:47:49]    INFO >> epoch 010:    207 / 327 loss=58.629, nll_loss=3.52, bleu=0, ppl=11.48, wps=12121.1, ups=1.42, wpb=8526.8, bsz=512, num_updates=3150, lr=0.000340305, gnorm=8.959, clip=0, loss_scale=128, train_wall=33, wall=2344 (progress_bar.py:262, log())
[2020-12-27 08:48:24]    INFO >> epoch 010:    257 / 327 loss=58.489, nll_loss=3.512, bleu=0, ppl=11.41, wps=12273, ups=1.44, wpb=8527.7, bsz=512, num_updates=3200, lr=0.000340305, gnorm=8.864, clip=0, loss_scale=128, train_wall=33, wall=2378 (progress_bar.py:262, log())
[2020-12-27 08:48:57]    INFO >> epoch 010:    307 / 327 loss=58.857, nll_loss=3.52, bleu=0, ppl=11.47, wps=12968.8, ups=1.51, wpb=8561.7, bsz=512, num_updates=3250, lr=0.000340305, gnorm=8.82, clip=0, loss_scale=128, train_wall=31, wall=2411 (progress_bar.py:262, log())
[2020-12-27 08:49:11]    INFO >> epoch 010 | loss 58.513 | nll_loss 3.504 | bleu 0 | ppl 11.35 | wps 11726.6 | ups 1.37 | wpb 8542.3 | bsz 511.6 | num_updates 3270 | lr 0.000340305 | gnorm 8.838 | clip 0 | loss_scale 128 | train_wall 213 | wall 2425 (progress_bar.py:269, print())
[2020-12-27 08:49:20]    INFO >> epoch 010 | valid on 'valid' subset | loss 74.57 | nll_loss 4.544 | bleu 20.13661660796801 | ppl 23.33 | wps 12081.7 | wpb 30051.2 | bsz 1831.2 | num_updates 3270 | best_bleu 20.24118445110195 (progress_bar.py:269, print())
[2020-12-27 08:49:22]    INFO >> saved checkpoint /home/wanyao/.ncc/code_search_net_feng/sum_bin_ast/go/data-mmap/nary_tree2seq/checkpoints/checkpoint_last.pt (epoch 10 @ 3270 updates, score 20.13661660796801) (writing took 1.521052485331893 seconds) (checkpoint_utils.py:81, save_checkpoint())
[2020-12-27 08:49:43]    INFO >> epoch 011:     30 / 327 loss=57.591, nll_loss=3.426, bleu=0, ppl=10.75, wps=9401.5, ups=1.1, wpb=8563.2, bsz=509.4, num_updates=3300, lr=0.000333499, gnorm=8.835, clip=0, loss_scale=128, train_wall=32, wall=2457 (progress_bar.py:262, log())
[2020-12-27 08:50:17]    INFO >> epoch 011:     80 / 327 loss=55.889, nll_loss=3.361, bleu=0, ppl=10.27, wps=12338.2, ups=1.45, wpb=8514, bsz=512, num_updates=3350, lr=0.000333499, gnorm=8.701, clip=0, loss_scale=128, train_wall=32, wall=2492 (progress_bar.py:262, log())
[2020-12-27 08:50:51]    INFO >> epoch 011:    130 / 327 loss=56.485, nll_loss=3.387, bleu=0, ppl=10.46, wps=12475.6, ups=1.46, wpb=8536.8, bsz=511.8, num_updates=3400, lr=0.000333499, gnorm=8.906, clip=0, loss_scale=128, train_wall=32, wall=2526 (progress_bar.py:262, log())
[2020-12-27 08:51:26]    INFO >> epoch 011:    180 / 327 loss=56.948, nll_loss=3.41, bleu=0, ppl=10.63, wps=12322.3, ups=1.44, wpb=8549.9, bsz=512, num_updates=3450, lr=0.000333499, gnorm=9.173, clip=0, loss_scale=128, train_wall=33, wall=2560 (progress_bar.py:262, log())
[2020-12-27 08:52:01]    INFO >> epoch 011:    230 / 327 loss=56.742, nll_loss=3.411, bleu=0, ppl=10.64, wps=12030.8, ups=1.41, wpb=8516.1, bsz=512, num_updates=3500, lr=0.000333499, gnorm=9.194, clip=0, loss_scale=128, train_wall=33, wall=2596 (progress_bar.py:262, log())
[2020-12-27 08:52:35]    INFO >> epoch 011:    280 / 327 loss=56.919, nll_loss=3.399, bleu=0, ppl=10.55, wps=12608.3, ups=1.47, wpb=8573.7, bsz=512, num_updates=3550, lr=0.000333499, gnorm=8.963, clip=0, loss_scale=128, train_wall=32, wall=2630 (progress_bar.py:262, log())
[2020-12-27 08:53:08]    INFO >> epoch 011 | loss 56.659 | nll_loss 3.393 | bleu 0 | ppl 10.51 | wps 11796.5 | ups 1.38 | wpb 8542.3 | bsz 511.6 | num_updates 3597 | lr 0.000333499 | gnorm 8.976 | clip 0 | loss_scale 128 | train_wall 212 | wall 2662 (progress_bar.py:269, print())
[2020-12-27 08:53:17]    INFO >> epoch 011 | valid on 'valid' subset | loss 74.766 | nll_loss 4.556 | bleu 20.24733316958985 | ppl 23.52 | wps 12169.8 | wpb 30051.2 | bsz 1831.2 | num_updates 3597 | best_bleu 20.24733316958985 (progress_bar.py:269, print())
[2020-12-27 08:53:20]    INFO >> saved checkpoint /home/wanyao/.ncc/code_search_net_feng/sum_bin_ast/go/data-mmap/nary_tree2seq/checkpoints/checkpoint_best.pt (epoch 11 @ 3597 updates, score 20.24733316958985) (writing took 2.4347551995888352 seconds) (checkpoint_utils.py:81, save_checkpoint())
[2020-12-27 08:53:21]    INFO >> epoch 012:      3 / 327 loss=56.862, nll_loss=3.401, bleu=0, ppl=10.56, wps=9255.9, ups=1.09, wpb=8517.1, bsz=509.4, num_updates=3600, lr=0.000326829, gnorm=9.011, clip=0, loss_scale=128, train_wall=32, wall=2676 (progress_bar.py:262, log())
[2020-12-27 08:53:57]    INFO >> epoch 012:     53 / 327 loss=55.12, nll_loss=3.287, bleu=0, ppl=9.76, wps=12197.1, ups=1.42, wpb=8585.5, bsz=512, num_updates=3650, lr=0.000326829, gnorm=9.179, clip=0, loss_scale=128, train_wall=33, wall=2711 (progress_bar.py:262, log())
[2020-12-27 08:54:31]    INFO >> epoch 012:    103 / 327 loss=54.694, nll_loss=3.275, bleu=0, ppl=9.68, wps=12482.4, ups=1.46, wpb=8547.3, bsz=511.8, num_updates=3700, lr=0.000326829, gnorm=9.207, clip=0, loss_scale=128, train_wall=32, wall=2745 (progress_bar.py:262, log())
[2020-12-27 08:55:06]    INFO >> epoch 012:    153 / 327 loss=54.758, nll_loss=3.276, bleu=0, ppl=9.69, wps=12247.3, ups=1.43, wpb=8556.7, bsz=512, num_updates=3750, lr=0.000326829, gnorm=9.229, clip=0, loss_scale=128, train_wall=33, wall=2780 (progress_bar.py:262, log())
[2020-12-27 08:55:41]    INFO >> epoch 012:    203 / 327 loss=55.608, nll_loss=3.314, bleu=0, ppl=9.95, wps=12178.6, ups=1.42, wpb=8590.9, bsz=512, num_updates=3800, lr=0.000326829, gnorm=9.2, clip=0, loss_scale=128, train_wall=33, wall=2815 (progress_bar.py:262, log())
[2020-12-27 08:56:14]    INFO >> epoch 012:    253 / 327 loss=54.983, nll_loss=3.303, bleu=0, ppl=9.87, wps=12883.1, ups=1.51, wpb=8522.5, bsz=512, num_updates=3850, lr=0.000326829, gnorm=9.441, clip=0, loss_scale=128, train_wall=31, wall=2849 (progress_bar.py:262, log())
[2020-12-27 08:56:48]    INFO >> epoch 012:    303 / 327 loss=54.873, nll_loss=3.303, bleu=0, ppl=9.87, wps=12417.5, ups=1.46, wpb=8506.1, bsz=512, num_updates=3900, lr=0.000326829, gnorm=9.272, clip=0, loss_scale=128, train_wall=32, wall=2883 (progress_bar.py:262, log())
[2020-12-27 08:57:05]    INFO >> epoch 012 | loss 55.002 | nll_loss 3.294 | bleu 0 | ppl 9.81 | wps 11783.3 | ups 1.38 | wpb 8542.3 | bsz 511.6 | num_updates 3924 | lr 0.000326829 | gnorm 9.253 | clip 0 | loss_scale 128 | train_wall 211 | wall 2899 (progress_bar.py:269, print())
[2020-12-27 08:57:14]    INFO >> epoch 012 | valid on 'valid' subset | loss 74.608 | nll_loss 4.546 | bleu 20.188691480705728 | ppl 23.37 | wps 12142.6 | wpb 30051.2 | bsz 1831.2 | num_updates 3924 | best_bleu 20.24733316958985 (progress_bar.py:269, print())
[2020-12-27 08:57:16]    INFO >> saved checkpoint /home/wanyao/.ncc/code_search_net_feng/sum_bin_ast/go/data-mmap/nary_tree2seq/checkpoints/checkpoint_last.pt (epoch 12 @ 3924 updates, score 20.188691480705728) (writing took 1.5308657325804234 seconds) (checkpoint_utils.py:81, save_checkpoint())
[2020-12-27 08:57:33]    INFO >> epoch 013:     26 / 327 loss=53.937, nll_loss=3.228, bleu=0, ppl=9.37, wps=9572.7, ups=1.12, wpb=8513.5, bsz=509.4, num_updates=3950, lr=0.000320293, gnorm=9.187, clip=0, loss_scale=128, train_wall=31, wall=2927 (progress_bar.py:262, log())
[2020-12-27 08:58:08]    INFO >> epoch 013:     76 / 327 loss=52.929, nll_loss=3.175, bleu=0, ppl=9.03, wps=12301, ups=1.44, wpb=8535.9, bsz=512, num_updates=4000, lr=0.000320293, gnorm=9.262, clip=0, loss_scale=128, train_wall=33, wall=2962 (progress_bar.py:262, log())
[2020-12-27 08:58:42]    INFO >> epoch 013:    126 / 327 loss=53.566, nll_loss=3.195, bleu=0, ppl=9.16, wps=12536.8, ups=1.46, wpb=8582.8, bsz=512, num_updates=4050, lr=0.000320293, gnorm=9.404, clip=0, loss_scale=128, train_wall=32, wall=2996 (progress_bar.py:262, log())
[2020-12-27 08:59:18]    INFO >> epoch 013:    176 / 327 loss=53.511, nll_loss=3.207, bleu=0, ppl=9.23, wps=11985.7, ups=1.4, wpb=8544.1, bsz=512, num_updates=4100, lr=0.000320293, gnorm=9.306, clip=0, loss_scale=140.8, train_wall=34, wall=3032 (progress_bar.py:262, log())
[2020-12-27 08:59:52]    INFO >> epoch 013:    226 / 327 loss=54.589, nll_loss=3.274, bleu=0, ppl=9.67, wps=12218, ups=1.43, wpb=8534.7, bsz=511.8, num_updates=4150, lr=0.000320293, gnorm=10.4, clip=0, loss_scale=256, train_wall=33, wall=3067 (progress_bar.py:262, log())
[2020-12-27 09:00:26]    INFO >> epoch 013:    276 / 327 loss=55.259, nll_loss=3.308, bleu=0, ppl=9.9, wps=12621.9, ups=1.48, wpb=8553.2, bsz=512, num_updates=4200, lr=0.000320293, gnorm=9.695, clip=0, loss_scale=256, train_wall=32, wall=3101 (progress_bar.py:262, log())
[2020-12-27 09:01:02]    INFO >> epoch 013:    326 / 327 loss=54.576, nll_loss=3.277, bleu=0, ppl=9.69, wps=12114.4, ups=1.42, wpb=8526.4, bsz=512, num_updates=4250, lr=0.000320293, gnorm=9.577, clip=0, loss_scale=256, train_wall=33, wall=3136 (progress_bar.py:262, log())
[2020-12-27 09:01:02]    INFO >> epoch 013 | loss 53.976 | nll_loss 3.233 | bleu 0 | ppl 9.4 | wps 11769.8 | ups 1.38 | wpb 8542.3 | bsz 511.6 | num_updates 4251 | lr 0.000320293 | gnorm 9.568 | clip 0 | loss_scale 189.064 | train_wall 212 | wall 3136 (progress_bar.py:269, print())
[2020-12-27 09:01:11]    INFO >> epoch 013 | valid on 'valid' subset | loss 74.906 | nll_loss 4.565 | bleu 20.244696564780824 | ppl 23.66 | wps 12164.7 | wpb 30051.2 | bsz 1831.2 | num_updates 4251 | best_bleu 20.24733316958985 (progress_bar.py:269, print())
[2020-12-27 09:01:13]    INFO >> saved checkpoint /home/wanyao/.ncc/code_search_net_feng/sum_bin_ast/go/data-mmap/nary_tree2seq/checkpoints/checkpoint_last.pt (epoch 13 @ 4251 updates, score 20.244696564780824) (writing took 1.536005586385727 seconds) (checkpoint_utils.py:81, save_checkpoint())
[2020-12-27 09:01:48]    INFO >> epoch 014:     49 / 327 loss=52.446, nll_loss=3.136, bleu=0, ppl=8.79, wps=9066.9, ups=1.06, wpb=8520.7, bsz=509.4, num_updates=4300, lr=0.000313887, gnorm=9.649, clip=0, loss_scale=256, train_wall=34, wall=3183 (progress_bar.py:262, log())
[2020-12-27 09:02:23]    INFO >> epoch 014:     99 / 327 loss=52.877, nll_loss=3.163, bleu=0, ppl=8.96, wps=12317.4, ups=1.44, wpb=8555.8, bsz=511.8, num_updates=4350, lr=0.000313887, gnorm=9.619, clip=0, loss_scale=256, train_wall=33, wall=3218 (progress_bar.py:262, log())
[2020-12-27 09:02:56]    INFO >> epoch 014:    149 / 327 loss=52.399, nll_loss=3.15, bleu=0, ppl=8.88, wps=12937.8, ups=1.52, wpb=8515.7, bsz=512, num_updates=4400, lr=0.000313887, gnorm=9.479, clip=0, loss_scale=256, train_wall=31, wall=3250 (progress_bar.py:262, log())
[2020-12-27 09:03:29]    INFO >> epoch 014:    199 / 327 loss=52.379, nll_loss=3.135, bleu=0, ppl=8.79, wps=12966, ups=1.52, wpb=8553.5, bsz=512, num_updates=4450, lr=0.000313887, gnorm=9.514, clip=0, loss_scale=256, train_wall=31, wall=3283 (progress_bar.py:262, log())
[2020-12-27 09:04:04]    INFO >> epoch 014:    249 / 327 loss=52.979, nll_loss=3.168, bleu=0, ppl=8.99, wps=12162.8, ups=1.42, wpb=8563.4, bsz=512, num_updates=4500, lr=0.000313887, gnorm=9.623, clip=0, loss_scale=256, train_wall=33, wall=3319 (progress_bar.py:262, log())
[2020-12-27 09:04:39]    INFO >> epoch 014:    299 / 327 loss=52.994, nll_loss=3.176, bleu=0, ppl=9.04, wps=12214.4, ups=1.43, wpb=8544.4, bsz=512, num_updates=4550, lr=0.000313887, gnorm=9.751, clip=0, loss_scale=256, train_wall=33, wall=3354 (progress_bar.py:262, log())
[2020-12-27 09:04:59]    INFO >> epoch 014 | loss 52.701 | nll_loss 3.156 | bleu 0 | ppl 8.91 | wps 11815.9 | ups 1.38 | wpb 8542.3 | bsz 511.6 | num_updates 4578 | lr 0.000313887 | gnorm 9.611 | clip 0 | loss_scale 256 | train_wall 212 | wall 3373 (progress_bar.py:269, print())
[2020-12-27 09:05:08]    INFO >> epoch 014 | valid on 'valid' subset | loss 74.858 | nll_loss 4.562 | bleu 20.313026633443982 | ppl 23.62 | wps 12146.2 | wpb 30051.2 | bsz 1831.2 | num_updates 4578 | best_bleu 20.313026633443982 (progress_bar.py:269, print())
[2020-12-27 09:05:10]    INFO >> saved checkpoint /home/wanyao/.ncc/code_search_net_feng/sum_bin_ast/go/data-mmap/nary_tree2seq/checkpoints/checkpoint_best.pt (epoch 14 @ 4578 updates, score 20.313026633443982) (writing took 2.4531716955825686 seconds) (checkpoint_utils.py:81, save_checkpoint())
[2020-12-27 09:05:25]    INFO >> epoch 015:     22 / 327 loss=51.622, nll_loss=3.089, bleu=0, ppl=8.51, wps=9278.3, ups=1.09, wpb=8513.7, bsz=509.4, num_updates=4600, lr=0.000307609, gnorm=9.524, clip=0, loss_scale=256, train_wall=32, wall=3400 (progress_bar.py:262, log())
[2020-12-27 09:05:59]    INFO >> epoch 015:     72 / 327 loss=49.772, nll_loss=2.995, bleu=0, ppl=7.97, wps=12476.4, ups=1.47, wpb=8508.7, bsz=512, num_updates=4650, lr=0.000307609, gnorm=9.392, clip=0, loss_scale=256, train_wall=32, wall=3434 (progress_bar.py:262, log())
[2020-12-27 09:06:34]    INFO >> epoch 015:    122 / 327 loss=50.917, nll_loss=3.038, bleu=0, ppl=8.22, wps=12277.3, ups=1.43, wpb=8579.9, bsz=512, num_updates=4700, lr=0.000307609, gnorm=9.594, clip=0, loss_scale=256, train_wall=33, wall=3469 (progress_bar.py:262, log())
[2020-12-27 09:07:09]    INFO >> epoch 015:    172 / 327 loss=50.337, nll_loss=3.017, bleu=0, ppl=8.09, wps=12443.8, ups=1.46, wpb=8543, bsz=512, num_updates=4750, lr=0.000307609, gnorm=9.878, clip=0, loss_scale=256, train_wall=32, wall=3503 (progress_bar.py:262, log())
[2020-12-27 09:07:43]    INFO >> epoch 015:    222 / 327 loss=50.691, nll_loss=3.034, bleu=0, ppl=8.19, wps=12345.3, ups=1.44, wpb=8550.9, bsz=511.8, num_updates=4800, lr=0.000307609, gnorm=9.849, clip=0, loss_scale=256, train_wall=32, wall=3538 (progress_bar.py:262, log())
[2020-12-27 09:08:18]    INFO >> epoch 015:    272 / 327 loss=50.856, nll_loss=3.048, bleu=0, ppl=8.27, wps=12109.2, ups=1.42, wpb=8541.6, bsz=512, num_updates=4850, lr=0.000307609, gnorm=9.59, clip=0, loss_scale=256, train_wall=33, wall=3573 (progress_bar.py:262, log())
[2020-12-27 09:08:53]    INFO >> epoch 015:    322 / 327 loss=50.809, nll_loss=3.042, bleu=0, ppl=8.23, wps=12346.9, ups=1.44, wpb=8553, bsz=512, num_updates=4900, lr=0.000307609, gnorm=9.545, clip=0, loss_scale=256, train_wall=32, wall=3607 (progress_bar.py:262, log())
[2020-12-27 09:08:57]    INFO >> epoch 015 | loss 50.539 | nll_loss 3.027 | bleu 0 | ppl 8.15 | wps 11725.2 | ups 1.37 | wpb 8542.3 | bsz 511.6 | num_updates 4905 | lr 0.000307609 | gnorm 9.623 | clip 0 | loss_scale 256 | train_wall 212 | wall 3611 (progress_bar.py:269, print())
[2020-12-27 09:09:06]    INFO >> epoch 015 | valid on 'valid' subset | loss 75.352 | nll_loss 4.592 | bleu 20.256933313988952 | ppl 24.11 | wps 12078.1 | wpb 30051.2 | bsz 1831.2 | num_updates 4905 | best_bleu 20.313026633443982 (progress_bar.py:269, print())
[2020-12-27 09:09:08]    INFO >> saved checkpoint /home/wanyao/.ncc/code_search_net_feng/sum_bin_ast/go/data-mmap/nary_tree2seq/checkpoints/checkpoint_last.pt (epoch 15 @ 4905 updates, score 20.256933313988952) (writing took 1.544574972242117 seconds) (checkpoint_utils.py:81, save_checkpoint())
[2020-12-27 09:09:40]    INFO >> epoch 016:     45 / 327 loss=48.973, nll_loss=2.922, bleu=0, ppl=7.58, wps=9165.2, ups=1.07, wpb=8539.2, bsz=509.4, num_updates=4950, lr=0.000301457, gnorm=9.491, clip=0, loss_scale=256, train_wall=33, wall=3654 (progress_bar.py:262, log())
[2020-12-27 09:10:13]    INFO >> epoch 016:     95 / 327 loss=48.767, nll_loss=2.915, bleu=0, ppl=7.54, wps=12726.8, ups=1.49, wpb=8566.9, bsz=512, num_updates=5000, lr=0.000301457, gnorm=9.622, clip=0, loss_scale=256, train_wall=31, wall=3688 (progress_bar.py:262, log())
[2020-12-27 09:10:48]    INFO >> epoch 016:    145 / 327 loss=48.694, nll_loss=2.92, bleu=0, ppl=7.57, wps=12397.6, ups=1.45, wpb=8535.7, bsz=511.8, num_updates=5050, lr=0.000301457, gnorm=9.677, clip=0, loss_scale=256, train_wall=32, wall=3722 (progress_bar.py:262, log())
[2020-12-27 09:11:23]    INFO >> epoch 016:    195 / 327 loss=48.775, nll_loss=2.928, bleu=0, ppl=7.61, wps=12230.5, ups=1.43, wpb=8529.9, bsz=512, num_updates=5100, lr=0.000301457, gnorm=9.7, clip=0, loss_scale=256, train_wall=33, wall=3757 (progress_bar.py:262, log())
[2020-12-27 09:11:58]    INFO >> epoch 016:    245 / 327 loss=48.9, nll_loss=2.925, bleu=0, ppl=7.59, wps=12210.4, ups=1.43, wpb=8560.8, bsz=512, num_updates=5150, lr=0.000301457, gnorm=9.929, clip=0, loss_scale=256, train_wall=33, wall=3792 (progress_bar.py:262, log())
[2020-12-27 09:12:31]    INFO >> epoch 016:    295 / 327 loss=49.093, nll_loss=2.953, bleu=0, ppl=7.75, wps=12709.8, ups=1.49, wpb=8510.8, bsz=512, num_updates=5200, lr=0.000301457, gnorm=9.856, clip=0, loss_scale=256, train_wall=31, wall=3826 (progress_bar.py:262, log())
[2020-12-27 09:12:53]    INFO >> epoch 016 | loss 48.842 | nll_loss 2.925 | bleu 0 | ppl 7.6 | wps 11833.3 | ups 1.39 | wpb 8542.3 | bsz 511.6 | num_updates 5232 | lr 0.000301457 | gnorm 9.712 | clip 0 | loss_scale 256 | train_wall 211 | wall 3847 (progress_bar.py:269, print())
[2020-12-27 09:13:02]    INFO >> epoch 016 | valid on 'valid' subset | loss 75.593 | nll_loss 4.606 | bleu 20.181377876111693 | ppl 24.36 | wps 12200.2 | wpb 30051.2 | bsz 1831.2 | num_updates 5232 | best_bleu 20.313026633443982 (progress_bar.py:269, print())
[2020-12-27 09:13:04]    INFO >> saved checkpoint /home/wanyao/.ncc/code_search_net_feng/sum_bin_ast/go/data-mmap/nary_tree2seq/checkpoints/checkpoint_last.pt (epoch 16 @ 5232 updates, score 20.181377876111693) (writing took 1.5330547410994768 seconds) (checkpoint_utils.py:81, save_checkpoint())
[2020-12-27 09:13:16]    INFO >> epoch 017:     18 / 327 loss=48.343, nll_loss=2.891, bleu=0, ppl=7.42, wps=9513, ups=1.12, wpb=8520.2, bsz=509.4, num_updates=5250, lr=0.000295428, gnorm=9.688, clip=0, loss_scale=256, train_wall=32, wall=3870 (progress_bar.py:262, log())
[2020-12-27 09:13:51]    INFO >> epoch 017:     68 / 327 loss=47.105, nll_loss=2.821, bleu=0, ppl=7.07, wps=12253.8, ups=1.43, wpb=8549.9, bsz=512, num_updates=5300, lr=0.000295428, gnorm=9.6, clip=0, loss_scale=256, train_wall=33, wall=3905 (progress_bar.py:262, log())
[2020-12-27 09:14:26]    INFO >> epoch 017:    118 / 327 loss=46.929, nll_loss=2.805, bleu=0, ppl=6.99, wps=12338.2, ups=1.44, wpb=8566.6, bsz=512, num_updates=5350, lr=0.000295428, gnorm=10.111, clip=0, loss_scale=256, train_wall=33, wall=3940 (progress_bar.py:262, log())
[2020-12-27 09:14:59]    INFO >> epoch 017:    168 / 327 loss=47.261, nll_loss=2.83, bleu=0, ppl=7.11, wps=12787.2, ups=1.5, wpb=8550.8, bsz=512, num_updates=5400, lr=0.000295428, gnorm=10.153, clip=0, loss_scale=256, train_wall=31, wall=3973 (progress_bar.py:262, log())
[2020-12-27 09:15:34]    INFO >> epoch 017:    218 / 327 loss=47.664, nll_loss=2.857, bleu=0, ppl=7.25, wps=12245.8, ups=1.43, wpb=8541.2, bsz=512, num_updates=5450, lr=0.000295428, gnorm=10.039, clip=0, loss_scale=256, train_wall=33, wall=4008 (progress_bar.py:262, log())
[2020-12-27 09:16:10]    INFO >> epoch 017:    268 / 327 loss=47.885, nll_loss=2.862, bleu=0, ppl=7.27, wps=12013.1, ups=1.4, wpb=8565, bsz=512, num_updates=5500, lr=0.000295428, gnorm=9.942, clip=0, loss_scale=256, train_wall=33, wall=4044 (progress_bar.py:262, log())
[2020-12-27 09:16:43]    INFO >> epoch 017:    318 / 327 loss=47.897, nll_loss=2.88, bleu=0, ppl=7.36, wps=12635, ups=1.48, wpb=8511.8, bsz=511.8, num_updates=5550, lr=0.000295428, gnorm=9.849, clip=0, loss_scale=256, train_wall=32, wall=4078 (progress_bar.py:262, log())
[2020-12-27 09:16:49]    INFO >> epoch 017 | loss 47.461 | nll_loss 2.842 | bleu 0 | ppl 7.17 | wps 11809.9 | ups 1.38 | wpb 8542.3 | bsz 511.6 | num_updates 5559 | lr 0.000295428 | gnorm 9.94 | clip 0 | loss_scale 256 | train_wall 211 | wall 4084 (progress_bar.py:269, print())
[2020-12-27 09:16:59]    INFO >> epoch 017 | valid on 'valid' subset | loss 76.078 | nll_loss 4.636 | bleu 20.24925254685972 | ppl 24.86 | wps 12152.2 | wpb 30051.2 | bsz 1831.2 | num_updates 5559 | best_bleu 20.313026633443982 (progress_bar.py:269, print())
[2020-12-27 09:17:00]    INFO >> saved checkpoint /home/wanyao/.ncc/code_search_net_feng/sum_bin_ast/go/data-mmap/nary_tree2seq/checkpoints/checkpoint_last.pt (epoch 17 @ 5559 updates, score 20.24925254685972) (writing took 1.5322195198386908 seconds) (checkpoint_utils.py:81, save_checkpoint())
[2020-12-27 09:17:27]    INFO >> epoch 018:     41 / 327 loss=46.168, nll_loss=2.759, bleu=0, ppl=6.77, wps=9670.4, ups=1.13, wpb=8526, bsz=509.4, num_updates=5600, lr=0.000289519, gnorm=9.92, clip=0, loss_scale=256, train_wall=31, wall=4122 (progress_bar.py:262, log())
[2020-12-27 09:18:02]    INFO >> epoch 018:     91 / 327 loss=45.639, nll_loss=2.745, bleu=0, ppl=6.7, wps=12304.8, ups=1.45, wpb=8509.4, bsz=511.8, num_updates=5650, lr=0.000289519, gnorm=9.987, clip=0, loss_scale=256, train_wall=32, wall=4156 (progress_bar.py:262, log())
[2020-12-27 09:18:36]    INFO >> epoch 018:    141 / 327 loss=46.144, nll_loss=2.755, bleu=0, ppl=6.75, wps=12566.9, ups=1.47, wpb=8575.9, bsz=512, num_updates=5700, lr=0.000289519, gnorm=10.14, clip=0, loss_scale=256, train_wall=32, wall=4190 (progress_bar.py:262, log())
[2020-12-27 09:19:11]    INFO >> epoch 018:    191 / 327 loss=46.7, nll_loss=2.783, bleu=0, ppl=6.89, wps=12363.1, ups=1.44, wpb=8590.1, bsz=512, num_updates=5750, lr=0.000289519, gnorm=10.163, clip=0, loss_scale=256, train_wall=33, wall=4225 (progress_bar.py:262, log())
[2020-12-27 09:19:44]    INFO >> epoch 018:    241 / 327 loss=46.308, nll_loss=2.78, bleu=0, ppl=6.87, wps=12738.3, ups=1.49, wpb=8529.2, bsz=512, num_updates=5800, lr=0.000289519, gnorm=10.105, clip=0, loss_scale=256, train_wall=31, wall=4259 (progress_bar.py:262, log())
[2020-12-27 09:20:19]    INFO >> epoch 018:    291 / 327 loss=46.492, nll_loss=2.786, bleu=0, ppl=6.9, wps=12246.5, ups=1.43, wpb=8545.1, bsz=512, num_updates=5850, lr=0.000289519, gnorm=10.044, clip=0, loss_scale=256, train_wall=33, wall=4293 (progress_bar.py:262, log())
[2020-12-27 09:20:44]    INFO >> epoch 018 | loss 46.239 | nll_loss 2.769 | bleu 0 | ppl 6.82 | wps 11912.4 | ups 1.39 | wpb 8542.3 | bsz 511.6 | num_updates 5886 | lr 0.000289519 | gnorm 10.071 | clip 0 | loss_scale 256 | train_wall 209 | wall 4318 (progress_bar.py:269, print())
[2020-12-27 09:20:53]    INFO >> epoch 018 | valid on 'valid' subset | loss 76.571 | nll_loss 4.666 | bleu 19.99119712713713 | ppl 25.39 | wps 12202.8 | wpb 30051.2 | bsz 1831.2 | num_updates 5886 | best_bleu 20.313026633443982 (progress_bar.py:269, print())
[2020-12-27 09:20:55]    INFO >> saved checkpoint /home/wanyao/.ncc/code_search_net_feng/sum_bin_ast/go/data-mmap/nary_tree2seq/checkpoints/checkpoint_last.pt (epoch 18 @ 5886 updates, score 19.99119712713713) (writing took 1.540658550336957 seconds) (checkpoint_utils.py:81, save_checkpoint())
[2020-12-27 09:21:04]    INFO >> epoch 019:     14 / 327 loss=45.973, nll_loss=2.765, bleu=0, ppl=6.8, wps=9489.7, ups=1.12, wpb=8471.7, bsz=509.4, num_updates=5900, lr=0.000283729, gnorm=10.078, clip=0, loss_scale=256, train_wall=32, wall=4338 (progress_bar.py:262, log())
[2020-12-27 09:21:38]    INFO >> epoch 019:     64 / 327 loss=44.547, nll_loss=2.675, bleu=0, ppl=6.39, wps=12614.4, ups=1.48, wpb=8526.9, bsz=512, num_updates=5950, lr=0.000283729, gnorm=10.167, clip=0, loss_scale=256, train_wall=32, wall=4372 (progress_bar.py:262, log())
[2020-12-27 09:22:12]    INFO >> epoch 019:    114 / 327 loss=44.946, nll_loss=2.691, bleu=0, ppl=6.46, wps=12541.9, ups=1.47, wpb=8550.5, bsz=512, num_updates=6000, lr=0.000283729, gnorm=10.139, clip=0, loss_scale=256, train_wall=32, wall=4406 (progress_bar.py:262, log())
[2020-12-27 09:22:47]    INFO >> epoch 019:    164 / 327 loss=45.217, nll_loss=2.702, bleu=0, ppl=6.51, wps=12120.3, ups=1.41, wpb=8568.4, bsz=512, num_updates=6050, lr=0.000283729, gnorm=10.204, clip=0, loss_scale=256, train_wall=33, wall=4441 (progress_bar.py:262, log())
[2020-12-27 09:23:22]    INFO >> epoch 019:    214 / 327 loss=45.21, nll_loss=2.714, bleu=0, ppl=6.56, wps=12162.1, ups=1.43, wpb=8527.9, bsz=512, num_updates=6100, lr=0.000283729, gnorm=10.27, clip=0, loss_scale=256, train_wall=33, wall=4476 (progress_bar.py:262, log())
[2020-12-27 09:23:56]    INFO >> epoch 019:    264 / 327 loss=45.408, nll_loss=2.713, bleu=0, ppl=6.56, wps=12721.8, ups=1.48, wpb=8568.6, bsz=512, num_updates=6150, lr=0.000283729, gnorm=10.293, clip=0, loss_scale=256, train_wall=32, wall=4510 (progress_bar.py:262, log())
[2020-12-27 09:24:30]    INFO >> epoch 019:    314 / 327 loss=45.606, nll_loss=2.726, bleu=0, ppl=6.62, wps=12646.3, ups=1.48, wpb=8565.5, bsz=512, num_updates=6200, lr=0.000283729, gnorm=10.406, clip=0, loss_scale=256, train_wall=32, wall=4544 (progress_bar.py:262, log())
[2020-12-27 09:24:39]    INFO >> epoch 019 | loss 45.117 | nll_loss 2.702 | bleu 0 | ppl 6.51 | wps 11881.7 | ups 1.39 | wpb 8542.3 | bsz 511.6 | num_updates 6213 | lr 0.000283729 | gnorm 10.243 | clip 0 | loss_scale 256 | train_wall 210 | wall 4553 (progress_bar.py:269, print())
[2020-12-27 09:24:48]    INFO >> epoch 019 | valid on 'valid' subset | loss 76.985 | nll_loss 4.691 | bleu 20.087697130459553 | ppl 25.83 | wps 12136.6 | wpb 30051.2 | bsz 1831.2 | num_updates 6213 | best_bleu 20.313026633443982 (progress_bar.py:269, print())
[2020-12-27 09:24:50]    INFO >> saved checkpoint /home/wanyao/.ncc/code_search_net_feng/sum_bin_ast/go/data-mmap/nary_tree2seq/checkpoints/checkpoint_last.pt (epoch 19 @ 6213 updates, score 20.087697130459553) (writing took 1.5389223219826818 seconds) (checkpoint_utils.py:81, save_checkpoint())
[2020-12-27 09:25:16]    INFO >> epoch 020:     37 / 327 loss=44.035, nll_loss=2.636, bleu=0, ppl=6.22, wps=9188, ups=1.08, wpb=8506.8, bsz=509.3, num_updates=6250, lr=0.000278054, gnorm=10.455, clip=0, loss_scale=256, train_wall=33, wall=4590 (progress_bar.py:262, log())
[2020-12-27 09:25:50]    INFO >> epoch 020:     87 / 327 loss=43.721, nll_loss=2.62, bleu=0, ppl=6.15, wps=12612.5, ups=1.48, wpb=8541.8, bsz=511.8, num_updates=6300, lr=0.000278054, gnorm=10.384, clip=0, loss_scale=256, train_wall=32, wall=4624 (progress_bar.py:262, log())
[2020-12-27 09:26:23]    INFO >> epoch 020:    137 / 327 loss=44.269, nll_loss=2.644, bleu=0, ppl=6.25, wps=12732.5, ups=1.49, wpb=8571.7, bsz=512, num_updates=6350, lr=0.000278054, gnorm=10.515, clip=0, loss_scale=256, train_wall=31, wall=4658 (progress_bar.py:262, log())
[2020-12-27 09:26:57]    INFO >> epoch 020:    187 / 327 loss=44.178, nll_loss=2.636, bleu=0, ppl=6.22, wps=12748.5, ups=1.49, wpb=8581.3, bsz=512, num_updates=6400, lr=0.000278054, gnorm=10.344, clip=0, loss_scale=256, train_wall=32, wall=4691 (progress_bar.py:262, log())
[2020-12-27 09:27:32]    INFO >> epoch 020:    237 / 327 loss=44.147, nll_loss=2.654, bleu=0, ppl=6.29, wps=12321.7, ups=1.45, wpb=8516.3, bsz=512, num_updates=6450, lr=0.000278054, gnorm=10.578, clip=0, loss_scale=256, train_wall=32, wall=4726 (progress_bar.py:262, log())
[2020-12-27 09:28:05]    INFO >> epoch 020:    287 / 327 loss=44.542, nll_loss=2.668, bleu=0, ppl=6.35, wps=12671.3, ups=1.48, wpb=8548.5, bsz=512, num_updates=6500, lr=0.000278054, gnorm=10.449, clip=0, loss_scale=256, train_wall=32, wall=4760 (progress_bar.py:262, log())
[2020-12-27 09:28:33]    INFO >> epoch 020 | loss 44.115 | nll_loss 2.642 | bleu 0 | ppl 6.24 | wps 11939.8 | ups 1.4 | wpb 8542.3 | bsz 511.6 | num_updates 6540 | lr 0.000278054 | gnorm 10.462 | clip 0 | loss_scale 256 | train_wall 209 | wall 4787 (progress_bar.py:269, print())
[2020-12-27 09:28:42]    INFO >> epoch 020 | valid on 'valid' subset | loss 77.451 | nll_loss 4.72 | bleu 20.11597035791898 | ppl 26.35 | wps 12078.7 | wpb 30051.2 | bsz 1831.2 | num_updates 6540 | best_bleu 20.313026633443982 (progress_bar.py:269, print())
[2020-12-27 09:28:44]    INFO >> saved checkpoint /home/wanyao/.ncc/code_search_net_feng/sum_bin_ast/go/data-mmap/nary_tree2seq/checkpoints/checkpoint_last.pt (epoch 20 @ 6540 updates, score 20.11597035791898) (writing took 1.542195568792522 seconds) (checkpoint_utils.py:81, save_checkpoint())
[2020-12-27 09:28:51]    INFO >> epoch 021:     10 / 327 loss=44.09, nll_loss=2.644, bleu=0, ppl=6.25, wps=9275.6, ups=1.09, wpb=8496.5, bsz=509.4, num_updates=6550, lr=0.000272493, gnorm=10.512, clip=0, loss_scale=256, train_wall=33, wall=4805 (progress_bar.py:262, log())
[2020-12-27 09:29:26]    INFO >> epoch 021:     60 / 327 loss=42.527, nll_loss=2.542, bleu=0, ppl=5.82, wps=12307.1, ups=1.44, wpb=8565.6, bsz=512, num_updates=6600, lr=0.000272493, gnorm=10.392, clip=0, loss_scale=256, train_wall=33, wall=4840 (progress_bar.py:262, log())
[2020-12-27 09:29:59]    INFO >> epoch 021:    110 / 327 loss=42.981, nll_loss=2.578, bleu=0, ppl=5.97, wps=12816.9, ups=1.5, wpb=8534.8, bsz=512, num_updates=6650, lr=0.000272493, gnorm=10.726, clip=0, loss_scale=256, train_wall=31, wall=4874 (progress_bar.py:262, log())
[2020-12-27 09:30:34]    INFO >> epoch 021:    160 / 327 loss=43.286, nll_loss=2.587, bleu=0, ppl=6.01, wps=12379.2, ups=1.45, wpb=8562.8, bsz=511.8, num_updates=6700, lr=0.000272493, gnorm=10.705, clip=0, loss_scale=256, train_wall=32, wall=4908 (progress_bar.py:262, log())
[2020-12-27 09:31:08]    INFO >> epoch 021:    210 / 327 loss=43.139, nll_loss=2.587, bleu=0, ppl=6.01, wps=12510.2, ups=1.47, wpb=8538.6, bsz=512, num_updates=6750, lr=0.000272493, gnorm=10.607, clip=0, loss_scale=256, train_wall=32, wall=4942 (progress_bar.py:262, log())
[2020-12-27 09:31:42]    INFO >> epoch 021:    260 / 327 loss=43.4, nll_loss=2.604, bleu=0, ppl=6.08, wps=12599, ups=1.48, wpb=8533, bsz=512, num_updates=6800, lr=0.000272493, gnorm=10.768, clip=0, loss_scale=256, train_wall=32, wall=4976 (progress_bar.py:262, log())
[2020-12-27 09:32:16]    INFO >> epoch 021:    310 / 327 loss=43.363, nll_loss=2.592, bleu=0, ppl=6.03, wps=12485.1, ups=1.46, wpb=8566.4, bsz=512, num_updates=6850, lr=0.000272493, gnorm=10.775, clip=0, loss_scale=256, train_wall=32, wall=5010 (progress_bar.py:262, log())
[2020-12-27 09:32:28]    INFO >> epoch 021 | loss 43.151 | nll_loss 2.584 | bleu 0 | ppl 6 | wps 11869.9 | ups 1.39 | wpb 8542.3 | bsz 511.6 | num_updates 6867 | lr 0.000272493 | gnorm 10.656 | clip 0 | loss_scale 256 | train_wall 210 | wall 5023 (progress_bar.py:269, print())
[2020-12-27 09:32:38]    INFO >> epoch 021 | valid on 'valid' subset | loss 77.905 | nll_loss 4.747 | bleu 19.975497623655524 | ppl 26.86 | wps 12049.8 | wpb 30051.2 | bsz 1831.2 | num_updates 6867 | best_bleu 20.313026633443982 (progress_bar.py:269, print())
[2020-12-27 09:32:39]    INFO >> saved checkpoint /home/wanyao/.ncc/code_search_net_feng/sum_bin_ast/go/data-mmap/nary_tree2seq/checkpoints/checkpoint_last.pt (epoch 21 @ 6867 updates, score 19.975497623655524) (writing took 1.5347178224474192 seconds) (checkpoint_utils.py:81, save_checkpoint())
[2020-12-27 09:33:01]    INFO >> epoch 022:     33 / 327 loss=42.334, nll_loss=2.537, bleu=0, ppl=5.8, wps=9420.1, ups=1.11, wpb=8502.3, bsz=509.4, num_updates=6900, lr=0.000267043, gnorm=10.531, clip=0, loss_scale=256, train_wall=32, wall=5056 (progress_bar.py:262, log())
[2020-12-27 09:33:35]    INFO >> epoch 022:     83 / 327 loss=42.061, nll_loss=2.512, bleu=0, ppl=5.71, wps=12570.4, ups=1.47, wpb=8571.9, bsz=512, num_updates=6950, lr=0.000267043, gnorm=10.874, clip=0, loss_scale=256, train_wall=32, wall=5090 (progress_bar.py:262, log())
[2020-12-27 09:34:09]    INFO >> epoch 022:    133 / 327 loss=41.773, nll_loss=2.51, bleu=0, ppl=5.7, wps=12541.6, ups=1.47, wpb=8519.5, bsz=512, num_updates=7000, lr=0.000267043, gnorm=10.757, clip=0, loss_scale=256, train_wall=32, wall=5124 (progress_bar.py:262, log())
[2020-12-27 09:34:44]    INFO >> epoch 022:    183 / 327 loss=42.182, nll_loss=2.535, bleu=0, ppl=5.79, wps=12329.7, ups=1.45, wpb=8520.5, bsz=512, num_updates=7050, lr=0.000267043, gnorm=10.839, clip=0, loss_scale=256, train_wall=32, wall=5158 (progress_bar.py:262, log())
[2020-12-27 09:35:18]    INFO >> epoch 022:    233 / 327 loss=42.639, nll_loss=2.549, bleu=0, ppl=5.85, wps=12668.6, ups=1.48, wpb=8562.6, bsz=511.8, num_updates=7100, lr=0.000267043, gnorm=10.951, clip=0, loss_scale=256, train_wall=32, wall=5192 (progress_bar.py:262, log())
[2020-12-27 09:35:52]    INFO >> epoch 022:    283 / 327 loss=42.202, nll_loss=2.538, bleu=0, ppl=5.81, wps=12432.7, ups=1.46, wpb=8513.3, bsz=512, num_updates=7150, lr=0.000267043, gnorm=11.018, clip=0, loss_scale=256, train_wall=32, wall=5226 (progress_bar.py:262, log())
[2020-12-27 09:36:23]    INFO >> epoch 022 | loss 42.27 | nll_loss 2.531 | bleu 0 | ppl 5.78 | wps 11920.3 | ups 1.4 | wpb 8542.3 | bsz 511.6 | num_updates 7194 | lr 0.000267043 | gnorm 10.857 | clip 0 | loss_scale 256 | train_wall 210 | wall 5257 (progress_bar.py:269, print())
[2020-12-27 09:36:32]    INFO >> epoch 022 | valid on 'valid' subset | loss 78.209 | nll_loss 4.766 | bleu 20.149730054088213 | ppl 27.21 | wps 12137.1 | wpb 30051.2 | bsz 1831.2 | num_updates 7194 | best_bleu 20.313026633443982 (progress_bar.py:269, print())
[2020-12-27 09:36:33]    INFO >> saved checkpoint /home/wanyao/.ncc/code_search_net_feng/sum_bin_ast/go/data-mmap/nary_tree2seq/checkpoints/checkpoint_last.pt (epoch 22 @ 7194 updates, score 20.149730054088213) (writing took 1.5452850311994553 seconds) (checkpoint_utils.py:81, save_checkpoint())
[2020-12-27 09:36:38]    INFO >> epoch 023:      6 / 327 loss=43.013, nll_loss=2.559, bleu=0, ppl=5.89, wps=9317.4, ups=1.09, wpb=8561.5, bsz=509.4, num_updates=7200, lr=0.000261702, gnorm=11.001, clip=0, loss_scale=256, train_wall=33, wall=5272 (progress_bar.py:262, log())
[2020-12-27 09:37:11]    INFO >> epoch 023:     56 / 327 loss=40.595, nll_loss=2.439, bleu=0, ppl=5.42, wps=12682, ups=1.49, wpb=8522.9, bsz=512, num_updates=7250, lr=0.000261702, gnorm=10.693, clip=0, loss_scale=256, train_wall=31, wall=5306 (progress_bar.py:262, log())
[2020-12-27 09:37:46]    INFO >> epoch 023:    106 / 327 loss=40.794, nll_loss=2.449, bleu=0, ppl=5.46, wps=12505.7, ups=1.47, wpb=8527.7, bsz=512, num_updates=7300, lr=0.000261702, gnorm=10.814, clip=0, loss_scale=256, train_wall=32, wall=5340 (progress_bar.py:262, log())
[2020-12-27 09:38:19]    INFO >> epoch 023:    156 / 327 loss=41.213, nll_loss=2.472, bleu=0, ppl=5.55, wps=12729.7, ups=1.49, wpb=8536.3, bsz=512, num_updates=7350, lr=0.000261702, gnorm=10.985, clip=0, loss_scale=256, train_wall=31, wall=5373 (progress_bar.py:262, log())
[2020-12-27 09:38:53]    INFO >> epoch 023:    206 / 327 loss=42.029, nll_loss=2.507, bleu=0, ppl=5.68, wps=12656.1, ups=1.47, wpb=8582, bsz=511.8, num_updates=7400, lr=0.000261702, gnorm=11.167, clip=0, loss_scale=256, train_wall=32, wall=5407 (progress_bar.py:262, log())
[2020-12-27 09:39:28]    INFO >> epoch 023:    256 / 327 loss=41.654, nll_loss=2.495, bleu=0, ppl=5.64, wps=12186.5, ups=1.43, wpb=8547.2, bsz=512, num_updates=7450, lr=0.000261702, gnorm=11.145, clip=0, loss_scale=256, train_wall=33, wall=5442 (progress_bar.py:262, log())
[2020-12-27 09:40:02]    INFO >> epoch 023:    306 / 327 loss=42.063, nll_loss=2.512, bleu=0, ppl=5.71, wps=12804.3, ups=1.49, wpb=8572, bsz=512, num_updates=7500, lr=0.000261702, gnorm=11.353, clip=0, loss_scale=256, train_wall=31, wall=5476 (progress_bar.py:262, log())
[2020-12-27 09:40:16]    INFO >> epoch 023 | loss 41.442 | nll_loss 2.482 | bleu 0 | ppl 5.59 | wps 11944.3 | ups 1.4 | wpb 8542.3 | bsz 511.6 | num_updates 7521 | lr 0.000261702 | gnorm 11.036 | clip 0 | loss_scale 256 | train_wall 209 | wall 5491 (progress_bar.py:269, print())
[2020-12-27 09:40:26]    INFO >> epoch 023 | valid on 'valid' subset | loss 78.748 | nll_loss 4.799 | bleu 19.99331958174007 | ppl 27.83 | wps 12120.7 | wpb 30051.2 | bsz 1831.2 | num_updates 7521 | best_bleu 20.313026633443982 (progress_bar.py:269, print())
[2020-12-27 09:40:27]    INFO >> saved checkpoint /home/wanyao/.ncc/code_search_net_feng/sum_bin_ast/go/data-mmap/nary_tree2seq/checkpoints/checkpoint_last.pt (epoch 23 @ 7521 updates, score 19.99331958174007) (writing took 1.549595839343965 seconds) (checkpoint_utils.py:81, save_checkpoint())
[2020-12-27 09:40:47]    INFO >> epoch 024:     29 / 327 loss=40.829, nll_loss=2.45, bleu=0, ppl=5.47, wps=9279.7, ups=1.09, wpb=8489, bsz=509.4, num_updates=7550, lr=0.000256468, gnorm=11.117, clip=0, loss_scale=256, train_wall=33, wall=5522 (progress_bar.py:262, log())
[2020-12-27 09:41:22]    INFO >> epoch 024:     79 / 327 loss=40.063, nll_loss=2.41, bleu=0, ppl=5.31, wps=12262.7, ups=1.44, wpb=8512.2, bsz=512, num_updates=7600, lr=0.000256468, gnorm=11.02, clip=0, loss_scale=256, train_wall=33, wall=5556 (progress_bar.py:262, log())
[2020-12-27 09:41:57]    INFO >> epoch 024:    129 / 327 loss=40.422, nll_loss=2.428, bleu=0, ppl=5.38, wps=12336.4, ups=1.45, wpb=8525.6, bsz=512, num_updates=7650, lr=0.000256468, gnorm=10.975, clip=0, loss_scale=256, train_wall=32, wall=5591 (progress_bar.py:262, log())
[2020-12-27 09:42:30]    INFO >> epoch 024:    179 / 327 loss=40.464, nll_loss=2.424, bleu=0, ppl=5.36, wps=12672.1, ups=1.48, wpb=8548.3, bsz=512, num_updates=7700, lr=0.000256468, gnorm=11.382, clip=0, loss_scale=256, train_wall=32, wall=5625 (progress_bar.py:262, log())
[2020-12-27 09:43:04]    INFO >> epoch 024:    229 / 327 loss=41.027, nll_loss=2.453, bleu=0, ppl=5.48, wps=12592.7, ups=1.47, wpb=8559.6, bsz=511.8, num_updates=7750, lr=0.000256468, gnorm=11.38, clip=0, loss_scale=256, train_wall=32, wall=5659 (progress_bar.py:262, log())
[2020-12-27 09:43:38]    INFO >> epoch 024:    279 / 327 loss=41.086, nll_loss=2.456, bleu=0, ppl=5.49, wps=12882.7, ups=1.5, wpb=8566, bsz=512, num_updates=7800, lr=0.000256468, gnorm=11.302, clip=0, loss_scale=256, train_wall=31, wall=5692 (progress_bar.py:262, log())
[2020-12-27 09:44:10]    INFO >> epoch 024 | loss 40.625 | nll_loss 2.433 | bleu 0 | ppl 5.4 | wps 11940.3 | ups 1.4 | wpb 8542.3 | bsz 511.6 | num_updates 7848 | lr 0.000256468 | gnorm 11.23 | clip 0 | loss_scale 256 | train_wall 209 | wall 5725 (progress_bar.py:269, print())
[2020-12-27 09:44:20]    INFO >> epoch 024 | valid on 'valid' subset | loss 79.298 | nll_loss 4.832 | bleu 19.75891305107176 | ppl 28.49 | wps 12150.2 | wpb 30051.2 | bsz 1831.2 | num_updates 7848 | best_bleu 20.313026633443982 (progress_bar.py:269, print())
[2020-12-27 09:44:21]    INFO >> saved checkpoint /home/wanyao/.ncc/code_search_net_feng/sum_bin_ast/go/data-mmap/nary_tree2seq/checkpoints/checkpoint_last.pt (epoch 24 @ 7848 updates, score 19.75891305107176) (writing took 1.5210457742214203 seconds) (checkpoint_utils.py:81, save_checkpoint())
[2020-12-27 09:44:21]    INFO >> early stop since valid performance hasn't improved for last 10 runs (train.py:185, should_stop_early())
[2020-12-27 09:44:21]    INFO >> early stop since valid performance hasn't improved for last 10 runs (train.py:268, single_main())
[2020-12-27 09:44:21]    INFO >> done training in 5701.6 seconds (train.py:279, single_main())
