nohup: ignoring input
[2020-12-27 10:13:28]    INFO >> Load arguments in /home/wanyao/yang/naturalcc-dev/run/summarization/tree2seq/config/csn_feng/javascript.fp16.yml (train.py:300, cli_main())
[2020-12-27 10:13:28]    INFO >> {'criterion': 'cross_entropy', 'optimizer': 'adam', 'lr_scheduler': 'fixed', 'tokenizer': None, 'bpe': None, 'common': {'no_progress_bar': 0, 'log_interval': 50, 'log_format': 'simple', 'tensorboard_logdir': '', 'memory_efficient_fp16': 1, 'fp16_no_flatten_grads': 1, 'fp16_init_scale': 128, 'fp16_scale_window': None, 'fp16_scale_tolerance': 0.0, 'min_loss_scale': 0.0001, 'threshold_loss_scale': None, 'empty_cache_freq': 0, 'task': 'graph_summarization', 'seed': 1, 'cpu': 0, 'fp16': 1, 'fp16_opt_level': '01', 'server_ip': '', 'server_port': ''}, 'dataset': {'num_workers': 0, 'skip_invalid_size_inputs_valid_test': 1, 'max_tokens': None, 'max_sentences': 128, 'required_batch_size_multiple': 8, 'dataset_impl': 'mmap', 'train_subset': 'train', 'valid_subset': 'valid', 'validate_interval': 1, 'fixed_validation_seed': None, 'disable_validation': 0, 'max_tokens_valid': None, 'max_sentences_valid': 512, 'curriculum': 0, 'gen_subset': 'test', 'num_shards': 1, 'shard_id': 0}, 'distributed_training': {'distributed_world_size': 4, 'distributed_rank': 0, 'distributed_backend': 'nccl', 'distributed_init_method': None, 'distributed_port': -1, 'device_id': 0, 'distributed_no_spawn': 0, 'ddp_backend': 'no_c10d', 'bucket_cap_mb': 25, 'fix_batches_to_gpus': None, 'find_unused_parameters': 0, 'fast_stat_sync': 0, 'broadcast_buffers': 0, 'global_sync_iter': 50, 'warmup_iterations': 500, 'local_rank': -1, 'block_momentum': 0.875, 'block_lr': 1, 'use_nbm': 0, 'average_sync': 0}, 'task': {'data': '/home/wanyao/.ncc/code_search_net_feng/sum_bin_ast/javascript/data-mmap', 'source_lang': 'bin_ast', 'target_lang': 'docstring_tokens', 'load_alignments': 0, 'left_pad_source': 0, 'left_pad_target': 0, 'max_source_positions': 9999, 'max_target_positions': 30, 'upsample_primary': 1, 'truncate_source': 0, 'truncate_target': 1, 'append_eos_to_target': 1, 'eval_bleu': 1, 'eval_bleu_detok': 'space', 'eval_bleu_detok_args': None, 'eval_tokenized_bleu': 0, 'eval_bleu_remove_bpe': None, 'eval_bleu_args': None, 'eval_bleu_print_samples': 0}, 'model': {'arch': 'nary_tree2seq', 'encoder_embed_dim': 512, 'encoder_embed': None, 'encoder_freeze_embed': 0, 'encoder_hidden_size': 512, 'encoder_layers': 1, 'encoder_bidirectional': 0, 'decoder_embed_dim': 512, 'decoder_embed': None, 'decoder_freeze_embed': None, 'decoder_hidden_size': 512, 'decoder_layers': 1, 'decoder_out_embed_dim': 512, 'decoder_attention': 1, 'adaptive_softmax_cutoff': None, 'share_decoder_input_output_embed': 0, 'share_all_embeddings': 0, 'encoder_dropout_in': 0.1, 'encoder_dropout_out': 0.2, 'decoder_dropout_in': 0.1, 'decoder_dropout_out': 0.2, 'max_source_positions': 9999, 'max_target_positions': 30}, 'optimization': {'max_epoch': 100, 'max_update': 0, 'clip_norm': 25, 'update_freq': [1], 'lr': [0.0004], 'min_lr': -1, 'use_bmuf': 0, 'force_anneal': 0, 'warmup_updates': 0, 'lr_shrink': 0.98, 'sentence_avg': 1, 'adam': {'adam_betas': '(0.9, 0.999)', 'adam_eps': 1e-08, 'weight_decay': 0.0, 'use_old_adam': 0}, 'weight_decay': 0.0, 'adam_epsilon': 1e-08, 'max_grad_norm': 1.0, 'num_train_epochs': 5, 'max_steps': -1, 'warmup_steps': 0, 'gradient_accumulation_steps': 1}, 'checkpoint': {'restore_file': 'checkpoint_last.pt', 'reset_dataloader': None, 'reset_lr_scheduler': None, 'reset_meters': None, 'reset_optimizer': None, 'optimizer_overrides': '{}', 'save_interval': 1, 'save_interval_updates': 0, 'keep_interval_updates': 0, 'keep_last_epochs': -1, 'keep_best_checkpoints': -1, 'no_save': 0, 'no_epoch_checkpoints': 1, 'no_last_checkpoints': 0, 'no_save_optimizer_state': None, 'best_checkpoint_metric': 'bleu', 'maximize_best_checkpoint_metric': 1, 'patience': 10, 'save_dir': '/home/wanyao/.ncc/code_search_net_feng/sum_bin_ast/javascript/data-mmap/nary_tree2seq/checkpoints', 'should_continue': 0, 'model_name_or_path': None, 'cache_dir': None, 'logging_steps': 500, 'save_steps': 2000, 'save_total_limit': 2, 'overwrite_output_dir': 0, 'overwrite_cache': 0}, 'eval': {'path': '/home/wanyao/.ncc/code_search_net_feng/sum_bin_ast/javascript/data-mmap/nary_tree2seq/checkpoints/checkpoint_best.pt', 'result_path': None, 'remove_bpe': None, 'quiet': 0, 'model_overrides': '{}', 'max_sentences': 2048, 'beam': 1, 'nbest': 1, 'max_len_a': 0, 'max_len_b': 30, 'min_len': 1, 'match_source_len': 0, 'no_early_stop': 0, 'unnormalized': 0, 'no_beamable_mm': 0, 'lenpen': 1, 'unkpen': 0, 'replace_unk': None, 'sacrebleu': 0, 'score_reference': 0, 'prefix_size': 0, 'no_repeat_ngram_size': 0, 'sampling': 0, 'sampling_topk': -1, 'sampling_topp': -1, 'temperature': 1.0, 'diverse_beam_groups': -1, 'diverse_beam_strength': 0.5, 'diversity_rate': -1.0, 'print_alignment': 0, 'print_step': 0, 'iter_decode_eos_penalty': 0.0, 'iter_decode_max_iter': 10, 'iter_decode_force_max_iter': 0, 'iter_decode_with_beam': 1, 'iter_decode_with_external_reranker': 0, 'retain_iter_history': 0, 'decoding_format': None, 'nltk_bleu': 1, 'rouge': 1}} (train.py:302, cli_main())
[2020-12-27 10:13:31]    INFO >> distributed init (rank 2): tcp://localhost:19726 (distributed_utils.py:89, distributed_init())
[2020-12-27 10:13:31]    INFO >> distributed init (rank 0): tcp://localhost:19726 (distributed_utils.py:89, distributed_init())
[2020-12-27 10:13:31]    INFO >> distributed init (rank 1): tcp://localhost:19726 (distributed_utils.py:89, distributed_init())
[2020-12-27 10:13:31]    INFO >> initialized host node14 as rank 1 (distributed_utils.py:98, distributed_init())
[2020-12-27 10:13:31]    INFO >> distributed init (rank 3): tcp://localhost:19726 (distributed_utils.py:89, distributed_init())
[2020-12-27 10:13:31]    INFO >> initialized host node14 as rank 3 (distributed_utils.py:98, distributed_init())
[2020-12-27 10:13:32]    INFO >> initialized host node14 as rank 2 (distributed_utils.py:98, distributed_init())
[2020-12-27 10:13:32]    INFO >> initialized host node14 as rank 0 (distributed_utils.py:98, distributed_init())
[2020-12-27 10:13:38]    INFO >> [bin_ast] dictionary: 18680 types (graph_summarization.py:169, setup_task())
[2020-12-27 10:13:38]    INFO >> [docstring_tokens] dictionary: 9496 types (graph_summarization.py:170, setup_task())
[2020-12-27 10:13:39]    INFO >> truncate valid.docstring_tokens to 30 (graph_summarization.py:96, load_langpair_dataset())
[2020-12-27 10:13:39]    INFO >> loaded 3885 examples from: /home/wanyao/.ncc/code_search_net_feng/sum_bin_ast/javascript/data-mmap/valid.bin_ast (graph_summarization.py:117, load_langpair_dataset())
[2020-12-27 10:13:39]    INFO >> loaded 3885 examples from: /home/wanyao/.ncc/code_search_net_feng/sum_bin_ast/javascript/data-mmap/valid.docstring_tokens (graph_summarization.py:118, load_langpair_dataset())
[2020-12-27 10:13:40]    INFO >> NaryTree2SeqModel(
  (encoder): NaryTreeLSTMEncoder(
    (embed_tokens): Embedding(18680, 512, padding_idx=0)
    (lstm): NaryTreeLSTMCell(
      (W_iou): Linear(in_features=512, out_features=1536, bias=False)
      (U_iou): Linear(in_features=1024, out_features=1536, bias=False)
      (U_f): Linear(in_features=1024, out_features=1024, bias=True)
    )
  )
  (decoder): LSTMDecoder(
    (embed_tokens): Embedding(9496, 512, padding_idx=0)
    (layers): ModuleList(
      (0): LSTMCell(1024, 512)
    )
    (attention): AttentionLayer(
      (input_proj): Linear(in_features=512, out_features=512, bias=False)
      (output_proj): Linear(in_features=1024, out_features=512, bias=False)
    )
    (fc_out): Linear(in_features=512, out_features=9496, bias=True)
  )
) (train.py:220, single_main())
[2020-12-27 10:13:40]    INFO >> model nary_tree2seq, criterion CrossEntropyCriterion (train.py:221, single_main())
[2020-12-27 10:13:40]    INFO >> num. model params: 26644248 (num. trained: 26644248) (train.py:224, single_main())
[2020-12-27 10:13:40]    INFO >> training on 4 GPUs (train.py:229, single_main())
[2020-12-27 10:13:40]    INFO >> max tokens per GPU = None and max sentences per GPU = 128 (train.py:232, single_main())
[2020-12-27 10:13:40]    INFO >> no existing checkpoint found /home/wanyao/.ncc/code_search_net_feng/sum_bin_ast/javascript/data-mmap/nary_tree2seq/checkpoints/checkpoint_last.pt (ncc_trainer.py:267, load_checkpoint())
[2020-12-27 10:13:40]    INFO >> loading train data for epoch 1 (ncc_trainer.py:281, get_train_iterator())
[2020-12-27 10:13:51]    INFO >> truncate train.docstring_tokens to 30 (graph_summarization.py:96, load_langpair_dataset())
[2020-12-27 10:13:51]    INFO >> loaded 58025 examples from: /home/wanyao/.ncc/code_search_net_feng/sum_bin_ast/javascript/data-mmap/train.bin_ast (graph_summarization.py:117, load_langpair_dataset())
[2020-12-27 10:13:51]    INFO >> loaded 58025 examples from: /home/wanyao/.ncc/code_search_net_feng/sum_bin_ast/javascript/data-mmap/train.docstring_tokens (graph_summarization.py:118, load_langpair_dataset())
[2020-12-27 10:13:52] WARNING >> 2 samples have invalid sizes and will be skipped, max_positions=(9999, 30), first few sample ids=[1566, 25969] (data_utils.py:286, filter_by_size())
[2020-12-27 10:13:52] WARNING >> 2 samples have invalid sizes and will be skipped, max_positions=(9999, 30), first few sample ids=[1566, 25969] (data_utils.py:286, filter_by_size())
[2020-12-27 10:13:52]    INFO >> using FusedAdam (adam.py:39, __init__())
[2020-12-27 10:13:52] WARNING >> 2 samples have invalid sizes and will be skipped, max_positions=(9999, 30), first few sample ids=[1566, 25969] (data_utils.py:286, filter_by_size())
[2020-12-27 10:13:54] WARNING >> 2 samples have invalid sizes and will be skipped, max_positions=(9999, 30), first few sample ids=[1566, 25969] (data_utils.py:286, filter_by_size())
[2020-12-27 10:14:36]    INFO >> epoch 001:     50 / 114 loss=116.863, nll_loss=9.507, bleu=0, ppl=727.54, wps=7703, ups=1.22, wpb=6293.7, bsz=512, num_updates=50, lr=0.0004, gnorm=8.431, clip=0, loss_scale=128, train_wall=42, wall=57 (progress_bar.py:262, log())
[2020-12-27 10:15:17]    INFO >> epoch 001:    100 / 114 loss=103.882, nll_loss=8.371, bleu=0, ppl=331.09, wps=7790.2, ups=1.23, wpb=6331.6, bsz=510.2, num_updates=100, lr=0.0004, gnorm=3.93, clip=0, loss_scale=128, train_wall=38, wall=97 (progress_bar.py:262, log())
[2020-12-27 10:15:27]    INFO >> epoch 001 | loss 109.179 | nll_loss 8.84 | bleu 0 | ppl 458.29 | wps 7781.1 | ups 1.24 | wpb 6286 | bsz 509 | num_updates 114 | lr 0.0004 | gnorm 5.955 | clip 0 | loss_scale 128 | train_wall 90 | wall 108 (progress_bar.py:269, print())
[2020-12-27 10:15:33]    INFO >> epoch 001 | valid on 'valid' subset | loss 96.448 | nll_loss 7.862 | bleu 12.171006100926302 | ppl 232.69 | wps 7401.3 | wpb 23829 | bsz 1942.5 | num_updates 114 (progress_bar.py:269, print())
[2020-12-27 10:15:34]    INFO >> saved checkpoint /home/wanyao/.ncc/code_search_net_feng/sum_bin_ast/javascript/data-mmap/nary_tree2seq/checkpoints/checkpoint_best.pt (epoch 1 @ 114 updates, score 12.171006100926302) (writing took 0.9509426867589355 seconds) (checkpoint_utils.py:81, save_checkpoint())
[2020-12-27 10:16:01]    INFO >> epoch 002:     36 / 114 loss=99.115, nll_loss=7.993, bleu=0, ppl=254.74, wps=7069.5, ups=1.12, wpb=6285.5, bsz=506.9, num_updates=150, lr=0.0004, gnorm=4.43, clip=0, loss_scale=128, train_wall=36, wall=142 (progress_bar.py:262, log())
[2020-12-27 10:16:42]    INFO >> epoch 002:     86 / 114 loss=95.629, nll_loss=7.768, bleu=0, ppl=218.02, wps=7788.6, ups=1.24, wpb=6280.9, bsz=510.2, num_updates=200, lr=0.0004, gnorm=4.359, clip=0, loss_scale=128, train_wall=38, wall=182 (progress_bar.py:262, log())
[2020-12-27 10:17:04]    INFO >> epoch 002 | loss 96.267 | nll_loss 7.795 | bleu 0 | ppl 222.04 | wps 7403 | ups 1.18 | wpb 6286 | bsz 509 | num_updates 228 | lr 0.0004 | gnorm 4.356 | clip 0 | loss_scale 128 | train_wall 85 | wall 205 (progress_bar.py:269, print())
[2020-12-27 10:17:09]    INFO >> epoch 002 | valid on 'valid' subset | loss 91.267 | nll_loss 7.44 | bleu 12.22586205196301 | ppl 173.64 | wps 7528.1 | wpb 23829 | bsz 1942.5 | num_updates 228 | best_bleu 12.22586205196301 (progress_bar.py:269, print())
[2020-12-27 10:17:11]    INFO >> saved checkpoint /home/wanyao/.ncc/code_search_net_feng/sum_bin_ast/javascript/data-mmap/nary_tree2seq/checkpoints/checkpoint_best.pt (epoch 2 @ 228 updates, score 12.22586205196301) (writing took 1.7848065746948123 seconds) (checkpoint_utils.py:81, save_checkpoint())
[2020-12-27 10:17:28]    INFO >> epoch 003:     22 / 114 loss=93.641, nll_loss=7.579, bleu=0, ppl=191.17, wps=6815, ups=1.09, wpb=6262.9, bsz=506.9, num_updates=250, lr=0.000392, gnorm=4.323, clip=0, loss_scale=128, train_wall=37, wall=228 (progress_bar.py:262, log())
[2020-12-27 10:18:05]    INFO >> epoch 003:     72 / 114 loss=91.8, nll_loss=7.427, bleu=0, ppl=172.05, wps=8520.7, ups=1.35, wpb=6306.7, bsz=510.2, num_updates=300, lr=0.000392, gnorm=4.48, clip=0, loss_scale=128, train_wall=35, wall=265 (progress_bar.py:262, log())
[2020-12-27 10:18:40]    INFO >> epoch 003 | loss 91.399 | nll_loss 7.4 | bleu 0 | ppl 168.95 | wps 7512 | ups 1.2 | wpb 6286 | bsz 509 | num_updates 342 | lr 0.000392 | gnorm 4.406 | clip 0 | loss_scale 128 | train_wall 83 | wall 300 (progress_bar.py:269, print())
[2020-12-27 10:18:46]    INFO >> epoch 003 | valid on 'valid' subset | loss 87.759 | nll_loss 7.154 | bleu 12.439456157478885 | ppl 142.42 | wps 5498.8 | wpb 23829 | bsz 1942.5 | num_updates 342 | best_bleu 12.439456157478885 (progress_bar.py:269, print())
[2020-12-27 10:18:48]    INFO >> saved checkpoint /home/wanyao/.ncc/code_search_net_feng/sum_bin_ast/javascript/data-mmap/nary_tree2seq/checkpoints/checkpoint_best.pt (epoch 3 @ 342 updates, score 12.439456157478885) (writing took 1.7867768444120884 seconds) (checkpoint_utils.py:81, save_checkpoint())
[2020-12-27 10:18:55]    INFO >> epoch 004:      8 / 114 loss=89.926, nll_loss=7.298, bleu=0, ppl=157.4, wps=6160.7, ups=0.99, wpb=6245.5, bsz=506.9, num_updates=350, lr=0.00038416, gnorm=4.319, clip=0, loss_scale=128, train_wall=40, wall=316 (progress_bar.py:262, log())
[2020-12-27 10:19:34]    INFO >> epoch 004:     58 / 114 loss=87.854, nll_loss=7.116, bleu=0, ppl=138.72, wps=8116, ups=1.28, wpb=6321, bsz=512, num_updates=400, lr=0.00038416, gnorm=4.627, clip=0, loss_scale=128, train_wall=37, wall=355 (progress_bar.py:262, log())
[2020-12-27 10:20:15]    INFO >> epoch 004:    108 / 114 loss=86.917, nll_loss=7.029, bleu=0, ppl=130.56, wps=7699.6, ups=1.22, wpb=6309.5, bsz=510.2, num_updates=450, lr=0.00038416, gnorm=4.749, clip=0, loss_scale=128, train_wall=39, wall=396 (progress_bar.py:262, log())
[2020-12-27 10:20:19]    INFO >> epoch 004 | loss 87.39 | nll_loss 7.076 | bleu 0 | ppl 134.91 | wps 7193.6 | ups 1.14 | wpb 6286 | bsz 509 | num_updates 456 | lr 0.00038416 | gnorm 4.681 | clip 0 | loss_scale 128 | train_wall 86 | wall 400 (progress_bar.py:269, print())
[2020-12-27 10:20:24]    INFO >> epoch 004 | valid on 'valid' subset | loss 85.06 | nll_loss 6.934 | bleu 12.428121290621124 | ppl 122.27 | wps 7436.5 | wpb 23829 | bsz 1942.5 | num_updates 456 | best_bleu 12.439456157478885 (progress_bar.py:269, print())
[2020-12-27 10:20:26]    INFO >> saved checkpoint /home/wanyao/.ncc/code_search_net_feng/sum_bin_ast/javascript/data-mmap/nary_tree2seq/checkpoints/checkpoint_last.pt (epoch 4 @ 456 updates, score 12.428121290621124) (writing took 1.0608330238610506 seconds) (checkpoint_utils.py:81, save_checkpoint())
[2020-12-27 10:20:59]    INFO >> epoch 005:     44 / 114 loss=84.953, nll_loss=6.854, bleu=0, ppl=115.68, wps=7115.3, ups=1.13, wpb=6282.6, bsz=506.9, num_updates=500, lr=0.000376477, gnorm=4.946, clip=0, loss_scale=128, train_wall=35, wall=440 (progress_bar.py:262, log())
[2020-12-27 10:21:37]    INFO >> epoch 005:     94 / 114 loss=83.445, nll_loss=6.786, bleu=0, ppl=110.34, wps=8240.6, ups=1.31, wpb=6274.2, bsz=510.2, num_updates=550, lr=0.000376477, gnorm=5.049, clip=0, loss_scale=128, train_wall=36, wall=478 (progress_bar.py:262, log())
[2020-12-27 10:21:54]    INFO >> epoch 005 | loss 83.952 | nll_loss 6.797 | bleu 0 | ppl 111.24 | wps 7562.6 | ups 1.2 | wpb 6286 | bsz 509 | num_updates 570 | lr 0.000376477 | gnorm 5.035 | clip 0 | loss_scale 128 | train_wall 83 | wall 494 (progress_bar.py:269, print())
[2020-12-27 10:21:59]    INFO >> epoch 005 | valid on 'valid' subset | loss 82.725 | nll_loss 6.744 | bleu 12.74534668759974 | ppl 107.16 | wps 7386.1 | wpb 23829 | bsz 1942.5 | num_updates 570 | best_bleu 12.74534668759974 (progress_bar.py:269, print())
[2020-12-27 10:22:01]    INFO >> saved checkpoint /home/wanyao/.ncc/code_search_net_feng/sum_bin_ast/javascript/data-mmap/nary_tree2seq/checkpoints/checkpoint_best.pt (epoch 5 @ 570 updates, score 12.74534668759974) (writing took 1.7744844621047378 seconds) (checkpoint_utils.py:81, save_checkpoint())
[2020-12-27 10:22:24]    INFO >> epoch 006:     30 / 114 loss=81.965, nll_loss=6.636, bleu=0, ppl=99.45, wps=6669.5, ups=1.07, wpb=6260.9, bsz=506.9, num_updates=600, lr=0.000368947, gnorm=5.157, clip=0, loss_scale=128, train_wall=38, wall=525 (progress_bar.py:262, log())
[2020-12-27 10:23:04]    INFO >> epoch 006:     80 / 114 loss=80.634, nll_loss=6.543, bleu=0, ppl=93.24, wps=7859.7, ups=1.25, wpb=6288, bsz=510.2, num_updates=650, lr=0.000368947, gnorm=5.068, clip=0, loss_scale=128, train_wall=38, wall=565 (progress_bar.py:262, log())
[2020-12-27 10:23:30]    INFO >> epoch 006 | loss 80.817 | nll_loss 6.544 | bleu 0 | ppl 93.29 | wps 7506.2 | ups 1.19 | wpb 6286 | bsz 509 | num_updates 684 | lr 0.000368947 | gnorm 5.125 | clip 0 | loss_scale 128 | train_wall 84 | wall 590 (progress_bar.py:269, print())
[2020-12-27 10:23:35]    INFO >> epoch 006 | valid on 'valid' subset | loss 80.99 | nll_loss 6.602 | bleu 13.000276903195637 | ppl 97.15 | wps 7369.3 | wpb 23829 | bsz 1942.5 | num_updates 684 | best_bleu 13.000276903195637 (progress_bar.py:269, print())
[2020-12-27 10:23:36]    INFO >> saved checkpoint /home/wanyao/.ncc/code_search_net_feng/sum_bin_ast/javascript/data-mmap/nary_tree2seq/checkpoints/checkpoint_best.pt (epoch 6 @ 684 updates, score 13.000276903195637) (writing took 1.7513338150456548 seconds) (checkpoint_utils.py:81, save_checkpoint())
[2020-12-27 10:23:49]    INFO >> epoch 007:     16 / 114 loss=79.711, nll_loss=6.45, bleu=0, ppl=87.45, wps=7044, ups=1.12, wpb=6263.8, bsz=506.9, num_updates=700, lr=0.000361568, gnorm=5.194, clip=0, loss_scale=128, train_wall=35, wall=609 (progress_bar.py:262, log())
[2020-12-27 10:24:27]    INFO >> epoch 007:     66 / 114 loss=78.214, nll_loss=6.331, bleu=0, ppl=80.49, wps=8376.3, ups=1.32, wpb=6325.5, bsz=512, num_updates=750, lr=0.000361568, gnorm=5.538, clip=0, loss_scale=128, train_wall=36, wall=647 (progress_bar.py:262, log())
[2020-12-27 10:25:04]    INFO >> epoch 007 | loss 78.065 | nll_loss 6.321 | bleu 0 | ppl 79.94 | wps 7547.5 | ups 1.2 | wpb 6286 | bsz 509 | num_updates 798 | lr 0.000361568 | gnorm 5.473 | clip 0 | loss_scale 128 | train_wall 83 | wall 685 (progress_bar.py:269, print())
[2020-12-27 10:25:10]    INFO >> epoch 007 | valid on 'valid' subset | loss 79.785 | nll_loss 6.504 | bleu 13.260770504066636 | ppl 90.76 | wps 7431.9 | wpb 23829 | bsz 1942.5 | num_updates 798 | best_bleu 13.260770504066636 (progress_bar.py:269, print())
[2020-12-27 10:25:11]    INFO >> saved checkpoint /home/wanyao/.ncc/code_search_net_feng/sum_bin_ast/javascript/data-mmap/nary_tree2seq/checkpoints/checkpoint_best.pt (epoch 7 @ 798 updates, score 13.260770504066636) (writing took 1.724914949387312 seconds) (checkpoint_utils.py:81, save_checkpoint())
[2020-12-27 10:25:13]    INFO >> epoch 008:      2 / 114 loss=77.98, nll_loss=6.306, bleu=0, ppl=79.12, wps=6751.7, ups=1.08, wpb=6246.1, bsz=505.1, num_updates=800, lr=0.000354337, gnorm=5.5, clip=0, loss_scale=128, train_wall=37, wall=693 (progress_bar.py:262, log())
[2020-12-27 10:25:53]    INFO >> epoch 008:     52 / 114 loss=75.523, nll_loss=6.13, bleu=0, ppl=70.03, wps=7811.3, ups=1.24, wpb=6308.2, bsz=512, num_updates=850, lr=0.000354337, gnorm=5.788, clip=0, loss_scale=128, train_wall=38, wall=734 (progress_bar.py:262, log())
[2020-12-27 10:26:31]    INFO >> epoch 008:    102 / 114 loss=75.956, nll_loss=6.119, bleu=0, ppl=69.48, wps=8430.8, ups=1.33, wpb=6333.9, bsz=510.2, num_updates=900, lr=0.000354337, gnorm=5.801, clip=0, loss_scale=128, train_wall=35, wall=771 (progress_bar.py:262, log())
[2020-12-27 10:26:40]    INFO >> epoch 008 | loss 75.568 | nll_loss 6.119 | bleu 0 | ppl 69.49 | wps 7538.8 | ups 1.2 | wpb 6286 | bsz 509 | num_updates 912 | lr 0.000354337 | gnorm 5.788 | clip 0 | loss_scale 128 | train_wall 83 | wall 780 (progress_bar.py:269, print())
[2020-12-27 10:26:45]    INFO >> epoch 008 | valid on 'valid' subset | loss 78.767 | nll_loss 6.421 | bleu 13.64376790191912 | ppl 85.69 | wps 7393.1 | wpb 23829 | bsz 1942.5 | num_updates 912 | best_bleu 13.64376790191912 (progress_bar.py:269, print())
[2020-12-27 10:26:46]    INFO >> saved checkpoint /home/wanyao/.ncc/code_search_net_feng/sum_bin_ast/javascript/data-mmap/nary_tree2seq/checkpoints/checkpoint_best.pt (epoch 8 @ 912 updates, score 13.64376790191912) (writing took 1.6949119996279478 seconds) (checkpoint_utils.py:81, save_checkpoint())
[2020-12-27 10:27:17]    INFO >> epoch 009:     38 / 114 loss=73.567, nll_loss=5.966, bleu=0, ppl=62.49, wps=6810.5, ups=1.09, wpb=6250.8, bsz=506.9, num_updates=950, lr=0.00034725, gnorm=6.004, clip=0, loss_scale=128, train_wall=37, wall=817 (progress_bar.py:262, log())
[2020-12-27 10:27:54]    INFO >> epoch 009:     88 / 114 loss=73.15, nll_loss=5.933, bleu=0, ppl=61.11, wps=8329.9, ups=1.32, wpb=6290.3, bsz=510.2, num_updates=1000, lr=0.00034725, gnorm=5.986, clip=0, loss_scale=128, train_wall=36, wall=855 (progress_bar.py:262, log())
[2020-12-27 10:28:14]    INFO >> epoch 009 | loss 73.253 | nll_loss 5.931 | bleu 0 | ppl 61.02 | wps 7552.9 | ups 1.2 | wpb 6286 | bsz 509 | num_updates 1026 | lr 0.00034725 | gnorm 6.088 | clip 0 | loss_scale 128 | train_wall 83 | wall 875 (progress_bar.py:269, print())
[2020-12-27 10:28:20]    INFO >> epoch 009 | valid on 'valid' subset | loss 78.071 | nll_loss 6.364 | bleu 13.41153734150274 | ppl 82.38 | wps 7375.9 | wpb 23829 | bsz 1942.5 | num_updates 1026 | best_bleu 13.64376790191912 (progress_bar.py:269, print())
[2020-12-27 10:28:21]    INFO >> saved checkpoint /home/wanyao/.ncc/code_search_net_feng/sum_bin_ast/javascript/data-mmap/nary_tree2seq/checkpoints/checkpoint_last.pt (epoch 9 @ 1026 updates, score 13.41153734150274) (writing took 1.0315736094489694 seconds) (checkpoint_utils.py:81, save_checkpoint())
[2020-12-27 10:28:38]    INFO >> epoch 010:     24 / 114 loss=72.23, nll_loss=5.843, bleu=0, ppl=57.39, wps=7162, ups=1.15, wpb=6244.1, bsz=505.1, num_updates=1050, lr=0.000340305, gnorm=6.266, clip=0, loss_scale=128, train_wall=35, wall=898 (progress_bar.py:262, log())
[2020-12-27 10:29:19]    INFO >> epoch 010:     74 / 114 loss=71.016, nll_loss=5.767, bleu=0, ppl=54.46, wps=7618.8, ups=1.21, wpb=6304.7, bsz=512, num_updates=1100, lr=0.000340305, gnorm=6.545, clip=0, loss_scale=128, train_wall=39, wall=940 (progress_bar.py:262, log())
[2020-12-27 10:29:50]    INFO >> epoch 010 | loss 71.101 | nll_loss 5.757 | bleu 0 | ppl 54.08 | wps 7467.9 | ups 1.19 | wpb 6286 | bsz 509 | num_updates 1140 | lr 0.000340305 | gnorm 6.43 | clip 0 | loss_scale 128 | train_wall 85 | wall 971 (progress_bar.py:269, print())
[2020-12-27 10:29:56]    INFO >> epoch 010 | valid on 'valid' subset | loss 77.543 | nll_loss 6.321 | bleu 13.464947434648675 | ppl 79.96 | wps 7089.5 | wpb 23829 | bsz 1942.5 | num_updates 1140 | best_bleu 13.64376790191912 (progress_bar.py:269, print())
[2020-12-27 10:29:57]    INFO >> saved checkpoint /home/wanyao/.ncc/code_search_net_feng/sum_bin_ast/javascript/data-mmap/nary_tree2seq/checkpoints/checkpoint_last.pt (epoch 10 @ 1140 updates, score 13.464947434648675) (writing took 1.0278893224895 seconds) (checkpoint_utils.py:81, save_checkpoint())
[2020-12-27 10:30:04]    INFO >> epoch 011:     10 / 114 loss=70.648, nll_loss=5.704, bleu=0, ppl=52.14, wps=7028.2, ups=1.12, wpb=6277.9, bsz=506.9, num_updates=1150, lr=0.000333499, gnorm=6.463, clip=0, loss_scale=128, train_wall=36, wall=984 (progress_bar.py:262, log())
[2020-12-27 10:30:42]    INFO >> epoch 011:     60 / 114 loss=68.958, nll_loss=5.603, bleu=0, ppl=48.59, wps=8206.3, ups=1.31, wpb=6279.8, bsz=510.2, num_updates=1200, lr=0.000333499, gnorm=6.972, clip=0, loss_scale=128, train_wall=36, wall=1023 (progress_bar.py:262, log())
[2020-12-27 10:31:22]    INFO >> epoch 011:    110 / 114 loss=69.31, nll_loss=5.596, bleu=0, ppl=48.36, wps=8048.5, ups=1.27, wpb=6341.7, bsz=512, num_updates=1250, lr=0.000333499, gnorm=6.747, clip=0, loss_scale=128, train_wall=37, wall=1062 (progress_bar.py:262, log())
[2020-12-27 10:31:25]    INFO >> epoch 011 | loss 69.108 | nll_loss 5.596 | bleu 0 | ppl 48.36 | wps 7599.1 | ups 1.21 | wpb 6286 | bsz 509 | num_updates 1254 | lr 0.000333499 | gnorm 6.863 | clip 0 | loss_scale 128 | train_wall 83 | wall 1065 (progress_bar.py:269, print())
[2020-12-27 10:31:30]    INFO >> epoch 011 | valid on 'valid' subset | loss 77.225 | nll_loss 6.295 | bleu 13.770986458948267 | ppl 78.53 | wps 7513.6 | wpb 23829 | bsz 1942.5 | num_updates 1254 | best_bleu 13.770986458948267 (progress_bar.py:269, print())
[2020-12-27 10:31:31]    INFO >> saved checkpoint /home/wanyao/.ncc/code_search_net_feng/sum_bin_ast/javascript/data-mmap/nary_tree2seq/checkpoints/checkpoint_best.pt (epoch 11 @ 1254 updates, score 13.770986458948267) (writing took 1.647834355942905 seconds) (checkpoint_utils.py:81, save_checkpoint())
[2020-12-27 10:32:08]    INFO >> epoch 012:     46 / 114 loss=67.078, nll_loss=5.438, bleu=0, ppl=43.36, wps=6688, ups=1.07, wpb=6230, bsz=505.1, num_updates=1300, lr=0.000326829, gnorm=7.167, clip=0, loss_scale=128, train_wall=38, wall=1109 (progress_bar.py:262, log())
[2020-12-27 10:32:45]    INFO >> epoch 012:     96 / 114 loss=67.236, nll_loss=5.453, bleu=0, ppl=43.79, wps=8550.6, ups=1.35, wpb=6313.3, bsz=512, num_updates=1350, lr=0.000326829, gnorm=7.392, clip=0, loss_scale=128, train_wall=35, wall=1146 (progress_bar.py:262, log())
[2020-12-27 10:32:59]    INFO >> epoch 012 | loss 67.201 | nll_loss 5.441 | bleu 0 | ppl 43.45 | wps 7580.8 | ups 1.21 | wpb 6286 | bsz 509 | num_updates 1368 | lr 0.000326829 | gnorm 7.286 | clip 0 | loss_scale 128 | train_wall 83 | wall 1160 (progress_bar.py:269, print())
[2020-12-27 10:33:04]    INFO >> epoch 012 | valid on 'valid' subset | loss 76.974 | nll_loss 6.275 | bleu 13.556985408905732 | ppl 77.43 | wps 7448.4 | wpb 23829 | bsz 1942.5 | num_updates 1368 | best_bleu 13.770986458948267 (progress_bar.py:269, print())
[2020-12-27 10:33:05]    INFO >> saved checkpoint /home/wanyao/.ncc/code_search_net_feng/sum_bin_ast/javascript/data-mmap/nary_tree2seq/checkpoints/checkpoint_last.pt (epoch 12 @ 1368 updates, score 13.556985408905732) (writing took 1.0304219517856836 seconds) (checkpoint_utils.py:81, save_checkpoint())
[2020-12-27 10:33:30]    INFO >> epoch 013:     32 / 114 loss=66.406, nll_loss=5.338, bleu=0, ppl=40.44, wps=7018.1, ups=1.12, wpb=6284.1, bsz=505.1, num_updates=1400, lr=0.000320293, gnorm=7.368, clip=0, loss_scale=128, train_wall=36, wall=1190 (progress_bar.py:262, log())
[2020-12-27 10:34:10]    INFO >> epoch 013:     82 / 114 loss=65.152, nll_loss=5.295, bleu=0, ppl=39.27, wps=7965.1, ups=1.26, wpb=6299.6, bsz=512, num_updates=1450, lr=0.000320293, gnorm=7.562, clip=0, loss_scale=128, train_wall=37, wall=1230 (progress_bar.py:262, log())
[2020-12-27 10:34:33]    INFO >> epoch 013 | loss 65.354 | nll_loss 5.292 | bleu 0 | ppl 39.17 | wps 7623.6 | ups 1.21 | wpb 6286 | bsz 509 | num_updates 1482 | lr 0.000320293 | gnorm 7.567 | clip 0 | loss_scale 128 | train_wall 83 | wall 1254 (progress_bar.py:269, print())
[2020-12-27 10:34:38]    INFO >> epoch 013 | valid on 'valid' subset | loss 76.948 | nll_loss 6.273 | bleu 13.685445904091065 | ppl 77.31 | wps 7428.4 | wpb 23829 | bsz 1942.5 | num_updates 1482 | best_bleu 13.770986458948267 (progress_bar.py:269, print())
[2020-12-27 10:34:39]    INFO >> saved checkpoint /home/wanyao/.ncc/code_search_net_feng/sum_bin_ast/javascript/data-mmap/nary_tree2seq/checkpoints/checkpoint_last.pt (epoch 13 @ 1482 updates, score 13.685445904091065) (writing took 0.9927805596962571 seconds) (checkpoint_utils.py:81, save_checkpoint())
[2020-12-27 10:34:52]    INFO >> epoch 014:     18 / 114 loss=64.663, nll_loss=5.238, bleu=0, ppl=37.73, wps=7338.8, ups=1.18, wpb=6235.7, bsz=505.1, num_updates=1500, lr=0.000313887, gnorm=7.745, clip=0, loss_scale=128, train_wall=34, wall=1272 (progress_bar.py:262, log())
[2020-12-27 10:35:31]    INFO >> epoch 014:     68 / 114 loss=63.079, nll_loss=5.143, bleu=0, ppl=35.33, wps=8089.7, ups=1.29, wpb=6280, bsz=512, num_updates=1550, lr=0.000313887, gnorm=8.005, clip=0, loss_scale=128, train_wall=37, wall=1311 (progress_bar.py:262, log())
[2020-12-27 10:36:07]    INFO >> epoch 014 | loss 63.614 | nll_loss 5.151 | bleu 0 | ppl 35.53 | wps 7644.8 | ups 1.22 | wpb 6286 | bsz 509 | num_updates 1596 | lr 0.000313887 | gnorm 7.936 | clip 0 | loss_scale 128 | train_wall 83 | wall 1347 (progress_bar.py:269, print())
[2020-12-27 10:36:12]    INFO >> epoch 014 | valid on 'valid' subset | loss 76.939 | nll_loss 6.272 | bleu 13.886614982661463 | ppl 77.28 | wps 7541.5 | wpb 23829 | bsz 1942.5 | num_updates 1596 | best_bleu 13.886614982661463 (progress_bar.py:269, print())
[2020-12-27 10:36:14]    INFO >> saved checkpoint /home/wanyao/.ncc/code_search_net_feng/sum_bin_ast/javascript/data-mmap/nary_tree2seq/checkpoints/checkpoint_best.pt (epoch 14 @ 1596 updates, score 13.886614982661463) (writing took 1.6520118732005358 seconds) (checkpoint_utils.py:81, save_checkpoint())
[2020-12-27 10:36:17]    INFO >> epoch 015:      4 / 114 loss=64.11, nll_loss=5.154, bleu=0, ppl=35.62, wps=6839.9, ups=1.08, wpb=6304.5, bsz=506.9, num_updates=1600, lr=0.000307609, gnorm=7.918, clip=0, loss_scale=128, train_wall=37, wall=1357 (progress_bar.py:262, log())
[2020-12-27 10:36:56]    INFO >> epoch 015:     54 / 114 loss=61.449, nll_loss=4.995, bleu=0, ppl=31.88, wps=8076, ups=1.28, wpb=6299.2, bsz=512, num_updates=1650, lr=0.000307609, gnorm=8.376, clip=0, loss_scale=128, train_wall=37, wall=1396 (progress_bar.py:262, log())
[2020-12-27 10:37:34]    INFO >> epoch 015:    104 / 114 loss=62.389, nll_loss=5.039, bleu=0, ppl=32.87, wps=8303, ups=1.31, wpb=6317.6, bsz=510.2, num_updates=1700, lr=0.000307609, gnorm=8.491, clip=0, loss_scale=128, train_wall=36, wall=1434 (progress_bar.py:262, log())
[2020-12-27 10:37:42]    INFO >> epoch 015 | loss 61.973 | nll_loss 5.018 | bleu 0 | ppl 32.4 | wps 7509.6 | ups 1.19 | wpb 6286 | bsz 509 | num_updates 1710 | lr 0.000307609 | gnorm 8.394 | clip 0 | loss_scale 128 | train_wall 84 | wall 1443 (progress_bar.py:269, print())
[2020-12-27 10:37:47]    INFO >> epoch 015 | valid on 'valid' subset | loss 77.009 | nll_loss 6.278 | bleu 13.857864567726491 | ppl 77.58 | wps 7535.5 | wpb 23829 | bsz 1942.5 | num_updates 1710 | best_bleu 13.886614982661463 (progress_bar.py:269, print())
[2020-12-27 10:37:48]    INFO >> saved checkpoint /home/wanyao/.ncc/code_search_net_feng/sum_bin_ast/javascript/data-mmap/nary_tree2seq/checkpoints/checkpoint_last.pt (epoch 15 @ 1710 updates, score 13.857864567726491) (writing took 1.0280215945094824 seconds) (checkpoint_utils.py:81, save_checkpoint())
[2020-12-27 10:38:20]    INFO >> epoch 016:     40 / 114 loss=60.772, nll_loss=4.896, bleu=0, ppl=29.77, wps=6822.5, ups=1.09, wpb=6269.9, bsz=505.1, num_updates=1750, lr=0.000301457, gnorm=8.666, clip=0, loss_scale=128, train_wall=38, wall=1480 (progress_bar.py:262, log())
[2020-12-27 10:38:58]    INFO >> epoch 016:     90 / 114 loss=60.303, nll_loss=4.903, bleu=0, ppl=29.92, wps=8181.2, ups=1.3, wpb=6297.4, bsz=512, num_updates=1800, lr=0.000301457, gnorm=8.673, clip=0, loss_scale=128, train_wall=36, wall=1519 (progress_bar.py:262, log())
[2020-12-27 10:39:16]    INFO >> epoch 016 | loss 60.381 | nll_loss 4.889 | bleu 0 | ppl 29.63 | wps 7654.1 | ups 1.22 | wpb 6286 | bsz 509 | num_updates 1824 | lr 0.000301457 | gnorm 8.747 | clip 0 | loss_scale 128 | train_wall 82 | wall 1536 (progress_bar.py:269, print())
[2020-12-27 10:39:21]    INFO >> epoch 016 | valid on 'valid' subset | loss 77.001 | nll_loss 6.277 | bleu 13.473266523177877 | ppl 77.55 | wps 7426.7 | wpb 23829 | bsz 1942.5 | num_updates 1824 | best_bleu 13.886614982661463 (progress_bar.py:269, print())
[2020-12-27 10:39:22]    INFO >> saved checkpoint /home/wanyao/.ncc/code_search_net_feng/sum_bin_ast/javascript/data-mmap/nary_tree2seq/checkpoints/checkpoint_last.pt (epoch 16 @ 1824 updates, score 13.473266523177877) (writing took 1.009651193395257 seconds) (checkpoint_utils.py:81, save_checkpoint())
[2020-12-27 10:39:42]    INFO >> epoch 017:     26 / 114 loss=59.311, nll_loss=4.817, bleu=0, ppl=28.18, wps=7082.7, ups=1.13, wpb=6241.8, bsz=506.9, num_updates=1850, lr=0.000295428, gnorm=8.691, clip=0, loss_scale=128, train_wall=36, wall=1563 (progress_bar.py:262, log())
[2020-12-27 10:40:21]    INFO >> epoch 017:     76 / 114 loss=58.744, nll_loss=4.755, bleu=0, ppl=27.01, wps=8081.4, ups=1.28, wpb=6302.9, bsz=510.2, num_updates=1900, lr=0.000295428, gnorm=8.996, clip=0, loss_scale=128, train_wall=37, wall=1602 (progress_bar.py:262, log())
[2020-12-27 10:40:51]    INFO >> epoch 017 | loss 58.823 | nll_loss 4.763 | bleu 0 | ppl 27.15 | wps 7512.7 | ups 1.2 | wpb 6286 | bsz 509 | num_updates 1938 | lr 0.000295428 | gnorm 8.959 | clip 0 | loss_scale 128 | train_wall 84 | wall 1632 (progress_bar.py:269, print())
[2020-12-27 10:40:57]    INFO >> epoch 017 | valid on 'valid' subset | loss 77.298 | nll_loss 6.301 | bleu 13.800421504131073 | ppl 78.86 | wps 7111.6 | wpb 23829 | bsz 1942.5 | num_updates 1938 | best_bleu 13.886614982661463 (progress_bar.py:269, print())
[2020-12-27 10:40:58]    INFO >> saved checkpoint /home/wanyao/.ncc/code_search_net_feng/sum_bin_ast/javascript/data-mmap/nary_tree2seq/checkpoints/checkpoint_last.pt (epoch 17 @ 1938 updates, score 13.800421504131073) (writing took 0.9829306351020932 seconds) (checkpoint_utils.py:81, save_checkpoint())
[2020-12-27 10:41:06]    INFO >> epoch 018:     12 / 114 loss=58.728, nll_loss=4.753, bleu=0, ppl=26.97, wps=6968.3, ups=1.11, wpb=6262.9, bsz=506.9, num_updates=1950, lr=0.000289519, gnorm=9.175, clip=0, loss_scale=128, train_wall=36, wall=1647 (progress_bar.py:262, log())
[2020-12-27 10:41:44]    INFO >> epoch 018:     62 / 114 loss=57.331, nll_loss=4.631, bleu=0, ppl=24.79, wps=8322.9, ups=1.31, wpb=6337.8, bsz=512, num_updates=2000, lr=0.000289519, gnorm=9.251, clip=0, loss_scale=128, train_wall=36, wall=1685 (progress_bar.py:262, log())
[2020-12-27 10:42:24]    INFO >> epoch 018:    112 / 114 loss=57.649, nll_loss=4.669, bleu=0, ppl=25.43, wps=7994.5, ups=1.27, wpb=6300.2, bsz=510.2, num_updates=2050, lr=0.000289519, gnorm=9.547, clip=0, loss_scale=128, train_wall=37, wall=1724 (progress_bar.py:262, log())
[2020-12-27 10:42:25]    INFO >> epoch 018 | loss 57.403 | nll_loss 4.648 | bleu 0 | ppl 25.07 | wps 7630.5 | ups 1.21 | wpb 6286 | bsz 509 | num_updates 2052 | lr 0.000289519 | gnorm 9.4 | clip 0 | loss_scale 128 | train_wall 83 | wall 1726 (progress_bar.py:269, print())
[2020-12-27 10:42:30]    INFO >> epoch 018 | valid on 'valid' subset | loss 77.519 | nll_loss 6.319 | bleu 13.754836523984457 | ppl 79.85 | wps 7479.4 | wpb 23829 | bsz 1942.5 | num_updates 2052 | best_bleu 13.886614982661463 (progress_bar.py:269, print())
[2020-12-27 10:42:31]    INFO >> saved checkpoint /home/wanyao/.ncc/code_search_net_feng/sum_bin_ast/javascript/data-mmap/nary_tree2seq/checkpoints/checkpoint_last.pt (epoch 18 @ 2052 updates, score 13.754836523984457) (writing took 0.965087540447712 seconds) (checkpoint_utils.py:81, save_checkpoint())
[2020-12-27 10:43:09]    INFO >> epoch 019:     48 / 114 loss=55.741, nll_loss=4.519, bleu=0, ppl=22.93, wps=6908.7, ups=1.11, wpb=6252.1, bsz=506.9, num_updates=2100, lr=0.000283729, gnorm=9.616, clip=0, loss_scale=128, train_wall=37, wall=1769 (progress_bar.py:262, log())
[2020-12-27 10:43:48]    INFO >> epoch 019:     98 / 114 loss=56.097, nll_loss=4.544, bleu=0, ppl=23.33, wps=8185.1, ups=1.3, wpb=6298.6, bsz=510.2, num_updates=2150, lr=0.000283729, gnorm=9.565, clip=0, loss_scale=128, train_wall=36, wall=1808 (progress_bar.py:262, log())
[2020-12-27 10:43:59]    INFO >> epoch 019 | loss 55.989 | nll_loss 4.533 | bleu 0 | ppl 23.16 | wps 7632.8 | ups 1.21 | wpb 6286 | bsz 509 | num_updates 2166 | lr 0.000283729 | gnorm 9.597 | clip 0 | loss_scale 128 | train_wall 83 | wall 1820 (progress_bar.py:269, print())
[2020-12-27 10:44:04]    INFO >> epoch 019 | valid on 'valid' subset | loss 77.87 | nll_loss 6.348 | bleu 13.69861899142291 | ppl 81.45 | wps 7489.1 | wpb 23829 | bsz 1942.5 | num_updates 2166 | best_bleu 13.886614982661463 (progress_bar.py:269, print())
[2020-12-27 10:44:05]    INFO >> saved checkpoint /home/wanyao/.ncc/code_search_net_feng/sum_bin_ast/javascript/data-mmap/nary_tree2seq/checkpoints/checkpoint_last.pt (epoch 19 @ 2166 updates, score 13.69861899142291) (writing took 0.9666821341961622 seconds) (checkpoint_utils.py:81, save_checkpoint())
[2020-12-27 10:44:31]    INFO >> epoch 020:     34 / 114 loss=55.097, nll_loss=4.456, bleu=0, ppl=21.95, wps=7162.8, ups=1.14, wpb=6267.5, bsz=506.9, num_updates=2200, lr=0.000278054, gnorm=9.878, clip=0, loss_scale=128, train_wall=35, wall=1852 (progress_bar.py:262, log())
[2020-12-27 10:45:11]    INFO >> epoch 020:     84 / 114 loss=54.81, nll_loss=4.431, bleu=0, ppl=21.57, wps=7933, ups=1.25, wpb=6333.1, bsz=512, num_updates=2250, lr=0.000278054, gnorm=10.05, clip=0, loss_scale=128, train_wall=38, wall=1892 (progress_bar.py:262, log())
[2020-12-27 10:45:33]    INFO >> epoch 020 | loss 54.652 | nll_loss 4.425 | bleu 0 | ppl 21.48 | wps 7601.5 | ups 1.21 | wpb 6286 | bsz 509 | num_updates 2280 | lr 0.000278054 | gnorm 10.029 | clip 0 | loss_scale 128 | train_wall 83 | wall 1914 (progress_bar.py:269, print())
[2020-12-27 10:45:39]    INFO >> epoch 020 | valid on 'valid' subset | loss 78.189 | nll_loss 6.374 | bleu 13.693111762770052 | ppl 82.93 | wps 7476.7 | wpb 23829 | bsz 1942.5 | num_updates 2280 | best_bleu 13.886614982661463 (progress_bar.py:269, print())
[2020-12-27 10:45:40]    INFO >> saved checkpoint /home/wanyao/.ncc/code_search_net_feng/sum_bin_ast/javascript/data-mmap/nary_tree2seq/checkpoints/checkpoint_last.pt (epoch 20 @ 2280 updates, score 13.693111762770052) (writing took 0.9777133101597428 seconds) (checkpoint_utils.py:81, save_checkpoint())
[2020-12-27 10:45:54]    INFO >> epoch 021:     20 / 114 loss=54.051, nll_loss=4.381, bleu=0, ppl=20.84, wps=7271.6, ups=1.17, wpb=6231.1, bsz=505.1, num_updates=2300, lr=0.000272493, gnorm=10.153, clip=0, loss_scale=128, train_wall=35, wall=1934 (progress_bar.py:262, log())
[2020-12-27 10:46:33]    INFO >> epoch 021:     70 / 114 loss=52.899, nll_loss=4.306, bleu=0, ppl=19.78, wps=8011.5, ups=1.28, wpb=6268.2, bsz=510.2, num_updates=2350, lr=0.000272493, gnorm=10.217, clip=0, loss_scale=128, train_wall=37, wall=1974 (progress_bar.py:262, log())
[2020-12-27 10:47:08]    INFO >> epoch 021 | loss 53.354 | nll_loss 4.32 | bleu 0 | ppl 19.97 | wps 7603.6 | ups 1.21 | wpb 6286 | bsz 509 | num_updates 2394 | lr 0.000272493 | gnorm 10.381 | clip 0 | loss_scale 128 | train_wall 83 | wall 2008 (progress_bar.py:269, print())
[2020-12-27 10:47:13]    INFO >> epoch 021 | valid on 'valid' subset | loss 78.435 | nll_loss 6.394 | bleu 13.721456617811043 | ppl 84.09 | wps 7491.5 | wpb 23829 | bsz 1942.5 | num_updates 2394 | best_bleu 13.886614982661463 (progress_bar.py:269, print())
[2020-12-27 10:47:14]    INFO >> saved checkpoint /home/wanyao/.ncc/code_search_net_feng/sum_bin_ast/javascript/data-mmap/nary_tree2seq/checkpoints/checkpoint_last.pt (epoch 21 @ 2394 updates, score 13.721456617811043) (writing took 0.9666091222316027 seconds) (checkpoint_utils.py:81, save_checkpoint())
[2020-12-27 10:47:18]    INFO >> epoch 022:      6 / 114 loss=53.945, nll_loss=4.33, bleu=0, ppl=20.11, wps=6995.6, ups=1.11, wpb=6315.4, bsz=506.9, num_updates=2400, lr=0.000267043, gnorm=10.679, clip=0, loss_scale=128, train_wall=37, wall=2019 (progress_bar.py:262, log())
[2020-12-27 10:47:57]    INFO >> epoch 022:     56 / 114 loss=52.042, nll_loss=4.207, bleu=0, ppl=18.47, wps=8190.3, ups=1.3, wpb=6310.9, bsz=510.2, num_updates=2450, lr=0.000267043, gnorm=10.442, clip=0, loss_scale=128, train_wall=36, wall=2057 (progress_bar.py:262, log())
[2020-12-27 10:48:35]    INFO >> epoch 022:    106 / 114 loss=52.113, nll_loss=4.237, bleu=0, ppl=18.86, wps=8272.8, ups=1.31, wpb=6296.9, bsz=512, num_updates=2500, lr=0.000267043, gnorm=10.997, clip=0, loss_scale=128, train_wall=36, wall=2095 (progress_bar.py:262, log())
[2020-12-27 10:48:41]    INFO >> epoch 022 | loss 52.159 | nll_loss 4.223 | bleu 0 | ppl 18.68 | wps 7657.1 | ups 1.22 | wpb 6286 | bsz 509 | num_updates 2508 | lr 0.000267043 | gnorm 10.748 | clip 0 | loss_scale 128 | train_wall 82 | wall 2102 (progress_bar.py:269, print())
[2020-12-27 10:48:46]    INFO >> epoch 022 | valid on 'valid' subset | loss 78.739 | nll_loss 6.419 | bleu 13.802808666887692 | ppl 85.55 | wps 7432 | wpb 23829 | bsz 1942.5 | num_updates 2508 | best_bleu 13.886614982661463 (progress_bar.py:269, print())
[2020-12-27 10:48:47]    INFO >> saved checkpoint /home/wanyao/.ncc/code_search_net_feng/sum_bin_ast/javascript/data-mmap/nary_tree2seq/checkpoints/checkpoint_last.pt (epoch 22 @ 2508 updates, score 13.802808666887692) (writing took 1.0001398650929332 seconds) (checkpoint_utils.py:81, save_checkpoint())
[2020-12-27 10:49:20]    INFO >> epoch 023:     42 / 114 loss=51.007, nll_loss=4.122, bleu=0, ppl=17.42, wps=6965.5, ups=1.11, wpb=6271.7, bsz=506.9, num_updates=2550, lr=0.000261702, gnorm=10.731, clip=0, loss_scale=128, train_wall=37, wall=2140 (progress_bar.py:262, log())
[2020-12-27 10:49:59]    INFO >> epoch 023:     92 / 114 loss=51.089, nll_loss=4.141, bleu=0, ppl=17.64, wps=8033, ups=1.28, wpb=6294.6, bsz=510.2, num_updates=2600, lr=0.000261702, gnorm=11.026, clip=0, loss_scale=128, train_wall=37, wall=2180 (progress_bar.py:262, log())
[2020-12-27 10:50:16]    INFO >> epoch 023 | loss 50.991 | nll_loss 4.129 | bleu 0 | ppl 17.49 | wps 7569.5 | ups 1.2 | wpb 6286 | bsz 509 | num_updates 2622 | lr 0.000261702 | gnorm 10.972 | clip 0 | loss_scale 128 | train_wall 84 | wall 2196 (progress_bar.py:269, print())
[2020-12-27 10:50:21]    INFO >> epoch 023 | valid on 'valid' subset | loss 79.13 | nll_loss 6.451 | bleu 13.470521704148334 | ppl 87.46 | wps 7474.5 | wpb 23829 | bsz 1942.5 | num_updates 2622 | best_bleu 13.886614982661463 (progress_bar.py:269, print())
[2020-12-27 10:50:22]    INFO >> saved checkpoint /home/wanyao/.ncc/code_search_net_feng/sum_bin_ast/javascript/data-mmap/nary_tree2seq/checkpoints/checkpoint_last.pt (epoch 23 @ 2622 updates, score 13.470521704148334) (writing took 0.9766198042780161 seconds) (checkpoint_utils.py:81, save_checkpoint())
[2020-12-27 10:50:45]    INFO >> epoch 024:     28 / 114 loss=50.36, nll_loss=4.068, bleu=0, ppl=16.78, wps=6803.4, ups=1.08, wpb=6274.3, bsz=506.9, num_updates=2650, lr=0.000256468, gnorm=11.159, clip=0, loss_scale=128, train_wall=38, wall=2226 (progress_bar.py:262, log())
[2020-12-27 10:51:23]    INFO >> epoch 024:     78 / 114 loss=49.571, nll_loss=4.031, bleu=0, ppl=16.35, wps=8282.8, ups=1.32, wpb=6274.5, bsz=510.2, num_updates=2700, lr=0.000256468, gnorm=11.066, clip=0, loss_scale=128, train_wall=36, wall=2264 (progress_bar.py:262, log())
[2020-12-27 10:51:50]    INFO >> epoch 024 | loss 49.839 | nll_loss 4.035 | bleu 0 | ppl 16.4 | wps 7608.4 | ups 1.21 | wpb 6286 | bsz 509 | num_updates 2736 | lr 0.000256468 | gnorm 11.153 | clip 0 | loss_scale 128 | train_wall 83 | wall 2290 (progress_bar.py:269, print())
[2020-12-27 10:51:55]    INFO >> epoch 024 | valid on 'valid' subset | loss 79.559 | nll_loss 6.486 | bleu 13.880906994911728 | ppl 89.61 | wps 7388.1 | wpb 23829 | bsz 1942.5 | num_updates 2736 | best_bleu 13.886614982661463 (progress_bar.py:269, print())
[2020-12-27 10:51:56]    INFO >> saved checkpoint /home/wanyao/.ncc/code_search_net_feng/sum_bin_ast/javascript/data-mmap/nary_tree2seq/checkpoints/checkpoint_last.pt (epoch 24 @ 2736 updates, score 13.880906994911728) (writing took 1.0674287425354123 seconds) (checkpoint_utils.py:81, save_checkpoint())
[2020-12-27 10:51:56]    INFO >> early stop since valid performance hasn't improved for last 10 runs (train.py:185, should_stop_early())
[2020-12-27 10:51:56]    INFO >> early stop since valid performance hasn't improved for last 10 runs (train.py:269, single_main())
[2020-12-27 10:51:56]    INFO >> done training in 2284.5 seconds (train.py:280, single_main())
