nohup: ignoring input
[2020-12-26 22:43:03]    INFO >> Load arguments in /home/wanyao/yang/naturalcc-dev/run/summarization/tree2seq/config/csn_feng/java.fp16.yml (train.py:299, cli_main())
[2020-12-26 22:43:03]    INFO >> {'criterion': 'cross_entropy', 'optimizer': 'adam', 'lr_scheduler': 'fixed', 'tokenizer': None, 'bpe': None, 'common': {'no_progress_bar': 0, 'log_interval': 50, 'log_format': 'simple', 'tensorboard_logdir': '', 'memory_efficient_fp16': 1, 'fp16_no_flatten_grads': 1, 'fp16_init_scale': 128, 'fp16_scale_window': None, 'fp16_scale_tolerance': 0.0, 'min_loss_scale': 0.0001, 'threshold_loss_scale': None, 'empty_cache_freq': 0, 'task': 'graph_summarization', 'seed': 1, 'cpu': 0, 'fp16': 1, 'fp16_opt_level': '01', 'server_ip': '', 'server_port': ''}, 'dataset': {'num_workers': 0, 'skip_invalid_size_inputs_valid_test': 1, 'max_tokens': None, 'max_sentences': 128, 'required_batch_size_multiple': 8, 'dataset_impl': 'mmap', 'train_subset': 'train', 'valid_subset': 'valid', 'validate_interval': 1, 'fixed_validation_seed': None, 'disable_validation': 0, 'max_tokens_valid': None, 'max_sentences_valid': 512, 'curriculum': 0, 'gen_subset': 'test', 'num_shards': 1, 'shard_id': 0}, 'distributed_training': {'distributed_world_size': 4, 'distributed_rank': 0, 'distributed_backend': 'nccl', 'distributed_init_method': None, 'distributed_port': -1, 'device_id': 0, 'distributed_no_spawn': 0, 'ddp_backend': 'no_c10d', 'bucket_cap_mb': 25, 'fix_batches_to_gpus': None, 'find_unused_parameters': 0, 'fast_stat_sync': 0, 'broadcast_buffers': 0, 'global_sync_iter': 50, 'warmup_iterations': 500, 'local_rank': -1, 'block_momentum': 0.875, 'block_lr': 1, 'use_nbm': 0, 'average_sync': 0}, 'task': {'data': '/home/wanyao/.ncc/code_search_net_feng/sum_bin_ast/java/data-mmap', 'source_lang': 'bin_ast', 'target_lang': 'docstring_tokens', 'load_alignments': 0, 'left_pad_source': 0, 'left_pad_target': 0, 'max_source_positions': 512, 'max_target_positions': 30, 'upsample_primary': 1, 'truncate_source': 0, 'truncate_target': 1, 'append_eos_to_target': 1, 'eval_bleu': 1, 'eval_bleu_detok': 'space', 'eval_bleu_detok_args': None, 'eval_tokenized_bleu': 0, 'eval_bleu_remove_bpe': None, 'eval_bleu_args': None, 'eval_bleu_print_samples': 0}, 'model': {'arch': 'nary_tree2seq', 'encoder_embed_dim': 512, 'encoder_embed': None, 'encoder_freeze_embed': 0, 'encoder_hidden_size': 512, 'encoder_layers': 1, 'encoder_bidirectional': 0, 'decoder_embed_dim': 512, 'decoder_embed': None, 'decoder_freeze_embed': None, 'decoder_hidden_size': 512, 'decoder_layers': 1, 'decoder_out_embed_dim': 512, 'decoder_attention': 1, 'adaptive_softmax_cutoff': None, 'share_decoder_input_output_embed': 0, 'share_all_embeddings': 0, 'encoder_dropout_in': 0.1, 'encoder_dropout_out': 0.2, 'decoder_dropout_in': 0.1, 'decoder_dropout_out': 0.2, 'max_source_positions': 512, 'max_target_positions': 30}, 'optimization': {'max_epoch': 100, 'max_update': 0, 'clip_norm': 25, 'update_freq': [1], 'lr': [0.0004], 'min_lr': -1, 'use_bmuf': 0, 'force_anneal': 0, 'warmup_updates': 0, 'lr_shrink': 0.98, 'sentence_avg': 1, 'adam': {'adam_betas': '(0.9, 0.999)', 'adam_eps': 1e-08, 'weight_decay': 0.0, 'use_old_adam': 0}, 'weight_decay': 0.0, 'adam_epsilon': 1e-08, 'max_grad_norm': 1.0, 'num_train_epochs': 5, 'max_steps': -1, 'warmup_steps': 0, 'gradient_accumulation_steps': 1}, 'checkpoint': {'restore_file': 'checkpoint_last.pt', 'reset_dataloader': None, 'reset_lr_scheduler': None, 'reset_meters': None, 'reset_optimizer': None, 'optimizer_overrides': '{}', 'save_interval': 1, 'save_interval_updates': 0, 'keep_interval_updates': 0, 'keep_last_epochs': -1, 'keep_best_checkpoints': -1, 'no_save': 0, 'no_epoch_checkpoints': 1, 'no_last_checkpoints': 0, 'no_save_optimizer_state': None, 'best_checkpoint_metric': 'bleu', 'maximize_best_checkpoint_metric': 1, 'patience': 10, 'save_dir': '/home/wanyao/.ncc/code_search_net_feng/sum_bin_ast/java/data-mmap/nary_tree2seq/checkpoints', 'should_continue': 0, 'model_name_or_path': None, 'cache_dir': None, 'logging_steps': 500, 'save_steps': 2000, 'save_total_limit': 2, 'overwrite_output_dir': 0, 'overwrite_cache': 0}, 'eval': {'path': '/home/wanyao/.ncc/code_search_net_feng/sum_bin_ast/java/data-mmap/nary_tree2seq/checkpoints/checkpoint_best.pt', 'result_path': None, 'remove_bpe': None, 'quiet': 0, 'model_overrides': '{}', 'max_sentences': 2048, 'beam': 1, 'nbest': 1, 'max_len_a': 0, 'max_len_b': 30, 'min_len': 1, 'match_source_len': 0, 'no_early_stop': 0, 'unnormalized': 0, 'no_beamable_mm': 0, 'lenpen': 1, 'unkpen': 0, 'replace_unk': None, 'sacrebleu': 0, 'score_reference': 0, 'prefix_size': 0, 'no_repeat_ngram_size': 0, 'sampling': 0, 'sampling_topk': -1, 'sampling_topp': -1, 'temperature': 1.0, 'diverse_beam_groups': -1, 'diverse_beam_strength': 0.5, 'diversity_rate': -1.0, 'print_alignment': 0, 'print_step': 0, 'iter_decode_eos_penalty': 0.0, 'iter_decode_max_iter': 10, 'iter_decode_force_max_iter': 0, 'iter_decode_with_beam': 1, 'iter_decode_with_external_reranker': 0, 'retain_iter_history': 0, 'decoding_format': None, 'nltk_bleu': 1, 'rouge': 1}} (train.py:301, cli_main())
[2020-12-26 22:43:10]    INFO >> distributed init (rank 3): tcp://localhost:15899 (distributed_utils.py:89, distributed_init())
[2020-12-26 22:43:10]    INFO >> distributed init (rank 0): tcp://localhost:15899 (distributed_utils.py:89, distributed_init())
[2020-12-26 22:43:10]    INFO >> distributed init (rank 2): tcp://localhost:15899 (distributed_utils.py:89, distributed_init())
[2020-12-26 22:43:10]    INFO >> initialized host node14 as rank 2 (distributed_utils.py:98, distributed_init())
[2020-12-26 22:43:10]    INFO >> distributed init (rank 1): tcp://localhost:15899 (distributed_utils.py:89, distributed_init())
[2020-12-26 22:43:10]    INFO >> initialized host node14 as rank 1 (distributed_utils.py:98, distributed_init())
[2020-12-26 22:43:11]    INFO >> initialized host node14 as rank 3 (distributed_utils.py:98, distributed_init())
[2020-12-26 22:43:11]    INFO >> initialized host node14 as rank 0 (distributed_utils.py:98, distributed_init())
[2020-12-26 22:43:17]    INFO >> [bin_ast] dictionary: 48528 types (graph_summarization.py:169, setup_task())
[2020-12-26 22:43:17]    INFO >> [docstring_tokens] dictionary: 15272 types (graph_summarization.py:170, setup_task())
[2020-12-26 22:43:18]    INFO >> truncate valid.docstring_tokens to 30 (graph_summarization.py:96, load_langpair_dataset())
[2020-12-26 22:43:18]    INFO >> loaded 5183 examples from: /home/wanyao/.ncc/code_search_net_feng/sum_bin_ast/java/data-mmap/valid.bin_ast (graph_summarization.py:117, load_langpair_dataset())
[2020-12-26 22:43:18]    INFO >> loaded 5183 examples from: /home/wanyao/.ncc/code_search_net_feng/sum_bin_ast/java/data-mmap/valid.docstring_tokens (graph_summarization.py:118, load_langpair_dataset())
[2020-12-26 22:43:19]    INFO >> NaryTree2SeqModel(
  (encoder): NaryTreeLSTMEncoder(
    (embed_tokens): Embedding(48528, 512, padding_idx=0)
    (lstm): NaryTreeLSTMCell(
      (W_iou): Linear(in_features=512, out_features=1536, bias=False)
      (U_iou): Linear(in_features=1024, out_features=1536, bias=False)
      (U_f): Linear(in_features=1024, out_features=1024, bias=True)
    )
  )
  (decoder): LSTMDecoder(
    (embed_tokens): Embedding(15272, 512, padding_idx=0)
    (layers): ModuleList(
      (0): LSTMCell(1024, 512)
    )
    (attention): AttentionLayer(
      (input_proj): Linear(in_features=512, out_features=512, bias=False)
      (output_proj): Linear(in_features=1024, out_features=512, bias=False)
    )
    (fc_out): Linear(in_features=512, out_features=15272, bias=True)
  )
) (train.py:220, single_main())
[2020-12-26 22:43:19]    INFO >> model nary_tree2seq, criterion CrossEntropyCriterion (train.py:221, single_main())
[2020-12-26 22:43:19]    INFO >> num. model params: 47846824 (num. trained: 47846824) (train.py:224, single_main())
[2020-12-26 22:43:19]    INFO >> training on 4 GPUs (train.py:229, single_main())
[2020-12-26 22:43:19]    INFO >> max tokens per GPU = None and max sentences per GPU = 128 (train.py:232, single_main())
[2020-12-26 22:43:19]    INFO >> no existing checkpoint found /home/wanyao/.ncc/code_search_net_feng/sum_bin_ast/java/data-mmap/nary_tree2seq/checkpoints/checkpoint_last.pt (ncc_trainer.py:267, load_checkpoint())
[2020-12-26 22:43:19]    INFO >> loading train data for epoch 1 (ncc_trainer.py:281, get_train_iterator())
[2020-12-26 22:43:51]    INFO >> truncate train.docstring_tokens to 30 (graph_summarization.py:96, load_langpair_dataset())
[2020-12-26 22:43:51]    INFO >> loaded 164923 examples from: /home/wanyao/.ncc/code_search_net_feng/sum_bin_ast/java/data-mmap/train.bin_ast (graph_summarization.py:117, load_langpair_dataset())
[2020-12-26 22:43:51]    INFO >> loaded 164923 examples from: /home/wanyao/.ncc/code_search_net_feng/sum_bin_ast/java/data-mmap/train.docstring_tokens (graph_summarization.py:118, load_langpair_dataset())
[2020-12-26 22:43:52]    INFO >> using FusedAdam (adam.py:39, __init__())
[2020-12-26 22:44:41]    INFO >> epoch 001:     50 / 323 loss=131.086, nll_loss=9.513, bleu=0, ppl=730.84, wps=8904.6, ups=1.26, wpb=7054.9, bsz=512, num_updates=50, lr=0.0004, gnorm=10, clip=4, loss_scale=128, train_wall=46, wall=82 (progress_bar.py:262, log())
[2020-12-26 22:45:19]    INFO >> epoch 001:    100 / 323 loss=111.125, nll_loss=8.043, bleu=0, ppl=263.69, wps=9206.3, ups=1.3, wpb=7074.3, bsz=512, num_updates=100, lr=0.0004, gnorm=5.103, clip=0, loss_scale=128, train_wall=36, wall=120 (progress_bar.py:262, log())
[2020-12-26 22:46:10]    INFO >> epoch 001:    150 / 323 loss=104.609, nll_loss=7.628, bleu=0, ppl=197.76, wps=6908.7, ups=0.98, wpb=7021.8, bsz=512, num_updates=150, lr=0.0004, gnorm=5.507, clip=0, loss_scale=128, train_wall=48, wall=171 (progress_bar.py:262, log())
[2020-12-26 22:47:02]    INFO >> epoch 001:    200 / 323 loss=99.838, nll_loss=7.296, bleu=0, ppl=157.16, wps=6707.9, ups=0.96, wpb=6987.2, bsz=510.6, num_updates=200, lr=0.0004, gnorm=5.296, clip=0, loss_scale=128, train_wall=49, wall=223 (progress_bar.py:262, log())
[2020-12-26 22:47:38]    INFO >> epoch 001:    250 / 323 loss=97.242, nll_loss=7.048, bleu=0, ppl=132.31, wps=9806.4, ups=1.39, wpb=7064.3, bsz=512, num_updates=250, lr=0.0004, gnorm=5.166, clip=0, loss_scale=128, train_wall=34, wall=259 (progress_bar.py:262, log())
[2020-12-26 22:48:15]    INFO >> epoch 001:    300 / 323 loss=94.286, nll_loss=6.831, bleu=0, ppl=113.84, wps=9651.5, ups=1.37, wpb=7067.2, bsz=512, num_updates=300, lr=0.0004, gnorm=5.408, clip=0, loss_scale=128, train_wall=34, wall=296 (progress_bar.py:262, log())
[2020-12-26 22:48:31]    INFO >> epoch 001 | loss 105.424 | nll_loss 7.654 | bleu 0 | ppl 201.46 | wps 8404.1 | ups 1.19 | wpb 7032.5 | bsz 510.6 | num_updates 323 | lr 0.0004 | gnorm 6.078 | clip 0.6 | loss_scale 128 | train_wall 264 | wall 312 (progress_bar.py:269, print())
[2020-12-26 22:48:39]    INFO >> epoch 001 | valid on 'valid' subset | loss 89.523 | nll_loss 6.447 | bleu 11.459082747838403 | ppl 87.22 | wps 8933.3 | wpb 23991.7 | bsz 1727.7 | num_updates 323 (progress_bar.py:269, print())
[2020-12-26 22:48:41]    INFO >> saved checkpoint /home/wanyao/.ncc/code_search_net_feng/sum_bin_ast/java/data-mmap/nary_tree2seq/checkpoints/checkpoint_best.pt (epoch 1 @ 323 updates, score 11.459082747838403) (writing took 1.7592777227982879 seconds) (checkpoint_utils.py:81, save_checkpoint())
[2020-12-26 22:49:00]    INFO >> epoch 002:     27 / 323 loss=91.688, nll_loss=6.618, bleu=0, ppl=98.21, wps=7796.2, ups=1.12, wpb=6987.3, bsz=504.3, num_updates=350, lr=0.0004, gnorm=5.945, clip=0, loss_scale=128, train_wall=33, wall=340 (progress_bar.py:262, log())
[2020-12-26 22:49:38]    INFO >> epoch 002:     77 / 323 loss=88.664, nll_loss=6.438, bleu=0, ppl=86.71, wps=9203.6, ups=1.31, wpb=7051.1, bsz=512, num_updates=400, lr=0.0004, gnorm=5.728, clip=0, loss_scale=128, train_wall=36, wall=379 (progress_bar.py:262, log())
[2020-12-26 22:50:17]    INFO >> epoch 002:    127 / 323 loss=86.807, nll_loss=6.307, bleu=0, ppl=79.18, wps=8945.3, ups=1.27, wpb=7046.8, bsz=512, num_updates=450, lr=0.0004, gnorm=5.976, clip=0, loss_scale=128, train_wall=37, wall=418 (progress_bar.py:262, log())
[2020-12-26 22:50:53]    INFO >> epoch 002:    177 / 323 loss=85.206, nll_loss=6.215, bleu=0, ppl=74.28, wps=9886.4, ups=1.41, wpb=7019.5, bsz=512, num_updates=500, lr=0.0004, gnorm=5.863, clip=0, loss_scale=128, train_wall=33, wall=454 (progress_bar.py:262, log())
[2020-12-26 22:51:29]    INFO >> epoch 002:    227 / 323 loss=84.05, nll_loss=6.118, bleu=0, ppl=69.44, wps=9802.6, ups=1.4, wpb=7015.3, bsz=510.6, num_updates=550, lr=0.0004, gnorm=5.945, clip=0, loss_scale=128, train_wall=34, wall=489 (progress_bar.py:262, log())
[2020-12-26 22:52:07]    INFO >> epoch 002:    277 / 323 loss=84.012, nll_loss=6.058, bleu=0, ppl=66.63, wps=9162.2, ups=1.29, wpb=7100.3, bsz=512, num_updates=600, lr=0.0004, gnorm=5.997, clip=0, loss_scale=128, train_wall=36, wall=528 (progress_bar.py:262, log())
[2020-12-26 22:52:45]    INFO >> epoch 002 | loss 85.648 | nll_loss 6.219 | bleu 0 | ppl 74.47 | wps 8968.8 | ups 1.28 | wpb 7032.5 | bsz 510.6 | num_updates 646 | lr 0.0004 | gnorm 5.916 | clip 0 | loss_scale 128 | train_wall 229 | wall 565 (progress_bar.py:269, print())
[2020-12-26 22:52:52]    INFO >> epoch 002 | valid on 'valid' subset | loss 81.067 | nll_loss 5.838 | bleu 12.423720018771656 | ppl 57.19 | wps 8855.7 | wpb 23991.7 | bsz 1727.7 | num_updates 646 | best_bleu 12.423720018771656 (progress_bar.py:269, print())
[2020-12-26 22:52:56]    INFO >> saved checkpoint /home/wanyao/.ncc/code_search_net_feng/sum_bin_ast/java/data-mmap/nary_tree2seq/checkpoints/checkpoint_best.pt (epoch 2 @ 646 updates, score 12.423720018771656) (writing took 3.141594716347754 seconds) (checkpoint_utils.py:81, save_checkpoint())
[2020-12-26 22:52:58]    INFO >> epoch 003:      4 / 323 loss=81.836, nll_loss=5.952, bleu=0, ppl=61.92, wps=6783.3, ups=0.98, wpb=6933.8, bsz=504.3, num_updates=650, lr=0.000392, gnorm=6.094, clip=0, loss_scale=128, train_wall=38, wall=579 (progress_bar.py:262, log())
[2020-12-26 22:53:41]    INFO >> epoch 003:     54 / 323 loss=79.809, nll_loss=5.773, bleu=0, ppl=54.69, wps=8317.6, ups=1.18, wpb=7077.9, bsz=512, num_updates=700, lr=0.000392, gnorm=6.17, clip=0, loss_scale=128, train_wall=40, wall=622 (progress_bar.py:262, log())
[2020-12-26 22:54:22]    INFO >> epoch 003:    104 / 323 loss=79.09, nll_loss=5.748, bleu=0, ppl=53.73, wps=8506.8, ups=1.21, wpb=7045.2, bsz=512, num_updates=750, lr=0.000392, gnorm=6.288, clip=0, loss_scale=128, train_wall=39, wall=663 (progress_bar.py:262, log())
[2020-12-26 22:55:05]    INFO >> epoch 003:    154 / 323 loss=77.995, nll_loss=5.672, bleu=0, ppl=50.98, wps=8276.1, ups=1.18, wpb=7040.7, bsz=512, num_updates=800, lr=0.000392, gnorm=6.079, clip=0, loss_scale=128, train_wall=40, wall=706 (progress_bar.py:262, log())
[2020-12-26 22:55:47]    INFO >> epoch 003:    204 / 323 loss=77.509, nll_loss=5.633, bleu=0, ppl=49.64, wps=8422.2, ups=1.2, wpb=7025.5, bsz=510.6, num_updates=850, lr=0.000392, gnorm=6.051, clip=0, loss_scale=128, train_wall=39, wall=747 (progress_bar.py:262, log())
[2020-12-26 22:56:26]    INFO >> epoch 003:    254 / 323 loss=77.247, nll_loss=5.6, bleu=0, ppl=48.5, wps=8908.7, ups=1.26, wpb=7062.7, bsz=512, num_updates=900, lr=0.000392, gnorm=6.392, clip=0, loss_scale=128, train_wall=37, wall=787 (progress_bar.py:262, log())
[2020-12-26 22:57:05]    INFO >> epoch 003:    304 / 323 loss=76.622, nll_loss=5.574, bleu=0, ppl=47.63, wps=9200.4, ups=1.31, wpb=7038.4, bsz=512, num_updates=950, lr=0.000392, gnorm=6.34, clip=0, loss_scale=128, train_wall=36, wall=825 (progress_bar.py:262, log())
[2020-12-26 22:57:21]    INFO >> epoch 003 | loss 77.971 | nll_loss 5.661 | bleu 0 | ppl 50.6 | wps 8227.4 | ups 1.17 | wpb 7032.5 | bsz 510.6 | num_updates 969 | lr 0.000392 | gnorm 6.225 | clip 0 | loss_scale 128 | train_wall 250 | wall 842 (progress_bar.py:269, print())
[2020-12-26 22:57:29]    INFO >> epoch 003 | valid on 'valid' subset | loss 77.118 | nll_loss 5.553 | bleu 13.050897187238583 | ppl 46.96 | wps 8810.7 | wpb 23991.7 | bsz 1727.7 | num_updates 969 | best_bleu 13.050897187238583 (progress_bar.py:269, print())
[2020-12-26 22:57:32]    INFO >> saved checkpoint /home/wanyao/.ncc/code_search_net_feng/sum_bin_ast/java/data-mmap/nary_tree2seq/checkpoints/checkpoint_best.pt (epoch 3 @ 969 updates, score 13.050897187238583) (writing took 3.3164638336747885 seconds) (checkpoint_utils.py:81, save_checkpoint())
[2020-12-26 22:57:58]    INFO >> epoch 004:     31 / 323 loss=74.713, nll_loss=5.435, bleu=0, ppl=43.27, wps=6462.3, ups=0.93, wpb=6932.2, bsz=504.3, num_updates=1000, lr=0.00038416, gnorm=6.189, clip=0, loss_scale=128, train_wall=40, wall=879 (progress_bar.py:262, log())
[2020-12-26 22:58:40]    INFO >> epoch 004:     81 / 323 loss=73.771, nll_loss=5.36, bleu=0, ppl=41.06, wps=8424.6, ups=1.2, wpb=7028.3, bsz=510.6, num_updates=1050, lr=0.00038416, gnorm=6.362, clip=0, loss_scale=128, train_wall=39, wall=921 (progress_bar.py:262, log())
[2020-12-26 22:59:24]    INFO >> epoch 004:    131 / 323 loss=73.12, nll_loss=5.315, bleu=0, ppl=39.81, wps=8033, ups=1.14, wpb=7043.4, bsz=512, num_updates=1100, lr=0.00038416, gnorm=6.345, clip=0, loss_scale=128, train_wall=41, wall=965 (progress_bar.py:262, log())
[2020-12-26 23:00:06]    INFO >> epoch 004:    181 / 323 loss=73.37, nll_loss=5.317, bleu=0, ppl=39.88, wps=8357.8, ups=1.18, wpb=7064.6, bsz=512, num_updates=1150, lr=0.00038416, gnorm=6.434, clip=0, loss_scale=128, train_wall=40, wall=1007 (progress_bar.py:262, log())
[2020-12-26 23:00:48]    INFO >> epoch 004:    231 / 323 loss=72.805, nll_loss=5.278, bleu=0, ppl=38.8, wps=8356.1, ups=1.18, wpb=7062.7, bsz=512, num_updates=1200, lr=0.00038416, gnorm=6.57, clip=0, loss_scale=128, train_wall=40, wall=1049 (progress_bar.py:262, log())
[2020-12-26 23:01:30]    INFO >> epoch 004:    281 / 323 loss=72.297, nll_loss=5.276, bleu=0, ppl=38.73, wps=8396.1, ups=1.2, wpb=7016.6, bsz=512, num_updates=1250, lr=0.00038416, gnorm=6.409, clip=0, loss_scale=128, train_wall=39, wall=1091 (progress_bar.py:262, log())
[2020-12-26 23:02:06]    INFO >> epoch 004 | loss 73.067 | nll_loss 5.305 | bleu 0 | ppl 39.54 | wps 7969.6 | ups 1.13 | wpb 7032.5 | bsz 510.6 | num_updates 1292 | lr 0.00038416 | gnorm 6.427 | clip 0 | loss_scale 128 | train_wall 259 | wall 1127 (progress_bar.py:269, print())
[2020-12-26 23:02:15]    INFO >> epoch 004 | valid on 'valid' subset | loss 74.55 | nll_loss 5.368 | bleu 13.302197811647822 | ppl 41.31 | wps 6723.9 | wpb 23991.7 | bsz 1727.7 | num_updates 1292 | best_bleu 13.302197811647822 (progress_bar.py:269, print())
[2020-12-26 23:02:18]    INFO >> saved checkpoint /home/wanyao/.ncc/code_search_net_feng/sum_bin_ast/java/data-mmap/nary_tree2seq/checkpoints/checkpoint_best.pt (epoch 4 @ 1292 updates, score 13.302197811647822) (writing took 3.2844248535111547 seconds) (checkpoint_utils.py:81, save_checkpoint())
[2020-12-26 23:02:24]    INFO >> epoch 005:      8 / 323 loss=72.255, nll_loss=5.201, bleu=0, ppl=36.79, wps=6482.6, ups=0.93, wpb=7005.9, bsz=504.3, num_updates=1300, lr=0.000376477, gnorm=6.533, clip=0, loss_scale=128, train_wall=39, wall=1145 (progress_bar.py:262, log())
[2020-12-26 23:03:08]    INFO >> epoch 005:     58 / 323 loss=69.668, nll_loss=5.055, bleu=0, ppl=33.24, wps=8028.7, ups=1.14, wpb=7056.4, bsz=512, num_updates=1350, lr=0.000376477, gnorm=6.585, clip=0, loss_scale=128, train_wall=42, wall=1189 (progress_bar.py:262, log())
[2020-12-26 23:03:49]    INFO >> epoch 005:    108 / 323 loss=69.876, nll_loss=5.054, bleu=0, ppl=33.22, wps=8657.6, ups=1.23, wpb=7059.7, bsz=510.6, num_updates=1400, lr=0.000376477, gnorm=6.817, clip=0, loss_scale=128, train_wall=38, wall=1230 (progress_bar.py:262, log())
[2020-12-26 23:04:29]    INFO >> epoch 005:    158 / 323 loss=69.454, nll_loss=5.046, bleu=0, ppl=33.03, wps=8696.7, ups=1.23, wpb=7047.6, bsz=512, num_updates=1450, lr=0.000376477, gnorm=6.812, clip=0, loss_scale=128, train_wall=38, wall=1270 (progress_bar.py:262, log())
[2020-12-26 23:05:10]    INFO >> epoch 005:    208 / 323 loss=69.522, nll_loss=5.049, bleu=0, ppl=33.11, wps=8661.4, ups=1.23, wpb=7049.9, bsz=512, num_updates=1500, lr=0.000376477, gnorm=6.795, clip=0, loss_scale=128, train_wall=38, wall=1311 (progress_bar.py:262, log())
[2020-12-26 23:05:53]    INFO >> epoch 005:    258 / 323 loss=69.048, nll_loss=5.033, bleu=0, ppl=32.73, wps=8156.7, ups=1.16, wpb=7024.7, bsz=512, num_updates=1550, lr=0.000376477, gnorm=6.672, clip=0, loss_scale=128, train_wall=41, wall=1354 (progress_bar.py:262, log())
[2020-12-26 23:06:35]    INFO >> epoch 005:    308 / 323 loss=68.593, nll_loss=4.993, bleu=0, ppl=31.85, wps=8368.3, ups=1.19, wpb=7033.4, bsz=512, num_updates=1600, lr=0.000376477, gnorm=6.585, clip=0, loss_scale=128, train_wall=40, wall=1396 (progress_bar.py:262, log())
[2020-12-26 23:06:47]    INFO >> epoch 005 | loss 69.349 | nll_loss 5.035 | bleu 0 | ppl 32.79 | wps 8085.1 | ups 1.15 | wpb 7032.5 | bsz 510.6 | num_updates 1615 | lr 0.000376477 | gnorm 6.711 | clip 0 | loss_scale 128 | train_wall 253 | wall 1408 (progress_bar.py:269, print())
[2020-12-26 23:06:54]    INFO >> epoch 005 | valid on 'valid' subset | loss 73.118 | nll_loss 5.265 | bleu 13.32454901326005 | ppl 38.46 | wps 8923.8 | wpb 23991.7 | bsz 1727.7 | num_updates 1615 | best_bleu 13.32454901326005 (progress_bar.py:269, print())
[2020-12-26 23:06:58]    INFO >> saved checkpoint /home/wanyao/.ncc/code_search_net_feng/sum_bin_ast/java/data-mmap/nary_tree2seq/checkpoints/checkpoint_best.pt (epoch 5 @ 1615 updates, score 13.32454901326005) (writing took 3.289241224527359 seconds) (checkpoint_utils.py:81, save_checkpoint())
[2020-12-26 23:07:28]    INFO >> epoch 006:     35 / 323 loss=66.683, nll_loss=4.863, bleu=0, ppl=29.1, wps=6545.4, ups=0.95, wpb=6915.4, bsz=504.3, num_updates=1650, lr=0.000368947, gnorm=6.823, clip=0, loss_scale=128, train_wall=40, wall=1449 (progress_bar.py:262, log())
[2020-12-26 23:08:09]    INFO >> epoch 006:     85 / 323 loss=66.409, nll_loss=4.827, bleu=0, ppl=28.38, wps=8638.4, ups=1.23, wpb=7025.1, bsz=510.6, num_updates=1700, lr=0.000368947, gnorm=6.917, clip=0, loss_scale=128, train_wall=38, wall=1489 (progress_bar.py:262, log())
[2020-12-26 23:08:51]    INFO >> epoch 006:    135 / 323 loss=66.59, nll_loss=4.827, bleu=0, ppl=28.39, wps=8358.7, ups=1.18, wpb=7062.5, bsz=512, num_updates=1750, lr=0.000368947, gnorm=6.941, clip=0, loss_scale=128, train_wall=40, wall=1532 (progress_bar.py:262, log())
[2020-12-26 23:09:32]    INFO >> epoch 006:    185 / 323 loss=66.021, nll_loss=4.805, bleu=0, ppl=27.96, wps=8521, ups=1.21, wpb=7034.8, bsz=512, num_updates=1800, lr=0.000368947, gnorm=6.834, clip=0, loss_scale=128, train_wall=39, wall=1573 (progress_bar.py:262, log())
[2020-12-26 23:10:16]    INFO >> epoch 006:    235 / 323 loss=65.708, nll_loss=4.8, bleu=0, ppl=27.85, wps=7998.1, ups=1.14, wpb=7009.6, bsz=512, num_updates=1850, lr=0.000368947, gnorm=6.881, clip=0, loss_scale=128, train_wall=42, wall=1617 (progress_bar.py:262, log())
[2020-12-26 23:10:57]    INFO >> epoch 006:    285 / 323 loss=66.612, nll_loss=4.799, bleu=0, ppl=27.84, wps=8571.2, ups=1.21, wpb=7106.4, bsz=512, num_updates=1900, lr=0.000368947, gnorm=6.924, clip=0, loss_scale=128, train_wall=39, wall=1658 (progress_bar.py:262, log())
[2020-12-26 23:11:28]    INFO >> epoch 006 | loss 66.29 | nll_loss 4.813 | bleu 0 | ppl 28.11 | wps 8083.4 | ups 1.15 | wpb 7032.5 | bsz 510.6 | num_updates 1938 | lr 0.000368947 | gnorm 6.914 | clip 0 | loss_scale 128 | train_wall 255 | wall 1689 (progress_bar.py:269, print())
[2020-12-26 23:11:36]    INFO >> epoch 006 | valid on 'valid' subset | loss 72.124 | nll_loss 5.194 | bleu 13.565410666953113 | ppl 36.6 | wps 7260.9 | wpb 23991.7 | bsz 1727.7 | num_updates 1938 | best_bleu 13.565410666953113 (progress_bar.py:269, print())
[2020-12-26 23:11:40]    INFO >> saved checkpoint /home/wanyao/.ncc/code_search_net_feng/sum_bin_ast/java/data-mmap/nary_tree2seq/checkpoints/checkpoint_best.pt (epoch 6 @ 1938 updates, score 13.565410666953113) (writing took 3.2028683004900813 seconds) (checkpoint_utils.py:81, save_checkpoint())
[2020-12-26 23:11:49]    INFO >> epoch 007:     12 / 323 loss=65.923, nll_loss=4.756, bleu=0, ppl=27.02, wps=6718.1, ups=0.96, wpb=6990.3, bsz=504.3, num_updates=1950, lr=0.000361568, gnorm=7.131, clip=0, loss_scale=128, train_wall=38, wall=1710 (progress_bar.py:262, log())
[2020-12-26 23:12:30]    INFO >> epoch 007:     62 / 323 loss=64.115, nll_loss=4.629, bleu=0, ppl=24.74, wps=8710.7, ups=1.23, wpb=7092.2, bsz=512, num_updates=2000, lr=0.000361568, gnorm=7.289, clip=0, loss_scale=128, train_wall=38, wall=1751 (progress_bar.py:262, log())
[2020-12-26 23:13:10]    INFO >> epoch 007:    112 / 323 loss=63.709, nll_loss=4.616, bleu=0, ppl=24.51, wps=8771.7, ups=1.24, wpb=7067.1, bsz=512, num_updates=2050, lr=0.000361568, gnorm=7.039, clip=0, loss_scale=128, train_wall=38, wall=1791 (progress_bar.py:262, log())
[2020-12-26 23:13:52]    INFO >> epoch 007:    162 / 323 loss=63.046, nll_loss=4.62, bleu=0, ppl=24.58, wps=8415.1, ups=1.2, wpb=6987.5, bsz=512, num_updates=2100, lr=0.000361568, gnorm=7.135, clip=0, loss_scale=128, train_wall=39, wall=1833 (progress_bar.py:262, log())
[2020-12-26 23:14:33]    INFO >> epoch 007:    212 / 323 loss=63.492, nll_loss=4.627, bleu=0, ppl=24.71, wps=8485.5, ups=1.21, wpb=7006.9, bsz=510.6, num_updates=2150, lr=0.000361568, gnorm=7.209, clip=0, loss_scale=128, train_wall=39, wall=1874 (progress_bar.py:262, log())
[2020-12-26 23:15:18]    INFO >> epoch 007:    262 / 323 loss=63.71, nll_loss=4.632, bleu=0, ppl=24.79, wps=7961.8, ups=1.13, wpb=7042.5, bsz=512, num_updates=2200, lr=0.000361568, gnorm=7.214, clip=0, loss_scale=128, train_wall=42, wall=1918 (progress_bar.py:262, log())
[2020-12-26 23:15:57]    INFO >> epoch 007:    312 / 323 loss=64.026, nll_loss=4.631, bleu=0, ppl=24.78, wps=8870.2, ups=1.25, wpb=7078.5, bsz=512, num_updates=2250, lr=0.000361568, gnorm=7.208, clip=0, loss_scale=128, train_wall=38, wall=1958 (progress_bar.py:262, log())
[2020-12-26 23:16:09]    INFO >> epoch 007 | loss 63.685 | nll_loss 4.624 | bleu 0 | ppl 24.66 | wps 8071.4 | ups 1.15 | wpb 7032.5 | bsz 510.6 | num_updates 2261 | lr 0.000361568 | gnorm 7.191 | clip 0 | loss_scale 128 | train_wall 255 | wall 1970 (progress_bar.py:269, print())
[2020-12-26 23:16:17]    INFO >> epoch 007 | valid on 'valid' subset | loss 71.581 | nll_loss 5.155 | bleu 13.785654911332296 | ppl 35.62 | wps 8884.8 | wpb 23991.7 | bsz 1727.7 | num_updates 2261 | best_bleu 13.785654911332296 (progress_bar.py:269, print())
[2020-12-26 23:16:20]    INFO >> saved checkpoint /home/wanyao/.ncc/code_search_net_feng/sum_bin_ast/java/data-mmap/nary_tree2seq/checkpoints/checkpoint_best.pt (epoch 7 @ 2261 updates, score 13.785654911332296) (writing took 3.2020054925233126 seconds) (checkpoint_utils.py:81, save_checkpoint())
[2020-12-26 23:16:53]    INFO >> epoch 008:     39 / 323 loss=61.596, nll_loss=4.472, bleu=0, ppl=22.19, wps=6269.3, ups=0.9, wpb=6927.9, bsz=502.9, num_updates=2300, lr=0.000354337, gnorm=7.309, clip=0, loss_scale=128, train_wall=42, wall=2013 (progress_bar.py:262, log())
[2020-12-26 23:17:35]    INFO >> epoch 008:     89 / 323 loss=61.4, nll_loss=4.462, bleu=0, ppl=22.04, wps=8418.4, ups=1.19, wpb=7045.5, bsz=512, num_updates=2350, lr=0.000354337, gnorm=7.514, clip=0, loss_scale=128, train_wall=39, wall=2055 (progress_bar.py:262, log())
[2020-12-26 23:18:16]    INFO >> epoch 008:    139 / 323 loss=61.447, nll_loss=4.464, bleu=0, ppl=22.07, wps=8455.8, ups=1.2, wpb=7048, bsz=512, num_updates=2400, lr=0.000354337, gnorm=7.611, clip=0, loss_scale=128, train_wall=39, wall=2097 (progress_bar.py:262, log())
[2020-12-26 23:18:58]    INFO >> epoch 008:    189 / 323 loss=61.404, nll_loss=4.457, bleu=0, ppl=21.96, wps=8521.5, ups=1.21, wpb=7054, bsz=512, num_updates=2450, lr=0.000354337, gnorm=7.505, clip=0, loss_scale=128, train_wall=39, wall=2138 (progress_bar.py:262, log())
[2020-12-26 23:19:38]    INFO >> epoch 008:    239 / 323 loss=61.751, nll_loss=4.46, bleu=0, ppl=22.01, wps=8792.5, ups=1.24, wpb=7089.2, bsz=512, num_updates=2500, lr=0.000354337, gnorm=7.449, clip=0, loss_scale=128, train_wall=38, wall=2179 (progress_bar.py:262, log())
[2020-12-26 23:20:18]    INFO >> epoch 008:    289 / 323 loss=61.51, nll_loss=4.47, bleu=0, ppl=22.16, wps=8833.1, ups=1.25, wpb=7045.2, bsz=512, num_updates=2550, lr=0.000354337, gnorm=7.528, clip=0, loss_scale=128, train_wall=38, wall=2219 (progress_bar.py:262, log())
[2020-12-26 23:20:47]    INFO >> epoch 008 | loss 61.389 | nll_loss 4.457 | bleu 0 | ppl 21.97 | wps 8182 | ups 1.16 | wpb 7032.5 | bsz 510.6 | num_updates 2584 | lr 0.000354337 | gnorm 7.491 | clip 0 | loss_scale 128 | train_wall 252 | wall 2248 (progress_bar.py:269, print())
[2020-12-26 23:20:54]    INFO >> epoch 008 | valid on 'valid' subset | loss 71.129 | nll_loss 5.122 | bleu 13.840952795768075 | ppl 34.83 | wps 9060.3 | wpb 23991.7 | bsz 1727.7 | num_updates 2584 | best_bleu 13.840952795768075 (progress_bar.py:269, print())
[2020-12-26 23:20:58]    INFO >> saved checkpoint /home/wanyao/.ncc/code_search_net_feng/sum_bin_ast/java/data-mmap/nary_tree2seq/checkpoints/checkpoint_best.pt (epoch 8 @ 2584 updates, score 13.840952795768075) (writing took 3.245007110759616 seconds) (checkpoint_utils.py:81, save_checkpoint())
[2020-12-26 23:21:12]    INFO >> epoch 009:     16 / 323 loss=60.24, nll_loss=4.386, bleu=0, ppl=20.91, wps=6392.9, ups=0.92, wpb=6926.7, bsz=504.3, num_updates=2600, lr=0.00034725, gnorm=7.62, clip=0, loss_scale=128, train_wall=41, wall=2273 (progress_bar.py:262, log())
[2020-12-26 23:21:53]    INFO >> epoch 009:     66 / 323 loss=59.127, nll_loss=4.293, bleu=0, ppl=19.61, wps=8635.6, ups=1.23, wpb=7032.2, bsz=510.6, num_updates=2650, lr=0.00034725, gnorm=7.615, clip=0, loss_scale=128, train_wall=38, wall=2313 (progress_bar.py:262, log())
[2020-12-26 23:22:33]    INFO >> epoch 009:    116 / 323 loss=59.27, nll_loss=4.313, bleu=0, ppl=19.87, wps=8640.6, ups=1.23, wpb=7036.6, bsz=512, num_updates=2700, lr=0.00034725, gnorm=7.775, clip=0, loss_scale=128, train_wall=38, wall=2354 (progress_bar.py:262, log())
[2020-12-26 23:23:15]    INFO >> epoch 009:    166 / 323 loss=58.988, nll_loss=4.308, bleu=0, ppl=19.81, wps=8342.2, ups=1.19, wpb=7010, bsz=512, num_updates=2750, lr=0.00034725, gnorm=7.887, clip=0, loss_scale=128, train_wall=40, wall=2396 (progress_bar.py:262, log())
[2020-12-26 23:23:58]    INFO >> epoch 009:    216 / 323 loss=59.458, nll_loss=4.306, bleu=0, ppl=19.78, wps=8374, ups=1.18, wpb=7069.4, bsz=512, num_updates=2800, lr=0.00034725, gnorm=7.914, clip=0, loss_scale=128, train_wall=40, wall=2438 (progress_bar.py:262, log())
[2020-12-26 23:24:39]    INFO >> epoch 009:    266 / 323 loss=59.646, nll_loss=4.311, bleu=0, ppl=19.84, wps=8597.8, ups=1.21, wpb=7084.7, bsz=512, num_updates=2850, lr=0.00034725, gnorm=7.85, clip=0, loss_scale=128, train_wall=39, wall=2480 (progress_bar.py:262, log())
[2020-12-26 23:25:19]    INFO >> epoch 009:    316 / 323 loss=59.615, nll_loss=4.328, bleu=0, ppl=20.08, wps=8695.3, ups=1.23, wpb=7052.8, bsz=512, num_updates=2900, lr=0.00034725, gnorm=7.927, clip=0, loss_scale=128, train_wall=38, wall=2520 (progress_bar.py:262, log())
[2020-12-26 23:25:25]    INFO >> epoch 009 | loss 59.335 | nll_loss 4.308 | bleu 0 | ppl 19.81 | wps 8165.3 | ups 1.16 | wpb 7032.5 | bsz 510.6 | num_updates 2907 | lr 0.00034725 | gnorm 7.855 | clip 0 | loss_scale 128 | train_wall 253 | wall 2526 (progress_bar.py:269, print())
[2020-12-26 23:25:35]    INFO >> epoch 009 | valid on 'valid' subset | loss 70.942 | nll_loss 5.109 | bleu 14.038520417798916 | ppl 34.5 | wps 5855.1 | wpb 23991.7 | bsz 1727.7 | num_updates 2907 | best_bleu 14.038520417798916 (progress_bar.py:269, print())
[2020-12-26 23:25:38]    INFO >> saved checkpoint /home/wanyao/.ncc/code_search_net_feng/sum_bin_ast/java/data-mmap/nary_tree2seq/checkpoints/checkpoint_best.pt (epoch 9 @ 2907 updates, score 14.038520417798916) (writing took 3.2058786768466234 seconds) (checkpoint_utils.py:81, save_checkpoint())
[2020-12-26 23:26:14]    INFO >> epoch 010:     43 / 323 loss=56.951, nll_loss=4.147, bleu=0, ppl=17.72, wps=6331.5, ups=0.91, wpb=6925.2, bsz=504.3, num_updates=2950, lr=0.000340305, gnorm=8.066, clip=0, loss_scale=128, train_wall=39, wall=2575 (progress_bar.py:262, log())
[2020-12-26 23:26:56]    INFO >> epoch 010:     93 / 323 loss=57.136, nll_loss=4.158, bleu=0, ppl=17.86, wps=8359.6, ups=1.19, wpb=7034.7, bsz=512, num_updates=3000, lr=0.000340305, gnorm=8.161, clip=0, loss_scale=128, train_wall=40, wall=2617 (progress_bar.py:262, log())
[2020-12-26 23:27:37]    INFO >> epoch 010:    143 / 323 loss=57.236, nll_loss=4.171, bleu=0, ppl=18.01, wps=8537, ups=1.22, wpb=7025.7, bsz=512, num_updates=3050, lr=0.000340305, gnorm=8.04, clip=0, loss_scale=128, train_wall=39, wall=2658 (progress_bar.py:262, log())
[2020-12-26 23:28:18]    INFO >> epoch 010:    193 / 323 loss=57.561, nll_loss=4.178, bleu=0, ppl=18.1, wps=8642.3, ups=1.23, wpb=7054.4, bsz=512, num_updates=3100, lr=0.000340305, gnorm=8.143, clip=0, loss_scale=128, train_wall=38, wall=2699 (progress_bar.py:262, log())
[2020-12-26 23:28:59]    INFO >> epoch 010:    243 / 323 loss=57.739, nll_loss=4.187, bleu=0, ppl=18.21, wps=8629.2, ups=1.22, wpb=7060.8, bsz=512, num_updates=3150, lr=0.000340305, gnorm=8.094, clip=0, loss_scale=128, train_wall=39, wall=2740 (progress_bar.py:262, log())
[2020-12-26 23:29:41]    INFO >> epoch 010:    293 / 323 loss=58.16, nll_loss=4.199, bleu=0, ppl=18.36, wps=8508.8, ups=1.2, wpb=7073.3, bsz=510.6, num_updates=3200, lr=0.000340305, gnorm=8.135, clip=0, loss_scale=128, train_wall=39, wall=2781 (progress_bar.py:262, log())
[2020-12-26 23:30:06]    INFO >> epoch 010 | loss 57.461 | nll_loss 4.172 | bleu 0 | ppl 18.03 | wps 8085.4 | ups 1.15 | wpb 7032.5 | bsz 510.6 | num_updates 3230 | lr 0.000340305 | gnorm 8.109 | clip 0 | loss_scale 128 | train_wall 253 | wall 2807 (progress_bar.py:269, print())
[2020-12-26 23:30:13]    INFO >> epoch 010 | valid on 'valid' subset | loss 70.833 | nll_loss 5.101 | bleu 13.822996694511575 | ppl 34.31 | wps 8983.8 | wpb 23991.7 | bsz 1727.7 | num_updates 3230 | best_bleu 14.038520417798916 (progress_bar.py:269, print())
[2020-12-26 23:30:16]    INFO >> saved checkpoint /home/wanyao/.ncc/code_search_net_feng/sum_bin_ast/java/data-mmap/nary_tree2seq/checkpoints/checkpoint_last.pt (epoch 10 @ 3230 updates, score 13.822996694511575) (writing took 2.030431667342782 seconds) (checkpoint_utils.py:81, save_checkpoint())
[2020-12-26 23:30:32]    INFO >> epoch 011:     20 / 323 loss=57.006, nll_loss=4.129, bleu=0, ppl=17.5, wps=6748.7, ups=0.97, wpb=6962.8, bsz=504.3, num_updates=3250, lr=0.000333499, gnorm=8.229, clip=0, loss_scale=128, train_wall=40, wall=2833 (progress_bar.py:262, log())
[2020-12-26 23:31:16]    INFO >> epoch 011:     70 / 323 loss=55.269, nll_loss=4.01, bleu=0, ppl=16.11, wps=8102.9, ups=1.15, wpb=7057.6, bsz=512, num_updates=3300, lr=0.000333499, gnorm=8.222, clip=0, loss_scale=128, train_wall=41, wall=2876 (progress_bar.py:262, log())
[2020-12-26 23:31:57]    INFO >> epoch 011:    120 / 323 loss=55.655, nll_loss=4.039, bleu=0, ppl=16.43, wps=8505.3, ups=1.21, wpb=7036.9, bsz=510.6, num_updates=3350, lr=0.000333499, gnorm=8.315, clip=0, loss_scale=128, train_wall=39, wall=2918 (progress_bar.py:262, log())
[2020-12-26 23:32:38]    INFO >> epoch 011:    170 / 323 loss=55.732, nll_loss=4.048, bleu=0, ppl=16.54, wps=8668.9, ups=1.23, wpb=7049.2, bsz=512, num_updates=3400, lr=0.000333499, gnorm=8.433, clip=0, loss_scale=128, train_wall=38, wall=2958 (progress_bar.py:262, log())
[2020-12-26 23:33:19]    INFO >> epoch 011:    220 / 323 loss=55.659, nll_loss=4.056, bleu=0, ppl=16.64, wps=8521.4, ups=1.21, wpb=7025.3, bsz=512, num_updates=3450, lr=0.000333499, gnorm=8.473, clip=0, loss_scale=128, train_wall=39, wall=3000 (progress_bar.py:262, log())
[2020-12-26 23:33:59]    INFO >> epoch 011:    270 / 323 loss=55.985, nll_loss=4.065, bleu=0, ppl=16.74, wps=8728.2, ups=1.24, wpb=7051.4, bsz=512, num_updates=3500, lr=0.000333499, gnorm=8.395, clip=0, loss_scale=128, train_wall=38, wall=3040 (progress_bar.py:262, log())
[2020-12-26 23:34:40]    INFO >> epoch 011:    320 / 323 loss=56.234, nll_loss=4.072, bleu=0, ppl=16.82, wps=8693.3, ups=1.23, wpb=7071, bsz=512, num_updates=3550, lr=0.000333499, gnorm=8.514, clip=0, loss_scale=128, train_wall=38, wall=3081 (progress_bar.py:262, log())
[2020-12-26 23:34:42]    INFO >> epoch 011 | loss 55.745 | nll_loss 4.047 | bleu 0 | ppl 16.53 | wps 8223.9 | ups 1.17 | wpb 7032.5 | bsz 510.6 | num_updates 3553 | lr 0.000333499 | gnorm 8.389 | clip 0 | loss_scale 128 | train_wall 252 | wall 3083 (progress_bar.py:269, print())
[2020-12-26 23:34:50]    INFO >> epoch 011 | valid on 'valid' subset | loss 70.928 | nll_loss 5.108 | bleu 13.954866870442496 | ppl 34.48 | wps 9633.3 | wpb 23991.7 | bsz 1727.7 | num_updates 3553 | best_bleu 14.038520417798916 (progress_bar.py:269, print())
[2020-12-26 23:34:52]    INFO >> saved checkpoint /home/wanyao/.ncc/code_search_net_feng/sum_bin_ast/java/data-mmap/nary_tree2seq/checkpoints/checkpoint_last.pt (epoch 11 @ 3553 updates, score 13.954866870442496) (writing took 2.069541309028864 seconds) (checkpoint_utils.py:81, save_checkpoint())
[2020-12-26 23:35:30]    INFO >> epoch 012:     47 / 323 loss=54.066, nll_loss=3.91, bleu=0, ppl=15.03, wps=6997.6, ups=1, wpb=6974.2, bsz=504.3, num_updates=3600, lr=0.000326829, gnorm=8.656, clip=0, loss_scale=128, train_wall=38, wall=3131 (progress_bar.py:262, log())
[2020-12-26 23:36:10]    INFO >> epoch 012:     97 / 323 loss=53.66, nll_loss=3.902, bleu=0, ppl=14.95, wps=8674.8, ups=1.24, wpb=7021.9, bsz=510.6, num_updates=3650, lr=0.000326829, gnorm=8.597, clip=0, loss_scale=128, train_wall=38, wall=3171 (progress_bar.py:262, log())
[2020-12-26 23:36:52]    INFO >> epoch 012:    147 / 323 loss=54.384, nll_loss=3.938, bleu=0, ppl=15.32, wps=8498.1, ups=1.2, wpb=7071.3, bsz=512, num_updates=3700, lr=0.000326829, gnorm=8.559, clip=0, loss_scale=128, train_wall=39, wall=3213 (progress_bar.py:262, log())
[2020-12-26 23:37:33]    INFO >> epoch 012:    197 / 323 loss=54.271, nll_loss=3.941, bleu=0, ppl=15.36, wps=8615.4, ups=1.22, wpb=7051.3, bsz=512, num_updates=3750, lr=0.000326829, gnorm=8.81, clip=0, loss_scale=128, train_wall=39, wall=3254 (progress_bar.py:262, log())
[2020-12-26 23:38:17]    INFO >> epoch 012:    247 / 323 loss=54.369, nll_loss=3.955, bleu=0, ppl=15.51, wps=7928, ups=1.13, wpb=7039, bsz=512, num_updates=3800, lr=0.000326829, gnorm=8.728, clip=0, loss_scale=128, train_wall=42, wall=3298 (progress_bar.py:262, log())
[2020-12-26 23:39:00]    INFO >> epoch 012:    297 / 323 loss=54.314, nll_loss=3.948, bleu=0, ppl=15.43, wps=8318.8, ups=1.18, wpb=7043.9, bsz=512, num_updates=3850, lr=0.000326829, gnorm=8.61, clip=0, loss_scale=128, train_wall=40, wall=3340 (progress_bar.py:262, log())
[2020-12-26 23:39:19]    INFO >> epoch 012 | loss 54.157 | nll_loss 3.932 | bleu 0 | ppl 15.26 | wps 8199.1 | ups 1.17 | wpb 7032.5 | bsz 510.6 | num_updates 3876 | lr 0.000326829 | gnorm 8.654 | clip 0 | loss_scale 128 | train_wall 253 | wall 3360 (progress_bar.py:269, print())
[2020-12-26 23:39:28]    INFO >> epoch 012 | valid on 'valid' subset | loss 70.978 | nll_loss 5.111 | bleu 13.995632916814884 | ppl 34.56 | wps 6712.6 | wpb 23991.7 | bsz 1727.7 | num_updates 3876 | best_bleu 14.038520417798916 (progress_bar.py:269, print())
[2020-12-26 23:39:30]    INFO >> saved checkpoint /home/wanyao/.ncc/code_search_net_feng/sum_bin_ast/java/data-mmap/nary_tree2seq/checkpoints/checkpoint_last.pt (epoch 12 @ 3876 updates, score 13.995632916814884) (writing took 2.0590449403971434 seconds) (checkpoint_utils.py:81, save_checkpoint())
[2020-12-26 23:39:49]    INFO >> epoch 013:     24 / 323 loss=53.121, nll_loss=3.87, bleu=0, ppl=14.62, wps=7019.3, ups=1.01, wpb=6922.3, bsz=504.3, num_updates=3900, lr=0.000320293, gnorm=8.757, clip=0, loss_scale=128, train_wall=36, wall=3390 (progress_bar.py:262, log())
[2020-12-26 23:40:32]    INFO >> epoch 013:     74 / 323 loss=52.212, nll_loss=3.798, bleu=0, ppl=13.91, wps=8236.6, ups=1.17, wpb=7039, bsz=512, num_updates=3950, lr=0.000320293, gnorm=8.759, clip=0, loss_scale=128, train_wall=40, wall=3432 (progress_bar.py:262, log())
[2020-12-26 23:41:13]    INFO >> epoch 013:    124 / 323 loss=52.174, nll_loss=3.798, bleu=0, ppl=13.91, wps=8578.4, ups=1.22, wpb=7033.7, bsz=512, num_updates=4000, lr=0.000320293, gnorm=8.849, clip=0, loss_scale=128, train_wall=39, wall=3473 (progress_bar.py:262, log())
[2020-12-26 23:41:53]    INFO >> epoch 013:    174 / 323 loss=52.67, nll_loss=3.839, bleu=0, ppl=14.31, wps=8577.1, ups=1.22, wpb=7006.4, bsz=510.6, num_updates=4050, lr=0.000320293, gnorm=9.011, clip=0, loss_scale=128, train_wall=38, wall=3514 (progress_bar.py:262, log())
[2020-12-26 23:42:34]    INFO >> epoch 013:    224 / 323 loss=53.106, nll_loss=3.835, bleu=0, ppl=14.27, wps=8798, ups=1.24, wpb=7090.7, bsz=512, num_updates=4100, lr=0.000320293, gnorm=9.029, clip=0, loss_scale=140.8, train_wall=38, wall=3555 (progress_bar.py:262, log())
[2020-12-26 23:43:14]    INFO >> epoch 013:    274 / 323 loss=53.813, nll_loss=3.909, bleu=0, ppl=15.02, wps=8753.4, ups=1.24, wpb=7048.5, bsz=512, num_updates=4150, lr=0.000320293, gnorm=9.441, clip=0, loss_scale=256, train_wall=38, wall=3595 (progress_bar.py:262, log())
[2020-12-26 23:43:57]    INFO >> epoch 013 | loss 52.963 | nll_loss 3.845 | bleu 0 | ppl 14.37 | wps 8169.9 | ups 1.16 | wpb 7032.5 | bsz 510.6 | num_updates 4199 | lr 0.000320293 | gnorm 9.035 | clip 0 | loss_scale 169.214 | train_wall 252 | wall 3638 (progress_bar.py:269, print())
[2020-12-26 23:44:05]    INFO >> epoch 013 | valid on 'valid' subset | loss 71.371 | nll_loss 5.14 | bleu 13.97854558395402 | ppl 35.25 | wps 9127 | wpb 23991.7 | bsz 1727.7 | num_updates 4199 | best_bleu 14.038520417798916 (progress_bar.py:269, print())
[2020-12-26 23:44:07]    INFO >> saved checkpoint /home/wanyao/.ncc/code_search_net_feng/sum_bin_ast/java/data-mmap/nary_tree2seq/checkpoints/checkpoint_last.pt (epoch 13 @ 4199 updates, score 13.97854558395402) (writing took 2.0525367856025696 seconds) (checkpoint_utils.py:81, save_checkpoint())
[2020-12-26 23:44:08]    INFO >> epoch 014:      1 / 323 loss=54.172, nll_loss=3.917, bleu=0, ppl=15.1, wps=6496.1, ups=0.93, wpb=6975.4, bsz=504.3, num_updates=4200, lr=0.000313887, gnorm=9.33, clip=0, loss_scale=256, train_wall=42, wall=3648 (progress_bar.py:262, log())
[2020-12-26 23:44:49]    INFO >> epoch 014:     51 / 323 loss=51.723, nll_loss=3.765, bleu=0, ppl=13.6, wps=8591.5, ups=1.22, wpb=7032.9, bsz=512, num_updates=4250, lr=0.000313887, gnorm=9.256, clip=0, loss_scale=256, train_wall=39, wall=3689 (progress_bar.py:262, log())
[2020-12-26 23:45:31]    INFO >> epoch 014:    101 / 323 loss=51.907, nll_loss=3.774, bleu=0, ppl=13.68, wps=8305.6, ups=1.18, wpb=7022.2, bsz=510.6, num_updates=4300, lr=0.000313887, gnorm=9.256, clip=0, loss_scale=256, train_wall=40, wall=3732 (progress_bar.py:262, log())
[2020-12-26 23:46:10]    INFO >> epoch 014:    151 / 323 loss=51.844, nll_loss=3.765, bleu=0, ppl=13.59, wps=8990.4, ups=1.28, wpb=7050.8, bsz=512, num_updates=4350, lr=0.000313887, gnorm=9.343, clip=0, loss_scale=256, train_wall=37, wall=3771 (progress_bar.py:262, log())
[2020-12-26 23:46:50]    INFO >> epoch 014:    201 / 323 loss=52.677, nll_loss=3.806, bleu=0, ppl=13.99, wps=8842.8, ups=1.25, wpb=7085.8, bsz=512, num_updates=4400, lr=0.000313887, gnorm=9.328, clip=0, loss_scale=256, train_wall=38, wall=3811 (progress_bar.py:262, log())
[2020-12-26 23:47:33]    INFO >> epoch 014:    251 / 323 loss=52.558, nll_loss=3.812, bleu=0, ppl=14.04, wps=8275.9, ups=1.17, wpb=7060, bsz=512, num_updates=4450, lr=0.000313887, gnorm=9.235, clip=0, loss_scale=256, train_wall=40, wall=3854 (progress_bar.py:262, log())
[2020-12-26 23:48:14]    INFO >> epoch 014:    301 / 323 loss=52.218, nll_loss=3.79, bleu=0, ppl=13.83, wps=8542.6, ups=1.21, wpb=7054.1, bsz=512, num_updates=4500, lr=0.000313887, gnorm=9.087, clip=0, loss_scale=256, train_wall=39, wall=3895 (progress_bar.py:262, log())
[2020-12-26 23:48:32]    INFO >> epoch 014 | loss 52.164 | nll_loss 3.787 | bleu 0 | ppl 13.81 | wps 8259.1 | ups 1.17 | wpb 7032.5 | bsz 510.6 | num_updates 4522 | lr 0.000313887 | gnorm 9.273 | clip 0 | loss_scale 256 | train_wall 250 | wall 3913 (progress_bar.py:269, print())
[2020-12-26 23:48:40]    INFO >> epoch 014 | valid on 'valid' subset | loss 71.337 | nll_loss 5.137 | bleu 14.108022441284103 | ppl 35.19 | wps 8977 | wpb 23991.7 | bsz 1727.7 | num_updates 4522 | best_bleu 14.108022441284103 (progress_bar.py:269, print())
[2020-12-26 23:48:43]    INFO >> saved checkpoint /home/wanyao/.ncc/code_search_net_feng/sum_bin_ast/java/data-mmap/nary_tree2seq/checkpoints/checkpoint_best.pt (epoch 14 @ 4522 updates, score 14.108022441284103) (writing took 3.228640705347061 seconds) (checkpoint_utils.py:81, save_checkpoint())
[2020-12-26 23:49:07]    INFO >> epoch 015:     28 / 323 loss=50.353, nll_loss=3.681, bleu=0, ppl=12.83, wps=6561.3, ups=0.95, wpb=6898.2, bsz=504.3, num_updates=4550, lr=0.000307609, gnorm=9.253, clip=0, loss_scale=256, train_wall=39, wall=3947 (progress_bar.py:262, log())
[2020-12-26 23:49:47]    INFO >> epoch 015:     78 / 323 loss=49.345, nll_loss=3.586, bleu=0, ppl=12.01, wps=8687.8, ups=1.23, wpb=7044.8, bsz=512, num_updates=4600, lr=0.000307609, gnorm=9.249, clip=0, loss_scale=256, train_wall=38, wall=3988 (progress_bar.py:262, log())
[2020-12-26 23:50:28]    INFO >> epoch 015:    128 / 323 loss=49.962, nll_loss=3.622, bleu=0, ppl=12.31, wps=8738.4, ups=1.24, wpb=7063.5, bsz=512, num_updates=4650, lr=0.000307609, gnorm=9.301, clip=0, loss_scale=256, train_wall=38, wall=4028 (progress_bar.py:262, log())
[2020-12-26 23:51:09]    INFO >> epoch 015:    178 / 323 loss=50.095, nll_loss=3.633, bleu=0, ppl=12.41, wps=8569.2, ups=1.21, wpb=7059, bsz=512, num_updates=4700, lr=0.000307609, gnorm=9.373, clip=0, loss_scale=256, train_wall=39, wall=4070 (progress_bar.py:262, log())
[2020-12-26 23:51:50]    INFO >> epoch 015:    228 / 323 loss=50.121, nll_loss=3.644, bleu=0, ppl=12.5, wps=8618.8, ups=1.23, wpb=7023.7, bsz=510.6, num_updates=4750, lr=0.000307609, gnorm=9.308, clip=0, loss_scale=256, train_wall=38, wall=4110 (progress_bar.py:262, log())
[2020-12-26 23:52:31]    INFO >> epoch 015:    278 / 323 loss=50.144, nll_loss=3.644, bleu=0, ppl=12.5, wps=8546.6, ups=1.21, wpb=7045.8, bsz=512, num_updates=4800, lr=0.000307609, gnorm=9.248, clip=0, loss_scale=256, train_wall=39, wall=4152 (progress_bar.py:262, log())
[2020-12-26 23:53:11]    INFO >> epoch 015 | loss 49.945 | nll_loss 3.626 | bleu 0 | ppl 12.35 | wps 8158.1 | ups 1.16 | wpb 7032.5 | bsz 510.6 | num_updates 4845 | lr 0.000307609 | gnorm 9.325 | clip 0 | loss_scale 256 | train_wall 253 | wall 4191 (progress_bar.py:269, print())
[2020-12-26 23:53:20]    INFO >> epoch 015 | valid on 'valid' subset | loss 71.674 | nll_loss 5.161 | bleu 13.925259866094308 | ppl 35.79 | wps 6802.6 | wpb 23991.7 | bsz 1727.7 | num_updates 4845 | best_bleu 14.108022441284103 (progress_bar.py:269, print())
[2020-12-26 23:53:22]    INFO >> saved checkpoint /home/wanyao/.ncc/code_search_net_feng/sum_bin_ast/java/data-mmap/nary_tree2seq/checkpoints/checkpoint_last.pt (epoch 15 @ 4845 updates, score 13.925259866094308) (writing took 2.036511866375804 seconds) (checkpoint_utils.py:81, save_checkpoint())
[2020-12-26 23:53:26]    INFO >> epoch 016:      5 / 323 loss=50.37, nll_loss=3.639, bleu=0, ppl=12.46, wps=6336, ups=0.91, wpb=6980.2, bsz=504.3, num_updates=4850, lr=0.000301457, gnorm=9.637, clip=0, loss_scale=256, train_wall=42, wall=4207 (progress_bar.py:262, log())
[2020-12-26 23:54:08]    INFO >> epoch 016:     55 / 323 loss=48.199, nll_loss=3.477, bleu=0, ppl=11.14, wps=8479.3, ups=1.19, wpb=7097, bsz=512, num_updates=4900, lr=0.000301457, gnorm=9.416, clip=0, loss_scale=256, train_wall=40, wall=4249 (progress_bar.py:262, log())
[2020-12-26 23:54:48]    INFO >> epoch 016:    105 / 323 loss=47.833, nll_loss=3.475, bleu=0, ppl=11.12, wps=8689.3, ups=1.23, wpb=7048.4, bsz=512, num_updates=4950, lr=0.000301457, gnorm=9.543, clip=0, loss_scale=256, train_wall=38, wall=4289 (progress_bar.py:262, log())
[2020-12-26 23:55:28]    INFO >> epoch 016:    155 / 323 loss=48.211, nll_loss=3.503, bleu=0, ppl=11.34, wps=8777.9, ups=1.25, wpb=7027.9, bsz=510.6, num_updates=5000, lr=0.000301457, gnorm=9.637, clip=0, loss_scale=256, train_wall=38, wall=4329 (progress_bar.py:262, log())
[2020-12-26 23:55:54]    INFO >> NOTE: overflow detected, setting loss scale to: 128.0 (ncc_trainer.py:458, train_step())
[2020-12-26 23:56:10]    INFO >> epoch 016:    206 / 323 loss=48.403, nll_loss=3.512, bleu=0, ppl=11.41, wps=8546.3, ups=1.21, wpb=7056.9, bsz=512, num_updates=5050, lr=0.000301457, gnorm=9.552, clip=0, loss_scale=203.294, train_wall=39, wall=4370 (progress_bar.py:262, log())
[2020-12-26 23:56:49]    INFO >> epoch 016:    256 / 323 loss=47.782, nll_loss=3.482, bleu=0, ppl=11.18, wps=8891.2, ups=1.27, wpb=7025.5, bsz=512, num_updates=5100, lr=0.000301457, gnorm=9.174, clip=0, loss_scale=128, train_wall=37, wall=4410 (progress_bar.py:262, log())
[2020-12-26 23:57:31]    INFO >> epoch 016:    306 / 323 loss=47.985, nll_loss=3.488, bleu=0, ppl=11.22, wps=8424, ups=1.2, wpb=7043, bsz=512, num_updates=5150, lr=0.000301457, gnorm=9.258, clip=0, loss_scale=128, train_wall=40, wall=4452 (progress_bar.py:262, log())
[2020-12-26 23:57:47]    INFO >> epoch 016 | loss 48.051 | nll_loss 3.489 | bleu 0 | ppl 11.23 | wps 8208.2 | ups 1.17 | wpb 7032.6 | bsz 510.6 | num_updates 5167 | lr 0.000301457 | gnorm 9.442 | clip 0 | loss_scale 201.313 | train_wall 250 | wall 4467 (progress_bar.py:269, print())
[2020-12-26 23:57:55]    INFO >> epoch 016 | valid on 'valid' subset | loss 72.003 | nll_loss 5.185 | bleu 14.031874660291644 | ppl 36.38 | wps 8192.8 | wpb 23991.7 | bsz 1727.7 | num_updates 5167 | best_bleu 14.108022441284103 (progress_bar.py:269, print())
[2020-12-26 23:57:56]    INFO >> saved checkpoint /home/wanyao/.ncc/code_search_net_feng/sum_bin_ast/java/data-mmap/nary_tree2seq/checkpoints/checkpoint_last.pt (epoch 16 @ 5167 updates, score 14.031874660291644) (writing took 1.8505714619532228 seconds) (checkpoint_utils.py:81, save_checkpoint())
[2020-12-26 23:58:24]    INFO >> epoch 017:     33 / 323 loss=46.51, nll_loss=3.38, bleu=0, ppl=10.41, wps=6557.9, ups=0.95, wpb=6939.5, bsz=504.3, num_updates=5200, lr=0.000295428, gnorm=9.274, clip=0, loss_scale=128, train_wall=41, wall=4505 (progress_bar.py:262, log())
[2020-12-26 23:59:05]    INFO >> epoch 017:     83 / 323 loss=45.766, nll_loss=3.326, bleu=0, ppl=10.03, wps=8498.7, ups=1.21, wpb=7044.7, bsz=512, num_updates=5250, lr=0.000295428, gnorm=9.112, clip=0, loss_scale=128, train_wall=39, wall=4546 (progress_bar.py:262, log())
[2020-12-26 23:59:45]    INFO >> epoch 017:    133 / 323 loss=46.16, nll_loss=3.347, bleu=0, ppl=10.18, wps=8874.8, ups=1.26, wpb=7060.3, bsz=512, num_updates=5300, lr=0.000295428, gnorm=9.4, clip=0, loss_scale=128, train_wall=37, wall=4586 (progress_bar.py:262, log())
[2020-12-27 00:00:24]    INFO >> epoch 017:    183 / 323 loss=46.276, nll_loss=3.354, bleu=0, ppl=10.23, wps=9025.5, ups=1.28, wpb=7063.9, bsz=512, num_updates=5350, lr=0.000295428, gnorm=9.421, clip=0, loss_scale=128, train_wall=37, wall=4625 (progress_bar.py:262, log())
[2020-12-27 00:01:06]    INFO >> epoch 017:    233 / 323 loss=46.157, nll_loss=3.362, bleu=0, ppl=10.28, wps=8517.7, ups=1.21, wpb=7028.4, bsz=512, num_updates=5400, lr=0.000295428, gnorm=9.434, clip=0, loss_scale=128, train_wall=39, wall=4666 (progress_bar.py:262, log())
[2020-12-27 00:01:47]    INFO >> epoch 017:    283 / 323 loss=46.332, nll_loss=3.36, bleu=0, ppl=10.27, wps=8440, ups=1.2, wpb=7059.9, bsz=512, num_updates=5450, lr=0.000295428, gnorm=9.557, clip=0, loss_scale=128, train_wall=39, wall=4708 (progress_bar.py:262, log())
[2020-12-27 00:02:21]    INFO >> epoch 017 | loss 46.148 | nll_loss 3.351 | bleu 0 | ppl 10.2 | wps 8269.5 | ups 1.18 | wpb 7032.5 | bsz 510.6 | num_updates 5490 | lr 0.000295428 | gnorm 9.411 | clip 0 | loss_scale 128 | train_wall 250 | wall 4742 (progress_bar.py:269, print())
[2020-12-27 00:02:29]    INFO >> epoch 017 | valid on 'valid' subset | loss 72.44 | nll_loss 5.217 | bleu 13.876656191171389 | ppl 37.18 | wps 9018.9 | wpb 23991.7 | bsz 1727.7 | num_updates 5490 | best_bleu 14.108022441284103 (progress_bar.py:269, print())
[2020-12-27 00:02:31]    INFO >> saved checkpoint /home/wanyao/.ncc/code_search_net_feng/sum_bin_ast/java/data-mmap/nary_tree2seq/checkpoints/checkpoint_last.pt (epoch 17 @ 5490 updates, score 13.876656191171389) (writing took 2.0113750593736768 seconds) (checkpoint_utils.py:81, save_checkpoint())
[2020-12-27 00:02:40]    INFO >> epoch 018:     10 / 323 loss=46.314, nll_loss=3.358, bleu=0, ppl=10.25, wps=6615.7, ups=0.95, wpb=6936.6, bsz=502.9, num_updates=5500, lr=0.000289519, gnorm=9.786, clip=0, loss_scale=128, train_wall=41, wall=4761 (progress_bar.py:262, log())
[2020-12-27 00:03:20]    INFO >> epoch 018:     60 / 323 loss=44.739, nll_loss=3.252, bleu=0, ppl=9.53, wps=8697.6, ups=1.23, wpb=7044, bsz=512, num_updates=5550, lr=0.000289519, gnorm=9.438, clip=0, loss_scale=128, train_wall=38, wall=4801 (progress_bar.py:262, log())
[2020-12-27 00:04:05]    INFO >> epoch 018:    110 / 323 loss=45.348, nll_loss=3.29, bleu=0, ppl=9.78, wps=7948.9, ups=1.13, wpb=7038.1, bsz=510.6, num_updates=5600, lr=0.000289519, gnorm=9.721, clip=0, loss_scale=128, train_wall=42, wall=4845 (progress_bar.py:262, log())
[2020-12-27 00:04:48]    INFO >> epoch 018:    160 / 323 loss=45.239, nll_loss=3.289, bleu=0, ppl=9.77, wps=8181.5, ups=1.16, wpb=7042.2, bsz=512, num_updates=5650, lr=0.000289519, gnorm=9.685, clip=0, loss_scale=128, train_wall=41, wall=4888 (progress_bar.py:262, log())
[2020-12-27 00:05:28]    INFO >> epoch 018:    210 / 323 loss=45.54, nll_loss=3.312, bleu=0, ppl=9.93, wps=8677, ups=1.23, wpb=7040.4, bsz=512, num_updates=5700, lr=0.000289519, gnorm=9.797, clip=0, loss_scale=128, train_wall=38, wall=4929 (progress_bar.py:262, log())
[2020-12-27 00:06:08]    INFO >> epoch 018:    260 / 323 loss=45.713, nll_loss=3.317, bleu=0, ppl=9.97, wps=8845.4, ups=1.25, wpb=7056.2, bsz=512, num_updates=5750, lr=0.000289519, gnorm=9.969, clip=0, loss_scale=128, train_wall=38, wall=4969 (progress_bar.py:262, log())
[2020-12-27 00:06:48]    INFO >> epoch 018:    310 / 323 loss=45.896, nll_loss=3.332, bleu=0, ppl=10.07, wps=8860, ups=1.26, wpb=7052.1, bsz=512, num_updates=5800, lr=0.000289519, gnorm=10.096, clip=0, loss_scale=128, train_wall=38, wall=5009 (progress_bar.py:262, log())
[2020-12-27 00:06:58]    INFO >> epoch 018 | loss 45.455 | nll_loss 3.3 | bleu 0 | ppl 9.85 | wps 8216.5 | ups 1.17 | wpb 7032.5 | bsz 510.6 | num_updates 5813 | lr 0.000289519 | gnorm 9.805 | clip 0 | loss_scale 128 | train_wall 252 | wall 5018 (progress_bar.py:269, print())
[2020-12-27 00:07:07]    INFO >> epoch 018 | valid on 'valid' subset | loss 72.88 | nll_loss 5.248 | bleu 13.945878488737414 | ppl 38.01 | wps 6952.6 | wpb 23991.7 | bsz 1727.7 | num_updates 5813 | best_bleu 14.108022441284103 (progress_bar.py:269, print())
[2020-12-27 00:07:09]    INFO >> saved checkpoint /home/wanyao/.ncc/code_search_net_feng/sum_bin_ast/java/data-mmap/nary_tree2seq/checkpoints/checkpoint_last.pt (epoch 18 @ 5813 updates, score 13.945878488737414) (writing took 2.0500988960266113 seconds) (checkpoint_utils.py:81, save_checkpoint())
[2020-12-27 00:07:38]    INFO >> epoch 019:     37 / 323 loss=44.563, nll_loss=3.237, bleu=0, ppl=9.43, wps=6952.1, ups=1, wpb=6942.4, bsz=504.3, num_updates=5850, lr=0.000283729, gnorm=10.066, clip=0, loss_scale=128, train_wall=37, wall=5059 (progress_bar.py:262, log())
[2020-12-27 00:08:19]    INFO >> epoch 019:     87 / 323 loss=44.424, nll_loss=3.236, bleu=0, ppl=9.42, wps=8509, ups=1.21, wpb=7028.8, bsz=512, num_updates=5900, lr=0.000283729, gnorm=9.897, clip=0, loss_scale=128, train_wall=39, wall=5100 (progress_bar.py:262, log())
[2020-12-27 00:09:05]    INFO >> epoch 019:    137 / 323 loss=44.853, nll_loss=3.245, bleu=0, ppl=9.48, wps=7777.4, ups=1.1, wpb=7077, bsz=512, num_updates=5950, lr=0.000283729, gnorm=9.979, clip=0, loss_scale=128, train_wall=43, wall=5145 (progress_bar.py:262, log())
[2020-12-27 00:09:45]    INFO >> epoch 019:    187 / 323 loss=44.859, nll_loss=3.254, bleu=0, ppl=9.54, wps=8753.5, ups=1.24, wpb=7059.1, bsz=512, num_updates=6000, lr=0.000283729, gnorm=10.198, clip=0, loss_scale=128, train_wall=38, wall=5186 (progress_bar.py:262, log())
[2020-12-27 00:10:27]    INFO >> epoch 019:    237 / 323 loss=45.132, nll_loss=3.269, bleu=0, ppl=9.64, wps=8437.4, ups=1.19, wpb=7068.9, bsz=512, num_updates=6050, lr=0.000283729, gnorm=10.205, clip=0, loss_scale=128, train_wall=40, wall=5228 (progress_bar.py:262, log())
[2020-12-27 00:11:07]    INFO >> epoch 019:    287 / 323 loss=45.193, nll_loss=3.279, bleu=0, ppl=9.71, wps=8691.7, ups=1.23, wpb=7055.7, bsz=512, num_updates=6100, lr=0.000283729, gnorm=10.256, clip=0, loss_scale=128, train_wall=38, wall=5268 (progress_bar.py:262, log())
[2020-12-27 00:11:37]    INFO >> epoch 019 | loss 44.784 | nll_loss 3.252 | bleu 0 | ppl 9.52 | wps 8135.5 | ups 1.16 | wpb 7032.5 | bsz 510.6 | num_updates 6136 | lr 0.000283729 | gnorm 10.121 | clip 0 | loss_scale 128 | train_wall 253 | wall 5298 (progress_bar.py:269, print())
[2020-12-27 00:11:45]    INFO >> epoch 019 | valid on 'valid' subset | loss 73.197 | nll_loss 5.271 | bleu 13.870483119007512 | ppl 38.61 | wps 7455.6 | wpb 23991.7 | bsz 1727.7 | num_updates 6136 | best_bleu 14.108022441284103 (progress_bar.py:269, print())
[2020-12-27 00:11:47]    INFO >> saved checkpoint /home/wanyao/.ncc/code_search_net_feng/sum_bin_ast/java/data-mmap/nary_tree2seq/checkpoints/checkpoint_last.pt (epoch 19 @ 6136 updates, score 13.870483119007512) (writing took 2.054603522643447 seconds) (checkpoint_utils.py:81, save_checkpoint())
[2020-12-27 00:11:57]    INFO >> epoch 020:     14 / 323 loss=44.436, nll_loss=3.232, bleu=0, ppl=9.39, wps=6909.5, ups=1, wpb=6915.1, bsz=502.9, num_updates=6150, lr=0.000278054, gnorm=10.319, clip=0, loss_scale=128, train_wall=37, wall=5318 (progress_bar.py:262, log())
[2020-12-27 00:12:37]    INFO >> epoch 020:     64 / 323 loss=43.685, nll_loss=3.17, bleu=0, ppl=9, wps=8954.7, ups=1.27, wpb=7055.7, bsz=512, num_updates=6200, lr=0.000278054, gnorm=10.13, clip=0, loss_scale=128, train_wall=37, wall=5358 (progress_bar.py:262, log())
[2020-12-27 00:13:17]    INFO >> epoch 020:    114 / 323 loss=43.86, nll_loss=3.185, bleu=0, ppl=9.09, wps=8855.4, ups=1.26, wpb=7050.9, bsz=512, num_updates=6250, lr=0.000278054, gnorm=10.454, clip=0, loss_scale=128, train_wall=37, wall=5397 (progress_bar.py:262, log())
[2020-12-27 00:13:59]    INFO >> epoch 020:    164 / 323 loss=44.745, nll_loss=3.223, bleu=0, ppl=9.34, wps=8360.3, ups=1.18, wpb=7088.7, bsz=510.6, num_updates=6300, lr=0.000278054, gnorm=10.528, clip=0, loss_scale=128, train_wall=40, wall=5440 (progress_bar.py:262, log())
[2020-12-27 00:14:40]    INFO >> epoch 020:    214 / 323 loss=43.918, nll_loss=3.192, bleu=0, ppl=9.14, wps=8637.1, ups=1.23, wpb=7045.6, bsz=512, num_updates=6350, lr=0.000278054, gnorm=10.449, clip=0, loss_scale=128, train_wall=39, wall=5481 (progress_bar.py:262, log())
[2020-12-27 00:15:23]    INFO >> epoch 020:    264 / 323 loss=44.14, nll_loss=3.223, bleu=0, ppl=9.34, wps=8121.2, ups=1.16, wpb=7011.7, bsz=512, num_updates=6400, lr=0.000278054, gnorm=10.439, clip=0, loss_scale=128, train_wall=41, wall=5524 (progress_bar.py:262, log())
[2020-12-27 00:16:07]    INFO >> epoch 020:    314 / 323 loss=44.266, nll_loss=3.224, bleu=0, ppl=9.34, wps=8052.4, ups=1.15, wpb=7030.1, bsz=512, num_updates=6450, lr=0.000278054, gnorm=10.517, clip=0, loss_scale=128, train_wall=41, wall=5567 (progress_bar.py:262, log())
[2020-12-27 00:16:13]    INFO >> epoch 020 | loss 44.101 | nll_loss 3.202 | bleu 0 | ppl 9.2 | wps 8217.7 | ups 1.17 | wpb 7032.5 | bsz 510.6 | num_updates 6459 | lr 0.000278054 | gnorm 10.436 | clip 0 | loss_scale 128 | train_wall 251 | wall 5574 (progress_bar.py:269, print())
[2020-12-27 00:16:21]    INFO >> epoch 020 | valid on 'valid' subset | loss 73.805 | nll_loss 5.315 | bleu 13.859696107566261 | ppl 39.8 | wps 9230.9 | wpb 23991.7 | bsz 1727.7 | num_updates 6459 | best_bleu 14.108022441284103 (progress_bar.py:269, print())
[2020-12-27 00:16:23]    INFO >> saved checkpoint /home/wanyao/.ncc/code_search_net_feng/sum_bin_ast/java/data-mmap/nary_tree2seq/checkpoints/checkpoint_last.pt (epoch 20 @ 6459 updates, score 13.859696107566261) (writing took 1.756331417709589 seconds) (checkpoint_utils.py:81, save_checkpoint())
[2020-12-27 00:16:57]    INFO >> epoch 021:     41 / 323 loss=43.338, nll_loss=3.146, bleu=0, ppl=8.85, wps=6866.2, ups=0.99, wpb=6947.8, bsz=504.3, num_updates=6500, lr=0.000272493, gnorm=10.651, clip=0, loss_scale=128, train_wall=39, wall=5618 (progress_bar.py:262, log())
[2020-12-27 00:17:36]    INFO >> epoch 021:     91 / 323 loss=43.074, nll_loss=3.115, bleu=0, ppl=8.67, wps=9221.7, ups=1.3, wpb=7078.8, bsz=512, num_updates=6550, lr=0.000272493, gnorm=10.558, clip=0, loss_scale=128, train_wall=36, wall=5656 (progress_bar.py:262, log())
[2020-12-27 00:18:14]    INFO >> epoch 021:    141 / 323 loss=43.351, nll_loss=3.152, bleu=0, ppl=8.89, wps=9181.3, ups=1.3, wpb=7042.3, bsz=512, num_updates=6600, lr=0.000272493, gnorm=10.647, clip=0, loss_scale=128, train_wall=36, wall=5695 (progress_bar.py:262, log())
[2020-12-27 00:18:53]    INFO >> epoch 021:    191 / 323 loss=43.294, nll_loss=3.148, bleu=0, ppl=8.86, wps=8955.3, ups=1.28, wpb=7023.3, bsz=510.6, num_updates=6650, lr=0.000272493, gnorm=10.65, clip=0, loss_scale=128, train_wall=37, wall=5734 (progress_bar.py:262, log())
[2020-12-27 00:19:34]    INFO >> epoch 021:    241 / 323 loss=43.559, nll_loss=3.167, bleu=0, ppl=8.98, wps=8622.2, ups=1.22, wpb=7043, bsz=512, num_updates=6700, lr=0.000272493, gnorm=10.757, clip=0, loss_scale=128, train_wall=39, wall=5775 (progress_bar.py:262, log())
[2020-12-27 00:20:12]    INFO >> epoch 021:    291 / 323 loss=43.603, nll_loss=3.173, bleu=0, ppl=9.02, wps=9263.3, ups=1.32, wpb=7035.1, bsz=512, num_updates=6750, lr=0.000272493, gnorm=10.874, clip=0, loss_scale=128, train_wall=36, wall=5813 (progress_bar.py:262, log())
[2020-12-27 00:20:38]    INFO >> epoch 021 | loss 43.385 | nll_loss 3.15 | bleu 0 | ppl 8.88 | wps 8571.2 | ups 1.22 | wpb 7032.5 | bsz 510.6 | num_updates 6782 | lr 0.000272493 | gnorm 10.708 | clip 0 | loss_scale 128 | train_wall 241 | wall 5839 (progress_bar.py:269, print())
[2020-12-27 00:20:45]    INFO >> epoch 021 | valid on 'valid' subset | loss 74.008 | nll_loss 5.329 | bleu 13.704534264578498 | ppl 40.21 | wps 10325.9 | wpb 23991.7 | bsz 1727.7 | num_updates 6782 | best_bleu 14.108022441284103 (progress_bar.py:269, print())
[2020-12-27 00:20:47]    INFO >> saved checkpoint /home/wanyao/.ncc/code_search_net_feng/sum_bin_ast/java/data-mmap/nary_tree2seq/checkpoints/checkpoint_last.pt (epoch 21 @ 6782 updates, score 13.704534264578498) (writing took 2.2398624876514077 seconds) (checkpoint_utils.py:81, save_checkpoint())
[2020-12-27 00:21:01]    INFO >> epoch 022:     18 / 323 loss=43.489, nll_loss=3.142, bleu=0, ppl=8.83, wps=7115.7, ups=1.02, wpb=6980.3, bsz=504.3, num_updates=6800, lr=0.000267043, gnorm=10.985, clip=0, loss_scale=128, train_wall=38, wall=5862 (progress_bar.py:262, log())
[2020-12-27 00:21:42]    INFO >> epoch 022:     68 / 323 loss=42.357, nll_loss=3.07, bleu=0, ppl=8.4, wps=8528.5, ups=1.21, wpb=7065.1, bsz=512, num_updates=6850, lr=0.000267043, gnorm=10.77, clip=0, loss_scale=128, train_wall=39, wall=5903 (progress_bar.py:262, log())
[2020-12-27 00:22:21]    INFO >> epoch 022:    118 / 323 loss=42.281, nll_loss=3.074, bleu=0, ppl=8.42, wps=9196.4, ups=1.31, wpb=7043.2, bsz=512, num_updates=6900, lr=0.000267043, gnorm=10.939, clip=0, loss_scale=128, train_wall=36, wall=5941 (progress_bar.py:262, log())
[2020-12-27 00:23:02]    INFO >> epoch 022:    168 / 323 loss=42.601, nll_loss=3.099, bleu=0, ppl=8.57, wps=8630, ups=1.23, wpb=7038.7, bsz=512, num_updates=6950, lr=0.000267043, gnorm=11.097, clip=0, loss_scale=128, train_wall=38, wall=5982 (progress_bar.py:262, log())
[2020-12-27 00:23:39]    INFO >> epoch 022:    218 / 323 loss=42.868, nll_loss=3.104, bleu=0, ppl=8.6, wps=9308.1, ups=1.32, wpb=7053, bsz=510.6, num_updates=7000, lr=0.000267043, gnorm=11.228, clip=0, loss_scale=128, train_wall=36, wall=6020 (progress_bar.py:262, log())
[2020-12-27 00:24:19]    INFO >> epoch 022:    268 / 323 loss=42.875, nll_loss=3.112, bleu=0, ppl=8.65, wps=8991.2, ups=1.27, wpb=7053.8, bsz=512, num_updates=7050, lr=0.000267043, gnorm=11.045, clip=0, loss_scale=128, train_wall=37, wall=6059 (progress_bar.py:262, log())
[2020-12-27 00:24:59]    INFO >> epoch 022:    318 / 323 loss=43.051, nll_loss=3.134, bleu=0, ppl=8.78, wps=8645, ups=1.23, wpb=7034.1, bsz=512, num_updates=7100, lr=0.000267043, gnorm=11.131, clip=0, loss_scale=128, train_wall=38, wall=6100 (progress_bar.py:262, log())
[2020-12-27 00:25:03]    INFO >> epoch 022 | loss 42.663 | nll_loss 3.098 | bleu 0 | ppl 8.56 | wps 8595.9 | ups 1.22 | wpb 7032.5 | bsz 510.6 | num_updates 7105 | lr 0.000267043 | gnorm 11.046 | clip 0 | loss_scale 128 | train_wall 241 | wall 6103 (progress_bar.py:269, print())
[2020-12-27 00:25:09]    INFO >> epoch 022 | valid on 'valid' subset | loss 74.665 | nll_loss 5.377 | bleu 13.511928764333451 | ppl 41.55 | wps 10114.2 | wpb 23991.7 | bsz 1727.7 | num_updates 7105 | best_bleu 14.108022441284103 (progress_bar.py:269, print())
[2020-12-27 00:25:11]    INFO >> saved checkpoint /home/wanyao/.ncc/code_search_net_feng/sum_bin_ast/java/data-mmap/nary_tree2seq/checkpoints/checkpoint_last.pt (epoch 22 @ 7105 updates, score 13.511928764333451) (writing took 2.235996005125344 seconds) (checkpoint_utils.py:81, save_checkpoint())
[2020-12-27 00:25:47]    INFO >> epoch 023:     45 / 323 loss=41.646, nll_loss=3.017, bleu=0, ppl=8.09, wps=7266.2, ups=1.04, wpb=6962.6, bsz=504.3, num_updates=7150, lr=0.000261702, gnorm=11.289, clip=0, loss_scale=128, train_wall=37, wall=6148 (progress_bar.py:262, log())
[2020-12-27 00:26:26]    INFO >> epoch 023:     95 / 323 loss=41.295, nll_loss=3.021, bleu=0, ppl=8.12, wps=9075.5, ups=1.3, wpb=6998.1, bsz=512, num_updates=7200, lr=0.000261702, gnorm=11.055, clip=0, loss_scale=128, train_wall=36, wall=6187 (progress_bar.py:262, log())
[2020-12-27 00:27:04]    INFO >> epoch 023:    145 / 323 loss=41.903, nll_loss=3.036, bleu=0, ppl=8.2, wps=9327.9, ups=1.32, wpb=7066.8, bsz=512, num_updates=7250, lr=0.000261702, gnorm=11.324, clip=0, loss_scale=128, train_wall=36, wall=6224 (progress_bar.py:262, log())
[2020-12-27 00:27:43]    INFO >> epoch 023:    195 / 323 loss=41.837, nll_loss=3.051, bleu=0, ppl=8.29, wps=8919.4, ups=1.27, wpb=7002.2, bsz=510.6, num_updates=7300, lr=0.000261702, gnorm=11.324, clip=0, loss_scale=128, train_wall=37, wall=6264 (progress_bar.py:262, log())
[2020-12-27 00:28:24]    INFO >> epoch 023:    245 / 323 loss=41.886, nll_loss=3.051, bleu=0, ppl=8.29, wps=8663, ups=1.23, wpb=7028.8, bsz=512, num_updates=7350, lr=0.000261702, gnorm=11.372, clip=0, loss_scale=128, train_wall=38, wall=6304 (progress_bar.py:262, log())
[2020-12-27 00:29:03]    INFO >> epoch 023:    295 / 323 loss=42.808, nll_loss=3.092, bleu=0, ppl=8.52, wps=8946.9, ups=1.26, wpb=7089.5, bsz=512, num_updates=7400, lr=0.000261702, gnorm=11.483, clip=0, loss_scale=128, train_wall=37, wall=6344 (progress_bar.py:262, log())
[2020-12-27 00:29:26]    INFO >> epoch 023 | loss 41.953 | nll_loss 3.046 | bleu 0 | ppl 8.26 | wps 8618.3 | ups 1.23 | wpb 7032.5 | bsz 510.6 | num_updates 7428 | lr 0.000261702 | gnorm 11.319 | clip 0 | loss_scale 128 | train_wall 240 | wall 6367 (progress_bar.py:269, print())
[2020-12-27 00:29:33]    INFO >> epoch 023 | valid on 'valid' subset | loss 74.945 | nll_loss 5.397 | bleu 13.65579775624479 | ppl 42.13 | wps 10452.9 | wpb 23991.7 | bsz 1727.7 | num_updates 7428 | best_bleu 14.108022441284103 (progress_bar.py:269, print())
[2020-12-27 00:29:35]    INFO >> saved checkpoint /home/wanyao/.ncc/code_search_net_feng/sum_bin_ast/java/data-mmap/nary_tree2seq/checkpoints/checkpoint_last.pt (epoch 23 @ 7428 updates, score 13.65579775624479) (writing took 2.254602126777172 seconds) (checkpoint_utils.py:81, save_checkpoint())
[2020-12-27 00:29:51]    INFO >> epoch 024:     22 / 323 loss=41.735, nll_loss=3.019, bleu=0, ppl=8.11, wps=7234.8, ups=1.04, wpb=6972, bsz=504.3, num_updates=7450, lr=0.000256468, gnorm=11.547, clip=0, loss_scale=128, train_wall=37, wall=6392 (progress_bar.py:262, log())
[2020-12-27 00:30:30]    INFO >> epoch 024:     72 / 323 loss=40.574, nll_loss=2.953, bleu=0, ppl=7.74, wps=9177.9, ups=1.31, wpb=7016.5, bsz=510.6, num_updates=7500, lr=0.000256468, gnorm=11.211, clip=0, loss_scale=128, train_wall=36, wall=6430 (progress_bar.py:262, log())
[2020-12-27 00:31:09]    INFO >> epoch 024:    122 / 323 loss=40.825, nll_loss=2.971, bleu=0, ppl=7.84, wps=8834.6, ups=1.26, wpb=7035.8, bsz=512, num_updates=7550, lr=0.000256468, gnorm=11.427, clip=0, loss_scale=128, train_wall=38, wall=6470 (progress_bar.py:262, log())
[2020-12-27 00:31:50]    INFO >> epoch 024:    172 / 323 loss=41.259, nll_loss=2.993, bleu=0, ppl=7.96, wps=8751.2, ups=1.24, wpb=7057.5, bsz=512, num_updates=7600, lr=0.000256468, gnorm=11.528, clip=0, loss_scale=128, train_wall=38, wall=6510 (progress_bar.py:262, log())
[2020-12-27 00:32:29]    INFO >> epoch 024:    222 / 323 loss=41.483, nll_loss=3.005, bleu=0, ppl=8.03, wps=8943.8, ups=1.27, wpb=7067.9, bsz=512, num_updates=7650, lr=0.000256468, gnorm=11.482, clip=0, loss_scale=128, train_wall=37, wall=6550 (progress_bar.py:262, log())
[2020-12-27 00:33:09]    INFO >> epoch 024:    272 / 323 loss=41.561, nll_loss=3.01, bleu=0, ppl=8.06, wps=8951.5, ups=1.27, wpb=7069.4, bsz=512, num_updates=7700, lr=0.000256468, gnorm=11.629, clip=0, loss_scale=128, train_wall=37, wall=6589 (progress_bar.py:262, log())
[2020-12-27 00:33:48]    INFO >> epoch 024:    322 / 323 loss=41.732, nll_loss=3.031, bleu=0, ppl=8.17, wps=9041.1, ups=1.28, wpb=7049.6, bsz=512, num_updates=7750, lr=0.000256468, gnorm=11.792, clip=0, loss_scale=128, train_wall=37, wall=6628 (progress_bar.py:262, log())
[2020-12-27 00:33:48]    INFO >> epoch 024 | loss 41.19 | nll_loss 2.991 | bleu 0 | ppl 7.95 | wps 8665.9 | ups 1.23 | wpb 7032.5 | bsz 510.6 | num_updates 7751 | lr 0.000256468 | gnorm 11.53 | clip 0 | loss_scale 128 | train_wall 239 | wall 6629 (progress_bar.py:269, print())
[2020-12-27 00:33:55]    INFO >> epoch 024 | valid on 'valid' subset | loss 75.555 | nll_loss 5.441 | bleu 13.633644001967205 | ppl 43.44 | wps 9385 | wpb 23991.7 | bsz 1727.7 | num_updates 7751 | best_bleu 14.108022441284103 (progress_bar.py:269, print())
[2020-12-27 00:33:57]    INFO >> saved checkpoint /home/wanyao/.ncc/code_search_net_feng/sum_bin_ast/java/data-mmap/nary_tree2seq/checkpoints/checkpoint_last.pt (epoch 24 @ 7751 updates, score 13.633644001967205) (writing took 2.228322339244187 seconds) (checkpoint_utils.py:81, save_checkpoint())
[2020-12-27 00:33:57]    INFO >> early stop since valid performance hasn't improved for last 10 runs (train.py:185, should_stop_early())
[2020-12-27 00:33:57]    INFO >> early stop since valid performance hasn't improved for last 10 runs (train.py:268, single_main())
[2020-12-27 00:33:57]    INFO >> done training in 6605.4 seconds (train.py:279, single_main())
