nohup: ignoring input
[2021-03-23 00:48:59]    INFO >> Load arguments in /home/wanyao/yang/naturalcc-dev/run/completion/trav_trans/config/py150/python.yml (train.py:302, cli_main())
[2021-03-23 00:48:59]    INFO >> {'criterion': 'completion_cross_entropy', 'optimizer': 'torch_adam', 'lr_scheduler': 'fixed', 'tokenizer': None, 'bpe': None, 'common': {'no_progress_bar': 0, 'log_interval': 500, 'log_format': 'simple', 'tensorboard_logdir': '', 'memory_efficient_fp16': 0, 'fp16_no_flatten_grads': 0, 'fp16_init_scale': 128, 'fp16_scale_window': None, 'fp16_scale_tolerance': 0.0, 'min_loss_scale': 0.0001, 'threshold_loss_scale': None, 'empty_cache_freq': 0, 'task': 'completion', 'seed': 666, 'cpu': 0, 'fp16': 0, 'fp16_opt_level': '01', 'server_ip': '', 'server_port': ''}, 'dataset': {'num_workers': 3, 'skip_invalid_size_inputs_valid_test': 0, 'max_tokens': 100000.0, 'max_sentences': 32, 'required_batch_size_multiple': 1, 'dataset_impl': 'mmap', 'train_subset': 'train', 'valid_subset': 'test', 'validate_interval': 1, 'fixed_validation_seed': None, 'disable_validation': 0, 'max_tokens_valid': None, 'max_sentences_valid': 64, 'curriculum': 5, 'gen_subset': 'test', 'num_shards': 1, 'shard_id': 0}, 'distributed_training': {'distributed_world_size': 4, 'distributed_rank': 0, 'distributed_backend': 'nccl', 'distributed_init_method': None, 'distributed_port': -1, 'device_id': 0, 'distributed_no_spawn': 0, 'ddp_backend': 'no_c10d', 'bucket_cap_mb': 25, 'fix_batches_to_gpus': None, 'find_unused_parameters': 0, 'fast_stat_sync': 0, 'broadcast_buffers': 0, 'global_sync_iter': 50, 'warmup_iterations': 500, 'local_rank': -1}, 'task': {'data': '/home/wanyao/.ncc/py150/completion/data-mmap', 'target_lang': 'ast', 'ext': 'code_tokens.ext', 'code_types': ['attr', 'num', 'name', 'param'], 'max_target_positions': 500, 'add_bos_token': 0, 'eval_bleu': 0, 'eval_bleu_detok': 'space', 'eval_bleu_detok_args': None, 'eval_tokenized_bleu': 0, 'eval_bleu_remove_bpe': None, 'eval_bleu_args': None, 'eval_bleu_print_samples': 0, 'eval_mrr': 1}, 'model': {'arch': 'completion_gpt2', 'dropout': 0.5, 'decoder_embed_dim': 300, 'decoder_hidden_size': 300, 'decoder_layers': 6, 'decoder_attention_heads': 6, 'max_target_positions': 500, 'activation_fn': 'gelu', 'decoder_ffn_embed_dim': 1200}, 'optimization': {'max_epoch': 100, 'max_update': 0, 'clip_norm': 25, 'update_freq': [1], 'lrs': [0.001], 'min_lr': -1, 'use_bmuf': 0, 'force_anneal': None, 'warmup_updates': 0, 'end_learning_rate': 0.0, 'power': 1.0, 'total_num_update': 1000000, 'sentence_avg': None, 'adam': {'adam_betas': '(0.9, 0.999)', 'adam_eps': 1e-08, 'weight_decay': 0.0, 'use_old_adam': 0}, 'weight_decay': 0.0, 'adam_epsilon': 1e-08, 'max_grad_norm': 1.0, 'num_train_epochs': 5, 'max_steps': -1, 'warmup_steps': 0, 'gradient_accumulation_steps': 1}, 'checkpoint': {'save_dir': '/home/wanyao/.ncc/py150/completion/data-mmap/trav_trans/checkpoints', 'restore_file': 'checkpoint_best.pt', 'reset_dataloader': None, 'reset_lr_scheduler': None, 'reset_meters': None, 'reset_optimizer': None, 'optimizer_overrides': '{}', 'save_interval': 1, 'save_interval_updates': 0, 'keep_interval_updates': 0, 'keep_last_epochs': -1, 'keep_best_checkpoints': -1, 'no_save': 0, 'no_epoch_checkpoints': 1, 'no_last_checkpoints': 0, 'no_save_optimizer_state': None, 'best_checkpoint_metric': 'mrr', 'maximize_best_checkpoint_metric': 1, 'patience': 5, 'should_continue': 0, 'model_name_or_path': None, 'cache_dir': None, 'logging_steps': 500, 'save_steps': 2000, 'save_total_limit': 2, 'overwrite_output_dir': 0, 'overwrite_cache': 0}, 'eval': {'path': '/home/wanyao/.ncc/py150/completion/data-mmap/trav_trans/checkpoints/checkpoint_last.pt', 'model_overrides': '{}', 'checkpoint_suffix': '', 'max_sentences_eval': 64}} (train.py:304, cli_main())
[2021-03-23 00:49:01]    INFO >> distributed init (rank 1): tcp://localhost:18352 (distributed_utils.py:89, distributed_init())
[2021-03-23 00:49:01]    INFO >> distributed init (rank 2): tcp://localhost:18352 (distributed_utils.py:89, distributed_init())
[2021-03-23 00:49:01]    INFO >> distributed init (rank 0): tcp://localhost:18352 (distributed_utils.py:89, distributed_init())
[2021-03-23 00:49:01]    INFO >> distributed init (rank 3): tcp://localhost:18352 (distributed_utils.py:89, distributed_init())
[2021-03-23 00:49:07]    INFO >> initialized host node13 as rank 0 (distributed_utils.py:98, distributed_init())
[2021-03-23 00:49:07]    INFO >> initialized host node13 as rank 1 (distributed_utils.py:98, distributed_init())
[2021-03-23 00:49:07]    INFO >> initialized host node13 as rank 3 (distributed_utils.py:98, distributed_init())
[2021-03-23 00:49:07]    INFO >> initialized host node13 as rank 2 (distributed_utils.py:98, distributed_init())
[2021-03-23 00:49:07]    INFO >> {'criterion': 'completion_cross_entropy', 'optimizer': 'torch_adam', 'lr_scheduler': 'fixed', 'tokenizer': None, 'bpe': None, 'common': {'no_progress_bar': 0, 'log_interval': 500, 'log_format': 'simple', 'tensorboard_logdir': '', 'memory_efficient_fp16': 0, 'fp16_no_flatten_grads': 0, 'fp16_init_scale': 128, 'fp16_scale_window': None, 'fp16_scale_tolerance': 0.0, 'min_loss_scale': 0.0001, 'threshold_loss_scale': None, 'empty_cache_freq': 0, 'task': 'completion', 'seed': 666, 'cpu': 0, 'fp16': 0, 'fp16_opt_level': '01', 'server_ip': '', 'server_port': ''}, 'dataset': {'num_workers': 3, 'skip_invalid_size_inputs_valid_test': 0, 'max_tokens': 100000.0, 'max_sentences': 32, 'required_batch_size_multiple': 1, 'dataset_impl': 'mmap', 'train_subset': 'train', 'valid_subset': 'test', 'validate_interval': 1, 'fixed_validation_seed': None, 'disable_validation': 0, 'max_tokens_valid': None, 'max_sentences_valid': 64, 'curriculum': 5, 'gen_subset': 'test', 'num_shards': 1, 'shard_id': 0}, 'distributed_training': {'distributed_world_size': 4, 'distributed_rank': 0, 'distributed_backend': 'nccl', 'distributed_init_method': 'tcp://localhost:18352', 'distributed_port': -1, 'device_id': 0, 'distributed_no_spawn': 0, 'ddp_backend': 'no_c10d', 'bucket_cap_mb': 25, 'fix_batches_to_gpus': None, 'find_unused_parameters': 0, 'fast_stat_sync': 0, 'broadcast_buffers': 0, 'global_sync_iter': 50, 'warmup_iterations': 500, 'local_rank': -1}, 'task': {'data': '/home/wanyao/.ncc/py150/completion/data-mmap', 'target_lang': 'ast', 'ext': 'code_tokens.ext', 'code_types': ['attr', 'num', 'name', 'param'], 'max_target_positions': 500, 'add_bos_token': 0, 'eval_bleu': 0, 'eval_bleu_detok': 'space', 'eval_bleu_detok_args': None, 'eval_tokenized_bleu': 0, 'eval_bleu_remove_bpe': None, 'eval_bleu_args': None, 'eval_bleu_print_samples': 0, 'eval_mrr': 1}, 'model': {'arch': 'completion_gpt2', 'dropout': 0.5, 'decoder_embed_dim': 300, 'decoder_hidden_size': 300, 'decoder_layers': 6, 'decoder_attention_heads': 6, 'max_target_positions': 500, 'activation_fn': 'gelu', 'decoder_ffn_embed_dim': 1200}, 'optimization': {'max_epoch': 100, 'max_update': 0, 'clip_norm': 25, 'update_freq': [1], 'lrs': [0.001], 'min_lr': -1, 'use_bmuf': 0, 'force_anneal': None, 'warmup_updates': 0, 'end_learning_rate': 0.0, 'power': 1.0, 'total_num_update': 1000000, 'sentence_avg': None, 'adam': {'adam_betas': '(0.9, 0.999)', 'adam_eps': 1e-08, 'weight_decay': 0.0, 'use_old_adam': 0}, 'weight_decay': 0.0, 'adam_epsilon': 1e-08, 'max_grad_norm': 1.0, 'num_train_epochs': 5, 'max_steps': -1, 'warmup_steps': 0, 'gradient_accumulation_steps': 1}, 'checkpoint': {'save_dir': '/home/wanyao/.ncc/py150/completion/data-mmap/trav_trans/checkpoints', 'restore_file': 'checkpoint_best.pt', 'reset_dataloader': None, 'reset_lr_scheduler': None, 'reset_meters': None, 'reset_optimizer': None, 'optimizer_overrides': '{}', 'save_interval': 1, 'save_interval_updates': 0, 'keep_interval_updates': 0, 'keep_last_epochs': -1, 'keep_best_checkpoints': -1, 'no_save': 0, 'no_epoch_checkpoints': 1, 'no_last_checkpoints': 0, 'no_save_optimizer_state': None, 'best_checkpoint_metric': 'mrr', 'maximize_best_checkpoint_metric': 1, 'patience': 5, 'should_continue': 0, 'model_name_or_path': None, 'cache_dir': None, 'logging_steps': 500, 'save_steps': 2000, 'save_total_limit': 2, 'overwrite_output_dir': 0, 'overwrite_cache': 0}, 'eval': {'path': '/home/wanyao/.ncc/py150/completion/data-mmap/trav_trans/checkpoints/checkpoint_last.pt', 'model_overrides': '{}', 'checkpoint_suffix': '', 'max_sentences_eval': 64}} (train.py:212, single_main())
[2021-03-23 00:49:08]    INFO >> [ast] dictionary: 50000 types (completion.py:97, setup_task())
[2021-03-23 00:49:08]    INFO >> [code_tokens] dictionary: 7 types (completion.py:101, setup_task())
[2021-03-23 00:49:08]    INFO >> loaded 185070 examples from: /home/wanyao/.ncc/py150/completion/data-mmap/test.ast (completion.py:44, load_token_dataset())
[2021-03-23 00:49:08]    INFO >> loaded 185070 examples from: /home/wanyao/.ncc/py150/completion/data-mmap/test.code_types (completion.py:58, load_token_dataset())
[2021-03-23 00:49:08]    INFO >> GPT2(
  (decoder): TransformerDecoder(
    (embed_tokens): Embedding(50000, 300, padding_idx=0)
    (layers): ModuleList(
      (0): TransformerDecoderLayer(
        (in_layer_norm): LayerNorm()
        (attention): MultiheadAttention(
          (k_proj): Linear(in_features=300, out_features=300, bias=True)
          (v_proj): Linear(in_features=300, out_features=300, bias=True)
          (q_proj): Linear(in_features=300, out_features=300, bias=True)
          (out_proj): Linear(in_features=300, out_features=300, bias=True)
        )
        (ff_layer_norm): LayerNorm()
        (fc1): Linear(in_features=300, out_features=1200, bias=True)
        (fc2): Linear(in_features=1200, out_features=300, bias=True)
      )
      (1): TransformerDecoderLayer(
        (in_layer_norm): LayerNorm()
        (attention): MultiheadAttention(
          (k_proj): Linear(in_features=300, out_features=300, bias=True)
          (v_proj): Linear(in_features=300, out_features=300, bias=True)
          (q_proj): Linear(in_features=300, out_features=300, bias=True)
          (out_proj): Linear(in_features=300, out_features=300, bias=True)
        )
        (ff_layer_norm): LayerNorm()
        (fc1): Linear(in_features=300, out_features=1200, bias=True)
        (fc2): Linear(in_features=1200, out_features=300, bias=True)
      )
      (2): TransformerDecoderLayer(
        (in_layer_norm): LayerNorm()
        (attention): MultiheadAttention(
          (k_proj): Linear(in_features=300, out_features=300, bias=True)
          (v_proj): Linear(in_features=300, out_features=300, bias=True)
          (q_proj): Linear(in_features=300, out_features=300, bias=True)
          (out_proj): Linear(in_features=300, out_features=300, bias=True)
        )
        (ff_layer_norm): LayerNorm()
        (fc1): Linear(in_features=300, out_features=1200, bias=True)
        (fc2): Linear(in_features=1200, out_features=300, bias=True)
      )
      (3): TransformerDecoderLayer(
        (in_layer_norm): LayerNorm()
        (attention): MultiheadAttention(
          (k_proj): Linear(in_features=300, out_features=300, bias=True)
          (v_proj): Linear(in_features=300, out_features=300, bias=True)
          (q_proj): Linear(in_features=300, out_features=300, bias=True)
          (out_proj): Linear(in_features=300, out_features=300, bias=True)
        )
        (ff_layer_norm): LayerNorm()
        (fc1): Linear(in_features=300, out_features=1200, bias=True)
        (fc2): Linear(in_features=1200, out_features=300, bias=True)
      )
      (4): TransformerDecoderLayer(
        (in_layer_norm): LayerNorm()
        (attention): MultiheadAttention(
          (k_proj): Linear(in_features=300, out_features=300, bias=True)
          (v_proj): Linear(in_features=300, out_features=300, bias=True)
          (q_proj): Linear(in_features=300, out_features=300, bias=True)
          (out_proj): Linear(in_features=300, out_features=300, bias=True)
        )
        (ff_layer_norm): LayerNorm()
        (fc1): Linear(in_features=300, out_features=1200, bias=True)
        (fc2): Linear(in_features=1200, out_features=300, bias=True)
      )
      (5): TransformerDecoderLayer(
        (in_layer_norm): LayerNorm()
        (attention): MultiheadAttention(
          (k_proj): Linear(in_features=300, out_features=300, bias=True)
          (v_proj): Linear(in_features=300, out_features=300, bias=True)
          (q_proj): Linear(in_features=300, out_features=300, bias=True)
          (out_proj): Linear(in_features=300, out_features=300, bias=True)
        )
        (ff_layer_norm): LayerNorm()
        (fc1): Linear(in_features=300, out_features=1200, bias=True)
        (fc2): Linear(in_features=1200, out_features=300, bias=True)
      )
    )
    (out_layer_norm): LayerNorm()
  )
) (train.py:223, single_main())
[2021-03-23 00:49:08]    INFO >> model completion_gpt2, criterion CompletionCrossEntropyCriterion (train.py:224, single_main())
[2021-03-23 00:49:08]    INFO >> num. model params: 22998006 (num. trained: 22998006) (train.py:227, single_main())
[2021-03-23 00:49:08]    INFO >> training on 4 GPUs (train.py:232, single_main())
[2021-03-23 00:49:08]    INFO >> max tokens per GPU = 100000.0 and max sentences per GPU = 32 (train.py:235, single_main())
[2021-03-23 00:49:08]    INFO >> no existing checkpoint found checkpoint_best.pt (ncc_trainer.py:269, load_checkpoint())
[2021-03-23 00:49:08]    INFO >> loading train data for epoch 1 (ncc_trainer.py:283, get_train_iterator())
[2021-03-23 00:49:09]    INFO >> loaded 378739 examples from: /home/wanyao/.ncc/py150/completion/data-mmap/train.ast (completion.py:44, load_token_dataset())
[2021-03-23 00:49:09]    INFO >> loaded 378739 examples from: /home/wanyao/.ncc/py150/completion/data-mmap/train.code_types (completion.py:58, load_token_dataset())
[2021-03-23 00:49:11]    INFO >> NOTE: your device may support faster training with fp16 (ncc_trainer.py:154, _setup_optimizer())
/home/wanyao/yang/naturalcc-dev/ncc/utils/utils.py:575: UserWarning: amp_C fused kernels unavailable, disabling multi_tensor_l2norm; you may get better performance by installing NVIDIA's apex library
  "amp_C fused kernels unavailable, disabling multi_tensor_l2norm; "
[2021-03-23 00:52:54]    INFO >> epoch 001:    500 / 2959 loss=4.239, accuracy=0, mrr=0, ppl=18.88, wps=74710.1, ups=2.34, wpb=31979.8, bsz=128, num_updates=500, lr=0.001, gnorm=0.729, clip=0, train_wall=214, wall=225 (progress_bar.py:262, log())
[2021-03-23 00:56:29]    INFO >> epoch 001:   1000 / 2959 loss=2.913, accuracy=0, mrr=0, ppl=7.53, wps=74288.2, ups=2.32, wpb=32041.1, bsz=128, num_updates=1000, lr=0.001, gnorm=0.776, clip=0, train_wall=214, wall=441 (progress_bar.py:262, log())
[2021-03-23 01:00:04]    INFO >> epoch 001:   1500 / 2959 loss=2.053, accuracy=0, mrr=0, ppl=4.15, wps=74591.4, ups=2.33, wpb=32049.3, bsz=128, num_updates=1500, lr=0.001, gnorm=0.702, clip=0, train_wall=213, wall=656 (progress_bar.py:262, log())
[2021-03-23 01:03:39]    INFO >> epoch 001:   2000 / 2959 loss=1.723, accuracy=0, mrr=0, ppl=3.3, wps=74285.4, ups=2.32, wpb=31956.5, bsz=128, num_updates=2000, lr=0.001, gnorm=0.592, clip=0, train_wall=214, wall=871 (progress_bar.py:262, log())
[2021-03-23 01:07:15]    INFO >> epoch 001:   2500 / 2959 loss=1.59, accuracy=0, mrr=0, ppl=3.01, wps=74681.9, ups=2.32, wpb=32180.6, bsz=128, num_updates=2500, lr=0.001, gnorm=0.528, clip=0, train_wall=214, wall=1086 (progress_bar.py:262, log())
[2021-03-23 01:10:30]    INFO >> epoch 001 | loss 2.349 | accuracy 0 | mrr 0 | ppl 5.09 | wps 74597.5 | ups 2.33 | wpb 32040.3 | bsz 128 | num_updates 2959 | lr 0.001 | gnorm 0.636 | clip 0 | train_wall 1263 | wall 1282 (progress_bar.py:269, print())
/home/wanyao/yang/naturalcc-dev/ncc/utils/utils.py:575: UserWarning: amp_C fused kernels unavailable, disabling multi_tensor_l2norm; you may get better performance by installing NVIDIA's apex library
  "amp_C fused kernels unavailable, disabling multi_tensor_l2norm; "
/home/wanyao/yang/naturalcc-dev/ncc/utils/utils.py:575: UserWarning: amp_C fused kernels unavailable, disabling multi_tensor_l2norm; you may get better performance by installing NVIDIA's apex library
  "amp_C fused kernels unavailable, disabling multi_tensor_l2norm; "
/home/wanyao/yang/naturalcc-dev/ncc/utils/utils.py:575: UserWarning: amp_C fused kernels unavailable, disabling multi_tensor_l2norm; you may get better performance by installing NVIDIA's apex library
  "amp_C fused kernels unavailable, disabling multi_tensor_l2norm; "
[2021-03-23 01:16:05]    INFO >> epoch 001 | valid on 'test' subset | loss 1.49 | accuracy 0.670252 | mrr 0.743204 | ppl 2.81 | wps 141676 | wpb 63950.6 | bsz 256 | num_updates 2959 (progress_bar.py:269, print())
[2021-03-23 01:16:07]    INFO >> saved checkpoint /home/wanyao/.ncc/py150/completion/data-mmap/trav_trans/checkpoints/checkpoint_best.pt (epoch 1 @ 2959 updates, score 0.743204) (writing took 1.425734 seconds) (checkpoint_utils.py:81, save_checkpoint())
[2021-03-23 01:16:32]    INFO >> epoch 002:     41 / 2959 loss=1.506, accuracy=0, mrr=0, ppl=2.84, wps=28752, ups=0.9, wpb=32032.6, bsz=128, num_updates=3000, lr=0.001, gnorm=0.471, clip=0, train_wall=212, wall=1643 (progress_bar.py:262, log())
[2021-03-23 01:20:05]    INFO >> epoch 002:    541 / 2959 loss=1.444, accuracy=0, mrr=0, ppl=2.72, wps=75101.4, ups=2.35, wpb=31972.1, bsz=128, num_updates=3500, lr=0.001, gnorm=0.44, clip=0, train_wall=211, wall=1856 (progress_bar.py:262, log())
[2021-03-23 01:23:39]    INFO >> epoch 002:   1041 / 2959 loss=1.395, accuracy=0, mrr=0, ppl=2.63, wps=74715.1, ups=2.33, wpb=32043.5, bsz=128, num_updates=4000, lr=0.001, gnorm=0.4, clip=0, train_wall=213, wall=2071 (progress_bar.py:262, log())
[2021-03-23 01:27:13]    INFO >> epoch 002:   1541 / 2959 loss=1.351, accuracy=0, mrr=0, ppl=2.55, wps=74711.1, ups=2.33, wpb=32037.4, bsz=128, num_updates=4500, lr=0.001, gnorm=0.384, clip=0, train_wall=213, wall=2285 (progress_bar.py:262, log())
[2021-03-23 01:30:47]    INFO >> epoch 002:   2041 / 2959 loss=1.324, accuracy=0, mrr=0, ppl=2.5, wps=74779.4, ups=2.34, wpb=31997.9, bsz=128, num_updates=5000, lr=0.001, gnorm=0.362, clip=0, train_wall=213, wall=2499 (progress_bar.py:262, log())
[2021-03-23 01:34:21]    INFO >> epoch 002:   2541 / 2959 loss=1.299, accuracy=0, mrr=0, ppl=2.46, wps=75129.4, ups=2.33, wpb=32180.8, bsz=128, num_updates=5500, lr=0.001, gnorm=0.333, clip=0, train_wall=213, wall=2713 (progress_bar.py:262, log())
[2021-03-23 01:37:22]    INFO >> epoch 002 | loss 1.352 | accuracy 0 | mrr 0 | ppl 2.55 | wps 58830.4 | ups 1.84 | wpb 32040.3 | bsz 128 | num_updates 5918 | lr 0.001 | gnorm 0.376 | clip 0 | train_wall 1259 | wall 2894 (progress_bar.py:269, print())
[2021-03-23 01:42:52]    INFO >> epoch 002 | valid on 'test' subset | loss 1.32 | accuracy 0.690871 | mrr 0.760261 | ppl 2.5 | wps 143226 | wpb 63950.6 | bsz 256 | num_updates 5918 | best_mrr 0.760261 (progress_bar.py:269, print())
[2021-03-23 01:42:55]    INFO >> saved checkpoint /home/wanyao/.ncc/py150/completion/data-mmap/trav_trans/checkpoints/checkpoint_best.pt (epoch 2 @ 5918 updates, score 0.760261) (writing took 3.038448 seconds) (checkpoint_utils.py:81, save_checkpoint())
[2021-03-23 01:43:38]    INFO >> epoch 003:     82 / 2959 loss=1.277, accuracy=0, mrr=0, ppl=2.42, wps=28774.2, ups=0.9, wpb=32013.1, bsz=128, num_updates=6000, lr=0.001, gnorm=0.321, clip=0, train_wall=214, wall=3269 (progress_bar.py:262, log())
[2021-03-23 01:47:12]    INFO >> epoch 003:    582 / 2959 loss=1.257, accuracy=0, mrr=0, ppl=2.39, wps=74743.6, ups=2.34, wpb=31963.7, bsz=128, num_updates=6500, lr=0.001, gnorm=0.313, clip=0, train_wall=212, wall=3483 (progress_bar.py:262, log())
[2021-03-23 01:50:46]    INFO >> epoch 003:   1082 / 2959 loss=1.234, accuracy=0, mrr=0, ppl=2.35, wps=74628.8, ups=2.33, wpb=32030.1, bsz=128, num_updates=7000, lr=0.001, gnorm=0.288, clip=0, train_wall=213, wall=3698 (progress_bar.py:262, log())
[2021-03-23 01:54:22]    INFO >> epoch 003:   1582 / 2959 loss=1.214, accuracy=0, mrr=0, ppl=2.32, wps=74365.2, ups=2.32, wpb=32052.4, bsz=128, num_updates=7500, lr=0.001, gnorm=0.279, clip=0, train_wall=214, wall=3913 (progress_bar.py:262, log())
[2021-03-23 01:57:56]    INFO >> epoch 003:   2082 / 2959 loss=1.201, accuracy=0, mrr=0, ppl=2.3, wps=74664, ups=2.33, wpb=32021.5, bsz=128, num_updates=8000, lr=0.001, gnorm=0.272, clip=0, train_wall=213, wall=4128 (progress_bar.py:262, log())
[2021-03-23 02:01:30]    INFO >> epoch 003:   2582 / 2959 loss=1.188, accuracy=0, mrr=0, ppl=2.28, wps=75121.7, ups=2.34, wpb=32160.3, bsz=128, num_updates=8500, lr=0.001, gnorm=0.258, clip=0, train_wall=213, wall=4342 (progress_bar.py:262, log())
[2021-03-23 02:04:12]    INFO >> epoch 003 | loss 1.214 | accuracy 0 | mrr 0 | ppl 2.32 | wps 58903.4 | ups 1.84 | wpb 32040.3 | bsz 128 | num_updates 8877 | lr 0.001 | gnorm 0.279 | clip 0 | train_wall 1260 | wall 4503 (progress_bar.py:269, print())
[2021-03-23 02:09:41]    INFO >> epoch 003 | valid on 'test' subset | loss 1.257 | accuracy 0.698616 | mrr 0.766757 | ppl 2.39 | wps 143350 | wpb 63950.6 | bsz 256 | num_updates 8877 | best_mrr 0.766757 (progress_bar.py:269, print())
[2021-03-23 02:09:45]    INFO >> saved checkpoint /home/wanyao/.ncc/py150/completion/data-mmap/trav_trans/checkpoints/checkpoint_best.pt (epoch 3 @ 8877 updates, score 0.766757) (writing took 3.372524 seconds) (checkpoint_utils.py:81, save_checkpoint())
[2021-03-23 02:10:45]    INFO >> epoch 004:    123 / 2959 loss=1.173, accuracy=0, mrr=0, ppl=2.26, wps=28843.9, ups=0.9, wpb=32008.2, bsz=128, num_updates=9000, lr=0.001, gnorm=0.252, clip=0, train_wall=212, wall=4897 (progress_bar.py:262, log())
[2021-03-23 02:14:20]    INFO >> epoch 004:    623 / 2959 loss=1.161, accuracy=0, mrr=0, ppl=2.24, wps=74321.6, ups=2.32, wpb=31991.7, bsz=128, num_updates=9500, lr=0.001, gnorm=0.243, clip=0, train_wall=214, wall=5112 (progress_bar.py:262, log())
[2021-03-23 02:17:55]    INFO >> epoch 004:   1123 / 2959 loss=1.147, accuracy=0, mrr=0, ppl=2.22, wps=74367.1, ups=2.33, wpb=31983.4, bsz=128, num_updates=10000, lr=0.001, gnorm=0.238, clip=0, train_wall=214, wall=5327 (progress_bar.py:262, log())
[2021-03-23 02:21:30]    INFO >> epoch 004:   1623 / 2959 loss=1.135, accuracy=0, mrr=0, ppl=2.2, wps=74566.7, ups=2.33, wpb=32057.7, bsz=128, num_updates=10500, lr=0.001, gnorm=0.233, clip=0, train_wall=213, wall=5542 (progress_bar.py:262, log())
[2021-03-23 02:25:05]    INFO >> epoch 004:   2123 / 2959 loss=1.128, accuracy=0, mrr=0, ppl=2.19, wps=74455.2, ups=2.32, wpb=32035.8, bsz=128, num_updates=11000, lr=0.001, gnorm=0.227, clip=0, train_wall=214, wall=5757 (progress_bar.py:262, log())
[2021-03-23 02:28:41]    INFO >> epoch 004:   2623 / 2959 loss=1.119, accuracy=0, mrr=0, ppl=2.17, wps=74746.8, ups=2.32, wpb=32165.5, bsz=128, num_updates=11500, lr=0.001, gnorm=0.222, clip=0, train_wall=214, wall=5972 (progress_bar.py:262, log())
[2021-03-23 02:31:05]    INFO >> epoch 004 | loss 1.136 | accuracy 0 | mrr 0 | ppl 2.2 | wps 58754.6 | ups 1.83 | wpb 32040.3 | bsz 128 | num_updates 11836 | lr 0.001 | gnorm 0.232 | clip 0 | train_wall 1264 | wall 6117 (progress_bar.py:269, print())
[2021-03-23 02:36:35]    INFO >> epoch 004 | valid on 'test' subset | loss 1.215 | accuracy 0.704519 | mrr 0.7714 | ppl 2.32 | wps 143299 | wpb 63950.6 | bsz 256 | num_updates 11836 | best_mrr 0.7714 (progress_bar.py:269, print())
[2021-03-23 02:36:38]    INFO >> saved checkpoint /home/wanyao/.ncc/py150/completion/data-mmap/trav_trans/checkpoints/checkpoint_best.pt (epoch 4 @ 11836 updates, score 0.7714) (writing took 2.891758 seconds) (checkpoint_utils.py:81, save_checkpoint())
[2021-03-23 02:37:56]    INFO >> epoch 005:    164 / 2959 loss=1.107, accuracy=0, mrr=0, ppl=2.15, wps=28795.2, ups=0.9, wpb=31992.7, bsz=128, num_updates=12000, lr=0.001, gnorm=0.219, clip=0, train_wall=213, wall=6528 (progress_bar.py:262, log())
[2021-03-23 02:41:31]    INFO >> epoch 005:    664 / 2959 loss=1.101, accuracy=0, mrr=0, ppl=2.14, wps=74504.8, ups=2.33, wpb=31973.2, bsz=128, num_updates=12500, lr=0.001, gnorm=0.215, clip=0, train_wall=213, wall=6742 (progress_bar.py:262, log())
[2021-03-23 02:45:06]    INFO >> epoch 005:   1164 / 2959 loss=1.089, accuracy=0, mrr=0, ppl=2.13, wps=74265.3, ups=2.32, wpb=32037.8, bsz=128, num_updates=13000, lr=0.001, gnorm=0.213, clip=0, train_wall=214, wall=6958 (progress_bar.py:262, log())
[2021-03-23 02:48:40]    INFO >> epoch 005:   1664 / 2959 loss=1.081, accuracy=0, mrr=0, ppl=2.12, wps=74954.6, ups=2.34, wpb=32036.3, bsz=128, num_updates=13500, lr=0.001, gnorm=0.207, clip=0, train_wall=212, wall=7172 (progress_bar.py:262, log())
[2021-03-23 02:52:15]    INFO >> epoch 005:   2164 / 2959 loss=1.074, accuracy=0, mrr=0, ppl=2.11, wps=74501.9, ups=2.32, wpb=32047.1, bsz=128, num_updates=14000, lr=0.001, gnorm=0.203, clip=0, train_wall=214, wall=7387 (progress_bar.py:262, log())
[2021-03-23 02:55:49]    INFO >> epoch 005:   2664 / 2959 loss=1.068, accuracy=0, mrr=0, ppl=2.1, wps=75380.3, ups=2.34, wpb=32184, bsz=128, num_updates=14500, lr=0.001, gnorm=0.197, clip=0, train_wall=212, wall=7600 (progress_bar.py:262, log())
[2021-03-23 02:57:56]    INFO >> epoch 005 | loss 1.081 | accuracy 0 | mrr 0 | ppl 2.12 | wps 58865.9 | ups 1.84 | wpb 32040.3 | bsz 128 | num_updates 14795 | lr 0.001 | gnorm 0.207 | clip 0 | train_wall 1261 | wall 7727 (progress_bar.py:269, print())
[2021-03-23 03:03:26]    INFO >> epoch 005 | valid on 'test' subset | loss 1.192 | accuracy 0.70846 | mrr 0.774462 | ppl 2.28 | wps 143124 | wpb 63950.6 | bsz 256 | num_updates 14795 | best_mrr 0.774462 (progress_bar.py:269, print())
[2021-03-23 03:03:29]    INFO >> saved checkpoint /home/wanyao/.ncc/py150/completion/data-mmap/trav_trans/checkpoints/checkpoint_best.pt (epoch 5 @ 14795 updates, score 0.774462) (writing took 2.842927 seconds) (checkpoint_utils.py:81, save_checkpoint())
[2021-03-23 03:05:03]    INFO >> epoch 006:    205 / 2959 loss=1.051, accuracy=0, mrr=0, ppl=2.07, wps=28897.1, ups=0.9, wpb=32051.2, bsz=128, num_updates=15000, lr=0.001, gnorm=0.192, clip=0, train_wall=213, wall=8155 (progress_bar.py:262, log())
[2021-03-23 03:08:37]    INFO >> epoch 006:    705 / 2959 loss=1.04, accuracy=0, mrr=0, ppl=2.06, wps=75036.6, ups=2.34, wpb=32038.4, bsz=128, num_updates=15500, lr=0.001, gnorm=0.183, clip=0, train_wall=212, wall=8368 (progress_bar.py:262, log())
[2021-03-23 03:12:11]    INFO >> epoch 006:   1205 / 2959 loss=1.05, accuracy=0, mrr=0, ppl=2.07, wps=74782.6, ups=2.33, wpb=32049.9, bsz=128, num_updates=16000, lr=0.001, gnorm=0.188, clip=0, train_wall=213, wall=8583 (progress_bar.py:262, log())
[2021-03-23 03:15:45]    INFO >> epoch 006:   1705 / 2959 loss=1.047, accuracy=0, mrr=0, ppl=2.07, wps=74721.7, ups=2.33, wpb=32004.1, bsz=128, num_updates=16500, lr=0.001, gnorm=0.179, clip=0, train_wall=213, wall=8797 (progress_bar.py:262, log())
[2021-03-23 03:19:19]    INFO >> epoch 006:   2205 / 2959 loss=1.044, accuracy=0, mrr=0, ppl=2.06, wps=74845.4, ups=2.34, wpb=32021.4, bsz=128, num_updates=17000, lr=0.001, gnorm=0.179, clip=0, train_wall=212, wall=9011 (progress_bar.py:262, log())
[2021-03-23 03:22:54]    INFO >> epoch 006:   2705 / 2959 loss=1.045, accuracy=0, mrr=0, ppl=2.06, wps=74578.1, ups=2.33, wpb=32003.2, bsz=128, num_updates=17500, lr=0.001, gnorm=0.175, clip=0, train_wall=213, wall=9225 (progress_bar.py:262, log())
[2021-03-23 03:24:43]    INFO >> epoch 006 | loss 1.045 | accuracy 0 | mrr 0 | ppl 2.06 | wps 58990.9 | ups 1.84 | wpb 32040.3 | bsz 128 | num_updates 17754 | lr 0.001 | gnorm 0.181 | clip 0 | train_wall 1257 | wall 9334 (progress_bar.py:269, print())
[2021-03-23 03:30:12]    INFO >> epoch 006 | valid on 'test' subset | loss 1.154 | accuracy 0.713385 | mrr 0.778308 | ppl 2.22 | wps 143296 | wpb 63950.6 | bsz 256 | num_updates 17754 | best_mrr 0.778308 (progress_bar.py:269, print())
[2021-03-23 03:30:15]    INFO >> saved checkpoint /home/wanyao/.ncc/py150/completion/data-mmap/trav_trans/checkpoints/checkpoint_best.pt (epoch 6 @ 17754 updates, score 0.778308) (writing took 2.906294 seconds) (checkpoint_utils.py:81, save_checkpoint())
[2021-03-23 03:32:08]    INFO >> epoch 007:    246 / 2959 loss=1.018, accuracy=0, mrr=0, ppl=2.03, wps=28934.3, ups=0.9, wpb=32066.5, bsz=128, num_updates=18000, lr=0.001, gnorm=0.174, clip=0, train_wall=212, wall=9779 (progress_bar.py:262, log())
[2021-03-23 03:35:43]    INFO >> epoch 007:    746 / 2959 loss=1, accuracy=0, mrr=0, ppl=2, wps=74508.9, ups=2.32, wpb=32052, bsz=128, num_updates=18500, lr=0.001, gnorm=0.174, clip=0, train_wall=213, wall=9994 (progress_bar.py:262, log())
[2021-03-23 03:39:16]    INFO >> epoch 007:   1246 / 2959 loss=1.008, accuracy=0, mrr=0, ppl=2.01, wps=75035.2, ups=2.34, wpb=32056.8, bsz=128, num_updates=19000, lr=0.001, gnorm=0.176, clip=0, train_wall=212, wall=10208 (progress_bar.py:262, log())
[2021-03-23 03:42:51]    INFO >> epoch 007:   1746 / 2959 loss=1.014, accuracy=0, mrr=0, ppl=2.02, wps=74855.9, ups=2.33, wpb=32065.2, bsz=128, num_updates=19500, lr=0.001, gnorm=0.17, clip=0, train_wall=213, wall=10422 (progress_bar.py:262, log())
[2021-03-23 03:46:25]    INFO >> epoch 007:   2246 / 2959 loss=1.015, accuracy=0, mrr=0, ppl=2.02, wps=74729.9, ups=2.33, wpb=32083.9, bsz=128, num_updates=20000, lr=0.001, gnorm=0.171, clip=0, train_wall=213, wall=10637 (progress_bar.py:262, log())
[2021-03-23 03:50:00]    INFO >> epoch 007:   2746 / 2959 loss=1.017, accuracy=0, mrr=0, ppl=2.02, wps=74613.9, ups=2.33, wpb=31966.1, bsz=128, num_updates=20500, lr=0.001, gnorm=0.167, clip=0, train_wall=213, wall=10851 (progress_bar.py:262, log())
[2021-03-23 03:51:32]    INFO >> epoch 007 | loss 1.009 | accuracy 0 | mrr 0 | ppl 2.01 | wps 58923.5 | ups 1.84 | wpb 32040.3 | bsz 128 | num_updates 20713 | lr 0.001 | gnorm 0.171 | clip 0 | train_wall 1259 | wall 10943 (progress_bar.py:269, print())
[2021-03-23 03:57:02]    INFO >> epoch 007 | valid on 'test' subset | loss 1.141 | accuracy 0.715675 | mrr 0.780028 | ppl 2.2 | wps 143215 | wpb 63950.6 | bsz 256 | num_updates 20713 | best_mrr 0.780028 (progress_bar.py:269, print())
[2021-03-23 03:57:05]    INFO >> saved checkpoint /home/wanyao/.ncc/py150/completion/data-mmap/trav_trans/checkpoints/checkpoint_best.pt (epoch 7 @ 20713 updates, score 0.780028) (writing took 3.214714 seconds) (checkpoint_utils.py:81, save_checkpoint())
[2021-03-23 03:59:16]    INFO >> epoch 008:    287 / 2959 loss=0.985, accuracy=0, mrr=0, ppl=1.98, wps=28807.6, ups=0.9, wpb=32045.8, bsz=128, num_updates=21000, lr=0.001, gnorm=0.167, clip=0, train_wall=214, wall=11407 (progress_bar.py:262, log())
[2021-03-23 04:02:50]    INFO >> epoch 008:    787 / 2959 loss=0.97, accuracy=0, mrr=0, ppl=1.96, wps=74652.4, ups=2.33, wpb=31977.1, bsz=128, num_updates=21500, lr=0.001, gnorm=0.169, clip=0, train_wall=213, wall=11621 (progress_bar.py:262, log())
[2021-03-23 04:06:24]    INFO >> epoch 008:   1287 / 2959 loss=0.977, accuracy=0, mrr=0, ppl=1.97, wps=74512.3, ups=2.33, wpb=31973, bsz=128, num_updates=22000, lr=0.001, gnorm=0.168, clip=0, train_wall=213, wall=11836 (progress_bar.py:262, log())
[2021-03-23 04:09:58]    INFO >> epoch 008:   1787 / 2959 loss=0.985, accuracy=0, mrr=0, ppl=1.98, wps=74857.9, ups=2.34, wpb=32036.7, bsz=128, num_updates=22500, lr=0.001, gnorm=0.165, clip=0, train_wall=213, wall=12050 (progress_bar.py:262, log())
[2021-03-23 04:13:32]    INFO >> epoch 008:   2287 / 2959 loss=0.99, accuracy=0, mrr=0, ppl=1.99, wps=74833.5, ups=2.34, wpb=32020.8, bsz=128, num_updates=23000, lr=0.001, gnorm=0.163, clip=0, train_wall=212, wall=12264 (progress_bar.py:262, log())
[2021-03-23 04:17:07]    INFO >> epoch 008:   2787 / 2959 loss=0.988, accuracy=0, mrr=0, ppl=1.98, wps=74868.1, ups=2.33, wpb=32083.6, bsz=128, num_updates=23500, lr=0.001, gnorm=0.162, clip=0, train_wall=213, wall=12478 (progress_bar.py:262, log())
[2021-03-23 04:18:21]    INFO >> epoch 008 | loss 0.981 | accuracy 0 | mrr 0 | ppl 1.97 | wps 58901.8 | ups 1.84 | wpb 32040.3 | bsz 128 | num_updates 23672 | lr 0.001 | gnorm 0.165 | clip 0 | train_wall 1260 | wall 12553 (progress_bar.py:269, print())
[2021-03-23 04:23:52]    INFO >> epoch 008 | valid on 'test' subset | loss 1.131 | accuracy 0.717889 | mrr 0.781596 | ppl 2.19 | wps 143105 | wpb 63950.6 | bsz 256 | num_updates 23672 | best_mrr 0.781596 (progress_bar.py:269, print())
[2021-03-23 04:23:55]    INFO >> saved checkpoint /home/wanyao/.ncc/py150/completion/data-mmap/trav_trans/checkpoints/checkpoint_best.pt (epoch 8 @ 23672 updates, score 0.781596) (writing took 3.684249 seconds) (checkpoint_utils.py:81, save_checkpoint())
[2021-03-23 04:26:23]    INFO >> epoch 009:    328 / 2959 loss=0.954, accuracy=0, mrr=0, ppl=1.94, wps=28832.9, ups=0.9, wpb=32106.2, bsz=128, num_updates=24000, lr=0.001, gnorm=0.163, clip=0, train_wall=213, wall=13035 (progress_bar.py:262, log())
[2021-03-23 04:29:57]    INFO >> epoch 009:    828 / 2959 loss=0.949, accuracy=0, mrr=0, ppl=1.93, wps=74873.5, ups=2.34, wpb=32059.6, bsz=128, num_updates=24500, lr=0.001, gnorm=0.163, clip=0, train_wall=212, wall=13249 (progress_bar.py:262, log())
[2021-03-23 04:33:32]    INFO >> epoch 009:   1328 / 2959 loss=0.957, accuracy=0, mrr=0, ppl=1.94, wps=74493.4, ups=2.33, wpb=32004.6, bsz=128, num_updates=25000, lr=0.001, gnorm=0.168, clip=0, train_wall=213, wall=13464 (progress_bar.py:262, log())
[2021-03-23 04:37:07]    INFO >> epoch 009:   1828 / 2959 loss=0.959, accuracy=0, mrr=0, ppl=1.94, wps=74620.2, ups=2.33, wpb=32015.6, bsz=128, num_updates=25500, lr=0.001, gnorm=0.16, clip=0, train_wall=213, wall=13678 (progress_bar.py:262, log())
[2021-03-23 04:40:41]    INFO >> epoch 009:   2328 / 2959 loss=0.964, accuracy=0, mrr=0, ppl=1.95, wps=74856.3, ups=2.33, wpb=32067.2, bsz=128, num_updates=26000, lr=0.001, gnorm=0.162, clip=0, train_wall=212, wall=13893 (progress_bar.py:262, log())
[2021-03-23 04:44:16]    INFO >> epoch 009:   2828 / 2959 loss=0.968, accuracy=0, mrr=0, ppl=1.96, wps=74631, ups=2.33, wpb=32077.4, bsz=128, num_updates=26500, lr=0.001, gnorm=0.158, clip=0, train_wall=213, wall=14108 (progress_bar.py:262, log())
[2021-03-23 04:45:12]    INFO >> epoch 009 | loss 0.957 | accuracy 0 | mrr 0 | ppl 1.94 | wps 58854.9 | ups 1.84 | wpb 32040.3 | bsz 128 | num_updates 26631 | lr 0.001 | gnorm 0.163 | clip 0 | train_wall 1258 | wall 14164 (progress_bar.py:269, print())
[2021-03-23 04:50:43]    INFO >> epoch 009 | valid on 'test' subset | loss 1.127 | accuracy 0.7186 | mrr 0.782078 | ppl 2.18 | wps 143115 | wpb 63950.6 | bsz 256 | num_updates 26631 | best_mrr 0.782078 (progress_bar.py:269, print())
[2021-03-23 04:50:46]    INFO >> saved checkpoint /home/wanyao/.ncc/py150/completion/data-mmap/trav_trans/checkpoints/checkpoint_best.pt (epoch 9 @ 26631 updates, score 0.782078) (writing took 3.449781 seconds) (checkpoint_utils.py:81, save_checkpoint())
[2021-03-23 04:53:32]    INFO >> epoch 010:    369 / 2959 loss=0.929, accuracy=0, mrr=0, ppl=1.9, wps=28791, ups=0.9, wpb=32016.6, bsz=128, num_updates=27000, lr=0.001, gnorm=0.165, clip=0, train_wall=213, wall=14664 (progress_bar.py:262, log())
[2021-03-23 04:57:06]    INFO >> epoch 010:    869 / 2959 loss=0.925, accuracy=0, mrr=0, ppl=1.9, wps=74404.5, ups=2.33, wpb=31881.4, bsz=128, num_updates=27500, lr=0.001, gnorm=0.162, clip=0, train_wall=213, wall=14878 (progress_bar.py:262, log())
[2021-03-23 05:00:40]    INFO >> epoch 010:   1369 / 2959 loss=0.934, accuracy=0, mrr=0, ppl=1.91, wps=75030.3, ups=2.34, wpb=32108.3, bsz=128, num_updates=28000, lr=0.001, gnorm=0.16, clip=0, train_wall=213, wall=15092 (progress_bar.py:262, log())
[2021-03-23 05:04:15]    INFO >> epoch 010:   1869 / 2959 loss=0.941, accuracy=0, mrr=0, ppl=1.92, wps=74816.7, ups=2.33, wpb=32100.4, bsz=128, num_updates=28500, lr=0.001, gnorm=0.16, clip=0, train_wall=213, wall=15306 (progress_bar.py:262, log())
[2021-03-23 05:07:49]    INFO >> epoch 010:   2369 / 2959 loss=0.946, accuracy=0, mrr=0, ppl=1.93, wps=75000.3, ups=2.33, wpb=32126.8, bsz=128, num_updates=29000, lr=0.001, gnorm=0.161, clip=0, train_wall=213, wall=15520 (progress_bar.py:262, log())
[2021-03-23 05:11:23]    INFO >> epoch 010:   2869 / 2959 loss=0.949, accuracy=0, mrr=0, ppl=1.93, wps=74782, ups=2.34, wpb=32020.1, bsz=128, num_updates=29500, lr=0.001, gnorm=0.159, clip=0, train_wall=213, wall=15735 (progress_bar.py:262, log())
[2021-03-23 05:12:02]    INFO >> epoch 010 | loss 0.936 | accuracy 0 | mrr 0 | ppl 1.91 | wps 58895.3 | ups 1.84 | wpb 32040.3 | bsz 128 | num_updates 29590 | lr 0.001 | gnorm 0.161 | clip 0 | train_wall 1259 | wall 15774 (progress_bar.py:269, print())
[2021-03-23 05:17:33]    INFO >> epoch 010 | valid on 'test' subset | loss 1.126 | accuracy 0.719193 | mrr 0.782495 | ppl 2.18 | wps 142966 | wpb 63950.6 | bsz 256 | num_updates 29590 | best_mrr 0.782495 (progress_bar.py:269, print())
[2021-03-23 05:17:36]    INFO >> saved checkpoint /home/wanyao/.ncc/py150/completion/data-mmap/trav_trans/checkpoints/checkpoint_best.pt (epoch 10 @ 29590 updates, score 0.782495) (writing took 3.372947 seconds) (checkpoint_utils.py:81, save_checkpoint())
[2021-03-23 05:20:39]    INFO >> epoch 011:    410 / 2959 loss=0.907, accuracy=0, mrr=0, ppl=1.88, wps=28831.6, ups=0.9, wpb=32038.7, bsz=128, num_updates=30000, lr=0.001, gnorm=0.162, clip=0, train_wall=212, wall=16290 (progress_bar.py:262, log())
[2021-03-23 05:24:13]    INFO >> epoch 011:    910 / 2959 loss=0.906, accuracy=0, mrr=0, ppl=1.87, wps=74596.6, ups=2.33, wpb=31992, bsz=128, num_updates=30500, lr=0.001, gnorm=0.161, clip=0, train_wall=212, wall=16505 (progress_bar.py:262, log())
[2021-03-23 05:27:48]    INFO >> epoch 011:   1410 / 2959 loss=0.918, accuracy=0, mrr=0, ppl=1.89, wps=74551.5, ups=2.33, wpb=32033.2, bsz=128, num_updates=31000, lr=0.001, gnorm=0.162, clip=0, train_wall=213, wall=16719 (progress_bar.py:262, log())
[2021-03-23 05:31:22]    INFO >> epoch 011:   1910 / 2959 loss=0.922, accuracy=0, mrr=0, ppl=1.89, wps=74821.7, ups=2.34, wpb=32030.2, bsz=128, num_updates=31500, lr=0.001, gnorm=0.159, clip=0, train_wall=212, wall=16933 (progress_bar.py:262, log())
[2021-03-23 05:34:57]    INFO >> epoch 011:   2410 / 2959 loss=0.926, accuracy=0, mrr=0, ppl=1.9, wps=74525.9, ups=2.33, wpb=31990, bsz=128, num_updates=32000, lr=0.001, gnorm=0.158, clip=0, train_wall=213, wall=17148 (progress_bar.py:262, log())
[2021-03-23 05:38:31]    INFO >> epoch 011:   2910 / 2959 loss=0.933, accuracy=0, mrr=0, ppl=1.91, wps=74903, ups=2.33, wpb=32115.9, bsz=128, num_updates=32500, lr=0.001, gnorm=0.158, clip=0, train_wall=212, wall=17363 (progress_bar.py:262, log())
[2021-03-23 05:38:53]    INFO >> epoch 011 | loss 0.918 | accuracy 0 | mrr 0 | ppl 1.89 | wps 58870.4 | ups 1.84 | wpb 32040.3 | bsz 128 | num_updates 32549 | lr 0.001 | gnorm 0.16 | clip 0 | train_wall 1257 | wall 17384 (progress_bar.py:269, print())
[2021-03-23 05:44:23]    INFO >> epoch 011 | valid on 'test' subset | loss 1.124 | accuracy 0.720312 | mrr 0.783239 | ppl 2.18 | wps 142918 | wpb 63950.6 | bsz 256 | num_updates 32549 | best_mrr 0.783239 (progress_bar.py:269, print())
[2021-03-23 05:44:27]    INFO >> saved checkpoint /home/wanyao/.ncc/py150/completion/data-mmap/trav_trans/checkpoints/checkpoint_best.pt (epoch 11 @ 32549 updates, score 0.783239) (writing took 3.414873 seconds) (checkpoint_utils.py:81, save_checkpoint())
[2021-03-23 05:47:47]    INFO >> epoch 012:    451 / 2959 loss=0.884, accuracy=0, mrr=0, ppl=1.84, wps=28837.7, ups=0.9, wpb=32082.2, bsz=128, num_updates=33000, lr=0.001, gnorm=0.16, clip=0, train_wall=213, wall=17919 (progress_bar.py:262, log())
[2021-03-23 05:51:21]    INFO >> epoch 012:    951 / 2959 loss=0.89, accuracy=0, mrr=0, ppl=1.85, wps=74975.7, ups=2.33, wpb=32139, bsz=128, num_updates=33500, lr=0.001, gnorm=0.158, clip=0, train_wall=213, wall=18133 (progress_bar.py:262, log())
[2021-03-23 05:54:56]    INFO >> epoch 012:   1451 / 2959 loss=0.901, accuracy=0, mrr=0, ppl=1.87, wps=74690.2, ups=2.33, wpb=32043.7, bsz=128, num_updates=34000, lr=0.001, gnorm=0.161, clip=0, train_wall=213, wall=18348 (progress_bar.py:262, log())
[2021-03-23 05:58:30]    INFO >> epoch 012:   1951 / 2959 loss=0.91, accuracy=0, mrr=0, ppl=1.88, wps=74598.3, ups=2.33, wpb=31972.8, bsz=128, num_updates=34500, lr=0.001, gnorm=0.158, clip=0, train_wall=213, wall=18562 (progress_bar.py:262, log())
[2021-03-23 06:02:04]    INFO >> epoch 012:   2451 / 2959 loss=0.914, accuracy=0, mrr=0, ppl=1.88, wps=74781.5, ups=2.34, wpb=32013.6, bsz=128, num_updates=35000, lr=0.001, gnorm=0.162, clip=0, train_wall=212, wall=18776 (progress_bar.py:262, log())
[2021-03-23 06:05:39]    INFO >> epoch 012:   2951 / 2959 loss=0.915, accuracy=0, mrr=0, ppl=1.89, wps=74649.8, ups=2.33, wpb=32008.2, bsz=128, num_updates=35500, lr=0.001, gnorm=0.158, clip=0, train_wall=213, wall=18990 (progress_bar.py:262, log())
[2021-03-23 06:05:43]    INFO >> epoch 012 | loss 0.902 | accuracy 0 | mrr 0 | ppl 1.87 | wps 58878.2 | ups 1.84 | wpb 32040.3 | bsz 128 | num_updates 35508 | lr 0.001 | gnorm 0.159 | clip 0 | train_wall 1258 | wall 18994 (progress_bar.py:269, print())
[2021-03-23 06:11:13]    INFO >> epoch 012 | valid on 'test' subset | loss 1.123 | accuracy 0.721095 | mrr 0.783717 | ppl 2.18 | wps 143178 | wpb 63950.6 | bsz 256 | num_updates 35508 | best_mrr 0.783717 (progress_bar.py:269, print())
[2021-03-23 06:11:16]    INFO >> saved checkpoint /home/wanyao/.ncc/py150/completion/data-mmap/trav_trans/checkpoints/checkpoint_best.pt (epoch 12 @ 35508 updates, score 0.783717) (writing took 3.329548 seconds) (checkpoint_utils.py:81, save_checkpoint())
[2021-03-23 06:14:54]    INFO >> epoch 013:    492 / 2959 loss=0.866, accuracy=0, mrr=0, ppl=1.82, wps=28814.6, ups=0.9, wpb=31988.8, bsz=128, num_updates=36000, lr=0.001, gnorm=0.162, clip=0, train_wall=212, wall=19545 (progress_bar.py:262, log())
[2021-03-23 06:18:29]    INFO >> epoch 013:    992 / 2959 loss=0.879, accuracy=0, mrr=0, ppl=1.84, wps=74756.5, ups=2.33, wpb=32120.8, bsz=128, num_updates=36500, lr=0.001, gnorm=0.16, clip=0, train_wall=213, wall=19760 (progress_bar.py:262, log())
[2021-03-23 06:22:03]    INFO >> epoch 013:   1492 / 2959 loss=0.889, accuracy=0, mrr=0, ppl=1.85, wps=74711.4, ups=2.33, wpb=32069.1, bsz=128, num_updates=37000, lr=0.001, gnorm=0.159, clip=0, train_wall=213, wall=19975 (progress_bar.py:262, log())
[2021-03-23 06:25:38]    INFO >> epoch 013:   1992 / 2959 loss=0.894, accuracy=0, mrr=0, ppl=1.86, wps=74604.6, ups=2.33, wpb=32030.3, bsz=128, num_updates=37500, lr=0.001, gnorm=0.161, clip=0, train_wall=213, wall=20190 (progress_bar.py:262, log())
[2021-03-23 06:29:13]    INFO >> epoch 013:   2492 / 2959 loss=0.895, accuracy=0, mrr=0, ppl=1.86, wps=74583.9, ups=2.33, wpb=32032.7, bsz=128, num_updates=38000, lr=0.001, gnorm=0.159, clip=0, train_wall=213, wall=20404 (progress_bar.py:262, log())
[2021-03-23 06:32:34]    INFO >> epoch 013 | loss 0.887 | accuracy 0 | mrr 0 | ppl 1.85 | wps 58852.6 | ups 1.84 | wpb 32040.3 | bsz 128 | num_updates 38467 | lr 0.001 | gnorm 0.16 | clip 0 | train_wall 1258 | wall 20605 (progress_bar.py:269, print())
[2021-03-23 06:38:04]    INFO >> epoch 013 | valid on 'test' subset | loss 1.126 | accuracy 0.721597 | mrr 0.784024 | ppl 2.18 | wps 143175 | wpb 63950.6 | bsz 256 | num_updates 38467 | best_mrr 0.784024 (progress_bar.py:269, print())
[2021-03-23 06:38:07]    INFO >> saved checkpoint /home/wanyao/.ncc/py150/completion/data-mmap/trav_trans/checkpoints/checkpoint_best.pt (epoch 13 @ 38467 updates, score 0.784024) (writing took 3.247683 seconds) (checkpoint_utils.py:81, save_checkpoint())
[2021-03-23 06:38:28]    INFO >> epoch 014:     33 / 2959 loss=0.896, accuracy=0, mrr=0, ppl=1.86, wps=28787.5, ups=0.9, wpb=31991.6, bsz=128, num_updates=38500, lr=0.001, gnorm=0.157, clip=0, train_wall=213, wall=20960 (progress_bar.py:262, log())
[2021-03-23 06:42:02]    INFO >> epoch 014:    533 / 2959 loss=0.853, accuracy=0, mrr=0, ppl=1.81, wps=74965.2, ups=2.34, wpb=32037.2, bsz=128, num_updates=39000, lr=0.001, gnorm=0.162, clip=0, train_wall=212, wall=21174 (progress_bar.py:262, log())
[2021-03-23 06:45:37]    INFO >> epoch 014:   1033 / 2959 loss=0.867, accuracy=0, mrr=0, ppl=1.82, wps=74596.2, ups=2.33, wpb=32021.3, bsz=128, num_updates=39500, lr=0.001, gnorm=0.157, clip=0, train_wall=213, wall=21388 (progress_bar.py:262, log())
[2021-03-23 06:49:11]    INFO >> epoch 014:   1533 / 2959 loss=0.872, accuracy=0, mrr=0, ppl=1.83, wps=74484, ups=2.33, wpb=31959.6, bsz=128, num_updates=40000, lr=0.001, gnorm=0.162, clip=0, train_wall=213, wall=21603 (progress_bar.py:262, log())
[2021-03-23 06:52:46]    INFO >> epoch 014:   2033 / 2959 loss=0.881, accuracy=0, mrr=0, ppl=1.84, wps=74906.6, ups=2.33, wpb=32133.3, bsz=128, num_updates=40500, lr=0.001, gnorm=0.16, clip=0, train_wall=213, wall=21817 (progress_bar.py:262, log())
[2021-03-23 06:56:20]    INFO >> epoch 014:   2533 / 2959 loss=0.885, accuracy=0, mrr=0, ppl=1.85, wps=74856.1, ups=2.33, wpb=32087.5, bsz=128, num_updates=41000, lr=0.001, gnorm=0.161, clip=0, train_wall=212, wall=22032 (progress_bar.py:262, log())
[2021-03-23 06:59:23]    INFO >> epoch 014 | loss 0.873 | accuracy 0 | mrr 0 | ppl 1.83 | wps 58903.9 | ups 1.84 | wpb 32040.3 | bsz 128 | num_updates 41426 | lr 0.001 | gnorm 0.161 | clip 0 | train_wall 1257 | wall 22215 (progress_bar.py:269, print())
[2021-03-23 07:04:54]    INFO >> epoch 014 | valid on 'test' subset | loss 1.126 | accuracy 0.721662 | mrr 0.784073 | ppl 2.18 | wps 143037 | wpb 63950.6 | bsz 256 | num_updates 41426 | best_mrr 0.784073 (progress_bar.py:269, print())
[2021-03-23 07:04:57]    INFO >> saved checkpoint /home/wanyao/.ncc/py150/completion/data-mmap/trav_trans/checkpoints/checkpoint_best.pt (epoch 14 @ 41426 updates, score 0.784073) (writing took 3.159635 seconds) (checkpoint_utils.py:81, save_checkpoint())
[2021-03-23 07:05:36]    INFO >> epoch 015:     74 / 2959 loss=0.879, accuracy=0, mrr=0, ppl=1.84, wps=28810.1, ups=0.9, wpb=32033.8, bsz=128, num_updates=41500, lr=0.001, gnorm=0.164, clip=0, train_wall=213, wall=22588 (progress_bar.py:262, log())
[2021-03-23 07:09:10]    INFO >> epoch 015:    574 / 2959 loss=0.84, accuracy=0, mrr=0, ppl=1.79, wps=74927.6, ups=2.34, wpb=32046.7, bsz=128, num_updates=42000, lr=0.001, gnorm=0.163, clip=0, train_wall=212, wall=22801 (progress_bar.py:262, log())
[2021-03-23 07:12:44]    INFO >> epoch 015:   1074 / 2959 loss=0.852, accuracy=0, mrr=0, ppl=1.81, wps=74824.8, ups=2.33, wpb=32057.1, bsz=128, num_updates=42500, lr=0.001, gnorm=0.161, clip=0, train_wall=213, wall=23016 (progress_bar.py:262, log())
[2021-03-23 07:16:18]    INFO >> epoch 015:   1574 / 2959 loss=0.863, accuracy=0, mrr=0, ppl=1.82, wps=75043, ups=2.34, wpb=32101.1, bsz=128, num_updates=43000, lr=0.001, gnorm=0.161, clip=0, train_wall=212, wall=23230 (progress_bar.py:262, log())
[2021-03-23 07:19:53]    INFO >> epoch 015:   2074 / 2959 loss=0.87, accuracy=0, mrr=0, ppl=1.83, wps=74683.7, ups=2.33, wpb=32101, bsz=128, num_updates=43500, lr=0.001, gnorm=0.163, clip=0, train_wall=213, wall=23444 (progress_bar.py:262, log())
[2021-03-23 07:23:44]    INFO >> epoch 015:   2574 / 2959 loss=0.873, accuracy=0, mrr=0, ppl=1.83, wps=69254.1, ups=2.17, wpb=31965.6, bsz=128, num_updates=44000, lr=0.001, gnorm=0.161, clip=0, train_wall=229, wall=23675 (progress_bar.py:262, log())
[2021-03-23 07:26:28]    INFO >> epoch 015 | loss 0.861 | accuracy 0 | mrr 0 | ppl 1.82 | wps 58334.1 | ups 1.82 | wpb 32040.3 | bsz 128 | num_updates 44385 | lr 0.001 | gnorm 0.162 | clip 0 | train_wall 1274 | wall 23840 (progress_bar.py:269, print())
[2021-03-23 07:31:58]    INFO >> epoch 015 | valid on 'test' subset | loss 1.13 | accuracy 0.721894 | mrr 0.78413 | ppl 2.19 | wps 143343 | wpb 63950.6 | bsz 256 | num_updates 44385 | best_mrr 0.78413 (progress_bar.py:269, print())
[2021-03-23 07:32:02]    INFO >> saved checkpoint /home/wanyao/.ncc/py150/completion/data-mmap/trav_trans/checkpoints/checkpoint_best.pt (epoch 15 @ 44385 updates, score 0.78413) (writing took 3.416753 seconds) (checkpoint_utils.py:81, save_checkpoint())
[2021-03-23 07:32:58]    INFO >> epoch 016:    115 / 2959 loss=0.86, accuracy=0, mrr=0, ppl=1.81, wps=28782.2, ups=0.9, wpb=31929.1, bsz=128, num_updates=44500, lr=0.001, gnorm=0.164, clip=0, train_wall=212, wall=24230 (progress_bar.py:262, log())
[2021-03-23 07:36:32]    INFO >> epoch 016:    615 / 2959 loss=0.832, accuracy=0, mrr=0, ppl=1.78, wps=74821.5, ups=2.34, wpb=31993.2, bsz=128, num_updates=45000, lr=0.001, gnorm=0.167, clip=0, train_wall=212, wall=24444 (progress_bar.py:262, log())
[2021-03-23 07:40:06]    INFO >> epoch 016:   1115 / 2959 loss=0.844, accuracy=0, mrr=0, ppl=1.79, wps=74823.4, ups=2.33, wpb=32045.1, bsz=128, num_updates=45500, lr=0.001, gnorm=0.163, clip=0, train_wall=212, wall=24658 (progress_bar.py:262, log())
[2021-03-23 07:43:41]    INFO >> epoch 016:   1615 / 2959 loss=0.851, accuracy=0, mrr=0, ppl=1.8, wps=74627.1, ups=2.33, wpb=32001.7, bsz=128, num_updates=46000, lr=0.001, gnorm=0.164, clip=0, train_wall=213, wall=24872 (progress_bar.py:262, log())
[2021-03-23 07:47:15]    INFO >> epoch 016:   2115 / 2959 loss=0.857, accuracy=0, mrr=0, ppl=1.81, wps=74824.6, ups=2.33, wpb=32100.2, bsz=128, num_updates=46500, lr=0.001, gnorm=0.161, clip=0, train_wall=213, wall=25087 (progress_bar.py:262, log())
[2021-03-23 07:50:49]    INFO >> epoch 016:   2615 / 2959 loss=0.861, accuracy=0, mrr=0, ppl=1.82, wps=74777, ups=2.33, wpb=32024.7, bsz=128, num_updates=47000, lr=0.001, gnorm=0.163, clip=0, train_wall=212, wall=25301 (progress_bar.py:262, log())
[2021-03-23 07:53:17]    INFO >> epoch 016 | loss 0.85 | accuracy 0 | mrr 0 | ppl 1.8 | wps 58926.2 | ups 1.84 | wpb 32040.3 | bsz 128 | num_updates 47344 | lr 0.001 | gnorm 0.164 | clip 0 | train_wall 1257 | wall 25449 (progress_bar.py:269, print())
[2021-03-23 07:58:48]    INFO >> epoch 016 | valid on 'test' subset | loss 1.134 | accuracy 0.721883 | mrr 0.78409 | ppl 2.19 | wps 142882 | wpb 63950.6 | bsz 256 | num_updates 47344 | best_mrr 0.78413 (progress_bar.py:269, print())
[2021-03-23 07:58:50]    INFO >> saved checkpoint /home/wanyao/.ncc/py150/completion/data-mmap/trav_trans/checkpoints/checkpoint_last.pt (epoch 16 @ 47344 updates, score 0.78409) (writing took 1.786390 seconds) (checkpoint_utils.py:81, save_checkpoint())
[2021-03-23 08:00:04]    INFO >> epoch 017:    156 / 2959 loss=0.848, accuracy=0, mrr=0, ppl=1.8, wps=28885.3, ups=0.9, wpb=32046.3, bsz=128, num_updates=47500, lr=0.001, gnorm=0.166, clip=0, train_wall=213, wall=25856 (progress_bar.py:262, log())
[2021-03-23 08:03:38]    INFO >> epoch 017:    656 / 2959 loss=0.823, accuracy=0, mrr=0, ppl=1.77, wps=74727.3, ups=2.33, wpb=32025.3, bsz=128, num_updates=48000, lr=0.001, gnorm=0.167, clip=0, train_wall=213, wall=26070 (progress_bar.py:262, log())
[2021-03-23 08:07:13]    INFO >> epoch 017:   1156 / 2959 loss=0.833, accuracy=0, mrr=0, ppl=1.78, wps=74764.1, ups=2.33, wpb=32087.7, bsz=128, num_updates=48500, lr=0.001, gnorm=0.166, clip=0, train_wall=213, wall=26284 (progress_bar.py:262, log())
[2021-03-23 08:10:48]    INFO >> epoch 017:   1656 / 2959 loss=0.841, accuracy=0, mrr=0, ppl=1.79, wps=74583.1, ups=2.33, wpb=32028.3, bsz=128, num_updates=49000, lr=0.001, gnorm=0.167, clip=0, train_wall=213, wall=26499 (progress_bar.py:262, log())
[2021-03-23 08:14:22]    INFO >> epoch 017:   2156 / 2959 loss=0.85, accuracy=0, mrr=0, ppl=1.8, wps=74979.1, ups=2.33, wpb=32114.3, bsz=128, num_updates=49500, lr=0.001, gnorm=0.164, clip=0, train_wall=212, wall=26713 (progress_bar.py:262, log())
[2021-03-23 08:17:56]    INFO >> epoch 017:   2656 / 2959 loss=0.851, accuracy=0, mrr=0, ppl=1.8, wps=74822.6, ups=2.34, wpb=32021.2, bsz=128, num_updates=50000, lr=0.001, gnorm=0.165, clip=0, train_wall=212, wall=26927 (progress_bar.py:262, log())
[2021-03-23 08:20:06]    INFO >> epoch 017 | loss 0.839 | accuracy 0 | mrr 0 | ppl 1.79 | wps 58936.4 | ups 1.84 | wpb 32040.3 | bsz 128 | num_updates 50303 | lr 0.001 | gnorm 0.166 | clip 0 | train_wall 1257 | wall 27058 (progress_bar.py:269, print())
[2021-03-23 08:25:36]    INFO >> epoch 017 | valid on 'test' subset | loss 1.134 | accuracy 0.722522 | mrr 0.784503 | ppl 2.2 | wps 143131 | wpb 63950.6 | bsz 256 | num_updates 50303 | best_mrr 0.784503 (progress_bar.py:269, print())
[2021-03-23 08:25:39]    INFO >> saved checkpoint /home/wanyao/.ncc/py150/completion/data-mmap/trav_trans/checkpoints/checkpoint_best.pt (epoch 17 @ 50303 updates, score 0.784503) (writing took 3.094152 seconds) (checkpoint_utils.py:81, save_checkpoint())
[2021-03-23 08:27:11]    INFO >> epoch 018:    197 / 2959 loss=0.833, accuracy=0, mrr=0, ppl=1.78, wps=28764.7, ups=0.9, wpb=31965.5, bsz=128, num_updates=50500, lr=0.001, gnorm=0.167, clip=0, train_wall=213, wall=27483 (progress_bar.py:262, log())
[2021-03-23 08:30:47]    INFO >> epoch 018:    697 / 2959 loss=0.812, accuracy=0, mrr=0, ppl=1.76, wps=74211.9, ups=2.32, wpb=31988.6, bsz=128, num_updates=51000, lr=0.001, gnorm=0.176, clip=0, train_wall=214, wall=27698 (progress_bar.py:262, log())
[2021-03-23 08:34:22]    INFO >> epoch 018:   1197 / 2959 loss=0.825, accuracy=0, mrr=0, ppl=1.77, wps=74615.4, ups=2.33, wpb=32074.8, bsz=128, num_updates=51500, lr=0.001, gnorm=0.171, clip=0, train_wall=213, wall=27913 (progress_bar.py:262, log())
[2021-03-23 08:37:56]    INFO >> epoch 018:   1697 / 2959 loss=0.831, accuracy=0, mrr=0, ppl=1.78, wps=74847.6, ups=2.33, wpb=32106, bsz=128, num_updates=52000, lr=0.001, gnorm=0.174, clip=0, train_wall=213, wall=28128 (progress_bar.py:262, log())
[2021-03-23 08:41:32]    INFO >> epoch 018:   2197 / 2959 loss=0.837, accuracy=0, mrr=0, ppl=1.79, wps=74433.9, ups=2.32, wpb=32070, bsz=128, num_updates=52500, lr=0.001, gnorm=0.166, clip=0, train_wall=214, wall=28343 (progress_bar.py:262, log())
[2021-03-23 08:45:06]    INFO >> epoch 018:   2697 / 2959 loss=0.843, accuracy=0, mrr=0, ppl=1.79, wps=74770.2, ups=2.33, wpb=32021.6, bsz=128, num_updates=53000, lr=0.001, gnorm=0.166, clip=0, train_wall=213, wall=28557 (progress_bar.py:262, log())
[2021-03-23 08:46:58]    INFO >> epoch 018 | loss 0.829 | accuracy 0 | mrr 0 | ppl 1.78 | wps 58799.9 | ups 1.84 | wpb 32040.3 | bsz 128 | num_updates 53262 | lr 0.001 | gnorm 0.17 | clip 0 | train_wall 1263 | wall 28670 (progress_bar.py:269, print())
[2021-03-23 08:55:37]    INFO >> epoch 018 | valid on 'test' subset | loss 1.14 | accuracy 0.72202 | mrr 0.784006 | ppl 2.2 | wps 90416.7 | wpb 63950.6 | bsz 256 | num_updates 53262 | best_mrr 0.784503 (progress_bar.py:269, print())
[2021-03-23 08:55:38]    INFO >> saved checkpoint /home/wanyao/.ncc/py150/completion/data-mmap/trav_trans/checkpoints/checkpoint_last.pt (epoch 18 @ 53262 updates, score 0.784006) (writing took 1.905954 seconds) (checkpoint_utils.py:81, save_checkpoint())
[2021-03-23 08:58:36]    INFO >> epoch 019:    238 / 2959 loss=0.821, accuracy=0, mrr=0, ppl=1.77, wps=19775.2, ups=0.62, wpb=32047.2, bsz=128, num_updates=53500, lr=0.001, gnorm=0.166, clip=0, train_wall=281, wall=29368 (progress_bar.py:262, log())
[2021-03-23 09:04:33]    INFO >> epoch 019:    738 / 2959 loss=0.802, accuracy=0, mrr=0, ppl=1.74, wps=44882.2, ups=1.4, wpb=32019.1, bsz=128, num_updates=54000, lr=0.001, gnorm=0.171, clip=0, train_wall=355, wall=29724 (progress_bar.py:262, log())
[2021-03-23 09:10:28]    INFO >> epoch 019:   1238 / 2959 loss=0.816, accuracy=0, mrr=0, ppl=1.76, wps=45146.4, ups=1.41, wpb=32076, bsz=128, num_updates=54500, lr=0.001, gnorm=0.174, clip=0, train_wall=354, wall=30080 (progress_bar.py:262, log())
[2021-03-23 09:14:02]    INFO >> epoch 019:   1738 / 2959 loss=0.822, accuracy=0, mrr=0, ppl=1.77, wps=75177.8, ups=2.34, wpb=32090.6, bsz=128, num_updates=55000, lr=0.001, gnorm=0.173, clip=0, train_wall=212, wall=30293 (progress_bar.py:262, log())
[2021-03-23 09:19:22]    INFO >> epoch 019:   2238 / 2959 loss=0.828, accuracy=0, mrr=0, ppl=1.78, wps=49965, ups=1.56, wpb=32043.5, bsz=128, num_updates=55500, lr=0.001, gnorm=0.173, clip=0, train_wall=319, wall=30614 (progress_bar.py:262, log())
[2021-03-23 09:25:17]    INFO >> epoch 019:   2738 / 2959 loss=0.836, accuracy=0, mrr=0, ppl=1.79, wps=44956.6, ups=1.41, wpb=31945.8, bsz=128, num_updates=56000, lr=0.001, gnorm=0.173, clip=0, train_wall=354, wall=30969 (progress_bar.py:262, log())
[2021-03-23 09:27:08]    INFO >> epoch 019 | loss 0.82 | accuracy 0 | mrr 0 | ppl 1.77 | wps 39346.1 | ups 1.23 | wpb 32040.3 | bsz 128 | num_updates 56221 | lr 0.001 | gnorm 0.172 | clip 0 | train_wall 1872 | wall 31080 (progress_bar.py:269, print())
[2021-03-23 09:32:38]    INFO >> epoch 019 | valid on 'test' subset | loss 1.152 | accuracy 0.721729 | mrr 0.783795 | ppl 2.22 | wps 143231 | wpb 63950.6 | bsz 256 | num_updates 56221 | best_mrr 0.784503 (progress_bar.py:269, print())
[2021-03-23 09:32:40]    INFO >> saved checkpoint /home/wanyao/.ncc/py150/completion/data-mmap/trav_trans/checkpoints/checkpoint_last.pt (epoch 19 @ 56221 updates, score 0.783795) (writing took 1.921827 seconds) (checkpoint_utils.py:81, save_checkpoint())
[2021-03-23 09:34:53]    INFO >> epoch 020:    279 / 2959 loss=0.809, accuracy=0, mrr=0, ppl=1.75, wps=27873.5, ups=0.87, wpb=32097.4, bsz=128, num_updates=56500, lr=0.001, gnorm=0.175, clip=0, train_wall=234, wall=31545 (progress_bar.py:262, log())
[2021-03-23 09:38:28]    INFO >> epoch 020:    779 / 2959 loss=0.799, accuracy=0, mrr=0, ppl=1.74, wps=74497.3, ups=2.33, wpb=32038.9, bsz=128, num_updates=57000, lr=0.001, gnorm=0.17, clip=0, train_wall=214, wall=31760 (progress_bar.py:262, log())
[2021-03-23 09:42:02]    INFO >> epoch 020:   1279 / 2959 loss=0.806, accuracy=0, mrr=0, ppl=1.75, wps=74776.9, ups=2.34, wpb=31964.1, bsz=128, num_updates=57500, lr=0.001, gnorm=0.177, clip=0, train_wall=212, wall=31974 (progress_bar.py:262, log())
[2021-03-23 09:45:35]    INFO >> epoch 020:   1779 / 2959 loss=0.813, accuracy=0, mrr=0, ppl=1.76, wps=75024.3, ups=2.34, wpb=32025.8, bsz=128, num_updates=58000, lr=0.001, gnorm=0.176, clip=0, train_wall=212, wall=32187 (progress_bar.py:262, log())
[2021-03-23 09:49:09]    INFO >> epoch 020:   2279 / 2959 loss=0.823, accuracy=0, mrr=0, ppl=1.77, wps=74948, ups=2.34, wpb=32030.4, bsz=128, num_updates=58500, lr=0.001, gnorm=0.182, clip=0, train_wall=212, wall=32401 (progress_bar.py:262, log())
[2021-03-23 09:52:43]    INFO >> epoch 020:   2779 / 2959 loss=0.825, accuracy=0, mrr=0, ppl=1.77, wps=75112.7, ups=2.34, wpb=32085.2, bsz=128, num_updates=59000, lr=0.001, gnorm=0.17, clip=0, train_wall=212, wall=32614 (progress_bar.py:262, log())
[2021-03-23 09:54:00]    INFO >> epoch 020 | loss 0.812 | accuracy 0 | mrr 0 | ppl 1.76 | wps 58805 | ups 1.84 | wpb 32040.3 | bsz 128 | num_updates 59180 | lr 0.001 | gnorm 0.175 | clip 0 | train_wall 1264 | wall 32692 (progress_bar.py:269, print())
[2021-03-23 09:59:30]    INFO >> epoch 020 | valid on 'test' subset | loss 1.147 | accuracy 0.722337 | mrr 0.78418 | ppl 2.21 | wps 143338 | wpb 63950.6 | bsz 256 | num_updates 59180 | best_mrr 0.784503 (progress_bar.py:269, print())
[2021-03-23 09:59:32]    INFO >> saved checkpoint /home/wanyao/.ncc/py150/completion/data-mmap/trav_trans/checkpoints/checkpoint_last.pt (epoch 20 @ 59180 updates, score 0.78418) (writing took 1.895356 seconds) (checkpoint_utils.py:81, save_checkpoint())
[2021-03-23 10:01:56]    INFO >> epoch 021:    320 / 2959 loss=0.797, accuracy=0, mrr=0, ppl=1.74, wps=28972.3, ups=0.9, wpb=32038.1, bsz=128, num_updates=59500, lr=0.001, gnorm=0.177, clip=0, train_wall=212, wall=33167 (progress_bar.py:262, log())
[2021-03-23 10:05:28]    INFO >> epoch 021:    820 / 2959 loss=0.786, accuracy=0, mrr=0, ppl=1.72, wps=75321.5, ups=2.35, wpb=32008.1, bsz=128, num_updates=60000, lr=0.001, gnorm=0.18, clip=0, train_wall=211, wall=33380 (progress_bar.py:262, log())
[2021-03-23 10:09:02]    INFO >> epoch 021:   1320 / 2959 loss=0.799, accuracy=0, mrr=0, ppl=1.74, wps=75073, ups=2.34, wpb=32077.8, bsz=128, num_updates=60500, lr=0.001, gnorm=0.178, clip=0, train_wall=212, wall=33593 (progress_bar.py:262, log())
[2021-03-23 10:12:35]    INFO >> epoch 021:   1820 / 2959 loss=0.808, accuracy=0, mrr=0, ppl=1.75, wps=75274.8, ups=2.35, wpb=32071.3, bsz=128, num_updates=61000, lr=0.001, gnorm=0.175, clip=0, train_wall=212, wall=33806 (progress_bar.py:262, log())
[2021-03-23 10:16:08]    INFO >> epoch 021:   2320 / 2959 loss=0.814, accuracy=0, mrr=0, ppl=1.76, wps=75224.5, ups=2.35, wpb=32029.3, bsz=128, num_updates=61500, lr=0.001, gnorm=0.18, clip=0, train_wall=212, wall=34019 (progress_bar.py:262, log())
[2021-03-23 10:19:41]    INFO >> epoch 021:   2820 / 2959 loss=0.82, accuracy=0, mrr=0, ppl=1.76, wps=75325.7, ups=2.35, wpb=32065, bsz=128, num_updates=62000, lr=0.001, gnorm=0.176, clip=0, train_wall=211, wall=34232 (progress_bar.py:262, log())
[2021-03-23 10:20:40]    INFO >> epoch 021 | loss 0.803 | accuracy 0 | mrr 0 | ppl 1.74 | wps 59259.5 | ups 1.85 | wpb 32040.3 | bsz 128 | num_updates 62139 | lr 0.001 | gnorm 0.178 | clip 0 | train_wall 1252 | wall 34292 (progress_bar.py:269, print())
[2021-03-23 10:26:10]    INFO >> epoch 021 | valid on 'test' subset | loss 1.158 | accuracy 0.721416 | mrr 0.783455 | ppl 2.23 | wps 143250 | wpb 63950.6 | bsz 256 | num_updates 62139 | best_mrr 0.784503 (progress_bar.py:269, print())
[2021-03-23 10:26:12]    INFO >> saved checkpoint /home/wanyao/.ncc/py150/completion/data-mmap/trav_trans/checkpoints/checkpoint_last.pt (epoch 21 @ 62139 updates, score 0.783455) (writing took 2.210158 seconds) (checkpoint_utils.py:81, save_checkpoint())
[2021-03-23 10:28:53]    INFO >> epoch 022:    361 / 2959 loss=0.782, accuracy=0, mrr=0, ppl=1.72, wps=28999.1, ups=0.91, wpb=32042.8, bsz=128, num_updates=62500, lr=0.001, gnorm=0.175, clip=0, train_wall=211, wall=34785 (progress_bar.py:262, log())
[2021-03-23 10:32:26]    INFO >> epoch 022:    861 / 2959 loss=0.78, accuracy=0, mrr=0, ppl=1.72, wps=75067.6, ups=2.34, wpb=32047.5, bsz=128, num_updates=63000, lr=0.001, gnorm=0.18, clip=0, train_wall=212, wall=34998 (progress_bar.py:262, log())
[2021-03-23 10:36:00]    INFO >> epoch 022:   1361 / 2959 loss=0.794, accuracy=0, mrr=0, ppl=1.73, wps=75239.6, ups=2.35, wpb=32059.4, bsz=128, num_updates=63500, lr=0.001, gnorm=0.182, clip=0, train_wall=212, wall=35211 (progress_bar.py:262, log())
[2021-03-23 10:39:33]    INFO >> epoch 022:   1861 / 2959 loss=0.8, accuracy=0, mrr=0, ppl=1.74, wps=75172.2, ups=2.34, wpb=32091.6, bsz=128, num_updates=64000, lr=0.001, gnorm=0.179, clip=0, train_wall=212, wall=35425 (progress_bar.py:262, log())
[2021-03-23 10:43:06]    INFO >> epoch 022:   2361 / 2959 loss=0.807, accuracy=0, mrr=0, ppl=1.75, wps=75104.4, ups=2.34, wpb=32048.2, bsz=128, num_updates=64500, lr=0.001, gnorm=0.179, clip=0, train_wall=212, wall=35638 (progress_bar.py:262, log())
[2021-03-23 10:46:40]    INFO >> epoch 022:   2861 / 2959 loss=0.811, accuracy=0, mrr=0, ppl=1.75, wps=74676.5, ups=2.34, wpb=31949, bsz=128, num_updates=65000, lr=0.001, gnorm=0.183, clip=0, train_wall=213, wall=35852 (progress_bar.py:262, log())
[2021-03-23 10:47:23]    INFO >> epoch 022 | loss 0.795 | accuracy 0 | mrr 0 | ppl 1.74 | wps 59162.6 | ups 1.85 | wpb 32040.3 | bsz 128 | num_updates 65098 | lr 0.001 | gnorm 0.18 | clip 0 | train_wall 1254 | wall 35894 (progress_bar.py:269, print())
[2021-03-23 10:52:53]    INFO >> epoch 022 | valid on 'test' subset | loss 1.158 | accuracy 0.721853 | mrr 0.783727 | ppl 2.23 | wps 143145 | wpb 63950.6 | bsz 256 | num_updates 65098 | best_mrr 0.784503 (progress_bar.py:269, print())
[2021-03-23 10:52:54]    INFO >> saved checkpoint /home/wanyao/.ncc/py150/completion/data-mmap/trav_trans/checkpoints/checkpoint_last.pt (epoch 22 @ 65098 updates, score 0.783727) (writing took 1.797626 seconds) (checkpoint_utils.py:81, save_checkpoint())
[2021-03-23 10:52:54]    INFO >> early stop since valid performance hasn't improved for last 5 runs (train.py:185, should_stop_early())
[2021-03-23 10:52:54]    INFO >> early stop since valid performance hasn't improved for last 5 runs (train.py:271, single_main())
[2021-03-23 10:52:54]    INFO >> done training in 36223.8 seconds (train.py:282, single_main())
