nohup: 忽略输入
[2021-04-20 03:59:08]    INFO >> Load arguments in /home/yanghe/Documents/naturalcc-dev/run/retrieval/conv1d/config/csn_feng/all.yml (train.py:302, cli_main())
[2021-04-20 03:59:08]    INFO >> {'criterion': 'retrieval_softmax', 'optimizer': 'torch_adam', 'lr_scheduler': 'fixed', 'tokenizer': None, 'bpe': None, 'common': {'no_progress_bar': 0, 'log_interval': 500, 'log_format': 'simple', 'tensorboard_logdir': '', 'seed': 0, 'cpu': 0, 'fp16': 0, 'memory_efficient_fp16': 0, 'fp16_no_flatten_grads': 0, 'fp16_init_scale': 128, 'fp16_scale_window': None, 'fp16_scale_tolerance': 0.0, 'min_loss_scale': 0.0001, 'threshold_loss_scale': None, 'user_dir': None, 'empty_cache_freq': 0, 'all_gather_list_size': 16384, 'task': 'hybrid_retrieval'}, 'dataset': {'num_workers': 1, 'skip_invalid_size_inputs_valid_test': 0, 'max_tokens': None, 'max_sentences': 1000, 'code_max_tokens': 200, 'query_max_tokens': 30, 'required_batch_size_multiple': 8, 'dataset_impl': 'mmap', 'train_subset': 'train', 'valid_subset': 'valid', 'validate_interval': 1, 'fixed_validation_seed': None, 'disable_validation': None, 'max_tokens_valid': None, 'max_sentences_valid': 1000, 'curriculum': 0, 'gen_subset': 'test', 'num_shards': 1, 'shard_id': 0, 'joined_dictionary': 0, 'langs': ['go', 'java', 'javascript', 'ruby', 'python', 'php']}, 'distributed_training': {'distributed_world_size': 1, 'distributed_rank': 0, 'distributed_backend': 'nccl', 'distributed_init_method': None, 'distributed_port': -1, 'device_id': 0, 'distributed_no_spawn': 0, 'ddp_backend': 'c10d', 'bucket_cap_mb': 25, 'fix_batches_to_gpus': None, 'find_unused_parameters': 0, 'fast_stat_sync': 0, 'broadcast_buffers': 0, 'global_sync_iter': 50, 'warmup_iterations': 500, 'local_rank': -1, 'block_momentum': 0.875, 'block_lr': 1, 'use_nbm': 0, 'average_sync': 0}, 'task': {'data': '/data/yanghe/ncc_data/codexglue/code_to_text/retrieval/data-mmap/all', 'sample_break_mode': 'complete', 'tokens_per_sample': 512, 'mask_prob': 0.15, 'leave_unmasked_prob': 0.1, 'random_token_prob': 0.1, 'freq_weighted_replacement': 0, 'mask_whole_words': 0, 'pooler_activation_fn': 'tanh', 'source_lang': 'code_tokens', 'target_lang': 'docstring_tokens', 'source_aux_lang': 'code_tokens.wo_func', 'target_aux_lang': 'func_name', 'fraction_using_func_name': 0.3, 'load_alignments': 0, 'left_pad_source': 1, 'left_pad_target': 0, 'upsample_primary': 1, 'truncate_source': 0, 'eval_mrr': 1}, 'model': {'arch': 'conv1d_res', 'code_embed_dim': 128, 'code_kernel_size': [16, 16, 16], 'code_residual': True, 'code_layers': [128, 128, 128], 'code_pooling': 'weighted_mean', 'code_activation_fn': 'tanh', 'code_position_encoding': 'learned', 'code_paddding': 'same', 'code_dropout': 0.1, 'query_embed_dim': 128, 'query_kernel_size': [16, 16, 16], 'query_residual': True, 'query_layers': [128, 128, 128], 'query_pooling': 'weighted_mean', 'query_activation_fn': 'tanh', 'query_position_encoding': 'learned', 'query_paddding': 'same', 'query_dropout': 0.1}, 'optimization': {'max_epoch': 300, 'max_update': 0, 'clip_norm': 1, 'sentence_avg': 0, 'update_freq': [1], 'lrs': [0.0005], 'min_lr': -1, 'use_bmuf': 0, 'lr_shrink': 1.0, 'force_anneal': 0, 'warmup_updates': 0, 'end_learning_rate': 0.0, 'power': 1.0, 'total_num_update': 1000000, 'adam': {'adam_betas': '(0.9, 0.999)', 'adam_eps': 1e-08, 'weight_decay': 0, 'use_old_adam': 1}, 'margin': 1, 'clip_norm_version': 'tf_clip_by_global_norm'}, 'checkpoint': {'save_dir': '/data/yanghe/ncc_data/codexglue/code_to_text/retrieval/data-mmap/all/conv1d_res/checkpoints', 'restore_file': 'checkpoint_last.pt', 'reset_dataloader': None, 'reset_lr_scheduler': None, 'reset_meters': None, 'reset_optimizer': None, 'optimizer_overrides': '{}', 'save_interval': 1, 'save_interval_updates': 0, 'keep_interval_updates': 0, 'keep_last_epochs': -1, 'keep_best_checkpoints': -1, 'no_save': 0, 'no_epoch_checkpoints': 1, 'no_last_checkpoints': 0, 'no_save_optimizer_state': None, 'best_checkpoint_metric': 'mrr', 'maximize_best_checkpoint_metric': 1, 'patience': 10}, 'eval': {'path': '/data/yanghe/ncc_data/codexglue/code_to_text/retrieval/data-mmap/all/conv1d_res/checkpoints/checkpoint_best.pt', 'quiet': 1, 'max_sentences': 1000, 'model_overrides': '{}', 'eval_size': 1000}} (train.py:304, cli_main())
[2021-04-20 03:59:08]    INFO >> single GPU training... (train.py:333, cli_main())
[2021-04-20 03:59:08]    INFO >> loaded 44689 examples from: ['/data/yanghe/ncc_data/codexglue/code_to_text/retrieval/data-mmap/all/valid.go.code_tokens', '/data/yanghe/ncc_data/codexglue/code_to_text/retrieval/data-mmap/all/valid.java.code_tokens', '/data/yanghe/ncc_data/codexglue/code_to_text/retrieval/data-mmap/all/valid.javascript.code_tokens', '/data/yanghe/ncc_data/codexglue/code_to_text/retrieval/data-mmap/all/valid.ruby.code_tokens', '/data/yanghe/ncc_data/codexglue/code_to_text/retrieval/data-mmap/all/valid.python.code_tokens', '/data/yanghe/ncc_data/codexglue/code_to_text/retrieval/data-mmap/all/valid.php.code_tokens'] (hybrid_retrieval.py:54, load_tokens_dataset())
[2021-04-20 03:59:08]    INFO >> loaded 44689 examples from: ['/data/yanghe/ncc_data/codexglue/code_to_text/retrieval/data-mmap/all/valid.go.docstring_tokens', '/data/yanghe/ncc_data/codexglue/code_to_text/retrieval/data-mmap/all/valid.java.docstring_tokens', '/data/yanghe/ncc_data/codexglue/code_to_text/retrieval/data-mmap/all/valid.javascript.docstring_tokens', '/data/yanghe/ncc_data/codexglue/code_to_text/retrieval/data-mmap/all/valid.ruby.docstring_tokens', '/data/yanghe/ncc_data/codexglue/code_to_text/retrieval/data-mmap/all/valid.python.docstring_tokens', '/data/yanghe/ncc_data/codexglue/code_to_text/retrieval/data-mmap/all/valid.php.docstring_tokens'] (hybrid_retrieval.py:55, load_tokens_dataset())
[2021-04-20 03:59:09]    INFO >> Conv1dRes(
  (src_encoders): ModuleDict(
    (go): Conv1dResEncoder(
      (embed): Embedding(10000, 128)
      (weight_layer): Linear(in_features=128, out_features=1, bias=False)
      (conv_layers): ModuleList(
        (0): Conv2d(1, 128, kernel_size=(16, 128), stride=(1, 1))
        (1): Conv2d(1, 128, kernel_size=(16, 128), stride=(1, 1))
        (2): Conv2d(1, 128, kernel_size=(16, 128), stride=(1, 1))
      )
    )
    (java): Conv1dResEncoder(
      (embed): Embedding(10000, 128)
      (weight_layer): Linear(in_features=128, out_features=1, bias=False)
      (conv_layers): ModuleList(
        (0): Conv2d(1, 128, kernel_size=(16, 128), stride=(1, 1))
        (1): Conv2d(1, 128, kernel_size=(16, 128), stride=(1, 1))
        (2): Conv2d(1, 128, kernel_size=(16, 128), stride=(1, 1))
      )
    )
    (javascript): Conv1dResEncoder(
      (embed): Embedding(10000, 128)
      (weight_layer): Linear(in_features=128, out_features=1, bias=False)
      (conv_layers): ModuleList(
        (0): Conv2d(1, 128, kernel_size=(16, 128), stride=(1, 1))
        (1): Conv2d(1, 128, kernel_size=(16, 128), stride=(1, 1))
        (2): Conv2d(1, 128, kernel_size=(16, 128), stride=(1, 1))
      )
    )
    (ruby): Conv1dResEncoder(
      (embed): Embedding(10000, 128)
      (weight_layer): Linear(in_features=128, out_features=1, bias=False)
      (conv_layers): ModuleList(
        (0): Conv2d(1, 128, kernel_size=(16, 128), stride=(1, 1))
        (1): Conv2d(1, 128, kernel_size=(16, 128), stride=(1, 1))
        (2): Conv2d(1, 128, kernel_size=(16, 128), stride=(1, 1))
      )
    )
    (python): Conv1dResEncoder(
      (embed): Embedding(10000, 128)
      (weight_layer): Linear(in_features=128, out_features=1, bias=False)
      (conv_layers): ModuleList(
        (0): Conv2d(1, 128, kernel_size=(16, 128), stride=(1, 1))
        (1): Conv2d(1, 128, kernel_size=(16, 128), stride=(1, 1))
        (2): Conv2d(1, 128, kernel_size=(16, 128), stride=(1, 1))
      )
    )
    (php): Conv1dResEncoder(
      (embed): Embedding(10000, 128)
      (weight_layer): Linear(in_features=128, out_features=1, bias=False)
      (conv_layers): ModuleList(
        (0): Conv2d(1, 128, kernel_size=(16, 128), stride=(1, 1))
        (1): Conv2d(1, 128, kernel_size=(16, 128), stride=(1, 1))
        (2): Conv2d(1, 128, kernel_size=(16, 128), stride=(1, 1))
      )
    )
  )
  (tgt_encoders): Conv1dResEncoder(
    (embed): Embedding(10000, 128)
    (weight_layer): Linear(in_features=128, out_features=1, bias=False)
    (conv_layers): ModuleList(
      (0): Conv2d(1, 128, kernel_size=(16, 128), stride=(1, 1))
      (1): Conv2d(1, 128, kernel_size=(16, 128), stride=(1, 1))
      (2): Conv2d(1, 128, kernel_size=(16, 128), stride=(1, 1))
    )
  )
) (train.py:223, single_main())
[2021-04-20 03:59:09]    INFO >> model conv1d_res, criterion SearchSoftmaxCriterion (train.py:224, single_main())
[2021-04-20 03:59:09]    INFO >> num. model params: 14626048 (num. trained: 14626048) (train.py:227, single_main())
[2021-04-20 03:59:21]    INFO >> training on 1 GPUs (train.py:233, single_main())
[2021-04-20 03:59:21]    INFO >> max tokens per GPU = None and max sentences per GPU = 1000 (train.py:236, single_main())
[2021-04-20 03:59:21]    INFO >> no existing checkpoint found /data/yanghe/ncc_data/codexglue/code_to_text/retrieval/data-mmap/all/conv1d_res/checkpoints/checkpoint_last.pt (ncc_trainers.py:270, load_checkpoint())
[2021-04-20 03:59:21]    INFO >> loading train data for epoch 1 (ncc_trainers.py:285, get_train_iterator())
[2021-04-20 03:59:25]    INFO >> loaded 908224 examples from: ['/data/yanghe/ncc_data/codexglue/code_to_text/retrieval/data-mmap/all/train.go.code_tokens', '/data/yanghe/ncc_data/codexglue/code_to_text/retrieval/data-mmap/all/train.java.code_tokens', '/data/yanghe/ncc_data/codexglue/code_to_text/retrieval/data-mmap/all/train.javascript.code_tokens', '/data/yanghe/ncc_data/codexglue/code_to_text/retrieval/data-mmap/all/train.ruby.code_tokens', '/data/yanghe/ncc_data/codexglue/code_to_text/retrieval/data-mmap/all/train.python.code_tokens', '/data/yanghe/ncc_data/codexglue/code_to_text/retrieval/data-mmap/all/train.php.code_tokens'] (hybrid_retrieval.py:54, load_tokens_dataset())
[2021-04-20 03:59:25]    INFO >> loaded 908224 examples from: ['/data/yanghe/ncc_data/codexglue/code_to_text/retrieval/data-mmap/all/train.go.docstring_tokens', '/data/yanghe/ncc_data/codexglue/code_to_text/retrieval/data-mmap/all/train.java.docstring_tokens', '/data/yanghe/ncc_data/codexglue/code_to_text/retrieval/data-mmap/all/train.javascript.docstring_tokens', '/data/yanghe/ncc_data/codexglue/code_to_text/retrieval/data-mmap/all/train.ruby.docstring_tokens', '/data/yanghe/ncc_data/codexglue/code_to_text/retrieval/data-mmap/all/train.python.docstring_tokens', '/data/yanghe/ncc_data/codexglue/code_to_text/retrieval/data-mmap/all/train.php.docstring_tokens'] (hybrid_retrieval.py:55, load_tokens_dataset())
[2021-04-20 03:59:26]    INFO >> loaded 908224 examples from: ['/data/yanghe/ncc_data/codexglue/code_to_text/retrieval/data-mmap/all/train.go.code_tokens.wo_func', '/data/yanghe/ncc_data/codexglue/code_to_text/retrieval/data-mmap/all/train.java.code_tokens.wo_func', '/data/yanghe/ncc_data/codexglue/code_to_text/retrieval/data-mmap/all/train.javascript.code_tokens.wo_func', '/data/yanghe/ncc_data/codexglue/code_to_text/retrieval/data-mmap/all/train.ruby.code_tokens.wo_func', '/data/yanghe/ncc_data/codexglue/code_to_text/retrieval/data-mmap/all/train.python.code_tokens.wo_func', '/data/yanghe/ncc_data/codexglue/code_to_text/retrieval/data-mmap/all/train.php.code_tokens.wo_func'] (hybrid_retrieval.py:67, load_tokens_dataset())
[2021-04-20 03:59:26]    INFO >> loaded 908224 examples from: ['/data/yanghe/ncc_data/codexglue/code_to_text/retrieval/data-mmap/all/train.go.func_name', '/data/yanghe/ncc_data/codexglue/code_to_text/retrieval/data-mmap/all/train.java.func_name', '/data/yanghe/ncc_data/codexglue/code_to_text/retrieval/data-mmap/all/train.javascript.func_name', '/data/yanghe/ncc_data/codexglue/code_to_text/retrieval/data-mmap/all/train.ruby.func_name', '/data/yanghe/ncc_data/codexglue/code_to_text/retrieval/data-mmap/all/train.python.func_name', '/data/yanghe/ncc_data/codexglue/code_to_text/retrieval/data-mmap/all/train.php.func_name'] (hybrid_retrieval.py:81, load_tokens_dataset())
[2021-04-20 03:59:27]    INFO >> NOTE: your device may support faster training with fp16 (ncc_trainers.py:155, _setup_optimizer())
[2021-04-20 04:02:05]    INFO >> epoch 001:    500 / 909 loss=5.64, mrr=95.2328, sample_size=1000, wps=3383, ups=3.38, wpb=1000, bsz=1000, num_updates=500, lr=0.0005, gnorm=1.901, clip=87, train_wall=149, wall=164 (progress_bar.py:262, log())
[2021-04-20 04:04:07]    INFO >> epoch 001 | loss 4.923 | mrr 0.188424 | sample_size 1000 | wps 3368.7 | ups 3.37 | wpb 1000 | bsz 1000 | num_updates 908 | lr 0.0005 | gnorm 2.19 | clip 92.8 | train_wall 267 | wall 285 (progress_bar.py:269, print())
[2021-04-20 04:04:15]    INFO >> epoch 001 | valid on 'valid' subset | loss 4.554 | mrr 0.240635 | sample_size 1000 | wps 9706 | wpb 1000 | bsz 1000 | num_updates 908 (progress_bar.py:269, print())
[2021-04-20 04:04:16]    INFO >> saved checkpoint /data/yanghe/ncc_data/codexglue/code_to_text/retrieval/data-mmap/all/conv1d_res/checkpoints/checkpoint_best.pt (epoch 1 @ 908 updates, score 0.240635) (writing took 1.314897 seconds) (checkpoint_utils.py:81, save_checkpoint())
[2021-04-20 04:04:46]    INFO >> epoch 002:     92 / 909 loss=3.939, mrr=320.115, sample_size=1000, wps=3098, ups=3.1, wpb=1000, bsz=1000, num_updates=1000, lr=0.0005, gnorm=2.565, clip=100, train_wall=144, wall=325 (progress_bar.py:262, log())
[2021-04-20 04:07:15]    INFO >> epoch 002:    593 / 909 loss=3.13, mrr=459.479, sample_size=1000, wps=3359.9, ups=3.36, wpb=1000, bsz=1000, num_updates=1500, lr=0.0005, gnorm=2.591, clip=100, train_wall=144, wall=474 (progress_bar.py:262, log())
[2021-04-20 04:08:50]    INFO >> epoch 002 | loss 3.038 | mrr 0.47614 | sample_size 1000 | wps 3210.3 | ups 3.21 | wpb 1000 | bsz 1000 | num_updates 1816 | lr 0.0005 | gnorm 2.555 | clip 100 | train_wall 262 | wall 568 (progress_bar.py:269, print())
[2021-04-20 04:08:58]    INFO >> epoch 002 | valid on 'valid' subset | loss 3.654 | mrr 0.385946 | sample_size 1000 | wps 9583.1 | wpb 1000 | bsz 1000 | num_updates 1816 | best_mrr 385.946 (progress_bar.py:269, print())
[2021-04-20 04:08:59]    INFO >> saved checkpoint /data/yanghe/ncc_data/codexglue/code_to_text/retrieval/data-mmap/all/conv1d_res/checkpoints/checkpoint_best.pt (epoch 2 @ 1816 updates, score 0.385946) (writing took 1.359360 seconds) (checkpoint_utils.py:81, save_checkpoint())
[2021-04-20 04:09:56]    INFO >> epoch 003:    184 / 909 loss=2.662, mrr=542.125, sample_size=1000, wps=3101, ups=3.1, wpb=1000, bsz=1000, num_updates=2000, lr=0.0005, gnorm=2.482, clip=100, train_wall=144, wall=635 (progress_bar.py:262, log())
[2021-04-20 04:12:25]    INFO >> epoch 003:    685 / 909 loss=2.355, mrr=594.977, sample_size=1000, wps=3363.9, ups=3.36, wpb=1000, bsz=1000, num_updates=2500, lr=0.0005, gnorm=2.475, clip=100, train_wall=144, wall=784 (progress_bar.py:262, log())
[2021-04-20 04:13:32]    INFO >> epoch 003 | loss 2.351 | mrr 0.595182 | sample_size 1000 | wps 3213.5 | ups 3.21 | wpb 1000 | bsz 1000 | num_updates 2724 | lr 0.0005 | gnorm 2.455 | clip 100 | train_wall 262 | wall 851 (progress_bar.py:269, print())
[2021-04-20 04:13:40]    INFO >> epoch 003 | valid on 'valid' subset | loss 3.236 | mrr 0.450254 | sample_size 1000 | wps 9668.8 | wpb 1000 | bsz 1000 | num_updates 2724 | best_mrr 450.254 (progress_bar.py:269, print())
[2021-04-20 04:13:41]    INFO >> saved checkpoint /data/yanghe/ncc_data/codexglue/code_to_text/retrieval/data-mmap/all/conv1d_res/checkpoints/checkpoint_best.pt (epoch 3 @ 2724 updates, score 0.450254) (writing took 1.364141 seconds) (checkpoint_utils.py:81, save_checkpoint())
[2021-04-20 04:15:06]    INFO >> epoch 004:    276 / 909 loss=2.129, mrr=633.097, sample_size=1000, wps=3105.5, ups=3.11, wpb=1000, bsz=1000, num_updates=3000, lr=0.0005, gnorm=2.399, clip=100, train_wall=144, wall=945 (progress_bar.py:262, log())
[2021-04-20 04:17:35]    INFO >> epoch 004:    777 / 909 loss=1.981, mrr=658.187, sample_size=1000, wps=3361.1, ups=3.36, wpb=1000, bsz=1000, num_updates=3500, lr=0.0005, gnorm=2.363, clip=100, train_wall=144, wall=1094 (progress_bar.py:262, log())
[2021-04-20 04:18:15]    INFO >> epoch 004 | loss 1.995 | mrr 0.656097 | sample_size 1000 | wps 3214.7 | ups 3.21 | wpb 1000 | bsz 1000 | num_updates 3632 | lr 0.0005 | gnorm 2.374 | clip 100 | train_wall 262 | wall 1133 (progress_bar.py:269, print())
[2021-04-20 04:18:22]    INFO >> epoch 004 | valid on 'valid' subset | loss 2.996 | mrr 0.493647 | sample_size 1000 | wps 9660.9 | wpb 1000 | bsz 1000 | num_updates 3632 | best_mrr 493.647 (progress_bar.py:269, print())
[2021-04-20 04:18:23]    INFO >> saved checkpoint /data/yanghe/ncc_data/codexglue/code_to_text/retrieval/data-mmap/all/conv1d_res/checkpoints/checkpoint_best.pt (epoch 4 @ 3632 updates, score 0.493647) (writing took 1.214511 seconds) (checkpoint_utils.py:81, save_checkpoint())
[2021-04-20 04:20:15]    INFO >> epoch 005:    369 / 909 loss=1.818, mrr=686.421, sample_size=1000, wps=3116, ups=3.12, wpb=1000, bsz=1000, num_updates=4000, lr=0.0005, gnorm=2.36, clip=100, train_wall=144, wall=1254 (progress_bar.py:262, log())
[2021-04-20 04:22:44]    INFO >> epoch 005:    869 / 909 loss=1.743, mrr=699.36, sample_size=1000, wps=3351.3, ups=3.35, wpb=1000, bsz=1000, num_updates=4500, lr=0.0005, gnorm=2.306, clip=100, train_wall=144, wall=1403 (progress_bar.py:262, log())
[2021-04-20 04:22:57]    INFO >> epoch 005 | loss 1.755 | mrr 0.697237 | sample_size 1000 | wps 3219.2 | ups 3.22 | wpb 1000 | bsz 1000 | num_updates 4540 | lr 0.0005 | gnorm 2.33 | clip 100 | train_wall 262 | wall 1415 (progress_bar.py:269, print())
[2021-04-20 04:23:04]    INFO >> epoch 005 | valid on 'valid' subset | loss 2.837 | mrr 0.519214 | sample_size 1000 | wps 9718.8 | wpb 1000 | bsz 1000 | num_updates 4540 | best_mrr 519.214 (progress_bar.py:269, print())
[2021-04-20 04:23:05]    INFO >> saved checkpoint /data/yanghe/ncc_data/codexglue/code_to_text/retrieval/data-mmap/all/conv1d_res/checkpoints/checkpoint_best.pt (epoch 5 @ 4540 updates, score 0.519214) (writing took 1.159275 seconds) (checkpoint_utils.py:81, save_checkpoint())
[2021-04-20 04:25:25]    INFO >> epoch 006:    460 / 909 loss=1.595, mrr=724.38, sample_size=1000, wps=3114.2, ups=3.11, wpb=1000, bsz=1000, num_updates=5000, lr=0.0005, gnorm=2.26, clip=100, train_wall=144, wall=1564 (progress_bar.py:262, log())
[2021-04-20 04:27:42]    INFO >> epoch 006 | loss 1.586 | mrr 0.725812 | sample_size 1000 | wps 3183.7 | ups 3.18 | wpb 1000 | bsz 1000 | num_updates 5448 | lr 0.0005 | gnorm 2.253 | clip 100 | train_wall 265 | wall 1701 (progress_bar.py:269, print())
[2021-04-20 04:27:51]    INFO >> epoch 006 | valid on 'valid' subset | loss 2.733 | mrr 0.535633 | sample_size 1000 | wps 5925.6 | wpb 1000 | bsz 1000 | num_updates 5448 | best_mrr 535.633 (progress_bar.py:269, print())
[2021-04-20 04:27:53]    INFO >> saved checkpoint /data/yanghe/ncc_data/codexglue/code_to_text/retrieval/data-mmap/all/conv1d_res/checkpoints/checkpoint_best.pt (epoch 6 @ 5448 updates, score 0.535633) (writing took 1.662009 seconds) (checkpoint_utils.py:81, save_checkpoint())
[2021-04-20 04:28:27]    INFO >> epoch 007:     53 / 909 loss=1.568, mrr=728.785, sample_size=1000, wps=2752.1, ups=2.75, wpb=1000, bsz=1000, num_updates=5500, lr=0.0005, gnorm=2.243, clip=100, train_wall=163, wall=1745 (progress_bar.py:262, log())
[2021-04-20 04:38:42]    INFO >> epoch 007:    553 / 909 loss=1.455, mrr=748.186, sample_size=1000, wps=812, ups=0.81, wpb=1000, bsz=1000, num_updates=6000, lr=0.0005, gnorm=2.282, clip=100, train_wall=611, wall=2361 (progress_bar.py:262, log())
[2021-04-20 04:45:48]    INFO >> epoch 007 | loss 1.454 | mrr 0.748412 | sample_size 1000 | wps 836.1 | ups 0.84 | wpb 1000 | bsz 1000 | num_updates 6356 | lr 0.0005 | gnorm 2.26 | clip 100 | train_wall 1063 | wall 2787 (progress_bar.py:269, print())
[2021-04-20 04:46:03]    INFO >> epoch 007 | valid on 'valid' subset | loss 2.645 | mrr 0.551028 | sample_size 1000 | wps 3320.6 | wpb 1000 | bsz 1000 | num_updates 6356 | best_mrr 551.028 (progress_bar.py:269, print())
[2021-04-20 04:46:05]    INFO >> saved checkpoint /data/yanghe/ncc_data/codexglue/code_to_text/retrieval/data-mmap/all/conv1d_res/checkpoints/checkpoint_best.pt (epoch 7 @ 6356 updates, score 0.551028) (writing took 1.405415 seconds) (checkpoint_utils.py:81, save_checkpoint())
[2021-04-20 04:48:28]    INFO >> epoch 008:    145 / 909 loss=1.421, mrr=754.203, sample_size=1000, wps=853.8, ups=0.85, wpb=1000, bsz=1000, num_updates=6500, lr=0.0005, gnorm=2.235, clip=100, train_wall=560, wall=2947 (progress_bar.py:262, log())
[2021-04-20 04:56:24]    INFO >> epoch 008:    645 / 909 loss=1.354, mrr=765.689, sample_size=1000, wps=1050.2, ups=1.05, wpb=1000, bsz=1000, num_updates=7000, lr=0.0005, gnorm=2.214, clip=100, train_wall=471, wall=3423 (progress_bar.py:262, log())
[2021-04-20 05:00:36]    INFO >> epoch 008 | loss 1.355 | mrr 0.765562 | sample_size 1000 | wps 1022.5 | ups 1.02 | wpb 1000 | bsz 1000 | num_updates 7264 | lr 0.0005 | gnorm 2.212 | clip 100 | train_wall 859 | wall 3675 (progress_bar.py:269, print())
[2021-04-20 05:00:52]    INFO >> epoch 008 | valid on 'valid' subset | loss 2.608 | mrr 0.561503 | sample_size 1000 | wps 3324.5 | wpb 1000 | bsz 1000 | num_updates 7264 | best_mrr 561.503 (progress_bar.py:269, print())
[2021-04-20 05:00:54]    INFO >> saved checkpoint /data/yanghe/ncc_data/codexglue/code_to_text/retrieval/data-mmap/all/conv1d_res/checkpoints/checkpoint_best.pt (epoch 8 @ 7264 updates, score 0.561503) (writing took 1.871674 seconds) (checkpoint_utils.py:81, save_checkpoint())
[2021-04-20 05:04:40]    INFO >> epoch 009:    236 / 909 loss=1.317, mrr=772.048, sample_size=1000, wps=1007.6, ups=1.01, wpb=1000, bsz=1000, num_updates=7500, lr=0.0005, gnorm=2.215, clip=100, train_wall=470, wall=3919 (progress_bar.py:262, log())
[2021-04-20 05:12:44]    INFO >> epoch 009:    737 / 909 loss=1.279, mrr=778.071, sample_size=1000, wps=1034.1, ups=1.03, wpb=1000, bsz=1000, num_updates=8000, lr=0.0005, gnorm=2.205, clip=100, train_wall=479, wall=4403 (progress_bar.py:262, log())
[2021-04-20 05:16:14]    INFO >> epoch 009 | loss 1.273 | mrr 0.779235 | sample_size 1000 | wps 968.3 | ups 0.97 | wpb 1000 | bsz 1000 | num_updates 8172 | lr 0.0005 | gnorm 2.213 | clip 100 | train_wall 907 | wall 4612 (progress_bar.py:269, print())
[2021-04-20 05:16:33]    INFO >> epoch 009 | valid on 'valid' subset | loss 2.572 | mrr 0.568364 | sample_size 1000 | wps 2568.5 | wpb 1000 | bsz 1000 | num_updates 8172 | best_mrr 568.364 (progress_bar.py:269, print())
[2021-04-20 05:16:35]    INFO >> saved checkpoint /data/yanghe/ncc_data/codexglue/code_to_text/retrieval/data-mmap/all/conv1d_res/checkpoints/checkpoint_best.pt (epoch 9 @ 8172 updates, score 0.568364) (writing took 1.598119 seconds) (checkpoint_utils.py:81, save_checkpoint())
[2021-04-20 05:23:20]    INFO >> epoch 010:    328 / 909 loss=1.212, mrr=789.491, sample_size=1000, wps=786.3, ups=0.79, wpb=1000, bsz=1000, num_updates=8500, lr=0.0005, gnorm=2.193, clip=100, train_wall=607, wall=5039 (progress_bar.py:262, log())
[2021-04-20 05:33:29]    INFO >> epoch 010:    829 / 909 loss=1.212, mrr=790.035, sample_size=1000, wps=820.7, ups=0.82, wpb=1000, bsz=1000, num_updates=9000, lr=0.0005, gnorm=2.162, clip=100, train_wall=604, wall=5648 (progress_bar.py:262, log())
[2021-04-20 05:35:09]    INFO >> epoch 010 | loss 1.2 | mrr 0.791802 | sample_size 1000 | wps 799.6 | ups 0.8 | wpb 1000 | bsz 1000 | num_updates 9080 | lr 0.0005 | gnorm 2.17 | clip 100 | train_wall 1102 | wall 5748 (progress_bar.py:269, print())
[2021-04-20 05:35:28]    INFO >> epoch 010 | valid on 'valid' subset | loss 2.533 | mrr 0.575174 | sample_size 1000 | wps 2766.2 | wpb 1000 | bsz 1000 | num_updates 9080 | best_mrr 575.174 (progress_bar.py:269, print())
[2021-04-20 05:35:30]    INFO >> saved checkpoint /data/yanghe/ncc_data/codexglue/code_to_text/retrieval/data-mmap/all/conv1d_res/checkpoints/checkpoint_best.pt (epoch 10 @ 9080 updates, score 0.575174) (writing took 1.737351 seconds) (checkpoint_utils.py:81, save_checkpoint())
[2021-04-20 05:44:05]    INFO >> epoch 011:    420 / 909 loss=1.139, mrr=802.187, sample_size=1000, wps=786.1, ups=0.79, wpb=1000, bsz=1000, num_updates=9500, lr=0.0005, gnorm=2.176, clip=100, train_wall=607, wall=6284 (progress_bar.py:262, log())
[2021-04-20 05:53:34]    INFO >> epoch 011 | loss 1.138 | mrr 0.802132 | sample_size 1000 | wps 821.5 | ups 0.82 | wpb 1000 | bsz 1000 | num_updates 9988 | lr 0.0005 | gnorm 2.176 | clip 100 | train_wall 1072 | wall 6853 (progress_bar.py:269, print())
[2021-04-20 05:53:50]    INFO >> epoch 011 | valid on 'valid' subset | loss 2.531 | mrr 0.579021 | sample_size 1000 | wps 3300.8 | wpb 1000 | bsz 1000 | num_updates 9988 | best_mrr 579.021 (progress_bar.py:269, print())
[2021-04-20 05:53:51]    INFO >> saved checkpoint /data/yanghe/ncc_data/codexglue/code_to_text/retrieval/data-mmap/all/conv1d_res/checkpoints/checkpoint_best.pt (epoch 11 @ 9988 updates, score 0.579021) (writing took 1.687566 seconds) (checkpoint_utils.py:81, save_checkpoint())
[2021-04-20 05:54:06]    INFO >> epoch 012:     12 / 909 loss=1.149, mrr=800.185, sample_size=1000, wps=832, ups=0.83, wpb=1000, bsz=1000, num_updates=10000, lr=0.0005, gnorm=2.167, clip=100, train_wall=576, wall=6885 (progress_bar.py:262, log())
[2021-04-20 06:03:44]    INFO >> epoch 012:    512 / 909 loss=1.071, mrr=813.365, sample_size=1000, wps=865.5, ups=0.87, wpb=1000, bsz=1000, num_updates=10500, lr=0.0005, gnorm=2.158, clip=100, train_wall=573, wall=7463 (progress_bar.py:262, log())
[2021-04-20 06:12:20]    INFO >> epoch 012 | loss 1.086 | mrr 0.811136 | sample_size 1000 | wps 806.7 | ups 0.81 | wpb 1000 | bsz 1000 | num_updates 10896 | lr 0.0005 | gnorm 2.159 | clip 100 | train_wall 1097 | wall 7979 (progress_bar.py:269, print())
[2021-04-20 06:12:41]    INFO >> epoch 012 | valid on 'valid' subset | loss 2.523 | mrr 0.581753 | sample_size 1000 | wps 2507.1 | wpb 1000 | bsz 1000 | num_updates 10896 | best_mrr 581.753 (progress_bar.py:269, print())
[2021-04-20 06:12:42]    INFO >> saved checkpoint /data/yanghe/ncc_data/codexglue/code_to_text/retrieval/data-mmap/all/conv1d_res/checkpoints/checkpoint_best.pt (epoch 12 @ 10896 updates, score 0.581753) (writing took 1.416040 seconds) (checkpoint_utils.py:81, save_checkpoint())
[2021-04-20 06:14:58]    INFO >> epoch 013:    104 / 909 loss=1.079, mrr=812.575, sample_size=1000, wps=742.1, ups=0.74, wpb=1000, bsz=1000, num_updates=11000, lr=0.0005, gnorm=2.158, clip=100, train_wall=644, wall=8136 (progress_bar.py:262, log())
[2021-04-20 06:25:50]    INFO >> epoch 013:    605 / 909 loss=1.03, mrr=820.336, sample_size=1000, wps=765.7, ups=0.77, wpb=1000, bsz=1000, num_updates=11500, lr=0.0005, gnorm=2.16, clip=100, train_wall=648, wall=8789 (progress_bar.py:262, log())
[2021-04-20 06:32:23]    INFO >> epoch 013 | loss 1.036 | mrr 0.819466 | sample_size 1000 | wps 754.6 | ups 0.75 | wpb 1000 | bsz 1000 | num_updates 11804 | lr 0.0005 | gnorm 2.156 | clip 100 | train_wall 1169 | wall 9182 (progress_bar.py:269, print())
[2021-04-20 06:32:44]    INFO >> epoch 013 | valid on 'valid' subset | loss 2.506 | mrr 0.585201 | sample_size 1000 | wps 2509.3 | wpb 1000 | bsz 1000 | num_updates 11804 | best_mrr 585.201 (progress_bar.py:269, print())
[2021-04-20 06:32:46]    INFO >> saved checkpoint /data/yanghe/ncc_data/codexglue/code_to_text/retrieval/data-mmap/all/conv1d_res/checkpoints/checkpoint_best.pt (epoch 13 @ 11804 updates, score 0.585201) (writing took 1.733251 seconds) (checkpoint_utils.py:81, save_checkpoint())
[2021-04-20 06:37:04]    INFO >> epoch 014:    196 / 909 loss=1.021, mrr=821.787, sample_size=1000, wps=742.1, ups=0.74, wpb=1000, bsz=1000, num_updates=12000, lr=0.0005, gnorm=2.155, clip=100, train_wall=644, wall=9463 (progress_bar.py:262, log())
[2021-04-20 06:47:52]    INFO >> epoch 014:    697 / 909 loss=1, mrr=825.255, sample_size=1000, wps=771.4, ups=0.77, wpb=1000, bsz=1000, num_updates=12500, lr=0.0005, gnorm=2.154, clip=100, train_wall=643, wall=10111 (progress_bar.py:262, log())
[2021-04-20 06:52:29]    INFO >> epoch 014 | loss 0.997 | mrr 0.825941 | sample_size 1000 | wps 753.1 | ups 0.75 | wpb 1000 | bsz 1000 | num_updates 12712 | lr 0.0005 | gnorm 2.148 | clip 100 | train_wall 1171 | wall 10388 (progress_bar.py:269, print())
[2021-04-20 06:52:47]    INFO >> epoch 014 | valid on 'valid' subset | loss 2.505 | mrr 0.588044 | sample_size 1000 | wps 2793.9 | wpb 1000 | bsz 1000 | num_updates 12712 | best_mrr 588.044 (progress_bar.py:269, print())
[2021-04-20 06:52:48]    INFO >> saved checkpoint /data/yanghe/ncc_data/codexglue/code_to_text/retrieval/data-mmap/all/conv1d_res/checkpoints/checkpoint_best.pt (epoch 14 @ 12712 updates, score 0.588044) (writing took 1.515397 seconds) (checkpoint_utils.py:81, save_checkpoint())
[2021-04-20 06:59:08]    INFO >> epoch 015:    288 / 909 loss=0.97, mrr=830.704, sample_size=1000, wps=740, ups=0.74, wpb=1000, bsz=1000, num_updates=13000, lr=0.0005, gnorm=2.12, clip=100, train_wall=647, wall=10787 (progress_bar.py:262, log())
[2021-04-20 07:09:58]    INFO >> epoch 015:    789 / 909 loss=0.969, mrr=830.694, sample_size=1000, wps=769, ups=0.77, wpb=1000, bsz=1000, num_updates=13500, lr=0.0005, gnorm=2.133, clip=100, train_wall=645, wall=11437 (progress_bar.py:262, log())
[2021-04-20 07:12:32]    INFO >> epoch 015 | loss 0.959 | mrr 0.832484 | sample_size 1000 | wps 754.5 | ups 0.75 | wpb 1000 | bsz 1000 | num_updates 13620 | lr 0.0005 | gnorm 2.12 | clip 100 | train_wall 1171 | wall 11591 (progress_bar.py:269, print())
[2021-04-20 07:12:52]    INFO >> epoch 015 | valid on 'valid' subset | loss 2.502 | mrr 0.591546 | sample_size 1000 | wps 2520 | wpb 1000 | bsz 1000 | num_updates 13620 | best_mrr 591.546 (progress_bar.py:269, print())
[2021-04-20 07:12:54]    INFO >> saved checkpoint /data/yanghe/ncc_data/codexglue/code_to_text/retrieval/data-mmap/all/conv1d_res/checkpoints/checkpoint_best.pt (epoch 15 @ 13620 updates, score 0.591546) (writing took 2.326273 seconds) (checkpoint_utils.py:81, save_checkpoint())
[2021-04-20 07:21:14]    INFO >> epoch 016:    380 / 909 loss=0.918, mrr=839.779, sample_size=1000, wps=739.8, ups=0.74, wpb=1000, bsz=1000, num_updates=14000, lr=0.0005, gnorm=2.107, clip=100, train_wall=645, wall=12113 (progress_bar.py:262, log())
[2021-04-20 07:32:00]    INFO >> epoch 016:    881 / 909 loss=0.944, mrr=834.612, sample_size=1000, wps=774.1, ups=0.77, wpb=1000, bsz=1000, num_updates=14500, lr=0.0005, gnorm=2.124, clip=100, train_wall=641, wall=12759 (progress_bar.py:262, log())
[2021-04-20 07:32:38]    INFO >> epoch 016 | loss 0.924 | mrr 0.838445 | sample_size 1000 | wps 753 | ups 0.75 | wpb 1000 | bsz 1000 | num_updates 14528 | lr 0.0005 | gnorm 2.12 | clip 100 | train_wall 1171 | wall 12797 (progress_bar.py:269, print())
[2021-04-20 07:32:59]    INFO >> epoch 016 | valid on 'valid' subset | loss 2.512 | mrr 0.594243 | sample_size 1000 | wps 2509.1 | wpb 1000 | bsz 1000 | num_updates 14528 | best_mrr 594.243 (progress_bar.py:269, print())
[2021-04-20 07:33:00]    INFO >> saved checkpoint /data/yanghe/ncc_data/codexglue/code_to_text/retrieval/data-mmap/all/conv1d_res/checkpoints/checkpoint_best.pt (epoch 16 @ 14528 updates, score 0.594243) (writing took 1.650597 seconds) (checkpoint_utils.py:81, save_checkpoint())
[2021-04-20 07:43:15]    INFO >> epoch 017:    473 / 909 loss=0.874, mrr=847.239, sample_size=1000, wps=740.4, ups=0.74, wpb=1000, bsz=1000, num_updates=15000, lr=0.0005, gnorm=2.111, clip=100, train_wall=645, wall=13434 (progress_bar.py:262, log())
[2021-04-20 07:52:40]    INFO >> epoch 017 | loss 0.891 | mrr 0.844 | sample_size 1000 | wps 755.6 | ups 0.76 | wpb 1000 | bsz 1000 | num_updates 15436 | lr 0.0005 | gnorm 2.116 | clip 100 | train_wall 1168 | wall 13998 (progress_bar.py:269, print())
[2021-04-20 07:52:59]    INFO >> epoch 017 | valid on 'valid' subset | loss 2.517 | mrr 0.594498 | sample_size 1000 | wps 2508 | wpb 1000 | bsz 1000 | num_updates 15436 | best_mrr 594.498 (progress_bar.py:269, print())
[2021-04-20 07:53:01]    INFO >> saved checkpoint /data/yanghe/ncc_data/codexglue/code_to_text/retrieval/data-mmap/all/conv1d_res/checkpoints/checkpoint_best.pt (epoch 17 @ 15436 updates, score 0.594498) (writing took 1.451416 seconds) (checkpoint_utils.py:81, save_checkpoint())
[2021-04-20 07:54:29]    INFO >> epoch 018:     64 / 909 loss=0.902, mrr=841.722, sample_size=1000, wps=742.5, ups=0.74, wpb=1000, bsz=1000, num_updates=15500, lr=0.0005, gnorm=2.11, clip=100, train_wall=644, wall=14108 (progress_bar.py:262, log())
[2021-04-20 08:05:17]    INFO >> epoch 018:    565 / 909 loss=0.853, mrr=850.562, sample_size=1000, wps=771.9, ups=0.77, wpb=1000, bsz=1000, num_updates=16000, lr=0.0005, gnorm=2.108, clip=100, train_wall=643, wall=14755 (progress_bar.py:262, log())
[2021-04-20 08:12:45]    INFO >> epoch 018 | loss 0.863 | mrr 0.848904 | sample_size 1000 | wps 753.1 | ups 0.75 | wpb 1000 | bsz 1000 | num_updates 16344 | lr 0.0005 | gnorm 2.101 | clip 100 | train_wall 1172 | wall 15204 (progress_bar.py:269, print())
[2021-04-20 08:13:06]    INFO >> epoch 018 | valid on 'valid' subset | loss 2.526 | mrr 0.596065 | sample_size 1000 | wps 2515.2 | wpb 1000 | bsz 1000 | num_updates 16344 | best_mrr 596.065 (progress_bar.py:269, print())
[2021-04-20 08:13:08]    INFO >> saved checkpoint /data/yanghe/ncc_data/codexglue/code_to_text/retrieval/data-mmap/all/conv1d_res/checkpoints/checkpoint_best.pt (epoch 18 @ 16344 updates, score 0.596065) (writing took 1.211339 seconds) (checkpoint_utils.py:81, save_checkpoint())
[2021-04-20 08:16:33]    INFO >> epoch 019:    156 / 909 loss=0.858, mrr=849.803, sample_size=1000, wps=739.6, ups=0.74, wpb=1000, bsz=1000, num_updates=16500, lr=0.0005, gnorm=2.084, clip=100, train_wall=646, wall=15431 (progress_bar.py:262, log())
[2021-04-20 08:27:21]    INFO >> epoch 019:    656 / 909 loss=0.841, mrr=852.286, sample_size=1000, wps=770.9, ups=0.77, wpb=1000, bsz=1000, num_updates=17000, lr=0.0005, gnorm=2.105, clip=100, train_wall=644, wall=16080 (progress_bar.py:262, log())
[2021-04-20 08:32:48]    INFO >> epoch 019 | loss 0.841 | mrr 0.852457 | sample_size 1000 | wps 755 | ups 0.76 | wpb 1000 | bsz 1000 | num_updates 17252 | lr 0.0005 | gnorm 2.094 | clip 100 | train_wall 1168 | wall 16407 (progress_bar.py:269, print())
[2021-04-20 08:33:09]    INFO >> epoch 019 | valid on 'valid' subset | loss 2.523 | mrr 0.597492 | sample_size 1000 | wps 2506.9 | wpb 1000 | bsz 1000 | num_updates 17252 | best_mrr 597.492 (progress_bar.py:269, print())
[2021-04-20 08:33:10]    INFO >> saved checkpoint /data/yanghe/ncc_data/codexglue/code_to_text/retrieval/data-mmap/all/conv1d_res/checkpoints/checkpoint_best.pt (epoch 19 @ 17252 updates, score 0.597492) (writing took 1.589736 seconds) (checkpoint_utils.py:81, save_checkpoint())
[2021-04-20 08:38:35]    INFO >> epoch 020:    248 / 909 loss=0.824, mrr=855.639, sample_size=1000, wps=742, ups=0.74, wpb=1000, bsz=1000, num_updates=17500, lr=0.0005, gnorm=2.084, clip=100, train_wall=644, wall=16754 (progress_bar.py:262, log())
[2021-04-20 08:49:21]    INFO >> epoch 020:    749 / 909 loss=0.821, mrr=855.605, sample_size=1000, wps=773.5, ups=0.77, wpb=1000, bsz=1000, num_updates=18000, lr=0.0005, gnorm=2.119, clip=100, train_wall=641, wall=17400 (progress_bar.py:262, log())
[2021-04-20 08:52:52]    INFO >> epoch 020 | loss 0.813 | mrr 0.857104 | sample_size 1000 | wps 754.1 | ups 0.75 | wpb 1000 | bsz 1000 | num_updates 18160 | lr 0.0005 | gnorm 2.096 | clip 100 | train_wall 1170 | wall 17611 (progress_bar.py:269, print())
[2021-04-20 08:53:13]    INFO >> epoch 020 | valid on 'valid' subset | loss 2.537 | mrr 0.597796 | sample_size 1000 | wps 2509.4 | wpb 1000 | bsz 1000 | num_updates 18160 | best_mrr 597.796 (progress_bar.py:269, print())
[2021-04-20 08:53:15]    INFO >> saved checkpoint /data/yanghe/ncc_data/codexglue/code_to_text/retrieval/data-mmap/all/conv1d_res/checkpoints/checkpoint_best.pt (epoch 20 @ 18160 updates, score 0.597796) (writing took 1.942699 seconds) (checkpoint_utils.py:81, save_checkpoint())
[2021-04-20 09:00:34]    INFO >> epoch 021:    340 / 909 loss=0.787, mrr=861.821, sample_size=1000, wps=743.2, ups=0.74, wpb=1000, bsz=1000, num_updates=18500, lr=0.0005, gnorm=2.068, clip=100, train_wall=642, wall=18073 (progress_bar.py:262, log())
[2021-04-20 09:07:02]    INFO >> epoch 021:    841 / 909 loss=0.809, mrr=857.068, sample_size=1000, wps=1288.4, ups=1.29, wpb=1000, bsz=1000, num_updates=19000, lr=0.0005, gnorm=2.094, clip=100, train_wall=383, wall=18461 (progress_bar.py:262, log())
[2021-04-20 09:07:48]    INFO >> epoch 021 | loss 0.793 | mrr 0.860355 | sample_size 1000 | wps 1014 | ups 1.01 | wpb 1000 | bsz 1000 | num_updates 19068 | lr 0.0005 | gnorm 2.079 | clip 100 | train_wall 860 | wall 18506 (progress_bar.py:269, print())
[2021-04-20 09:07:57]    INFO >> epoch 021 | valid on 'valid' subset | loss 2.551 | mrr 0.600673 | sample_size 1000 | wps 6917.3 | wpb 1000 | bsz 1000 | num_updates 19068 | best_mrr 600.673 (progress_bar.py:269, print())
[2021-04-20 09:07:59]    INFO >> saved checkpoint /data/yanghe/ncc_data/codexglue/code_to_text/retrieval/data-mmap/all/conv1d_res/checkpoints/checkpoint_best.pt (epoch 21 @ 19068 updates, score 0.600673) (writing took 1.854400 seconds) (checkpoint_utils.py:81, save_checkpoint())
[2021-04-20 09:12:28]    INFO >> epoch 022:    433 / 909 loss=0.758, mrr=866.539, sample_size=1000, wps=1535.9, ups=1.54, wpb=1000, bsz=1000, num_updates=19500, lr=0.0005, gnorm=2.078, clip=100, train_wall=306, wall=18787 (progress_bar.py:262, log())
[2021-04-20 09:17:24]    INFO >> epoch 022 | loss 0.773 | mrr 0.86409 | sample_size 1000 | wps 1574.3 | ups 1.57 | wpb 1000 | bsz 1000 | num_updates 19976 | lr 0.0005 | gnorm 2.083 | clip 100 | train_wall 553 | wall 19083 (progress_bar.py:269, print())
[2021-04-20 09:17:36]    INFO >> epoch 022 | valid on 'valid' subset | loss 2.56 | mrr 0.59953 | sample_size 1000 | wps 4752.8 | wpb 1000 | bsz 1000 | num_updates 19976 | best_mrr 599.53 (progress_bar.py:269, print())
[2021-04-20 09:17:37]    INFO >> saved checkpoint /data/yanghe/ncc_data/codexglue/code_to_text/retrieval/data-mmap/all/conv1d_res/checkpoints/checkpoint_last.pt (epoch 22 @ 19976 updates, score 0.59953) (writing took 1.092401 seconds) (checkpoint_utils.py:81, save_checkpoint())
[2021-04-20 09:17:56]    INFO >> epoch 023:     24 / 909 loss=0.79, mrr=860.977, sample_size=1000, wps=1523.5, ups=1.52, wpb=1000, bsz=1000, num_updates=20000, lr=0.0005, gnorm=2.081, clip=100, train_wall=307, wall=19115 (progress_bar.py:262, log())
[2021-04-20 09:23:01]    INFO >> epoch 023:    524 / 909 loss=0.734, mrr=870.818, sample_size=1000, wps=1638.7, ups=1.64, wpb=1000, bsz=1000, num_updates=20500, lr=0.0005, gnorm=2.074, clip=100, train_wall=300, wall=19420 (progress_bar.py:262, log())
[2021-04-20 09:27:03]    INFO >> epoch 023 | loss 0.753 | mrr 0.867618 | sample_size 1000 | wps 1568.4 | ups 1.57 | wpb 1000 | bsz 1000 | num_updates 20884 | lr 0.0005 | gnorm 2.071 | clip 100 | train_wall 554 | wall 19662 (progress_bar.py:269, print())
[2021-04-20 09:27:14]    INFO >> epoch 023 | valid on 'valid' subset | loss 2.549 | mrr 0.599867 | sample_size 1000 | wps 6057.1 | wpb 1000 | bsz 1000 | num_updates 20884 | best_mrr 599.867 (progress_bar.py:269, print())
[2021-04-20 09:27:14]    INFO >> saved checkpoint /data/yanghe/ncc_data/codexglue/code_to_text/retrieval/data-mmap/all/conv1d_res/checkpoints/checkpoint_last.pt (epoch 23 @ 20884 updates, score 0.599867) (writing took 0.783451 seconds) (checkpoint_utils.py:81, save_checkpoint())
[2021-04-20 09:28:32]    INFO >> epoch 024:    116 / 909 loss=0.759, mrr=866.6, sample_size=1000, wps=1510.5, ups=1.51, wpb=1000, bsz=1000, num_updates=21000, lr=0.0005, gnorm=2.054, clip=100, train_wall=312, wall=19751 (progress_bar.py:262, log())
[2021-04-20 09:31:30]    INFO >> epoch 024:    617 / 909 loss=0.729, mrr=871.545, sample_size=1000, wps=2809, ups=2.81, wpb=1000, bsz=1000, num_updates=21500, lr=0.0005, gnorm=2.079, clip=100, train_wall=173, wall=19929 (progress_bar.py:262, log())
[2021-04-20 09:32:59]    INFO >> epoch 024 | loss 0.735 | mrr 0.870556 | sample_size 1000 | wps 2550.8 | ups 2.55 | wpb 1000 | bsz 1000 | num_updates 21792 | lr 0.0005 | gnorm 2.066 | clip 100 | train_wall 333 | wall 20018 (progress_bar.py:269, print())
[2021-04-20 09:33:06]    INFO >> epoch 024 | valid on 'valid' subset | loss 2.566 | mrr 0.600695 | sample_size 1000 | wps 9292.5 | wpb 1000 | bsz 1000 | num_updates 21792 | best_mrr 600.695 (progress_bar.py:269, print())
[2021-04-20 09:33:08]    INFO >> saved checkpoint /data/yanghe/ncc_data/codexglue/code_to_text/retrieval/data-mmap/all/conv1d_res/checkpoints/checkpoint_best.pt (epoch 24 @ 21792 updates, score 0.600695) (writing took 1.465187 seconds) (checkpoint_utils.py:81, save_checkpoint())
[2021-04-20 09:34:15]    INFO >> epoch 025:    209 / 909 loss=0.73, mrr=871.652, sample_size=1000, wps=3030.4, ups=3.03, wpb=1000, bsz=1000, num_updates=22000, lr=0.0005, gnorm=2.051, clip=100, train_wall=148, wall=20094 (progress_bar.py:262, log())
[2021-04-20 09:39:21]    INFO >> epoch 025:    709 / 909 loss=0.72, mrr=872.835, sample_size=1000, wps=1633.7, ups=1.63, wpb=1000, bsz=1000, num_updates=22500, lr=0.0005, gnorm=2.063, clip=100, train_wall=301, wall=20400 (progress_bar.py:262, log())
[2021-04-20 09:44:44]    INFO >> epoch 025 | loss 0.717 | mrr 0.873377 | sample_size 1000 | wps 1288.5 | ups 1.29 | wpb 1000 | bsz 1000 | num_updates 22700 | lr 0.0005 | gnorm 2.058 | clip 100 | train_wall 684 | wall 20723 (progress_bar.py:269, print())
[2021-04-20 09:45:09]    INFO >> epoch 025 | valid on 'valid' subset | loss 2.566 | mrr 0.603914 | sample_size 1000 | wps 1973.5 | wpb 1000 | bsz 1000 | num_updates 22700 | best_mrr 603.914 (progress_bar.py:269, print())
[2021-04-20 09:45:10]    INFO >> saved checkpoint /data/yanghe/ncc_data/codexglue/code_to_text/retrieval/data-mmap/all/conv1d_res/checkpoints/checkpoint_best.pt (epoch 25 @ 22700 updates, score 0.603914) (writing took 1.659705 seconds) (checkpoint_utils.py:81, save_checkpoint())
[2021-04-20 09:53:24]    INFO >> epoch 026:    300 / 909 loss=0.704, mrr=875.491, sample_size=1000, wps=593.2, ups=0.59, wpb=1000, bsz=1000, num_updates=23000, lr=0.0005, gnorm=2.044, clip=100, train_wall=808, wall=21243 (progress_bar.py:262, log())
[2021-04-20 10:06:57]    INFO >> epoch 026:    801 / 909 loss=0.712, mrr=874.083, sample_size=1000, wps=615.6, ups=0.62, wpb=1000, bsz=1000, num_updates=23500, lr=0.0005, gnorm=2.058, clip=100, train_wall=807, wall=22055 (progress_bar.py:262, log())
[2021-04-20 10:09:53]    INFO >> epoch 026 | loss 0.702 | mrr 0.875878 | sample_size 1000 | wps 601.8 | ups 0.6 | wpb 1000 | bsz 1000 | num_updates 23608 | lr 0.0005 | gnorm 2.045 | clip 100 | train_wall 1470 | wall 22232 (progress_bar.py:269, print())
[2021-04-20 10:10:19]    INFO >> epoch 026 | valid on 'valid' subset | loss 2.572 | mrr 0.604225 | sample_size 1000 | wps 1971.1 | wpb 1000 | bsz 1000 | num_updates 23608 | best_mrr 604.225 (progress_bar.py:269, print())
[2021-04-20 10:10:20]    INFO >> saved checkpoint /data/yanghe/ncc_data/codexglue/code_to_text/retrieval/data-mmap/all/conv1d_res/checkpoints/checkpoint_best.pt (epoch 26 @ 23608 updates, score 0.604225) (writing took 1.880869 seconds) (checkpoint_utils.py:81, save_checkpoint())
[2021-04-20 10:21:02]    INFO >> epoch 027:    392 / 909 loss=0.679, mrr=880.003, sample_size=1000, wps=591.6, ups=0.59, wpb=1000, bsz=1000, num_updates=24000, lr=0.0005, gnorm=2.039, clip=100, train_wall=810, wall=22901 (progress_bar.py:262, log())
[2021-04-20 10:34:36]    INFO >> epoch 027:    893 / 909 loss=0.706, mrr=875.205, sample_size=1000, wps=614.3, ups=0.61, wpb=1000, bsz=1000, num_updates=24500, lr=0.0005, gnorm=2.055, clip=100, train_wall=809, wall=23714 (progress_bar.py:262, log())
[2021-04-20 10:35:02]    INFO >> epoch 027 | loss 0.688 | mrr 0.878433 | sample_size 1000 | wps 601.8 | ups 0.6 | wpb 1000 | bsz 1000 | num_updates 24516 | lr 0.0005 | gnorm 2.044 | clip 100 | train_wall 1469 | wall 23740 (progress_bar.py:269, print())
[2021-04-20 10:35:25]    INFO >> epoch 027 | valid on 'valid' subset | loss 2.599 | mrr 0.603233 | sample_size 1000 | wps 2110.4 | wpb 1000 | bsz 1000 | num_updates 24516 | best_mrr 603.233 (progress_bar.py:269, print())
[2021-04-20 10:35:26]    INFO >> saved checkpoint /data/yanghe/ncc_data/codexglue/code_to_text/retrieval/data-mmap/all/conv1d_res/checkpoints/checkpoint_last.pt (epoch 27 @ 24516 updates, score 0.603233) (writing took 0.841376 seconds) (checkpoint_utils.py:81, save_checkpoint())
[2021-04-20 10:48:37]    INFO >> epoch 028:    484 / 909 loss=0.656, mrr=884.143, sample_size=1000, wps=594.5, ups=0.59, wpb=1000, bsz=1000, num_updates=25000, lr=0.0005, gnorm=2.027, clip=100, train_wall=809, wall=24556 (progress_bar.py:262, log())
[2021-04-20 11:00:09]    INFO >> epoch 028 | loss 0.675 | mrr 0.880587 | sample_size 1000 | wps 602.3 | ups 0.6 | wpb 1000 | bsz 1000 | num_updates 25424 | lr 0.0005 | gnorm 2.037 | clip 100 | train_wall 1472 | wall 25248 (progress_bar.py:269, print())
[2021-04-20 11:00:34]    INFO >> epoch 028 | valid on 'valid' subset | loss 2.591 | mrr 0.603894 | sample_size 1000 | wps 1977 | wpb 1000 | bsz 1000 | num_updates 25424 | best_mrr 603.894 (progress_bar.py:269, print())
[2021-04-20 11:00:35]    INFO >> saved checkpoint /data/yanghe/ncc_data/codexglue/code_to_text/retrieval/data-mmap/all/conv1d_res/checkpoints/checkpoint_last.pt (epoch 28 @ 25424 updates, score 0.603894) (writing took 0.807989 seconds) (checkpoint_utils.py:81, save_checkpoint())
[2021-04-20 11:02:41]    INFO >> epoch 029:     76 / 909 loss=0.686, mrr=878.645, sample_size=1000, wps=592.6, ups=0.59, wpb=1000, bsz=1000, num_updates=25500, lr=0.0005, gnorm=2.036, clip=100, train_wall=810, wall=25399 (progress_bar.py:262, log())
[2021-04-20 11:16:20]    INFO >> epoch 029:    577 / 909 loss=0.649, mrr=885.236, sample_size=1000, wps=610.2, ups=0.61, wpb=1000, bsz=1000, num_updates=26000, lr=0.0005, gnorm=2.019, clip=100, train_wall=814, wall=26219 (progress_bar.py:262, log())
[2021-04-20 11:25:20]    INFO >> epoch 029 | loss 0.662 | mrr 0.882779 | sample_size 1000 | wps 601.2 | ups 0.6 | wpb 1000 | bsz 1000 | num_updates 26332 | lr 0.0005 | gnorm 2.022 | clip 100 | train_wall 1472 | wall 26758 (progress_bar.py:269, print())
[2021-04-20 11:25:44]    INFO >> epoch 029 | valid on 'valid' subset | loss 2.609 | mrr 0.603814 | sample_size 1000 | wps 1969.7 | wpb 1000 | bsz 1000 | num_updates 26332 | best_mrr 603.814 (progress_bar.py:269, print())
[2021-04-20 11:25:45]    INFO >> saved checkpoint /data/yanghe/ncc_data/codexglue/code_to_text/retrieval/data-mmap/all/conv1d_res/checkpoints/checkpoint_last.pt (epoch 29 @ 26332 updates, score 0.603814) (writing took 1.026764 seconds) (checkpoint_utils.py:81, save_checkpoint())
[2021-04-20 11:29:35]    INFO >> epoch 030:    168 / 909 loss=0.667, mrr=882.063, sample_size=1000, wps=628.8, ups=0.63, wpb=1000, bsz=1000, num_updates=26500, lr=0.0005, gnorm=2.009, clip=100, train_wall=761, wall=27014 (progress_bar.py:262, log())
[2021-04-20 11:40:21]    INFO >> epoch 030:    669 / 909 loss=0.644, mrr=886.126, sample_size=1000, wps=774.6, ups=0.77, wpb=1000, bsz=1000, num_updates=27000, lr=0.0005, gnorm=2.011, clip=100, train_wall=641, wall=27659 (progress_bar.py:262, log())
[2021-04-20 11:45:32]    INFO >> epoch 030 | loss 0.647 | mrr 0.885694 | sample_size 1000 | wps 748.7 | ups 0.75 | wpb 1000 | bsz 1000 | num_updates 27240 | lr 0.0005 | gnorm 2.007 | clip 100 | train_wall 1175 | wall 27971 (progress_bar.py:269, print())
[2021-04-20 11:45:54]    INFO >> epoch 030 | valid on 'valid' subset | loss 2.607 | mrr 0.603659 | sample_size 1000 | wps 2452.4 | wpb 1000 | bsz 1000 | num_updates 27240 | best_mrr 603.659 (progress_bar.py:269, print())
[2021-04-20 11:45:55]    INFO >> saved checkpoint /data/yanghe/ncc_data/codexglue/code_to_text/retrieval/data-mmap/all/conv1d_res/checkpoints/checkpoint_last.pt (epoch 30 @ 27240 updates, score 0.603659) (writing took 1.057627 seconds) (checkpoint_utils.py:81, save_checkpoint())
[2021-04-20 11:51:38]    INFO >> epoch 031:    260 / 909 loss=0.637, mrr=886.985, sample_size=1000, wps=737.8, ups=0.74, wpb=1000, bsz=1000, num_updates=27500, lr=0.0005, gnorm=1.994, clip=100, train_wall=648, wall=28337 (progress_bar.py:262, log())
[2021-04-20 12:02:30]    INFO >> epoch 031:    761 / 909 loss=0.642, mrr=885.945, sample_size=1000, wps=767.7, ups=0.77, wpb=1000, bsz=1000, num_updates=28000, lr=0.0005, gnorm=2.02, clip=100, train_wall=646, wall=28988 (progress_bar.py:262, log())
[2021-04-20 12:05:14]    INFO >> epoch 031 | loss 0.635 | mrr 0.887363 | sample_size 1000 | wps 768.3 | ups 0.77 | wpb 1000 | bsz 1000 | num_updates 28148 | lr 0.0005 | gnorm 2.004 | clip 100 | train_wall 1148 | wall 29153 (progress_bar.py:269, print())
[2021-04-20 12:05:31]    INFO >> epoch 031 | valid on 'valid' subset | loss 2.63 | mrr 0.605891 | sample_size 1000 | wps 3225.8 | wpb 1000 | bsz 1000 | num_updates 28148 | best_mrr 605.891 (progress_bar.py:269, print())
[2021-04-20 12:05:33]    INFO >> saved checkpoint /data/yanghe/ncc_data/codexglue/code_to_text/retrieval/data-mmap/all/conv1d_res/checkpoints/checkpoint_best.pt (epoch 31 @ 28148 updates, score 0.605891) (writing took 1.538246 seconds) (checkpoint_utils.py:81, save_checkpoint())
[2021-04-20 12:11:09]    INFO >> epoch 032:    352 / 909 loss=0.616, mrr=890.813, sample_size=1000, wps=963.1, ups=0.96, wpb=1000, bsz=1000, num_updates=28500, lr=0.0005, gnorm=1.987, clip=100, train_wall=493, wall=29508 (progress_bar.py:262, log())
[2021-04-20 12:19:12]    INFO >> epoch 032:    853 / 909 loss=0.643, mrr=886.333, sample_size=1000, wps=1034.1, ups=1.03, wpb=1000, bsz=1000, num_updates=29000, lr=0.0005, gnorm=2.021, clip=100, train_wall=479, wall=29991 (progress_bar.py:262, log())
[2021-04-20 12:20:02]    INFO >> epoch 032 | loss 0.625 | mrr 0.889409 | sample_size 1000 | wps 1022.4 | ups 1.02 | wpb 1000 | bsz 1000 | num_updates 29056 | lr 0.0005 | gnorm 2 | clip 100 | train_wall 858 | wall 30041 (progress_bar.py:269, print())
[2021-04-20 12:20:18]    INFO >> epoch 032 | valid on 'valid' subset | loss 2.626 | mrr 0.60608 | sample_size 1000 | wps 3240.4 | wpb 1000 | bsz 1000 | num_updates 29056 | best_mrr 606.08 (progress_bar.py:269, print())
[2021-04-20 12:20:19]    INFO >> saved checkpoint /data/yanghe/ncc_data/codexglue/code_to_text/retrieval/data-mmap/all/conv1d_res/checkpoints/checkpoint_best.pt (epoch 32 @ 29056 updates, score 0.60608) (writing took 1.262221 seconds) (checkpoint_utils.py:81, save_checkpoint())
[2021-04-20 12:25:24]    INFO >> epoch 033:    445 / 909 loss=0.599, mrr=893.814, sample_size=1000, wps=1345.3, ups=1.35, wpb=1000, bsz=1000, num_updates=29500, lr=0.0005, gnorm=1.983, clip=100, train_wall=347, wall=30363 (progress_bar.py:262, log())
[2021-04-20 12:30:12]    INFO >> epoch 033 | loss 0.615 | mrr 0.890953 | sample_size 1000 | wps 1489.9 | ups 1.49 | wpb 1000 | bsz 1000 | num_updates 29964 | lr 0.0005 | gnorm 1.996 | clip 100 | train_wall 581 | wall 30651 (progress_bar.py:269, print())
[2021-04-20 12:30:24]    INFO >> epoch 033 | valid on 'valid' subset | loss 2.629 | mrr 0.605567 | sample_size 1000 | wps 4773.2 | wpb 1000 | bsz 1000 | num_updates 29964 | best_mrr 605.567 (progress_bar.py:269, print())
[2021-04-20 12:30:25]    INFO >> saved checkpoint /data/yanghe/ncc_data/codexglue/code_to_text/retrieval/data-mmap/all/conv1d_res/checkpoints/checkpoint_last.pt (epoch 33 @ 29964 updates, score 0.605567) (writing took 0.757304 seconds) (checkpoint_utils.py:81, save_checkpoint())
[2021-04-20 12:30:46]    INFO >> epoch 034:     36 / 909 loss=0.632, mrr=888.077, sample_size=1000, wps=1552.9, ups=1.55, wpb=1000, bsz=1000, num_updates=30000, lr=0.0005, gnorm=2.004, clip=100, train_wall=301, wall=30685 (progress_bar.py:262, log())
[2021-04-20 12:35:56]    INFO >> epoch 034:    536 / 909 loss=0.591, mrr=895.187, sample_size=1000, wps=1613.3, ups=1.61, wpb=1000, bsz=1000, num_updates=30500, lr=0.0005, gnorm=1.974, clip=100, train_wall=305, wall=30995 (progress_bar.py:262, log())
[2021-04-20 12:39:45]    INFO >> epoch 034 | loss 0.606 | mrr 0.892547 | sample_size 1000 | wps 1584.9 | ups 1.58 | wpb 1000 | bsz 1000 | num_updates 30872 | lr 0.0005 | gnorm 1.985 | clip 100 | train_wall 548 | wall 31224 (progress_bar.py:269, print())
[2021-04-20 12:39:56]    INFO >> epoch 034 | valid on 'valid' subset | loss 2.664 | mrr 0.605393 | sample_size 1000 | wps 4750.6 | wpb 1000 | bsz 1000 | num_updates 30872 | best_mrr 605.393 (progress_bar.py:269, print())
[2021-04-20 12:39:57]    INFO >> saved checkpoint /data/yanghe/ncc_data/codexglue/code_to_text/retrieval/data-mmap/all/conv1d_res/checkpoints/checkpoint_last.pt (epoch 34 @ 30872 updates, score 0.605393) (writing took 0.740080 seconds) (checkpoint_utils.py:81, save_checkpoint())
[2021-04-20 12:41:16]    INFO >> epoch 035:    128 / 909 loss=0.612, mrr=891.365, sample_size=1000, wps=1560.9, ups=1.56, wpb=1000, bsz=1000, num_updates=31000, lr=0.0005, gnorm=1.99, clip=100, train_wall=300, wall=31315 (progress_bar.py:262, log())
[2021-04-20 12:46:27]    INFO >> epoch 035:    628 / 909 loss=0.593, mrr=894.694, sample_size=1000, wps=1608.7, ups=1.61, wpb=1000, bsz=1000, num_updates=31500, lr=0.0005, gnorm=1.973, clip=100, train_wall=306, wall=31626 (progress_bar.py:262, log())
[2021-04-20 12:49:21]    INFO >> epoch 035 | loss 0.597 | mrr 0.894139 | sample_size 1000 | wps 1576.1 | ups 1.58 | wpb 1000 | bsz 1000 | num_updates 31780 | lr 0.0005 | gnorm 1.97 | clip 100 | train_wall 552 | wall 31800 (progress_bar.py:269, print())
[2021-04-20 12:49:29]    INFO >> epoch 035 | valid on 'valid' subset | loss 2.66 | mrr 0.606139 | sample_size 1000 | wps 7348.2 | wpb 1000 | bsz 1000 | num_updates 31780 | best_mrr 606.139 (progress_bar.py:269, print())
[2021-04-20 12:49:30]    INFO >> saved checkpoint /data/yanghe/ncc_data/codexglue/code_to_text/retrieval/data-mmap/all/conv1d_res/checkpoints/checkpoint_best.pt (epoch 35 @ 31780 updates, score 0.606139) (writing took 1.287427 seconds) (checkpoint_utils.py:81, save_checkpoint())
[2021-04-20 12:51:48]    INFO >> epoch 036:    220 / 909 loss=0.591, mrr=895.129, sample_size=1000, wps=1557.4, ups=1.56, wpb=1000, bsz=1000, num_updates=32000, lr=0.0005, gnorm=1.962, clip=100, train_wall=304, wall=31947 (progress_bar.py:262, log())
[2021-04-20 12:56:59]    INFO >> epoch 036:    720 / 909 loss=0.587, mrr=895.636, sample_size=1000, wps=1609.8, ups=1.61, wpb=1000, bsz=1000, num_updates=32500, lr=0.0005, gnorm=1.985, clip=100, train_wall=306, wall=32257 (progress_bar.py:262, log())
[2021-04-20 12:58:15]    INFO >> epoch 036 | loss 0.584 | mrr 0.896143 | sample_size 1000 | wps 1699.7 | ups 1.7 | wpb 1000 | bsz 1000 | num_updates 32688 | lr 0.0005 | gnorm 1.971 | clip 100 | train_wall 513 | wall 32334 (progress_bar.py:269, print())
[2021-04-20 12:58:22]    INFO >> epoch 036 | valid on 'valid' subset | loss 2.685 | mrr 0.605396 | sample_size 1000 | wps 9640.8 | wpb 1000 | bsz 1000 | num_updates 32688 | best_mrr 605.396 (progress_bar.py:269, print())
[2021-04-20 12:58:23]    INFO >> saved checkpoint /data/yanghe/ncc_data/codexglue/code_to_text/retrieval/data-mmap/all/conv1d_res/checkpoints/checkpoint_last.pt (epoch 36 @ 32688 updates, score 0.605396) (writing took 0.945449 seconds) (checkpoint_utils.py:81, save_checkpoint())
[2021-04-20 12:59:59]    INFO >> epoch 037:    312 / 909 loss=0.572, mrr=898.233, sample_size=1000, wps=2772.5, ups=2.77, wpb=1000, bsz=1000, num_updates=33000, lr=0.0005, gnorm=1.949, clip=100, train_wall=165, wall=32438 (progress_bar.py:262, log())
[2021-04-20 13:02:28]    INFO >> epoch 037:    813 / 909 loss=0.59, mrr=895.211, sample_size=1000, wps=3359.3, ups=3.36, wpb=1000, bsz=1000, num_updates=33500, lr=0.0005, gnorm=1.975, clip=100, train_wall=144, wall=32587 (progress_bar.py:262, log())
[2021-04-20 13:02:57]    INFO >> epoch 037 | loss 0.578 | mrr 0.897306 | sample_size 1000 | wps 3225.5 | ups 3.23 | wpb 1000 | bsz 1000 | num_updates 33596 | lr 0.0005 | gnorm 1.962 | clip 100 | train_wall 262 | wall 32615 (progress_bar.py:269, print())
[2021-04-20 13:03:05]    INFO >> epoch 037 | valid on 'valid' subset | loss 2.686 | mrr 0.604173 | sample_size 1000 | wps 9601.7 | wpb 1000 | bsz 1000 | num_updates 33596 | best_mrr 604.173 (progress_bar.py:269, print())
[2021-04-20 13:03:06]    INFO >> saved checkpoint /data/yanghe/ncc_data/codexglue/code_to_text/retrieval/data-mmap/all/conv1d_res/checkpoints/checkpoint_last.pt (epoch 37 @ 33596 updates, score 0.604173) (writing took 0.873146 seconds) (checkpoint_utils.py:81, save_checkpoint())
[2021-04-20 13:05:08]    INFO >> epoch 038:    405 / 909 loss=0.561, mrr=900.587, sample_size=1000, wps=3120.1, ups=3.12, wpb=1000, bsz=1000, num_updates=34000, lr=0.0005, gnorm=1.924, clip=100, train_wall=144, wall=32747 (progress_bar.py:262, log())
[2021-04-20 13:07:37]    INFO >> epoch 038:    905 / 909 loss=0.588, mrr=895.689, sample_size=1000, wps=3355.6, ups=3.36, wpb=1000, bsz=1000, num_updates=34500, lr=0.0005, gnorm=1.967, clip=100, train_wall=144, wall=32896 (progress_bar.py:262, log())
[2021-04-20 13:07:39]    INFO >> epoch 038 | loss 0.57 | mrr 0.898862 | sample_size 1000 | wps 3220.2 | ups 3.22 | wpb 1000 | bsz 1000 | num_updates 34504 | lr 0.0005 | gnorm 1.942 | clip 100 | train_wall 262 | wall 32897 (progress_bar.py:269, print())
[2021-04-20 13:07:46]    INFO >> epoch 038 | valid on 'valid' subset | loss 2.692 | mrr 0.605787 | sample_size 1000 | wps 9731.5 | wpb 1000 | bsz 1000 | num_updates 34504 | best_mrr 605.787 (progress_bar.py:269, print())
[2021-04-20 13:07:47]    INFO >> saved checkpoint /data/yanghe/ncc_data/codexglue/code_to_text/retrieval/data-mmap/all/conv1d_res/checkpoints/checkpoint_last.pt (epoch 38 @ 34504 updates, score 0.605787) (writing took 0.884507 seconds) (checkpoint_utils.py:81, save_checkpoint())
[2021-04-20 13:10:18]    INFO >> epoch 039:    496 / 909 loss=0.543, mrr=903.523, sample_size=1000, wps=3116.9, ups=3.12, wpb=1000, bsz=1000, num_updates=35000, lr=0.0005, gnorm=1.926, clip=100, train_wall=144, wall=33056 (progress_bar.py:262, log())
[2021-04-20 13:12:20]    INFO >> epoch 039 | loss 0.562 | mrr 0.900036 | sample_size 1000 | wps 3220.7 | ups 3.22 | wpb 1000 | bsz 1000 | num_updates 35412 | lr 0.0005 | gnorm 1.94 | clip 100 | train_wall 262 | wall 33179 (progress_bar.py:269, print())
[2021-04-20 13:12:28]    INFO >> epoch 039 | valid on 'valid' subset | loss 2.693 | mrr 0.606381 | sample_size 1000 | wps 9731.1 | wpb 1000 | bsz 1000 | num_updates 35412 | best_mrr 606.381 (progress_bar.py:269, print())
[2021-04-20 13:12:30]    INFO >> saved checkpoint /data/yanghe/ncc_data/codexglue/code_to_text/retrieval/data-mmap/all/conv1d_res/checkpoints/checkpoint_best.pt (epoch 39 @ 35412 updates, score 0.606381) (writing took 2.007152 seconds) (checkpoint_utils.py:81, save_checkpoint())
[2021-04-20 13:12:59]    INFO >> epoch 040:     88 / 909 loss=0.573, mrr=898, sample_size=1000, wps=3097.1, ups=3.1, wpb=1000, bsz=1000, num_updates=35500, lr=0.0005, gnorm=1.944, clip=100, train_wall=144, wall=33218 (progress_bar.py:262, log())
[2021-04-20 13:15:28]    INFO >> epoch 040:    588 / 909 loss=0.546, mrr=902.576, sample_size=1000, wps=3361.8, ups=3.36, wpb=1000, bsz=1000, num_updates=36000, lr=0.0005, gnorm=1.932, clip=100, train_wall=144, wall=33367 (progress_bar.py:262, log())
[2021-04-20 13:17:03]    INFO >> epoch 040 | loss 0.555 | mrr 0.901065 | sample_size 1000 | wps 3212.3 | ups 3.21 | wpb 1000 | bsz 1000 | num_updates 36320 | lr 0.0005 | gnorm 1.931 | clip 100 | train_wall 262 | wall 33462 (progress_bar.py:269, print())
[2021-04-20 13:17:11]    INFO >> epoch 040 | valid on 'valid' subset | loss 2.727 | mrr 0.606666 | sample_size 1000 | wps 9562.7 | wpb 1000 | bsz 1000 | num_updates 36320 | best_mrr 606.666 (progress_bar.py:269, print())
[2021-04-20 13:17:12]    INFO >> saved checkpoint /data/yanghe/ncc_data/codexglue/code_to_text/retrieval/data-mmap/all/conv1d_res/checkpoints/checkpoint_best.pt (epoch 40 @ 36320 updates, score 0.606666) (writing took 1.371355 seconds) (checkpoint_utils.py:81, save_checkpoint())
[2021-04-20 13:18:08]    INFO >> epoch 041:    180 / 909 loss=0.555, mrr=900.971, sample_size=1000, wps=3114, ups=3.11, wpb=1000, bsz=1000, num_updates=36500, lr=0.0005, gnorm=1.921, clip=100, train_wall=144, wall=33527 (progress_bar.py:262, log())
[2021-04-20 13:20:37]    INFO >> epoch 041:    680 / 909 loss=0.544, mrr=903.122, sample_size=1000, wps=3357.9, ups=3.36, wpb=1000, bsz=1000, num_updates=37000, lr=0.0005, gnorm=1.92, clip=100, train_wall=144, wall=33676 (progress_bar.py:262, log())
[2021-04-20 13:21:45]    INFO >> epoch 041 | loss 0.546 | mrr 0.902583 | sample_size 1000 | wps 3219 | ups 3.22 | wpb 1000 | bsz 1000 | num_updates 37228 | lr 0.0005 | gnorm 1.921 | clip 100 | train_wall 262 | wall 33744 (progress_bar.py:269, print())
[2021-04-20 13:21:53]    INFO >> epoch 041 | valid on 'valid' subset | loss 2.7 | mrr 0.607748 | sample_size 1000 | wps 9665.7 | wpb 1000 | bsz 1000 | num_updates 37228 | best_mrr 607.748 (progress_bar.py:269, print())
[2021-04-20 13:21:55]    INFO >> saved checkpoint /data/yanghe/ncc_data/codexglue/code_to_text/retrieval/data-mmap/all/conv1d_res/checkpoints/checkpoint_best.pt (epoch 41 @ 37228 updates, score 0.607748) (writing took 1.898213 seconds) (checkpoint_utils.py:81, save_checkpoint())
[2021-04-20 13:23:19]    INFO >> epoch 042:    272 / 909 loss=0.539, mrr=903.754, sample_size=1000, wps=3095.4, ups=3.1, wpb=1000, bsz=1000, num_updates=37500, lr=0.0005, gnorm=1.916, clip=100, train_wall=144, wall=33838 (progress_bar.py:262, log())
[2021-04-20 13:25:47]    INFO >> epoch 042:    773 / 909 loss=0.549, mrr=902.2, sample_size=1000, wps=3361.3, ups=3.36, wpb=1000, bsz=1000, num_updates=38000, lr=0.0005, gnorm=1.928, clip=100, train_wall=144, wall=33986 (progress_bar.py:262, log())
[2021-04-20 13:26:28]    INFO >> epoch 042 | loss 0.54 | mrr 0.903705 | sample_size 1000 | wps 3208.2 | ups 3.21 | wpb 1000 | bsz 1000 | num_updates 38136 | lr 0.0005 | gnorm 1.917 | clip 100 | train_wall 261 | wall 34027 (progress_bar.py:269, print())
[2021-04-20 13:26:36]    INFO >> epoch 042 | valid on 'valid' subset | loss 2.711 | mrr 0.606803 | sample_size 1000 | wps 9727.4 | wpb 1000 | bsz 1000 | num_updates 38136 | best_mrr 606.803 (progress_bar.py:269, print())
[2021-04-20 13:26:37]    INFO >> saved checkpoint /data/yanghe/ncc_data/codexglue/code_to_text/retrieval/data-mmap/all/conv1d_res/checkpoints/checkpoint_last.pt (epoch 42 @ 38136 updates, score 0.606803) (writing took 0.960719 seconds) (checkpoint_utils.py:81, save_checkpoint())
[2021-04-20 13:28:28]    INFO >> epoch 043:    365 / 909 loss=0.531, mrr=905.435, sample_size=1000, wps=3115.9, ups=3.12, wpb=1000, bsz=1000, num_updates=38500, lr=0.0005, gnorm=1.895, clip=100, train_wall=144, wall=34147 (progress_bar.py:262, log())
[2021-04-20 13:30:56]    INFO >> epoch 043:    865 / 909 loss=0.548, mrr=902.214, sample_size=1000, wps=3367.2, ups=3.37, wpb=1000, bsz=1000, num_updates=39000, lr=0.0005, gnorm=1.921, clip=100, train_wall=144, wall=34295 (progress_bar.py:262, log())
[2021-04-20 13:31:10]    INFO >> epoch 043 | loss 0.535 | mrr 0.904576 | sample_size 1000 | wps 3226.5 | ups 3.23 | wpb 1000 | bsz 1000 | num_updates 39044 | lr 0.0005 | gnorm 1.903 | clip 100 | train_wall 261 | wall 34308 (progress_bar.py:269, print())
[2021-04-20 13:31:18]    INFO >> epoch 043 | valid on 'valid' subset | loss 2.734 | mrr 0.606318 | sample_size 1000 | wps 9699.6 | wpb 1000 | bsz 1000 | num_updates 39044 | best_mrr 606.318 (progress_bar.py:269, print())
[2021-04-20 13:31:18]    INFO >> saved checkpoint /data/yanghe/ncc_data/codexglue/code_to_text/retrieval/data-mmap/all/conv1d_res/checkpoints/checkpoint_last.pt (epoch 43 @ 39044 updates, score 0.606318) (writing took 0.805824 seconds) (checkpoint_utils.py:81, save_checkpoint())
[2021-04-20 13:33:37]    INFO >> epoch 044:    457 / 909 loss=0.514, mrr=908.486, sample_size=1000, wps=3121.6, ups=3.12, wpb=1000, bsz=1000, num_updates=39500, lr=0.0005, gnorm=1.883, clip=100, train_wall=144, wall=34455 (progress_bar.py:262, log())
[2021-04-20 13:35:51]    INFO >> epoch 044 | loss 0.527 | mrr 0.905918 | sample_size 1000 | wps 3225.4 | ups 3.23 | wpb 1000 | bsz 1000 | num_updates 39952 | lr 0.0005 | gnorm 1.899 | clip 100 | train_wall 261 | wall 34590 (progress_bar.py:269, print())
[2021-04-20 13:35:59]    INFO >> epoch 044 | valid on 'valid' subset | loss 2.716 | mrr 0.607886 | sample_size 1000 | wps 9682.8 | wpb 1000 | bsz 1000 | num_updates 39952 | best_mrr 607.886 (progress_bar.py:269, print())
[2021-04-20 13:36:01]    INFO >> saved checkpoint /data/yanghe/ncc_data/codexglue/code_to_text/retrieval/data-mmap/all/conv1d_res/checkpoints/checkpoint_best.pt (epoch 44 @ 39952 updates, score 0.607886) (writing took 1.668773 seconds) (checkpoint_utils.py:81, save_checkpoint())
[2021-04-20 13:36:18]    INFO >> epoch 045:     48 / 909 loss=0.54, mrr=903.495, sample_size=1000, wps=3103, ups=3.1, wpb=1000, bsz=1000, num_updates=40000, lr=0.0005, gnorm=1.911, clip=100, train_wall=144, wall=34617 (progress_bar.py:262, log())
[2021-04-20 13:38:46]    INFO >> epoch 045:    548 / 909 loss=0.51, mrr=909.07, sample_size=1000, wps=3368.3, ups=3.37, wpb=1000, bsz=1000, num_updates=40500, lr=0.0005, gnorm=1.881, clip=100, train_wall=144, wall=34765 (progress_bar.py:262, log())
[2021-04-20 13:40:34]    INFO >> epoch 045 | loss 0.521 | mrr 0.906998 | sample_size 1000 | wps 3214.6 | ups 3.21 | wpb 1000 | bsz 1000 | num_updates 40860 | lr 0.0005 | gnorm 1.89 | clip 100 | train_wall 261 | wall 34872 (progress_bar.py:269, print())
[2021-04-20 13:40:41]    INFO >> epoch 045 | valid on 'valid' subset | loss 2.734 | mrr 0.608558 | sample_size 1000 | wps 9725.3 | wpb 1000 | bsz 1000 | num_updates 40860 | best_mrr 608.558 (progress_bar.py:269, print())
[2021-04-20 13:40:44]    INFO >> saved checkpoint /data/yanghe/ncc_data/codexglue/code_to_text/retrieval/data-mmap/all/conv1d_res/checkpoints/checkpoint_best.pt (epoch 45 @ 40860 updates, score 0.608558) (writing took 2.249837 seconds) (checkpoint_utils.py:81, save_checkpoint())
[2021-04-20 13:41:28]    INFO >> epoch 046:    140 / 909 loss=0.523, mrr=906.541, sample_size=1000, wps=3087.4, ups=3.09, wpb=1000, bsz=1000, num_updates=41000, lr=0.0005, gnorm=1.884, clip=100, train_wall=144, wall=34927 (progress_bar.py:262, log())
[2021-04-20 13:43:57]    INFO >> epoch 046:    641 / 909 loss=0.511, mrr=908.583, sample_size=1000, wps=3360.8, ups=3.36, wpb=1000, bsz=1000, num_updates=41500, lr=0.0005, gnorm=1.891, clip=100, train_wall=144, wall=35076 (progress_bar.py:262, log())
[2021-04-20 13:45:17]    INFO >> epoch 046 | loss 0.516 | mrr 0.907763 | sample_size 1000 | wps 3203.1 | ups 3.2 | wpb 1000 | bsz 1000 | num_updates 41768 | lr 0.0005 | gnorm 1.883 | clip 100 | train_wall 261 | wall 35156 (progress_bar.py:269, print())
[2021-04-20 13:45:25]    INFO >> epoch 046 | valid on 'valid' subset | loss 2.742 | mrr 0.606171 | sample_size 1000 | wps 9615.6 | wpb 1000 | bsz 1000 | num_updates 41768 | best_mrr 606.171 (progress_bar.py:269, print())
[2021-04-20 13:45:26]    INFO >> saved checkpoint /data/yanghe/ncc_data/codexglue/code_to_text/retrieval/data-mmap/all/conv1d_res/checkpoints/checkpoint_last.pt (epoch 46 @ 41768 updates, score 0.606171) (writing took 1.110124 seconds) (checkpoint_utils.py:81, save_checkpoint())
[2021-04-20 13:46:38]    INFO >> epoch 047:    232 / 909 loss=0.516, mrr=907.676, sample_size=1000, wps=3099.6, ups=3.1, wpb=1000, bsz=1000, num_updates=42000, lr=0.0005, gnorm=1.867, clip=100, train_wall=145, wall=35237 (progress_bar.py:262, log())
[2021-04-20 13:49:07]    INFO >> epoch 047:    733 / 909 loss=0.514, mrr=908.45, sample_size=1000, wps=3372.1, ups=3.37, wpb=1000, bsz=1000, num_updates=42500, lr=0.0005, gnorm=1.878, clip=100, train_wall=144, wall=35385 (progress_bar.py:262, log())
[2021-04-20 13:49:59]    INFO >> epoch 047 | loss 0.51 | mrr 0.909069 | sample_size 1000 | wps 3220.3 | ups 3.22 | wpb 1000 | bsz 1000 | num_updates 42676 | lr 0.0005 | gnorm 1.87 | clip 100 | train_wall 262 | wall 35438 (progress_bar.py:269, print())
[2021-04-20 13:50:07]    INFO >> epoch 047 | valid on 'valid' subset | loss 2.749 | mrr 0.608145 | sample_size 1000 | wps 9692.5 | wpb 1000 | bsz 1000 | num_updates 42676 | best_mrr 608.145 (progress_bar.py:269, print())
[2021-04-20 13:50:08]    INFO >> saved checkpoint /data/yanghe/ncc_data/codexglue/code_to_text/retrieval/data-mmap/all/conv1d_res/checkpoints/checkpoint_last.pt (epoch 47 @ 42676 updates, score 0.608145) (writing took 0.873123 seconds) (checkpoint_utils.py:81, save_checkpoint())
[2021-04-20 13:51:47]    INFO >> epoch 048:    324 / 909 loss=0.498, mrr=911.15, sample_size=1000, wps=3119.4, ups=3.12, wpb=1000, bsz=1000, num_updates=43000, lr=0.0005, gnorm=1.85, clip=100, train_wall=144, wall=35546 (progress_bar.py:262, log())
[2021-04-20 13:54:16]    INFO >> epoch 048:    825 / 909 loss=0.516, mrr=907.725, sample_size=1000, wps=3359.6, ups=3.36, wpb=1000, bsz=1000, num_updates=43500, lr=0.0005, gnorm=1.875, clip=100, train_wall=144, wall=35694 (progress_bar.py:262, log())
[2021-04-20 13:54:41]    INFO >> epoch 048 | loss 0.504 | mrr 0.909945 | sample_size 1000 | wps 3220.9 | ups 3.22 | wpb 1000 | bsz 1000 | num_updates 43584 | lr 0.0005 | gnorm 1.854 | clip 100 | train_wall 261 | wall 35720 (progress_bar.py:269, print())
[2021-04-20 13:54:49]    INFO >> epoch 048 | valid on 'valid' subset | loss 2.745 | mrr 0.608211 | sample_size 1000 | wps 9749.6 | wpb 1000 | bsz 1000 | num_updates 43584 | best_mrr 608.211 (progress_bar.py:269, print())
[2021-04-20 13:54:50]    INFO >> saved checkpoint /data/yanghe/ncc_data/codexglue/code_to_text/retrieval/data-mmap/all/conv1d_res/checkpoints/checkpoint_last.pt (epoch 48 @ 43584 updates, score 0.608211) (writing took 0.722344 seconds) (checkpoint_utils.py:81, save_checkpoint())
[2021-04-20 13:56:55]    INFO >> epoch 049:    416 / 909 loss=0.488, mrr=912.612, sample_size=1000, wps=3128.6, ups=3.13, wpb=1000, bsz=1000, num_updates=44000, lr=0.0005, gnorm=1.845, clip=100, train_wall=143, wall=35854 (progress_bar.py:262, log())
[2021-04-20 13:59:23]    INFO >> epoch 049 | loss 0.5 | mrr 0.91056 | sample_size 1000 | wps 3220.8 | ups 3.22 | wpb 1000 | bsz 1000 | num_updates 44492 | lr 0.0005 | gnorm 1.865 | clip 100 | train_wall 262 | wall 36002 (progress_bar.py:269, print())
[2021-04-20 13:59:31]    INFO >> epoch 049 | valid on 'valid' subset | loss 2.779 | mrr 0.607545 | sample_size 1000 | wps 9713.1 | wpb 1000 | bsz 1000 | num_updates 44492 | best_mrr 607.545 (progress_bar.py:269, print())
[2021-04-20 13:59:31]    INFO >> saved checkpoint /data/yanghe/ncc_data/codexglue/code_to_text/retrieval/data-mmap/all/conv1d_res/checkpoints/checkpoint_last.pt (epoch 49 @ 44492 updates, score 0.607545) (writing took 0.778425 seconds) (checkpoint_utils.py:81, save_checkpoint())
[2021-04-20 13:59:36]    INFO >> epoch 050:      8 / 909 loss=0.517, mrr=907.706, sample_size=1000, wps=3106.7, ups=3.11, wpb=1000, bsz=1000, num_updates=44500, lr=0.0005, gnorm=1.882, clip=100, train_wall=145, wall=36015 (progress_bar.py:262, log())
[2021-04-20 14:02:06]    INFO >> epoch 050:    509 / 909 loss=0.482, mrr=913.741, sample_size=1000, wps=3353.1, ups=3.35, wpb=1000, bsz=1000, num_updates=45000, lr=0.0005, gnorm=1.835, clip=100, train_wall=144, wall=36164 (progress_bar.py:262, log())
[2021-04-20 14:04:05]    INFO >> epoch 050 | loss 0.495 | mrr 0.911542 | sample_size 1000 | wps 3222.6 | ups 3.22 | wpb 1000 | bsz 1000 | num_updates 45400 | lr 0.0005 | gnorm 1.843 | clip 100 | train_wall 262 | wall 36283 (progress_bar.py:269, print())
[2021-04-20 14:04:12]    INFO >> epoch 050 | valid on 'valid' subset | loss 2.762 | mrr 0.609472 | sample_size 1000 | wps 9659.5 | wpb 1000 | bsz 1000 | num_updates 45400 | best_mrr 609.472 (progress_bar.py:269, print())
[2021-04-20 14:04:14]    INFO >> saved checkpoint /data/yanghe/ncc_data/codexglue/code_to_text/retrieval/data-mmap/all/conv1d_res/checkpoints/checkpoint_best.pt (epoch 50 @ 45400 updates, score 0.609472) (writing took 1.421237 seconds) (checkpoint_utils.py:81, save_checkpoint())
[2021-04-20 14:04:46]    INFO >> epoch 051:    100 / 909 loss=0.499, mrr=910.687, sample_size=1000, wps=3108.5, ups=3.11, wpb=1000, bsz=1000, num_updates=45500, lr=0.0005, gnorm=1.843, clip=100, train_wall=144, wall=36325 (progress_bar.py:262, log())
[2021-04-20 14:07:15]    INFO >> epoch 051:    601 / 909 loss=0.485, mrr=913.248, sample_size=1000, wps=3357.8, ups=3.36, wpb=1000, bsz=1000, num_updates=46000, lr=0.0005, gnorm=1.844, clip=100, train_wall=144, wall=36474 (progress_bar.py:262, log())
[2021-04-20 14:08:47]    INFO >> epoch 051 | loss 0.488 | mrr 0.912446 | sample_size 1000 | wps 3211.9 | ups 3.21 | wpb 1000 | bsz 1000 | num_updates 46308 | lr 0.0005 | gnorm 1.839 | clip 100 | train_wall 262 | wall 36566 (progress_bar.py:269, print())
[2021-04-20 14:08:56]    INFO >> epoch 051 | valid on 'valid' subset | loss 2.786 | mrr 0.60754 | sample_size 1000 | wps 9552.3 | wpb 1000 | bsz 1000 | num_updates 46308 | best_mrr 607.54 (progress_bar.py:269, print())
[2021-04-20 14:08:57]    INFO >> saved checkpoint /data/yanghe/ncc_data/codexglue/code_to_text/retrieval/data-mmap/all/conv1d_res/checkpoints/checkpoint_last.pt (epoch 51 @ 46308 updates, score 0.60754) (writing took 1.202436 seconds) (checkpoint_utils.py:81, save_checkpoint())
[2021-04-20 14:09:57]    INFO >> epoch 052:    193 / 909 loss=0.488, mrr=912.711, sample_size=1000, wps=3097.8, ups=3.1, wpb=1000, bsz=1000, num_updates=46500, lr=0.0005, gnorm=1.828, clip=100, train_wall=144, wall=36635 (progress_bar.py:262, log())
[2021-04-20 14:12:26]    INFO >> epoch 052:    693 / 909 loss=0.487, mrr=912.984, sample_size=1000, wps=3352, ups=3.35, wpb=1000, bsz=1000, num_updates=47000, lr=0.0005, gnorm=1.85, clip=100, train_wall=144, wall=36785 (progress_bar.py:262, log())
[2021-04-20 14:13:30]    INFO >> epoch 052 | loss 0.486 | mrr 0.913177 | sample_size 1000 | wps 3210.3 | ups 3.21 | wpb 1000 | bsz 1000 | num_updates 47216 | lr 0.0005 | gnorm 1.841 | clip 100 | train_wall 262 | wall 36849 (progress_bar.py:269, print())
[2021-04-20 14:13:38]    INFO >> epoch 052 | valid on 'valid' subset | loss 2.794 | mrr 0.607963 | sample_size 1000 | wps 9545.3 | wpb 1000 | bsz 1000 | num_updates 47216 | best_mrr 607.963 (progress_bar.py:269, print())
[2021-04-20 14:13:40]    INFO >> saved checkpoint /data/yanghe/ncc_data/codexglue/code_to_text/retrieval/data-mmap/all/conv1d_res/checkpoints/checkpoint_last.pt (epoch 52 @ 47216 updates, score 0.607963) (writing took 2.518992 seconds) (checkpoint_utils.py:81, save_checkpoint())
[2021-04-20 14:15:07]    INFO >> epoch 053:    284 / 909 loss=0.478, mrr=914.414, sample_size=1000, wps=3097.7, ups=3.1, wpb=1000, bsz=1000, num_updates=47500, lr=0.0005, gnorm=1.814, clip=100, train_wall=143, wall=36946 (progress_bar.py:262, log())
[2021-04-20 14:17:36]    INFO >> epoch 053:    785 / 909 loss=0.488, mrr=912.542, sample_size=1000, wps=3353.8, ups=3.35, wpb=1000, bsz=1000, num_updates=48000, lr=0.0005, gnorm=1.846, clip=100, train_wall=144, wall=37095 (progress_bar.py:262, log())
[2021-04-20 14:18:14]    INFO >> epoch 053 | loss 0.481 | mrr 0.913819 | sample_size 1000 | wps 3203.5 | ups 3.2 | wpb 1000 | bsz 1000 | num_updates 48124 | lr 0.0005 | gnorm 1.828 | clip 100 | train_wall 262 | wall 37132 (progress_bar.py:269, print())
[2021-04-20 14:18:22]    INFO >> epoch 053 | valid on 'valid' subset | loss 2.789 | mrr 0.608583 | sample_size 1000 | wps 9565 | wpb 1000 | bsz 1000 | num_updates 48124 | best_mrr 608.583 (progress_bar.py:269, print())
[2021-04-20 14:18:23]    INFO >> saved checkpoint /data/yanghe/ncc_data/codexglue/code_to_text/retrieval/data-mmap/all/conv1d_res/checkpoints/checkpoint_last.pt (epoch 53 @ 48124 updates, score 0.608583) (writing took 0.819411 seconds) (checkpoint_utils.py:81, save_checkpoint())
[2021-04-20 14:20:17]    INFO >> epoch 054:    377 / 909 loss=0.471, mrr=915.655, sample_size=1000, wps=3109.8, ups=3.11, wpb=1000, bsz=1000, num_updates=48500, lr=0.0005, gnorm=1.815, clip=100, train_wall=144, wall=37256 (progress_bar.py:262, log())
[2021-04-20 14:22:46]    INFO >> epoch 054:    877 / 909 loss=0.49, mrr=912.354, sample_size=1000, wps=3358.7, ups=3.36, wpb=1000, bsz=1000, num_updates=49000, lr=0.0005, gnorm=1.843, clip=100, train_wall=144, wall=37405 (progress_bar.py:262, log())
[2021-04-20 14:22:56]    INFO >> epoch 054 | loss 0.477 | mrr 0.91458 | sample_size 1000 | wps 3217.6 | ups 3.22 | wpb 1000 | bsz 1000 | num_updates 49032 | lr 0.0005 | gnorm 1.827 | clip 100 | train_wall 262 | wall 37415 (progress_bar.py:269, print())
[2021-04-20 14:23:04]    INFO >> epoch 054 | valid on 'valid' subset | loss 2.792 | mrr 0.609445 | sample_size 1000 | wps 9576.2 | wpb 1000 | bsz 1000 | num_updates 49032 | best_mrr 609.445 (progress_bar.py:269, print())
[2021-04-20 14:23:04]    INFO >> saved checkpoint /data/yanghe/ncc_data/codexglue/code_to_text/retrieval/data-mmap/all/conv1d_res/checkpoints/checkpoint_last.pt (epoch 54 @ 49032 updates, score 0.609445) (writing took 0.629763 seconds) (checkpoint_utils.py:81, save_checkpoint())
[2021-04-20 14:25:26]    INFO >> epoch 055:    468 / 909 loss=0.461, mrr=917.38, sample_size=1000, wps=3118.3, ups=3.12, wpb=1000, bsz=1000, num_updates=49500, lr=0.0005, gnorm=1.794, clip=100, train_wall=144, wall=37565 (progress_bar.py:262, log())
[2021-04-20 14:27:37]    INFO >> epoch 055 | loss 0.473 | mrr 0.915182 | sample_size 1000 | wps 3223.8 | ups 3.22 | wpb 1000 | bsz 1000 | num_updates 49940 | lr 0.0005 | gnorm 1.815 | clip 100 | train_wall 262 | wall 37696 (progress_bar.py:269, print())
[2021-04-20 14:27:45]    INFO >> epoch 055 | valid on 'valid' subset | loss 2.799 | mrr 0.609084 | sample_size 1000 | wps 9573.2 | wpb 1000 | bsz 1000 | num_updates 49940 | best_mrr 609.084 (progress_bar.py:269, print())
[2021-04-20 14:27:46]    INFO >> saved checkpoint /data/yanghe/ncc_data/codexglue/code_to_text/retrieval/data-mmap/all/conv1d_res/checkpoints/checkpoint_last.pt (epoch 55 @ 49940 updates, score 0.609084) (writing took 0.960405 seconds) (checkpoint_utils.py:81, save_checkpoint())
[2021-04-20 14:28:07]    INFO >> epoch 056:     60 / 909 loss=0.483, mrr=913.365, sample_size=1000, wps=3114, ups=3.11, wpb=1000, bsz=1000, num_updates=50000, lr=0.0005, gnorm=1.835, clip=100, train_wall=144, wall=37726 (progress_bar.py:262, log())
[2021-04-20 14:30:36]    INFO >> epoch 056:    561 / 909 loss=0.457, mrr=918.272, sample_size=1000, wps=3362.8, ups=3.36, wpb=1000, bsz=1000, num_updates=50500, lr=0.0005, gnorm=1.788, clip=100, train_wall=144, wall=37874 (progress_bar.py:262, log())
[2021-04-20 14:32:20]    INFO >> epoch 056 | loss 0.467 | mrr 0.916264 | sample_size 1000 | wps 3217.6 | ups 3.22 | wpb 1000 | bsz 1000 | num_updates 50848 | lr 0.0005 | gnorm 1.806 | clip 100 | train_wall 262 | wall 37978 (progress_bar.py:269, print())
[2021-04-20 14:32:28]    INFO >> epoch 056 | valid on 'valid' subset | loss 2.81 | mrr 0.607682 | sample_size 1000 | wps 9495.5 | wpb 1000 | bsz 1000 | num_updates 50848 | best_mrr 607.682 (progress_bar.py:269, print())
[2021-04-20 14:32:29]    INFO >> saved checkpoint /data/yanghe/ncc_data/codexglue/code_to_text/retrieval/data-mmap/all/conv1d_res/checkpoints/checkpoint_last.pt (epoch 56 @ 50848 updates, score 0.607682) (writing took 0.985176 seconds) (checkpoint_utils.py:81, save_checkpoint())
[2021-04-20 14:33:16]    INFO >> epoch 057:    152 / 909 loss=0.472, mrr=915.411, sample_size=1000, wps=3107.3, ups=3.11, wpb=1000, bsz=1000, num_updates=51000, lr=0.0005, gnorm=1.812, clip=100, train_wall=144, wall=38035 (progress_bar.py:262, log())
[2021-04-20 14:35:45]    INFO >> epoch 057:    652 / 909 loss=0.461, mrr=917.319, sample_size=1000, wps=3363.4, ups=3.36, wpb=1000, bsz=1000, num_updates=51500, lr=0.0005, gnorm=1.81, clip=100, train_wall=144, wall=38184 (progress_bar.py:262, log())
[2021-04-20 14:37:02]    INFO >> epoch 057 | loss 0.464 | mrr 0.91678 | sample_size 1000 | wps 3219.5 | ups 3.22 | wpb 1000 | bsz 1000 | num_updates 51756 | lr 0.0005 | gnorm 1.803 | clip 100 | train_wall 262 | wall 38261 (progress_bar.py:269, print())
[2021-04-20 14:37:09]    INFO >> epoch 057 | valid on 'valid' subset | loss 2.816 | mrr 0.60782 | sample_size 1000 | wps 9528 | wpb 1000 | bsz 1000 | num_updates 51756 | best_mrr 607.82 (progress_bar.py:269, print())
[2021-04-20 14:37:10]    INFO >> saved checkpoint /data/yanghe/ncc_data/codexglue/code_to_text/retrieval/data-mmap/all/conv1d_res/checkpoints/checkpoint_last.pt (epoch 57 @ 51756 updates, score 0.60782) (writing took 0.985913 seconds) (checkpoint_utils.py:81, save_checkpoint())
[2021-04-20 14:38:26]    INFO >> epoch 058:    244 / 909 loss=0.463, mrr=917.095, sample_size=1000, wps=3114.7, ups=3.11, wpb=1000, bsz=1000, num_updates=52000, lr=0.0005, gnorm=1.793, clip=100, train_wall=144, wall=38344 (progress_bar.py:262, log())
[2021-04-20 14:40:55]    INFO >> epoch 058:    745 / 909 loss=0.463, mrr=916.86, sample_size=1000, wps=3358, ups=3.36, wpb=1000, bsz=1000, num_updates=52500, lr=0.0005, gnorm=1.799, clip=100, train_wall=144, wall=38493 (progress_bar.py:262, log())
[2021-04-20 14:41:44]    INFO >> epoch 058 | loss 0.459 | mrr 0.917715 | sample_size 1000 | wps 3222.4 | ups 3.22 | wpb 1000 | bsz 1000 | num_updates 52664 | lr 0.0005 | gnorm 1.795 | clip 100 | train_wall 261 | wall 38542 (progress_bar.py:269, print())
[2021-04-20 14:41:52]    INFO >> epoch 058 | valid on 'valid' subset | loss 2.817 | mrr 0.607139 | sample_size 1000 | wps 9546 | wpb 1000 | bsz 1000 | num_updates 52664 | best_mrr 607.139 (progress_bar.py:269, print())
[2021-04-20 14:41:53]    INFO >> saved checkpoint /data/yanghe/ncc_data/codexglue/code_to_text/retrieval/data-mmap/all/conv1d_res/checkpoints/checkpoint_last.pt (epoch 58 @ 52664 updates, score 0.607139) (writing took 1.200927 seconds) (checkpoint_utils.py:81, save_checkpoint())
[2021-04-20 14:43:35]    INFO >> epoch 059:    336 / 909 loss=0.45, mrr=919.526, sample_size=1000, wps=3113, ups=3.11, wpb=1000, bsz=1000, num_updates=53000, lr=0.0005, gnorm=1.778, clip=100, train_wall=144, wall=38654 (progress_bar.py:262, log())
[2021-04-20 14:46:04]    INFO >> epoch 059:    837 / 909 loss=0.468, mrr=915.93, sample_size=1000, wps=3349.3, ups=3.35, wpb=1000, bsz=1000, num_updates=53500, lr=0.0005, gnorm=1.808, clip=100, train_wall=144, wall=38803 (progress_bar.py:262, log())
[2021-04-20 14:46:26]    INFO >> epoch 059 | loss 0.457 | mrr 0.918193 | sample_size 1000 | wps 3213.7 | ups 3.21 | wpb 1000 | bsz 1000 | num_updates 53572 | lr 0.0005 | gnorm 1.788 | clip 100 | train_wall 262 | wall 38825 (progress_bar.py:269, print())
[2021-04-20 14:46:34]    INFO >> epoch 059 | valid on 'valid' subset | loss 2.824 | mrr 0.608308 | sample_size 1000 | wps 9630.5 | wpb 1000 | bsz 1000 | num_updates 53572 | best_mrr 608.308 (progress_bar.py:269, print())
[2021-04-20 14:46:34]    INFO >> saved checkpoint /data/yanghe/ncc_data/codexglue/code_to_text/retrieval/data-mmap/all/conv1d_res/checkpoints/checkpoint_last.pt (epoch 59 @ 53572 updates, score 0.608308) (writing took 0.649309 seconds) (checkpoint_utils.py:81, save_checkpoint())
[2021-04-20 14:48:44]    INFO >> epoch 060:    429 / 909 loss=0.442, mrr=920.814, sample_size=1000, wps=3124.9, ups=3.12, wpb=1000, bsz=1000, num_updates=54000, lr=0.0005, gnorm=1.755, clip=100, train_wall=144, wall=38963 (progress_bar.py:262, log())
[2021-04-20 14:51:08]    INFO >> epoch 060 | loss 0.453 | mrr 0.918742 | sample_size 1000 | wps 3224.3 | ups 3.22 | wpb 1000 | bsz 1000 | num_updates 54480 | lr 0.0005 | gnorm 1.767 | clip 100 | train_wall 261 | wall 39106 (progress_bar.py:269, print())
[2021-04-20 14:51:16]    INFO >> epoch 060 | valid on 'valid' subset | loss 2.836 | mrr 0.608283 | sample_size 1000 | wps 9526.9 | wpb 1000 | bsz 1000 | num_updates 54480 | best_mrr 608.283 (progress_bar.py:269, print())
[2021-04-20 14:51:17]    INFO >> saved checkpoint /data/yanghe/ncc_data/codexglue/code_to_text/retrieval/data-mmap/all/conv1d_res/checkpoints/checkpoint_last.pt (epoch 60 @ 54480 updates, score 0.608283) (writing took 1.043876 seconds) (checkpoint_utils.py:81, save_checkpoint())
[2021-04-20 14:51:17]    INFO >> early stop since valid performance hasn't improved for last 10 runs (train.py:191, should_stop_early())
[2021-04-20 14:51:17]    INFO >> early stop since valid performance hasn't improved for last 10 runs (train.py:272, single_main())
[2021-04-20 14:51:17]    INFO >> done training in 39110.0 seconds (train.py:283, single_main())
