nohup: 忽略输入
[2021-04-20 09:36:34]    INFO >> Load arguments in /home/yanghe/Documents/naturalcc-dev/run/retrieval/conv1d/config/csn_feng/go.yml (train.py:302, cli_main())
[2021-04-20 09:36:34]    INFO >> {'criterion': 'retrieval_softmax', 'optimizer': 'torch_adam', 'lr_scheduler': 'fixed', 'tokenizer': None, 'bpe': None, 'common': {'no_progress_bar': 0, 'log_interval': 500, 'log_format': 'simple', 'tensorboard_logdir': '', 'seed': 0, 'cpu': 0, 'fp16': 0, 'memory_efficient_fp16': 0, 'fp16_no_flatten_grads': 0, 'fp16_init_scale': 128, 'fp16_scale_window': None, 'fp16_scale_tolerance': 0.0, 'min_loss_scale': 0.0001, 'threshold_loss_scale': None, 'user_dir': None, 'empty_cache_freq': 0, 'all_gather_list_size': 16384, 'task': 'hybrid_retrieval'}, 'dataset': {'num_workers': 1, 'skip_invalid_size_inputs_valid_test': 0, 'max_tokens': None, 'max_sentences': 1000, 'code_max_tokens': 200, 'query_max_tokens': 30, 'required_batch_size_multiple': 8, 'dataset_impl': 'mmap', 'train_subset': 'train', 'valid_subset': 'valid', 'validate_interval': 1, 'fixed_validation_seed': None, 'disable_validation': None, 'max_tokens_valid': None, 'max_sentences_valid': 1000, 'curriculum': 0, 'gen_subset': 'test', 'num_shards': 1, 'shard_id': 0, 'joined_dictionary': 0, 'langs': ['go']}, 'distributed_training': {'distributed_world_size': 1, 'distributed_rank': 0, 'distributed_backend': 'nccl', 'distributed_init_method': None, 'distributed_port': -1, 'device_id': 0, 'distributed_no_spawn': 0, 'ddp_backend': 'c10d', 'bucket_cap_mb': 25, 'fix_batches_to_gpus': None, 'find_unused_parameters': 0, 'fast_stat_sync': 0, 'broadcast_buffers': 0, 'global_sync_iter': 50, 'warmup_iterations': 500, 'local_rank': -1, 'block_momentum': 0.875, 'block_lr': 1, 'use_nbm': 0, 'average_sync': 0}, 'task': {'data': '/data/yanghe/ncc_data/codexglue/code_to_text/retrieval/data-mmap/all', 'sample_break_mode': 'complete', 'tokens_per_sample': 512, 'mask_prob': 0.15, 'leave_unmasked_prob': 0.1, 'random_token_prob': 0.1, 'freq_weighted_replacement': 0, 'mask_whole_words': 0, 'pooler_activation_fn': 'tanh', 'source_lang': 'code_tokens', 'target_lang': 'docstring_tokens', 'source_aux_lang': 'code_tokens.wo_func', 'target_aux_lang': 'func_name', 'fraction_using_func_name': 0.3, 'load_alignments': 0, 'left_pad_source': 1, 'left_pad_target': 0, 'upsample_primary': 1, 'truncate_source': 0, 'eval_mrr': 1}, 'model': {'arch': 'conv1d_res', 'code_embed_dim': 128, 'code_kernel_size': [16, 16, 16], 'code_residual': True, 'code_layers': [128, 128, 128], 'code_pooling': 'weighted_mean', 'code_activation_fn': 'tanh', 'code_position_encoding': 'learned', 'code_paddding': 'same', 'code_dropout': 0.1, 'query_embed_dim': 128, 'query_kernel_size': [16, 16, 16], 'query_residual': True, 'query_layers': [128, 128, 128], 'query_pooling': 'weighted_mean', 'query_activation_fn': 'tanh', 'query_position_encoding': 'learned', 'query_paddding': 'same', 'query_dropout': 0.1}, 'optimization': {'max_epoch': 300, 'max_update': 0, 'clip_norm': 1, 'sentence_avg': 0, 'update_freq': [1], 'lrs': [0.0005], 'min_lr': -1, 'use_bmuf': 0, 'lr_shrink': 1.0, 'force_anneal': 0, 'warmup_updates': 0, 'end_learning_rate': 0.0, 'power': 1.0, 'total_num_update': 1000000, 'adam': {'adam_betas': '(0.9, 0.999)', 'adam_eps': 1e-08, 'weight_decay': 0, 'use_old_adam': 1}, 'margin': 1, 'clip_norm_version': 'tf_clip_by_global_norm'}, 'checkpoint': {'save_dir': '/data/yanghe/ncc_data/codexglue/code_to_text/retrieval/data-mmap/go/conv1d_res/checkpoints', 'restore_file': 'checkpoint_last.pt', 'reset_dataloader': None, 'reset_lr_scheduler': None, 'reset_meters': None, 'reset_optimizer': None, 'optimizer_overrides': '{}', 'save_interval': 1, 'save_interval_updates': 0, 'keep_interval_updates': 0, 'keep_last_epochs': -1, 'keep_best_checkpoints': -1, 'no_save': 0, 'no_epoch_checkpoints': 1, 'no_last_checkpoints': 0, 'no_save_optimizer_state': None, 'best_checkpoint_metric': 'mrr', 'maximize_best_checkpoint_metric': 1, 'patience': 10}, 'eval': {'path': '/data/yanghe/ncc_data/codexglue/code_to_text/retrieval/data-mmap/go/conv1d_res/checkpoints/checkpoint_best.pt', 'quiet': 1, 'max_sentences': 1000, 'model_overrides': '{}', 'eval_size': -1}} (train.py:304, cli_main())
[2021-04-20 09:36:34]    INFO >> single GPU training... (train.py:333, cli_main())
[2021-04-20 09:36:34]    INFO >> loaded 7325 examples from: ['/data/yanghe/ncc_data/codexglue/code_to_text/retrieval/data-mmap/all/valid.go.code_tokens'] (hybrid_retrieval.py:54, load_tokens_dataset())
[2021-04-20 09:36:34]    INFO >> loaded 7325 examples from: ['/data/yanghe/ncc_data/codexglue/code_to_text/retrieval/data-mmap/all/valid.go.docstring_tokens'] (hybrid_retrieval.py:55, load_tokens_dataset())
[2021-04-20 09:36:34]    INFO >> Conv1dRes(
  (src_encoders): ModuleDict(
    (go): Conv1dResEncoder(
      (embed): Embedding(10000, 128)
      (weight_layer): Linear(in_features=128, out_features=1, bias=False)
      (conv_layers): ModuleList(
        (0): Conv2d(1, 128, kernel_size=(16, 128), stride=(1, 1))
        (1): Conv2d(1, 128, kernel_size=(16, 128), stride=(1, 1))
        (2): Conv2d(1, 128, kernel_size=(16, 128), stride=(1, 1))
      )
    )
  )
  (tgt_encoders): Conv1dResEncoder(
    (embed): Embedding(10000, 128)
    (weight_layer): Linear(in_features=128, out_features=1, bias=False)
    (conv_layers): ModuleList(
      (0): Conv2d(1, 128, kernel_size=(16, 128), stride=(1, 1))
      (1): Conv2d(1, 128, kernel_size=(16, 128), stride=(1, 1))
      (2): Conv2d(1, 128, kernel_size=(16, 128), stride=(1, 1))
    )
  )
) (train.py:223, single_main())
[2021-04-20 09:36:34]    INFO >> model conv1d_res, criterion SearchSoftmaxCriterion (train.py:224, single_main())
[2021-04-20 09:36:34]    INFO >> num. model params: 4163328 (num. trained: 4163328) (train.py:227, single_main())
[2021-04-20 09:36:42]    INFO >> training on 1 GPUs (train.py:233, single_main())
[2021-04-20 09:36:42]    INFO >> max tokens per GPU = None and max sentences per GPU = 1000 (train.py:236, single_main())
[2021-04-20 09:36:42]    INFO >> no existing checkpoint found /data/yanghe/ncc_data/codexglue/code_to_text/retrieval/data-mmap/go/conv1d_res/checkpoints/checkpoint_last.pt (ncc_trainers.py:270, load_checkpoint())
[2021-04-20 09:36:42]    INFO >> loading train data for epoch 1 (ncc_trainers.py:285, get_train_iterator())
[2021-04-20 09:36:42]    INFO >> loaded 167288 examples from: ['/data/yanghe/ncc_data/codexglue/code_to_text/retrieval/data-mmap/all/train.go.code_tokens'] (hybrid_retrieval.py:54, load_tokens_dataset())
[2021-04-20 09:36:42]    INFO >> loaded 167288 examples from: ['/data/yanghe/ncc_data/codexglue/code_to_text/retrieval/data-mmap/all/train.go.docstring_tokens'] (hybrid_retrieval.py:55, load_tokens_dataset())
[2021-04-20 09:36:42]    INFO >> loaded 167288 examples from: ['/data/yanghe/ncc_data/codexglue/code_to_text/retrieval/data-mmap/all/train.go.code_tokens.wo_func'] (hybrid_retrieval.py:67, load_tokens_dataset())
[2021-04-20 09:36:42]    INFO >> loaded 167288 examples from: ['/data/yanghe/ncc_data/codexglue/code_to_text/retrieval/data-mmap/all/train.go.func_name'] (hybrid_retrieval.py:81, load_tokens_dataset())
[2021-04-20 09:36:42]    INFO >> NOTE: your device may support faster training with fp16 (ncc_trainers.py:155, _setup_optimizer())
[2021-04-20 09:40:14]    INFO >> epoch 001 | loss 5.925 | mrr 0.056901 | sample_size 1000 | wps 806.1 | ups 0.81 | wpb 1000 | bsz 1000 | num_updates 167 | lr 0.0005 | gnorm 2.153 | clip 76.6 | train_wall 208 | wall 213 (progress_bar.py:269, print())
[2021-04-20 09:40:21]    INFO >> epoch 001 | valid on 'valid' subset | loss 5.156 | mrr 0.108977 | sample_size 1000 | wps 2057.8 | wpb 1000 | bsz 1000 | num_updates 167 (progress_bar.py:269, print())
[2021-04-20 09:40:21]    INFO >> saved checkpoint /data/yanghe/ncc_data/codexglue/code_to_text/retrieval/data-mmap/go/conv1d_res/checkpoints/checkpoint_best.pt (epoch 1 @ 167 updates, score 0.108977) (writing took 0.373973 seconds) (checkpoint_utils.py:81, save_checkpoint())
[2021-04-20 09:43:48]    INFO >> epoch 002 | loss 4.407 | mrr 0.196225 | sample_size 1000 | wps 780.7 | ups 0.78 | wpb 1000 | bsz 1000 | num_updates 334 | lr 0.0005 | gnorm 4.876 | clip 100 | train_wall 204 | wall 427 (progress_bar.py:269, print())
[2021-04-20 09:43:54]    INFO >> epoch 002 | valid on 'valid' subset | loss 3.863 | mrr 0.30524 | sample_size 1000 | wps 1880.7 | wpb 1000 | bsz 1000 | num_updates 334 | best_mrr 305.24 (progress_bar.py:269, print())
[2021-04-20 09:43:55]    INFO >> saved checkpoint /data/yanghe/ncc_data/codexglue/code_to_text/retrieval/data-mmap/go/conv1d_res/checkpoints/checkpoint_best.pt (epoch 2 @ 334 updates, score 0.30524) (writing took 0.534395 seconds) (checkpoint_utils.py:81, save_checkpoint())
[2021-04-20 09:47:19]    INFO >> epoch 003:    167 / 168 loss=4.572, mrr=207.039, sample_size=1000, wps=791, ups=0.79, wpb=1000, bsz=1000, num_updates=500, lr=0.0005, gnorm=3.796, clip=92.2, train_wall=612, wall=638 (progress_bar.py:262, log())
[2021-04-20 09:47:21]    INFO >> epoch 003 | loss 3.376 | mrr 0.369416 | sample_size 1000 | wps 785.9 | ups 0.79 | wpb 1000 | bsz 1000 | num_updates 501 | lr 0.0005 | gnorm 4.36 | clip 100 | train_wall 202 | wall 639 (progress_bar.py:269, print())
[2021-04-20 09:47:27]    INFO >> epoch 003 | valid on 'valid' subset | loss 2.843 | mrr 0.492056 | sample_size 1000 | wps 1840.3 | wpb 1000 | bsz 1000 | num_updates 501 | best_mrr 492.056 (progress_bar.py:269, print())
[2021-04-20 09:47:28]    INFO >> saved checkpoint /data/yanghe/ncc_data/codexglue/code_to_text/retrieval/data-mmap/go/conv1d_res/checkpoints/checkpoint_best.pt (epoch 3 @ 501 updates, score 0.492056) (writing took 0.510921 seconds) (checkpoint_utils.py:81, save_checkpoint())
[2021-04-20 09:50:56]    INFO >> epoch 004 | loss 2.592 | mrr 0.521567 | sample_size 1000 | wps 777.2 | ups 0.78 | wpb 1000 | bsz 1000 | num_updates 668 | lr 0.0005 | gnorm 3.978 | clip 100 | train_wall 204 | wall 854 (progress_bar.py:269, print())
[2021-04-20 09:51:01]    INFO >> epoch 004 | valid on 'valid' subset | loss 2.259 | mrr 0.598478 | sample_size 1000 | wps 1888.7 | wpb 1000 | bsz 1000 | num_updates 668 | best_mrr 598.478 (progress_bar.py:269, print())
[2021-04-20 09:51:02]    INFO >> saved checkpoint /data/yanghe/ncc_data/codexglue/code_to_text/retrieval/data-mmap/go/conv1d_res/checkpoints/checkpoint_best.pt (epoch 4 @ 668 updates, score 0.598478) (writing took 0.365695 seconds) (checkpoint_utils.py:81, save_checkpoint())
[2021-04-20 09:54:30]    INFO >> epoch 005 | loss 2.08 | mrr 0.619745 | sample_size 1000 | wps 779.9 | ups 0.78 | wpb 1000 | bsz 1000 | num_updates 835 | lr 0.0005 | gnorm 3.408 | clip 100 | train_wall 205 | wall 1068 (progress_bar.py:269, print())
[2021-04-20 09:54:36]    INFO >> epoch 005 | valid on 'valid' subset | loss 1.886 | mrr 0.662153 | sample_size 1000 | wps 1850.5 | wpb 1000 | bsz 1000 | num_updates 835 | best_mrr 662.153 (progress_bar.py:269, print())
[2021-04-20 09:54:37]    INFO >> saved checkpoint /data/yanghe/ncc_data/codexglue/code_to_text/retrieval/data-mmap/go/conv1d_res/checkpoints/checkpoint_best.pt (epoch 5 @ 835 updates, score 0.662153) (writing took 0.549734 seconds) (checkpoint_utils.py:81, save_checkpoint())
[2021-04-20 09:58:00]    INFO >> epoch 006:    166 / 168 loss=2.135, mrr=609.17, sample_size=1000, wps=780.6, ups=0.78, wpb=1000, bsz=1000, num_updates=1000, lr=0.0005, gnorm=3.492, clip=100, train_wall=610, wall=1278 (progress_bar.py:262, log())
[2021-04-20 09:58:02]    INFO >> epoch 006 | loss 1.721 | mrr 0.688321 | sample_size 1000 | wps 785 | ups 0.78 | wpb 1000 | bsz 1000 | num_updates 1002 | lr 0.0005 | gnorm 3.077 | clip 100 | train_wall 202 | wall 1281 (progress_bar.py:269, print())
[2021-04-20 09:58:08]    INFO >> epoch 006 | valid on 'valid' subset | loss 1.682 | mrr 0.700193 | sample_size 1000 | wps 1901.8 | wpb 1000 | bsz 1000 | num_updates 1002 | best_mrr 700.193 (progress_bar.py:269, print())
[2021-04-20 09:58:09]    INFO >> saved checkpoint /data/yanghe/ncc_data/codexglue/code_to_text/retrieval/data-mmap/go/conv1d_res/checkpoints/checkpoint_best.pt (epoch 6 @ 1002 updates, score 0.700193) (writing took 0.407362 seconds) (checkpoint_utils.py:81, save_checkpoint())
[2021-04-20 10:01:34]    INFO >> epoch 007 | loss 1.479 | mrr 0.732505 | sample_size 1000 | wps 789.5 | ups 0.79 | wpb 1000 | bsz 1000 | num_updates 1169 | lr 0.0005 | gnorm 2.797 | clip 100 | train_wall 202 | wall 1492 (progress_bar.py:269, print())
[2021-04-20 10:01:40]    INFO >> epoch 007 | valid on 'valid' subset | loss 1.517 | mrr 0.728508 | sample_size 1000 | wps 1972.5 | wpb 1000 | bsz 1000 | num_updates 1169 | best_mrr 728.508 (progress_bar.py:269, print())
[2021-04-20 10:01:40]    INFO >> saved checkpoint /data/yanghe/ncc_data/codexglue/code_to_text/retrieval/data-mmap/go/conv1d_res/checkpoints/checkpoint_best.pt (epoch 7 @ 1169 updates, score 0.728508) (writing took 0.530301 seconds) (checkpoint_utils.py:81, save_checkpoint())
[2021-04-20 10:05:10]    INFO >> epoch 008 | loss 1.304 | mrr 0.764956 | sample_size 1000 | wps 774.7 | ups 0.77 | wpb 1000 | bsz 1000 | num_updates 1336 | lr 0.0005 | gnorm 2.719 | clip 100 | train_wall 206 | wall 1708 (progress_bar.py:269, print())
[2021-04-20 10:05:16]    INFO >> epoch 008 | valid on 'valid' subset | loss 1.406 | mrr 0.750339 | sample_size 1000 | wps 1855.3 | wpb 1000 | bsz 1000 | num_updates 1336 | best_mrr 750.339 (progress_bar.py:269, print())
[2021-04-20 10:05:17]    INFO >> saved checkpoint /data/yanghe/ncc_data/codexglue/code_to_text/retrieval/data-mmap/go/conv1d_res/checkpoints/checkpoint_best.pt (epoch 8 @ 1336 updates, score 0.750339) (writing took 0.653365 seconds) (checkpoint_utils.py:81, save_checkpoint())
[2021-04-20 10:08:38]    INFO >> epoch 009:    164 / 168 loss=1.318, mrr=762.009, sample_size=1000, wps=782.8, ups=0.78, wpb=1000, bsz=1000, num_updates=1500, lr=0.0005, gnorm=2.704, clip=100, train_wall=609, wall=1917 (progress_bar.py:262, log())
[2021-04-20 10:08:43]    INFO >> epoch 009 | loss 1.165 | mrr 0.789808 | sample_size 1000 | wps 784.3 | ups 0.78 | wpb 1000 | bsz 1000 | num_updates 1503 | lr 0.0005 | gnorm 2.596 | clip 100 | train_wall 202 | wall 1921 (progress_bar.py:269, print())
[2021-04-20 10:08:50]    INFO >> epoch 009 | valid on 'valid' subset | loss 1.378 | mrr 0.758117 | sample_size 1000 | wps 1864.1 | wpb 1000 | bsz 1000 | num_updates 1503 | best_mrr 758.117 (progress_bar.py:269, print())
[2021-04-20 10:08:50]    INFO >> saved checkpoint /data/yanghe/ncc_data/codexglue/code_to_text/retrieval/data-mmap/go/conv1d_res/checkpoints/checkpoint_best.pt (epoch 9 @ 1503 updates, score 0.758117) (writing took 0.548271 seconds) (checkpoint_utils.py:81, save_checkpoint())
[2021-04-20 10:12:14]    INFO >> epoch 010 | loss 1.062 | mrr 0.80777 | sample_size 1000 | wps 789.7 | ups 0.79 | wpb 1000 | bsz 1000 | num_updates 1670 | lr 0.0005 | gnorm 2.472 | clip 100 | train_wall 201 | wall 2132 (progress_bar.py:269, print())
[2021-04-20 10:12:20]    INFO >> epoch 010 | valid on 'valid' subset | loss 1.34 | mrr 0.766267 | sample_size 1000 | wps 1906.1 | wpb 1000 | bsz 1000 | num_updates 1670 | best_mrr 766.267 (progress_bar.py:269, print())
[2021-04-20 10:12:21]    INFO >> saved checkpoint /data/yanghe/ncc_data/codexglue/code_to_text/retrieval/data-mmap/go/conv1d_res/checkpoints/checkpoint_best.pt (epoch 10 @ 1670 updates, score 0.766267) (writing took 0.772771 seconds) (checkpoint_utils.py:81, save_checkpoint())
[2021-04-20 10:15:51]    INFO >> epoch 011 | loss 0.981 | mrr 0.82288 | sample_size 1000 | wps 768.7 | ups 0.77 | wpb 1000 | bsz 1000 | num_updates 1837 | lr 0.0005 | gnorm 2.383 | clip 100 | train_wall 206 | wall 2350 (progress_bar.py:269, print())
[2021-04-20 10:15:59]    INFO >> epoch 011 | valid on 'valid' subset | loss 1.3 | mrr 0.770722 | sample_size 1000 | wps 1852.9 | wpb 1000 | bsz 1000 | num_updates 1837 | best_mrr 770.722 (progress_bar.py:269, print())
[2021-04-20 10:15:59]    INFO >> saved checkpoint /data/yanghe/ncc_data/codexglue/code_to_text/retrieval/data-mmap/go/conv1d_res/checkpoints/checkpoint_best.pt (epoch 11 @ 1837 updates, score 0.770722) (writing took 0.724268 seconds) (checkpoint_utils.py:81, save_checkpoint())
[2021-04-20 10:19:19]    INFO >> epoch 012:    164 / 168 loss=0.982, mrr=822.091, sample_size=1000, wps=780.1, ups=0.78, wpb=1000, bsz=1000, num_updates=2000, lr=0.0005, gnorm=2.398, clip=100, train_wall=608, wall=2558 (progress_bar.py:262, log())
[2021-04-20 10:19:25]    INFO >> epoch 012 | loss 0.899 | mrr 0.83645 | sample_size 1000 | wps 782.6 | ups 0.78 | wpb 1000 | bsz 1000 | num_updates 2004 | lr 0.0005 | gnorm 2.335 | clip 100 | train_wall 202 | wall 2563 (progress_bar.py:269, print())
[2021-04-20 10:19:31]    INFO >> epoch 012 | valid on 'valid' subset | loss 1.307 | mrr 0.78004 | sample_size 1000 | wps 1883.3 | wpb 1000 | bsz 1000 | num_updates 2004 | best_mrr 780.04 (progress_bar.py:269, print())
[2021-04-20 10:19:31]    INFO >> saved checkpoint /data/yanghe/ncc_data/codexglue/code_to_text/retrieval/data-mmap/go/conv1d_res/checkpoints/checkpoint_best.pt (epoch 12 @ 2004 updates, score 0.78004) (writing took 0.433698 seconds) (checkpoint_utils.py:81, save_checkpoint())
[2021-04-20 10:22:57]    INFO >> epoch 013 | loss 0.837 | mrr 0.847581 | sample_size 1000 | wps 787 | ups 0.79 | wpb 1000 | bsz 1000 | num_updates 2171 | lr 0.0005 | gnorm 2.198 | clip 100 | train_wall 203 | wall 2775 (progress_bar.py:269, print())
[2021-04-20 10:23:03]    INFO >> epoch 013 | valid on 'valid' subset | loss 1.305 | mrr 0.78057 | sample_size 1000 | wps 1845.7 | wpb 1000 | bsz 1000 | num_updates 2171 | best_mrr 780.57 (progress_bar.py:269, print())
[2021-04-20 10:23:03]    INFO >> saved checkpoint /data/yanghe/ncc_data/codexglue/code_to_text/retrieval/data-mmap/go/conv1d_res/checkpoints/checkpoint_best.pt (epoch 13 @ 2171 updates, score 0.78057) (writing took 0.355533 seconds) (checkpoint_utils.py:81, save_checkpoint())
[2021-04-20 10:26:32]    INFO >> epoch 014 | loss 0.781 | mrr 0.857717 | sample_size 1000 | wps 774.8 | ups 0.77 | wpb 1000 | bsz 1000 | num_updates 2338 | lr 0.0005 | gnorm 2.271 | clip 100 | train_wall 206 | wall 2991 (progress_bar.py:269, print())
[2021-04-20 10:26:39]    INFO >> epoch 014 | valid on 'valid' subset | loss 1.308 | mrr 0.785516 | sample_size 1000 | wps 1862.4 | wpb 1000 | bsz 1000 | num_updates 2338 | best_mrr 785.516 (progress_bar.py:269, print())
[2021-04-20 10:26:40]    INFO >> saved checkpoint /data/yanghe/ncc_data/codexglue/code_to_text/retrieval/data-mmap/go/conv1d_res/checkpoints/checkpoint_best.pt (epoch 14 @ 2338 updates, score 0.785516) (writing took 0.592827 seconds) (checkpoint_utils.py:81, save_checkpoint())
[2021-04-20 10:30:00]    INFO >> epoch 015:    163 / 168 loss=0.783, mrr=857.351, sample_size=1000, wps=780.4, ups=0.78, wpb=1000, bsz=1000, num_updates=2500, lr=0.0005, gnorm=2.233, clip=100, train_wall=610, wall=3198 (progress_bar.py:262, log())
[2021-04-20 10:30:08]    INFO >> epoch 015 | loss 0.726 | mrr 0.867739 | sample_size 1000 | wps 776.5 | ups 0.78 | wpb 1000 | bsz 1000 | num_updates 2505 | lr 0.0005 | gnorm 2.222 | clip 100 | train_wall 203 | wall 3206 (progress_bar.py:269, print())
[2021-04-20 10:30:14]    INFO >> epoch 015 | valid on 'valid' subset | loss 1.336 | mrr 0.784923 | sample_size 1000 | wps 1898.5 | wpb 1000 | bsz 1000 | num_updates 2505 | best_mrr 784.923 (progress_bar.py:269, print())
[2021-04-20 10:30:15]    INFO >> saved checkpoint /data/yanghe/ncc_data/codexglue/code_to_text/retrieval/data-mmap/go/conv1d_res/checkpoints/checkpoint_last.pt (epoch 15 @ 2505 updates, score 0.784923) (writing took 0.935615 seconds) (checkpoint_utils.py:81, save_checkpoint())
[2021-04-20 10:33:40]    INFO >> epoch 016 | loss 0.683 | mrr 0.874377 | sample_size 1000 | wps 787.1 | ups 0.79 | wpb 1000 | bsz 1000 | num_updates 2672 | lr 0.0005 | gnorm 2.166 | clip 100 | train_wall 202 | wall 3418 (progress_bar.py:269, print())
[2021-04-20 10:33:46]    INFO >> epoch 016 | valid on 'valid' subset | loss 1.342 | mrr 0.785358 | sample_size 1000 | wps 1876.2 | wpb 1000 | bsz 1000 | num_updates 2672 | best_mrr 785.358 (progress_bar.py:269, print())
[2021-04-20 10:33:46]    INFO >> saved checkpoint /data/yanghe/ncc_data/codexglue/code_to_text/retrieval/data-mmap/go/conv1d_res/checkpoints/checkpoint_last.pt (epoch 16 @ 2672 updates, score 0.785358) (writing took 0.289989 seconds) (checkpoint_utils.py:81, save_checkpoint())
[2021-04-20 10:37:12]    INFO >> epoch 017 | loss 0.641 | mrr 0.882224 | sample_size 1000 | wps 785.4 | ups 0.79 | wpb 1000 | bsz 1000 | num_updates 2839 | lr 0.0005 | gnorm 2.121 | clip 100 | train_wall 203 | wall 3631 (progress_bar.py:269, print())
[2021-04-20 10:37:18]    INFO >> epoch 017 | valid on 'valid' subset | loss 1.303 | mrr 0.790624 | sample_size 1000 | wps 1990.8 | wpb 1000 | bsz 1000 | num_updates 2839 | best_mrr 790.624 (progress_bar.py:269, print())
[2021-04-20 10:37:19]    INFO >> saved checkpoint /data/yanghe/ncc_data/codexglue/code_to_text/retrieval/data-mmap/go/conv1d_res/checkpoints/checkpoint_best.pt (epoch 17 @ 2839 updates, score 0.790624) (writing took 0.478476 seconds) (checkpoint_utils.py:81, save_checkpoint())
[2021-04-20 10:40:38]    INFO >> epoch 018:    162 / 168 loss=0.644, mrr=881.66, sample_size=1000, wps=783.4, ups=0.78, wpb=1000, bsz=1000, num_updates=3000, lr=0.0005, gnorm=2.158, clip=100, train_wall=608, wall=3837 (progress_bar.py:262, log())
[2021-04-20 10:40:46]    INFO >> epoch 018 | loss 0.606 | mrr 0.888899 | sample_size 1000 | wps 781.3 | ups 0.78 | wpb 1000 | bsz 1000 | num_updates 3006 | lr 0.0005 | gnorm 2.184 | clip 100 | train_wall 204 | wall 3845 (progress_bar.py:269, print())
[2021-04-20 10:40:52]    INFO >> epoch 018 | valid on 'valid' subset | loss 1.276 | mrr 0.790322 | sample_size 1000 | wps 1876.2 | wpb 1000 | bsz 1000 | num_updates 3006 | best_mrr 790.322 (progress_bar.py:269, print())
[2021-04-20 10:40:53]    INFO >> saved checkpoint /data/yanghe/ncc_data/codexglue/code_to_text/retrieval/data-mmap/go/conv1d_res/checkpoints/checkpoint_last.pt (epoch 18 @ 3006 updates, score 0.790322) (writing took 0.289566 seconds) (checkpoint_utils.py:81, save_checkpoint())
[2021-04-20 10:44:19]    INFO >> epoch 019 | loss 0.572 | mrr 0.894458 | sample_size 1000 | wps 786.1 | ups 0.79 | wpb 1000 | bsz 1000 | num_updates 3173 | lr 0.0005 | gnorm 2.172 | clip 100 | train_wall 203 | wall 4057 (progress_bar.py:269, print())
[2021-04-20 10:44:25]    INFO >> epoch 019 | valid on 'valid' subset | loss 1.315 | mrr 0.78897 | sample_size 1000 | wps 1874.1 | wpb 1000 | bsz 1000 | num_updates 3173 | best_mrr 788.97 (progress_bar.py:269, print())
[2021-04-20 10:44:25]    INFO >> saved checkpoint /data/yanghe/ncc_data/codexglue/code_to_text/retrieval/data-mmap/go/conv1d_res/checkpoints/checkpoint_last.pt (epoch 19 @ 3173 updates, score 0.78897) (writing took 0.232187 seconds) (checkpoint_utils.py:81, save_checkpoint())
[2021-04-20 10:47:53]    INFO >> epoch 020 | loss 0.542 | mrr 0.900231 | sample_size 1000 | wps 779.5 | ups 0.78 | wpb 1000 | bsz 1000 | num_updates 3340 | lr 0.0005 | gnorm 2.157 | clip 100 | train_wall 205 | wall 4271 (progress_bar.py:269, print())
[2021-04-20 10:48:00]    INFO >> epoch 020 | valid on 'valid' subset | loss 1.353 | mrr 0.794288 | sample_size 1000 | wps 2146.5 | wpb 1000 | bsz 1000 | num_updates 3340 | best_mrr 794.288 (progress_bar.py:269, print())
[2021-04-20 10:48:01]    INFO >> saved checkpoint /data/yanghe/ncc_data/codexglue/code_to_text/retrieval/data-mmap/go/conv1d_res/checkpoints/checkpoint_best.pt (epoch 20 @ 3340 updates, score 0.794288) (writing took 0.583067 seconds) (checkpoint_utils.py:81, save_checkpoint())
[2021-04-20 10:51:21]    INFO >> epoch 021:    161 / 168 loss=0.547, mrr=899.145, sample_size=1000, wps=778.1, ups=0.78, wpb=1000, bsz=1000, num_updates=3500, lr=0.0005, gnorm=2.146, clip=100, train_wall=613, wall=4479 (progress_bar.py:262, log())
[2021-04-20 10:51:30]    INFO >> epoch 021 | loss 0.524 | mrr 0.903201 | sample_size 1000 | wps 768.9 | ups 0.77 | wpb 1000 | bsz 1000 | num_updates 3507 | lr 0.0005 | gnorm 2.107 | clip 100 | train_wall 206 | wall 4488 (progress_bar.py:269, print())
[2021-04-20 10:51:36]    INFO >> epoch 021 | valid on 'valid' subset | loss 1.305 | mrr 0.797256 | sample_size 1000 | wps 1876.1 | wpb 1000 | bsz 1000 | num_updates 3507 | best_mrr 797.256 (progress_bar.py:269, print())
[2021-04-20 10:51:37]    INFO >> saved checkpoint /data/yanghe/ncc_data/codexglue/code_to_text/retrieval/data-mmap/go/conv1d_res/checkpoints/checkpoint_best.pt (epoch 21 @ 3507 updates, score 0.797256) (writing took 0.684563 seconds) (checkpoint_utils.py:81, save_checkpoint())
[2021-04-20 10:55:04]    INFO >> epoch 022 | loss 0.494 | mrr 0.908287 | sample_size 1000 | wps 780.9 | ups 0.78 | wpb 1000 | bsz 1000 | num_updates 3674 | lr 0.0005 | gnorm 2.148 | clip 100 | train_wall 203 | wall 4702 (progress_bar.py:269, print())
[2021-04-20 10:55:10]    INFO >> epoch 022 | valid on 'valid' subset | loss 1.4 | mrr 0.791951 | sample_size 1000 | wps 1868.7 | wpb 1000 | bsz 1000 | num_updates 3674 | best_mrr 791.951 (progress_bar.py:269, print())
[2021-04-20 10:55:10]    INFO >> saved checkpoint /data/yanghe/ncc_data/codexglue/code_to_text/retrieval/data-mmap/go/conv1d_res/checkpoints/checkpoint_last.pt (epoch 22 @ 3674 updates, score 0.791951) (writing took 0.263509 seconds) (checkpoint_utils.py:81, save_checkpoint())
[2021-04-20 10:58:36]    INFO >> epoch 023 | loss 0.481 | mrr 0.910861 | sample_size 1000 | wps 787.3 | ups 0.79 | wpb 1000 | bsz 1000 | num_updates 3841 | lr 0.0005 | gnorm 2.134 | clip 100 | train_wall 203 | wall 4914 (progress_bar.py:269, print())
[2021-04-20 10:58:42]    INFO >> epoch 023 | valid on 'valid' subset | loss 1.389 | mrr 0.794471 | sample_size 1000 | wps 1894.1 | wpb 1000 | bsz 1000 | num_updates 3841 | best_mrr 794.471 (progress_bar.py:269, print())
[2021-04-20 10:58:42]    INFO >> saved checkpoint /data/yanghe/ncc_data/codexglue/code_to_text/retrieval/data-mmap/go/conv1d_res/checkpoints/checkpoint_last.pt (epoch 23 @ 3841 updates, score 0.794471) (writing took 0.304743 seconds) (checkpoint_utils.py:81, save_checkpoint())
[2021-04-20 11:02:01]    INFO >> epoch 024:    160 / 168 loss=0.476, mrr=911.688, sample_size=1000, wps=781.7, ups=0.78, wpb=1000, bsz=1000, num_updates=4000, lr=0.0005, gnorm=2.111, clip=100, train_wall=610, wall=5119 (progress_bar.py:262, log())
[2021-04-20 11:02:11]    INFO >> epoch 024 | loss 0.452 | mrr 0.916455 | sample_size 1000 | wps 777.4 | ups 0.78 | wpb 1000 | bsz 1000 | num_updates 4008 | lr 0.0005 | gnorm 2.056 | clip 100 | train_wall 205 | wall 5129 (progress_bar.py:269, print())
[2021-04-20 11:02:18]    INFO >> epoch 024 | valid on 'valid' subset | loss 1.362 | mrr 0.796143 | sample_size 1000 | wps 1855.7 | wpb 1000 | bsz 1000 | num_updates 4008 | best_mrr 796.143 (progress_bar.py:269, print())
[2021-04-20 11:02:18]    INFO >> saved checkpoint /data/yanghe/ncc_data/codexglue/code_to_text/retrieval/data-mmap/go/conv1d_res/checkpoints/checkpoint_last.pt (epoch 24 @ 4008 updates, score 0.796143) (writing took 0.267627 seconds) (checkpoint_utils.py:81, save_checkpoint())
[2021-04-20 11:05:43]    INFO >> epoch 025 | loss 0.439 | mrr 0.91902 | sample_size 1000 | wps 788.9 | ups 0.79 | wpb 1000 | bsz 1000 | num_updates 4175 | lr 0.0005 | gnorm 2.069 | clip 100 | train_wall 201 | wall 5341 (progress_bar.py:269, print())
[2021-04-20 11:05:49]    INFO >> epoch 025 | valid on 'valid' subset | loss 1.386 | mrr 0.793387 | sample_size 1000 | wps 1859.5 | wpb 1000 | bsz 1000 | num_updates 4175 | best_mrr 793.387 (progress_bar.py:269, print())
[2021-04-20 11:05:49]    INFO >> saved checkpoint /data/yanghe/ncc_data/codexglue/code_to_text/retrieval/data-mmap/go/conv1d_res/checkpoints/checkpoint_last.pt (epoch 25 @ 4175 updates, score 0.793387) (writing took 0.322511 seconds) (checkpoint_utils.py:81, save_checkpoint())
[2021-04-20 11:09:15]    INFO >> epoch 026 | loss 0.416 | mrr 0.923347 | sample_size 1000 | wps 786.9 | ups 0.79 | wpb 1000 | bsz 1000 | num_updates 4342 | lr 0.0005 | gnorm 2.045 | clip 100 | train_wall 203 | wall 5553 (progress_bar.py:269, print())
[2021-04-20 11:09:21]    INFO >> epoch 026 | valid on 'valid' subset | loss 1.381 | mrr 0.795356 | sample_size 1000 | wps 1908.6 | wpb 1000 | bsz 1000 | num_updates 4342 | best_mrr 795.356 (progress_bar.py:269, print())
[2021-04-20 11:09:21]    INFO >> saved checkpoint /data/yanghe/ncc_data/codexglue/code_to_text/retrieval/data-mmap/go/conv1d_res/checkpoints/checkpoint_last.pt (epoch 26 @ 4342 updates, score 0.795356) (writing took 0.226365 seconds) (checkpoint_utils.py:81, save_checkpoint())
[2021-04-20 11:12:39]    INFO >> epoch 027:    159 / 168 loss=0.42, mrr=922.355, sample_size=1000, wps=783.5, ups=0.78, wpb=1000, bsz=1000, num_updates=4500, lr=0.0005, gnorm=2.049, clip=100, train_wall=609, wall=5757 (progress_bar.py:262, log())
[2021-04-20 11:12:49]    INFO >> epoch 027 | loss 0.404 | mrr 0.925037 | sample_size 1000 | wps 778.9 | ups 0.78 | wpb 1000 | bsz 1000 | num_updates 4509 | lr 0.0005 | gnorm 2.03 | clip 100 | train_wall 205 | wall 5768 (progress_bar.py:269, print())
[2021-04-20 11:12:55]    INFO >> epoch 027 | valid on 'valid' subset | loss 1.412 | mrr 0.79302 | sample_size 1000 | wps 1897.6 | wpb 1000 | bsz 1000 | num_updates 4509 | best_mrr 793.02 (progress_bar.py:269, print())
[2021-04-20 11:12:56]    INFO >> saved checkpoint /data/yanghe/ncc_data/codexglue/code_to_text/retrieval/data-mmap/go/conv1d_res/checkpoints/checkpoint_last.pt (epoch 27 @ 4509 updates, score 0.79302) (writing took 0.272935 seconds) (checkpoint_utils.py:81, save_checkpoint())
[2021-04-20 11:16:23]    INFO >> epoch 028 | loss 0.391 | mrr 0.927346 | sample_size 1000 | wps 780 | ups 0.78 | wpb 1000 | bsz 1000 | num_updates 4676 | lr 0.0005 | gnorm 2.083 | clip 100 | train_wall 205 | wall 5982 (progress_bar.py:269, print())
[2021-04-20 11:16:29]    INFO >> epoch 028 | valid on 'valid' subset | loss 1.414 | mrr 0.793613 | sample_size 1000 | wps 1891.3 | wpb 1000 | bsz 1000 | num_updates 4676 | best_mrr 793.613 (progress_bar.py:269, print())
[2021-04-20 11:16:29]    INFO >> saved checkpoint /data/yanghe/ncc_data/codexglue/code_to_text/retrieval/data-mmap/go/conv1d_res/checkpoints/checkpoint_last.pt (epoch 28 @ 4676 updates, score 0.793613) (writing took 0.220858 seconds) (checkpoint_utils.py:81, save_checkpoint())
[2021-04-20 11:19:55]    INFO >> epoch 029 | loss 0.374 | mrr 0.930687 | sample_size 1000 | wps 790.6 | ups 0.79 | wpb 1000 | bsz 1000 | num_updates 4843 | lr 0.0005 | gnorm 2.033 | clip 100 | train_wall 202 | wall 6193 (progress_bar.py:269, print())
[2021-04-20 11:20:01]    INFO >> epoch 029 | valid on 'valid' subset | loss 1.384 | mrr 0.797109 | sample_size 1000 | wps 1871.1 | wpb 1000 | bsz 1000 | num_updates 4843 | best_mrr 797.109 (progress_bar.py:269, print())
[2021-04-20 11:20:01]    INFO >> saved checkpoint /data/yanghe/ncc_data/codexglue/code_to_text/retrieval/data-mmap/go/conv1d_res/checkpoints/checkpoint_last.pt (epoch 29 @ 4843 updates, score 0.797109) (writing took 0.253463 seconds) (checkpoint_utils.py:81, save_checkpoint())
[2021-04-20 11:23:16]    INFO >> epoch 030:    158 / 168 loss=0.377, mrr=930.062, sample_size=1000, wps=784.5, ups=0.78, wpb=1000, bsz=1000, num_updates=5000, lr=0.0005, gnorm=2.028, clip=100, train_wall=609, wall=6394 (progress_bar.py:262, log())
[2021-04-20 11:23:29]    INFO >> epoch 030 | loss 0.365 | mrr 0.932509 | sample_size 1000 | wps 779.3 | ups 0.78 | wpb 1000 | bsz 1000 | num_updates 5010 | lr 0.0005 | gnorm 1.972 | clip 100 | train_wall 205 | wall 6407 (progress_bar.py:269, print())
[2021-04-20 11:23:36]    INFO >> epoch 030 | valid on 'valid' subset | loss 1.428 | mrr 0.795741 | sample_size 1000 | wps 1886 | wpb 1000 | bsz 1000 | num_updates 5010 | best_mrr 795.741 (progress_bar.py:269, print())
[2021-04-20 11:23:36]    INFO >> saved checkpoint /data/yanghe/ncc_data/codexglue/code_to_text/retrieval/data-mmap/go/conv1d_res/checkpoints/checkpoint_last.pt (epoch 30 @ 5010 updates, score 0.795741) (writing took 0.287264 seconds) (checkpoint_utils.py:81, save_checkpoint())
[2021-04-20 11:26:56]    INFO >> epoch 031 | loss 0.357 | mrr 0.933618 | sample_size 1000 | wps 807.7 | ups 0.81 | wpb 1000 | bsz 1000 | num_updates 5177 | lr 0.0005 | gnorm 1.977 | clip 100 | train_wall 197 | wall 6614 (progress_bar.py:269, print())
[2021-04-20 11:27:01]    INFO >> epoch 031 | valid on 'valid' subset | loss 1.432 | mrr 0.79893 | sample_size 1000 | wps 2244.7 | wpb 1000 | bsz 1000 | num_updates 5177 | best_mrr 798.93 (progress_bar.py:269, print())
[2021-04-20 11:27:02]    INFO >> saved checkpoint /data/yanghe/ncc_data/codexglue/code_to_text/retrieval/data-mmap/go/conv1d_res/checkpoints/checkpoint_best.pt (epoch 31 @ 5177 updates, score 0.79893) (writing took 0.502464 seconds) (checkpoint_utils.py:81, save_checkpoint())
[2021-04-20 11:29:48]    INFO >> epoch 032 | loss 0.34 | mrr 0.936637 | sample_size 1000 | wps 971.7 | ups 0.97 | wpb 1000 | bsz 1000 | num_updates 5344 | lr 0.0005 | gnorm 2.022 | clip 100 | train_wall 163 | wall 6786 (progress_bar.py:269, print())
[2021-04-20 11:29:54]    INFO >> epoch 032 | valid on 'valid' subset | loss 1.456 | mrr 0.798251 | sample_size 1000 | wps 2256 | wpb 1000 | bsz 1000 | num_updates 5344 | best_mrr 798.251 (progress_bar.py:269, print())
[2021-04-20 11:29:54]    INFO >> saved checkpoint /data/yanghe/ncc_data/codexglue/code_to_text/retrieval/data-mmap/go/conv1d_res/checkpoints/checkpoint_last.pt (epoch 32 @ 5344 updates, score 0.798251) (writing took 0.353153 seconds) (checkpoint_utils.py:81, save_checkpoint())
[2021-04-20 11:32:29]    INFO >> epoch 033:    157 / 168 loss=0.344, mrr=936.177, sample_size=1000, wps=903.8, ups=0.9, wpb=1000, bsz=1000, num_updates=5500, lr=0.0005, gnorm=1.992, clip=100, train_wall=524, wall=6948 (progress_bar.py:262, log())
[2021-04-20 11:32:41]    INFO >> epoch 033 | loss 0.334 | mrr 0.938622 | sample_size 1000 | wps 964.9 | ups 0.96 | wpb 1000 | bsz 1000 | num_updates 5511 | lr 0.0005 | gnorm 1.978 | clip 100 | train_wall 163 | wall 6959 (progress_bar.py:269, print())
[2021-04-20 11:32:46]    INFO >> epoch 033 | valid on 'valid' subset | loss 1.462 | mrr 0.800536 | sample_size 1000 | wps 2320.7 | wpb 1000 | bsz 1000 | num_updates 5511 | best_mrr 800.536 (progress_bar.py:269, print())
[2021-04-20 11:32:46]    INFO >> saved checkpoint /data/yanghe/ncc_data/codexglue/code_to_text/retrieval/data-mmap/go/conv1d_res/checkpoints/checkpoint_best.pt (epoch 33 @ 5511 updates, score 0.800536) (writing took 0.483830 seconds) (checkpoint_utils.py:81, save_checkpoint())
[2021-04-20 11:35:37]    INFO >> epoch 034 | loss 0.325 | mrr 0.939808 | sample_size 1000 | wps 946.8 | ups 0.95 | wpb 1000 | bsz 1000 | num_updates 5678 | lr 0.0005 | gnorm 1.974 | clip 100 | train_wall 166 | wall 7135 (progress_bar.py:269, print())
[2021-04-20 11:35:43]    INFO >> epoch 034 | valid on 'valid' subset | loss 1.432 | mrr 0.797778 | sample_size 1000 | wps 2565 | wpb 1000 | bsz 1000 | num_updates 5678 | best_mrr 797.778 (progress_bar.py:269, print())
[2021-04-20 11:35:43]    INFO >> saved checkpoint /data/yanghe/ncc_data/codexglue/code_to_text/retrieval/data-mmap/go/conv1d_res/checkpoints/checkpoint_last.pt (epoch 34 @ 5678 updates, score 0.797778) (writing took 0.468120 seconds) (checkpoint_utils.py:81, save_checkpoint())
[2021-04-20 11:38:32]    INFO >> epoch 035 | loss 0.315 | mrr 0.94205 | sample_size 1000 | wps 953.8 | ups 0.95 | wpb 1000 | bsz 1000 | num_updates 5845 | lr 0.0005 | gnorm 1.937 | clip 100 | train_wall 165 | wall 7311 (progress_bar.py:269, print())
[2021-04-20 11:38:37]    INFO >> epoch 035 | valid on 'valid' subset | loss 1.424 | mrr 0.798184 | sample_size 1000 | wps 3017.4 | wpb 1000 | bsz 1000 | num_updates 5845 | best_mrr 798.184 (progress_bar.py:269, print())
[2021-04-20 11:38:37]    INFO >> saved checkpoint /data/yanghe/ncc_data/codexglue/code_to_text/retrieval/data-mmap/go/conv1d_res/checkpoints/checkpoint_last.pt (epoch 35 @ 5845 updates, score 0.798184) (writing took 0.305372 seconds) (checkpoint_utils.py:81, save_checkpoint())
[2021-04-20 11:41:13]    INFO >> epoch 036:    156 / 168 loss=0.317, mrr=941.498, sample_size=1000, wps=954.9, ups=0.95, wpb=1000, bsz=1000, num_updates=6000, lr=0.0005, gnorm=1.949, clip=100, train_wall=495, wall=7471 (progress_bar.py:262, log())
[2021-04-20 11:41:24]    INFO >> epoch 036 | loss 0.312 | mrr 0.942743 | sample_size 1000 | wps 971.1 | ups 0.97 | wpb 1000 | bsz 1000 | num_updates 6012 | lr 0.0005 | gnorm 1.933 | clip 100 | train_wall 164 | wall 7483 (progress_bar.py:269, print())
[2021-04-20 11:41:29]    INFO >> epoch 036 | valid on 'valid' subset | loss 1.421 | mrr 0.799723 | sample_size 1000 | wps 2807.6 | wpb 1000 | bsz 1000 | num_updates 6012 | best_mrr 799.723 (progress_bar.py:269, print())
[2021-04-20 11:41:29]    INFO >> saved checkpoint /data/yanghe/ncc_data/codexglue/code_to_text/retrieval/data-mmap/go/conv1d_res/checkpoints/checkpoint_last.pt (epoch 36 @ 6012 updates, score 0.799723) (writing took 0.363793 seconds) (checkpoint_utils.py:81, save_checkpoint())
[2021-04-20 11:44:16]    INFO >> epoch 037 | loss 0.298 | mrr 0.944733 | sample_size 1000 | wps 971.1 | ups 0.97 | wpb 1000 | bsz 1000 | num_updates 6179 | lr 0.0005 | gnorm 1.907 | clip 100 | train_wall 164 | wall 7654 (progress_bar.py:269, print())
[2021-04-20 11:44:21]    INFO >> epoch 037 | valid on 'valid' subset | loss 1.411 | mrr 0.796848 | sample_size 1000 | wps 2315.9 | wpb 1000 | bsz 1000 | num_updates 6179 | best_mrr 796.848 (progress_bar.py:269, print())
[2021-04-20 11:44:22]    INFO >> saved checkpoint /data/yanghe/ncc_data/codexglue/code_to_text/retrieval/data-mmap/go/conv1d_res/checkpoints/checkpoint_last.pt (epoch 37 @ 6179 updates, score 0.796848) (writing took 0.312589 seconds) (checkpoint_utils.py:81, save_checkpoint())
[2021-04-20 11:47:08]    INFO >> epoch 038 | loss 0.288 | mrr 0.946344 | sample_size 1000 | wps 970.6 | ups 0.97 | wpb 1000 | bsz 1000 | num_updates 6346 | lr 0.0005 | gnorm 1.91 | clip 100 | train_wall 163 | wall 7827 (progress_bar.py:269, print())
[2021-04-20 11:47:14]    INFO >> epoch 038 | valid on 'valid' subset | loss 1.449 | mrr 0.796807 | sample_size 1000 | wps 2339.2 | wpb 1000 | bsz 1000 | num_updates 6346 | best_mrr 796.807 (progress_bar.py:269, print())
[2021-04-20 11:47:14]    INFO >> saved checkpoint /data/yanghe/ncc_data/codexglue/code_to_text/retrieval/data-mmap/go/conv1d_res/checkpoints/checkpoint_last.pt (epoch 38 @ 6346 updates, score 0.796807) (writing took 0.421941 seconds) (checkpoint_utils.py:81, save_checkpoint())
[2021-04-20 11:49:49]    INFO >> epoch 039:    155 / 168 loss=0.291, mrr=945.851, sample_size=1000, wps=969.4, ups=0.97, wpb=1000, bsz=1000, num_updates=6500, lr=0.0005, gnorm=1.899, clip=100, train_wall=490, wall=7987 (progress_bar.py:262, log())
[2021-04-20 11:50:00]    INFO >> epoch 039 | loss 0.284 | mrr 0.947071 | sample_size 1000 | wps 972.9 | ups 0.97 | wpb 1000 | bsz 1000 | num_updates 6513 | lr 0.0005 | gnorm 1.886 | clip 100 | train_wall 162 | wall 7998 (progress_bar.py:269, print())
[2021-04-20 11:50:05]    INFO >> epoch 039 | valid on 'valid' subset | loss 1.439 | mrr 0.796403 | sample_size 1000 | wps 2291.6 | wpb 1000 | bsz 1000 | num_updates 6513 | best_mrr 796.403 (progress_bar.py:269, print())
[2021-04-20 11:50:05]    INFO >> saved checkpoint /data/yanghe/ncc_data/codexglue/code_to_text/retrieval/data-mmap/go/conv1d_res/checkpoints/checkpoint_last.pt (epoch 39 @ 6513 updates, score 0.796403) (writing took 0.257612 seconds) (checkpoint_utils.py:81, save_checkpoint())
[2021-04-20 11:52:52]    INFO >> epoch 040 | loss 0.281 | mrr 0.947927 | sample_size 1000 | wps 970 | ups 0.97 | wpb 1000 | bsz 1000 | num_updates 6680 | lr 0.0005 | gnorm 1.895 | clip 100 | train_wall 164 | wall 8170 (progress_bar.py:269, print())
[2021-04-20 11:52:57]    INFO >> epoch 040 | valid on 'valid' subset | loss 1.433 | mrr 0.797602 | sample_size 1000 | wps 2266.9 | wpb 1000 | bsz 1000 | num_updates 6680 | best_mrr 797.602 (progress_bar.py:269, print())
[2021-04-20 11:52:58]    INFO >> saved checkpoint /data/yanghe/ncc_data/codexglue/code_to_text/retrieval/data-mmap/go/conv1d_res/checkpoints/checkpoint_last.pt (epoch 40 @ 6680 updates, score 0.797602) (writing took 0.255170 seconds) (checkpoint_utils.py:81, save_checkpoint())
[2021-04-20 11:55:46]    INFO >> epoch 041 | loss 0.268 | mrr 0.950317 | sample_size 1000 | wps 961.5 | ups 0.96 | wpb 1000 | bsz 1000 | num_updates 6847 | lr 0.0005 | gnorm 1.848 | clip 100 | train_wall 165 | wall 8344 (progress_bar.py:269, print())
[2021-04-20 11:55:51]    INFO >> epoch 041 | valid on 'valid' subset | loss 1.431 | mrr 0.799207 | sample_size 1000 | wps 2281.5 | wpb 1000 | bsz 1000 | num_updates 6847 | best_mrr 799.207 (progress_bar.py:269, print())
[2021-04-20 11:55:51]    INFO >> saved checkpoint /data/yanghe/ncc_data/codexglue/code_to_text/retrieval/data-mmap/go/conv1d_res/checkpoints/checkpoint_last.pt (epoch 41 @ 6847 updates, score 0.799207) (writing took 0.308648 seconds) (checkpoint_utils.py:81, save_checkpoint())
[2021-04-20 11:58:24]    INFO >> epoch 042:    153 / 168 loss=0.273, mrr=949.343, sample_size=1000, wps=971.1, ups=0.97, wpb=1000, bsz=1000, num_updates=7000, lr=0.0005, gnorm=1.871, clip=100, train_wall=489, wall=8502 (progress_bar.py:262, log())
[2021-04-20 11:58:37]    INFO >> epoch 042 | loss 0.268 | mrr 0.95014 | sample_size 1000 | wps 972.6 | ups 0.97 | wpb 1000 | bsz 1000 | num_updates 7014 | lr 0.0005 | gnorm 1.859 | clip 100 | train_wall 163 | wall 8516 (progress_bar.py:269, print())
[2021-04-20 11:58:43]    INFO >> epoch 042 | valid on 'valid' subset | loss 1.442 | mrr 0.802639 | sample_size 1000 | wps 2256.5 | wpb 1000 | bsz 1000 | num_updates 7014 | best_mrr 802.639 (progress_bar.py:269, print())
[2021-04-20 11:58:43]    INFO >> saved checkpoint /data/yanghe/ncc_data/codexglue/code_to_text/retrieval/data-mmap/go/conv1d_res/checkpoints/checkpoint_best.pt (epoch 42 @ 7014 updates, score 0.802639) (writing took 0.684167 seconds) (checkpoint_utils.py:81, save_checkpoint())
[2021-04-20 12:01:30]    INFO >> epoch 043 | loss 0.26 | mrr 0.951972 | sample_size 1000 | wps 970.6 | ups 0.97 | wpb 1000 | bsz 1000 | num_updates 7181 | lr 0.0005 | gnorm 1.838 | clip 100 | train_wall 163 | wall 8688 (progress_bar.py:269, print())
[2021-04-20 12:01:35]    INFO >> epoch 043 | valid on 'valid' subset | loss 1.399 | mrr 0.796822 | sample_size 1000 | wps 2291.4 | wpb 1000 | bsz 1000 | num_updates 7181 | best_mrr 796.822 (progress_bar.py:269, print())
[2021-04-20 12:01:35]    INFO >> saved checkpoint /data/yanghe/ncc_data/codexglue/code_to_text/retrieval/data-mmap/go/conv1d_res/checkpoints/checkpoint_last.pt (epoch 43 @ 7181 updates, score 0.796822) (writing took 0.271748 seconds) (checkpoint_utils.py:81, save_checkpoint())
[2021-04-20 12:04:19]    INFO >> epoch 044 | loss 0.253 | mrr 0.953584 | sample_size 1000 | wps 987 | ups 0.99 | wpb 1000 | bsz 1000 | num_updates 7348 | lr 0.0005 | gnorm 1.806 | clip 100 | train_wall 160 | wall 8857 (progress_bar.py:269, print())
[2021-04-20 12:04:23]    INFO >> epoch 044 | valid on 'valid' subset | loss 1.418 | mrr 0.802501 | sample_size 1000 | wps 2976.1 | wpb 1000 | bsz 1000 | num_updates 7348 | best_mrr 802.501 (progress_bar.py:269, print())
[2021-04-20 12:04:24]    INFO >> saved checkpoint /data/yanghe/ncc_data/codexglue/code_to_text/retrieval/data-mmap/go/conv1d_res/checkpoints/checkpoint_last.pt (epoch 44 @ 7348 updates, score 0.802501) (writing took 0.317655 seconds) (checkpoint_utils.py:81, save_checkpoint())
[2021-04-20 12:06:13]    INFO >> epoch 045:    153 / 168 loss=0.255, mrr=952.967, sample_size=1000, wps=1064.7, ups=1.06, wpb=1000, bsz=1000, num_updates=7500, lr=0.0005, gnorm=1.831, clip=100, train_wall=443, wall=8972 (progress_bar.py:262, log())
[2021-04-20 12:06:25]    INFO >> epoch 045 | loss 0.251 | mrr 0.953587 | sample_size 1000 | wps 1326.2 | ups 1.33 | wpb 1000 | bsz 1000 | num_updates 7515 | lr 0.0005 | gnorm 1.827 | clip 100 | train_wall 118 | wall 8983 (progress_bar.py:269, print())
[2021-04-20 12:06:30]    INFO >> epoch 045 | valid on 'valid' subset | loss 1.459 | mrr 0.796497 | sample_size 1000 | wps 2923.8 | wpb 1000 | bsz 1000 | num_updates 7515 | best_mrr 796.497 (progress_bar.py:269, print())
[2021-04-20 12:06:31]    INFO >> saved checkpoint /data/yanghe/ncc_data/codexglue/code_to_text/retrieval/data-mmap/go/conv1d_res/checkpoints/checkpoint_last.pt (epoch 45 @ 7515 updates, score 0.796497) (writing took 0.246452 seconds) (checkpoint_utils.py:81, save_checkpoint())
[2021-04-20 12:08:34]    INFO >> epoch 046 | loss 0.244 | mrr 0.955123 | sample_size 1000 | wps 1291.7 | ups 1.29 | wpb 1000 | bsz 1000 | num_updates 7682 | lr 0.0005 | gnorm 1.814 | clip 100 | train_wall 120 | wall 9112 (progress_bar.py:269, print())
[2021-04-20 12:08:40]    INFO >> epoch 046 | valid on 'valid' subset | loss 1.482 | mrr 0.799627 | sample_size 1000 | wps 2933.2 | wpb 1000 | bsz 1000 | num_updates 7682 | best_mrr 799.627 (progress_bar.py:269, print())
[2021-04-20 12:08:40]    INFO >> saved checkpoint /data/yanghe/ncc_data/codexglue/code_to_text/retrieval/data-mmap/go/conv1d_res/checkpoints/checkpoint_last.pt (epoch 46 @ 7682 updates, score 0.799627) (writing took 0.250345 seconds) (checkpoint_utils.py:81, save_checkpoint())
[2021-04-20 12:10:44]    INFO >> epoch 047 | loss 0.238 | mrr 0.956087 | sample_size 1000 | wps 1285.8 | ups 1.29 | wpb 1000 | bsz 1000 | num_updates 7849 | lr 0.0005 | gnorm 1.8 | clip 100 | train_wall 121 | wall 9242 (progress_bar.py:269, print())
[2021-04-20 12:10:49]    INFO >> epoch 047 | valid on 'valid' subset | loss 1.463 | mrr 0.79724 | sample_size 1000 | wps 2994 | wpb 1000 | bsz 1000 | num_updates 7849 | best_mrr 797.24 (progress_bar.py:269, print())
[2021-04-20 12:10:49]    INFO >> saved checkpoint /data/yanghe/ncc_data/codexglue/code_to_text/retrieval/data-mmap/go/conv1d_res/checkpoints/checkpoint_last.pt (epoch 47 @ 7849 updates, score 0.79724) (writing took 0.400610 seconds) (checkpoint_utils.py:81, save_checkpoint())
[2021-04-20 12:12:44]    INFO >> epoch 048:    152 / 168 loss=0.239, mrr=955.913, sample_size=1000, wps=1280.1, ups=1.28, wpb=1000, bsz=1000, num_updates=8000, lr=0.0005, gnorm=1.791, clip=100, train_wall=364, wall=9362 (progress_bar.py:262, log())
[2021-04-20 12:12:56]    INFO >> epoch 048 | loss 0.234 | mrr 0.956849 | sample_size 1000 | wps 1262.4 | ups 1.26 | wpb 1000 | bsz 1000 | num_updates 8016 | lr 0.0005 | gnorm 1.782 | clip 100 | train_wall 124 | wall 9374 (progress_bar.py:269, print())
[2021-04-20 12:13:02]    INFO >> epoch 048 | valid on 'valid' subset | loss 1.471 | mrr 0.800795 | sample_size 1000 | wps 2979.8 | wpb 1000 | bsz 1000 | num_updates 8016 | best_mrr 800.795 (progress_bar.py:269, print())
[2021-04-20 12:13:02]    INFO >> saved checkpoint /data/yanghe/ncc_data/codexglue/code_to_text/retrieval/data-mmap/go/conv1d_res/checkpoints/checkpoint_last.pt (epoch 48 @ 8016 updates, score 0.800795) (writing took 0.236259 seconds) (checkpoint_utils.py:81, save_checkpoint())
[2021-04-20 12:15:06]    INFO >> epoch 049 | loss 0.23 | mrr 0.957698 | sample_size 1000 | wps 1290.4 | ups 1.29 | wpb 1000 | bsz 1000 | num_updates 8183 | lr 0.0005 | gnorm 1.795 | clip 100 | train_wall 120 | wall 9504 (progress_bar.py:269, print())
[2021-04-20 12:15:11]    INFO >> epoch 049 | valid on 'valid' subset | loss 1.495 | mrr 0.802626 | sample_size 1000 | wps 2900.4 | wpb 1000 | bsz 1000 | num_updates 8183 | best_mrr 802.626 (progress_bar.py:269, print())
[2021-04-20 12:15:11]    INFO >> saved checkpoint /data/yanghe/ncc_data/codexglue/code_to_text/retrieval/data-mmap/go/conv1d_res/checkpoints/checkpoint_last.pt (epoch 49 @ 8183 updates, score 0.802626) (writing took 0.224068 seconds) (checkpoint_utils.py:81, save_checkpoint())
[2021-04-20 12:17:14]    INFO >> epoch 050 | loss 0.225 | mrr 0.958834 | sample_size 1000 | wps 1297.1 | ups 1.3 | wpb 1000 | bsz 1000 | num_updates 8350 | lr 0.0005 | gnorm 1.814 | clip 100 | train_wall 120 | wall 9633 (progress_bar.py:269, print())
[2021-04-20 12:17:19]    INFO >> epoch 050 | valid on 'valid' subset | loss 1.438 | mrr 0.801255 | sample_size 1000 | wps 3011.3 | wpb 1000 | bsz 1000 | num_updates 8350 | best_mrr 801.255 (progress_bar.py:269, print())
[2021-04-20 12:17:19]    INFO >> saved checkpoint /data/yanghe/ncc_data/codexglue/code_to_text/retrieval/data-mmap/go/conv1d_res/checkpoints/checkpoint_last.pt (epoch 50 @ 8350 updates, score 0.801255) (writing took 0.212028 seconds) (checkpoint_utils.py:81, save_checkpoint())
[2021-04-20 12:19:13]    INFO >> epoch 051:    151 / 168 loss=0.226, mrr=958.639, sample_size=1000, wps=1285.2, ups=1.29, wpb=1000, bsz=1000, num_updates=8500, lr=0.0005, gnorm=1.805, clip=100, train_wall=363, wall=9751 (progress_bar.py:262, log())
[2021-04-20 12:19:26]    INFO >> epoch 051 | loss 0.22 | mrr 0.959559 | sample_size 1000 | wps 1270.2 | ups 1.27 | wpb 1000 | bsz 1000 | num_updates 8517 | lr 0.0005 | gnorm 1.788 | clip 100 | train_wall 124 | wall 9764 (progress_bar.py:269, print())
[2021-04-20 12:19:32]    INFO >> epoch 051 | valid on 'valid' subset | loss 1.483 | mrr 0.798156 | sample_size 1000 | wps 2900.5 | wpb 1000 | bsz 1000 | num_updates 8517 | best_mrr 798.156 (progress_bar.py:269, print())
[2021-04-20 12:19:32]    INFO >> saved checkpoint /data/yanghe/ncc_data/codexglue/code_to_text/retrieval/data-mmap/go/conv1d_res/checkpoints/checkpoint_last.pt (epoch 51 @ 8517 updates, score 0.798156) (writing took 0.216514 seconds) (checkpoint_utils.py:81, save_checkpoint())
[2021-04-20 12:21:33]    INFO >> epoch 052 | loss 0.216 | mrr 0.960406 | sample_size 1000 | wps 1308.5 | ups 1.31 | wpb 1000 | bsz 1000 | num_updates 8684 | lr 0.0005 | gnorm 1.824 | clip 100 | train_wall 118 | wall 9892 (progress_bar.py:269, print())
[2021-04-20 12:21:39]    INFO >> epoch 052 | valid on 'valid' subset | loss 1.455 | mrr 0.800487 | sample_size 1000 | wps 2899.4 | wpb 1000 | bsz 1000 | num_updates 8684 | best_mrr 800.487 (progress_bar.py:269, print())
[2021-04-20 12:21:39]    INFO >> saved checkpoint /data/yanghe/ncc_data/codexglue/code_to_text/retrieval/data-mmap/go/conv1d_res/checkpoints/checkpoint_last.pt (epoch 52 @ 8684 updates, score 0.800487) (writing took 0.283124 seconds) (checkpoint_utils.py:81, save_checkpoint())
[2021-04-20 12:21:39]    INFO >> early stop since valid performance hasn't improved for last 10 runs (train.py:191, should_stop_early())
[2021-04-20 12:21:39]    INFO >> early stop since valid performance hasn't improved for last 10 runs (train.py:272, single_main())
[2021-04-20 12:21:39]    INFO >> done training in 9897.2 seconds (train.py:283, single_main())
