nohup: 忽略输入
[2021-04-20 09:36:17]    INFO >> Load arguments in /home/yanghe/Documents/naturalcc-dev/run/retrieval/conv1d/config/csn_feng/javascript.yml (train.py:302, cli_main())
[2021-04-20 09:36:17]    INFO >> {'criterion': 'retrieval_softmax', 'optimizer': 'torch_adam', 'lr_scheduler': 'fixed', 'tokenizer': None, 'bpe': None, 'common': {'no_progress_bar': 0, 'log_interval': 500, 'log_format': 'simple', 'tensorboard_logdir': '', 'seed': 0, 'cpu': 0, 'fp16': 0, 'memory_efficient_fp16': 0, 'fp16_no_flatten_grads': 0, 'fp16_init_scale': 128, 'fp16_scale_window': None, 'fp16_scale_tolerance': 0.0, 'min_loss_scale': 0.0001, 'threshold_loss_scale': None, 'user_dir': None, 'empty_cache_freq': 0, 'all_gather_list_size': 16384, 'task': 'hybrid_retrieval'}, 'dataset': {'num_workers': 1, 'skip_invalid_size_inputs_valid_test': 0, 'max_tokens': None, 'max_sentences': 1000, 'code_max_tokens': 200, 'query_max_tokens': 30, 'required_batch_size_multiple': 8, 'dataset_impl': 'mmap', 'train_subset': 'train', 'valid_subset': 'valid', 'validate_interval': 1, 'fixed_validation_seed': None, 'disable_validation': None, 'max_tokens_valid': None, 'max_sentences_valid': 1000, 'curriculum': 0, 'gen_subset': 'test', 'num_shards': 1, 'shard_id': 0, 'joined_dictionary': 0, 'langs': ['javascript']}, 'distributed_training': {'distributed_world_size': 1, 'distributed_rank': 0, 'distributed_backend': 'nccl', 'distributed_init_method': None, 'distributed_port': -1, 'device_id': 0, 'distributed_no_spawn': 0, 'ddp_backend': 'c10d', 'bucket_cap_mb': 25, 'fix_batches_to_gpus': None, 'find_unused_parameters': 0, 'fast_stat_sync': 0, 'broadcast_buffers': 0, 'global_sync_iter': 50, 'warmup_iterations': 500, 'local_rank': -1, 'block_momentum': 0.875, 'block_lr': 1, 'use_nbm': 0, 'average_sync': 0}, 'task': {'data': '/data/yanghe/ncc_data/codexglue/code_to_text/retrieval/data-mmap/all', 'sample_break_mode': 'complete', 'tokens_per_sample': 512, 'mask_prob': 0.15, 'leave_unmasked_prob': 0.1, 'random_token_prob': 0.1, 'freq_weighted_replacement': 0, 'mask_whole_words': 0, 'pooler_activation_fn': 'tanh', 'source_lang': 'code_tokens', 'target_lang': 'docstring_tokens', 'source_aux_lang': 'code_tokens.wo_func', 'target_aux_lang': 'func_name', 'fraction_using_func_name': 0.3, 'load_alignments': 0, 'left_pad_source': 1, 'left_pad_target': 0, 'upsample_primary': 1, 'truncate_source': 0, 'eval_mrr': 1}, 'model': {'arch': 'conv1d_res', 'code_embed_dim': 128, 'code_kernel_size': [16, 16, 16], 'code_residual': True, 'code_layers': [128, 128, 128], 'code_pooling': 'weighted_mean', 'code_activation_fn': 'tanh', 'code_position_encoding': 'learned', 'code_paddding': 'same', 'code_dropout': 0.1, 'query_embed_dim': 128, 'query_kernel_size': [16, 16, 16], 'query_residual': True, 'query_layers': [128, 128, 128], 'query_pooling': 'weighted_mean', 'query_activation_fn': 'tanh', 'query_position_encoding': 'learned', 'query_paddding': 'same', 'query_dropout': 0.1}, 'optimization': {'max_epoch': 300, 'max_update': 0, 'clip_norm': 1, 'sentence_avg': 0, 'update_freq': [1], 'lrs': [0.0005], 'min_lr': -1, 'use_bmuf': 0, 'lr_shrink': 1.0, 'force_anneal': 0, 'warmup_updates': 0, 'end_learning_rate': 0.0, 'power': 1.0, 'total_num_update': 1000000, 'adam': {'adam_betas': '(0.9, 0.999)', 'adam_eps': 1e-08, 'weight_decay': 0, 'use_old_adam': 1}, 'margin': 1, 'clip_norm_version': 'tf_clip_by_global_norm'}, 'checkpoint': {'save_dir': '/data/yanghe/ncc_data/codexglue/code_to_text/retrieval/data-mmap/javascript/conv1d_res/checkpoints', 'restore_file': 'checkpoint_last.pt', 'reset_dataloader': None, 'reset_lr_scheduler': None, 'reset_meters': None, 'reset_optimizer': None, 'optimizer_overrides': '{}', 'save_interval': 1, 'save_interval_updates': 0, 'keep_interval_updates': 0, 'keep_last_epochs': -1, 'keep_best_checkpoints': -1, 'no_save': 0, 'no_epoch_checkpoints': 1, 'no_last_checkpoints': 0, 'no_save_optimizer_state': None, 'best_checkpoint_metric': 'mrr', 'maximize_best_checkpoint_metric': 1, 'patience': 10}, 'eval': {'path': '/data/yanghe/ncc_data/codexglue/code_to_text/retrieval/data-mmap/javascript/conv1d_res/checkpoints/checkpoint_best.pt', 'quiet': 1, 'max_sentences': 1000, 'model_overrides': '{}', 'eval_size': -1}} (train.py:304, cli_main())
[2021-04-20 09:36:17]    INFO >> single GPU training... (train.py:333, cli_main())
[2021-04-20 09:36:17]    INFO >> loaded 3885 examples from: ['/data/yanghe/ncc_data/codexglue/code_to_text/retrieval/data-mmap/all/valid.javascript.code_tokens'] (hybrid_retrieval.py:54, load_tokens_dataset())
[2021-04-20 09:36:17]    INFO >> loaded 3885 examples from: ['/data/yanghe/ncc_data/codexglue/code_to_text/retrieval/data-mmap/all/valid.javascript.docstring_tokens'] (hybrid_retrieval.py:55, load_tokens_dataset())
[2021-04-20 09:36:17]    INFO >> Conv1dRes(
  (src_encoders): ModuleDict(
    (javascript): Conv1dResEncoder(
      (embed): Embedding(10000, 128)
      (weight_layer): Linear(in_features=128, out_features=1, bias=False)
      (conv_layers): ModuleList(
        (0): Conv2d(1, 128, kernel_size=(16, 128), stride=(1, 1))
        (1): Conv2d(1, 128, kernel_size=(16, 128), stride=(1, 1))
        (2): Conv2d(1, 128, kernel_size=(16, 128), stride=(1, 1))
      )
    )
  )
  (tgt_encoders): Conv1dResEncoder(
    (embed): Embedding(10000, 128)
    (weight_layer): Linear(in_features=128, out_features=1, bias=False)
    (conv_layers): ModuleList(
      (0): Conv2d(1, 128, kernel_size=(16, 128), stride=(1, 1))
      (1): Conv2d(1, 128, kernel_size=(16, 128), stride=(1, 1))
      (2): Conv2d(1, 128, kernel_size=(16, 128), stride=(1, 1))
    )
  )
) (train.py:223, single_main())
[2021-04-20 09:36:17]    INFO >> model conv1d_res, criterion SearchSoftmaxCriterion (train.py:224, single_main())
[2021-04-20 09:36:17]    INFO >> num. model params: 4163328 (num. trained: 4163328) (train.py:227, single_main())
[2021-04-20 09:36:23]    INFO >> training on 1 GPUs (train.py:233, single_main())
[2021-04-20 09:36:23]    INFO >> max tokens per GPU = None and max sentences per GPU = 1000 (train.py:236, single_main())
[2021-04-20 09:36:23]    INFO >> no existing checkpoint found /data/yanghe/ncc_data/codexglue/code_to_text/retrieval/data-mmap/javascript/conv1d_res/checkpoints/checkpoint_last.pt (ncc_trainers.py:270, load_checkpoint())
[2021-04-20 09:36:23]    INFO >> loading train data for epoch 1 (ncc_trainers.py:285, get_train_iterator())
[2021-04-20 09:36:23]    INFO >> loaded 58025 examples from: ['/data/yanghe/ncc_data/codexglue/code_to_text/retrieval/data-mmap/all/train.javascript.code_tokens'] (hybrid_retrieval.py:54, load_tokens_dataset())
[2021-04-20 09:36:23]    INFO >> loaded 58025 examples from: ['/data/yanghe/ncc_data/codexglue/code_to_text/retrieval/data-mmap/all/train.javascript.docstring_tokens'] (hybrid_retrieval.py:55, load_tokens_dataset())
[2021-04-20 09:36:23]    INFO >> loaded 58025 examples from: ['/data/yanghe/ncc_data/codexglue/code_to_text/retrieval/data-mmap/all/train.javascript.code_tokens.wo_func'] (hybrid_retrieval.py:67, load_tokens_dataset())
[2021-04-20 09:36:23]    INFO >> loaded 58025 examples from: ['/data/yanghe/ncc_data/codexglue/code_to_text/retrieval/data-mmap/all/train.javascript.func_name'] (hybrid_retrieval.py:81, load_tokens_dataset())
[2021-04-20 09:36:23]    INFO >> NOTE: your device may support faster training with fp16 (ncc_trainers.py:155, _setup_optimizer())
[2021-04-20 09:37:35]    INFO >> epoch 001 | loss 6.798 | mrr 0.012852 | sample_size 1000 | wps 848.7 | ups 0.85 | wpb 1000 | bsz 1000 | num_updates 58 | lr 0.0005 | gnorm 0.623 | clip 22.4 | train_wall 69 | wall 72 (progress_bar.py:269, print())
[2021-04-20 09:37:39]    INFO >> epoch 001 | valid on 'valid' subset | loss 6.63 | mrr 0.019266 | sample_size 1000 | wps 1675.7 | wpb 1000 | bsz 1000 | num_updates 58 (progress_bar.py:269, print())
[2021-04-20 09:37:39]    INFO >> saved checkpoint /data/yanghe/ncc_data/codexglue/code_to_text/retrieval/data-mmap/javascript/conv1d_res/checkpoints/checkpoint_best.pt (epoch 1 @ 58 updates, score 0.019266) (writing took 0.411294 seconds) (checkpoint_utils.py:81, save_checkpoint())
[2021-04-20 09:38:55]    INFO >> epoch 002 | loss 6.376 | mrr 0.027543 | sample_size 1000 | wps 721.5 | ups 0.72 | wpb 1000 | bsz 1000 | num_updates 116 | lr 0.0005 | gnorm 1.907 | clip 86.2 | train_wall 73 | wall 152 (progress_bar.py:269, print())
[2021-04-20 09:39:00]    INFO >> epoch 002 | valid on 'valid' subset | loss 6.298 | mrr 0.030599 | sample_size 1000 | wps 1633.1 | wpb 1000 | bsz 1000 | num_updates 116 | best_mrr 30.5989 (progress_bar.py:269, print())
[2021-04-20 09:39:01]    INFO >> saved checkpoint /data/yanghe/ncc_data/codexglue/code_to_text/retrieval/data-mmap/javascript/conv1d_res/checkpoints/checkpoint_best.pt (epoch 2 @ 116 updates, score 0.030599) (writing took 0.430806 seconds) (checkpoint_utils.py:81, save_checkpoint())
[2021-04-20 09:40:15]    INFO >> epoch 003 | loss 5.984 | mrr 0.046585 | sample_size 1000 | wps 728.2 | ups 0.73 | wpb 1000 | bsz 1000 | num_updates 174 | lr 0.0005 | gnorm 3.324 | clip 100 | train_wall 71 | wall 232 (progress_bar.py:269, print())
[2021-04-20 09:40:19]    INFO >> epoch 003 | valid on 'valid' subset | loss 6.144 | mrr 0.04343 | sample_size 1000 | wps 1635 | wpb 1000 | bsz 1000 | num_updates 174 | best_mrr 43.4296 (progress_bar.py:269, print())
[2021-04-20 09:40:20]    INFO >> saved checkpoint /data/yanghe/ncc_data/codexglue/code_to_text/retrieval/data-mmap/javascript/conv1d_res/checkpoints/checkpoint_best.pt (epoch 3 @ 174 updates, score 0.04343) (writing took 0.442371 seconds) (checkpoint_utils.py:81, save_checkpoint())
[2021-04-20 09:41:34]    INFO >> epoch 004 | loss 5.759 | mrr 0.060592 | sample_size 1000 | wps 734 | ups 0.73 | wpb 1000 | bsz 1000 | num_updates 232 | lr 0.0005 | gnorm 3.673 | clip 100 | train_wall 71 | wall 311 (progress_bar.py:269, print())
[2021-04-20 09:41:39]    INFO >> epoch 004 | valid on 'valid' subset | loss 6.026 | mrr 0.051984 | sample_size 1000 | wps 1665 | wpb 1000 | bsz 1000 | num_updates 232 | best_mrr 51.9838 (progress_bar.py:269, print())
[2021-04-20 09:41:39]    INFO >> saved checkpoint /data/yanghe/ncc_data/codexglue/code_to_text/retrieval/data-mmap/javascript/conv1d_res/checkpoints/checkpoint_best.pt (epoch 4 @ 232 updates, score 0.051984) (writing took 0.484268 seconds) (checkpoint_utils.py:81, save_checkpoint())
[2021-04-20 09:42:54]    INFO >> epoch 005 | loss 5.564 | mrr 0.076349 | sample_size 1000 | wps 721.6 | ups 0.72 | wpb 1000 | bsz 1000 | num_updates 290 | lr 0.0005 | gnorm 3.274 | clip 100 | train_wall 72 | wall 391 (progress_bar.py:269, print())
[2021-04-20 09:42:58]    INFO >> epoch 005 | valid on 'valid' subset | loss 5.88 | mrr 0.063877 | sample_size 1000 | wps 2058.1 | wpb 1000 | bsz 1000 | num_updates 290 | best_mrr 63.877 (progress_bar.py:269, print())
[2021-04-20 09:42:58]    INFO >> saved checkpoint /data/yanghe/ncc_data/codexglue/code_to_text/retrieval/data-mmap/javascript/conv1d_res/checkpoints/checkpoint_best.pt (epoch 5 @ 290 updates, score 0.063877) (writing took 0.543733 seconds) (checkpoint_utils.py:81, save_checkpoint())
[2021-04-20 09:44:13]    INFO >> epoch 006 | loss 5.371 | mrr 0.095524 | sample_size 1000 | wps 739.6 | ups 0.74 | wpb 1000 | bsz 1000 | num_updates 348 | lr 0.0005 | gnorm 3.351 | clip 100 | train_wall 71 | wall 470 (progress_bar.py:269, print())
[2021-04-20 09:44:16]    INFO >> epoch 006 | valid on 'valid' subset | loss 5.771 | mrr 0.077448 | sample_size 1000 | wps 1676.6 | wpb 1000 | bsz 1000 | num_updates 348 | best_mrr 77.4482 (progress_bar.py:269, print())
[2021-04-20 09:44:17]    INFO >> saved checkpoint /data/yanghe/ncc_data/codexglue/code_to_text/retrieval/data-mmap/javascript/conv1d_res/checkpoints/checkpoint_best.pt (epoch 6 @ 348 updates, score 0.077448) (writing took 0.586041 seconds) (checkpoint_utils.py:81, save_checkpoint())
[2021-04-20 09:45:32]    INFO >> epoch 007 | loss 5.199 | mrr 0.11371 | sample_size 1000 | wps 731.1 | ups 0.73 | wpb 1000 | bsz 1000 | num_updates 406 | lr 0.0005 | gnorm 3.164 | clip 100 | train_wall 72 | wall 549 (progress_bar.py:269, print())
[2021-04-20 09:45:36]    INFO >> epoch 007 | valid on 'valid' subset | loss 5.676 | mrr 0.088666 | sample_size 1000 | wps 1717.1 | wpb 1000 | bsz 1000 | num_updates 406 | best_mrr 88.6655 (progress_bar.py:269, print())
[2021-04-20 09:45:36]    INFO >> saved checkpoint /data/yanghe/ncc_data/codexglue/code_to_text/retrieval/data-mmap/javascript/conv1d_res/checkpoints/checkpoint_best.pt (epoch 7 @ 406 updates, score 0.088666) (writing took 0.448594 seconds) (checkpoint_utils.py:81, save_checkpoint())
[2021-04-20 09:46:49]    INFO >> epoch 008 | loss 5.036 | mrr 0.132827 | sample_size 1000 | wps 753.6 | ups 0.75 | wpb 1000 | bsz 1000 | num_updates 464 | lr 0.0005 | gnorm 3.641 | clip 100 | train_wall 70 | wall 626 (progress_bar.py:269, print())
[2021-04-20 09:46:53]    INFO >> epoch 008 | valid on 'valid' subset | loss 5.602 | mrr 0.095697 | sample_size 1000 | wps 1651.2 | wpb 1000 | bsz 1000 | num_updates 464 | best_mrr 95.6969 (progress_bar.py:269, print())
[2021-04-20 09:46:53]    INFO >> saved checkpoint /data/yanghe/ncc_data/codexglue/code_to_text/retrieval/data-mmap/javascript/conv1d_res/checkpoints/checkpoint_best.pt (epoch 8 @ 464 updates, score 0.095697) (writing took 0.378112 seconds) (checkpoint_utils.py:81, save_checkpoint())
[2021-04-20 09:47:40]    INFO >> epoch 009:     36 / 59 loss=5.698, mrr=76.3365, sample_size=1000, wps=742.3, ups=0.74, wpb=1000, bsz=1000, num_updates=500, lr=0.0005, gnorm=2.935, clip=89.4, train_wall=615, wall=677 (progress_bar.py:262, log())
[2021-04-20 09:48:08]    INFO >> epoch 009 | loss 4.894 | mrr 0.149501 | sample_size 1000 | wps 734.1 | ups 0.73 | wpb 1000 | bsz 1000 | num_updates 522 | lr 0.0005 | gnorm 3.621 | clip 100 | train_wall 72 | wall 705 (progress_bar.py:269, print())
[2021-04-20 09:48:12]    INFO >> epoch 009 | valid on 'valid' subset | loss 5.552 | mrr 0.104023 | sample_size 1000 | wps 1677.3 | wpb 1000 | bsz 1000 | num_updates 522 | best_mrr 104.023 (progress_bar.py:269, print())
[2021-04-20 09:48:13]    INFO >> saved checkpoint /data/yanghe/ncc_data/codexglue/code_to_text/retrieval/data-mmap/javascript/conv1d_res/checkpoints/checkpoint_best.pt (epoch 9 @ 522 updates, score 0.104023) (writing took 0.449836 seconds) (checkpoint_utils.py:81, save_checkpoint())
[2021-04-20 09:49:28]    INFO >> epoch 010 | loss 4.732 | mrr 0.170086 | sample_size 1000 | wps 721 | ups 0.72 | wpb 1000 | bsz 1000 | num_updates 580 | lr 0.0005 | gnorm 4.147 | clip 100 | train_wall 73 | wall 785 (progress_bar.py:269, print())
[2021-04-20 09:49:33]    INFO >> epoch 010 | valid on 'valid' subset | loss 5.514 | mrr 0.117349 | sample_size 1000 | wps 1615.5 | wpb 1000 | bsz 1000 | num_updates 580 | best_mrr 117.349 (progress_bar.py:269, print())
[2021-04-20 09:49:34]    INFO >> saved checkpoint /data/yanghe/ncc_data/codexglue/code_to_text/retrieval/data-mmap/javascript/conv1d_res/checkpoints/checkpoint_best.pt (epoch 10 @ 580 updates, score 0.117349) (writing took 0.405139 seconds) (checkpoint_utils.py:81, save_checkpoint())
[2021-04-20 09:50:48]    INFO >> epoch 011 | loss 4.59 | mrr 0.190796 | sample_size 1000 | wps 726.5 | ups 0.73 | wpb 1000 | bsz 1000 | num_updates 638 | lr 0.0005 | gnorm 3.513 | clip 100 | train_wall 72 | wall 865 (progress_bar.py:269, print())
[2021-04-20 09:50:53]    INFO >> epoch 011 | valid on 'valid' subset | loss 5.415 | mrr 0.128009 | sample_size 1000 | wps 1741 | wpb 1000 | bsz 1000 | num_updates 638 | best_mrr 128.009 (progress_bar.py:269, print())
[2021-04-20 09:50:54]    INFO >> saved checkpoint /data/yanghe/ncc_data/codexglue/code_to_text/retrieval/data-mmap/javascript/conv1d_res/checkpoints/checkpoint_best.pt (epoch 11 @ 638 updates, score 0.128009) (writing took 0.476731 seconds) (checkpoint_utils.py:81, save_checkpoint())
[2021-04-20 09:52:07]    INFO >> epoch 012 | loss 4.418 | mrr 0.215416 | sample_size 1000 | wps 740.3 | ups 0.74 | wpb 1000 | bsz 1000 | num_updates 696 | lr 0.0005 | gnorm 3.597 | clip 100 | train_wall 70 | wall 944 (progress_bar.py:269, print())
[2021-04-20 09:52:13]    INFO >> epoch 012 | valid on 'valid' subset | loss 5.325 | mrr 0.143766 | sample_size 1000 | wps 1593.4 | wpb 1000 | bsz 1000 | num_updates 696 | best_mrr 143.766 (progress_bar.py:269, print())
[2021-04-20 09:52:13]    INFO >> saved checkpoint /data/yanghe/ncc_data/codexglue/code_to_text/retrieval/data-mmap/javascript/conv1d_res/checkpoints/checkpoint_best.pt (epoch 12 @ 696 updates, score 0.143766) (writing took 0.374196 seconds) (checkpoint_utils.py:81, save_checkpoint())
[2021-04-20 09:53:28]    INFO >> epoch 013 | loss 4.269 | mrr 0.238237 | sample_size 1000 | wps 716.1 | ups 0.72 | wpb 1000 | bsz 1000 | num_updates 754 | lr 0.0005 | gnorm 3.488 | clip 100 | train_wall 72 | wall 1025 (progress_bar.py:269, print())
[2021-04-20 09:53:32]    INFO >> epoch 013 | valid on 'valid' subset | loss 5.244 | mrr 0.1589 | sample_size 1000 | wps 1711.1 | wpb 1000 | bsz 1000 | num_updates 754 | best_mrr 158.9 (progress_bar.py:269, print())
[2021-04-20 09:53:32]    INFO >> saved checkpoint /data/yanghe/ncc_data/codexglue/code_to_text/retrieval/data-mmap/javascript/conv1d_res/checkpoints/checkpoint_best.pt (epoch 13 @ 754 updates, score 0.1589) (writing took 0.602410 seconds) (checkpoint_utils.py:81, save_checkpoint())
[2021-04-20 09:54:46]    INFO >> epoch 014 | loss 4.089 | mrr 0.266242 | sample_size 1000 | wps 738.5 | ups 0.74 | wpb 1000 | bsz 1000 | num_updates 812 | lr 0.0005 | gnorm 4.071 | clip 100 | train_wall 71 | wall 1103 (progress_bar.py:269, print())
[2021-04-20 09:54:51]    INFO >> epoch 014 | valid on 'valid' subset | loss 5.145 | mrr 0.173331 | sample_size 1000 | wps 1708.2 | wpb 1000 | bsz 1000 | num_updates 812 | best_mrr 173.331 (progress_bar.py:269, print())
[2021-04-20 09:54:51]    INFO >> saved checkpoint /data/yanghe/ncc_data/codexglue/code_to_text/retrieval/data-mmap/javascript/conv1d_res/checkpoints/checkpoint_best.pt (epoch 14 @ 812 updates, score 0.173331) (writing took 0.485114 seconds) (checkpoint_utils.py:81, save_checkpoint())
[2021-04-20 09:56:07]    INFO >> epoch 015 | loss 3.923 | mrr 0.294415 | sample_size 1000 | wps 720.9 | ups 0.72 | wpb 1000 | bsz 1000 | num_updates 870 | lr 0.0005 | gnorm 4.074 | clip 100 | train_wall 72 | wall 1184 (progress_bar.py:269, print())
[2021-04-20 09:56:11]    INFO >> epoch 015 | valid on 'valid' subset | loss 5.095 | mrr 0.186164 | sample_size 1000 | wps 1674.2 | wpb 1000 | bsz 1000 | num_updates 870 | best_mrr 186.164 (progress_bar.py:269, print())
[2021-04-20 09:56:11]    INFO >> saved checkpoint /data/yanghe/ncc_data/codexglue/code_to_text/retrieval/data-mmap/javascript/conv1d_res/checkpoints/checkpoint_best.pt (epoch 15 @ 870 updates, score 0.186164) (writing took 0.498128 seconds) (checkpoint_utils.py:81, save_checkpoint())
[2021-04-20 09:57:25]    INFO >> epoch 016 | loss 3.765 | mrr 0.318052 | sample_size 1000 | wps 738 | ups 0.74 | wpb 1000 | bsz 1000 | num_updates 928 | lr 0.0005 | gnorm 3.644 | clip 100 | train_wall 71 | wall 1262 (progress_bar.py:269, print())
[2021-04-20 09:57:31]    INFO >> epoch 016 | valid on 'valid' subset | loss 5.064 | mrr 0.197826 | sample_size 1000 | wps 1642.7 | wpb 1000 | bsz 1000 | num_updates 928 | best_mrr 197.826 (progress_bar.py:269, print())
[2021-04-20 09:57:31]    INFO >> saved checkpoint /data/yanghe/ncc_data/codexglue/code_to_text/retrieval/data-mmap/javascript/conv1d_res/checkpoints/checkpoint_best.pt (epoch 16 @ 928 updates, score 0.197826) (writing took 0.435188 seconds) (checkpoint_utils.py:81, save_checkpoint())
[2021-04-20 09:58:46]    INFO >> epoch 017 | loss 3.619 | mrr 0.344769 | sample_size 1000 | wps 723.4 | ups 0.72 | wpb 1000 | bsz 1000 | num_updates 986 | lr 0.0005 | gnorm 3.758 | clip 100 | train_wall 72 | wall 1342 (progress_bar.py:269, print())
[2021-04-20 09:58:51]    INFO >> epoch 017 | valid on 'valid' subset | loss 4.992 | mrr 0.206233 | sample_size 1000 | wps 1646.1 | wpb 1000 | bsz 1000 | num_updates 986 | best_mrr 206.233 (progress_bar.py:269, print())
[2021-04-20 09:58:51]    INFO >> saved checkpoint /data/yanghe/ncc_data/codexglue/code_to_text/retrieval/data-mmap/javascript/conv1d_res/checkpoints/checkpoint_best.pt (epoch 17 @ 986 updates, score 0.206233) (writing took 0.503090 seconds) (checkpoint_utils.py:81, save_checkpoint())
[2021-04-20 09:59:11]    INFO >> epoch 018:     14 / 59 loss=4.187, mrr=253.615, sample_size=1000, wps=722.9, ups=0.72, wpb=1000, bsz=1000, num_updates=1000, lr=0.0005, gnorm=3.776, clip=100, train_wall=619, wall=1368 (progress_bar.py:262, log())
[2021-04-20 10:00:08]    INFO >> epoch 018 | loss 3.477 | mrr 0.367642 | sample_size 1000 | wps 707.2 | ups 0.71 | wpb 1000 | bsz 1000 | num_updates 1044 | lr 0.0005 | gnorm 4.045 | clip 100 | train_wall 73 | wall 1424 (progress_bar.py:269, print())
[2021-04-20 10:00:14]    INFO >> epoch 018 | valid on 'valid' subset | loss 5 | mrr 0.214566 | sample_size 1000 | wps 1616.1 | wpb 1000 | bsz 1000 | num_updates 1044 | best_mrr 214.566 (progress_bar.py:269, print())
[2021-04-20 10:00:17]    INFO >> saved checkpoint /data/yanghe/ncc_data/codexglue/code_to_text/retrieval/data-mmap/javascript/conv1d_res/checkpoints/checkpoint_best.pt (epoch 18 @ 1044 updates, score 0.214566) (writing took 3.531151 seconds) (checkpoint_utils.py:81, save_checkpoint())
[2021-04-20 10:01:31]    INFO >> epoch 019 | loss 3.348 | mrr 0.39066 | sample_size 1000 | wps 696.7 | ups 0.7 | wpb 1000 | bsz 1000 | num_updates 1102 | lr 0.0005 | gnorm 3.938 | clip 100 | train_wall 71 | wall 1508 (progress_bar.py:269, print())
[2021-04-20 10:01:35]    INFO >> epoch 019 | valid on 'valid' subset | loss 5.034 | mrr 0.218388 | sample_size 1000 | wps 1992.2 | wpb 1000 | bsz 1000 | num_updates 1102 | best_mrr 218.388 (progress_bar.py:269, print())
[2021-04-20 10:01:35]    INFO >> saved checkpoint /data/yanghe/ncc_data/codexglue/code_to_text/retrieval/data-mmap/javascript/conv1d_res/checkpoints/checkpoint_best.pt (epoch 19 @ 1102 updates, score 0.218388) (writing took 0.635575 seconds) (checkpoint_utils.py:81, save_checkpoint())
[2021-04-20 10:02:50]    INFO >> epoch 020 | loss 3.217 | mrr 0.412232 | sample_size 1000 | wps 730.8 | ups 0.73 | wpb 1000 | bsz 1000 | num_updates 1160 | lr 0.0005 | gnorm 4.023 | clip 100 | train_wall 72 | wall 1587 (progress_bar.py:269, print())
[2021-04-20 10:02:55]    INFO >> epoch 020 | valid on 'valid' subset | loss 5.012 | mrr 0.228407 | sample_size 1000 | wps 1688.5 | wpb 1000 | bsz 1000 | num_updates 1160 | best_mrr 228.407 (progress_bar.py:269, print())
[2021-04-20 10:02:56]    INFO >> saved checkpoint /data/yanghe/ncc_data/codexglue/code_to_text/retrieval/data-mmap/javascript/conv1d_res/checkpoints/checkpoint_best.pt (epoch 20 @ 1160 updates, score 0.228407) (writing took 0.591978 seconds) (checkpoint_utils.py:81, save_checkpoint())
[2021-04-20 10:04:09]    INFO >> epoch 021 | loss 3.128 | mrr 0.428205 | sample_size 1000 | wps 731.9 | ups 0.73 | wpb 1000 | bsz 1000 | num_updates 1218 | lr 0.0005 | gnorm 3.842 | clip 100 | train_wall 71 | wall 1666 (progress_bar.py:269, print())
[2021-04-20 10:04:13]    INFO >> epoch 021 | valid on 'valid' subset | loss 5.045 | mrr 0.236126 | sample_size 1000 | wps 1722.4 | wpb 1000 | bsz 1000 | num_updates 1218 | best_mrr 236.126 (progress_bar.py:269, print())
[2021-04-20 10:04:14]    INFO >> saved checkpoint /data/yanghe/ncc_data/codexglue/code_to_text/retrieval/data-mmap/javascript/conv1d_res/checkpoints/checkpoint_best.pt (epoch 21 @ 1218 updates, score 0.236126) (writing took 0.722319 seconds) (checkpoint_utils.py:81, save_checkpoint())
[2021-04-20 10:05:28]    INFO >> epoch 022 | loss 2.993 | mrr 0.452071 | sample_size 1000 | wps 736.1 | ups 0.74 | wpb 1000 | bsz 1000 | num_updates 1276 | lr 0.0005 | gnorm 4.161 | clip 100 | train_wall 71 | wall 1745 (progress_bar.py:269, print())
[2021-04-20 10:05:32]    INFO >> epoch 022 | valid on 'valid' subset | loss 5.044 | mrr 0.237719 | sample_size 1000 | wps 1666.5 | wpb 1000 | bsz 1000 | num_updates 1276 | best_mrr 237.719 (progress_bar.py:269, print())
[2021-04-20 10:05:33]    INFO >> saved checkpoint /data/yanghe/ncc_data/codexglue/code_to_text/retrieval/data-mmap/javascript/conv1d_res/checkpoints/checkpoint_best.pt (epoch 22 @ 1276 updates, score 0.237719) (writing took 0.655624 seconds) (checkpoint_utils.py:81, save_checkpoint())
[2021-04-20 10:06:47]    INFO >> epoch 023 | loss 2.88 | mrr 0.47242 | sample_size 1000 | wps 733.4 | ups 0.73 | wpb 1000 | bsz 1000 | num_updates 1334 | lr 0.0005 | gnorm 4.3 | clip 100 | train_wall 71 | wall 1824 (progress_bar.py:269, print())
[2021-04-20 10:06:52]    INFO >> epoch 023 | valid on 'valid' subset | loss 5.078 | mrr 0.243893 | sample_size 1000 | wps 1646.6 | wpb 1000 | bsz 1000 | num_updates 1334 | best_mrr 243.893 (progress_bar.py:269, print())
[2021-04-20 10:06:52]    INFO >> saved checkpoint /data/yanghe/ncc_data/codexglue/code_to_text/retrieval/data-mmap/javascript/conv1d_res/checkpoints/checkpoint_best.pt (epoch 23 @ 1334 updates, score 0.243893) (writing took 0.490183 seconds) (checkpoint_utils.py:81, save_checkpoint())
[2021-04-20 10:08:07]    INFO >> epoch 024 | loss 2.779 | mrr 0.49074 | sample_size 1000 | wps 731.3 | ups 0.73 | wpb 1000 | bsz 1000 | num_updates 1392 | lr 0.0005 | gnorm 4.462 | clip 100 | train_wall 71 | wall 1904 (progress_bar.py:269, print())
[2021-04-20 10:08:11]    INFO >> epoch 024 | valid on 'valid' subset | loss 5.142 | mrr 0.245483 | sample_size 1000 | wps 1710.9 | wpb 1000 | bsz 1000 | num_updates 1392 | best_mrr 245.483 (progress_bar.py:269, print())
[2021-04-20 10:08:11]    INFO >> saved checkpoint /data/yanghe/ncc_data/codexglue/code_to_text/retrieval/data-mmap/javascript/conv1d_res/checkpoints/checkpoint_best.pt (epoch 24 @ 1392 updates, score 0.245483) (writing took 0.573255 seconds) (checkpoint_utils.py:81, save_checkpoint())
[2021-04-20 10:09:25]    INFO >> epoch 025 | loss 2.674 | mrr 0.510189 | sample_size 1000 | wps 740 | ups 0.74 | wpb 1000 | bsz 1000 | num_updates 1450 | lr 0.0005 | gnorm 4.352 | clip 100 | train_wall 71 | wall 1982 (progress_bar.py:269, print())
[2021-04-20 10:09:29]    INFO >> epoch 025 | valid on 'valid' subset | loss 5.125 | mrr 0.2578 | sample_size 1000 | wps 1621.4 | wpb 1000 | bsz 1000 | num_updates 1450 | best_mrr 257.8 (progress_bar.py:269, print())
[2021-04-20 10:09:30]    INFO >> saved checkpoint /data/yanghe/ncc_data/codexglue/code_to_text/retrieval/data-mmap/javascript/conv1d_res/checkpoints/checkpoint_best.pt (epoch 25 @ 1450 updates, score 0.2578) (writing took 0.504969 seconds) (checkpoint_utils.py:81, save_checkpoint())
[2021-04-20 10:10:34]    INFO >> epoch 026:     51 / 59 loss=3.003, mrr=451.09, sample_size=1000, wps=732.2, ups=0.73, wpb=1000, bsz=1000, num_updates=1500, lr=0.0005, gnorm=4.119, clip=100, train_wall=617, wall=2051 (progress_bar.py:262, log())
[2021-04-20 10:10:45]    INFO >> epoch 026 | loss 2.592 | mrr 0.525907 | sample_size 1000 | wps 728.8 | ups 0.73 | wpb 1000 | bsz 1000 | num_updates 1508 | lr 0.0005 | gnorm 3.982 | clip 100 | train_wall 72 | wall 2062 (progress_bar.py:269, print())
[2021-04-20 10:10:48]    INFO >> epoch 026 | valid on 'valid' subset | loss 5.146 | mrr 0.259979 | sample_size 1000 | wps 2039.4 | wpb 1000 | bsz 1000 | num_updates 1508 | best_mrr 259.979 (progress_bar.py:269, print())
[2021-04-20 10:10:49]    INFO >> saved checkpoint /data/yanghe/ncc_data/codexglue/code_to_text/retrieval/data-mmap/javascript/conv1d_res/checkpoints/checkpoint_best.pt (epoch 26 @ 1508 updates, score 0.259979) (writing took 0.535790 seconds) (checkpoint_utils.py:81, save_checkpoint())
[2021-04-20 10:12:02]    INFO >> epoch 027 | loss 2.491 | mrr 0.542697 | sample_size 1000 | wps 747.8 | ups 0.75 | wpb 1000 | bsz 1000 | num_updates 1566 | lr 0.0005 | gnorm 4.382 | clip 100 | train_wall 70 | wall 2139 (progress_bar.py:269, print())
[2021-04-20 10:12:06]    INFO >> epoch 027 | valid on 'valid' subset | loss 5.234 | mrr 0.260467 | sample_size 1000 | wps 1662.9 | wpb 1000 | bsz 1000 | num_updates 1566 | best_mrr 260.467 (progress_bar.py:269, print())
[2021-04-20 10:12:07]    INFO >> saved checkpoint /data/yanghe/ncc_data/codexglue/code_to_text/retrieval/data-mmap/javascript/conv1d_res/checkpoints/checkpoint_best.pt (epoch 27 @ 1566 updates, score 0.260467) (writing took 0.720673 seconds) (checkpoint_utils.py:81, save_checkpoint())
[2021-04-20 10:13:21]    INFO >> epoch 028 | loss 2.403 | mrr 0.558697 | sample_size 1000 | wps 733.2 | ups 0.73 | wpb 1000 | bsz 1000 | num_updates 1624 | lr 0.0005 | gnorm 4.309 | clip 100 | train_wall 71 | wall 2218 (progress_bar.py:269, print())
[2021-04-20 10:13:26]    INFO >> epoch 028 | valid on 'valid' subset | loss 5.287 | mrr 0.261552 | sample_size 1000 | wps 1688.9 | wpb 1000 | bsz 1000 | num_updates 1624 | best_mrr 261.552 (progress_bar.py:269, print())
[2021-04-20 10:13:27]    INFO >> saved checkpoint /data/yanghe/ncc_data/codexglue/code_to_text/retrieval/data-mmap/javascript/conv1d_res/checkpoints/checkpoint_best.pt (epoch 28 @ 1624 updates, score 0.261552) (writing took 0.624506 seconds) (checkpoint_utils.py:81, save_checkpoint())
[2021-04-20 10:14:42]    INFO >> epoch 029 | loss 2.305 | mrr 0.577155 | sample_size 1000 | wps 719.9 | ups 0.72 | wpb 1000 | bsz 1000 | num_updates 1682 | lr 0.0005 | gnorm 4.228 | clip 100 | train_wall 72 | wall 2299 (progress_bar.py:269, print())
[2021-04-20 10:14:47]    INFO >> epoch 029 | valid on 'valid' subset | loss 5.321 | mrr 0.268752 | sample_size 1000 | wps 1645 | wpb 1000 | bsz 1000 | num_updates 1682 | best_mrr 268.752 (progress_bar.py:269, print())
[2021-04-20 10:14:48]    INFO >> saved checkpoint /data/yanghe/ncc_data/codexglue/code_to_text/retrieval/data-mmap/javascript/conv1d_res/checkpoints/checkpoint_best.pt (epoch 29 @ 1682 updates, score 0.268752) (writing took 0.453237 seconds) (checkpoint_utils.py:81, save_checkpoint())
[2021-04-20 10:16:02]    INFO >> epoch 030 | loss 2.222 | mrr 0.591362 | sample_size 1000 | wps 723.2 | ups 0.72 | wpb 1000 | bsz 1000 | num_updates 1740 | lr 0.0005 | gnorm 4.643 | clip 100 | train_wall 72 | wall 2379 (progress_bar.py:269, print())
[2021-04-20 10:16:06]    INFO >> epoch 030 | valid on 'valid' subset | loss 5.409 | mrr 0.271996 | sample_size 1000 | wps 1661.2 | wpb 1000 | bsz 1000 | num_updates 1740 | best_mrr 271.996 (progress_bar.py:269, print())
[2021-04-20 10:16:07]    INFO >> saved checkpoint /data/yanghe/ncc_data/codexglue/code_to_text/retrieval/data-mmap/javascript/conv1d_res/checkpoints/checkpoint_best.pt (epoch 30 @ 1740 updates, score 0.271996) (writing took 0.510312 seconds) (checkpoint_utils.py:81, save_checkpoint())
[2021-04-20 10:17:21]    INFO >> epoch 031 | loss 2.158 | mrr 0.603671 | sample_size 1000 | wps 736.8 | ups 0.74 | wpb 1000 | bsz 1000 | num_updates 1798 | lr 0.0005 | gnorm 4.69 | clip 100 | train_wall 72 | wall 2458 (progress_bar.py:269, print())
[2021-04-20 10:17:26]    INFO >> epoch 031 | valid on 'valid' subset | loss 5.445 | mrr 0.271226 | sample_size 1000 | wps 1545.1 | wpb 1000 | bsz 1000 | num_updates 1798 | best_mrr 271.226 (progress_bar.py:269, print())
[2021-04-20 10:17:26]    INFO >> saved checkpoint /data/yanghe/ncc_data/codexglue/code_to_text/retrieval/data-mmap/javascript/conv1d_res/checkpoints/checkpoint_last.pt (epoch 31 @ 1798 updates, score 0.271226) (writing took 0.284514 seconds) (checkpoint_utils.py:81, save_checkpoint())
[2021-04-20 10:18:41]    INFO >> epoch 032 | loss 2.067 | mrr 0.620249 | sample_size 1000 | wps 723.6 | ups 0.72 | wpb 1000 | bsz 1000 | num_updates 1856 | lr 0.0005 | gnorm 4.288 | clip 100 | train_wall 72 | wall 2538 (progress_bar.py:269, print())
[2021-04-20 10:18:47]    INFO >> epoch 032 | valid on 'valid' subset | loss 5.502 | mrr 0.272696 | sample_size 1000 | wps 1685.2 | wpb 1000 | bsz 1000 | num_updates 1856 | best_mrr 272.696 (progress_bar.py:269, print())
[2021-04-20 10:18:47]    INFO >> saved checkpoint /data/yanghe/ncc_data/codexglue/code_to_text/retrieval/data-mmap/javascript/conv1d_res/checkpoints/checkpoint_best.pt (epoch 32 @ 1856 updates, score 0.272696) (writing took 0.569338 seconds) (checkpoint_utils.py:81, save_checkpoint())
[2021-04-20 10:20:02]    INFO >> epoch 033 | loss 1.996 | mrr 0.634561 | sample_size 1000 | wps 714.7 | ups 0.71 | wpb 1000 | bsz 1000 | num_updates 1914 | lr 0.0005 | gnorm 4.725 | clip 100 | train_wall 72 | wall 2619 (progress_bar.py:269, print())
[2021-04-20 10:20:07]    INFO >> epoch 033 | valid on 'valid' subset | loss 5.518 | mrr 0.271232 | sample_size 1000 | wps 1642.7 | wpb 1000 | bsz 1000 | num_updates 1914 | best_mrr 271.232 (progress_bar.py:269, print())
[2021-04-20 10:20:07]    INFO >> saved checkpoint /data/yanghe/ncc_data/codexglue/code_to_text/retrieval/data-mmap/javascript/conv1d_res/checkpoints/checkpoint_last.pt (epoch 33 @ 1914 updates, score 0.271232) (writing took 0.299854 seconds) (checkpoint_utils.py:81, save_checkpoint())
[2021-04-20 10:21:22]    INFO >> epoch 034 | loss 1.921 | mrr 0.648592 | sample_size 1000 | wps 726.6 | ups 0.73 | wpb 1000 | bsz 1000 | num_updates 1972 | lr 0.0005 | gnorm 4.684 | clip 100 | train_wall 72 | wall 2699 (progress_bar.py:269, print())
[2021-04-20 10:21:26]    INFO >> epoch 034 | valid on 'valid' subset | loss 5.63 | mrr 0.280372 | sample_size 1000 | wps 1696.6 | wpb 1000 | bsz 1000 | num_updates 1972 | best_mrr 280.372 (progress_bar.py:269, print())
[2021-04-20 10:21:26]    INFO >> saved checkpoint /data/yanghe/ncc_data/codexglue/code_to_text/retrieval/data-mmap/javascript/conv1d_res/checkpoints/checkpoint_best.pt (epoch 34 @ 1972 updates, score 0.280372) (writing took 0.367343 seconds) (checkpoint_utils.py:81, save_checkpoint())
[2021-04-20 10:22:03]    INFO >> epoch 035:     28 / 59 loss=2.181, mrr=599.831, sample_size=1000, wps=726.3, ups=0.73, wpb=1000, bsz=1000, num_updates=2000, lr=0.0005, gnorm=4.499, clip=100, train_wall=616, wall=2740 (progress_bar.py:262, log())
[2021-04-20 10:22:41]    INFO >> epoch 035 | loss 1.844 | mrr 0.662097 | sample_size 1000 | wps 734.4 | ups 0.73 | wpb 1000 | bsz 1000 | num_updates 2030 | lr 0.0005 | gnorm 4.426 | clip 100 | train_wall 72 | wall 2778 (progress_bar.py:269, print())
[2021-04-20 10:22:46]    INFO >> epoch 035 | valid on 'valid' subset | loss 5.76 | mrr 0.276599 | sample_size 1000 | wps 1657.3 | wpb 1000 | bsz 1000 | num_updates 2030 | best_mrr 276.599 (progress_bar.py:269, print())
[2021-04-20 10:22:46]    INFO >> saved checkpoint /data/yanghe/ncc_data/codexglue/code_to_text/retrieval/data-mmap/javascript/conv1d_res/checkpoints/checkpoint_last.pt (epoch 35 @ 2030 updates, score 0.276599) (writing took 0.225914 seconds) (checkpoint_utils.py:81, save_checkpoint())
[2021-04-20 10:24:01]    INFO >> epoch 036 | loss 1.789 | mrr 0.673354 | sample_size 1000 | wps 726.1 | ups 0.73 | wpb 1000 | bsz 1000 | num_updates 2088 | lr 0.0005 | gnorm 4.511 | clip 100 | train_wall 72 | wall 2858 (progress_bar.py:269, print())
[2021-04-20 10:24:06]    INFO >> epoch 036 | valid on 'valid' subset | loss 5.754 | mrr 0.281509 | sample_size 1000 | wps 1657.8 | wpb 1000 | bsz 1000 | num_updates 2088 | best_mrr 281.509 (progress_bar.py:269, print())
[2021-04-20 10:24:06]    INFO >> saved checkpoint /data/yanghe/ncc_data/codexglue/code_to_text/retrieval/data-mmap/javascript/conv1d_res/checkpoints/checkpoint_best.pt (epoch 36 @ 2088 updates, score 0.281509) (writing took 0.517896 seconds) (checkpoint_utils.py:81, save_checkpoint())
[2021-04-20 10:25:21]    INFO >> epoch 037 | loss 1.715 | mrr 0.685657 | sample_size 1000 | wps 727.6 | ups 0.73 | wpb 1000 | bsz 1000 | num_updates 2146 | lr 0.0005 | gnorm 4.884 | clip 100 | train_wall 72 | wall 2938 (progress_bar.py:269, print())
[2021-04-20 10:25:26]    INFO >> epoch 037 | valid on 'valid' subset | loss 5.856 | mrr 0.278961 | sample_size 1000 | wps 1697.9 | wpb 1000 | bsz 1000 | num_updates 2146 | best_mrr 278.961 (progress_bar.py:269, print())
[2021-04-20 10:25:26]    INFO >> saved checkpoint /data/yanghe/ncc_data/codexglue/code_to_text/retrieval/data-mmap/javascript/conv1d_res/checkpoints/checkpoint_last.pt (epoch 37 @ 2146 updates, score 0.278961) (writing took 0.207494 seconds) (checkpoint_utils.py:81, save_checkpoint())
[2021-04-20 10:26:40]    INFO >> epoch 038 | loss 1.659 | mrr 0.695907 | sample_size 1000 | wps 728.5 | ups 0.73 | wpb 1000 | bsz 1000 | num_updates 2204 | lr 0.0005 | gnorm 4.526 | clip 100 | train_wall 71 | wall 3017 (progress_bar.py:269, print())
[2021-04-20 10:26:45]    INFO >> epoch 038 | valid on 'valid' subset | loss 5.944 | mrr 0.283008 | sample_size 1000 | wps 1605.4 | wpb 1000 | bsz 1000 | num_updates 2204 | best_mrr 283.008 (progress_bar.py:269, print())
[2021-04-20 10:26:45]    INFO >> saved checkpoint /data/yanghe/ncc_data/codexglue/code_to_text/retrieval/data-mmap/javascript/conv1d_res/checkpoints/checkpoint_best.pt (epoch 38 @ 2204 updates, score 0.283008) (writing took 0.574583 seconds) (checkpoint_utils.py:81, save_checkpoint())
[2021-04-20 10:28:01]    INFO >> epoch 039 | loss 1.6 | mrr 0.70766 | sample_size 1000 | wps 719.7 | ups 0.72 | wpb 1000 | bsz 1000 | num_updates 2262 | lr 0.0005 | gnorm 4.758 | clip 100 | train_wall 73 | wall 3098 (progress_bar.py:269, print())
[2021-04-20 10:28:06]    INFO >> epoch 039 | valid on 'valid' subset | loss 6.03 | mrr 0.284122 | sample_size 1000 | wps 1700.6 | wpb 1000 | bsz 1000 | num_updates 2262 | best_mrr 284.122 (progress_bar.py:269, print())
[2021-04-20 10:28:07]    INFO >> saved checkpoint /data/yanghe/ncc_data/codexglue/code_to_text/retrieval/data-mmap/javascript/conv1d_res/checkpoints/checkpoint_best.pt (epoch 39 @ 2262 updates, score 0.284122) (writing took 0.587819 seconds) (checkpoint_utils.py:81, save_checkpoint())
[2021-04-20 10:29:21]    INFO >> epoch 040 | loss 1.546 | mrr 0.716627 | sample_size 1000 | wps 721.2 | ups 0.72 | wpb 1000 | bsz 1000 | num_updates 2320 | lr 0.0005 | gnorm 4.525 | clip 100 | train_wall 72 | wall 3178 (progress_bar.py:269, print())
[2021-04-20 10:29:26]    INFO >> epoch 040 | valid on 'valid' subset | loss 6.091 | mrr 0.284775 | sample_size 1000 | wps 1683 | wpb 1000 | bsz 1000 | num_updates 2320 | best_mrr 284.775 (progress_bar.py:269, print())
[2021-04-20 10:29:27]    INFO >> saved checkpoint /data/yanghe/ncc_data/codexglue/code_to_text/retrieval/data-mmap/javascript/conv1d_res/checkpoints/checkpoint_best.pt (epoch 40 @ 2320 updates, score 0.284775) (writing took 0.626514 seconds) (checkpoint_utils.py:81, save_checkpoint())
[2021-04-20 10:30:41]    INFO >> epoch 041 | loss 1.485 | mrr 0.72771 | sample_size 1000 | wps 728.2 | ups 0.73 | wpb 1000 | bsz 1000 | num_updates 2378 | lr 0.0005 | gnorm 4.561 | clip 100 | train_wall 71 | wall 3258 (progress_bar.py:269, print())
[2021-04-20 10:30:46]    INFO >> epoch 041 | valid on 'valid' subset | loss 6.166 | mrr 0.282384 | sample_size 1000 | wps 1717.9 | wpb 1000 | bsz 1000 | num_updates 2378 | best_mrr 282.384 (progress_bar.py:269, print())
[2021-04-20 10:30:47]    INFO >> saved checkpoint /data/yanghe/ncc_data/codexglue/code_to_text/retrieval/data-mmap/javascript/conv1d_res/checkpoints/checkpoint_last.pt (epoch 41 @ 2378 updates, score 0.282384) (writing took 0.247342 seconds) (checkpoint_utils.py:81, save_checkpoint())
[2021-04-20 10:31:59]    INFO >> epoch 042 | loss 1.438 | mrr 0.736143 | sample_size 1000 | wps 743.9 | ups 0.74 | wpb 1000 | bsz 1000 | num_updates 2436 | lr 0.0005 | gnorm 4.797 | clip 100 | train_wall 69 | wall 3336 (progress_bar.py:269, print())
[2021-04-20 10:32:03]    INFO >> epoch 042 | valid on 'valid' subset | loss 6.214 | mrr 0.284935 | sample_size 1000 | wps 1671.1 | wpb 1000 | bsz 1000 | num_updates 2436 | best_mrr 284.935 (progress_bar.py:269, print())
[2021-04-20 10:32:03]    INFO >> saved checkpoint /data/yanghe/ncc_data/codexglue/code_to_text/retrieval/data-mmap/javascript/conv1d_res/checkpoints/checkpoint_best.pt (epoch 42 @ 2436 updates, score 0.284935) (writing took 0.524573 seconds) (checkpoint_utils.py:81, save_checkpoint())
[2021-04-20 10:33:19]    INFO >> epoch 043 | loss 1.394 | mrr 0.744587 | sample_size 1000 | wps 722.7 | ups 0.72 | wpb 1000 | bsz 1000 | num_updates 2494 | lr 0.0005 | gnorm 4.565 | clip 100 | train_wall 73 | wall 3416 (progress_bar.py:269, print())
[2021-04-20 10:33:24]    INFO >> epoch 043 | valid on 'valid' subset | loss 6.299 | mrr 0.28348 | sample_size 1000 | wps 1616.1 | wpb 1000 | bsz 1000 | num_updates 2494 | best_mrr 283.48 (progress_bar.py:269, print())
[2021-04-20 10:33:24]    INFO >> saved checkpoint /data/yanghe/ncc_data/codexglue/code_to_text/retrieval/data-mmap/javascript/conv1d_res/checkpoints/checkpoint_last.pt (epoch 43 @ 2494 updates, score 0.28348) (writing took 0.272288 seconds) (checkpoint_utils.py:81, save_checkpoint())
[2021-04-20 10:33:34]    INFO >> epoch 044:      6 / 59 loss=1.593, mrr=708.222, sample_size=1000, wps=722.8, ups=0.72, wpb=1000, bsz=1000, num_updates=2500, lr=0.0005, gnorm=4.621, clip=100, train_wall=619, wall=3431 (progress_bar.py:262, log())
[2021-04-20 10:34:39]    INFO >> epoch 044 | loss 1.339 | mrr 0.754363 | sample_size 1000 | wps 727 | ups 0.73 | wpb 1000 | bsz 1000 | num_updates 2552 | lr 0.0005 | gnorm 4.73 | clip 100 | train_wall 72 | wall 3496 (progress_bar.py:269, print())
[2021-04-20 10:34:44]    INFO >> epoch 044 | valid on 'valid' subset | loss 6.383 | mrr 0.28608 | sample_size 1000 | wps 1665.1 | wpb 1000 | bsz 1000 | num_updates 2552 | best_mrr 286.08 (progress_bar.py:269, print())
[2021-04-20 10:34:44]    INFO >> saved checkpoint /data/yanghe/ncc_data/codexglue/code_to_text/retrieval/data-mmap/javascript/conv1d_res/checkpoints/checkpoint_best.pt (epoch 44 @ 2552 updates, score 0.28608) (writing took 0.458621 seconds) (checkpoint_utils.py:81, save_checkpoint())
[2021-04-20 10:35:58]    INFO >> epoch 045 | loss 1.291 | mrr 0.763553 | sample_size 1000 | wps 731.7 | ups 0.73 | wpb 1000 | bsz 1000 | num_updates 2610 | lr 0.0005 | gnorm 4.638 | clip 100 | train_wall 71 | wall 3575 (progress_bar.py:269, print())
[2021-04-20 10:36:03]    INFO >> epoch 045 | valid on 'valid' subset | loss 6.441 | mrr 0.283174 | sample_size 1000 | wps 1596.5 | wpb 1000 | bsz 1000 | num_updates 2610 | best_mrr 283.174 (progress_bar.py:269, print())
[2021-04-20 10:36:03]    INFO >> saved checkpoint /data/yanghe/ncc_data/codexglue/code_to_text/retrieval/data-mmap/javascript/conv1d_res/checkpoints/checkpoint_last.pt (epoch 45 @ 2610 updates, score 0.283174) (writing took 0.208317 seconds) (checkpoint_utils.py:81, save_checkpoint())
[2021-04-20 10:37:17]    INFO >> epoch 046 | loss 1.23 | mrr 0.776843 | sample_size 1000 | wps 739.3 | ups 0.74 | wpb 1000 | bsz 1000 | num_updates 2668 | lr 0.0005 | gnorm 4.778 | clip 100 | train_wall 71 | wall 3654 (progress_bar.py:269, print())
[2021-04-20 10:37:21]    INFO >> epoch 046 | valid on 'valid' subset | loss 6.475 | mrr 0.28786 | sample_size 1000 | wps 2031 | wpb 1000 | bsz 1000 | num_updates 2668 | best_mrr 287.86 (progress_bar.py:269, print())
[2021-04-20 10:37:21]    INFO >> saved checkpoint /data/yanghe/ncc_data/codexglue/code_to_text/retrieval/data-mmap/javascript/conv1d_res/checkpoints/checkpoint_best.pt (epoch 46 @ 2668 updates, score 0.28786) (writing took 0.382897 seconds) (checkpoint_utils.py:81, save_checkpoint())
[2021-04-20 10:38:37]    INFO >> epoch 047 | loss 1.193 | mrr 0.782092 | sample_size 1000 | wps 726.9 | ups 0.73 | wpb 1000 | bsz 1000 | num_updates 2726 | lr 0.0005 | gnorm 4.753 | clip 100 | train_wall 73 | wall 3734 (progress_bar.py:269, print())
[2021-04-20 10:38:42]    INFO >> epoch 047 | valid on 'valid' subset | loss 6.625 | mrr 0.282336 | sample_size 1000 | wps 1569.6 | wpb 1000 | bsz 1000 | num_updates 2726 | best_mrr 282.336 (progress_bar.py:269, print())
[2021-04-20 10:38:42]    INFO >> saved checkpoint /data/yanghe/ncc_data/codexglue/code_to_text/retrieval/data-mmap/javascript/conv1d_res/checkpoints/checkpoint_last.pt (epoch 47 @ 2726 updates, score 0.282336) (writing took 0.218438 seconds) (checkpoint_utils.py:81, save_checkpoint())
[2021-04-20 10:39:58]    INFO >> epoch 048 | loss 1.166 | mrr 0.786899 | sample_size 1000 | wps 711.4 | ups 0.71 | wpb 1000 | bsz 1000 | num_updates 2784 | lr 0.0005 | gnorm 4.547 | clip 100 | train_wall 73 | wall 3815 (progress_bar.py:269, print())
[2021-04-20 10:40:03]    INFO >> epoch 048 | valid on 'valid' subset | loss 6.708 | mrr 0.290183 | sample_size 1000 | wps 1573.5 | wpb 1000 | bsz 1000 | num_updates 2784 | best_mrr 290.183 (progress_bar.py:269, print())
[2021-04-20 10:40:04]    INFO >> saved checkpoint /data/yanghe/ncc_data/codexglue/code_to_text/retrieval/data-mmap/javascript/conv1d_res/checkpoints/checkpoint_best.pt (epoch 48 @ 2784 updates, score 0.290183) (writing took 0.456161 seconds) (checkpoint_utils.py:81, save_checkpoint())
[2021-04-20 10:41:18]    INFO >> epoch 049 | loss 1.123 | mrr 0.795366 | sample_size 1000 | wps 725.6 | ups 0.73 | wpb 1000 | bsz 1000 | num_updates 2842 | lr 0.0005 | gnorm 4.662 | clip 100 | train_wall 72 | wall 3895 (progress_bar.py:269, print())
[2021-04-20 10:41:23]    INFO >> epoch 049 | valid on 'valid' subset | loss 6.723 | mrr 0.289282 | sample_size 1000 | wps 1739.2 | wpb 1000 | bsz 1000 | num_updates 2842 | best_mrr 289.282 (progress_bar.py:269, print())
[2021-04-20 10:41:23]    INFO >> saved checkpoint /data/yanghe/ncc_data/codexglue/code_to_text/retrieval/data-mmap/javascript/conv1d_res/checkpoints/checkpoint_last.pt (epoch 49 @ 2842 updates, score 0.289282) (writing took 0.332978 seconds) (checkpoint_utils.py:81, save_checkpoint())
[2021-04-20 10:42:36]    INFO >> epoch 050 | loss 1.082 | mrr 0.80201 | sample_size 1000 | wps 749.9 | ups 0.75 | wpb 1000 | bsz 1000 | num_updates 2900 | lr 0.0005 | gnorm 4.703 | clip 100 | train_wall 70 | wall 3972 (progress_bar.py:269, print())
[2021-04-20 10:42:40]    INFO >> epoch 050 | valid on 'valid' subset | loss 6.781 | mrr 0.284532 | sample_size 1000 | wps 1639.8 | wpb 1000 | bsz 1000 | num_updates 2900 | best_mrr 284.532 (progress_bar.py:269, print())
[2021-04-20 10:42:40]    INFO >> saved checkpoint /data/yanghe/ncc_data/codexglue/code_to_text/retrieval/data-mmap/javascript/conv1d_res/checkpoints/checkpoint_last.pt (epoch 50 @ 2900 updates, score 0.284532) (writing took 0.239966 seconds) (checkpoint_utils.py:81, save_checkpoint())
[2021-04-20 10:43:56]    INFO >> epoch 051 | loss 1.051 | mrr 0.808476 | sample_size 1000 | wps 719.3 | ups 0.72 | wpb 1000 | bsz 1000 | num_updates 2958 | lr 0.0005 | gnorm 4.831 | clip 100 | train_wall 73 | wall 4053 (progress_bar.py:269, print())
[2021-04-20 10:44:01]    INFO >> epoch 051 | valid on 'valid' subset | loss 6.87 | mrr 0.287681 | sample_size 1000 | wps 1611.1 | wpb 1000 | bsz 1000 | num_updates 2958 | best_mrr 287.681 (progress_bar.py:269, print())
[2021-04-20 10:44:02]    INFO >> saved checkpoint /data/yanghe/ncc_data/codexglue/code_to_text/retrieval/data-mmap/javascript/conv1d_res/checkpoints/checkpoint_last.pt (epoch 51 @ 2958 updates, score 0.287681) (writing took 0.260022 seconds) (checkpoint_utils.py:81, save_checkpoint())
[2021-04-20 10:44:55]    INFO >> epoch 052:     43 / 59 loss=1.168, mrr=786.77, sample_size=1000, wps=734.3, ups=0.73, wpb=1000, bsz=1000, num_updates=3000, lr=0.0005, gnorm=4.694, clip=100, train_wall=618, wall=4112 (progress_bar.py:262, log())
[2021-04-20 10:45:16]    INFO >> epoch 052 | loss 1.013 | mrr 0.816043 | sample_size 1000 | wps 728 | ups 0.73 | wpb 1000 | bsz 1000 | num_updates 3016 | lr 0.0005 | gnorm 4.614 | clip 100 | train_wall 72 | wall 4133 (progress_bar.py:269, print())
[2021-04-20 10:45:21]    INFO >> epoch 052 | valid on 'valid' subset | loss 7.072 | mrr 0.284756 | sample_size 1000 | wps 1645.1 | wpb 1000 | bsz 1000 | num_updates 3016 | best_mrr 284.756 (progress_bar.py:269, print())
[2021-04-20 10:45:21]    INFO >> saved checkpoint /data/yanghe/ncc_data/codexglue/code_to_text/retrieval/data-mmap/javascript/conv1d_res/checkpoints/checkpoint_last.pt (epoch 52 @ 3016 updates, score 0.284756) (writing took 0.233140 seconds) (checkpoint_utils.py:81, save_checkpoint())
[2021-04-20 10:46:35]    INFO >> epoch 053 | loss 0.983 | mrr 0.821251 | sample_size 1000 | wps 728.9 | ups 0.73 | wpb 1000 | bsz 1000 | num_updates 3074 | lr 0.0005 | gnorm 4.504 | clip 100 | train_wall 72 | wall 4212 (progress_bar.py:269, print())
[2021-04-20 10:46:40]    INFO >> epoch 053 | valid on 'valid' subset | loss 7.079 | mrr 0.287887 | sample_size 1000 | wps 1674.9 | wpb 1000 | bsz 1000 | num_updates 3074 | best_mrr 287.887 (progress_bar.py:269, print())
[2021-04-20 10:46:40]    INFO >> saved checkpoint /data/yanghe/ncc_data/codexglue/code_to_text/retrieval/data-mmap/javascript/conv1d_res/checkpoints/checkpoint_last.pt (epoch 53 @ 3074 updates, score 0.287887) (writing took 0.309348 seconds) (checkpoint_utils.py:81, save_checkpoint())
[2021-04-20 10:47:54]    INFO >> epoch 054 | loss 0.955 | mrr 0.827198 | sample_size 1000 | wps 734.3 | ups 0.73 | wpb 1000 | bsz 1000 | num_updates 3132 | lr 0.0005 | gnorm 4.546 | clip 100 | train_wall 71 | wall 4291 (progress_bar.py:269, print())
[2021-04-20 10:47:58]    INFO >> epoch 054 | valid on 'valid' subset | loss 7.127 | mrr 0.29069 | sample_size 1000 | wps 1722.3 | wpb 1000 | bsz 1000 | num_updates 3132 | best_mrr 290.69 (progress_bar.py:269, print())
[2021-04-20 10:47:59]    INFO >> saved checkpoint /data/yanghe/ncc_data/codexglue/code_to_text/retrieval/data-mmap/javascript/conv1d_res/checkpoints/checkpoint_best.pt (epoch 54 @ 3132 updates, score 0.29069) (writing took 0.709179 seconds) (checkpoint_utils.py:81, save_checkpoint())
[2021-04-20 10:49:13]    INFO >> epoch 055 | loss 0.934 | mrr 0.830516 | sample_size 1000 | wps 737.4 | ups 0.74 | wpb 1000 | bsz 1000 | num_updates 3190 | lr 0.0005 | gnorm 4.626 | clip 100 | train_wall 71 | wall 4370 (progress_bar.py:269, print())
[2021-04-20 10:49:17]    INFO >> epoch 055 | valid on 'valid' subset | loss 7.2 | mrr 0.289007 | sample_size 1000 | wps 1646.1 | wpb 1000 | bsz 1000 | num_updates 3190 | best_mrr 289.007 (progress_bar.py:269, print())
[2021-04-20 10:49:17]    INFO >> saved checkpoint /data/yanghe/ncc_data/codexglue/code_to_text/retrieval/data-mmap/javascript/conv1d_res/checkpoints/checkpoint_last.pt (epoch 55 @ 3190 updates, score 0.289007) (writing took 0.291889 seconds) (checkpoint_utils.py:81, save_checkpoint())
[2021-04-20 10:50:33]    INFO >> epoch 056 | loss 0.903 | mrr 0.837234 | sample_size 1000 | wps 723.8 | ups 0.72 | wpb 1000 | bsz 1000 | num_updates 3248 | lr 0.0005 | gnorm 4.847 | clip 100 | train_wall 73 | wall 4450 (progress_bar.py:269, print())
[2021-04-20 10:50:38]    INFO >> epoch 056 | valid on 'valid' subset | loss 7.165 | mrr 0.288909 | sample_size 1000 | wps 1629.5 | wpb 1000 | bsz 1000 | num_updates 3248 | best_mrr 288.909 (progress_bar.py:269, print())
[2021-04-20 10:50:38]    INFO >> saved checkpoint /data/yanghe/ncc_data/codexglue/code_to_text/retrieval/data-mmap/javascript/conv1d_res/checkpoints/checkpoint_last.pt (epoch 56 @ 3248 updates, score 0.288909) (writing took 0.345303 seconds) (checkpoint_utils.py:81, save_checkpoint())
[2021-04-20 10:51:53]    INFO >> epoch 057 | loss 0.876 | mrr 0.841631 | sample_size 1000 | wps 731.6 | ups 0.73 | wpb 1000 | bsz 1000 | num_updates 3306 | lr 0.0005 | gnorm 4.576 | clip 100 | train_wall 71 | wall 4530 (progress_bar.py:269, print())
[2021-04-20 10:51:57]    INFO >> epoch 057 | valid on 'valid' subset | loss 7.274 | mrr 0.291132 | sample_size 1000 | wps 1657.3 | wpb 1000 | bsz 1000 | num_updates 3306 | best_mrr 291.132 (progress_bar.py:269, print())
[2021-04-20 10:51:57]    INFO >> saved checkpoint /data/yanghe/ncc_data/codexglue/code_to_text/retrieval/data-mmap/javascript/conv1d_res/checkpoints/checkpoint_best.pt (epoch 57 @ 3306 updates, score 0.291132) (writing took 0.566178 seconds) (checkpoint_utils.py:81, save_checkpoint())
[2021-04-20 10:53:10]    INFO >> epoch 058 | loss 0.855 | mrr 0.845182 | sample_size 1000 | wps 745.4 | ups 0.75 | wpb 1000 | bsz 1000 | num_updates 3364 | lr 0.0005 | gnorm 4.414 | clip 100 | train_wall 70 | wall 4607 (progress_bar.py:269, print())
[2021-04-20 10:53:14]    INFO >> epoch 058 | valid on 'valid' subset | loss 7.388 | mrr 0.284784 | sample_size 1000 | wps 1741.9 | wpb 1000 | bsz 1000 | num_updates 3364 | best_mrr 284.784 (progress_bar.py:269, print())
[2021-04-20 10:53:15]    INFO >> saved checkpoint /data/yanghe/ncc_data/codexglue/code_to_text/retrieval/data-mmap/javascript/conv1d_res/checkpoints/checkpoint_last.pt (epoch 58 @ 3364 updates, score 0.284784) (writing took 0.257110 seconds) (checkpoint_utils.py:81, save_checkpoint())
[2021-04-20 10:54:30]    INFO >> epoch 059 | loss 0.83 | mrr 0.848883 | sample_size 1000 | wps 725.4 | ups 0.73 | wpb 1000 | bsz 1000 | num_updates 3422 | lr 0.0005 | gnorm 4.756 | clip 100 | train_wall 73 | wall 4687 (progress_bar.py:269, print())
[2021-04-20 10:54:35]    INFO >> epoch 059 | valid on 'valid' subset | loss 7.368 | mrr 0.289963 | sample_size 1000 | wps 1578.1 | wpb 1000 | bsz 1000 | num_updates 3422 | best_mrr 289.963 (progress_bar.py:269, print())
[2021-04-20 10:54:35]    INFO >> saved checkpoint /data/yanghe/ncc_data/codexglue/code_to_text/retrieval/data-mmap/javascript/conv1d_res/checkpoints/checkpoint_last.pt (epoch 59 @ 3422 updates, score 0.289963) (writing took 0.216716 seconds) (checkpoint_utils.py:81, save_checkpoint())
[2021-04-20 10:55:50]    INFO >> epoch 060 | loss 0.801 | mrr 0.855437 | sample_size 1000 | wps 729.6 | ups 0.73 | wpb 1000 | bsz 1000 | num_updates 3480 | lr 0.0005 | gnorm 4.577 | clip 100 | train_wall 72 | wall 4767 (progress_bar.py:269, print())
[2021-04-20 10:55:55]    INFO >> epoch 060 | valid on 'valid' subset | loss 7.436 | mrr 0.289579 | sample_size 1000 | wps 1650.3 | wpb 1000 | bsz 1000 | num_updates 3480 | best_mrr 289.579 (progress_bar.py:269, print())
[2021-04-20 10:55:55]    INFO >> saved checkpoint /data/yanghe/ncc_data/codexglue/code_to_text/retrieval/data-mmap/javascript/conv1d_res/checkpoints/checkpoint_last.pt (epoch 60 @ 3480 updates, score 0.289579) (writing took 0.307869 seconds) (checkpoint_utils.py:81, save_checkpoint())
[2021-04-20 10:56:21]    INFO >> epoch 061:     20 / 59 loss=0.89, mrr=838.768, sample_size=1000, wps=729.3, ups=0.73, wpb=1000, bsz=1000, num_updates=3500, lr=0.0005, gnorm=4.585, clip=100, train_wall=617, wall=4798 (progress_bar.py:262, log())
[2021-04-20 10:57:09]    INFO >> epoch 061 | loss 0.783 | mrr 0.858129 | sample_size 1000 | wps 730.9 | ups 0.73 | wpb 1000 | bsz 1000 | num_updates 3538 | lr 0.0005 | gnorm 4.391 | clip 100 | train_wall 72 | wall 4846 (progress_bar.py:269, print())
[2021-04-20 10:57:14]    INFO >> epoch 061 | valid on 'valid' subset | loss 7.441 | mrr 0.28651 | sample_size 1000 | wps 1531.2 | wpb 1000 | bsz 1000 | num_updates 3538 | best_mrr 286.51 (progress_bar.py:269, print())
[2021-04-20 10:57:14]    INFO >> saved checkpoint /data/yanghe/ncc_data/codexglue/code_to_text/retrieval/data-mmap/javascript/conv1d_res/checkpoints/checkpoint_last.pt (epoch 61 @ 3538 updates, score 0.28651) (writing took 0.221567 seconds) (checkpoint_utils.py:81, save_checkpoint())
[2021-04-20 10:58:30]    INFO >> epoch 062 | loss 0.75 | mrr 0.865081 | sample_size 1000 | wps 721.4 | ups 0.72 | wpb 1000 | bsz 1000 | num_updates 3596 | lr 0.0005 | gnorm 4.485 | clip 100 | train_wall 72 | wall 4927 (progress_bar.py:269, print())
[2021-04-20 10:58:34]    INFO >> epoch 062 | valid on 'valid' subset | loss 7.59 | mrr 0.287718 | sample_size 1000 | wps 1676.4 | wpb 1000 | bsz 1000 | num_updates 3596 | best_mrr 287.718 (progress_bar.py:269, print())
[2021-04-20 10:58:35]    INFO >> saved checkpoint /data/yanghe/ncc_data/codexglue/code_to_text/retrieval/data-mmap/javascript/conv1d_res/checkpoints/checkpoint_last.pt (epoch 62 @ 3596 updates, score 0.287718) (writing took 0.338555 seconds) (checkpoint_utils.py:81, save_checkpoint())
[2021-04-20 10:59:48]    INFO >> epoch 063 | loss 0.742 | mrr 0.86586 | sample_size 1000 | wps 741.6 | ups 0.74 | wpb 1000 | bsz 1000 | num_updates 3654 | lr 0.0005 | gnorm 4.519 | clip 100 | train_wall 70 | wall 5005 (progress_bar.py:269, print())
[2021-04-20 10:59:52]    INFO >> epoch 063 | valid on 'valid' subset | loss 7.58 | mrr 0.292054 | sample_size 1000 | wps 1608.8 | wpb 1000 | bsz 1000 | num_updates 3654 | best_mrr 292.054 (progress_bar.py:269, print())
[2021-04-20 10:59:52]    INFO >> saved checkpoint /data/yanghe/ncc_data/codexglue/code_to_text/retrieval/data-mmap/javascript/conv1d_res/checkpoints/checkpoint_best.pt (epoch 63 @ 3654 updates, score 0.292054) (writing took 0.483362 seconds) (checkpoint_utils.py:81, save_checkpoint())
[2021-04-20 11:01:08]    INFO >> epoch 064 | loss 0.727 | mrr 0.868215 | sample_size 1000 | wps 726.7 | ups 0.73 | wpb 1000 | bsz 1000 | num_updates 3712 | lr 0.0005 | gnorm 4.262 | clip 100 | train_wall 73 | wall 5085 (progress_bar.py:269, print())
[2021-04-20 11:01:12]    INFO >> epoch 064 | valid on 'valid' subset | loss 7.698 | mrr 0.287142 | sample_size 1000 | wps 1698.9 | wpb 1000 | bsz 1000 | num_updates 3712 | best_mrr 287.142 (progress_bar.py:269, print())
[2021-04-20 11:01:12]    INFO >> saved checkpoint /data/yanghe/ncc_data/codexglue/code_to_text/retrieval/data-mmap/javascript/conv1d_res/checkpoints/checkpoint_last.pt (epoch 64 @ 3712 updates, score 0.287142) (writing took 0.207990 seconds) (checkpoint_utils.py:81, save_checkpoint())
[2021-04-20 11:02:26]    INFO >> epoch 065 | loss 0.711 | mrr 0.872433 | sample_size 1000 | wps 745.3 | ups 0.75 | wpb 1000 | bsz 1000 | num_updates 3770 | lr 0.0005 | gnorm 4.587 | clip 100 | train_wall 71 | wall 5162 (progress_bar.py:269, print())
[2021-04-20 11:02:30]    INFO >> epoch 065 | valid on 'valid' subset | loss 7.72 | mrr 0.285539 | sample_size 1000 | wps 1623.4 | wpb 1000 | bsz 1000 | num_updates 3770 | best_mrr 285.539 (progress_bar.py:269, print())
[2021-04-20 11:02:31]    INFO >> saved checkpoint /data/yanghe/ncc_data/codexglue/code_to_text/retrieval/data-mmap/javascript/conv1d_res/checkpoints/checkpoint_last.pt (epoch 65 @ 3770 updates, score 0.285539) (writing took 1.444425 seconds) (checkpoint_utils.py:81, save_checkpoint())
[2021-04-20 11:03:46]    INFO >> epoch 066 | loss 0.681 | mrr 0.877873 | sample_size 1000 | wps 725 | ups 0.72 | wpb 1000 | bsz 1000 | num_updates 3828 | lr 0.0005 | gnorm 4.512 | clip 100 | train_wall 72 | wall 5242 (progress_bar.py:269, print())
[2021-04-20 11:03:51]    INFO >> epoch 066 | valid on 'valid' subset | loss 7.608 | mrr 0.291408 | sample_size 1000 | wps 1656.9 | wpb 1000 | bsz 1000 | num_updates 3828 | best_mrr 291.408 (progress_bar.py:269, print())
[2021-04-20 11:03:51]    INFO >> saved checkpoint /data/yanghe/ncc_data/codexglue/code_to_text/retrieval/data-mmap/javascript/conv1d_res/checkpoints/checkpoint_last.pt (epoch 66 @ 3828 updates, score 0.291408) (writing took 0.191895 seconds) (checkpoint_utils.py:81, save_checkpoint())
[2021-04-20 11:05:07]    INFO >> epoch 067 | loss 0.665 | mrr 0.879992 | sample_size 1000 | wps 715.2 | ups 0.72 | wpb 1000 | bsz 1000 | num_updates 3886 | lr 0.0005 | gnorm 4.21 | clip 100 | train_wall 73 | wall 5324 (progress_bar.py:269, print())
[2021-04-20 11:05:12]    INFO >> epoch 067 | valid on 'valid' subset | loss 7.673 | mrr 0.290249 | sample_size 1000 | wps 1614.8 | wpb 1000 | bsz 1000 | num_updates 3886 | best_mrr 290.249 (progress_bar.py:269, print())
[2021-04-20 11:05:12]    INFO >> saved checkpoint /data/yanghe/ncc_data/codexglue/code_to_text/retrieval/data-mmap/javascript/conv1d_res/checkpoints/checkpoint_last.pt (epoch 67 @ 3886 updates, score 0.290249) (writing took 0.211148 seconds) (checkpoint_utils.py:81, save_checkpoint())
[2021-04-20 11:06:27]    INFO >> epoch 068 | loss 0.647 | mrr 0.88386 | sample_size 1000 | wps 723.9 | ups 0.72 | wpb 1000 | bsz 1000 | num_updates 3944 | lr 0.0005 | gnorm 4.418 | clip 100 | train_wall 72 | wall 5404 (progress_bar.py:269, print())
[2021-04-20 11:06:31]    INFO >> epoch 068 | valid on 'valid' subset | loss 7.779 | mrr 0.290954 | sample_size 1000 | wps 1849.5 | wpb 1000 | bsz 1000 | num_updates 3944 | best_mrr 290.954 (progress_bar.py:269, print())
[2021-04-20 11:06:32]    INFO >> saved checkpoint /data/yanghe/ncc_data/codexglue/code_to_text/retrieval/data-mmap/javascript/conv1d_res/checkpoints/checkpoint_last.pt (epoch 68 @ 3944 updates, score 0.290954) (writing took 0.212570 seconds) (checkpoint_utils.py:81, save_checkpoint())
[2021-04-20 11:07:42]    INFO >> epoch 069:     57 / 59 loss=0.704, mrr=873.097, sample_size=1000, wps=733.7, ups=0.73, wpb=1000, bsz=1000, num_updates=4000, lr=0.0005, gnorm=4.42, clip=100, train_wall=619, wall=5479 (progress_bar.py:262, log())
[2021-04-20 11:07:45]    INFO >> epoch 069 | loss 0.637 | mrr 0.884839 | sample_size 1000 | wps 739.5 | ups 0.74 | wpb 1000 | bsz 1000 | num_updates 4002 | lr 0.0005 | gnorm 4.249 | clip 100 | train_wall 71 | wall 5482 (progress_bar.py:269, print())
[2021-04-20 11:07:49]    INFO >> epoch 069 | valid on 'valid' subset | loss 7.892 | mrr 0.289847 | sample_size 1000 | wps 1660.4 | wpb 1000 | bsz 1000 | num_updates 4002 | best_mrr 289.847 (progress_bar.py:269, print())
[2021-04-20 11:07:49]    INFO >> saved checkpoint /data/yanghe/ncc_data/codexglue/code_to_text/retrieval/data-mmap/javascript/conv1d_res/checkpoints/checkpoint_last.pt (epoch 69 @ 4002 updates, score 0.289847) (writing took 0.247448 seconds) (checkpoint_utils.py:81, save_checkpoint())
[2021-04-20 11:09:05]    INFO >> epoch 070 | loss 0.637 | mrr 0.884653 | sample_size 1000 | wps 725.7 | ups 0.73 | wpb 1000 | bsz 1000 | num_updates 4060 | lr 0.0005 | gnorm 4.151 | clip 100 | train_wall 73 | wall 5562 (progress_bar.py:269, print())
[2021-04-20 11:09:10]    INFO >> epoch 070 | valid on 'valid' subset | loss 7.826 | mrr 0.289104 | sample_size 1000 | wps 1596.9 | wpb 1000 | bsz 1000 | num_updates 4060 | best_mrr 289.104 (progress_bar.py:269, print())
[2021-04-20 11:09:11]    INFO >> saved checkpoint /data/yanghe/ncc_data/codexglue/code_to_text/retrieval/data-mmap/javascript/conv1d_res/checkpoints/checkpoint_last.pt (epoch 70 @ 4060 updates, score 0.289104) (writing took 0.293155 seconds) (checkpoint_utils.py:81, save_checkpoint())
[2021-04-20 11:10:24]    INFO >> epoch 071 | loss 0.613 | mrr 0.890399 | sample_size 1000 | wps 737.2 | ups 0.74 | wpb 1000 | bsz 1000 | num_updates 4118 | lr 0.0005 | gnorm 4.211 | clip 100 | train_wall 70 | wall 5641 (progress_bar.py:269, print())
[2021-04-20 11:10:29]    INFO >> epoch 071 | valid on 'valid' subset | loss 7.856 | mrr 0.289494 | sample_size 1000 | wps 1601.3 | wpb 1000 | bsz 1000 | num_updates 4118 | best_mrr 289.494 (progress_bar.py:269, print())
[2021-04-20 11:10:29]    INFO >> saved checkpoint /data/yanghe/ncc_data/codexglue/code_to_text/retrieval/data-mmap/javascript/conv1d_res/checkpoints/checkpoint_last.pt (epoch 71 @ 4118 updates, score 0.289494) (writing took 0.286597 seconds) (checkpoint_utils.py:81, save_checkpoint())
[2021-04-20 11:11:45]    INFO >> epoch 072 | loss 0.593 | mrr 0.893938 | sample_size 1000 | wps 713.1 | ups 0.71 | wpb 1000 | bsz 1000 | num_updates 4176 | lr 0.0005 | gnorm 4.175 | clip 100 | train_wall 73 | wall 5722 (progress_bar.py:269, print())
[2021-04-20 11:11:51]    INFO >> epoch 072 | valid on 'valid' subset | loss 7.812 | mrr 0.289286 | sample_size 1000 | wps 1597 | wpb 1000 | bsz 1000 | num_updates 4176 | best_mrr 289.286 (progress_bar.py:269, print())
[2021-04-20 11:11:51]    INFO >> saved checkpoint /data/yanghe/ncc_data/codexglue/code_to_text/retrieval/data-mmap/javascript/conv1d_res/checkpoints/checkpoint_last.pt (epoch 72 @ 4176 updates, score 0.289286) (writing took 0.205831 seconds) (checkpoint_utils.py:81, save_checkpoint())
[2021-04-20 11:13:04]    INFO >> epoch 073 | loss 0.574 | mrr 0.89697 | sample_size 1000 | wps 739.2 | ups 0.74 | wpb 1000 | bsz 1000 | num_updates 4234 | lr 0.0005 | gnorm 4.077 | clip 100 | train_wall 70 | wall 5801 (progress_bar.py:269, print())
[2021-04-20 11:13:08]    INFO >> epoch 073 | valid on 'valid' subset | loss 7.919 | mrr 0.293618 | sample_size 1000 | wps 1697.7 | wpb 1000 | bsz 1000 | num_updates 4234 | best_mrr 293.618 (progress_bar.py:269, print())
[2021-04-20 11:13:08]    INFO >> saved checkpoint /data/yanghe/ncc_data/codexglue/code_to_text/retrieval/data-mmap/javascript/conv1d_res/checkpoints/checkpoint_best.pt (epoch 73 @ 4234 updates, score 0.293618) (writing took 0.471574 seconds) (checkpoint_utils.py:81, save_checkpoint())
[2021-04-20 11:14:23]    INFO >> epoch 074 | loss 0.565 | mrr 0.899366 | sample_size 1000 | wps 733.1 | ups 0.73 | wpb 1000 | bsz 1000 | num_updates 4292 | lr 0.0005 | gnorm 4.366 | clip 100 | train_wall 72 | wall 5880 (progress_bar.py:269, print())
[2021-04-20 11:14:28]    INFO >> epoch 074 | valid on 'valid' subset | loss 8.111 | mrr 0.291016 | sample_size 1000 | wps 1575 | wpb 1000 | bsz 1000 | num_updates 4292 | best_mrr 291.016 (progress_bar.py:269, print())
[2021-04-20 11:14:28]    INFO >> saved checkpoint /data/yanghe/ncc_data/codexglue/code_to_text/retrieval/data-mmap/javascript/conv1d_res/checkpoints/checkpoint_last.pt (epoch 74 @ 4292 updates, score 0.291016) (writing took 0.354505 seconds) (checkpoint_utils.py:81, save_checkpoint())
[2021-04-20 11:15:44]    INFO >> epoch 075 | loss 0.559 | mrr 0.899999 | sample_size 1000 | wps 713.6 | ups 0.71 | wpb 1000 | bsz 1000 | num_updates 4350 | lr 0.0005 | gnorm 4.132 | clip 100 | train_wall 73 | wall 5961 (progress_bar.py:269, print())
[2021-04-20 11:15:50]    INFO >> epoch 075 | valid on 'valid' subset | loss 8.002 | mrr 0.29158 | sample_size 1000 | wps 1700.9 | wpb 1000 | bsz 1000 | num_updates 4350 | best_mrr 291.58 (progress_bar.py:269, print())
[2021-04-20 11:15:50]    INFO >> saved checkpoint /data/yanghe/ncc_data/codexglue/code_to_text/retrieval/data-mmap/javascript/conv1d_res/checkpoints/checkpoint_last.pt (epoch 75 @ 4350 updates, score 0.29158) (writing took 0.313329 seconds) (checkpoint_utils.py:81, save_checkpoint())
[2021-04-20 11:17:04]    INFO >> epoch 076 | loss 0.537 | mrr 0.903483 | sample_size 1000 | wps 727.7 | ups 0.73 | wpb 1000 | bsz 1000 | num_updates 4408 | lr 0.0005 | gnorm 4.352 | clip 100 | train_wall 71 | wall 6041 (progress_bar.py:269, print())
[2021-04-20 11:17:08]    INFO >> epoch 076 | valid on 'valid' subset | loss 8.176 | mrr 0.2849 | sample_size 1000 | wps 1706.6 | wpb 1000 | bsz 1000 | num_updates 4408 | best_mrr 284.9 (progress_bar.py:269, print())
[2021-04-20 11:17:08]    INFO >> saved checkpoint /data/yanghe/ncc_data/codexglue/code_to_text/retrieval/data-mmap/javascript/conv1d_res/checkpoints/checkpoint_last.pt (epoch 76 @ 4408 updates, score 0.2849) (writing took 0.211364 seconds) (checkpoint_utils.py:81, save_checkpoint())
[2021-04-20 11:18:23]    INFO >> epoch 077 | loss 0.531 | mrr 0.905875 | sample_size 1000 | wps 736.7 | ups 0.74 | wpb 1000 | bsz 1000 | num_updates 4466 | lr 0.0005 | gnorm 4.015 | clip 100 | train_wall 72 | wall 6120 (progress_bar.py:269, print())
[2021-04-20 11:18:27]    INFO >> epoch 077 | valid on 'valid' subset | loss 8.155 | mrr 0.288937 | sample_size 1000 | wps 1718.7 | wpb 1000 | bsz 1000 | num_updates 4466 | best_mrr 288.937 (progress_bar.py:269, print())
[2021-04-20 11:18:28]    INFO >> saved checkpoint /data/yanghe/ncc_data/codexglue/code_to_text/retrieval/data-mmap/javascript/conv1d_res/checkpoints/checkpoint_last.pt (epoch 77 @ 4466 updates, score 0.288937) (writing took 0.373616 seconds) (checkpoint_utils.py:81, save_checkpoint())
[2021-04-20 11:19:13]    INFO >> epoch 078:     35 / 59 loss=0.571, mrr=897.758, sample_size=1000, wps=724, ups=0.72, wpb=1000, bsz=1000, num_updates=4500, lr=0.0005, gnorm=4.175, clip=100, train_wall=619, wall=6170 (progress_bar.py:262, log())
[2021-04-20 11:19:44]    INFO >> epoch 078 | loss 0.516 | mrr 0.907779 | sample_size 1000 | wps 714.8 | ups 0.71 | wpb 1000 | bsz 1000 | num_updates 4524 | lr 0.0005 | gnorm 4.066 | clip 100 | train_wall 73 | wall 6201 (progress_bar.py:269, print())
[2021-04-20 11:19:49]    INFO >> epoch 078 | valid on 'valid' subset | loss 8.151 | mrr 0.28892 | sample_size 1000 | wps 1618.5 | wpb 1000 | bsz 1000 | num_updates 4524 | best_mrr 288.92 (progress_bar.py:269, print())
[2021-04-20 11:19:49]    INFO >> saved checkpoint /data/yanghe/ncc_data/codexglue/code_to_text/retrieval/data-mmap/javascript/conv1d_res/checkpoints/checkpoint_last.pt (epoch 78 @ 4524 updates, score 0.28892) (writing took 0.229814 seconds) (checkpoint_utils.py:81, save_checkpoint())
[2021-04-20 11:21:02]    INFO >> epoch 079 | loss 0.511 | mrr 0.909095 | sample_size 1000 | wps 739.9 | ups 0.74 | wpb 1000 | bsz 1000 | num_updates 4582 | lr 0.0005 | gnorm 3.909 | clip 100 | train_wall 70 | wall 6279 (progress_bar.py:269, print())
[2021-04-20 11:21:07]    INFO >> epoch 079 | valid on 'valid' subset | loss 8.244 | mrr 0.284626 | sample_size 1000 | wps 1640.2 | wpb 1000 | bsz 1000 | num_updates 4582 | best_mrr 284.626 (progress_bar.py:269, print())
[2021-04-20 11:21:07]    INFO >> saved checkpoint /data/yanghe/ncc_data/codexglue/code_to_text/retrieval/data-mmap/javascript/conv1d_res/checkpoints/checkpoint_last.pt (epoch 79 @ 4582 updates, score 0.284626) (writing took 0.412818 seconds) (checkpoint_utils.py:81, save_checkpoint())
[2021-04-20 11:22:23]    INFO >> epoch 080 | loss 0.502 | mrr 0.910287 | sample_size 1000 | wps 714.1 | ups 0.71 | wpb 1000 | bsz 1000 | num_updates 4640 | lr 0.0005 | gnorm 4.228 | clip 100 | train_wall 73 | wall 6360 (progress_bar.py:269, print())
[2021-04-20 11:22:28]    INFO >> epoch 080 | valid on 'valid' subset | loss 8.246 | mrr 0.287868 | sample_size 1000 | wps 1718.6 | wpb 1000 | bsz 1000 | num_updates 4640 | best_mrr 287.868 (progress_bar.py:269, print())
[2021-04-20 11:22:29]    INFO >> saved checkpoint /data/yanghe/ncc_data/codexglue/code_to_text/retrieval/data-mmap/javascript/conv1d_res/checkpoints/checkpoint_last.pt (epoch 80 @ 4640 updates, score 0.287868) (writing took 0.368619 seconds) (checkpoint_utils.py:81, save_checkpoint())
[2021-04-20 11:23:42]    INFO >> epoch 081 | loss 0.49 | mrr 0.912196 | sample_size 1000 | wps 742.1 | ups 0.74 | wpb 1000 | bsz 1000 | num_updates 4698 | lr 0.0005 | gnorm 4.052 | clip 100 | train_wall 70 | wall 6438 (progress_bar.py:269, print())
[2021-04-20 11:23:46]    INFO >> epoch 081 | valid on 'valid' subset | loss 8.283 | mrr 0.288576 | sample_size 1000 | wps 1667.5 | wpb 1000 | bsz 1000 | num_updates 4698 | best_mrr 288.576 (progress_bar.py:269, print())
[2021-04-20 11:23:46]    INFO >> saved checkpoint /data/yanghe/ncc_data/codexglue/code_to_text/retrieval/data-mmap/javascript/conv1d_res/checkpoints/checkpoint_last.pt (epoch 81 @ 4698 updates, score 0.288576) (writing took 0.392712 seconds) (checkpoint_utils.py:81, save_checkpoint())
[2021-04-20 11:25:01]    INFO >> epoch 082 | loss 0.473 | mrr 0.915436 | sample_size 1000 | wps 732.9 | ups 0.73 | wpb 1000 | bsz 1000 | num_updates 4756 | lr 0.0005 | gnorm 4.019 | clip 100 | train_wall 72 | wall 6518 (progress_bar.py:269, print())
[2021-04-20 11:25:06]    INFO >> epoch 082 | valid on 'valid' subset | loss 8.362 | mrr 0.287042 | sample_size 1000 | wps 1683.6 | wpb 1000 | bsz 1000 | num_updates 4756 | best_mrr 287.042 (progress_bar.py:269, print())
[2021-04-20 11:25:06]    INFO >> saved checkpoint /data/yanghe/ncc_data/codexglue/code_to_text/retrieval/data-mmap/javascript/conv1d_res/checkpoints/checkpoint_last.pt (epoch 82 @ 4756 updates, score 0.287042) (writing took 0.328919 seconds) (checkpoint_utils.py:81, save_checkpoint())
[2021-04-20 11:26:21]    INFO >> epoch 083 | loss 0.472 | mrr 0.915636 | sample_size 1000 | wps 722.5 | ups 0.72 | wpb 1000 | bsz 1000 | num_updates 4814 | lr 0.0005 | gnorm 3.942 | clip 100 | train_wall 72 | wall 6598 (progress_bar.py:269, print())
[2021-04-20 11:26:26]    INFO >> epoch 083 | valid on 'valid' subset | loss 8.318 | mrr 0.28701 | sample_size 1000 | wps 1655.2 | wpb 1000 | bsz 1000 | num_updates 4814 | best_mrr 287.01 (progress_bar.py:269, print())
[2021-04-20 11:26:26]    INFO >> saved checkpoint /data/yanghe/ncc_data/codexglue/code_to_text/retrieval/data-mmap/javascript/conv1d_res/checkpoints/checkpoint_last.pt (epoch 83 @ 4814 updates, score 0.28701) (writing took 0.292919 seconds) (checkpoint_utils.py:81, save_checkpoint())
[2021-04-20 11:26:26]    INFO >> early stop since valid performance hasn't improved for last 10 runs (train.py:191, should_stop_early())
[2021-04-20 11:26:26]    INFO >> early stop since valid performance hasn't improved for last 10 runs (train.py:272, single_main())
[2021-04-20 11:26:26]    INFO >> done training in 6602.9 seconds (train.py:283, single_main())
