nohup: 忽略输入
[2021-04-20 09:36:06]    INFO >> Load arguments in /home/yanghe/Documents/naturalcc-dev/run/retrieval/conv1d/config/csn_feng/java.yml (train.py:302, cli_main())
[2021-04-20 09:36:06]    INFO >> {'criterion': 'retrieval_softmax', 'optimizer': 'torch_adam', 'lr_scheduler': 'fixed', 'tokenizer': None, 'bpe': None, 'common': {'no_progress_bar': 0, 'log_interval': 500, 'log_format': 'simple', 'tensorboard_logdir': '', 'seed': 0, 'cpu': 0, 'fp16': 0, 'memory_efficient_fp16': 0, 'fp16_no_flatten_grads': 0, 'fp16_init_scale': 128, 'fp16_scale_window': None, 'fp16_scale_tolerance': 0.0, 'min_loss_scale': 0.0001, 'threshold_loss_scale': None, 'user_dir': None, 'empty_cache_freq': 0, 'all_gather_list_size': 16384, 'task': 'hybrid_retrieval'}, 'dataset': {'num_workers': 1, 'skip_invalid_size_inputs_valid_test': 0, 'max_tokens': None, 'max_sentences': 1000, 'code_max_tokens': 200, 'query_max_tokens': 30, 'required_batch_size_multiple': 8, 'dataset_impl': 'mmap', 'train_subset': 'train', 'valid_subset': 'valid', 'validate_interval': 1, 'fixed_validation_seed': None, 'disable_validation': None, 'max_tokens_valid': None, 'max_sentences_valid': 1000, 'curriculum': 0, 'gen_subset': 'test', 'num_shards': 1, 'shard_id': 0, 'joined_dictionary': 0, 'langs': ['java']}, 'distributed_training': {'distributed_world_size': 1, 'distributed_rank': 0, 'distributed_backend': 'nccl', 'distributed_init_method': None, 'distributed_port': -1, 'device_id': 0, 'distributed_no_spawn': 0, 'ddp_backend': 'c10d', 'bucket_cap_mb': 25, 'fix_batches_to_gpus': None, 'find_unused_parameters': 0, 'fast_stat_sync': 0, 'broadcast_buffers': 0, 'global_sync_iter': 50, 'warmup_iterations': 500, 'local_rank': -1, 'block_momentum': 0.875, 'block_lr': 1, 'use_nbm': 0, 'average_sync': 0}, 'task': {'data': '/data/yanghe/ncc_data/codexglue/code_to_text/retrieval/data-mmap/all', 'sample_break_mode': 'complete', 'tokens_per_sample': 512, 'mask_prob': 0.15, 'leave_unmasked_prob': 0.1, 'random_token_prob': 0.1, 'freq_weighted_replacement': 0, 'mask_whole_words': 0, 'pooler_activation_fn': 'tanh', 'source_lang': 'code_tokens', 'target_lang': 'docstring_tokens', 'source_aux_lang': 'code_tokens.wo_func', 'target_aux_lang': 'func_name', 'fraction_using_func_name': 0.3, 'load_alignments': 0, 'left_pad_source': 1, 'left_pad_target': 0, 'upsample_primary': 1, 'truncate_source': 0, 'eval_mrr': 1}, 'model': {'arch': 'conv1d_res', 'code_embed_dim': 128, 'code_kernel_size': [16, 16, 16], 'code_residual': True, 'code_layers': [128, 128, 128], 'code_pooling': 'weighted_mean', 'code_activation_fn': 'tanh', 'code_position_encoding': 'learned', 'code_paddding': 'same', 'code_dropout': 0.1, 'query_embed_dim': 128, 'query_kernel_size': [16, 16, 16], 'query_residual': True, 'query_layers': [128, 128, 128], 'query_pooling': 'weighted_mean', 'query_activation_fn': 'tanh', 'query_position_encoding': 'learned', 'query_paddding': 'same', 'query_dropout': 0.1}, 'optimization': {'max_epoch': 300, 'max_update': 0, 'clip_norm': 1, 'sentence_avg': 0, 'update_freq': [1], 'lrs': [0.0005], 'min_lr': -1, 'use_bmuf': 0, 'lr_shrink': 1.0, 'force_anneal': 0, 'warmup_updates': 0, 'end_learning_rate': 0.0, 'power': 1.0, 'total_num_update': 1000000, 'adam': {'adam_betas': '(0.9, 0.999)', 'adam_eps': 1e-08, 'weight_decay': 0, 'use_old_adam': 1}, 'margin': 1, 'clip_norm_version': 'tf_clip_by_global_norm'}, 'checkpoint': {'save_dir': '/data/yanghe/ncc_data/codexglue/code_to_text/retrieval/data-mmap/java/conv1d_res/checkpoints', 'restore_file': 'checkpoint_last.pt', 'reset_dataloader': None, 'reset_lr_scheduler': None, 'reset_meters': None, 'reset_optimizer': None, 'optimizer_overrides': '{}', 'save_interval': 1, 'save_interval_updates': 0, 'keep_interval_updates': 0, 'keep_last_epochs': -1, 'keep_best_checkpoints': -1, 'no_save': 0, 'no_epoch_checkpoints': 1, 'no_last_checkpoints': 0, 'no_save_optimizer_state': None, 'best_checkpoint_metric': 'mrr', 'maximize_best_checkpoint_metric': 1, 'patience': 10}, 'eval': {'path': '/data/yanghe/ncc_data/codexglue/code_to_text/retrieval/data-mmap/java/conv1d_res/checkpoints/checkpoint_best.pt', 'quiet': 1, 'max_sentences': 1000, 'model_overrides': '{}', 'eval_size': -1}} (train.py:304, cli_main())
[2021-04-20 09:36:06]    INFO >> single GPU training... (train.py:333, cli_main())
[2021-04-20 09:36:06]    INFO >> loaded 5183 examples from: ['/data/yanghe/ncc_data/codexglue/code_to_text/retrieval/data-mmap/all/valid.java.code_tokens'] (hybrid_retrieval.py:54, load_tokens_dataset())
[2021-04-20 09:36:06]    INFO >> loaded 5183 examples from: ['/data/yanghe/ncc_data/codexglue/code_to_text/retrieval/data-mmap/all/valid.java.docstring_tokens'] (hybrid_retrieval.py:55, load_tokens_dataset())
[2021-04-20 09:36:06]    INFO >> Conv1dRes(
  (src_encoders): ModuleDict(
    (java): Conv1dResEncoder(
      (embed): Embedding(10000, 128)
      (weight_layer): Linear(in_features=128, out_features=1, bias=False)
      (conv_layers): ModuleList(
        (0): Conv2d(1, 128, kernel_size=(16, 128), stride=(1, 1))
        (1): Conv2d(1, 128, kernel_size=(16, 128), stride=(1, 1))
        (2): Conv2d(1, 128, kernel_size=(16, 128), stride=(1, 1))
      )
    )
  )
  (tgt_encoders): Conv1dResEncoder(
    (embed): Embedding(10000, 128)
    (weight_layer): Linear(in_features=128, out_features=1, bias=False)
    (conv_layers): ModuleList(
      (0): Conv2d(1, 128, kernel_size=(16, 128), stride=(1, 1))
      (1): Conv2d(1, 128, kernel_size=(16, 128), stride=(1, 1))
      (2): Conv2d(1, 128, kernel_size=(16, 128), stride=(1, 1))
    )
  )
) (train.py:223, single_main())
[2021-04-20 09:36:06]    INFO >> model conv1d_res, criterion SearchSoftmaxCriterion (train.py:224, single_main())
[2021-04-20 09:36:06]    INFO >> num. model params: 4163328 (num. trained: 4163328) (train.py:227, single_main())
[2021-04-20 09:36:10]    INFO >> training on 1 GPUs (train.py:233, single_main())
[2021-04-20 09:36:10]    INFO >> max tokens per GPU = None and max sentences per GPU = 1000 (train.py:236, single_main())
[2021-04-20 09:36:10]    INFO >> no existing checkpoint found /data/yanghe/ncc_data/codexglue/code_to_text/retrieval/data-mmap/java/conv1d_res/checkpoints/checkpoint_last.pt (ncc_trainers.py:270, load_checkpoint())
[2021-04-20 09:36:10]    INFO >> loading train data for epoch 1 (ncc_trainers.py:285, get_train_iterator())
[2021-04-20 09:36:10]    INFO >> loaded 164923 examples from: ['/data/yanghe/ncc_data/codexglue/code_to_text/retrieval/data-mmap/all/train.java.code_tokens'] (hybrid_retrieval.py:54, load_tokens_dataset())
[2021-04-20 09:36:10]    INFO >> loaded 164923 examples from: ['/data/yanghe/ncc_data/codexglue/code_to_text/retrieval/data-mmap/all/train.java.docstring_tokens'] (hybrid_retrieval.py:55, load_tokens_dataset())
[2021-04-20 09:36:10]    INFO >> loaded 164923 examples from: ['/data/yanghe/ncc_data/codexglue/code_to_text/retrieval/data-mmap/all/train.java.code_tokens.wo_func'] (hybrid_retrieval.py:67, load_tokens_dataset())
[2021-04-20 09:36:10]    INFO >> loaded 164923 examples from: ['/data/yanghe/ncc_data/codexglue/code_to_text/retrieval/data-mmap/all/train.java.func_name'] (hybrid_retrieval.py:81, load_tokens_dataset())
[2021-04-20 09:36:10]    INFO >> NOTE: your device may support faster training with fp16 (ncc_trainers.py:155, _setup_optimizer())
[2021-04-20 09:39:23]    INFO >> epoch 001 | loss 6.461 | mrr 0.026716 | sample_size 1000 | wps 863.6 | ups 0.86 | wpb 1000 | bsz 1000 | num_updates 164 | lr 0.0005 | gnorm 2.022 | clip 64.6 | train_wall 189 | wall 193 (progress_bar.py:269, print())
[2021-04-20 09:39:28]    INFO >> epoch 001 | valid on 'valid' subset | loss 6.125 | mrr 0.044188 | sample_size 1000 | wps 1876 | wpb 1000 | bsz 1000 | num_updates 164 (progress_bar.py:269, print())
[2021-04-20 09:39:28]    INFO >> saved checkpoint /data/yanghe/ncc_data/codexglue/code_to_text/retrieval/data-mmap/java/conv1d_res/checkpoints/checkpoint_best.pt (epoch 1 @ 164 updates, score 0.044188) (writing took 0.551631 seconds) (checkpoint_utils.py:81, save_checkpoint())
[2021-04-20 09:42:51]    INFO >> epoch 002 | loss 5.516 | mrr 0.090538 | sample_size 1000 | wps 787.5 | ups 0.79 | wpb 1000 | bsz 1000 | num_updates 328 | lr 0.0005 | gnorm 4.019 | clip 100 | train_wall 200 | wall 401 (progress_bar.py:269, print())
[2021-04-20 09:42:57]    INFO >> epoch 002 | valid on 'valid' subset | loss 5.363 | mrr 0.115855 | sample_size 1000 | wps 2227.3 | wpb 1000 | bsz 1000 | num_updates 328 | best_mrr 115.855 (progress_bar.py:269, print())
[2021-04-20 09:42:57]    INFO >> saved checkpoint /data/yanghe/ncc_data/codexglue/code_to_text/retrieval/data-mmap/java/conv1d_res/checkpoints/checkpoint_best.pt (epoch 2 @ 328 updates, score 0.115855) (writing took 0.369407 seconds) (checkpoint_utils.py:81, save_checkpoint())
[2021-04-20 09:46:20]    INFO >> epoch 003 | loss 4.643 | mrr 0.199595 | sample_size 1000 | wps 783.8 | ups 0.78 | wpb 1000 | bsz 1000 | num_updates 492 | lr 0.0005 | gnorm 4.054 | clip 100 | train_wall 200 | wall 610 (progress_bar.py:269, print())
[2021-04-20 09:46:26]    INFO >> epoch 003 | valid on 'valid' subset | loss 4.719 | mrr 0.204888 | sample_size 1000 | wps 1748.8 | wpb 1000 | bsz 1000 | num_updates 492 | best_mrr 204.888 (progress_bar.py:269, print())
[2021-04-20 09:46:27]    INFO >> saved checkpoint /data/yanghe/ncc_data/codexglue/code_to_text/retrieval/data-mmap/java/conv1d_res/checkpoints/checkpoint_best.pt (epoch 3 @ 492 updates, score 0.204888) (writing took 0.539756 seconds) (checkpoint_utils.py:81, save_checkpoint())
[2021-04-20 09:46:39]    INFO >> epoch 004:      8 / 165 loss=5.518, mrr=108.233, sample_size=1000, wps=798.1, ups=0.8, wpb=1000, bsz=1000, num_updates=500, lr=0.0005, gnorm=3.374, clip=88.4, train_wall=599, wall=629 (progress_bar.py:262, log())
[2021-04-20 09:49:51]    INFO >> epoch 004 | loss 3.892 | mrr 0.322628 | sample_size 1000 | wps 777.4 | ups 0.78 | wpb 1000 | bsz 1000 | num_updates 656 | lr 0.0005 | gnorm 3.853 | clip 100 | train_wall 201 | wall 821 (progress_bar.py:269, print())
[2021-04-20 09:49:56]    INFO >> epoch 004 | valid on 'valid' subset | loss 4.188 | mrr 0.294864 | sample_size 1000 | wps 1847.1 | wpb 1000 | bsz 1000 | num_updates 656 | best_mrr 294.864 (progress_bar.py:269, print())
[2021-04-20 09:49:57]    INFO >> saved checkpoint /data/yanghe/ncc_data/codexglue/code_to_text/retrieval/data-mmap/java/conv1d_res/checkpoints/checkpoint_best.pt (epoch 4 @ 656 updates, score 0.294864) (writing took 0.412185 seconds) (checkpoint_utils.py:81, save_checkpoint())
[2021-04-20 09:53:20]    INFO >> epoch 005 | loss 3.285 | mrr 0.431623 | sample_size 1000 | wps 788 | ups 0.79 | wpb 1000 | bsz 1000 | num_updates 820 | lr 0.0005 | gnorm 3.669 | clip 100 | train_wall 199 | wall 1029 (progress_bar.py:269, print())
[2021-04-20 09:53:25]    INFO >> epoch 005 | valid on 'valid' subset | loss 3.815 | mrr 0.358479 | sample_size 1000 | wps 1760.4 | wpb 1000 | bsz 1000 | num_updates 820 | best_mrr 358.479 (progress_bar.py:269, print())
[2021-04-20 09:53:26]    INFO >> saved checkpoint /data/yanghe/ncc_data/codexglue/code_to_text/retrieval/data-mmap/java/conv1d_res/checkpoints/checkpoint_best.pt (epoch 5 @ 820 updates, score 0.358479) (writing took 0.521077 seconds) (checkpoint_utils.py:81, save_checkpoint())
[2021-04-20 09:56:48]    INFO >> epoch 006 | loss 2.847 | mrr 0.509999 | sample_size 1000 | wps 785.2 | ups 0.79 | wpb 1000 | bsz 1000 | num_updates 984 | lr 0.0005 | gnorm 3.55 | clip 100 | train_wall 199 | wall 1238 (progress_bar.py:269, print())
[2021-04-20 09:56:53]    INFO >> epoch 006 | valid on 'valid' subset | loss 3.581 | mrr 0.397933 | sample_size 1000 | wps 1873 | wpb 1000 | bsz 1000 | num_updates 984 | best_mrr 397.933 (progress_bar.py:269, print())
[2021-04-20 09:56:54]    INFO >> saved checkpoint /data/yanghe/ncc_data/codexglue/code_to_text/retrieval/data-mmap/java/conv1d_res/checkpoints/checkpoint_best.pt (epoch 6 @ 984 updates, score 0.397933) (writing took 0.480401 seconds) (checkpoint_utils.py:81, save_checkpoint())
[2021-04-20 09:57:16]    INFO >> epoch 007:     17 / 165 loss=3.302, mrr=428.29, sample_size=1000, wps=785, ups=0.79, wpb=1000, bsz=1000, num_updates=1000, lr=0.0005, gnorm=3.68, clip=100, train_wall=610, wall=1266 (progress_bar.py:262, log())
[2021-04-20 10:00:17]    INFO >> epoch 007 | loss 2.504 | mrr 0.571549 | sample_size 1000 | wps 786.6 | ups 0.79 | wpb 1000 | bsz 1000 | num_updates 1148 | lr 0.0005 | gnorm 3.382 | clip 100 | train_wall 200 | wall 1447 (progress_bar.py:269, print())
[2021-04-20 10:00:22]    INFO >> epoch 007 | valid on 'valid' subset | loss 3.367 | mrr 0.435016 | sample_size 1000 | wps 1820 | wpb 1000 | bsz 1000 | num_updates 1148 | best_mrr 435.016 (progress_bar.py:269, print())
[2021-04-20 10:00:23]    INFO >> saved checkpoint /data/yanghe/ncc_data/codexglue/code_to_text/retrieval/data-mmap/java/conv1d_res/checkpoints/checkpoint_best.pt (epoch 7 @ 1148 updates, score 0.435016) (writing took 0.771888 seconds) (checkpoint_utils.py:81, save_checkpoint())
[2021-04-20 10:03:47]    INFO >> epoch 008 | loss 2.254 | mrr 0.615032 | sample_size 1000 | wps 781.7 | ups 0.78 | wpb 1000 | bsz 1000 | num_updates 1312 | lr 0.0005 | gnorm 3.303 | clip 100 | train_wall 201 | wall 1657 (progress_bar.py:269, print())
[2021-04-20 10:03:52]    INFO >> epoch 008 | valid on 'valid' subset | loss 3.176 | mrr 0.462662 | sample_size 1000 | wps 1838.4 | wpb 1000 | bsz 1000 | num_updates 1312 | best_mrr 462.662 (progress_bar.py:269, print())
[2021-04-20 10:03:52]    INFO >> saved checkpoint /data/yanghe/ncc_data/codexglue/code_to_text/retrieval/data-mmap/java/conv1d_res/checkpoints/checkpoint_best.pt (epoch 8 @ 1312 updates, score 0.462662) (writing took 0.518975 seconds) (checkpoint_utils.py:81, save_checkpoint())
[2021-04-20 10:07:16]    INFO >> epoch 009 | loss 2.039 | mrr 0.65261 | sample_size 1000 | wps 784 | ups 0.78 | wpb 1000 | bsz 1000 | num_updates 1476 | lr 0.0005 | gnorm 3.064 | clip 100 | train_wall 199 | wall 1866 (progress_bar.py:269, print())
[2021-04-20 10:07:22]    INFO >> epoch 009 | valid on 'valid' subset | loss 3.081 | mrr 0.481283 | sample_size 1000 | wps 1799.9 | wpb 1000 | bsz 1000 | num_updates 1476 | best_mrr 481.283 (progress_bar.py:269, print())
[2021-04-20 10:07:22]    INFO >> saved checkpoint /data/yanghe/ncc_data/codexglue/code_to_text/retrieval/data-mmap/java/conv1d_res/checkpoints/checkpoint_best.pt (epoch 9 @ 1476 updates, score 0.481283) (writing took 0.463771 seconds) (checkpoint_utils.py:81, save_checkpoint())
[2021-04-20 10:07:55]    INFO >> epoch 010:     24 / 165 loss=2.236, mrr=618.313, sample_size=1000, wps=782.6, ups=0.78, wpb=1000, bsz=1000, num_updates=1500, lr=0.0005, gnorm=3.23, clip=100, train_wall=610, wall=1905 (progress_bar.py:262, log())
[2021-04-20 10:10:47]    INFO >> epoch 010 | loss 1.864 | mrr 0.682682 | sample_size 1000 | wps 778 | ups 0.78 | wpb 1000 | bsz 1000 | num_updates 1640 | lr 0.0005 | gnorm 3.072 | clip 100 | train_wall 201 | wall 2077 (progress_bar.py:269, print())
[2021-04-20 10:10:52]    INFO >> epoch 010 | valid on 'valid' subset | loss 2.99 | mrr 0.500287 | sample_size 1000 | wps 2270.9 | wpb 1000 | bsz 1000 | num_updates 1640 | best_mrr 500.287 (progress_bar.py:269, print())
[2021-04-20 10:10:52]    INFO >> saved checkpoint /data/yanghe/ncc_data/codexglue/code_to_text/retrieval/data-mmap/java/conv1d_res/checkpoints/checkpoint_best.pt (epoch 10 @ 1640 updates, score 0.500287) (writing took 0.502818 seconds) (checkpoint_utils.py:81, save_checkpoint())
[2021-04-20 10:14:16]    INFO >> epoch 011 | loss 1.725 | mrr 0.706466 | sample_size 1000 | wps 785.5 | ups 0.79 | wpb 1000 | bsz 1000 | num_updates 1804 | lr 0.0005 | gnorm 2.936 | clip 100 | train_wall 200 | wall 2285 (progress_bar.py:269, print())
[2021-04-20 10:14:21]    INFO >> epoch 011 | valid on 'valid' subset | loss 2.96 | mrr 0.511611 | sample_size 1000 | wps 1848.9 | wpb 1000 | bsz 1000 | num_updates 1804 | best_mrr 511.611 (progress_bar.py:269, print())
[2021-04-20 10:14:21]    INFO >> saved checkpoint /data/yanghe/ncc_data/codexglue/code_to_text/retrieval/data-mmap/java/conv1d_res/checkpoints/checkpoint_best.pt (epoch 11 @ 1804 updates, score 0.511611) (writing took 0.407881 seconds) (checkpoint_utils.py:81, save_checkpoint())
[2021-04-20 10:17:43]    INFO >> epoch 012 | loss 1.599 | mrr 0.727801 | sample_size 1000 | wps 791 | ups 0.79 | wpb 1000 | bsz 1000 | num_updates 1968 | lr 0.0005 | gnorm 2.91 | clip 100 | train_wall 199 | wall 2493 (progress_bar.py:269, print())
[2021-04-20 10:17:48]    INFO >> epoch 012 | valid on 'valid' subset | loss 2.878 | mrr 0.522064 | sample_size 1000 | wps 1797.5 | wpb 1000 | bsz 1000 | num_updates 1968 | best_mrr 522.064 (progress_bar.py:269, print())
[2021-04-20 10:17:49]    INFO >> saved checkpoint /data/yanghe/ncc_data/codexglue/code_to_text/retrieval/data-mmap/java/conv1d_res/checkpoints/checkpoint_best.pt (epoch 12 @ 1968 updates, score 0.522064) (writing took 0.807309 seconds) (checkpoint_utils.py:81, save_checkpoint())
[2021-04-20 10:18:32]    INFO >> epoch 013:     33 / 165 loss=1.709, mrr=709.144, sample_size=1000, wps=785.2, ups=0.79, wpb=1000, bsz=1000, num_updates=2000, lr=0.0005, gnorm=2.968, clip=100, train_wall=610, wall=2542 (progress_bar.py:262, log())
[2021-04-20 10:21:14]    INFO >> epoch 013 | loss 1.494 | mrr 0.745318 | sample_size 1000 | wps 776.6 | ups 0.78 | wpb 1000 | bsz 1000 | num_updates 2132 | lr 0.0005 | gnorm 2.913 | clip 100 | train_wall 202 | wall 2704 (progress_bar.py:269, print())
[2021-04-20 10:21:20]    INFO >> epoch 013 | valid on 'valid' subset | loss 2.827 | mrr 0.534515 | sample_size 1000 | wps 1814 | wpb 1000 | bsz 1000 | num_updates 2132 | best_mrr 534.515 (progress_bar.py:269, print())
[2021-04-20 10:21:21]    INFO >> saved checkpoint /data/yanghe/ncc_data/codexglue/code_to_text/retrieval/data-mmap/java/conv1d_res/checkpoints/checkpoint_best.pt (epoch 13 @ 2132 updates, score 0.534515) (writing took 0.454616 seconds) (checkpoint_utils.py:81, save_checkpoint())
[2021-04-20 10:24:43]    INFO >> epoch 014 | loss 1.399 | mrr 0.761429 | sample_size 1000 | wps 783.2 | ups 0.78 | wpb 1000 | bsz 1000 | num_updates 2296 | lr 0.0005 | gnorm 2.797 | clip 100 | train_wall 200 | wall 2913 (progress_bar.py:269, print())
[2021-04-20 10:24:49]    INFO >> epoch 014 | valid on 'valid' subset | loss 2.803 | mrr 0.538839 | sample_size 1000 | wps 1859.4 | wpb 1000 | bsz 1000 | num_updates 2296 | best_mrr 538.839 (progress_bar.py:269, print())
[2021-04-20 10:24:49]    INFO >> saved checkpoint /data/yanghe/ncc_data/codexglue/code_to_text/retrieval/data-mmap/java/conv1d_res/checkpoints/checkpoint_best.pt (epoch 14 @ 2296 updates, score 0.538839) (writing took 0.633171 seconds) (checkpoint_utils.py:81, save_checkpoint())
[2021-04-20 10:28:09]    INFO >> epoch 015 | loss 1.315 | mrr 0.775055 | sample_size 1000 | wps 798.7 | ups 0.8 | wpb 1000 | bsz 1000 | num_updates 2460 | lr 0.0005 | gnorm 2.813 | clip 100 | train_wall 196 | wall 3119 (progress_bar.py:269, print())
[2021-04-20 10:28:14]    INFO >> epoch 015 | valid on 'valid' subset | loss 2.77 | mrr 0.545098 | sample_size 1000 | wps 1874.3 | wpb 1000 | bsz 1000 | num_updates 2460 | best_mrr 545.098 (progress_bar.py:269, print())
[2021-04-20 10:28:14]    INFO >> saved checkpoint /data/yanghe/ncc_data/codexglue/code_to_text/retrieval/data-mmap/java/conv1d_res/checkpoints/checkpoint_best.pt (epoch 15 @ 2460 updates, score 0.545098) (writing took 0.500552 seconds) (checkpoint_utils.py:81, save_checkpoint())
[2021-04-20 10:29:07]    INFO >> epoch 016:     40 / 165 loss=1.383, mrr=763.973, sample_size=1000, wps=787, ups=0.79, wpb=1000, bsz=1000, num_updates=2500, lr=0.0005, gnorm=2.828, clip=100, train_wall=608, wall=3177 (progress_bar.py:262, log())
[2021-04-20 10:31:40]    INFO >> epoch 016 | loss 1.245 | mrr 0.787354 | sample_size 1000 | wps 777.8 | ups 0.78 | wpb 1000 | bsz 1000 | num_updates 2624 | lr 0.0005 | gnorm 2.85 | clip 100 | train_wall 202 | wall 3330 (progress_bar.py:269, print())
[2021-04-20 10:31:45]    INFO >> epoch 016 | valid on 'valid' subset | loss 2.768 | mrr 0.552928 | sample_size 1000 | wps 1853.6 | wpb 1000 | bsz 1000 | num_updates 2624 | best_mrr 552.928 (progress_bar.py:269, print())
[2021-04-20 10:31:45]    INFO >> saved checkpoint /data/yanghe/ncc_data/codexglue/code_to_text/retrieval/data-mmap/java/conv1d_res/checkpoints/checkpoint_best.pt (epoch 16 @ 2624 updates, score 0.552928) (writing took 0.563940 seconds) (checkpoint_utils.py:81, save_checkpoint())
[2021-04-20 10:35:09]    INFO >> epoch 017 | loss 1.178 | mrr 0.798294 | sample_size 1000 | wps 783.5 | ups 0.78 | wpb 1000 | bsz 1000 | num_updates 2788 | lr 0.0005 | gnorm 2.751 | clip 100 | train_wall 199 | wall 3539 (progress_bar.py:269, print())
[2021-04-20 10:35:14]    INFO >> epoch 017 | valid on 'valid' subset | loss 2.722 | mrr 0.559944 | sample_size 1000 | wps 1810.6 | wpb 1000 | bsz 1000 | num_updates 2788 | best_mrr 559.944 (progress_bar.py:269, print())
[2021-04-20 10:35:14]    INFO >> saved checkpoint /data/yanghe/ncc_data/codexglue/code_to_text/retrieval/data-mmap/java/conv1d_res/checkpoints/checkpoint_best.pt (epoch 17 @ 2788 updates, score 0.559944) (writing took 0.394285 seconds) (checkpoint_utils.py:81, save_checkpoint())
[2021-04-20 10:38:38]    INFO >> epoch 018 | loss 1.115 | mrr 0.809117 | sample_size 1000 | wps 786 | ups 0.79 | wpb 1000 | bsz 1000 | num_updates 2952 | lr 0.0005 | gnorm 2.824 | clip 100 | train_wall 200 | wall 3748 (progress_bar.py:269, print())
[2021-04-20 10:38:42]    INFO >> epoch 018 | valid on 'valid' subset | loss 2.717 | mrr 0.562984 | sample_size 1000 | wps 2038.1 | wpb 1000 | bsz 1000 | num_updates 2952 | best_mrr 562.984 (progress_bar.py:269, print())
[2021-04-20 10:38:43]    INFO >> saved checkpoint /data/yanghe/ncc_data/codexglue/code_to_text/retrieval/data-mmap/java/conv1d_res/checkpoints/checkpoint_best.pt (epoch 18 @ 2952 updates, score 0.562984) (writing took 0.495315 seconds) (checkpoint_utils.py:81, save_checkpoint())
[2021-04-20 10:39:46]    INFO >> epoch 019:     49 / 165 loss=1.16, mrr=801.384, sample_size=1000, wps=782.7, ups=0.78, wpb=1000, bsz=1000, num_updates=3000, lr=0.0005, gnorm=2.81, clip=100, train_wall=611, wall=3816 (progress_bar.py:262, log())
[2021-04-20 10:42:07]    INFO >> epoch 019 | loss 1.058 | mrr 0.818324 | sample_size 1000 | wps 782.4 | ups 0.78 | wpb 1000 | bsz 1000 | num_updates 3116 | lr 0.0005 | gnorm 2.773 | clip 100 | train_wall 201 | wall 3957 (progress_bar.py:269, print())
[2021-04-20 10:42:12]    INFO >> epoch 019 | valid on 'valid' subset | loss 2.704 | mrr 0.568373 | sample_size 1000 | wps 1869.2 | wpb 1000 | bsz 1000 | num_updates 3116 | best_mrr 568.373 (progress_bar.py:269, print())
[2021-04-20 10:42:13]    INFO >> saved checkpoint /data/yanghe/ncc_data/codexglue/code_to_text/retrieval/data-mmap/java/conv1d_res/checkpoints/checkpoint_best.pt (epoch 19 @ 3116 updates, score 0.568373) (writing took 0.450493 seconds) (checkpoint_utils.py:81, save_checkpoint())
[2021-04-20 10:45:37]    INFO >> epoch 020 | loss 1.005 | mrr 0.827661 | sample_size 1000 | wps 782.7 | ups 0.78 | wpb 1000 | bsz 1000 | num_updates 3280 | lr 0.0005 | gnorm 2.74 | clip 100 | train_wall 201 | wall 4167 (progress_bar.py:269, print())
[2021-04-20 10:45:42]    INFO >> epoch 020 | valid on 'valid' subset | loss 2.757 | mrr 0.566373 | sample_size 1000 | wps 1879.4 | wpb 1000 | bsz 1000 | num_updates 3280 | best_mrr 566.373 (progress_bar.py:269, print())
[2021-04-20 10:45:42]    INFO >> saved checkpoint /data/yanghe/ncc_data/codexglue/code_to_text/retrieval/data-mmap/java/conv1d_res/checkpoints/checkpoint_last.pt (epoch 20 @ 3280 updates, score 0.566373) (writing took 0.250373 seconds) (checkpoint_utils.py:81, save_checkpoint())
[2021-04-20 10:49:05]    INFO >> epoch 021 | loss 0.956 | mrr 0.836062 | sample_size 1000 | wps 788.4 | ups 0.79 | wpb 1000 | bsz 1000 | num_updates 3444 | lr 0.0005 | gnorm 2.79 | clip 100 | train_wall 200 | wall 4375 (progress_bar.py:269, print())
[2021-04-20 10:49:11]    INFO >> epoch 021 | valid on 'valid' subset | loss 2.739 | mrr 0.573101 | sample_size 1000 | wps 1759.4 | wpb 1000 | bsz 1000 | num_updates 3444 | best_mrr 573.101 (progress_bar.py:269, print())
[2021-04-20 10:49:11]    INFO >> saved checkpoint /data/yanghe/ncc_data/codexglue/code_to_text/retrieval/data-mmap/java/conv1d_res/checkpoints/checkpoint_best.pt (epoch 21 @ 3444 updates, score 0.573101) (writing took 0.424337 seconds) (checkpoint_utils.py:81, save_checkpoint())
[2021-04-20 10:50:23]    INFO >> epoch 022:     56 / 165 loss=0.991, mrr=829.933, sample_size=1000, wps=785.3, ups=0.79, wpb=1000, bsz=1000, num_updates=3500, lr=0.0005, gnorm=2.768, clip=100, train_wall=610, wall=4453 (progress_bar.py:262, log())
[2021-04-20 10:52:34]    INFO >> epoch 022 | loss 0.916 | mrr 0.842287 | sample_size 1000 | wps 784.3 | ups 0.78 | wpb 1000 | bsz 1000 | num_updates 3608 | lr 0.0005 | gnorm 2.741 | clip 100 | train_wall 200 | wall 4584 (progress_bar.py:269, print())
[2021-04-20 10:52:39]    INFO >> epoch 022 | valid on 'valid' subset | loss 2.769 | mrr 0.569813 | sample_size 1000 | wps 1853.1 | wpb 1000 | bsz 1000 | num_updates 3608 | best_mrr 569.813 (progress_bar.py:269, print())
[2021-04-20 10:52:39]    INFO >> saved checkpoint /data/yanghe/ncc_data/codexglue/code_to_text/retrieval/data-mmap/java/conv1d_res/checkpoints/checkpoint_last.pt (epoch 22 @ 3608 updates, score 0.569813) (writing took 0.225925 seconds) (checkpoint_utils.py:81, save_checkpoint())
[2021-04-20 10:56:04]    INFO >> epoch 023 | loss 0.873 | mrr 0.850005 | sample_size 1000 | wps 781.6 | ups 0.78 | wpb 1000 | bsz 1000 | num_updates 3772 | lr 0.0005 | gnorm 2.763 | clip 100 | train_wall 201 | wall 4794 (progress_bar.py:269, print())
[2021-04-20 10:56:09]    INFO >> epoch 023 | valid on 'valid' subset | loss 2.768 | mrr 0.575982 | sample_size 1000 | wps 1835.5 | wpb 1000 | bsz 1000 | num_updates 3772 | best_mrr 575.982 (progress_bar.py:269, print())
[2021-04-20 10:56:09]    INFO >> saved checkpoint /data/yanghe/ncc_data/codexglue/code_to_text/retrieval/data-mmap/java/conv1d_res/checkpoints/checkpoint_best.pt (epoch 23 @ 3772 updates, score 0.575982) (writing took 0.880033 seconds) (checkpoint_utils.py:81, save_checkpoint())
[2021-04-20 10:59:33]    INFO >> epoch 024 | loss 0.835 | mrr 0.856121 | sample_size 1000 | wps 785.2 | ups 0.79 | wpb 1000 | bsz 1000 | num_updates 3936 | lr 0.0005 | gnorm 2.759 | clip 100 | train_wall 200 | wall 5003 (progress_bar.py:269, print())
[2021-04-20 10:59:39]    INFO >> epoch 024 | valid on 'valid' subset | loss 2.765 | mrr 0.573982 | sample_size 1000 | wps 1800.9 | wpb 1000 | bsz 1000 | num_updates 3936 | best_mrr 573.982 (progress_bar.py:269, print())
[2021-04-20 10:59:39]    INFO >> saved checkpoint /data/yanghe/ncc_data/codexglue/code_to_text/retrieval/data-mmap/java/conv1d_res/checkpoints/checkpoint_last.pt (epoch 24 @ 3936 updates, score 0.573982) (writing took 0.244585 seconds) (checkpoint_utils.py:81, save_checkpoint())
[2021-04-20 11:01:00]    INFO >> epoch 025:     64 / 165 loss=0.861, mrr=851.866, sample_size=1000, wps=785, ups=0.78, wpb=1000, bsz=1000, num_updates=4000, lr=0.0005, gnorm=2.746, clip=100, train_wall=610, wall=5090 (progress_bar.py:262, log())
[2021-04-20 11:03:00]    INFO >> epoch 025 | loss 0.802 | mrr 0.861325 | sample_size 1000 | wps 792.6 | ups 0.79 | wpb 1000 | bsz 1000 | num_updates 4100 | lr 0.0005 | gnorm 2.77 | clip 100 | train_wall 198 | wall 5210 (progress_bar.py:269, print())
[2021-04-20 11:03:04]    INFO >> epoch 025 | valid on 'valid' subset | loss 2.789 | mrr 0.579587 | sample_size 1000 | wps 1833.3 | wpb 1000 | bsz 1000 | num_updates 4100 | best_mrr 579.587 (progress_bar.py:269, print())
[2021-04-20 11:03:05]    INFO >> saved checkpoint /data/yanghe/ncc_data/codexglue/code_to_text/retrieval/data-mmap/java/conv1d_res/checkpoints/checkpoint_best.pt (epoch 25 @ 4100 updates, score 0.579587) (writing took 0.547446 seconds) (checkpoint_utils.py:81, save_checkpoint())
[2021-04-20 11:06:30]    INFO >> epoch 026 | loss 0.768 | mrr 0.866671 | sample_size 1000 | wps 780.1 | ups 0.78 | wpb 1000 | bsz 1000 | num_updates 4264 | lr 0.0005 | gnorm 2.702 | clip 100 | train_wall 202 | wall 5420 (progress_bar.py:269, print())
[2021-04-20 11:06:34]    INFO >> epoch 026 | valid on 'valid' subset | loss 2.739 | mrr 0.582409 | sample_size 1000 | wps 2200.4 | wpb 1000 | bsz 1000 | num_updates 4264 | best_mrr 582.409 (progress_bar.py:269, print())
[2021-04-20 11:06:35]    INFO >> saved checkpoint /data/yanghe/ncc_data/codexglue/code_to_text/retrieval/data-mmap/java/conv1d_res/checkpoints/checkpoint_best.pt (epoch 26 @ 4264 updates, score 0.582409) (writing took 0.390256 seconds) (checkpoint_utils.py:81, save_checkpoint())
[2021-04-20 11:09:59]    INFO >> epoch 027 | loss 0.74 | mrr 0.871572 | sample_size 1000 | wps 784.4 | ups 0.78 | wpb 1000 | bsz 1000 | num_updates 4428 | lr 0.0005 | gnorm 2.73 | clip 100 | train_wall 201 | wall 5629 (progress_bar.py:269, print())
[2021-04-20 11:10:04]    INFO >> epoch 027 | valid on 'valid' subset | loss 2.794 | mrr 0.580283 | sample_size 1000 | wps 1855.5 | wpb 1000 | bsz 1000 | num_updates 4428 | best_mrr 580.283 (progress_bar.py:269, print())
[2021-04-20 11:10:04]    INFO >> saved checkpoint /data/yanghe/ncc_data/codexglue/code_to_text/retrieval/data-mmap/java/conv1d_res/checkpoints/checkpoint_last.pt (epoch 27 @ 4428 updates, score 0.580283) (writing took 0.275816 seconds) (checkpoint_utils.py:81, save_checkpoint())
[2021-04-20 11:11:36]    INFO >> epoch 028:     72 / 165 loss=0.758, mrr=868.502, sample_size=1000, wps=785.9, ups=0.79, wpb=1000, bsz=1000, num_updates=4500, lr=0.0005, gnorm=2.732, clip=100, train_wall=611, wall=5726 (progress_bar.py:262, log())
[2021-04-20 11:13:26]    INFO >> epoch 028 | loss 0.71 | mrr 0.87714 | sample_size 1000 | wps 790.9 | ups 0.79 | wpb 1000 | bsz 1000 | num_updates 4592 | lr 0.0005 | gnorm 2.761 | clip 100 | train_wall 199 | wall 5836 (progress_bar.py:269, print())
[2021-04-20 11:13:31]    INFO >> epoch 028 | valid on 'valid' subset | loss 2.81 | mrr 0.578559 | sample_size 1000 | wps 1821.4 | wpb 1000 | bsz 1000 | num_updates 4592 | best_mrr 578.559 (progress_bar.py:269, print())
[2021-04-20 11:13:32]    INFO >> saved checkpoint /data/yanghe/ncc_data/codexglue/code_to_text/retrieval/data-mmap/java/conv1d_res/checkpoints/checkpoint_last.pt (epoch 28 @ 4592 updates, score 0.578559) (writing took 0.226525 seconds) (checkpoint_utils.py:81, save_checkpoint())
[2021-04-20 11:16:56]    INFO >> epoch 029 | loss 0.684 | mrr 0.880449 | sample_size 1000 | wps 780.7 | ups 0.78 | wpb 1000 | bsz 1000 | num_updates 4756 | lr 0.0005 | gnorm 2.714 | clip 100 | train_wall 202 | wall 6046 (progress_bar.py:269, print())
[2021-04-20 11:17:03]    INFO >> epoch 029 | valid on 'valid' subset | loss 2.816 | mrr 0.580143 | sample_size 1000 | wps 1735.8 | wpb 1000 | bsz 1000 | num_updates 4756 | best_mrr 580.143 (progress_bar.py:269, print())
[2021-04-20 11:17:03]    INFO >> saved checkpoint /data/yanghe/ncc_data/codexglue/code_to_text/retrieval/data-mmap/java/conv1d_res/checkpoints/checkpoint_last.pt (epoch 29 @ 4756 updates, score 0.580143) (writing took 0.269923 seconds) (checkpoint_utils.py:81, save_checkpoint())
[2021-04-20 11:20:25]    INFO >> epoch 030 | loss 0.652 | mrr 0.885754 | sample_size 1000 | wps 784.5 | ups 0.78 | wpb 1000 | bsz 1000 | num_updates 4920 | lr 0.0005 | gnorm 2.754 | clip 100 | train_wall 199 | wall 6255 (progress_bar.py:269, print())
[2021-04-20 11:20:31]    INFO >> epoch 030 | valid on 'valid' subset | loss 2.847 | mrr 0.582739 | sample_size 1000 | wps 1854.4 | wpb 1000 | bsz 1000 | num_updates 4920 | best_mrr 582.739 (progress_bar.py:269, print())
[2021-04-20 11:20:31]    INFO >> saved checkpoint /data/yanghe/ncc_data/codexglue/code_to_text/retrieval/data-mmap/java/conv1d_res/checkpoints/checkpoint_best.pt (epoch 30 @ 4920 updates, score 0.582739) (writing took 0.626906 seconds) (checkpoint_utils.py:81, save_checkpoint())
[2021-04-20 11:22:13]    INFO >> epoch 031:     81 / 165 loss=0.671, mrr=882.874, sample_size=1000, wps=784.8, ups=0.78, wpb=1000, bsz=1000, num_updates=5000, lr=0.0005, gnorm=2.737, clip=100, train_wall=610, wall=6363 (progress_bar.py:262, log())
[2021-04-20 11:23:54]    INFO >> epoch 031 | loss 0.63 | mrr 0.889815 | sample_size 1000 | wps 787.9 | ups 0.79 | wpb 1000 | bsz 1000 | num_updates 5084 | lr 0.0005 | gnorm 2.72 | clip 100 | train_wall 199 | wall 6464 (progress_bar.py:269, print())
[2021-04-20 11:23:59]    INFO >> epoch 031 | valid on 'valid' subset | loss 2.842 | mrr 0.583786 | sample_size 1000 | wps 1844 | wpb 1000 | bsz 1000 | num_updates 5084 | best_mrr 583.786 (progress_bar.py:269, print())
[2021-04-20 11:23:59]    INFO >> saved checkpoint /data/yanghe/ncc_data/codexglue/code_to_text/retrieval/data-mmap/java/conv1d_res/checkpoints/checkpoint_best.pt (epoch 31 @ 5084 updates, score 0.583786) (writing took 0.486310 seconds) (checkpoint_utils.py:81, save_checkpoint())
[2021-04-20 11:27:11]    INFO >> epoch 032 | loss 0.608 | mrr 0.893785 | sample_size 1000 | wps 829.3 | ups 0.83 | wpb 1000 | bsz 1000 | num_updates 5248 | lr 0.0005 | gnorm 2.775 | clip 100 | train_wall 189 | wall 6661 (progress_bar.py:269, print())
[2021-04-20 11:27:16]    INFO >> epoch 032 | valid on 'valid' subset | loss 2.878 | mrr 0.585671 | sample_size 1000 | wps 2281.1 | wpb 1000 | bsz 1000 | num_updates 5248 | best_mrr 585.671 (progress_bar.py:269, print())
[2021-04-20 11:27:16]    INFO >> saved checkpoint /data/yanghe/ncc_data/codexglue/code_to_text/retrieval/data-mmap/java/conv1d_res/checkpoints/checkpoint_best.pt (epoch 32 @ 5248 updates, score 0.585671) (writing took 0.476178 seconds) (checkpoint_utils.py:81, save_checkpoint())
[2021-04-20 11:29:59]    INFO >> epoch 033 | loss 0.589 | mrr 0.89634 | sample_size 1000 | wps 979.2 | ups 0.98 | wpb 1000 | bsz 1000 | num_updates 5412 | lr 0.0005 | gnorm 2.709 | clip 100 | train_wall 160 | wall 6829 (progress_bar.py:269, print())
[2021-04-20 11:30:03]    INFO >> epoch 033 | valid on 'valid' subset | loss 2.905 | mrr 0.58351 | sample_size 1000 | wps 2252.4 | wpb 1000 | bsz 1000 | num_updates 5412 | best_mrr 583.51 (progress_bar.py:269, print())
[2021-04-20 11:30:04]    INFO >> saved checkpoint /data/yanghe/ncc_data/codexglue/code_to_text/retrieval/data-mmap/java/conv1d_res/checkpoints/checkpoint_last.pt (epoch 33 @ 5412 updates, score 0.58351) (writing took 0.334953 seconds) (checkpoint_utils.py:81, save_checkpoint())
[2021-04-20 11:31:34]    INFO >> epoch 034:     89 / 165 loss=0.596, mrr=895.478, sample_size=1000, wps=890.9, ups=0.89, wpb=1000, bsz=1000, num_updates=5500, lr=0.0005, gnorm=2.732, clip=100, train_wall=537, wall=6924 (progress_bar.py:262, log())
[2021-04-20 11:32:47]    INFO >> epoch 034 | loss 0.568 | mrr 0.900459 | sample_size 1000 | wps 973.8 | ups 0.97 | wpb 1000 | bsz 1000 | num_updates 5576 | lr 0.0005 | gnorm 2.708 | clip 100 | train_wall 161 | wall 6997 (progress_bar.py:269, print())
[2021-04-20 11:32:52]    INFO >> epoch 034 | valid on 'valid' subset | loss 2.918 | mrr 0.582678 | sample_size 1000 | wps 2252.7 | wpb 1000 | bsz 1000 | num_updates 5576 | best_mrr 582.678 (progress_bar.py:269, print())
[2021-04-20 11:32:52]    INFO >> saved checkpoint /data/yanghe/ncc_data/codexglue/code_to_text/retrieval/data-mmap/java/conv1d_res/checkpoints/checkpoint_last.pt (epoch 34 @ 5576 updates, score 0.582678) (writing took 0.257706 seconds) (checkpoint_utils.py:81, save_checkpoint())
[2021-04-20 11:35:39]    INFO >> epoch 035 | loss 0.546 | mrr 0.904217 | sample_size 1000 | wps 955.3 | ups 0.96 | wpb 1000 | bsz 1000 | num_updates 5740 | lr 0.0005 | gnorm 2.759 | clip 100 | train_wall 163 | wall 7169 (progress_bar.py:269, print())
[2021-04-20 11:35:43]    INFO >> epoch 035 | valid on 'valid' subset | loss 2.921 | mrr 0.589838 | sample_size 1000 | wps 2432.8 | wpb 1000 | bsz 1000 | num_updates 5740 | best_mrr 589.838 (progress_bar.py:269, print())
[2021-04-20 11:35:44]    INFO >> saved checkpoint /data/yanghe/ncc_data/codexglue/code_to_text/retrieval/data-mmap/java/conv1d_res/checkpoints/checkpoint_best.pt (epoch 35 @ 5740 updates, score 0.589838) (writing took 0.810789 seconds) (checkpoint_utils.py:81, save_checkpoint())
[2021-04-20 11:38:30]    INFO >> epoch 036 | loss 0.531 | mrr 0.906898 | sample_size 1000 | wps 959.6 | ups 0.96 | wpb 1000 | bsz 1000 | num_updates 5904 | lr 0.0005 | gnorm 2.698 | clip 100 | train_wall 163 | wall 7340 (progress_bar.py:269, print())
[2021-04-20 11:38:35]    INFO >> epoch 036 | valid on 'valid' subset | loss 2.948 | mrr 0.58764 | sample_size 1000 | wps 2654.9 | wpb 1000 | bsz 1000 | num_updates 5904 | best_mrr 587.64 (progress_bar.py:269, print())
[2021-04-20 11:38:35]    INFO >> saved checkpoint /data/yanghe/ncc_data/codexglue/code_to_text/retrieval/data-mmap/java/conv1d_res/checkpoints/checkpoint_last.pt (epoch 36 @ 5904 updates, score 0.58764) (writing took 0.223970 seconds) (checkpoint_utils.py:81, save_checkpoint())
[2021-04-20 11:40:11]    INFO >> epoch 037:     97 / 165 loss=0.539, mrr=905.328, sample_size=1000, wps=967.3, ups=0.97, wpb=1000, bsz=1000, num_updates=6000, lr=0.0005, gnorm=2.725, clip=100, train_wall=492, wall=7441 (progress_bar.py:262, log())
[2021-04-20 11:41:20]    INFO >> epoch 037 | loss 0.514 | mrr 0.909084 | sample_size 1000 | wps 962.9 | ups 0.96 | wpb 1000 | bsz 1000 | num_updates 6068 | lr 0.0005 | gnorm 2.685 | clip 100 | train_wall 162 | wall 7510 (progress_bar.py:269, print())
[2021-04-20 11:41:25]    INFO >> epoch 037 | valid on 'valid' subset | loss 2.967 | mrr 0.58769 | sample_size 1000 | wps 2575.1 | wpb 1000 | bsz 1000 | num_updates 6068 | best_mrr 587.69 (progress_bar.py:269, print())
[2021-04-20 11:41:26]    INFO >> saved checkpoint /data/yanghe/ncc_data/codexglue/code_to_text/retrieval/data-mmap/java/conv1d_res/checkpoints/checkpoint_last.pt (epoch 37 @ 6068 updates, score 0.58769) (writing took 0.268282 seconds) (checkpoint_utils.py:81, save_checkpoint())
[2021-04-20 11:44:12]    INFO >> epoch 038 | loss 0.501 | mrr 0.911347 | sample_size 1000 | wps 957.5 | ups 0.96 | wpb 1000 | bsz 1000 | num_updates 6232 | lr 0.0005 | gnorm 2.663 | clip 100 | train_wall 162 | wall 7682 (progress_bar.py:269, print())
[2021-04-20 11:44:15]    INFO >> epoch 038 | valid on 'valid' subset | loss 3.016 | mrr 0.585643 | sample_size 1000 | wps 2724.1 | wpb 1000 | bsz 1000 | num_updates 6232 | best_mrr 585.643 (progress_bar.py:269, print())
[2021-04-20 11:44:16]    INFO >> saved checkpoint /data/yanghe/ncc_data/codexglue/code_to_text/retrieval/data-mmap/java/conv1d_res/checkpoints/checkpoint_last.pt (epoch 38 @ 6232 updates, score 0.585643) (writing took 0.247226 seconds) (checkpoint_utils.py:81, save_checkpoint())
[2021-04-20 11:47:01]    INFO >> epoch 039 | loss 0.486 | mrr 0.914172 | sample_size 1000 | wps 969.8 | ups 0.97 | wpb 1000 | bsz 1000 | num_updates 6396 | lr 0.0005 | gnorm 2.725 | clip 100 | train_wall 162 | wall 7851 (progress_bar.py:269, print())
[2021-04-20 11:47:06]    INFO >> epoch 039 | valid on 'valid' subset | loss 2.992 | mrr 0.586511 | sample_size 1000 | wps 2146.2 | wpb 1000 | bsz 1000 | num_updates 6396 | best_mrr 586.511 (progress_bar.py:269, print())
[2021-04-20 11:47:06]    INFO >> saved checkpoint /data/yanghe/ncc_data/codexglue/code_to_text/retrieval/data-mmap/java/conv1d_res/checkpoints/checkpoint_last.pt (epoch 39 @ 6396 updates, score 0.586511) (writing took 0.195245 seconds) (checkpoint_utils.py:81, save_checkpoint())
[2021-04-20 11:48:49]    INFO >> epoch 040:    104 / 165 loss=0.491, mrr=913.111, sample_size=1000, wps=966.5, ups=0.97, wpb=1000, bsz=1000, num_updates=6500, lr=0.0005, gnorm=2.688, clip=100, train_wall=492, wall=7959 (progress_bar.py:262, log())
[2021-04-20 11:49:49]    INFO >> epoch 040 | loss 0.469 | mrr 0.917065 | sample_size 1000 | wps 973.3 | ups 0.97 | wpb 1000 | bsz 1000 | num_updates 6560 | lr 0.0005 | gnorm 2.676 | clip 100 | train_wall 160 | wall 8019 (progress_bar.py:269, print())
[2021-04-20 11:49:55]    INFO >> epoch 040 | valid on 'valid' subset | loss 3.019 | mrr 0.588221 | sample_size 1000 | wps 2102 | wpb 1000 | bsz 1000 | num_updates 6560 | best_mrr 588.221 (progress_bar.py:269, print())
[2021-04-20 11:49:55]    INFO >> saved checkpoint /data/yanghe/ncc_data/codexglue/code_to_text/retrieval/data-mmap/java/conv1d_res/checkpoints/checkpoint_last.pt (epoch 40 @ 6560 updates, score 0.588221) (writing took 0.240101 seconds) (checkpoint_utils.py:81, save_checkpoint())
[2021-04-20 11:52:38]    INFO >> epoch 041 | loss 0.459 | mrr 0.91887 | sample_size 1000 | wps 972.9 | ups 0.97 | wpb 1000 | bsz 1000 | num_updates 6724 | lr 0.0005 | gnorm 2.678 | clip 100 | train_wall 160 | wall 8188 (progress_bar.py:269, print())
[2021-04-20 11:52:42]    INFO >> epoch 041 | valid on 'valid' subset | loss 3.058 | mrr 0.582352 | sample_size 1000 | wps 2266.5 | wpb 1000 | bsz 1000 | num_updates 6724 | best_mrr 582.352 (progress_bar.py:269, print())
[2021-04-20 11:52:42]    INFO >> saved checkpoint /data/yanghe/ncc_data/codexglue/code_to_text/retrieval/data-mmap/java/conv1d_res/checkpoints/checkpoint_last.pt (epoch 41 @ 6724 updates, score 0.582352) (writing took 0.224022 seconds) (checkpoint_utils.py:81, save_checkpoint())
[2021-04-20 11:55:28]    INFO >> epoch 042 | loss 0.446 | mrr 0.920774 | sample_size 1000 | wps 964.4 | ups 0.96 | wpb 1000 | bsz 1000 | num_updates 6888 | lr 0.0005 | gnorm 2.67 | clip 100 | train_wall 162 | wall 8358 (progress_bar.py:269, print())
[2021-04-20 11:55:33]    INFO >> epoch 042 | valid on 'valid' subset | loss 3.065 | mrr 0.586488 | sample_size 1000 | wps 2139.5 | wpb 1000 | bsz 1000 | num_updates 6888 | best_mrr 586.488 (progress_bar.py:269, print())
[2021-04-20 11:55:34]    INFO >> saved checkpoint /data/yanghe/ncc_data/codexglue/code_to_text/retrieval/data-mmap/java/conv1d_res/checkpoints/checkpoint_last.pt (epoch 42 @ 6888 updates, score 0.586488) (writing took 0.284871 seconds) (checkpoint_utils.py:81, save_checkpoint())
[2021-04-20 11:57:25]    INFO >> epoch 043:    113 / 165 loss=0.452, mrr=919.912, sample_size=1000, wps=969.2, ups=0.97, wpb=1000, bsz=1000, num_updates=7000, lr=0.0005, gnorm=2.672, clip=100, train_wall=490, wall=8475 (progress_bar.py:262, log())
[2021-04-20 11:58:17]    INFO >> epoch 043 | loss 0.431 | mrr 0.923783 | sample_size 1000 | wps 967.3 | ups 0.97 | wpb 1000 | bsz 1000 | num_updates 7052 | lr 0.0005 | gnorm 2.655 | clip 100 | train_wall 161 | wall 8527 (progress_bar.py:269, print())
[2021-04-20 11:58:23]    INFO >> epoch 043 | valid on 'valid' subset | loss 3.131 | mrr 0.584166 | sample_size 1000 | wps 2206.7 | wpb 1000 | bsz 1000 | num_updates 7052 | best_mrr 584.166 (progress_bar.py:269, print())
[2021-04-20 11:58:23]    INFO >> saved checkpoint /data/yanghe/ncc_data/codexglue/code_to_text/retrieval/data-mmap/java/conv1d_res/checkpoints/checkpoint_last.pt (epoch 43 @ 7052 updates, score 0.584166) (writing took 0.235030 seconds) (checkpoint_utils.py:81, save_checkpoint())
[2021-04-20 12:01:06]    INFO >> epoch 044 | loss 0.427 | mrr 0.924308 | sample_size 1000 | wps 971.4 | ups 0.97 | wpb 1000 | bsz 1000 | num_updates 7216 | lr 0.0005 | gnorm 2.634 | clip 100 | train_wall 160 | wall 8696 (progress_bar.py:269, print())
[2021-04-20 12:01:11]    INFO >> epoch 044 | valid on 'valid' subset | loss 3.098 | mrr 0.585223 | sample_size 1000 | wps 2280 | wpb 1000 | bsz 1000 | num_updates 7216 | best_mrr 585.223 (progress_bar.py:269, print())
[2021-04-20 12:01:11]    INFO >> saved checkpoint /data/yanghe/ncc_data/codexglue/code_to_text/retrieval/data-mmap/java/conv1d_res/checkpoints/checkpoint_last.pt (epoch 44 @ 7216 updates, score 0.585223) (writing took 0.263679 seconds) (checkpoint_utils.py:81, save_checkpoint())
[2021-04-20 12:03:56]    INFO >> epoch 045 | loss 0.408 | mrr 0.927769 | sample_size 1000 | wps 966.5 | ups 0.97 | wpb 1000 | bsz 1000 | num_updates 7380 | lr 0.0005 | gnorm 2.651 | clip 100 | train_wall 162 | wall 8866 (progress_bar.py:269, print())
[2021-04-20 12:04:02]    INFO >> epoch 045 | valid on 'valid' subset | loss 3.142 | mrr 0.587969 | sample_size 1000 | wps 2189.9 | wpb 1000 | bsz 1000 | num_updates 7380 | best_mrr 587.969 (progress_bar.py:269, print())
[2021-04-20 12:04:02]    INFO >> saved checkpoint /data/yanghe/ncc_data/codexglue/code_to_text/retrieval/data-mmap/java/conv1d_res/checkpoints/checkpoint_last.pt (epoch 45 @ 7380 updates, score 0.587969) (writing took 0.207400 seconds) (checkpoint_utils.py:81, save_checkpoint())
[2021-04-20 12:04:02]    INFO >> early stop since valid performance hasn't improved for last 10 runs (train.py:191, should_stop_early())
[2021-04-20 12:04:02]    INFO >> early stop since valid performance hasn't improved for last 10 runs (train.py:272, single_main())
[2021-04-20 12:04:02]    INFO >> done training in 8871.6 seconds (train.py:283, single_main())
