nohup: 忽略输入
[2021-04-20 05:57:17]    INFO >> Load arguments in /home/yanghe/Documents/naturalcc-dev/run/retrieval/conv1d/config/csn_feng/python.yml (train.py:302, cli_main())
[2021-04-20 05:57:17]    INFO >> {'criterion': 'retrieval_softmax', 'optimizer': 'torch_adam', 'lr_scheduler': 'fixed', 'tokenizer': None, 'bpe': None, 'common': {'no_progress_bar': 0, 'log_interval': 500, 'log_format': 'simple', 'tensorboard_logdir': '', 'seed': 0, 'cpu': 0, 'fp16': 0, 'memory_efficient_fp16': 0, 'fp16_no_flatten_grads': 0, 'fp16_init_scale': 128, 'fp16_scale_window': None, 'fp16_scale_tolerance': 0.0, 'min_loss_scale': 0.0001, 'threshold_loss_scale': None, 'user_dir': None, 'empty_cache_freq': 0, 'all_gather_list_size': 16384, 'task': 'hybrid_retrieval'}, 'dataset': {'num_workers': 1, 'skip_invalid_size_inputs_valid_test': 0, 'max_tokens': None, 'max_sentences': 1000, 'code_max_tokens': 200, 'query_max_tokens': 30, 'required_batch_size_multiple': 8, 'dataset_impl': 'mmap', 'train_subset': 'train', 'valid_subset': 'valid', 'validate_interval': 1, 'fixed_validation_seed': None, 'disable_validation': None, 'max_tokens_valid': None, 'max_sentences_valid': 1000, 'curriculum': 0, 'gen_subset': 'test', 'num_shards': 1, 'shard_id': 0, 'joined_dictionary': 0, 'langs': ['python']}, 'distributed_training': {'distributed_world_size': 1, 'distributed_rank': 0, 'distributed_backend': 'nccl', 'distributed_init_method': None, 'distributed_port': -1, 'device_id': 0, 'distributed_no_spawn': 0, 'ddp_backend': 'c10d', 'bucket_cap_mb': 25, 'fix_batches_to_gpus': None, 'find_unused_parameters': 0, 'fast_stat_sync': 0, 'broadcast_buffers': 0, 'global_sync_iter': 50, 'warmup_iterations': 500, 'local_rank': -1, 'block_momentum': 0.875, 'block_lr': 1, 'use_nbm': 0, 'average_sync': 0}, 'task': {'data': '/data/yanghe/ncc_data/codexglue/code_to_text/retrieval/data-mmap/all', 'sample_break_mode': 'complete', 'tokens_per_sample': 512, 'mask_prob': 0.15, 'leave_unmasked_prob': 0.1, 'random_token_prob': 0.1, 'freq_weighted_replacement': 0, 'mask_whole_words': 0, 'pooler_activation_fn': 'tanh', 'source_lang': 'code_tokens', 'target_lang': 'docstring_tokens', 'source_aux_lang': 'code_tokens.wo_func', 'target_aux_lang': 'func_name', 'fraction_using_func_name': 0.3, 'load_alignments': 0, 'left_pad_source': 1, 'left_pad_target': 0, 'upsample_primary': 1, 'truncate_source': 0, 'eval_mrr': 1}, 'model': {'arch': 'conv1d_res', 'code_embed_dim': 128, 'code_kernel_size': [16, 16, 16], 'code_residual': True, 'code_layers': [128, 128, 128], 'code_pooling': 'weighted_mean', 'code_activation_fn': 'tanh', 'code_position_encoding': 'learned', 'code_paddding': 'same', 'code_dropout': 0.1, 'query_embed_dim': 128, 'query_kernel_size': [16, 16, 16], 'query_residual': True, 'query_layers': [128, 128, 128], 'query_pooling': 'weighted_mean', 'query_activation_fn': 'tanh', 'query_position_encoding': 'learned', 'query_paddding': 'same', 'query_dropout': 0.1}, 'optimization': {'max_epoch': 300, 'max_update': 0, 'clip_norm': 1, 'sentence_avg': 0, 'update_freq': [1], 'lrs': [0.0005], 'min_lr': -1, 'use_bmuf': 0, 'lr_shrink': 1.0, 'force_anneal': 0, 'warmup_updates': 0, 'end_learning_rate': 0.0, 'power': 1.0, 'total_num_update': 1000000, 'adam': {'adam_betas': '(0.9, 0.999)', 'adam_eps': 1e-08, 'weight_decay': 0, 'use_old_adam': 1}, 'margin': 1, 'clip_norm_version': 'tf_clip_by_global_norm'}, 'checkpoint': {'save_dir': '/data/yanghe/ncc_data/codexglue/code_to_text/retrieval/data-mmap/python/conv1d_res/checkpoints', 'restore_file': 'checkpoint_last.pt', 'reset_dataloader': None, 'reset_lr_scheduler': None, 'reset_meters': None, 'reset_optimizer': None, 'optimizer_overrides': '{}', 'save_interval': 1, 'save_interval_updates': 0, 'keep_interval_updates': 0, 'keep_last_epochs': -1, 'keep_best_checkpoints': -1, 'no_save': 0, 'no_epoch_checkpoints': 1, 'no_last_checkpoints': 0, 'no_save_optimizer_state': None, 'best_checkpoint_metric': 'mrr', 'maximize_best_checkpoint_metric': 1, 'patience': 10}, 'eval': {'path': '/data/yanghe/ncc_data/codexglue/code_to_text/retrieval/data-mmap/python/conv1d_res/checkpoints/checkpoint_best.pt', 'quiet': 1, 'max_sentences': 1000, 'model_overrides': '{}', 'eval_size': -1}} (train.py:304, cli_main())
[2021-04-20 05:57:17]    INFO >> single GPU training... (train.py:333, cli_main())
[2021-04-20 05:57:17]    INFO >> loaded 13914 examples from: ['/data/yanghe/ncc_data/codexglue/code_to_text/retrieval/data-mmap/all/valid.python.code_tokens'] (hybrid_retrieval.py:54, load_tokens_dataset())
[2021-04-20 05:57:17]    INFO >> loaded 13914 examples from: ['/data/yanghe/ncc_data/codexglue/code_to_text/retrieval/data-mmap/all/valid.python.docstring_tokens'] (hybrid_retrieval.py:55, load_tokens_dataset())
[2021-04-20 05:57:17]    INFO >> Conv1dRes(
  (src_encoders): ModuleDict(
    (python): Conv1dResEncoder(
      (embed): Embedding(10000, 128)
      (weight_layer): Linear(in_features=128, out_features=1, bias=False)
      (conv_layers): ModuleList(
        (0): Conv2d(1, 128, kernel_size=(16, 128), stride=(1, 1))
        (1): Conv2d(1, 128, kernel_size=(16, 128), stride=(1, 1))
        (2): Conv2d(1, 128, kernel_size=(16, 128), stride=(1, 1))
      )
    )
  )
  (tgt_encoders): Conv1dResEncoder(
    (embed): Embedding(10000, 128)
    (weight_layer): Linear(in_features=128, out_features=1, bias=False)
    (conv_layers): ModuleList(
      (0): Conv2d(1, 128, kernel_size=(16, 128), stride=(1, 1))
      (1): Conv2d(1, 128, kernel_size=(16, 128), stride=(1, 1))
      (2): Conv2d(1, 128, kernel_size=(16, 128), stride=(1, 1))
    )
  )
) (train.py:223, single_main())
[2021-04-20 05:57:17]    INFO >> model conv1d_res, criterion SearchSoftmaxCriterion (train.py:224, single_main())
[2021-04-20 05:57:17]    INFO >> num. model params: 4163328 (num. trained: 4163328) (train.py:227, single_main())
[2021-04-20 05:57:23]    INFO >> training on 1 GPUs (train.py:233, single_main())
[2021-04-20 05:57:23]    INFO >> max tokens per GPU = None and max sentences per GPU = 1000 (train.py:236, single_main())
[2021-04-20 05:57:23]    INFO >> no existing checkpoint found /data/yanghe/ncc_data/codexglue/code_to_text/retrieval/data-mmap/python/conv1d_res/checkpoints/checkpoint_last.pt (ncc_trainers.py:270, load_checkpoint())
[2021-04-20 05:57:23]    INFO >> loading train data for epoch 1 (ncc_trainers.py:285, get_train_iterator())
[2021-04-20 05:57:24]    INFO >> loaded 251820 examples from: ['/data/yanghe/ncc_data/codexglue/code_to_text/retrieval/data-mmap/all/train.python.code_tokens'] (hybrid_retrieval.py:54, load_tokens_dataset())
[2021-04-20 05:57:24]    INFO >> loaded 251820 examples from: ['/data/yanghe/ncc_data/codexglue/code_to_text/retrieval/data-mmap/all/train.python.docstring_tokens'] (hybrid_retrieval.py:55, load_tokens_dataset())
[2021-04-20 05:57:24]    INFO >> loaded 251820 examples from: ['/data/yanghe/ncc_data/codexglue/code_to_text/retrieval/data-mmap/all/train.python.code_tokens.wo_func'] (hybrid_retrieval.py:67, load_tokens_dataset())
[2021-04-20 05:57:24]    INFO >> loaded 251820 examples from: ['/data/yanghe/ncc_data/codexglue/code_to_text/retrieval/data-mmap/all/train.python.func_name'] (hybrid_retrieval.py:81, load_tokens_dataset())
[2021-04-20 05:57:24]    INFO >> NOTE: your device may support faster training with fp16 (ncc_trainers.py:155, _setup_optimizer())
[2021-04-20 06:01:33]    INFO >> epoch 001 | loss 6.289 | mrr 0.034117 | sample_size 1000 | wps 1018.5 | ups 1.02 | wpb 1000 | bsz 1000 | num_updates 251 | lr 0.0005 | gnorm 2.135 | clip 70.9 | train_wall 246 | wall 250 (progress_bar.py:269, print())
[2021-04-20 06:01:42]    INFO >> epoch 001 | valid on 'valid' subset | loss 6.035 | mrr 0.046158 | sample_size 1000 | wps 2504.4 | wpb 1000 | bsz 1000 | num_updates 251 (progress_bar.py:269, print())
[2021-04-20 06:01:42]    INFO >> saved checkpoint /data/yanghe/ncc_data/codexglue/code_to_text/retrieval/data-mmap/python/conv1d_res/checkpoints/checkpoint_best.pt (epoch 1 @ 251 updates, score 0.046158) (writing took 0.377284 seconds) (checkpoint_utils.py:81, save_checkpoint())
[2021-04-20 06:05:45]    INFO >> epoch 002:    250 / 252 loss=5.762, mrr=78.1489, sample_size=1000, wps=1003.8, ups=1, wpb=1000, bsz=1000, num_updates=500, lr=0.0005, gnorm=2.33, clip=85.4, train_wall=485, wall=501 (progress_bar.py:262, log())
[2021-04-20 06:05:47]    INFO >> epoch 002 | loss 5.228 | mrr 0.122951 | sample_size 1000 | wps 988.6 | ups 0.99 | wpb 1000 | bsz 1000 | num_updates 502 | lr 0.0005 | gnorm 2.532 | clip 100 | train_wall 242 | wall 504 (progress_bar.py:269, print())
[2021-04-20 06:05:55]    INFO >> epoch 002 | valid on 'valid' subset | loss 5.244 | mrr 0.138891 | sample_size 1000 | wps 2472.1 | wpb 1000 | bsz 1000 | num_updates 502 | best_mrr 138.891 (progress_bar.py:269, print())
[2021-04-20 06:05:56]    INFO >> saved checkpoint /data/yanghe/ncc_data/codexglue/code_to_text/retrieval/data-mmap/python/conv1d_res/checkpoints/checkpoint_best.pt (epoch 2 @ 502 updates, score 0.138891) (writing took 0.489096 seconds) (checkpoint_utils.py:81, save_checkpoint())
[2021-04-20 06:10:02]    INFO >> epoch 003 | loss 4.399 | mrr 0.242673 | sample_size 1000 | wps 986.4 | ups 0.99 | wpb 1000 | bsz 1000 | num_updates 753 | lr 0.0005 | gnorm 2.926 | clip 100 | train_wall 242 | wall 758 (progress_bar.py:269, print())
[2021-04-20 06:10:10]    INFO >> epoch 003 | valid on 'valid' subset | loss 4.693 | mrr 0.222928 | sample_size 1000 | wps 2500.7 | wpb 1000 | bsz 1000 | num_updates 753 | best_mrr 222.928 (progress_bar.py:269, print())
[2021-04-20 06:10:11]    INFO >> saved checkpoint /data/yanghe/ncc_data/codexglue/code_to_text/retrieval/data-mmap/python/conv1d_res/checkpoints/checkpoint_best.pt (epoch 3 @ 753 updates, score 0.222928) (writing took 0.617134 seconds) (checkpoint_utils.py:81, save_checkpoint())
[2021-04-20 06:14:15]    INFO >> epoch 004:    248 / 252 loss=4.103, mrr=291.486, sample_size=1000, wps=980.3, ups=0.98, wpb=1000, bsz=1000, num_updates=1000, lr=0.0005, gnorm=2.982, clip=100, train_wall=485, wall=1011 (progress_bar.py:262, log())
[2021-04-20 06:14:19]    INFO >> epoch 004 | loss 3.793 | mrr 0.342652 | sample_size 1000 | wps 974.7 | ups 0.97 | wpb 1000 | bsz 1000 | num_updates 1004 | lr 0.0005 | gnorm 3.026 | clip 100 | train_wall 245 | wall 1016 (progress_bar.py:269, print())
[2021-04-20 06:14:27]    INFO >> epoch 004 | valid on 'valid' subset | loss 4.295 | mrr 0.278746 | sample_size 1000 | wps 2505.2 | wpb 1000 | bsz 1000 | num_updates 1004 | best_mrr 278.746 (progress_bar.py:269, print())
[2021-04-20 06:14:28]    INFO >> saved checkpoint /data/yanghe/ncc_data/codexglue/code_to_text/retrieval/data-mmap/python/conv1d_res/checkpoints/checkpoint_best.pt (epoch 4 @ 1004 updates, score 0.278746) (writing took 0.402295 seconds) (checkpoint_utils.py:81, save_checkpoint())
[2021-04-20 06:18:34]    INFO >> epoch 005 | loss 3.349 | mrr 0.41795 | sample_size 1000 | wps 984.1 | ups 0.98 | wpb 1000 | bsz 1000 | num_updates 1255 | lr 0.0005 | gnorm 2.978 | clip 100 | train_wall 243 | wall 1271 (progress_bar.py:269, print())
[2021-04-20 06:18:42]    INFO >> epoch 005 | valid on 'valid' subset | loss 4.008 | mrr 0.326484 | sample_size 1000 | wps 2483.5 | wpb 1000 | bsz 1000 | num_updates 1255 | best_mrr 326.484 (progress_bar.py:269, print())
[2021-04-20 06:18:43]    INFO >> saved checkpoint /data/yanghe/ncc_data/codexglue/code_to_text/retrieval/data-mmap/python/conv1d_res/checkpoints/checkpoint_best.pt (epoch 5 @ 1255 updates, score 0.326484) (writing took 0.394616 seconds) (checkpoint_utils.py:81, save_checkpoint())
[2021-04-20 06:22:42]    INFO >> epoch 006:    246 / 252 loss=3.172, mrr=448.548, sample_size=1000, wps=986, ups=0.99, wpb=1000, bsz=1000, num_updates=1500, lr=0.0005, gnorm=2.97, clip=100, train_wall=483, wall=1519 (progress_bar.py:262, log())
[2021-04-20 06:22:48]    INFO >> epoch 006 | loss 2.982 | mrr 0.48136 | sample_size 1000 | wps 988 | ups 0.99 | wpb 1000 | bsz 1000 | num_updates 1506 | lr 0.0005 | gnorm 2.973 | clip 100 | train_wall 242 | wall 1525 (progress_bar.py:269, print())
[2021-04-20 06:22:57]    INFO >> epoch 006 | valid on 'valid' subset | loss 3.798 | mrr 0.363752 | sample_size 1000 | wps 2498.5 | wpb 1000 | bsz 1000 | num_updates 1506 | best_mrr 363.752 (progress_bar.py:269, print())
[2021-04-20 06:22:57]    INFO >> saved checkpoint /data/yanghe/ncc_data/codexglue/code_to_text/retrieval/data-mmap/python/conv1d_res/checkpoints/checkpoint_best.pt (epoch 6 @ 1506 updates, score 0.363752) (writing took 0.442553 seconds) (checkpoint_utils.py:81, save_checkpoint())
[2021-04-20 06:27:05]    INFO >> epoch 007 | loss 2.698 | mrr 0.530351 | sample_size 1000 | wps 979 | ups 0.98 | wpb 1000 | bsz 1000 | num_updates 1757 | lr 0.0005 | gnorm 2.962 | clip 100 | train_wall 244 | wall 1781 (progress_bar.py:269, print())
[2021-04-20 06:27:13]    INFO >> epoch 007 | valid on 'valid' subset | loss 3.594 | mrr 0.394218 | sample_size 1000 | wps 2513 | wpb 1000 | bsz 1000 | num_updates 1757 | best_mrr 394.218 (progress_bar.py:269, print())
[2021-04-20 06:27:13]    INFO >> saved checkpoint /data/yanghe/ncc_data/codexglue/code_to_text/retrieval/data-mmap/python/conv1d_res/checkpoints/checkpoint_best.pt (epoch 7 @ 1757 updates, score 0.394218) (writing took 0.377375 seconds) (checkpoint_utils.py:81, save_checkpoint())
[2021-04-20 06:31:14]    INFO >> epoch 008:    244 / 252 loss=2.594, mrr=548.466, sample_size=1000, wps=977.3, ups=0.98, wpb=1000, bsz=1000, num_updates=2000, lr=0.0005, gnorm=2.973, clip=100, train_wall=487, wall=2030 (progress_bar.py:262, log())
[2021-04-20 06:31:22]    INFO >> epoch 008 | loss 2.477 | mrr 0.568535 | sample_size 1000 | wps 976.1 | ups 0.98 | wpb 1000 | bsz 1000 | num_updates 2008 | lr 0.0005 | gnorm 2.988 | clip 100 | train_wall 244 | wall 2038 (progress_bar.py:269, print())
[2021-04-20 06:31:30]    INFO >> epoch 008 | valid on 'valid' subset | loss 3.514 | mrr 0.41635 | sample_size 1000 | wps 2486 | wpb 1000 | bsz 1000 | num_updates 2008 | best_mrr 416.35 (progress_bar.py:269, print())
[2021-04-20 06:31:30]    INFO >> saved checkpoint /data/yanghe/ncc_data/codexglue/code_to_text/retrieval/data-mmap/python/conv1d_res/checkpoints/checkpoint_best.pt (epoch 8 @ 2008 updates, score 0.41635) (writing took 0.427861 seconds) (checkpoint_utils.py:81, save_checkpoint())
[2021-04-20 06:35:35]    INFO >> epoch 009 | loss 2.289 | mrr 0.600653 | sample_size 1000 | wps 992.7 | ups 0.99 | wpb 1000 | bsz 1000 | num_updates 2259 | lr 0.0005 | gnorm 2.994 | clip 100 | train_wall 240 | wall 2291 (progress_bar.py:269, print())
[2021-04-20 06:35:43]    INFO >> epoch 009 | valid on 'valid' subset | loss 3.41 | mrr 0.435898 | sample_size 1000 | wps 2517.2 | wpb 1000 | bsz 1000 | num_updates 2259 | best_mrr 435.898 (progress_bar.py:269, print())
[2021-04-20 06:35:43]    INFO >> saved checkpoint /data/yanghe/ncc_data/codexglue/code_to_text/retrieval/data-mmap/python/conv1d_res/checkpoints/checkpoint_best.pt (epoch 9 @ 2259 updates, score 0.435898) (writing took 0.411097 seconds) (checkpoint_utils.py:81, save_checkpoint())
[2021-04-20 06:39:39]    INFO >> epoch 010:    242 / 252 loss=2.221, mrr=612.404, sample_size=1000, wps=989.3, ups=0.99, wpb=1000, bsz=1000, num_updates=2500, lr=0.0005, gnorm=2.985, clip=100, train_wall=481, wall=2536 (progress_bar.py:262, log())
[2021-04-20 06:39:48]    INFO >> epoch 010 | loss 2.142 | mrr 0.626011 | sample_size 1000 | wps 988.8 | ups 0.99 | wpb 1000 | bsz 1000 | num_updates 2510 | lr 0.0005 | gnorm 2.964 | clip 100 | train_wall 242 | wall 2545 (progress_bar.py:269, print())
[2021-04-20 06:39:56]    INFO >> epoch 010 | valid on 'valid' subset | loss 3.337 | mrr 0.444152 | sample_size 1000 | wps 2484.8 | wpb 1000 | bsz 1000 | num_updates 2510 | best_mrr 444.152 (progress_bar.py:269, print())
[2021-04-20 06:39:56]    INFO >> saved checkpoint /data/yanghe/ncc_data/codexglue/code_to_text/retrieval/data-mmap/python/conv1d_res/checkpoints/checkpoint_best.pt (epoch 10 @ 2510 updates, score 0.444152) (writing took 0.480500 seconds) (checkpoint_utils.py:81, save_checkpoint())
[2021-04-20 06:44:04]    INFO >> epoch 011 | loss 2.004 | mrr 0.650116 | sample_size 1000 | wps 983.1 | ups 0.98 | wpb 1000 | bsz 1000 | num_updates 2761 | lr 0.0005 | gnorm 2.941 | clip 100 | train_wall 244 | wall 2800 (progress_bar.py:269, print())
[2021-04-20 06:44:11]    INFO >> epoch 011 | valid on 'valid' subset | loss 3.267 | mrr 0.456483 | sample_size 1000 | wps 2481.1 | wpb 1000 | bsz 1000 | num_updates 2761 | best_mrr 456.483 (progress_bar.py:269, print())
[2021-04-20 06:44:12]    INFO >> saved checkpoint /data/yanghe/ncc_data/codexglue/code_to_text/retrieval/data-mmap/python/conv1d_res/checkpoints/checkpoint_best.pt (epoch 11 @ 2761 updates, score 0.456483) (writing took 0.500073 seconds) (checkpoint_utils.py:81, save_checkpoint())
[2021-04-20 06:48:07]    INFO >> epoch 012:    240 / 252 loss=1.95, mrr=659.351, sample_size=1000, wps=983.5, ups=0.98, wpb=1000, bsz=1000, num_updates=3000, lr=0.0005, gnorm=2.929, clip=100, train_wall=486, wall=3044 (progress_bar.py:262, log())
[2021-04-20 06:48:20]    INFO >> epoch 012 | loss 1.889 | mrr 0.669826 | sample_size 1000 | wps 981.6 | ups 0.98 | wpb 1000 | bsz 1000 | num_updates 3012 | lr 0.0005 | gnorm 2.917 | clip 100 | train_wall 244 | wall 3056 (progress_bar.py:269, print())
[2021-04-20 06:48:28]    INFO >> epoch 012 | valid on 'valid' subset | loss 3.244 | mrr 0.464431 | sample_size 1000 | wps 2518.6 | wpb 1000 | bsz 1000 | num_updates 3012 | best_mrr 464.431 (progress_bar.py:269, print())
[2021-04-20 06:48:28]    INFO >> saved checkpoint /data/yanghe/ncc_data/codexglue/code_to_text/retrieval/data-mmap/python/conv1d_res/checkpoints/checkpoint_best.pt (epoch 12 @ 3012 updates, score 0.464431) (writing took 0.413981 seconds) (checkpoint_utils.py:81, save_checkpoint())
[2021-04-20 06:52:33]    INFO >> epoch 013 | loss 1.786 | mrr 0.686745 | sample_size 1000 | wps 988.5 | ups 0.99 | wpb 1000 | bsz 1000 | num_updates 3263 | lr 0.0005 | gnorm 2.981 | clip 100 | train_wall 242 | wall 3310 (progress_bar.py:269, print())
[2021-04-20 06:52:41]    INFO >> epoch 013 | valid on 'valid' subset | loss 3.204 | mrr 0.472132 | sample_size 1000 | wps 2399.2 | wpb 1000 | bsz 1000 | num_updates 3263 | best_mrr 472.132 (progress_bar.py:269, print())
[2021-04-20 06:52:42]    INFO >> saved checkpoint /data/yanghe/ncc_data/codexglue/code_to_text/retrieval/data-mmap/python/conv1d_res/checkpoints/checkpoint_best.pt (epoch 13 @ 3263 updates, score 0.472132) (writing took 0.523565 seconds) (checkpoint_utils.py:81, save_checkpoint())
[2021-04-20 06:56:34]    INFO >> epoch 014:    238 / 252 loss=1.747, mrr=693.616, sample_size=1000, wps=987.2, ups=0.99, wpb=1000, bsz=1000, num_updates=3500, lr=0.0005, gnorm=2.959, clip=100, train_wall=483, wall=3550 (progress_bar.py:262, log())
[2021-04-20 06:56:48]    INFO >> epoch 014 | loss 1.697 | mrr 0.70248 | sample_size 1000 | wps 986.4 | ups 0.99 | wpb 1000 | bsz 1000 | num_updates 3514 | lr 0.0005 | gnorm 2.941 | clip 100 | train_wall 243 | wall 3564 (progress_bar.py:269, print())
[2021-04-20 06:56:56]    INFO >> epoch 014 | valid on 'valid' subset | loss 3.167 | mrr 0.482008 | sample_size 1000 | wps 2510 | wpb 1000 | bsz 1000 | num_updates 3514 | best_mrr 482.008 (progress_bar.py:269, print())
[2021-04-20 06:56:57]    INFO >> saved checkpoint /data/yanghe/ncc_data/codexglue/code_to_text/retrieval/data-mmap/python/conv1d_res/checkpoints/checkpoint_best.pt (epoch 14 @ 3514 updates, score 0.482008) (writing took 0.543576 seconds) (checkpoint_utils.py:81, save_checkpoint())
[2021-04-20 07:01:02]    INFO >> epoch 015 | loss 1.614 | mrr 0.717433 | sample_size 1000 | wps 986.8 | ups 0.99 | wpb 1000 | bsz 1000 | num_updates 3765 | lr 0.0005 | gnorm 2.899 | clip 100 | train_wall 242 | wall 3819 (progress_bar.py:269, print())
[2021-04-20 07:01:10]    INFO >> epoch 015 | valid on 'valid' subset | loss 3.187 | mrr 0.487139 | sample_size 1000 | wps 2462.8 | wpb 1000 | bsz 1000 | num_updates 3765 | best_mrr 487.139 (progress_bar.py:269, print())
[2021-04-20 07:01:10]    INFO >> saved checkpoint /data/yanghe/ncc_data/codexglue/code_to_text/retrieval/data-mmap/python/conv1d_res/checkpoints/checkpoint_best.pt (epoch 15 @ 3765 updates, score 0.487139) (writing took 0.513847 seconds) (checkpoint_utils.py:81, save_checkpoint())
[2021-04-20 07:05:02]    INFO >> epoch 016:    236 / 252 loss=1.578, mrr=723.098, sample_size=1000, wps=984.3, ups=0.98, wpb=1000, bsz=1000, num_updates=4000, lr=0.0005, gnorm=2.907, clip=100, train_wall=484, wall=4058 (progress_bar.py:262, log())
[2021-04-20 07:05:18]    INFO >> epoch 016 | loss 1.533 | mrr 0.730235 | sample_size 1000 | wps 981.7 | ups 0.98 | wpb 1000 | bsz 1000 | num_updates 4016 | lr 0.0005 | gnorm 2.902 | clip 100 | train_wall 244 | wall 4075 (progress_bar.py:269, print())
[2021-04-20 07:05:26]    INFO >> epoch 016 | valid on 'valid' subset | loss 3.17 | mrr 0.493416 | sample_size 1000 | wps 2531.4 | wpb 1000 | bsz 1000 | num_updates 4016 | best_mrr 493.416 (progress_bar.py:269, print())
[2021-04-20 07:05:27]    INFO >> saved checkpoint /data/yanghe/ncc_data/codexglue/code_to_text/retrieval/data-mmap/python/conv1d_res/checkpoints/checkpoint_best.pt (epoch 16 @ 4016 updates, score 0.493416) (writing took 0.542646 seconds) (checkpoint_utils.py:81, save_checkpoint())
[2021-04-20 07:09:35]    INFO >> epoch 017 | loss 1.469 | mrr 0.74181 | sample_size 1000 | wps 977.7 | ups 0.98 | wpb 1000 | bsz 1000 | num_updates 4267 | lr 0.0005 | gnorm 2.928 | clip 100 | train_wall 244 | wall 4331 (progress_bar.py:269, print())
[2021-04-20 07:09:43]    INFO >> epoch 017 | valid on 'valid' subset | loss 3.156 | mrr 0.494829 | sample_size 1000 | wps 2476.1 | wpb 1000 | bsz 1000 | num_updates 4267 | best_mrr 494.829 (progress_bar.py:269, print())
[2021-04-20 07:09:43]    INFO >> saved checkpoint /data/yanghe/ncc_data/codexglue/code_to_text/retrieval/data-mmap/python/conv1d_res/checkpoints/checkpoint_best.pt (epoch 17 @ 4267 updates, score 0.494829) (writing took 0.449720 seconds) (checkpoint_utils.py:81, save_checkpoint())
[2021-04-20 07:13:29]    INFO >> epoch 018:    234 / 252 loss=1.441, mrr=746.381, sample_size=1000, wps=986, ups=0.99, wpb=1000, bsz=1000, num_updates=4500, lr=0.0005, gnorm=2.918, clip=100, train_wall=482, wall=4566 (progress_bar.py:262, log())
[2021-04-20 07:13:47]    INFO >> epoch 018 | loss 1.407 | mrr 0.752178 | sample_size 1000 | wps 994.5 | ups 0.99 | wpb 1000 | bsz 1000 | num_updates 4518 | lr 0.0005 | gnorm 2.917 | clip 100 | train_wall 240 | wall 4584 (progress_bar.py:269, print())
[2021-04-20 07:13:54]    INFO >> epoch 018 | valid on 'valid' subset | loss 3.14 | mrr 0.499191 | sample_size 1000 | wps 2513.5 | wpb 1000 | bsz 1000 | num_updates 4518 | best_mrr 499.191 (progress_bar.py:269, print())
[2021-04-20 07:13:55]    INFO >> saved checkpoint /data/yanghe/ncc_data/codexglue/code_to_text/retrieval/data-mmap/python/conv1d_res/checkpoints/checkpoint_best.pt (epoch 18 @ 4518 updates, score 0.499191) (writing took 0.491965 seconds) (checkpoint_utils.py:81, save_checkpoint())
[2021-04-20 07:18:01]    INFO >> epoch 019 | loss 1.348 | mrr 0.762329 | sample_size 1000 | wps 987.9 | ups 0.99 | wpb 1000 | bsz 1000 | num_updates 4769 | lr 0.0005 | gnorm 2.943 | clip 100 | train_wall 242 | wall 4838 (progress_bar.py:269, print())
[2021-04-20 07:18:09]    INFO >> epoch 019 | valid on 'valid' subset | loss 3.167 | mrr 0.503998 | sample_size 1000 | wps 2532.4 | wpb 1000 | bsz 1000 | num_updates 4769 | best_mrr 503.998 (progress_bar.py:269, print())
[2021-04-20 07:18:09]    INFO >> saved checkpoint /data/yanghe/ncc_data/codexglue/code_to_text/retrieval/data-mmap/python/conv1d_res/checkpoints/checkpoint_best.pt (epoch 19 @ 4769 updates, score 0.503998) (writing took 0.492594 seconds) (checkpoint_utils.py:81, save_checkpoint())
[2021-04-20 07:21:59]    INFO >> epoch 020:    232 / 252 loss=1.327, mrr=765.904, sample_size=1000, wps=980.1, ups=0.98, wpb=1000, bsz=1000, num_updates=5000, lr=0.0005, gnorm=2.927, clip=100, train_wall=486, wall=5076 (progress_bar.py:262, log())
[2021-04-20 07:22:17]    INFO >> epoch 020 | loss 1.299 | mrr 0.770985 | sample_size 1000 | wps 980 | ups 0.98 | wpb 1000 | bsz 1000 | num_updates 5020 | lr 0.0005 | gnorm 2.914 | clip 100 | train_wall 245 | wall 5094 (progress_bar.py:269, print())
[2021-04-20 07:22:25]    INFO >> epoch 020 | valid on 'valid' subset | loss 3.135 | mrr 0.506435 | sample_size 1000 | wps 2494.1 | wpb 1000 | bsz 1000 | num_updates 5020 | best_mrr 506.435 (progress_bar.py:269, print())
[2021-04-20 07:22:25]    INFO >> saved checkpoint /data/yanghe/ncc_data/codexglue/code_to_text/retrieval/data-mmap/python/conv1d_res/checkpoints/checkpoint_best.pt (epoch 20 @ 5020 updates, score 0.506435) (writing took 0.354577 seconds) (checkpoint_utils.py:81, save_checkpoint())
[2021-04-20 07:26:33]    INFO >> epoch 021 | loss 1.252 | mrr 0.778477 | sample_size 1000 | wps 982.9 | ups 0.98 | wpb 1000 | bsz 1000 | num_updates 5271 | lr 0.0005 | gnorm 2.934 | clip 100 | train_wall 244 | wall 5349 (progress_bar.py:269, print())
[2021-04-20 07:26:41]    INFO >> epoch 021 | valid on 'valid' subset | loss 3.14 | mrr 0.511696 | sample_size 1000 | wps 2464.2 | wpb 1000 | bsz 1000 | num_updates 5271 | best_mrr 511.696 (progress_bar.py:269, print())
[2021-04-20 07:26:42]    INFO >> saved checkpoint /data/yanghe/ncc_data/codexglue/code_to_text/retrieval/data-mmap/python/conv1d_res/checkpoints/checkpoint_best.pt (epoch 21 @ 5271 updates, score 0.511696) (writing took 0.648873 seconds) (checkpoint_utils.py:81, save_checkpoint())
[2021-04-20 07:30:25]    INFO >> epoch 022:    230 / 252 loss=1.235, mrr=781.461, sample_size=1000, wps=987.8, ups=0.99, wpb=1000, bsz=1000, num_updates=5500, lr=0.0005, gnorm=2.912, clip=100, train_wall=483, wall=5582 (progress_bar.py:262, log())
[2021-04-20 07:30:47]    INFO >> epoch 022 | loss 1.21 | mrr 0.785748 | sample_size 1000 | wps 985.8 | ups 0.99 | wpb 1000 | bsz 1000 | num_updates 5522 | lr 0.0005 | gnorm 2.884 | clip 100 | train_wall 242 | wall 5604 (progress_bar.py:269, print())
[2021-04-20 07:30:56]    INFO >> epoch 022 | valid on 'valid' subset | loss 3.175 | mrr 0.513403 | sample_size 1000 | wps 2515.3 | wpb 1000 | bsz 1000 | num_updates 5522 | best_mrr 513.403 (progress_bar.py:269, print())
[2021-04-20 07:30:56]    INFO >> saved checkpoint /data/yanghe/ncc_data/codexglue/code_to_text/retrieval/data-mmap/python/conv1d_res/checkpoints/checkpoint_best.pt (epoch 22 @ 5522 updates, score 0.513403) (writing took 0.445590 seconds) (checkpoint_utils.py:81, save_checkpoint())
[2021-04-20 07:35:00]    INFO >> epoch 023 | loss 1.163 | mrr 0.793594 | sample_size 1000 | wps 992.3 | ups 0.99 | wpb 1000 | bsz 1000 | num_updates 5773 | lr 0.0005 | gnorm 2.891 | clip 100 | train_wall 241 | wall 5857 (progress_bar.py:269, print())
[2021-04-20 07:35:08]    INFO >> epoch 023 | valid on 'valid' subset | loss 3.168 | mrr 0.514306 | sample_size 1000 | wps 2474.2 | wpb 1000 | bsz 1000 | num_updates 5773 | best_mrr 514.306 (progress_bar.py:269, print())
[2021-04-20 07:35:08]    INFO >> saved checkpoint /data/yanghe/ncc_data/codexglue/code_to_text/retrieval/data-mmap/python/conv1d_res/checkpoints/checkpoint_best.pt (epoch 23 @ 5773 updates, score 0.514306) (writing took 0.481196 seconds) (checkpoint_utils.py:81, save_checkpoint())
[2021-04-20 07:38:54]    INFO >> epoch 024:    228 / 252 loss=1.148, mrr=796.412, sample_size=1000, wps=983.1, ups=0.98, wpb=1000, bsz=1000, num_updates=6000, lr=0.0005, gnorm=2.906, clip=100, train_wall=485, wall=6091 (progress_bar.py:262, log())
[2021-04-20 07:39:18]    INFO >> epoch 024 | loss 1.126 | mrr 0.800318 | sample_size 1000 | wps 974.4 | ups 0.97 | wpb 1000 | bsz 1000 | num_updates 6024 | lr 0.0005 | gnorm 2.938 | clip 100 | train_wall 246 | wall 6114 (progress_bar.py:269, print())
[2021-04-20 07:39:26]    INFO >> epoch 024 | valid on 'valid' subset | loss 3.21 | mrr 0.513549 | sample_size 1000 | wps 2473.7 | wpb 1000 | bsz 1000 | num_updates 6024 | best_mrr 513.549 (progress_bar.py:269, print())
[2021-04-20 07:39:27]    INFO >> saved checkpoint /data/yanghe/ncc_data/codexglue/code_to_text/retrieval/data-mmap/python/conv1d_res/checkpoints/checkpoint_last.pt (epoch 24 @ 6024 updates, score 0.513549) (writing took 0.236803 seconds) (checkpoint_utils.py:81, save_checkpoint())
[2021-04-20 07:43:32]    INFO >> epoch 025 | loss 1.088 | mrr 0.807037 | sample_size 1000 | wps 989.2 | ups 0.99 | wpb 1000 | bsz 1000 | num_updates 6275 | lr 0.0005 | gnorm 2.947 | clip 100 | train_wall 241 | wall 6368 (progress_bar.py:269, print())
[2021-04-20 07:43:40]    INFO >> epoch 025 | valid on 'valid' subset | loss 3.193 | mrr 0.518225 | sample_size 1000 | wps 2521.4 | wpb 1000 | bsz 1000 | num_updates 6275 | best_mrr 518.225 (progress_bar.py:269, print())
[2021-04-20 07:43:40]    INFO >> saved checkpoint /data/yanghe/ncc_data/codexglue/code_to_text/retrieval/data-mmap/python/conv1d_res/checkpoints/checkpoint_best.pt (epoch 25 @ 6275 updates, score 0.518225) (writing took 0.479434 seconds) (checkpoint_utils.py:81, save_checkpoint())
[2021-04-20 07:47:20]    INFO >> epoch 026:    225 / 252 loss=1.074, mrr=809.272, sample_size=1000, wps=988, ups=0.99, wpb=1000, bsz=1000, num_updates=6500, lr=0.0005, gnorm=2.92, clip=100, train_wall=481, wall=6597 (progress_bar.py:262, log())
[2021-04-20 07:47:46]    INFO >> epoch 026 | loss 1.053 | mrr 0.812603 | sample_size 1000 | wps 986.8 | ups 0.99 | wpb 1000 | bsz 1000 | num_updates 6526 | lr 0.0005 | gnorm 2.897 | clip 100 | train_wall 242 | wall 6623 (progress_bar.py:269, print())
[2021-04-20 07:47:54]    INFO >> epoch 026 | valid on 'valid' subset | loss 3.211 | mrr 0.519008 | sample_size 1000 | wps 2502.3 | wpb 1000 | bsz 1000 | num_updates 6526 | best_mrr 519.008 (progress_bar.py:269, print())
[2021-04-20 07:47:55]    INFO >> saved checkpoint /data/yanghe/ncc_data/codexglue/code_to_text/retrieval/data-mmap/python/conv1d_res/checkpoints/checkpoint_best.pt (epoch 26 @ 6526 updates, score 0.519008) (writing took 0.342705 seconds) (checkpoint_utils.py:81, save_checkpoint())
[2021-04-20 07:52:02]    INFO >> epoch 027 | loss 1.023 | mrr 0.818221 | sample_size 1000 | wps 980.6 | ups 0.98 | wpb 1000 | bsz 1000 | num_updates 6777 | lr 0.0005 | gnorm 2.921 | clip 100 | train_wall 244 | wall 6879 (progress_bar.py:269, print())
[2021-04-20 07:52:09]    INFO >> epoch 027 | valid on 'valid' subset | loss 3.285 | mrr 0.519478 | sample_size 1000 | wps 2510.5 | wpb 1000 | bsz 1000 | num_updates 6777 | best_mrr 519.478 (progress_bar.py:269, print())
[2021-04-20 07:52:10]    INFO >> saved checkpoint /data/yanghe/ncc_data/codexglue/code_to_text/retrieval/data-mmap/python/conv1d_res/checkpoints/checkpoint_best.pt (epoch 27 @ 6777 updates, score 0.519478) (writing took 0.448783 seconds) (checkpoint_utils.py:81, save_checkpoint())
[2021-04-20 07:55:48]    INFO >> epoch 028:    224 / 252 loss=1.01, mrr=820.096, sample_size=1000, wps=983.9, ups=0.98, wpb=1000, bsz=1000, num_updates=7000, lr=0.0005, gnorm=2.908, clip=100, train_wall=485, wall=7105 (progress_bar.py:262, log())
[2021-04-20 07:56:16]    INFO >> epoch 028 | loss 0.994 | mrr 0.82279 | sample_size 1000 | wps 987.8 | ups 0.99 | wpb 1000 | bsz 1000 | num_updates 7028 | lr 0.0005 | gnorm 2.881 | clip 100 | train_wall 243 | wall 7133 (progress_bar.py:269, print())
[2021-04-20 07:56:24]    INFO >> epoch 028 | valid on 'valid' subset | loss 3.23 | mrr 0.520951 | sample_size 1000 | wps 2510.4 | wpb 1000 | bsz 1000 | num_updates 7028 | best_mrr 520.951 (progress_bar.py:269, print())
[2021-04-20 07:56:25]    INFO >> saved checkpoint /data/yanghe/ncc_data/codexglue/code_to_text/retrieval/data-mmap/python/conv1d_res/checkpoints/checkpoint_best.pt (epoch 28 @ 7028 updates, score 0.520951) (writing took 0.398902 seconds) (checkpoint_utils.py:81, save_checkpoint())
[2021-04-20 08:00:30]    INFO >> epoch 029 | loss 0.959 | mrr 0.82956 | sample_size 1000 | wps 987.8 | ups 0.99 | wpb 1000 | bsz 1000 | num_updates 7279 | lr 0.0005 | gnorm 2.942 | clip 100 | train_wall 242 | wall 7387 (progress_bar.py:269, print())
[2021-04-20 08:00:39]    INFO >> epoch 029 | valid on 'valid' subset | loss 3.27 | mrr 0.522047 | sample_size 1000 | wps 2483.2 | wpb 1000 | bsz 1000 | num_updates 7279 | best_mrr 522.047 (progress_bar.py:269, print())
[2021-04-20 08:00:39]    INFO >> saved checkpoint /data/yanghe/ncc_data/codexglue/code_to_text/retrieval/data-mmap/python/conv1d_res/checkpoints/checkpoint_best.pt (epoch 29 @ 7279 updates, score 0.522047) (writing took 0.503811 seconds) (checkpoint_utils.py:81, save_checkpoint())
[2021-04-20 08:04:17]    INFO >> epoch 030:    222 / 252 loss=0.95, mrr=830.932, sample_size=1000, wps=983.4, ups=0.98, wpb=1000, bsz=1000, num_updates=7500, lr=0.0005, gnorm=2.944, clip=100, train_wall=484, wall=7613 (progress_bar.py:262, log())
[2021-04-20 08:04:46]    INFO >> epoch 030 | loss 0.931 | mrr 0.833726 | sample_size 1000 | wps 982.9 | ups 0.98 | wpb 1000 | bsz 1000 | num_updates 7530 | lr 0.0005 | gnorm 2.956 | clip 100 | train_wall 243 | wall 7642 (progress_bar.py:269, print())
[2021-04-20 08:04:52]    INFO >> epoch 030 | valid on 'valid' subset | loss 3.31 | mrr 0.519754 | sample_size 1000 | wps 3164.5 | wpb 1000 | bsz 1000 | num_updates 7530 | best_mrr 519.754 (progress_bar.py:269, print())
[2021-04-20 08:04:52]    INFO >> saved checkpoint /data/yanghe/ncc_data/codexglue/code_to_text/retrieval/data-mmap/python/conv1d_res/checkpoints/checkpoint_last.pt (epoch 30 @ 7530 updates, score 0.519754) (writing took 0.298547 seconds) (checkpoint_utils.py:81, save_checkpoint())
[2021-04-20 08:09:01]    INFO >> epoch 031 | loss 0.906 | mrr 0.838367 | sample_size 1000 | wps 981.7 | ups 0.98 | wpb 1000 | bsz 1000 | num_updates 7781 | lr 0.0005 | gnorm 2.891 | clip 100 | train_wall 245 | wall 7898 (progress_bar.py:269, print())
[2021-04-20 08:09:08]    INFO >> epoch 031 | valid on 'valid' subset | loss 3.346 | mrr 0.517856 | sample_size 1000 | wps 2788.9 | wpb 1000 | bsz 1000 | num_updates 7781 | best_mrr 517.856 (progress_bar.py:269, print())
[2021-04-20 08:09:08]    INFO >> saved checkpoint /data/yanghe/ncc_data/codexglue/code_to_text/retrieval/data-mmap/python/conv1d_res/checkpoints/checkpoint_last.pt (epoch 31 @ 7781 updates, score 0.517856) (writing took 0.252378 seconds) (checkpoint_utils.py:81, save_checkpoint())
[2021-04-20 08:12:44]    INFO >> epoch 032:    220 / 252 loss=0.896, mrr=839.977, sample_size=1000, wps=985.2, ups=0.99, wpb=1000, bsz=1000, num_updates=8000, lr=0.0005, gnorm=2.921, clip=100, train_wall=486, wall=8121 (progress_bar.py:262, log())
[2021-04-20 08:13:14]    INFO >> epoch 032 | loss 0.884 | mrr 0.84211 | sample_size 1000 | wps 991.6 | ups 0.99 | wpb 1000 | bsz 1000 | num_updates 8032 | lr 0.0005 | gnorm 2.938 | clip 100 | train_wall 242 | wall 8151 (progress_bar.py:269, print())
[2021-04-20 08:13:22]    INFO >> epoch 032 | valid on 'valid' subset | loss 3.331 | mrr 0.519611 | sample_size 1000 | wps 2502.9 | wpb 1000 | bsz 1000 | num_updates 8032 | best_mrr 519.611 (progress_bar.py:269, print())
[2021-04-20 08:13:22]    INFO >> saved checkpoint /data/yanghe/ncc_data/codexglue/code_to_text/retrieval/data-mmap/python/conv1d_res/checkpoints/checkpoint_last.pt (epoch 32 @ 8032 updates, score 0.519611) (writing took 0.193327 seconds) (checkpoint_utils.py:81, save_checkpoint())
[2021-04-20 08:17:27]    INFO >> epoch 033 | loss 0.864 | mrr 0.845479 | sample_size 1000 | wps 992.4 | ups 0.99 | wpb 1000 | bsz 1000 | num_updates 8283 | lr 0.0005 | gnorm 2.909 | clip 100 | train_wall 242 | wall 8404 (progress_bar.py:269, print())
[2021-04-20 08:17:35]    INFO >> epoch 033 | valid on 'valid' subset | loss 3.346 | mrr 0.521898 | sample_size 1000 | wps 2511.5 | wpb 1000 | bsz 1000 | num_updates 8283 | best_mrr 521.898 (progress_bar.py:269, print())
[2021-04-20 08:17:35]    INFO >> saved checkpoint /data/yanghe/ncc_data/codexglue/code_to_text/retrieval/data-mmap/python/conv1d_res/checkpoints/checkpoint_last.pt (epoch 33 @ 8283 updates, score 0.521898) (writing took 0.232316 seconds) (checkpoint_utils.py:81, save_checkpoint())
[2021-04-20 08:21:09]    INFO >> epoch 034:    218 / 252 loss=0.856, mrr=847.003, sample_size=1000, wps=990.6, ups=0.99, wpb=1000, bsz=1000, num_updates=8500, lr=0.0005, gnorm=2.913, clip=100, train_wall=482, wall=8626 (progress_bar.py:262, log())
[2021-04-20 08:21:43]    INFO >> epoch 034 | loss 0.842 | mrr 0.849723 | sample_size 1000 | wps 982.6 | ups 0.98 | wpb 1000 | bsz 1000 | num_updates 8534 | lr 0.0005 | gnorm 2.922 | clip 100 | train_wall 244 | wall 8659 (progress_bar.py:269, print())
[2021-04-20 08:21:51]    INFO >> epoch 034 | valid on 'valid' subset | loss 3.39 | mrr 0.519741 | sample_size 1000 | wps 2483.2 | wpb 1000 | bsz 1000 | num_updates 8534 | best_mrr 519.741 (progress_bar.py:269, print())
[2021-04-20 08:21:52]    INFO >> saved checkpoint /data/yanghe/ncc_data/codexglue/code_to_text/retrieval/data-mmap/python/conv1d_res/checkpoints/checkpoint_last.pt (epoch 34 @ 8534 updates, score 0.519741) (writing took 0.313338 seconds) (checkpoint_utils.py:81, save_checkpoint())
[2021-04-20 08:26:00]    INFO >> epoch 035 | loss 0.82 | mrr 0.853036 | sample_size 1000 | wps 977.4 | ups 0.98 | wpb 1000 | bsz 1000 | num_updates 8785 | lr 0.0005 | gnorm 2.909 | clip 100 | train_wall 244 | wall 8916 (progress_bar.py:269, print())
[2021-04-20 08:26:07]    INFO >> epoch 035 | valid on 'valid' subset | loss 3.347 | mrr 0.522967 | sample_size 1000 | wps 2857.9 | wpb 1000 | bsz 1000 | num_updates 8785 | best_mrr 522.967 (progress_bar.py:269, print())
[2021-04-20 08:26:08]    INFO >> saved checkpoint /data/yanghe/ncc_data/codexglue/code_to_text/retrieval/data-mmap/python/conv1d_res/checkpoints/checkpoint_best.pt (epoch 35 @ 8785 updates, score 0.522967) (writing took 0.457317 seconds) (checkpoint_utils.py:81, save_checkpoint())
[2021-04-20 08:29:39]    INFO >> epoch 036:    216 / 252 loss=0.812, mrr=854.514, sample_size=1000, wps=979.9, ups=0.98, wpb=1000, bsz=1000, num_updates=9000, lr=0.0005, gnorm=2.943, clip=100, train_wall=486, wall=9136 (progress_bar.py:262, log())
[2021-04-20 08:30:15]    INFO >> epoch 036 | loss 0.799 | mrr 0.85688 | sample_size 1000 | wps 982.7 | ups 0.98 | wpb 1000 | bsz 1000 | num_updates 9036 | lr 0.0005 | gnorm 2.97 | clip 100 | train_wall 244 | wall 9172 (progress_bar.py:269, print())
[2021-04-20 08:30:24]    INFO >> epoch 036 | valid on 'valid' subset | loss 3.414 | mrr 0.52014 | sample_size 1000 | wps 2509.4 | wpb 1000 | bsz 1000 | num_updates 9036 | best_mrr 520.14 (progress_bar.py:269, print())
[2021-04-20 08:30:25]    INFO >> saved checkpoint /data/yanghe/ncc_data/codexglue/code_to_text/retrieval/data-mmap/python/conv1d_res/checkpoints/checkpoint_last.pt (epoch 36 @ 9036 updates, score 0.52014) (writing took 0.366673 seconds) (checkpoint_utils.py:81, save_checkpoint())
[2021-04-20 08:34:31]    INFO >> epoch 037 | loss 0.78 | mrr 0.859905 | sample_size 1000 | wps 982.1 | ups 0.98 | wpb 1000 | bsz 1000 | num_updates 9287 | lr 0.0005 | gnorm 2.913 | clip 100 | train_wall 242 | wall 9427 (progress_bar.py:269, print())
[2021-04-20 08:34:39]    INFO >> epoch 037 | valid on 'valid' subset | loss 3.449 | mrr 0.521162 | sample_size 1000 | wps 2498.6 | wpb 1000 | bsz 1000 | num_updates 9287 | best_mrr 521.162 (progress_bar.py:269, print())
[2021-04-20 08:34:39]    INFO >> saved checkpoint /data/yanghe/ncc_data/codexglue/code_to_text/retrieval/data-mmap/python/conv1d_res/checkpoints/checkpoint_last.pt (epoch 37 @ 9287 updates, score 0.521162) (writing took 0.203175 seconds) (checkpoint_utils.py:81, save_checkpoint())
[2021-04-20 08:38:07]    INFO >> epoch 038:    213 / 252 loss=0.773, mrr=861.217, sample_size=1000, wps=984.9, ups=0.98, wpb=1000, bsz=1000, num_updates=9500, lr=0.0005, gnorm=2.92, clip=100, train_wall=482, wall=9644 (progress_bar.py:262, log())
[2021-04-20 08:38:45]    INFO >> epoch 038 | loss 0.763 | mrr 0.86278 | sample_size 1000 | wps 988.2 | ups 0.99 | wpb 1000 | bsz 1000 | num_updates 9538 | lr 0.0005 | gnorm 2.952 | clip 100 | train_wall 242 | wall 9681 (progress_bar.py:269, print())
[2021-04-20 08:38:53]    INFO >> epoch 038 | valid on 'valid' subset | loss 3.454 | mrr 0.519487 | sample_size 1000 | wps 2461.4 | wpb 1000 | bsz 1000 | num_updates 9538 | best_mrr 519.487 (progress_bar.py:269, print())
[2021-04-20 08:38:54]    INFO >> saved checkpoint /data/yanghe/ncc_data/codexglue/code_to_text/retrieval/data-mmap/python/conv1d_res/checkpoints/checkpoint_last.pt (epoch 38 @ 9538 updates, score 0.519487) (writing took 0.294176 seconds) (checkpoint_utils.py:81, save_checkpoint())
[2021-04-20 08:43:01]    INFO >> epoch 039 | loss 0.752 | mrr 0.864872 | sample_size 1000 | wps 978.2 | ups 0.98 | wpb 1000 | bsz 1000 | num_updates 9789 | lr 0.0005 | gnorm 2.933 | clip 100 | train_wall 244 | wall 9938 (progress_bar.py:269, print())
[2021-04-20 08:43:10]    INFO >> epoch 039 | valid on 'valid' subset | loss 3.441 | mrr 0.520563 | sample_size 1000 | wps 2469.6 | wpb 1000 | bsz 1000 | num_updates 9789 | best_mrr 520.563 (progress_bar.py:269, print())
[2021-04-20 08:43:10]    INFO >> saved checkpoint /data/yanghe/ncc_data/codexglue/code_to_text/retrieval/data-mmap/python/conv1d_res/checkpoints/checkpoint_last.pt (epoch 39 @ 9789 updates, score 0.520563) (writing took 0.257801 seconds) (checkpoint_utils.py:81, save_checkpoint())
[2021-04-20 08:46:38]    INFO >> epoch 040:    212 / 252 loss=0.749, mrr=865.649, sample_size=1000, wps=977.8, ups=0.98, wpb=1000, bsz=1000, num_updates=10000, lr=0.0005, gnorm=2.931, clip=100, train_wall=487, wall=10155 (progress_bar.py:262, log())
[2021-04-20 08:47:18]    INFO >> epoch 040 | loss 0.735 | mrr 0.868109 | sample_size 1000 | wps 977.7 | ups 0.98 | wpb 1000 | bsz 1000 | num_updates 10040 | lr 0.0005 | gnorm 2.895 | clip 100 | train_wall 245 | wall 10195 (progress_bar.py:269, print())
[2021-04-20 08:47:26]    INFO >> epoch 040 | valid on 'valid' subset | loss 3.485 | mrr 0.521652 | sample_size 1000 | wps 2878.3 | wpb 1000 | bsz 1000 | num_updates 10040 | best_mrr 521.652 (progress_bar.py:269, print())
[2021-04-20 08:47:26]    INFO >> saved checkpoint /data/yanghe/ncc_data/codexglue/code_to_text/retrieval/data-mmap/python/conv1d_res/checkpoints/checkpoint_last.pt (epoch 40 @ 10040 updates, score 0.521652) (writing took 0.392770 seconds) (checkpoint_utils.py:81, save_checkpoint())
[2021-04-20 08:51:34]    INFO >> epoch 041 | loss 0.716 | mrr 0.871345 | sample_size 1000 | wps 980.8 | ups 0.98 | wpb 1000 | bsz 1000 | num_updates 10291 | lr 0.0005 | gnorm 2.967 | clip 100 | train_wall 244 | wall 10450 (progress_bar.py:269, print())
[2021-04-20 08:51:42]    INFO >> epoch 041 | valid on 'valid' subset | loss 3.519 | mrr 0.52126 | sample_size 1000 | wps 2507 | wpb 1000 | bsz 1000 | num_updates 10291 | best_mrr 521.26 (progress_bar.py:269, print())
[2021-04-20 08:51:43]    INFO >> saved checkpoint /data/yanghe/ncc_data/codexglue/code_to_text/retrieval/data-mmap/python/conv1d_res/checkpoints/checkpoint_last.pt (epoch 41 @ 10291 updates, score 0.52126) (writing took 0.304049 seconds) (checkpoint_utils.py:81, save_checkpoint())
[2021-04-20 08:55:05]    INFO >> epoch 042:    209 / 252 loss=0.71, mrr=872.387, sample_size=1000, wps=987.5, ups=0.99, wpb=1000, bsz=1000, num_updates=10500, lr=0.0005, gnorm=2.929, clip=100, train_wall=482, wall=10661 (progress_bar.py:262, log())
[2021-04-20 08:55:46]    INFO >> epoch 042 | loss 0.699 | mrr 0.874586 | sample_size 1000 | wps 994.4 | ups 0.99 | wpb 1000 | bsz 1000 | num_updates 10542 | lr 0.0005 | gnorm 2.905 | clip 100 | train_wall 240 | wall 10703 (progress_bar.py:269, print())
[2021-04-20 08:55:55]    INFO >> epoch 042 | valid on 'valid' subset | loss 3.51 | mrr 0.523339 | sample_size 1000 | wps 2480.6 | wpb 1000 | bsz 1000 | num_updates 10542 | best_mrr 523.339 (progress_bar.py:269, print())
[2021-04-20 08:55:55]    INFO >> saved checkpoint /data/yanghe/ncc_data/codexglue/code_to_text/retrieval/data-mmap/python/conv1d_res/checkpoints/checkpoint_best.pt (epoch 42 @ 10542 updates, score 0.523339) (writing took 0.436888 seconds) (checkpoint_utils.py:81, save_checkpoint())
[2021-04-20 09:00:03]    INFO >> epoch 043 | loss 0.691 | mrr 0.875525 | sample_size 1000 | wps 977 | ups 0.98 | wpb 1000 | bsz 1000 | num_updates 10793 | lr 0.0005 | gnorm 2.868 | clip 100 | train_wall 244 | wall 10960 (progress_bar.py:269, print())
[2021-04-20 09:00:11]    INFO >> epoch 043 | valid on 'valid' subset | loss 3.493 | mrr 0.520444 | sample_size 1000 | wps 2490.3 | wpb 1000 | bsz 1000 | num_updates 10793 | best_mrr 520.444 (progress_bar.py:269, print())
[2021-04-20 09:00:11]    INFO >> saved checkpoint /data/yanghe/ncc_data/codexglue/code_to_text/retrieval/data-mmap/python/conv1d_res/checkpoints/checkpoint_last.pt (epoch 43 @ 10793 updates, score 0.520444) (writing took 0.458340 seconds) (checkpoint_utils.py:81, save_checkpoint())
[2021-04-20 09:02:47]    INFO >> epoch 044:    208 / 252 loss=0.687, mrr=876.447, sample_size=1000, wps=1081.7, ups=1.08, wpb=1000, bsz=1000, num_updates=11000, lr=0.0005, gnorm=2.866, clip=100, train_wall=438, wall=11123 (progress_bar.py:262, log())
[2021-04-20 09:03:19]    INFO >> epoch 044 | loss 0.678 | mrr 0.87795 | sample_size 1000 | wps 1279.7 | ups 1.28 | wpb 1000 | bsz 1000 | num_updates 11044 | lr 0.0005 | gnorm 2.857 | clip 100 | train_wall 185 | wall 11156 (progress_bar.py:269, print())
[2021-04-20 09:03:26]    INFO >> epoch 044 | valid on 'valid' subset | loss 3.551 | mrr 0.520906 | sample_size 1000 | wps 3255.5 | wpb 1000 | bsz 1000 | num_updates 11044 | best_mrr 520.906 (progress_bar.py:269, print())
[2021-04-20 09:03:27]    INFO >> saved checkpoint /data/yanghe/ncc_data/codexglue/code_to_text/retrieval/data-mmap/python/conv1d_res/checkpoints/checkpoint_last.pt (epoch 44 @ 11044 updates, score 0.520906) (writing took 0.334571 seconds) (checkpoint_utils.py:81, save_checkpoint())
[2021-04-20 09:05:45]    INFO >> epoch 045 | loss 0.667 | mrr 0.880271 | sample_size 1000 | wps 1723.2 | ups 1.72 | wpb 1000 | bsz 1000 | num_updates 11295 | lr 0.0005 | gnorm 2.856 | clip 100 | train_wall 134 | wall 11302 (progress_bar.py:269, print())
[2021-04-20 09:05:51]    INFO >> epoch 045 | valid on 'valid' subset | loss 3.549 | mrr 0.522123 | sample_size 1000 | wps 4742.7 | wpb 1000 | bsz 1000 | num_updates 11295 | best_mrr 522.123 (progress_bar.py:269, print())
[2021-04-20 09:05:52]    INFO >> saved checkpoint /data/yanghe/ncc_data/codexglue/code_to_text/retrieval/data-mmap/python/conv1d_res/checkpoints/checkpoint_last.pt (epoch 45 @ 11295 updates, score 0.522123) (writing took 0.209602 seconds) (checkpoint_utils.py:81, save_checkpoint())
[2021-04-20 09:07:33]    INFO >> epoch 046:    206 / 252 loss=0.661, mrr=881.118, sample_size=1000, wps=1747.4, ups=1.75, wpb=1000, bsz=1000, num_updates=11500, lr=0.0005, gnorm=2.857, clip=100, train_wall=265, wall=11410 (progress_bar.py:262, log())
[2021-04-20 09:07:52]    INFO >> epoch 046 | loss 0.651 | mrr 0.882629 | sample_size 1000 | wps 1975.2 | ups 1.98 | wpb 1000 | bsz 1000 | num_updates 11546 | lr 0.0005 | gnorm 2.876 | clip 100 | train_wall 117 | wall 11429 (progress_bar.py:269, print())
[2021-04-20 09:07:57]    INFO >> epoch 046 | valid on 'valid' subset | loss 3.582 | mrr 0.524589 | sample_size 1000 | wps 4425.2 | wpb 1000 | bsz 1000 | num_updates 11546 | best_mrr 524.589 (progress_bar.py:269, print())
[2021-04-20 09:07:58]    INFO >> saved checkpoint /data/yanghe/ncc_data/codexglue/code_to_text/retrieval/data-mmap/python/conv1d_res/checkpoints/checkpoint_best.pt (epoch 46 @ 11546 updates, score 0.524589) (writing took 0.488327 seconds) (checkpoint_utils.py:81, save_checkpoint())
[2021-04-20 09:10:01]    INFO >> epoch 047 | loss 0.637 | mrr 0.885686 | sample_size 1000 | wps 1945.4 | ups 1.95 | wpb 1000 | bsz 1000 | num_updates 11797 | lr 0.0005 | gnorm 2.872 | clip 100 | train_wall 119 | wall 11558 (progress_bar.py:269, print())
[2021-04-20 09:10:07]    INFO >> epoch 047 | valid on 'valid' subset | loss 3.62 | mrr 0.520974 | sample_size 1000 | wps 4660.5 | wpb 1000 | bsz 1000 | num_updates 11797 | best_mrr 520.974 (progress_bar.py:269, print())
[2021-04-20 09:10:07]    INFO >> saved checkpoint /data/yanghe/ncc_data/codexglue/code_to_text/retrieval/data-mmap/python/conv1d_res/checkpoints/checkpoint_last.pt (epoch 47 @ 11797 updates, score 0.520974) (writing took 0.223810 seconds) (checkpoint_utils.py:81, save_checkpoint())
[2021-04-20 09:11:48]    INFO >> epoch 048:    204 / 252 loss=0.635, mrr=885.773, sample_size=1000, wps=1964.3, ups=1.96, wpb=1000, bsz=1000, num_updates=12000, lr=0.0005, gnorm=2.867, clip=100, train_wall=235, wall=11664 (progress_bar.py:262, log())
[2021-04-20 09:12:11]    INFO >> epoch 048 | loss 0.631 | mrr 0.88621 | sample_size 1000 | wps 1933 | ups 1.93 | wpb 1000 | bsz 1000 | num_updates 12048 | lr 0.0005 | gnorm 2.839 | clip 100 | train_wall 120 | wall 11688 (progress_bar.py:269, print())
[2021-04-20 09:12:17]    INFO >> epoch 048 | valid on 'valid' subset | loss 3.652 | mrr 0.521075 | sample_size 1000 | wps 4676.5 | wpb 1000 | bsz 1000 | num_updates 12048 | best_mrr 521.075 (progress_bar.py:269, print())
[2021-04-20 09:12:17]    INFO >> saved checkpoint /data/yanghe/ncc_data/codexglue/code_to_text/retrieval/data-mmap/python/conv1d_res/checkpoints/checkpoint_last.pt (epoch 48 @ 12048 updates, score 0.521075) (writing took 0.297532 seconds) (checkpoint_utils.py:81, save_checkpoint())
[2021-04-20 09:14:21]    INFO >> epoch 049 | loss 0.621 | mrr 0.887818 | sample_size 1000 | wps 1930.2 | ups 1.93 | wpb 1000 | bsz 1000 | num_updates 12299 | lr 0.0005 | gnorm 2.811 | clip 100 | train_wall 120 | wall 11818 (progress_bar.py:269, print())
[2021-04-20 09:14:27]    INFO >> epoch 049 | valid on 'valid' subset | loss 3.657 | mrr 0.521148 | sample_size 1000 | wps 4692.3 | wpb 1000 | bsz 1000 | num_updates 12299 | best_mrr 521.148 (progress_bar.py:269, print())
[2021-04-20 09:14:27]    INFO >> saved checkpoint /data/yanghe/ncc_data/codexglue/code_to_text/retrieval/data-mmap/python/conv1d_res/checkpoints/checkpoint_last.pt (epoch 49 @ 12299 updates, score 0.521148) (writing took 0.316137 seconds) (checkpoint_utils.py:81, save_checkpoint())
[2021-04-20 09:16:07]    INFO >> epoch 050:    202 / 252 loss=0.616, mrr=888.874, sample_size=1000, wps=1929.8, ups=1.93, wpb=1000, bsz=1000, num_updates=12500, lr=0.0005, gnorm=2.811, clip=100, train_wall=240, wall=11923 (progress_bar.py:262, log())
[2021-04-20 09:16:31]    INFO >> epoch 050 | loss 0.606 | mrr 0.890876 | sample_size 1000 | wps 1929.5 | ups 1.93 | wpb 1000 | bsz 1000 | num_updates 12550 | lr 0.0005 | gnorm 2.803 | clip 100 | train_wall 120 | wall 11948 (progress_bar.py:269, print())
[2021-04-20 09:16:37]    INFO >> epoch 050 | valid on 'valid' subset | loss 3.698 | mrr 0.520552 | sample_size 1000 | wps 4603.1 | wpb 1000 | bsz 1000 | num_updates 12550 | best_mrr 520.552 (progress_bar.py:269, print())
[2021-04-20 09:16:37]    INFO >> saved checkpoint /data/yanghe/ncc_data/codexglue/code_to_text/retrieval/data-mmap/python/conv1d_res/checkpoints/checkpoint_last.pt (epoch 50 @ 12550 updates, score 0.520552) (writing took 0.262437 seconds) (checkpoint_utils.py:81, save_checkpoint())
[2021-04-20 09:18:35]    INFO >> epoch 051 | loss 0.599 | mrr 0.891944 | sample_size 1000 | wps 2030.5 | ups 2.03 | wpb 1000 | bsz 1000 | num_updates 12801 | lr 0.0005 | gnorm 2.858 | clip 100 | train_wall 114 | wall 12071 (progress_bar.py:269, print())
[2021-04-20 09:18:40]    INFO >> epoch 051 | valid on 'valid' subset | loss 3.682 | mrr 0.522311 | sample_size 1000 | wps 4617 | wpb 1000 | bsz 1000 | num_updates 12801 | best_mrr 522.311 (progress_bar.py:269, print())
[2021-04-20 09:18:40]    INFO >> saved checkpoint /data/yanghe/ncc_data/codexglue/code_to_text/retrieval/data-mmap/python/conv1d_res/checkpoints/checkpoint_last.pt (epoch 51 @ 12801 updates, score 0.522311) (writing took 0.227805 seconds) (checkpoint_utils.py:81, save_checkpoint())
[2021-04-20 09:20:19]    INFO >> epoch 052:    200 / 252 loss=0.595, mrr=892.571, sample_size=1000, wps=1979.7, ups=1.98, wpb=1000, bsz=1000, num_updates=13000, lr=0.0005, gnorm=2.847, clip=100, train_wall=233, wall=12176 (progress_bar.py:262, log())
[2021-04-20 09:20:45]    INFO >> epoch 052 | loss 0.585 | mrr 0.894203 | sample_size 1000 | wps 1933.9 | ups 1.93 | wpb 1000 | bsz 1000 | num_updates 13052 | lr 0.0005 | gnorm 2.83 | clip 100 | train_wall 120 | wall 12201 (progress_bar.py:269, print())
[2021-04-20 09:20:51]    INFO >> epoch 052 | valid on 'valid' subset | loss 3.659 | mrr 0.521127 | sample_size 1000 | wps 4805.1 | wpb 1000 | bsz 1000 | num_updates 13052 | best_mrr 521.127 (progress_bar.py:269, print())
[2021-04-20 09:20:51]    INFO >> saved checkpoint /data/yanghe/ncc_data/codexglue/code_to_text/retrieval/data-mmap/python/conv1d_res/checkpoints/checkpoint_last.pt (epoch 52 @ 13052 updates, score 0.521127) (writing took 0.203272 seconds) (checkpoint_utils.py:81, save_checkpoint())
[2021-04-20 09:22:55]    INFO >> epoch 053 | loss 0.58 | mrr 0.895695 | sample_size 1000 | wps 1929.4 | ups 1.93 | wpb 1000 | bsz 1000 | num_updates 13303 | lr 0.0005 | gnorm 2.857 | clip 100 | train_wall 120 | wall 12331 (progress_bar.py:269, print())
[2021-04-20 09:23:01]    INFO >> epoch 053 | valid on 'valid' subset | loss 3.693 | mrr 0.523684 | sample_size 1000 | wps 4540.4 | wpb 1000 | bsz 1000 | num_updates 13303 | best_mrr 523.684 (progress_bar.py:269, print())
[2021-04-20 09:23:01]    INFO >> saved checkpoint /data/yanghe/ncc_data/codexglue/code_to_text/retrieval/data-mmap/python/conv1d_res/checkpoints/checkpoint_last.pt (epoch 53 @ 13303 updates, score 0.523684) (writing took 0.226491 seconds) (checkpoint_utils.py:81, save_checkpoint())
[2021-04-20 09:24:39]    INFO >> epoch 054:    198 / 252 loss=0.574, mrr=896.533, sample_size=1000, wps=1928.8, ups=1.93, wpb=1000, bsz=1000, num_updates=13500, lr=0.0005, gnorm=2.825, clip=100, train_wall=240, wall=12435 (progress_bar.py:262, log())
[2021-04-20 09:25:05]    INFO >> epoch 054 | loss 0.568 | mrr 0.897354 | sample_size 1000 | wps 1928.8 | ups 1.93 | wpb 1000 | bsz 1000 | num_updates 13554 | lr 0.0005 | gnorm 2.817 | clip 100 | train_wall 120 | wall 12461 (progress_bar.py:269, print())
[2021-04-20 09:25:11]    INFO >> epoch 054 | valid on 'valid' subset | loss 3.705 | mrr 0.519973 | sample_size 1000 | wps 4775.4 | wpb 1000 | bsz 1000 | num_updates 13554 | best_mrr 519.973 (progress_bar.py:269, print())
[2021-04-20 09:25:11]    INFO >> saved checkpoint /data/yanghe/ncc_data/codexglue/code_to_text/retrieval/data-mmap/python/conv1d_res/checkpoints/checkpoint_last.pt (epoch 54 @ 13554 updates, score 0.519973) (writing took 0.296844 seconds) (checkpoint_utils.py:81, save_checkpoint())
[2021-04-20 09:27:12]    INFO >> epoch 055 | loss 0.566 | mrr 0.89763 | sample_size 1000 | wps 1975.9 | ups 1.98 | wpb 1000 | bsz 1000 | num_updates 13805 | lr 0.0005 | gnorm 2.78 | clip 100 | train_wall 117 | wall 12588 (progress_bar.py:269, print())
[2021-04-20 09:27:16]    INFO >> epoch 055 | valid on 'valid' subset | loss 3.714 | mrr 0.522584 | sample_size 1000 | wps 7858.9 | wpb 1000 | bsz 1000 | num_updates 13805 | best_mrr 522.584 (progress_bar.py:269, print())
[2021-04-20 09:27:16]    INFO >> saved checkpoint /data/yanghe/ncc_data/codexglue/code_to_text/retrieval/data-mmap/python/conv1d_res/checkpoints/checkpoint_last.pt (epoch 55 @ 13805 updates, score 0.522584) (writing took 0.425077 seconds) (checkpoint_utils.py:81, save_checkpoint())
[2021-04-20 09:28:52]    INFO >> epoch 056:    196 / 252 loss=0.562, mrr=898.286, sample_size=1000, wps=1970.4, ups=1.97, wpb=1000, bsz=1000, num_updates=14000, lr=0.0005, gnorm=2.802, clip=100, train_wall=236, wall=12689 (progress_bar.py:262, log())
[2021-04-20 09:29:20]    INFO >> epoch 056 | loss 0.552 | mrr 0.900393 | sample_size 1000 | wps 1965.1 | ups 1.97 | wpb 1000 | bsz 1000 | num_updates 14056 | lr 0.0005 | gnorm 2.802 | clip 100 | train_wall 120 | wall 12716 (progress_bar.py:269, print())
[2021-04-20 09:29:25]    INFO >> epoch 056 | valid on 'valid' subset | loss 3.757 | mrr 0.520881 | sample_size 1000 | wps 4625 | wpb 1000 | bsz 1000 | num_updates 14056 | best_mrr 520.881 (progress_bar.py:269, print())
[2021-04-20 09:29:26]    INFO >> saved checkpoint /data/yanghe/ncc_data/codexglue/code_to_text/retrieval/data-mmap/python/conv1d_res/checkpoints/checkpoint_last.pt (epoch 56 @ 14056 updates, score 0.520881) (writing took 0.289912 seconds) (checkpoint_utils.py:81, save_checkpoint())
[2021-04-20 09:29:26]    INFO >> early stop since valid performance hasn't improved for last 10 runs (train.py:191, should_stop_early())
[2021-04-20 09:29:26]    INFO >> early stop since valid performance hasn't improved for last 10 runs (train.py:272, single_main())
[2021-04-20 09:29:26]    INFO >> done training in 12721.9 seconds (train.py:283, single_main())
