nohup: 忽略输入
[2021-04-20 05:12:14]    INFO >> Load arguments in /home/yanghe/Documents/naturalcc-dev/run/retrieval/conv1d/config/csn_feng/ruby.yml (train.py:302, cli_main())
[2021-04-20 05:12:14]    INFO >> {'criterion': 'retrieval_softmax', 'optimizer': 'torch_adam', 'lr_scheduler': 'fixed', 'tokenizer': None, 'bpe': None, 'common': {'no_progress_bar': 0, 'log_interval': 500, 'log_format': 'simple', 'tensorboard_logdir': '', 'seed': 0, 'cpu': 0, 'fp16': 0, 'memory_efficient_fp16': 0, 'fp16_no_flatten_grads': 0, 'fp16_init_scale': 128, 'fp16_scale_window': None, 'fp16_scale_tolerance': 0.0, 'min_loss_scale': 0.0001, 'threshold_loss_scale': None, 'user_dir': None, 'empty_cache_freq': 0, 'all_gather_list_size': 16384, 'task': 'hybrid_retrieval'}, 'dataset': {'num_workers': 1, 'skip_invalid_size_inputs_valid_test': 0, 'max_tokens': None, 'max_sentences': 1000, 'code_max_tokens': 200, 'query_max_tokens': 30, 'required_batch_size_multiple': 8, 'dataset_impl': 'mmap', 'train_subset': 'train', 'valid_subset': 'valid', 'validate_interval': 1, 'fixed_validation_seed': None, 'disable_validation': None, 'max_tokens_valid': None, 'max_sentences_valid': 1000, 'curriculum': 0, 'gen_subset': 'test', 'num_shards': 1, 'shard_id': 0, 'joined_dictionary': 0, 'langs': ['ruby']}, 'distributed_training': {'distributed_world_size': 1, 'distributed_rank': 0, 'distributed_backend': 'nccl', 'distributed_init_method': None, 'distributed_port': -1, 'device_id': 0, 'distributed_no_spawn': 0, 'ddp_backend': 'c10d', 'bucket_cap_mb': 25, 'fix_batches_to_gpus': None, 'find_unused_parameters': 0, 'fast_stat_sync': 0, 'broadcast_buffers': 0, 'global_sync_iter': 50, 'warmup_iterations': 500, 'local_rank': -1, 'block_momentum': 0.875, 'block_lr': 1, 'use_nbm': 0, 'average_sync': 0}, 'task': {'data': '/data/yanghe/ncc_data/codexglue/code_to_text/retrieval/data-mmap/all', 'sample_break_mode': 'complete', 'tokens_per_sample': 512, 'mask_prob': 0.15, 'leave_unmasked_prob': 0.1, 'random_token_prob': 0.1, 'freq_weighted_replacement': 0, 'mask_whole_words': 0, 'pooler_activation_fn': 'tanh', 'source_lang': 'code_tokens', 'target_lang': 'docstring_tokens', 'source_aux_lang': 'code_tokens.wo_func', 'target_aux_lang': 'func_name', 'fraction_using_func_name': 0.3, 'load_alignments': 0, 'left_pad_source': 1, 'left_pad_target': 0, 'upsample_primary': 1, 'truncate_source': 0, 'eval_mrr': 1}, 'model': {'arch': 'conv1d_res', 'code_embed_dim': 128, 'code_kernel_size': [16, 16, 16], 'code_residual': True, 'code_layers': [128, 128, 128], 'code_pooling': 'weighted_mean', 'code_activation_fn': 'tanh', 'code_position_encoding': 'learned', 'code_paddding': 'same', 'code_dropout': 0.1, 'query_embed_dim': 128, 'query_kernel_size': [16, 16, 16], 'query_residual': True, 'query_layers': [128, 128, 128], 'query_pooling': 'weighted_mean', 'query_activation_fn': 'tanh', 'query_position_encoding': 'learned', 'query_paddding': 'same', 'query_dropout': 0.1}, 'optimization': {'max_epoch': 300, 'max_update': 0, 'clip_norm': 1, 'sentence_avg': 0, 'update_freq': [1], 'lrs': [0.0005], 'min_lr': -1, 'use_bmuf': 0, 'lr_shrink': 1.0, 'force_anneal': 0, 'warmup_updates': 0, 'end_learning_rate': 0.0, 'power': 1.0, 'total_num_update': 1000000, 'adam': {'adam_betas': '(0.9, 0.999)', 'adam_eps': 1e-08, 'weight_decay': 0, 'use_old_adam': 1}, 'margin': 1, 'clip_norm_version': 'tf_clip_by_global_norm'}, 'checkpoint': {'save_dir': '/data/yanghe/ncc_data/codexglue/code_to_text/retrieval/data-mmap/ruby/conv1d_res/checkpoints', 'restore_file': 'checkpoint_last.pt', 'reset_dataloader': None, 'reset_lr_scheduler': None, 'reset_meters': None, 'reset_optimizer': None, 'optimizer_overrides': '{}', 'save_interval': 1, 'save_interval_updates': 0, 'keep_interval_updates': 0, 'keep_last_epochs': -1, 'keep_best_checkpoints': -1, 'no_save': 0, 'no_epoch_checkpoints': 1, 'no_last_checkpoints': 0, 'no_save_optimizer_state': None, 'best_checkpoint_metric': 'mrr', 'maximize_best_checkpoint_metric': 1, 'patience': 10}, 'eval': {'path': '/data/yanghe/ncc_data/codexglue/code_to_text/retrieval/data-mmap/ruby/conv1d_res/checkpoints/checkpoint_best.pt', 'quiet': 1, 'max_sentences': 1000, 'model_overrides': '{}', 'eval_size': -1}} (train.py:304, cli_main())
[2021-04-20 05:12:14]    INFO >> single GPU training... (train.py:333, cli_main())
[2021-04-20 05:12:14]    INFO >> loaded 1400 examples from: ['/data/yanghe/ncc_data/codexglue/code_to_text/retrieval/data-mmap/all/valid.ruby.code_tokens'] (hybrid_retrieval.py:54, load_tokens_dataset())
[2021-04-20 05:12:14]    INFO >> loaded 1400 examples from: ['/data/yanghe/ncc_data/codexglue/code_to_text/retrieval/data-mmap/all/valid.ruby.docstring_tokens'] (hybrid_retrieval.py:55, load_tokens_dataset())
[2021-04-20 05:12:14]    INFO >> Conv1dRes(
  (src_encoders): ModuleDict(
    (ruby): Conv1dResEncoder(
      (embed): Embedding(10000, 128)
      (weight_layer): Linear(in_features=128, out_features=1, bias=False)
      (conv_layers): ModuleList(
        (0): Conv2d(1, 128, kernel_size=(16, 128), stride=(1, 1))
        (1): Conv2d(1, 128, kernel_size=(16, 128), stride=(1, 1))
        (2): Conv2d(1, 128, kernel_size=(16, 128), stride=(1, 1))
      )
    )
  )
  (tgt_encoders): Conv1dResEncoder(
    (embed): Embedding(10000, 128)
    (weight_layer): Linear(in_features=128, out_features=1, bias=False)
    (conv_layers): ModuleList(
      (0): Conv2d(1, 128, kernel_size=(16, 128), stride=(1, 1))
      (1): Conv2d(1, 128, kernel_size=(16, 128), stride=(1, 1))
      (2): Conv2d(1, 128, kernel_size=(16, 128), stride=(1, 1))
    )
  )
) (train.py:223, single_main())
[2021-04-20 05:12:14]    INFO >> model conv1d_res, criterion SearchSoftmaxCriterion (train.py:224, single_main())
[2021-04-20 05:12:14]    INFO >> num. model params: 4163328 (num. trained: 4163328) (train.py:227, single_main())
[2021-04-20 05:12:20]    INFO >> training on 1 GPUs (train.py:233, single_main())
[2021-04-20 05:12:20]    INFO >> max tokens per GPU = None and max sentences per GPU = 1000 (train.py:236, single_main())
[2021-04-20 05:12:20]    INFO >> no existing checkpoint found /data/yanghe/ncc_data/codexglue/code_to_text/retrieval/data-mmap/ruby/conv1d_res/checkpoints/checkpoint_last.pt (ncc_trainers.py:270, load_checkpoint())
[2021-04-20 05:12:20]    INFO >> loading train data for epoch 1 (ncc_trainers.py:285, get_train_iterator())
[2021-04-20 05:12:21]    INFO >> loaded 24927 examples from: ['/data/yanghe/ncc_data/codexglue/code_to_text/retrieval/data-mmap/all/train.ruby.code_tokens'] (hybrid_retrieval.py:54, load_tokens_dataset())
[2021-04-20 05:12:21]    INFO >> loaded 24927 examples from: ['/data/yanghe/ncc_data/codexglue/code_to_text/retrieval/data-mmap/all/train.ruby.docstring_tokens'] (hybrid_retrieval.py:55, load_tokens_dataset())
[2021-04-20 05:12:21]    INFO >> loaded 24927 examples from: ['/data/yanghe/ncc_data/codexglue/code_to_text/retrieval/data-mmap/all/train.ruby.code_tokens.wo_func'] (hybrid_retrieval.py:67, load_tokens_dataset())
[2021-04-20 05:12:21]    INFO >> loaded 24927 examples from: ['/data/yanghe/ncc_data/codexglue/code_to_text/retrieval/data-mmap/all/train.ruby.func_name'] (hybrid_retrieval.py:81, load_tokens_dataset())
[2021-04-20 05:12:21]    INFO >> NOTE: your device may support faster training with fp16 (ncc_trainers.py:155, _setup_optimizer())
[2021-04-20 05:12:46]    INFO >> epoch 001 | loss 6.882 | mrr 0.00992 | sample_size 1000 | wps 1063.9 | ups 1.06 | wpb 1000 | bsz 1000 | num_updates 24 | lr 0.0005 | gnorm 0.141 | clip 0 | train_wall 23 | wall 26 (progress_bar.py:269, print())
[2021-04-20 05:12:49]    INFO >> epoch 001 | valid on 'valid' subset | loss 6.866 | mrr 0.009768 | sample_size 1000 | wps 0 | wpb 1000 | bsz 1000 | num_updates 24 (progress_bar.py:269, print())
[2021-04-20 05:12:49]    INFO >> saved checkpoint /data/yanghe/ncc_data/codexglue/code_to_text/retrieval/data-mmap/ruby/conv1d_res/checkpoints/checkpoint_best.pt (epoch 1 @ 24 updates, score 0.009768) (writing took 0.336274 seconds) (checkpoint_utils.py:81, save_checkpoint())
[2021-04-20 05:13:16]    INFO >> epoch 002 | loss 6.75 | mrr 0.015211 | sample_size 1000 | wps 819.7 | ups 0.82 | wpb 1000 | bsz 1000 | num_updates 48 | lr 0.0005 | gnorm 0.785 | clip 20.8 | train_wall 23 | wall 55 (progress_bar.py:269, print())
[2021-04-20 05:13:19]    INFO >> epoch 002 | valid on 'valid' subset | loss 6.722 | mrr 0.019129 | sample_size 1000 | wps 0 | wpb 1000 | bsz 1000 | num_updates 48 | best_mrr 19.1294 (progress_bar.py:269, print())
[2021-04-20 05:13:20]    INFO >> saved checkpoint /data/yanghe/ncc_data/codexglue/code_to_text/retrieval/data-mmap/ruby/conv1d_res/checkpoints/checkpoint_best.pt (epoch 2 @ 48 updates, score 0.019129) (writing took 0.451869 seconds) (checkpoint_utils.py:81, save_checkpoint())
[2021-04-20 05:13:46]    INFO >> epoch 003 | loss 6.576 | mrr 0.020966 | sample_size 1000 | wps 793.6 | ups 0.79 | wpb 1000 | bsz 1000 | num_updates 72 | lr 0.0005 | gnorm 1.065 | clip 45.8 | train_wall 24 | wall 86 (progress_bar.py:269, print())
[2021-04-20 05:13:49]    INFO >> epoch 003 | valid on 'valid' subset | loss 6.6 | mrr 0.019637 | sample_size 1000 | wps 0 | wpb 1000 | bsz 1000 | num_updates 72 | best_mrr 19.6372 (progress_bar.py:269, print())
[2021-04-20 05:13:49]    INFO >> saved checkpoint /data/yanghe/ncc_data/codexglue/code_to_text/retrieval/data-mmap/ruby/conv1d_res/checkpoints/checkpoint_best.pt (epoch 3 @ 72 updates, score 0.019637) (writing took 0.553631 seconds) (checkpoint_utils.py:81, save_checkpoint())
[2021-04-20 05:14:15]    INFO >> epoch 004 | loss 6.38 | mrr 0.027753 | sample_size 1000 | wps 816.2 | ups 0.82 | wpb 1000 | bsz 1000 | num_updates 96 | lr 0.0005 | gnorm 2.887 | clip 91.7 | train_wall 24 | wall 115 (progress_bar.py:269, print())
[2021-04-20 05:14:18]    INFO >> epoch 004 | valid on 'valid' subset | loss 6.5 | mrr 0.024341 | sample_size 1000 | wps 0 | wpb 1000 | bsz 1000 | num_updates 96 | best_mrr 24.3406 (progress_bar.py:269, print())
[2021-04-20 05:14:19]    INFO >> saved checkpoint /data/yanghe/ncc_data/codexglue/code_to_text/retrieval/data-mmap/ruby/conv1d_res/checkpoints/checkpoint_best.pt (epoch 4 @ 96 updates, score 0.024341) (writing took 0.485748 seconds) (checkpoint_utils.py:81, save_checkpoint())
[2021-04-20 05:14:46]    INFO >> epoch 005 | loss 6.216 | mrr 0.033816 | sample_size 1000 | wps 795 | ups 0.8 | wpb 1000 | bsz 1000 | num_updates 120 | lr 0.0005 | gnorm 3.256 | clip 100 | train_wall 24 | wall 145 (progress_bar.py:269, print())
[2021-04-20 05:14:48]    INFO >> epoch 005 | valid on 'valid' subset | loss 6.502 | mrr 0.027158 | sample_size 1000 | wps 0 | wpb 1000 | bsz 1000 | num_updates 120 | best_mrr 27.1583 (progress_bar.py:269, print())
[2021-04-20 05:14:49]    INFO >> saved checkpoint /data/yanghe/ncc_data/codexglue/code_to_text/retrieval/data-mmap/ruby/conv1d_res/checkpoints/checkpoint_best.pt (epoch 5 @ 120 updates, score 0.027158) (writing took 0.472006 seconds) (checkpoint_utils.py:81, save_checkpoint())
[2021-04-20 05:15:15]    INFO >> epoch 006 | loss 6.093 | mrr 0.040287 | sample_size 1000 | wps 818.7 | ups 0.82 | wpb 1000 | bsz 1000 | num_updates 144 | lr 0.0005 | gnorm 4.139 | clip 100 | train_wall 24 | wall 174 (progress_bar.py:269, print())
[2021-04-20 05:15:18]    INFO >> epoch 006 | valid on 'valid' subset | loss 6.418 | mrr 0.029072 | sample_size 1000 | wps 0 | wpb 1000 | bsz 1000 | num_updates 144 | best_mrr 29.0716 (progress_bar.py:269, print())
[2021-04-20 05:15:18]    INFO >> saved checkpoint /data/yanghe/ncc_data/codexglue/code_to_text/retrieval/data-mmap/ruby/conv1d_res/checkpoints/checkpoint_best.pt (epoch 6 @ 144 updates, score 0.029072) (writing took 0.504326 seconds) (checkpoint_utils.py:81, save_checkpoint())
[2021-04-20 05:15:43]    INFO >> epoch 007 | loss 6.012 | mrr 0.045438 | sample_size 1000 | wps 852.7 | ups 0.85 | wpb 1000 | bsz 1000 | num_updates 168 | lr 0.0005 | gnorm 5.166 | clip 100 | train_wall 22 | wall 203 (progress_bar.py:269, print())
[2021-04-20 05:15:46]    INFO >> epoch 007 | valid on 'valid' subset | loss 6.49 | mrr 0.029457 | sample_size 1000 | wps 0 | wpb 1000 | bsz 1000 | num_updates 168 | best_mrr 29.4568 (progress_bar.py:269, print())
[2021-04-20 05:15:46]    INFO >> saved checkpoint /data/yanghe/ncc_data/codexglue/code_to_text/retrieval/data-mmap/ruby/conv1d_res/checkpoints/checkpoint_best.pt (epoch 7 @ 168 updates, score 0.029457) (writing took 0.334832 seconds) (checkpoint_utils.py:81, save_checkpoint())
[2021-04-20 05:16:12]    INFO >> epoch 008 | loss 5.916 | mrr 0.052184 | sample_size 1000 | wps 823 | ups 0.82 | wpb 1000 | bsz 1000 | num_updates 192 | lr 0.0005 | gnorm 3.578 | clip 100 | train_wall 24 | wall 232 (progress_bar.py:269, print())
[2021-04-20 05:16:15]    INFO >> epoch 008 | valid on 'valid' subset | loss 6.378 | mrr 0.032421 | sample_size 1000 | wps 0 | wpb 1000 | bsz 1000 | num_updates 192 | best_mrr 32.4206 (progress_bar.py:269, print())
[2021-04-20 05:16:16]    INFO >> saved checkpoint /data/yanghe/ncc_data/codexglue/code_to_text/retrieval/data-mmap/ruby/conv1d_res/checkpoints/checkpoint_best.pt (epoch 8 @ 192 updates, score 0.032421) (writing took 0.589297 seconds) (checkpoint_utils.py:81, save_checkpoint())
[2021-04-20 05:16:41]    INFO >> epoch 009 | loss 5.779 | mrr 0.060921 | sample_size 1000 | wps 833.7 | ups 0.83 | wpb 1000 | bsz 1000 | num_updates 216 | lr 0.0005 | gnorm 3.641 | clip 100 | train_wall 23 | wall 261 (progress_bar.py:269, print())
[2021-04-20 05:16:45]    INFO >> epoch 009 | valid on 'valid' subset | loss 6.397 | mrr 0.04259 | sample_size 1000 | wps 0 | wpb 1000 | bsz 1000 | num_updates 216 | best_mrr 42.5901 (progress_bar.py:269, print())
[2021-04-20 05:16:45]    INFO >> saved checkpoint /data/yanghe/ncc_data/codexglue/code_to_text/retrieval/data-mmap/ruby/conv1d_res/checkpoints/checkpoint_best.pt (epoch 9 @ 216 updates, score 0.04259) (writing took 0.475542 seconds) (checkpoint_utils.py:81, save_checkpoint())
[2021-04-20 05:17:11]    INFO >> epoch 010 | loss 5.646 | mrr 0.071517 | sample_size 1000 | wps 799.1 | ups 0.8 | wpb 1000 | bsz 1000 | num_updates 240 | lr 0.0005 | gnorm 3.88 | clip 100 | train_wall 24 | wall 291 (progress_bar.py:269, print())
[2021-04-20 05:17:14]    INFO >> epoch 010 | valid on 'valid' subset | loss 6.33 | mrr 0.041107 | sample_size 1000 | wps 0 | wpb 1000 | bsz 1000 | num_updates 240 | best_mrr 41.1069 (progress_bar.py:269, print())
[2021-04-20 05:17:14]    INFO >> saved checkpoint /data/yanghe/ncc_data/codexglue/code_to_text/retrieval/data-mmap/ruby/conv1d_res/checkpoints/checkpoint_last.pt (epoch 10 @ 240 updates, score 0.041107) (writing took 0.262202 seconds) (checkpoint_utils.py:81, save_checkpoint())
[2021-04-20 05:17:40]    INFO >> epoch 011 | loss 5.539 | mrr 0.081784 | sample_size 1000 | wps 823.7 | ups 0.82 | wpb 1000 | bsz 1000 | num_updates 264 | lr 0.0005 | gnorm 4.646 | clip 100 | train_wall 24 | wall 320 (progress_bar.py:269, print())
[2021-04-20 05:17:43]    INFO >> epoch 011 | valid on 'valid' subset | loss 6.278 | mrr 0.044948 | sample_size 1000 | wps 0 | wpb 1000 | bsz 1000 | num_updates 264 | best_mrr 44.9481 (progress_bar.py:269, print())
[2021-04-20 05:17:43]    INFO >> saved checkpoint /data/yanghe/ncc_data/codexglue/code_to_text/retrieval/data-mmap/ruby/conv1d_res/checkpoints/checkpoint_best.pt (epoch 11 @ 264 updates, score 0.044948) (writing took 0.383118 seconds) (checkpoint_utils.py:81, save_checkpoint())
[2021-04-20 05:18:10]    INFO >> epoch 012 | loss 5.402 | mrr 0.091446 | sample_size 1000 | wps 798.6 | ups 0.8 | wpb 1000 | bsz 1000 | num_updates 288 | lr 0.0005 | gnorm 4.004 | clip 100 | train_wall 24 | wall 350 (progress_bar.py:269, print())
[2021-04-20 05:18:13]    INFO >> epoch 012 | valid on 'valid' subset | loss 6.277 | mrr 0.047588 | sample_size 1000 | wps 0 | wpb 1000 | bsz 1000 | num_updates 288 | best_mrr 47.5881 (progress_bar.py:269, print())
[2021-04-20 05:18:13]    INFO >> saved checkpoint /data/yanghe/ncc_data/codexglue/code_to_text/retrieval/data-mmap/ruby/conv1d_res/checkpoints/checkpoint_best.pt (epoch 12 @ 288 updates, score 0.047588) (writing took 0.356900 seconds) (checkpoint_utils.py:81, save_checkpoint())
[2021-04-20 05:18:38]    INFO >> epoch 013 | loss 5.302 | mrr 0.104153 | sample_size 1000 | wps 875.1 | ups 0.88 | wpb 1000 | bsz 1000 | num_updates 312 | lr 0.0005 | gnorm 5.971 | clip 100 | train_wall 22 | wall 377 (progress_bar.py:269, print())
[2021-04-20 05:18:41]    INFO >> epoch 013 | valid on 'valid' subset | loss 6.173 | mrr 0.056454 | sample_size 1000 | wps 0 | wpb 1000 | bsz 1000 | num_updates 312 | best_mrr 56.4536 (progress_bar.py:269, print())
[2021-04-20 05:18:41]    INFO >> saved checkpoint /data/yanghe/ncc_data/codexglue/code_to_text/retrieval/data-mmap/ruby/conv1d_res/checkpoints/checkpoint_best.pt (epoch 13 @ 312 updates, score 0.056454) (writing took 0.382772 seconds) (checkpoint_utils.py:81, save_checkpoint())
[2021-04-20 05:19:07]    INFO >> epoch 014 | loss 5.188 | mrr 0.112345 | sample_size 1000 | wps 823.3 | ups 0.82 | wpb 1000 | bsz 1000 | num_updates 336 | lr 0.0005 | gnorm 4.931 | clip 100 | train_wall 24 | wall 406 (progress_bar.py:269, print())
[2021-04-20 05:19:11]    INFO >> epoch 014 | valid on 'valid' subset | loss 6.199 | mrr 0.050349 | sample_size 1000 | wps 0 | wpb 1000 | bsz 1000 | num_updates 336 | best_mrr 50.3492 (progress_bar.py:269, print())
[2021-04-20 05:19:11]    INFO >> saved checkpoint /data/yanghe/ncc_data/codexglue/code_to_text/retrieval/data-mmap/ruby/conv1d_res/checkpoints/checkpoint_last.pt (epoch 14 @ 336 updates, score 0.050349) (writing took 0.281370 seconds) (checkpoint_utils.py:81, save_checkpoint())
[2021-04-20 05:19:37]    INFO >> epoch 015 | loss 5.066 | mrr 0.125883 | sample_size 1000 | wps 793.1 | ups 0.79 | wpb 1000 | bsz 1000 | num_updates 360 | lr 0.0005 | gnorm 4.785 | clip 100 | train_wall 24 | wall 437 (progress_bar.py:269, print())
[2021-04-20 05:19:40]    INFO >> epoch 015 | valid on 'valid' subset | loss 6.254 | mrr 0.055869 | sample_size 1000 | wps 0 | wpb 1000 | bsz 1000 | num_updates 360 | best_mrr 55.8687 (progress_bar.py:269, print())
[2021-04-20 05:19:40]    INFO >> saved checkpoint /data/yanghe/ncc_data/codexglue/code_to_text/retrieval/data-mmap/ruby/conv1d_res/checkpoints/checkpoint_last.pt (epoch 15 @ 360 updates, score 0.055869) (writing took 0.236784 seconds) (checkpoint_utils.py:81, save_checkpoint())
[2021-04-20 05:20:06]    INFO >> epoch 016 | loss 4.973 | mrr 0.135565 | sample_size 1000 | wps 825.1 | ups 0.83 | wpb 1000 | bsz 1000 | num_updates 384 | lr 0.0005 | gnorm 5.174 | clip 100 | train_wall 24 | wall 466 (progress_bar.py:269, print())
[2021-04-20 05:20:09]    INFO >> epoch 016 | valid on 'valid' subset | loss 6.21 | mrr 0.062151 | sample_size 1000 | wps 0 | wpb 1000 | bsz 1000 | num_updates 384 | best_mrr 62.1508 (progress_bar.py:269, print())
[2021-04-20 05:20:10]    INFO >> saved checkpoint /data/yanghe/ncc_data/codexglue/code_to_text/retrieval/data-mmap/ruby/conv1d_res/checkpoints/checkpoint_best.pt (epoch 16 @ 384 updates, score 0.062151) (writing took 0.394565 seconds) (checkpoint_utils.py:81, save_checkpoint())
[2021-04-20 05:20:37]    INFO >> epoch 017 | loss 4.847 | mrr 0.151768 | sample_size 1000 | wps 790.5 | ups 0.79 | wpb 1000 | bsz 1000 | num_updates 408 | lr 0.0005 | gnorm 4.33 | clip 100 | train_wall 24 | wall 496 (progress_bar.py:269, print())
[2021-04-20 05:20:40]    INFO >> epoch 017 | valid on 'valid' subset | loss 6.184 | mrr 0.071981 | sample_size 1000 | wps 0 | wpb 1000 | bsz 1000 | num_updates 408 | best_mrr 71.9813 (progress_bar.py:269, print())
[2021-04-20 05:20:40]    INFO >> saved checkpoint /data/yanghe/ncc_data/codexglue/code_to_text/retrieval/data-mmap/ruby/conv1d_res/checkpoints/checkpoint_best.pt (epoch 17 @ 408 updates, score 0.071981) (writing took 0.414922 seconds) (checkpoint_utils.py:81, save_checkpoint())
[2021-04-20 05:21:05]    INFO >> epoch 018 | loss 4.745 | mrr 0.161193 | sample_size 1000 | wps 843 | ups 0.84 | wpb 1000 | bsz 1000 | num_updates 432 | lr 0.0005 | gnorm 4.834 | clip 100 | train_wall 23 | wall 525 (progress_bar.py:269, print())
[2021-04-20 05:21:08]    INFO >> epoch 018 | valid on 'valid' subset | loss 6.149 | mrr 0.074614 | sample_size 1000 | wps 0 | wpb 1000 | bsz 1000 | num_updates 432 | best_mrr 74.6139 (progress_bar.py:269, print())
[2021-04-20 05:21:09]    INFO >> saved checkpoint /data/yanghe/ncc_data/codexglue/code_to_text/retrieval/data-mmap/ruby/conv1d_res/checkpoints/checkpoint_best.pt (epoch 18 @ 432 updates, score 0.074614) (writing took 0.385338 seconds) (checkpoint_utils.py:81, save_checkpoint())
[2021-04-20 05:21:35]    INFO >> epoch 019 | loss 4.594 | mrr 0.183327 | sample_size 1000 | wps 807.9 | ups 0.81 | wpb 1000 | bsz 1000 | num_updates 456 | lr 0.0005 | gnorm 4.885 | clip 100 | train_wall 24 | wall 554 (progress_bar.py:269, print())
[2021-04-20 05:21:38]    INFO >> epoch 019 | valid on 'valid' subset | loss 6.198 | mrr 0.078213 | sample_size 1000 | wps 0 | wpb 1000 | bsz 1000 | num_updates 456 | best_mrr 78.2128 (progress_bar.py:269, print())
[2021-04-20 05:21:39]    INFO >> saved checkpoint /data/yanghe/ncc_data/codexglue/code_to_text/retrieval/data-mmap/ruby/conv1d_res/checkpoints/checkpoint_best.pt (epoch 19 @ 456 updates, score 0.078213) (writing took 0.463130 seconds) (checkpoint_utils.py:81, save_checkpoint())
[2021-04-20 05:22:05]    INFO >> epoch 020 | loss 4.498 | mrr 0.194416 | sample_size 1000 | wps 799.2 | ups 0.8 | wpb 1000 | bsz 1000 | num_updates 480 | lr 0.0005 | gnorm 5.138 | clip 100 | train_wall 24 | wall 584 (progress_bar.py:269, print())
[2021-04-20 05:22:08]    INFO >> epoch 020 | valid on 'valid' subset | loss 6.163 | mrr 0.084558 | sample_size 1000 | wps 0 | wpb 1000 | bsz 1000 | num_updates 480 | best_mrr 84.5581 (progress_bar.py:269, print())
[2021-04-20 05:22:08]    INFO >> saved checkpoint /data/yanghe/ncc_data/codexglue/code_to_text/retrieval/data-mmap/ruby/conv1d_res/checkpoints/checkpoint_best.pt (epoch 20 @ 480 updates, score 0.084558) (writing took 0.483313 seconds) (checkpoint_utils.py:81, save_checkpoint())
[2021-04-20 05:22:31]    INFO >> epoch 021:     21 / 25 loss=5.569, mrr=91.2274, sample_size=1000, wps=823.8, ups=0.82, wpb=1000, bsz=1000, num_updates=500, lr=0.0005, gnorm=3.899, clip=88.4, train_wall=486, wall=610 (progress_bar.py:262, log())
[2021-04-20 05:22:35]    INFO >> epoch 021 | loss 4.356 | mrr 0.216941 | sample_size 1000 | wps 806.6 | ups 0.81 | wpb 1000 | bsz 1000 | num_updates 504 | lr 0.0005 | gnorm 4.826 | clip 100 | train_wall 24 | wall 614 (progress_bar.py:269, print())
[2021-04-20 05:22:37]    INFO >> epoch 021 | valid on 'valid' subset | loss 6.17 | mrr 0.09096 | sample_size 1000 | wps 0 | wpb 1000 | bsz 1000 | num_updates 504 | best_mrr 90.9597 (progress_bar.py:269, print())
[2021-04-20 05:22:38]    INFO >> saved checkpoint /data/yanghe/ncc_data/codexglue/code_to_text/retrieval/data-mmap/ruby/conv1d_res/checkpoints/checkpoint_best.pt (epoch 21 @ 504 updates, score 0.09096) (writing took 0.385106 seconds) (checkpoint_utils.py:81, save_checkpoint())
[2021-04-20 05:23:05]    INFO >> epoch 022 | loss 4.245 | mrr 0.231394 | sample_size 1000 | wps 797.7 | ups 0.8 | wpb 1000 | bsz 1000 | num_updates 528 | lr 0.0005 | gnorm 5.589 | clip 100 | train_wall 24 | wall 644 (progress_bar.py:269, print())
[2021-04-20 05:23:08]    INFO >> epoch 022 | valid on 'valid' subset | loss 6.171 | mrr 0.098222 | sample_size 1000 | wps 0 | wpb 1000 | bsz 1000 | num_updates 528 | best_mrr 98.2219 (progress_bar.py:269, print())
[2021-04-20 05:23:08]    INFO >> saved checkpoint /data/yanghe/ncc_data/codexglue/code_to_text/retrieval/data-mmap/ruby/conv1d_res/checkpoints/checkpoint_best.pt (epoch 22 @ 528 updates, score 0.098222) (writing took 0.405599 seconds) (checkpoint_utils.py:81, save_checkpoint())
[2021-04-20 05:23:35]    INFO >> epoch 023 | loss 4.118 | mrr 0.251384 | sample_size 1000 | wps 804 | ups 0.8 | wpb 1000 | bsz 1000 | num_updates 552 | lr 0.0005 | gnorm 5.883 | clip 100 | train_wall 24 | wall 674 (progress_bar.py:269, print())
[2021-04-20 05:23:37]    INFO >> epoch 023 | valid on 'valid' subset | loss 6.149 | mrr 0.1019 | sample_size 1000 | wps 0 | wpb 1000 | bsz 1000 | num_updates 552 | best_mrr 101.9 (progress_bar.py:269, print())
[2021-04-20 05:23:38]    INFO >> saved checkpoint /data/yanghe/ncc_data/codexglue/code_to_text/retrieval/data-mmap/ruby/conv1d_res/checkpoints/checkpoint_best.pt (epoch 23 @ 552 updates, score 0.1019) (writing took 0.411159 seconds) (checkpoint_utils.py:81, save_checkpoint())
[2021-04-20 05:24:04]    INFO >> epoch 024 | loss 4.043 | mrr 0.262694 | sample_size 1000 | wps 819.1 | ups 0.82 | wpb 1000 | bsz 1000 | num_updates 576 | lr 0.0005 | gnorm 4.962 | clip 100 | train_wall 24 | wall 704 (progress_bar.py:269, print())
[2021-04-20 05:24:08]    INFO >> epoch 024 | valid on 'valid' subset | loss 6.232 | mrr 0.109576 | sample_size 1000 | wps 0 | wpb 1000 | bsz 1000 | num_updates 576 | best_mrr 109.576 (progress_bar.py:269, print())
[2021-04-20 05:24:08]    INFO >> saved checkpoint /data/yanghe/ncc_data/codexglue/code_to_text/retrieval/data-mmap/ruby/conv1d_res/checkpoints/checkpoint_best.pt (epoch 24 @ 576 updates, score 0.109576) (writing took 0.403436 seconds) (checkpoint_utils.py:81, save_checkpoint())
[2021-04-20 05:24:34]    INFO >> epoch 025 | loss 3.926 | mrr 0.282658 | sample_size 1000 | wps 807.5 | ups 0.81 | wpb 1000 | bsz 1000 | num_updates 600 | lr 0.0005 | gnorm 5.265 | clip 100 | train_wall 23 | wall 733 (progress_bar.py:269, print())
[2021-04-20 05:24:36]    INFO >> epoch 025 | valid on 'valid' subset | loss 6.169 | mrr 0.108965 | sample_size 1000 | wps 0 | wpb 1000 | bsz 1000 | num_updates 600 | best_mrr 108.965 (progress_bar.py:269, print())
[2021-04-20 05:24:37]    INFO >> saved checkpoint /data/yanghe/ncc_data/codexglue/code_to_text/retrieval/data-mmap/ruby/conv1d_res/checkpoints/checkpoint_last.pt (epoch 25 @ 600 updates, score 0.108965) (writing took 0.211412 seconds) (checkpoint_utils.py:81, save_checkpoint())
[2021-04-20 05:25:03]    INFO >> epoch 026 | loss 3.812 | mrr 0.303141 | sample_size 1000 | wps 826.9 | ups 0.83 | wpb 1000 | bsz 1000 | num_updates 624 | lr 0.0005 | gnorm 5.461 | clip 100 | train_wall 24 | wall 762 (progress_bar.py:269, print())
[2021-04-20 05:25:06]    INFO >> epoch 026 | valid on 'valid' subset | loss 6.196 | mrr 0.119792 | sample_size 1000 | wps 0 | wpb 1000 | bsz 1000 | num_updates 624 | best_mrr 119.792 (progress_bar.py:269, print())
[2021-04-20 05:25:06]    INFO >> saved checkpoint /data/yanghe/ncc_data/codexglue/code_to_text/retrieval/data-mmap/ruby/conv1d_res/checkpoints/checkpoint_best.pt (epoch 26 @ 624 updates, score 0.119792) (writing took 0.623524 seconds) (checkpoint_utils.py:81, save_checkpoint())
[2021-04-20 05:25:33]    INFO >> epoch 027 | loss 3.684 | mrr 0.322316 | sample_size 1000 | wps 788.8 | ups 0.79 | wpb 1000 | bsz 1000 | num_updates 648 | lr 0.0005 | gnorm 5.724 | clip 100 | train_wall 23 | wall 793 (progress_bar.py:269, print())
[2021-04-20 05:25:36]    INFO >> epoch 027 | valid on 'valid' subset | loss 6.195 | mrr 0.120903 | sample_size 1000 | wps 0 | wpb 1000 | bsz 1000 | num_updates 648 | best_mrr 120.903 (progress_bar.py:269, print())
[2021-04-20 05:25:36]    INFO >> saved checkpoint /data/yanghe/ncc_data/codexglue/code_to_text/retrieval/data-mmap/ruby/conv1d_res/checkpoints/checkpoint_best.pt (epoch 27 @ 648 updates, score 0.120903) (writing took 0.368947 seconds) (checkpoint_utils.py:81, save_checkpoint())
[2021-04-20 05:26:02]    INFO >> epoch 028 | loss 3.598 | mrr 0.340228 | sample_size 1000 | wps 820.4 | ups 0.82 | wpb 1000 | bsz 1000 | num_updates 672 | lr 0.0005 | gnorm 5.235 | clip 100 | train_wall 24 | wall 822 (progress_bar.py:269, print())
[2021-04-20 05:26:06]    INFO >> epoch 028 | valid on 'valid' subset | loss 6.252 | mrr 0.125759 | sample_size 1000 | wps 0 | wpb 1000 | bsz 1000 | num_updates 672 | best_mrr 125.759 (progress_bar.py:269, print())
[2021-04-20 05:26:06]    INFO >> saved checkpoint /data/yanghe/ncc_data/codexglue/code_to_text/retrieval/data-mmap/ruby/conv1d_res/checkpoints/checkpoint_best.pt (epoch 28 @ 672 updates, score 0.125759) (writing took 0.581093 seconds) (checkpoint_utils.py:81, save_checkpoint())
[2021-04-20 05:26:31]    INFO >> epoch 029 | loss 3.484 | mrr 0.35763 | sample_size 1000 | wps 843.8 | ups 0.84 | wpb 1000 | bsz 1000 | num_updates 696 | lr 0.0005 | gnorm 5.79 | clip 100 | train_wall 22 | wall 850 (progress_bar.py:269, print())
[2021-04-20 05:26:34]    INFO >> epoch 029 | valid on 'valid' subset | loss 6.315 | mrr 0.123176 | sample_size 1000 | wps 0 | wpb 1000 | bsz 1000 | num_updates 696 | best_mrr 123.176 (progress_bar.py:269, print())
[2021-04-20 05:26:34]    INFO >> saved checkpoint /data/yanghe/ncc_data/codexglue/code_to_text/retrieval/data-mmap/ruby/conv1d_res/checkpoints/checkpoint_last.pt (epoch 29 @ 696 updates, score 0.123176) (writing took 0.201836 seconds) (checkpoint_utils.py:81, save_checkpoint())
[2021-04-20 05:27:00]    INFO >> epoch 030 | loss 3.365 | mrr 0.378767 | sample_size 1000 | wps 814.3 | ups 0.81 | wpb 1000 | bsz 1000 | num_updates 720 | lr 0.0005 | gnorm 5.42 | clip 100 | train_wall 24 | wall 880 (progress_bar.py:269, print())
[2021-04-20 05:27:03]    INFO >> epoch 030 | valid on 'valid' subset | loss 6.323 | mrr 0.133453 | sample_size 1000 | wps 0 | wpb 1000 | bsz 1000 | num_updates 720 | best_mrr 133.453 (progress_bar.py:269, print())
[2021-04-20 05:27:04]    INFO >> saved checkpoint /data/yanghe/ncc_data/codexglue/code_to_text/retrieval/data-mmap/ruby/conv1d_res/checkpoints/checkpoint_best.pt (epoch 30 @ 720 updates, score 0.133453) (writing took 0.558006 seconds) (checkpoint_utils.py:81, save_checkpoint())
[2021-04-20 05:27:30]    INFO >> epoch 031 | loss 3.259 | mrr 0.39698 | sample_size 1000 | wps 805.5 | ups 0.81 | wpb 1000 | bsz 1000 | num_updates 744 | lr 0.0005 | gnorm 5.292 | clip 100 | train_wall 24 | wall 910 (progress_bar.py:269, print())
[2021-04-20 05:27:34]    INFO >> epoch 031 | valid on 'valid' subset | loss 6.361 | mrr 0.137372 | sample_size 1000 | wps 0 | wpb 1000 | bsz 1000 | num_updates 744 | best_mrr 137.372 (progress_bar.py:269, print())
[2021-04-20 05:27:35]    INFO >> saved checkpoint /data/yanghe/ncc_data/codexglue/code_to_text/retrieval/data-mmap/ruby/conv1d_res/checkpoints/checkpoint_best.pt (epoch 31 @ 744 updates, score 0.137372) (writing took 0.602660 seconds) (checkpoint_utils.py:81, save_checkpoint())
[2021-04-20 05:28:01]    INFO >> epoch 032 | loss 3.146 | mrr 0.418974 | sample_size 1000 | wps 787.3 | ups 0.79 | wpb 1000 | bsz 1000 | num_updates 768 | lr 0.0005 | gnorm 5.855 | clip 100 | train_wall 24 | wall 940 (progress_bar.py:269, print())
[2021-04-20 05:28:04]    INFO >> epoch 032 | valid on 'valid' subset | loss 6.452 | mrr 0.13808 | sample_size 1000 | wps 0 | wpb 1000 | bsz 1000 | num_updates 768 | best_mrr 138.08 (progress_bar.py:269, print())
[2021-04-20 05:28:04]    INFO >> saved checkpoint /data/yanghe/ncc_data/codexglue/code_to_text/retrieval/data-mmap/ruby/conv1d_res/checkpoints/checkpoint_best.pt (epoch 32 @ 768 updates, score 0.13808) (writing took 0.393414 seconds) (checkpoint_utils.py:81, save_checkpoint())
[2021-04-20 05:28:31]    INFO >> epoch 033 | loss 3.053 | mrr 0.432389 | sample_size 1000 | wps 804.9 | ups 0.8 | wpb 1000 | bsz 1000 | num_updates 792 | lr 0.0005 | gnorm 5.315 | clip 100 | train_wall 24 | wall 970 (progress_bar.py:269, print())
[2021-04-20 05:28:35]    INFO >> epoch 033 | valid on 'valid' subset | loss 6.287 | mrr 0.151294 | sample_size 1000 | wps 0 | wpb 1000 | bsz 1000 | num_updates 792 | best_mrr 151.294 (progress_bar.py:269, print())
[2021-04-20 05:28:35]    INFO >> saved checkpoint /data/yanghe/ncc_data/codexglue/code_to_text/retrieval/data-mmap/ruby/conv1d_res/checkpoints/checkpoint_best.pt (epoch 33 @ 792 updates, score 0.151294) (writing took 0.355638 seconds) (checkpoint_utils.py:81, save_checkpoint())
[2021-04-20 05:29:01]    INFO >> epoch 034 | loss 2.949 | mrr 0.451771 | sample_size 1000 | wps 790.5 | ups 0.79 | wpb 1000 | bsz 1000 | num_updates 816 | lr 0.0005 | gnorm 5.74 | clip 100 | train_wall 24 | wall 1000 (progress_bar.py:269, print())
[2021-04-20 05:29:04]    INFO >> epoch 034 | valid on 'valid' subset | loss 6.434 | mrr 0.153965 | sample_size 1000 | wps 0 | wpb 1000 | bsz 1000 | num_updates 816 | best_mrr 153.965 (progress_bar.py:269, print())
[2021-04-20 05:29:04]    INFO >> saved checkpoint /data/yanghe/ncc_data/codexglue/code_to_text/retrieval/data-mmap/ruby/conv1d_res/checkpoints/checkpoint_best.pt (epoch 34 @ 816 updates, score 0.153965) (writing took 0.590222 seconds) (checkpoint_utils.py:81, save_checkpoint())
[2021-04-20 05:29:31]    INFO >> epoch 035 | loss 2.846 | mrr 0.473146 | sample_size 1000 | wps 800.8 | ups 0.8 | wpb 1000 | bsz 1000 | num_updates 840 | lr 0.0005 | gnorm 5.029 | clip 100 | train_wall 24 | wall 1030 (progress_bar.py:269, print())
[2021-04-20 05:29:35]    INFO >> epoch 035 | valid on 'valid' subset | loss 6.445 | mrr 0.159679 | sample_size 1000 | wps 0 | wpb 1000 | bsz 1000 | num_updates 840 | best_mrr 159.679 (progress_bar.py:269, print())
[2021-04-20 05:29:35]    INFO >> saved checkpoint /data/yanghe/ncc_data/codexglue/code_to_text/retrieval/data-mmap/ruby/conv1d_res/checkpoints/checkpoint_best.pt (epoch 35 @ 840 updates, score 0.159679) (writing took 0.425109 seconds) (checkpoint_utils.py:81, save_checkpoint())
[2021-04-20 05:29:59]    INFO >> epoch 036 | loss 2.734 | mrr 0.492214 | sample_size 1000 | wps 845.6 | ups 0.85 | wpb 1000 | bsz 1000 | num_updates 864 | lr 0.0005 | gnorm 6.044 | clip 100 | train_wall 21 | wall 1059 (progress_bar.py:269, print())
[2021-04-20 05:30:02]    INFO >> epoch 036 | valid on 'valid' subset | loss 6.512 | mrr 0.160682 | sample_size 1000 | wps 0 | wpb 1000 | bsz 1000 | num_updates 864 | best_mrr 160.682 (progress_bar.py:269, print())
[2021-04-20 05:30:02]    INFO >> saved checkpoint /data/yanghe/ncc_data/codexglue/code_to_text/retrieval/data-mmap/ruby/conv1d_res/checkpoints/checkpoint_best.pt (epoch 36 @ 864 updates, score 0.160682) (writing took 0.332540 seconds) (checkpoint_utils.py:81, save_checkpoint())
[2021-04-20 05:30:29]    INFO >> epoch 037 | loss 2.638 | mrr 0.508088 | sample_size 1000 | wps 817.3 | ups 0.82 | wpb 1000 | bsz 1000 | num_updates 888 | lr 0.0005 | gnorm 5.868 | clip 100 | train_wall 24 | wall 1088 (progress_bar.py:269, print())
[2021-04-20 05:30:31]    INFO >> epoch 037 | valid on 'valid' subset | loss 6.629 | mrr 0.16442 | sample_size 1000 | wps 0 | wpb 1000 | bsz 1000 | num_updates 888 | best_mrr 164.42 (progress_bar.py:269, print())
[2021-04-20 05:30:32]    INFO >> saved checkpoint /data/yanghe/ncc_data/codexglue/code_to_text/retrieval/data-mmap/ruby/conv1d_res/checkpoints/checkpoint_best.pt (epoch 37 @ 888 updates, score 0.16442) (writing took 0.366890 seconds) (checkpoint_utils.py:81, save_checkpoint())
[2021-04-20 05:30:59]    INFO >> epoch 038 | loss 2.575 | mrr 0.521543 | sample_size 1000 | wps 791.2 | ups 0.79 | wpb 1000 | bsz 1000 | num_updates 912 | lr 0.0005 | gnorm 5.809 | clip 100 | train_wall 23 | wall 1119 (progress_bar.py:269, print())
[2021-04-20 05:31:02]    INFO >> epoch 038 | valid on 'valid' subset | loss 6.655 | mrr 0.164484 | sample_size 1000 | wps 0 | wpb 1000 | bsz 1000 | num_updates 912 | best_mrr 164.484 (progress_bar.py:269, print())
[2021-04-20 05:31:02]    INFO >> saved checkpoint /data/yanghe/ncc_data/codexglue/code_to_text/retrieval/data-mmap/ruby/conv1d_res/checkpoints/checkpoint_best.pt (epoch 38 @ 912 updates, score 0.164484) (writing took 0.374682 seconds) (checkpoint_utils.py:81, save_checkpoint())
[2021-04-20 05:31:29]    INFO >> epoch 039 | loss 2.499 | mrr 0.53681 | sample_size 1000 | wps 812.6 | ups 0.81 | wpb 1000 | bsz 1000 | num_updates 936 | lr 0.0005 | gnorm 5.747 | clip 100 | train_wall 24 | wall 1148 (progress_bar.py:269, print())
[2021-04-20 05:31:31]    INFO >> epoch 039 | valid on 'valid' subset | loss 6.703 | mrr 0.163394 | sample_size 1000 | wps 0 | wpb 1000 | bsz 1000 | num_updates 936 | best_mrr 163.394 (progress_bar.py:269, print())
[2021-04-20 05:31:32]    INFO >> saved checkpoint /data/yanghe/ncc_data/codexglue/code_to_text/retrieval/data-mmap/ruby/conv1d_res/checkpoints/checkpoint_last.pt (epoch 39 @ 936 updates, score 0.163394) (writing took 0.205743 seconds) (checkpoint_utils.py:81, save_checkpoint())
[2021-04-20 05:31:57]    INFO >> epoch 040 | loss 2.419 | mrr 0.550518 | sample_size 1000 | wps 855 | ups 0.85 | wpb 1000 | bsz 1000 | num_updates 960 | lr 0.0005 | gnorm 5.787 | clip 100 | train_wall 22 | wall 1176 (progress_bar.py:269, print())
[2021-04-20 05:31:59]    INFO >> epoch 040 | valid on 'valid' subset | loss 6.722 | mrr 0.169609 | sample_size 1000 | wps 0 | wpb 1000 | bsz 1000 | num_updates 960 | best_mrr 169.609 (progress_bar.py:269, print())
[2021-04-20 05:32:00]    INFO >> saved checkpoint /data/yanghe/ncc_data/codexglue/code_to_text/retrieval/data-mmap/ruby/conv1d_res/checkpoints/checkpoint_best.pt (epoch 40 @ 960 updates, score 0.169609) (writing took 0.376467 seconds) (checkpoint_utils.py:81, save_checkpoint())
[2021-04-20 05:32:26]    INFO >> epoch 041 | loss 2.315 | mrr 0.569833 | sample_size 1000 | wps 817.5 | ups 0.82 | wpb 1000 | bsz 1000 | num_updates 984 | lr 0.0005 | gnorm 5.364 | clip 100 | train_wall 24 | wall 1206 (progress_bar.py:269, print())
[2021-04-20 05:32:29]    INFO >> epoch 041 | valid on 'valid' subset | loss 6.8 | mrr 0.170944 | sample_size 1000 | wps 0 | wpb 1000 | bsz 1000 | num_updates 984 | best_mrr 170.944 (progress_bar.py:269, print())
[2021-04-20 05:32:29]    INFO >> saved checkpoint /data/yanghe/ncc_data/codexglue/code_to_text/retrieval/data-mmap/ruby/conv1d_res/checkpoints/checkpoint_best.pt (epoch 41 @ 984 updates, score 0.170944) (writing took 0.490491 seconds) (checkpoint_utils.py:81, save_checkpoint())
[2021-04-20 05:32:47]    INFO >> epoch 042:     16 / 25 loss=3.213, mrr=408.13, sample_size=1000, wps=810.9, ups=0.81, wpb=1000, bsz=1000, num_updates=1000, lr=0.0005, gnorm=5.572, clip=100, train_wall=485, wall=1227 (progress_bar.py:262, log())
[2021-04-20 05:32:55]    INFO >> epoch 042 | loss 2.275 | mrr 0.577794 | sample_size 1000 | wps 818.8 | ups 0.82 | wpb 1000 | bsz 1000 | num_updates 1008 | lr 0.0005 | gnorm 6.108 | clip 100 | train_wall 24 | wall 1235 (progress_bar.py:269, print())
[2021-04-20 05:32:59]    INFO >> epoch 042 | valid on 'valid' subset | loss 6.927 | mrr 0.170155 | sample_size 1000 | wps 0 | wpb 1000 | bsz 1000 | num_updates 1008 | best_mrr 170.155 (progress_bar.py:269, print())
[2021-04-20 05:32:59]    INFO >> saved checkpoint /data/yanghe/ncc_data/codexglue/code_to_text/retrieval/data-mmap/ruby/conv1d_res/checkpoints/checkpoint_last.pt (epoch 42 @ 1008 updates, score 0.170155) (writing took 0.206253 seconds) (checkpoint_utils.py:81, save_checkpoint())
[2021-04-20 05:33:25]    INFO >> epoch 043 | loss 2.179 | mrr 0.59352 | sample_size 1000 | wps 796.2 | ups 0.8 | wpb 1000 | bsz 1000 | num_updates 1032 | lr 0.0005 | gnorm 6.369 | clip 100 | train_wall 24 | wall 1265 (progress_bar.py:269, print())
[2021-04-20 05:33:28]    INFO >> epoch 043 | valid on 'valid' subset | loss 6.843 | mrr 0.173795 | sample_size 1000 | wps 0 | wpb 1000 | bsz 1000 | num_updates 1032 | best_mrr 173.795 (progress_bar.py:269, print())
[2021-04-20 05:33:29]    INFO >> saved checkpoint /data/yanghe/ncc_data/codexglue/code_to_text/retrieval/data-mmap/ruby/conv1d_res/checkpoints/checkpoint_best.pt (epoch 43 @ 1032 updates, score 0.173795) (writing took 0.525662 seconds) (checkpoint_utils.py:81, save_checkpoint())
[2021-04-20 05:33:55]    INFO >> epoch 044 | loss 2.091 | mrr 0.611935 | sample_size 1000 | wps 813.4 | ups 0.81 | wpb 1000 | bsz 1000 | num_updates 1056 | lr 0.0005 | gnorm 6 | clip 100 | train_wall 24 | wall 1295 (progress_bar.py:269, print())
[2021-04-20 05:33:58]    INFO >> epoch 044 | valid on 'valid' subset | loss 6.957 | mrr 0.182809 | sample_size 1000 | wps 0 | wpb 1000 | bsz 1000 | num_updates 1056 | best_mrr 182.809 (progress_bar.py:269, print())
[2021-04-20 05:33:58]    INFO >> saved checkpoint /data/yanghe/ncc_data/codexglue/code_to_text/retrieval/data-mmap/ruby/conv1d_res/checkpoints/checkpoint_best.pt (epoch 44 @ 1056 updates, score 0.182809) (writing took 0.398076 seconds) (checkpoint_utils.py:81, save_checkpoint())
[2021-04-20 05:34:25]    INFO >> epoch 045 | loss 2.045 | mrr 0.619698 | sample_size 1000 | wps 795.4 | ups 0.8 | wpb 1000 | bsz 1000 | num_updates 1080 | lr 0.0005 | gnorm 6.225 | clip 100 | train_wall 24 | wall 1325 (progress_bar.py:269, print())
[2021-04-20 05:34:28]    INFO >> epoch 045 | valid on 'valid' subset | loss 7.062 | mrr 0.17976 | sample_size 1000 | wps 0 | wpb 1000 | bsz 1000 | num_updates 1080 | best_mrr 179.76 (progress_bar.py:269, print())
[2021-04-20 05:34:28]    INFO >> saved checkpoint /data/yanghe/ncc_data/codexglue/code_to_text/retrieval/data-mmap/ruby/conv1d_res/checkpoints/checkpoint_last.pt (epoch 45 @ 1080 updates, score 0.17976) (writing took 0.198585 seconds) (checkpoint_utils.py:81, save_checkpoint())
[2021-04-20 05:34:54]    INFO >> epoch 046 | loss 1.968 | mrr 0.634883 | sample_size 1000 | wps 823.9 | ups 0.82 | wpb 1000 | bsz 1000 | num_updates 1104 | lr 0.0005 | gnorm 5.202 | clip 100 | train_wall 24 | wall 1354 (progress_bar.py:269, print())
[2021-04-20 05:34:57]    INFO >> epoch 046 | valid on 'valid' subset | loss 7.189 | mrr 0.180826 | sample_size 1000 | wps 0 | wpb 1000 | bsz 1000 | num_updates 1104 | best_mrr 180.826 (progress_bar.py:269, print())
[2021-04-20 05:34:57]    INFO >> saved checkpoint /data/yanghe/ncc_data/codexglue/code_to_text/retrieval/data-mmap/ruby/conv1d_res/checkpoints/checkpoint_last.pt (epoch 46 @ 1104 updates, score 0.180826) (writing took 0.187219 seconds) (checkpoint_utils.py:81, save_checkpoint())
[2021-04-20 05:35:23]    INFO >> epoch 047 | loss 1.909 | mrr 0.644576 | sample_size 1000 | wps 842.4 | ups 0.84 | wpb 1000 | bsz 1000 | num_updates 1128 | lr 0.0005 | gnorm 5.056 | clip 100 | train_wall 23 | wall 1382 (progress_bar.py:269, print())
[2021-04-20 05:35:26]    INFO >> epoch 047 | valid on 'valid' subset | loss 7.249 | mrr 0.182725 | sample_size 1000 | wps 0 | wpb 1000 | bsz 1000 | num_updates 1128 | best_mrr 182.725 (progress_bar.py:269, print())
[2021-04-20 05:35:26]    INFO >> saved checkpoint /data/yanghe/ncc_data/codexglue/code_to_text/retrieval/data-mmap/ruby/conv1d_res/checkpoints/checkpoint_last.pt (epoch 47 @ 1128 updates, score 0.182725) (writing took 0.289738 seconds) (checkpoint_utils.py:81, save_checkpoint())
[2021-04-20 05:35:48]    INFO >> epoch 048 | loss 1.825 | mrr 0.660483 | sample_size 1000 | wps 942.5 | ups 0.94 | wpb 1000 | bsz 1000 | num_updates 1152 | lr 0.0005 | gnorm 5.321 | clip 100 | train_wall 20 | wall 1408 (progress_bar.py:269, print())
[2021-04-20 05:35:51]    INFO >> epoch 048 | valid on 'valid' subset | loss 7.288 | mrr 0.177528 | sample_size 1000 | wps 0 | wpb 1000 | bsz 1000 | num_updates 1152 | best_mrr 177.528 (progress_bar.py:269, print())
[2021-04-20 05:35:51]    INFO >> saved checkpoint /data/yanghe/ncc_data/codexglue/code_to_text/retrieval/data-mmap/ruby/conv1d_res/checkpoints/checkpoint_last.pt (epoch 48 @ 1152 updates, score 0.177528) (writing took 0.282325 seconds) (checkpoint_utils.py:81, save_checkpoint())
[2021-04-20 05:36:18]    INFO >> epoch 049 | loss 1.769 | mrr 0.670708 | sample_size 1000 | wps 822.9 | ups 0.82 | wpb 1000 | bsz 1000 | num_updates 1176 | lr 0.0005 | gnorm 6.023 | clip 100 | train_wall 24 | wall 1437 (progress_bar.py:269, print())
[2021-04-20 05:36:21]    INFO >> epoch 049 | valid on 'valid' subset | loss 7.483 | mrr 0.181224 | sample_size 1000 | wps 0 | wpb 1000 | bsz 1000 | num_updates 1176 | best_mrr 181.224 (progress_bar.py:269, print())
[2021-04-20 05:36:21]    INFO >> saved checkpoint /data/yanghe/ncc_data/codexglue/code_to_text/retrieval/data-mmap/ruby/conv1d_res/checkpoints/checkpoint_last.pt (epoch 49 @ 1176 updates, score 0.181224) (writing took 0.209471 seconds) (checkpoint_utils.py:81, save_checkpoint())
[2021-04-20 05:36:47]    INFO >> epoch 050 | loss 1.7 | mrr 0.68325 | sample_size 1000 | wps 803.1 | ups 0.8 | wpb 1000 | bsz 1000 | num_updates 1200 | lr 0.0005 | gnorm 6.081 | clip 100 | train_wall 24 | wall 1467 (progress_bar.py:269, print())
[2021-04-20 05:36:50]    INFO >> epoch 050 | valid on 'valid' subset | loss 7.494 | mrr 0.178229 | sample_size 1000 | wps 0 | wpb 1000 | bsz 1000 | num_updates 1200 | best_mrr 178.229 (progress_bar.py:269, print())
[2021-04-20 05:36:50]    INFO >> saved checkpoint /data/yanghe/ncc_data/codexglue/code_to_text/retrieval/data-mmap/ruby/conv1d_res/checkpoints/checkpoint_last.pt (epoch 50 @ 1200 updates, score 0.178229) (writing took 0.212262 seconds) (checkpoint_utils.py:81, save_checkpoint())
[2021-04-20 05:37:16]    INFO >> epoch 051 | loss 1.639 | mrr 0.694461 | sample_size 1000 | wps 827.1 | ups 0.83 | wpb 1000 | bsz 1000 | num_updates 1224 | lr 0.0005 | gnorm 6.226 | clip 100 | train_wall 23 | wall 1496 (progress_bar.py:269, print())
[2021-04-20 05:37:19]    INFO >> epoch 051 | valid on 'valid' subset | loss 7.64 | mrr 0.17723 | sample_size 1000 | wps 0 | wpb 1000 | bsz 1000 | num_updates 1224 | best_mrr 177.23 (progress_bar.py:269, print())
[2021-04-20 05:37:19]    INFO >> saved checkpoint /data/yanghe/ncc_data/codexglue/code_to_text/retrieval/data-mmap/ruby/conv1d_res/checkpoints/checkpoint_last.pt (epoch 51 @ 1224 updates, score 0.17723) (writing took 0.195355 seconds) (checkpoint_utils.py:81, save_checkpoint())
[2021-04-20 05:37:47]    INFO >> epoch 052 | loss 1.587 | mrr 0.704831 | sample_size 1000 | wps 795.2 | ups 0.8 | wpb 1000 | bsz 1000 | num_updates 1248 | lr 0.0005 | gnorm 5.936 | clip 100 | train_wall 24 | wall 1526 (progress_bar.py:269, print())
[2021-04-20 05:37:49]    INFO >> epoch 052 | valid on 'valid' subset | loss 7.649 | mrr 0.183766 | sample_size 1000 | wps 0 | wpb 1000 | bsz 1000 | num_updates 1248 | best_mrr 183.766 (progress_bar.py:269, print())
[2021-04-20 05:37:50]    INFO >> saved checkpoint /data/yanghe/ncc_data/codexglue/code_to_text/retrieval/data-mmap/ruby/conv1d_res/checkpoints/checkpoint_best.pt (epoch 52 @ 1248 updates, score 0.183766) (writing took 0.422985 seconds) (checkpoint_utils.py:81, save_checkpoint())
[2021-04-20 05:38:16]    INFO >> epoch 053 | loss 1.537 | mrr 0.716562 | sample_size 1000 | wps 816.3 | ups 0.82 | wpb 1000 | bsz 1000 | num_updates 1272 | lr 0.0005 | gnorm 5.842 | clip 100 | train_wall 24 | wall 1556 (progress_bar.py:269, print())
[2021-04-20 05:38:19]    INFO >> epoch 053 | valid on 'valid' subset | loss 7.748 | mrr 0.187591 | sample_size 1000 | wps 0 | wpb 1000 | bsz 1000 | num_updates 1272 | best_mrr 187.591 (progress_bar.py:269, print())
[2021-04-20 05:38:19]    INFO >> saved checkpoint /data/yanghe/ncc_data/codexglue/code_to_text/retrieval/data-mmap/ruby/conv1d_res/checkpoints/checkpoint_best.pt (epoch 53 @ 1272 updates, score 0.187591) (writing took 0.355717 seconds) (checkpoint_utils.py:81, save_checkpoint())
[2021-04-20 05:38:45]    INFO >> epoch 054 | loss 1.503 | mrr 0.72096 | sample_size 1000 | wps 822.1 | ups 0.82 | wpb 1000 | bsz 1000 | num_updates 1296 | lr 0.0005 | gnorm 5.468 | clip 100 | train_wall 24 | wall 1585 (progress_bar.py:269, print())
[2021-04-20 05:38:49]    INFO >> epoch 054 | valid on 'valid' subset | loss 7.748 | mrr 0.182028 | sample_size 1000 | wps 0 | wpb 1000 | bsz 1000 | num_updates 1296 | best_mrr 182.028 (progress_bar.py:269, print())
[2021-04-20 05:38:49]    INFO >> saved checkpoint /data/yanghe/ncc_data/codexglue/code_to_text/retrieval/data-mmap/ruby/conv1d_res/checkpoints/checkpoint_last.pt (epoch 54 @ 1296 updates, score 0.182028) (writing took 0.202902 seconds) (checkpoint_utils.py:81, save_checkpoint())
[2021-04-20 05:39:15]    INFO >> epoch 055 | loss 1.461 | mrr 0.730461 | sample_size 1000 | wps 800.8 | ups 0.8 | wpb 1000 | bsz 1000 | num_updates 1320 | lr 0.0005 | gnorm 5.781 | clip 100 | train_wall 24 | wall 1615 (progress_bar.py:269, print())
[2021-04-20 05:39:18]    INFO >> epoch 055 | valid on 'valid' subset | loss 7.837 | mrr 0.188757 | sample_size 1000 | wps 0 | wpb 1000 | bsz 1000 | num_updates 1320 | best_mrr 188.757 (progress_bar.py:269, print())
[2021-04-20 05:39:19]    INFO >> saved checkpoint /data/yanghe/ncc_data/codexglue/code_to_text/retrieval/data-mmap/ruby/conv1d_res/checkpoints/checkpoint_best.pt (epoch 55 @ 1320 updates, score 0.188757) (writing took 0.635279 seconds) (checkpoint_utils.py:81, save_checkpoint())
[2021-04-20 05:39:45]    INFO >> epoch 056 | loss 1.394 | mrr 0.741177 | sample_size 1000 | wps 815.1 | ups 0.82 | wpb 1000 | bsz 1000 | num_updates 1344 | lr 0.0005 | gnorm 6.905 | clip 100 | train_wall 24 | wall 1644 (progress_bar.py:269, print())
[2021-04-20 05:39:47]    INFO >> epoch 056 | valid on 'valid' subset | loss 7.87 | mrr 0.196607 | sample_size 1000 | wps 0 | wpb 1000 | bsz 1000 | num_updates 1344 | best_mrr 196.607 (progress_bar.py:269, print())
[2021-04-20 05:39:48]    INFO >> saved checkpoint /data/yanghe/ncc_data/codexglue/code_to_text/retrieval/data-mmap/ruby/conv1d_res/checkpoints/checkpoint_best.pt (epoch 56 @ 1344 updates, score 0.196607) (writing took 0.412370 seconds) (checkpoint_utils.py:81, save_checkpoint())
[2021-04-20 05:40:15]    INFO >> epoch 057 | loss 1.338 | mrr 0.752385 | sample_size 1000 | wps 794.3 | ups 0.79 | wpb 1000 | bsz 1000 | num_updates 1368 | lr 0.0005 | gnorm 5.757 | clip 100 | train_wall 24 | wall 1674 (progress_bar.py:269, print())
[2021-04-20 05:40:18]    INFO >> epoch 057 | valid on 'valid' subset | loss 8.078 | mrr 0.195063 | sample_size 1000 | wps 0 | wpb 1000 | bsz 1000 | num_updates 1368 | best_mrr 195.063 (progress_bar.py:269, print())
[2021-04-20 05:40:18]    INFO >> saved checkpoint /data/yanghe/ncc_data/codexglue/code_to_text/retrieval/data-mmap/ruby/conv1d_res/checkpoints/checkpoint_last.pt (epoch 57 @ 1368 updates, score 0.195063) (writing took 0.195098 seconds) (checkpoint_utils.py:81, save_checkpoint())
[2021-04-20 05:40:44]    INFO >> epoch 058 | loss 1.309 | mrr 0.757815 | sample_size 1000 | wps 824.7 | ups 0.82 | wpb 1000 | bsz 1000 | num_updates 1392 | lr 0.0005 | gnorm 5.878 | clip 100 | train_wall 24 | wall 1704 (progress_bar.py:269, print())
[2021-04-20 05:40:47]    INFO >> epoch 058 | valid on 'valid' subset | loss 8.04 | mrr 0.194083 | sample_size 1000 | wps 0 | wpb 1000 | bsz 1000 | num_updates 1392 | best_mrr 194.083 (progress_bar.py:269, print())
[2021-04-20 05:40:47]    INFO >> saved checkpoint /data/yanghe/ncc_data/codexglue/code_to_text/retrieval/data-mmap/ruby/conv1d_res/checkpoints/checkpoint_last.pt (epoch 58 @ 1392 updates, score 0.194083) (writing took 0.203823 seconds) (checkpoint_utils.py:81, save_checkpoint())
[2021-04-20 05:41:13]    INFO >> epoch 059 | loss 1.263 | mrr 0.766729 | sample_size 1000 | wps 824.8 | ups 0.82 | wpb 1000 | bsz 1000 | num_updates 1416 | lr 0.0005 | gnorm 4.979 | clip 100 | train_wall 24 | wall 1733 (progress_bar.py:269, print())
[2021-04-20 05:41:17]    INFO >> epoch 059 | valid on 'valid' subset | loss 8.099 | mrr 0.195126 | sample_size 1000 | wps 0 | wpb 1000 | bsz 1000 | num_updates 1416 | best_mrr 195.126 (progress_bar.py:269, print())
[2021-04-20 05:41:17]    INFO >> saved checkpoint /data/yanghe/ncc_data/codexglue/code_to_text/retrieval/data-mmap/ruby/conv1d_res/checkpoints/checkpoint_last.pt (epoch 59 @ 1416 updates, score 0.195126) (writing took 0.190102 seconds) (checkpoint_utils.py:81, save_checkpoint())
[2021-04-20 05:41:42]    INFO >> epoch 060 | loss 1.238 | mrr 0.770856 | sample_size 1000 | wps 825.3 | ups 0.83 | wpb 1000 | bsz 1000 | num_updates 1440 | lr 0.0005 | gnorm 5.841 | clip 100 | train_wall 22 | wall 1762 (progress_bar.py:269, print())
[2021-04-20 05:41:45]    INFO >> epoch 060 | valid on 'valid' subset | loss 8.286 | mrr 0.198567 | sample_size 1000 | wps 0 | wpb 1000 | bsz 1000 | num_updates 1440 | best_mrr 198.567 (progress_bar.py:269, print())
[2021-04-20 05:41:45]    INFO >> saved checkpoint /data/yanghe/ncc_data/codexglue/code_to_text/retrieval/data-mmap/ruby/conv1d_res/checkpoints/checkpoint_best.pt (epoch 60 @ 1440 updates, score 0.198567) (writing took 0.517257 seconds) (checkpoint_utils.py:81, save_checkpoint())
[2021-04-20 05:42:11]    INFO >> epoch 061 | loss 1.175 | mrr 0.782566 | sample_size 1000 | wps 820.9 | ups 0.82 | wpb 1000 | bsz 1000 | num_updates 1464 | lr 0.0005 | gnorm 5.599 | clip 100 | train_wall 24 | wall 1791 (progress_bar.py:269, print())
[2021-04-20 05:42:14]    INFO >> epoch 061 | valid on 'valid' subset | loss 8.371 | mrr 0.192244 | sample_size 1000 | wps 0 | wpb 1000 | bsz 1000 | num_updates 1464 | best_mrr 192.244 (progress_bar.py:269, print())
[2021-04-20 05:42:14]    INFO >> saved checkpoint /data/yanghe/ncc_data/codexglue/code_to_text/retrieval/data-mmap/ruby/conv1d_res/checkpoints/checkpoint_last.pt (epoch 61 @ 1464 updates, score 0.192244) (writing took 0.321330 seconds) (checkpoint_utils.py:81, save_checkpoint())
[2021-04-20 05:42:41]    INFO >> epoch 062 | loss 1.127 | mrr 0.789395 | sample_size 1000 | wps 807.1 | ups 0.81 | wpb 1000 | bsz 1000 | num_updates 1488 | lr 0.0005 | gnorm 5.65 | clip 100 | train_wall 23 | wall 1821 (progress_bar.py:269, print())
[2021-04-20 05:42:44]    INFO >> epoch 062 | valid on 'valid' subset | loss 8.471 | mrr 0.191426 | sample_size 1000 | wps 0 | wpb 1000 | bsz 1000 | num_updates 1488 | best_mrr 191.426 (progress_bar.py:269, print())
[2021-04-20 05:42:44]    INFO >> saved checkpoint /data/yanghe/ncc_data/codexglue/code_to_text/retrieval/data-mmap/ruby/conv1d_res/checkpoints/checkpoint_last.pt (epoch 62 @ 1488 updates, score 0.191426) (writing took 0.251797 seconds) (checkpoint_utils.py:81, save_checkpoint())
[2021-04-20 05:42:58]    INFO >> epoch 063:     12 / 25 loss=1.602, mrr=702.667, sample_size=1000, wps=818.8, ups=0.82, wpb=1000, bsz=1000, num_updates=1500, lr=0.0005, gnorm=5.8, clip=100, train_wall=484, wall=1837 (progress_bar.py:262, log())
[2021-04-20 05:43:10]    INFO >> epoch 063 | loss 1.114 | mrr 0.794233 | sample_size 1000 | wps 832.5 | ups 0.83 | wpb 1000 | bsz 1000 | num_updates 1512 | lr 0.0005 | gnorm 5.627 | clip 100 | train_wall 23 | wall 1850 (progress_bar.py:269, print())
[2021-04-20 05:43:13]    INFO >> epoch 063 | valid on 'valid' subset | loss 8.585 | mrr 0.193328 | sample_size 1000 | wps 0 | wpb 1000 | bsz 1000 | num_updates 1512 | best_mrr 193.328 (progress_bar.py:269, print())
[2021-04-20 05:43:13]    INFO >> saved checkpoint /data/yanghe/ncc_data/codexglue/code_to_text/retrieval/data-mmap/ruby/conv1d_res/checkpoints/checkpoint_last.pt (epoch 63 @ 1512 updates, score 0.193328) (writing took 0.196392 seconds) (checkpoint_utils.py:81, save_checkpoint())
[2021-04-20 05:43:39]    INFO >> epoch 064 | loss 1.056 | mrr 0.80541 | sample_size 1000 | wps 821.9 | ups 0.82 | wpb 1000 | bsz 1000 | num_updates 1536 | lr 0.0005 | gnorm 5.892 | clip 100 | train_wall 24 | wall 1879 (progress_bar.py:269, print())
[2021-04-20 05:43:43]    INFO >> epoch 064 | valid on 'valid' subset | loss 8.443 | mrr 0.203089 | sample_size 1000 | wps 0 | wpb 1000 | bsz 1000 | num_updates 1536 | best_mrr 203.089 (progress_bar.py:269, print())
[2021-04-20 05:43:43]    INFO >> saved checkpoint /data/yanghe/ncc_data/codexglue/code_to_text/retrieval/data-mmap/ruby/conv1d_res/checkpoints/checkpoint_best.pt (epoch 64 @ 1536 updates, score 0.203089) (writing took 0.409471 seconds) (checkpoint_utils.py:81, save_checkpoint())
[2021-04-20 05:44:09]    INFO >> epoch 065 | loss 1.022 | mrr 0.810976 | sample_size 1000 | wps 797.5 | ups 0.8 | wpb 1000 | bsz 1000 | num_updates 1560 | lr 0.0005 | gnorm 5.348 | clip 100 | train_wall 24 | wall 1909 (progress_bar.py:269, print())
[2021-04-20 05:44:12]    INFO >> epoch 065 | valid on 'valid' subset | loss 8.585 | mrr 0.202405 | sample_size 1000 | wps 0 | wpb 1000 | bsz 1000 | num_updates 1560 | best_mrr 202.405 (progress_bar.py:269, print())
[2021-04-20 05:44:12]    INFO >> saved checkpoint /data/yanghe/ncc_data/codexglue/code_to_text/retrieval/data-mmap/ruby/conv1d_res/checkpoints/checkpoint_last.pt (epoch 65 @ 1560 updates, score 0.202405) (writing took 0.232057 seconds) (checkpoint_utils.py:81, save_checkpoint())
[2021-04-20 05:44:39]    INFO >> epoch 066 | loss 1.009 | mrr 0.813474 | sample_size 1000 | wps 812.1 | ups 0.81 | wpb 1000 | bsz 1000 | num_updates 1584 | lr 0.0005 | gnorm 5.668 | clip 100 | train_wall 24 | wall 1938 (progress_bar.py:269, print())
[2021-04-20 05:44:42]    INFO >> epoch 066 | valid on 'valid' subset | loss 8.743 | mrr 0.199668 | sample_size 1000 | wps 0 | wpb 1000 | bsz 1000 | num_updates 1584 | best_mrr 199.668 (progress_bar.py:269, print())
[2021-04-20 05:44:42]    INFO >> saved checkpoint /data/yanghe/ncc_data/codexglue/code_to_text/retrieval/data-mmap/ruby/conv1d_res/checkpoints/checkpoint_last.pt (epoch 66 @ 1584 updates, score 0.199668) (writing took 0.275811 seconds) (checkpoint_utils.py:81, save_checkpoint())
[2021-04-20 05:45:09]    INFO >> epoch 067 | loss 0.976 | mrr 0.818753 | sample_size 1000 | wps 789.7 | ups 0.79 | wpb 1000 | bsz 1000 | num_updates 1608 | lr 0.0005 | gnorm 5.779 | clip 100 | train_wall 24 | wall 1969 (progress_bar.py:269, print())
[2021-04-20 05:45:12]    INFO >> epoch 067 | valid on 'valid' subset | loss 8.669 | mrr 0.205918 | sample_size 1000 | wps 0 | wpb 1000 | bsz 1000 | num_updates 1608 | best_mrr 205.918 (progress_bar.py:269, print())
[2021-04-20 05:45:13]    INFO >> saved checkpoint /data/yanghe/ncc_data/codexglue/code_to_text/retrieval/data-mmap/ruby/conv1d_res/checkpoints/checkpoint_best.pt (epoch 67 @ 1608 updates, score 0.205918) (writing took 0.353017 seconds) (checkpoint_utils.py:81, save_checkpoint())
[2021-04-20 05:45:39]    INFO >> epoch 068 | loss 0.935 | mrr 0.827133 | sample_size 1000 | wps 807.5 | ups 0.81 | wpb 1000 | bsz 1000 | num_updates 1632 | lr 0.0005 | gnorm 5.585 | clip 100 | train_wall 24 | wall 1999 (progress_bar.py:269, print())
[2021-04-20 05:45:42]    INFO >> epoch 068 | valid on 'valid' subset | loss 8.874 | mrr 0.203558 | sample_size 1000 | wps 0 | wpb 1000 | bsz 1000 | num_updates 1632 | best_mrr 203.558 (progress_bar.py:269, print())
[2021-04-20 05:45:42]    INFO >> saved checkpoint /data/yanghe/ncc_data/codexglue/code_to_text/retrieval/data-mmap/ruby/conv1d_res/checkpoints/checkpoint_last.pt (epoch 68 @ 1632 updates, score 0.203558) (writing took 0.277269 seconds) (checkpoint_utils.py:81, save_checkpoint())
[2021-04-20 05:46:08]    INFO >> epoch 069 | loss 0.918 | mrr 0.83001 | sample_size 1000 | wps 824.5 | ups 0.82 | wpb 1000 | bsz 1000 | num_updates 1656 | lr 0.0005 | gnorm 5.791 | clip 100 | train_wall 24 | wall 2028 (progress_bar.py:269, print())
[2021-04-20 05:46:12]    INFO >> epoch 069 | valid on 'valid' subset | loss 9.088 | mrr 0.199014 | sample_size 1000 | wps 0 | wpb 1000 | bsz 1000 | num_updates 1656 | best_mrr 199.014 (progress_bar.py:269, print())
[2021-04-20 05:46:13]    INFO >> saved checkpoint /data/yanghe/ncc_data/codexglue/code_to_text/retrieval/data-mmap/ruby/conv1d_res/checkpoints/checkpoint_last.pt (epoch 69 @ 1656 updates, score 0.199014) (writing took 0.224187 seconds) (checkpoint_utils.py:81, save_checkpoint())
[2021-04-20 05:46:39]    INFO >> epoch 070 | loss 0.878 | mrr 0.837468 | sample_size 1000 | wps 781.7 | ups 0.78 | wpb 1000 | bsz 1000 | num_updates 1680 | lr 0.0005 | gnorm 4.969 | clip 100 | train_wall 23 | wall 2058 (progress_bar.py:269, print())
[2021-04-20 05:46:42]    INFO >> epoch 070 | valid on 'valid' subset | loss 9.163 | mrr 0.197639 | sample_size 1000 | wps 0 | wpb 1000 | bsz 1000 | num_updates 1680 | best_mrr 197.639 (progress_bar.py:269, print())
[2021-04-20 05:46:42]    INFO >> saved checkpoint /data/yanghe/ncc_data/codexglue/code_to_text/retrieval/data-mmap/ruby/conv1d_res/checkpoints/checkpoint_last.pt (epoch 70 @ 1680 updates, score 0.197639) (writing took 0.184957 seconds) (checkpoint_utils.py:81, save_checkpoint())
[2021-04-20 05:47:06]    INFO >> epoch 071 | loss 0.861 | mrr 0.840607 | sample_size 1000 | wps 869.7 | ups 0.87 | wpb 1000 | bsz 1000 | num_updates 1704 | lr 0.0005 | gnorm 5.166 | clip 100 | train_wall 22 | wall 2086 (progress_bar.py:269, print())
[2021-04-20 05:47:09]    INFO >> epoch 071 | valid on 'valid' subset | loss 9.047 | mrr 0.208423 | sample_size 1000 | wps 0 | wpb 1000 | bsz 1000 | num_updates 1704 | best_mrr 208.423 (progress_bar.py:269, print())
[2021-04-20 05:47:10]    INFO >> saved checkpoint /data/yanghe/ncc_data/codexglue/code_to_text/retrieval/data-mmap/ruby/conv1d_res/checkpoints/checkpoint_best.pt (epoch 71 @ 1704 updates, score 0.208423) (writing took 0.561641 seconds) (checkpoint_utils.py:81, save_checkpoint())
[2021-04-20 05:47:37]    INFO >> epoch 072 | loss 0.818 | mrr 0.849085 | sample_size 1000 | wps 787.8 | ups 0.79 | wpb 1000 | bsz 1000 | num_updates 1728 | lr 0.0005 | gnorm 5.538 | clip 100 | train_wall 24 | wall 2116 (progress_bar.py:269, print())
[2021-04-20 05:47:40]    INFO >> epoch 072 | valid on 'valid' subset | loss 9.109 | mrr 0.203223 | sample_size 1000 | wps 0 | wpb 1000 | bsz 1000 | num_updates 1728 | best_mrr 203.223 (progress_bar.py:269, print())
[2021-04-20 05:47:40]    INFO >> saved checkpoint /data/yanghe/ncc_data/codexglue/code_to_text/retrieval/data-mmap/ruby/conv1d_res/checkpoints/checkpoint_last.pt (epoch 72 @ 1728 updates, score 0.203223) (writing took 0.209358 seconds) (checkpoint_utils.py:81, save_checkpoint())
[2021-04-20 05:48:06]    INFO >> epoch 073 | loss 0.79 | mrr 0.855039 | sample_size 1000 | wps 832.7 | ups 0.83 | wpb 1000 | bsz 1000 | num_updates 1752 | lr 0.0005 | gnorm 5.356 | clip 100 | train_wall 23 | wall 2145 (progress_bar.py:269, print())
[2021-04-20 05:48:09]    INFO >> epoch 073 | valid on 'valid' subset | loss 9.221 | mrr 0.204368 | sample_size 1000 | wps 0 | wpb 1000 | bsz 1000 | num_updates 1752 | best_mrr 204.368 (progress_bar.py:269, print())
[2021-04-20 05:48:09]    INFO >> saved checkpoint /data/yanghe/ncc_data/codexglue/code_to_text/retrieval/data-mmap/ruby/conv1d_res/checkpoints/checkpoint_last.pt (epoch 73 @ 1752 updates, score 0.204368) (writing took 0.207342 seconds) (checkpoint_utils.py:81, save_checkpoint())
[2021-04-20 05:48:35]    INFO >> epoch 074 | loss 0.768 | mrr 0.857827 | sample_size 1000 | wps 818.8 | ups 0.82 | wpb 1000 | bsz 1000 | num_updates 1776 | lr 0.0005 | gnorm 5.328 | clip 100 | train_wall 23 | wall 2175 (progress_bar.py:269, print())
[2021-04-20 05:48:38]    INFO >> epoch 074 | valid on 'valid' subset | loss 9.592 | mrr 0.202584 | sample_size 1000 | wps 0 | wpb 1000 | bsz 1000 | num_updates 1776 | best_mrr 202.584 (progress_bar.py:269, print())
[2021-04-20 05:48:38]    INFO >> saved checkpoint /data/yanghe/ncc_data/codexglue/code_to_text/retrieval/data-mmap/ruby/conv1d_res/checkpoints/checkpoint_last.pt (epoch 74 @ 1776 updates, score 0.202584) (writing took 0.247451 seconds) (checkpoint_utils.py:81, save_checkpoint())
[2021-04-20 05:49:04]    INFO >> epoch 075 | loss 0.748 | mrr 0.862456 | sample_size 1000 | wps 825.5 | ups 0.83 | wpb 1000 | bsz 1000 | num_updates 1800 | lr 0.0005 | gnorm 5.363 | clip 100 | train_wall 24 | wall 2204 (progress_bar.py:269, print())
[2021-04-20 05:49:07]    INFO >> epoch 075 | valid on 'valid' subset | loss 9.427 | mrr 0.202997 | sample_size 1000 | wps 0 | wpb 1000 | bsz 1000 | num_updates 1800 | best_mrr 202.997 (progress_bar.py:269, print())
[2021-04-20 05:49:07]    INFO >> saved checkpoint /data/yanghe/ncc_data/codexglue/code_to_text/retrieval/data-mmap/ruby/conv1d_res/checkpoints/checkpoint_last.pt (epoch 75 @ 1800 updates, score 0.202997) (writing took 0.198114 seconds) (checkpoint_utils.py:81, save_checkpoint())
[2021-04-20 05:49:33]    INFO >> epoch 076 | loss 0.723 | mrr 0.867073 | sample_size 1000 | wps 819.8 | ups 0.82 | wpb 1000 | bsz 1000 | num_updates 1824 | lr 0.0005 | gnorm 5.7 | clip 100 | train_wall 24 | wall 2233 (progress_bar.py:269, print())
[2021-04-20 05:49:37]    INFO >> epoch 076 | valid on 'valid' subset | loss 9.666 | mrr 0.202253 | sample_size 1000 | wps 0 | wpb 1000 | bsz 1000 | num_updates 1824 | best_mrr 202.253 (progress_bar.py:269, print())
[2021-04-20 05:49:37]    INFO >> saved checkpoint /data/yanghe/ncc_data/codexglue/code_to_text/retrieval/data-mmap/ruby/conv1d_res/checkpoints/checkpoint_last.pt (epoch 76 @ 1824 updates, score 0.202253) (writing took 0.245443 seconds) (checkpoint_utils.py:81, save_checkpoint())
[2021-04-20 05:50:04]    INFO >> epoch 077 | loss 0.698 | mrr 0.871237 | sample_size 1000 | wps 799.3 | ups 0.8 | wpb 1000 | bsz 1000 | num_updates 1848 | lr 0.0005 | gnorm 5.151 | clip 100 | train_wall 24 | wall 2263 (progress_bar.py:269, print())
[2021-04-20 05:50:06]    INFO >> epoch 077 | valid on 'valid' subset | loss 9.657 | mrr 0.20184 | sample_size 1000 | wps 0 | wpb 1000 | bsz 1000 | num_updates 1848 | best_mrr 201.84 (progress_bar.py:269, print())
[2021-04-20 05:50:07]    INFO >> saved checkpoint /data/yanghe/ncc_data/codexglue/code_to_text/retrieval/data-mmap/ruby/conv1d_res/checkpoints/checkpoint_last.pt (epoch 77 @ 1848 updates, score 0.20184) (writing took 0.194755 seconds) (checkpoint_utils.py:81, save_checkpoint())
[2021-04-20 05:50:33]    INFO >> epoch 078 | loss 0.679 | mrr 0.875793 | sample_size 1000 | wps 823.2 | ups 0.82 | wpb 1000 | bsz 1000 | num_updates 1872 | lr 0.0005 | gnorm 4.958 | clip 100 | train_wall 24 | wall 2292 (progress_bar.py:269, print())
[2021-04-20 05:50:35]    INFO >> epoch 078 | valid on 'valid' subset | loss 9.708 | mrr 0.204415 | sample_size 1000 | wps 0 | wpb 1000 | bsz 1000 | num_updates 1872 | best_mrr 204.415 (progress_bar.py:269, print())
[2021-04-20 05:50:36]    INFO >> saved checkpoint /data/yanghe/ncc_data/codexglue/code_to_text/retrieval/data-mmap/ruby/conv1d_res/checkpoints/checkpoint_last.pt (epoch 78 @ 1872 updates, score 0.204415) (writing took 0.233186 seconds) (checkpoint_utils.py:81, save_checkpoint())
[2021-04-20 05:51:03]    INFO >> epoch 079 | loss 0.657 | mrr 0.878775 | sample_size 1000 | wps 800.5 | ups 0.8 | wpb 1000 | bsz 1000 | num_updates 1896 | lr 0.0005 | gnorm 5.331 | clip 100 | train_wall 24 | wall 2322 (progress_bar.py:269, print())
[2021-04-20 05:51:05]    INFO >> epoch 079 | valid on 'valid' subset | loss 9.695 | mrr 0.201626 | sample_size 1000 | wps 0 | wpb 1000 | bsz 1000 | num_updates 1896 | best_mrr 201.626 (progress_bar.py:269, print())
[2021-04-20 05:51:06]    INFO >> saved checkpoint /data/yanghe/ncc_data/codexglue/code_to_text/retrieval/data-mmap/ruby/conv1d_res/checkpoints/checkpoint_last.pt (epoch 79 @ 1896 updates, score 0.201626) (writing took 0.263915 seconds) (checkpoint_utils.py:81, save_checkpoint())
[2021-04-20 05:51:32]    INFO >> epoch 080 | loss 0.629 | mrr 0.884421 | sample_size 1000 | wps 824.6 | ups 0.82 | wpb 1000 | bsz 1000 | num_updates 1920 | lr 0.0005 | gnorm 5.395 | clip 100 | train_wall 23 | wall 2351 (progress_bar.py:269, print())
[2021-04-20 05:51:35]    INFO >> epoch 080 | valid on 'valid' subset | loss 9.83 | mrr 0.201314 | sample_size 1000 | wps 0 | wpb 1000 | bsz 1000 | num_updates 1920 | best_mrr 201.314 (progress_bar.py:269, print())
[2021-04-20 05:51:35]    INFO >> saved checkpoint /data/yanghe/ncc_data/codexglue/code_to_text/retrieval/data-mmap/ruby/conv1d_res/checkpoints/checkpoint_last.pt (epoch 80 @ 1920 updates, score 0.201314) (writing took 0.220684 seconds) (checkpoint_utils.py:81, save_checkpoint())
[2021-04-20 05:52:01]    INFO >> epoch 081 | loss 0.603 | mrr 0.889101 | sample_size 1000 | wps 819.2 | ups 0.82 | wpb 1000 | bsz 1000 | num_updates 1944 | lr 0.0005 | gnorm 4.994 | clip 100 | train_wall 24 | wall 2381 (progress_bar.py:269, print())
[2021-04-20 05:52:05]    INFO >> epoch 081 | valid on 'valid' subset | loss 9.94 | mrr 0.207166 | sample_size 1000 | wps 0 | wpb 1000 | bsz 1000 | num_updates 1944 | best_mrr 207.166 (progress_bar.py:269, print())
[2021-04-20 05:52:05]    INFO >> saved checkpoint /data/yanghe/ncc_data/codexglue/code_to_text/retrieval/data-mmap/ruby/conv1d_res/checkpoints/checkpoint_last.pt (epoch 81 @ 1944 updates, score 0.207166) (writing took 0.219102 seconds) (checkpoint_utils.py:81, save_checkpoint())
[2021-04-20 05:52:05]    INFO >> early stop since valid performance hasn't improved for last 10 runs (train.py:191, should_stop_early())
[2021-04-20 05:52:05]    INFO >> early stop since valid performance hasn't improved for last 10 runs (train.py:272, single_main())
[2021-04-20 05:52:05]    INFO >> done training in 2384.7 seconds (train.py:283, single_main())
