nohup: 忽略输入
[2021-04-20 04:28:35]    INFO >> Load arguments in /home/yanghe/Documents/naturalcc-dev/run/retrieval/birnn/config/csn_feng/php.yml (train.py:302, cli_main())
[2021-04-20 04:28:35]    INFO >> {'criterion': 'retrieval_softmax', 'optimizer': 'torch_adam', 'lr_scheduler': 'fixed', 'tokenizer': None, 'bpe': None, 'common': {'no_progress_bar': 0, 'log_interval': 500, 'log_format': 'simple', 'tensorboard_logdir': '', 'seed': 0, 'cpu': 0, 'fp16': 0, 'memory_efficient_fp16': 0, 'fp16_no_flatten_grads': 0, 'fp16_init_scale': 128, 'fp16_scale_window': None, 'fp16_scale_tolerance': 0.0, 'min_loss_scale': 0.0001, 'threshold_loss_scale': None, 'user_dir': None, 'empty_cache_freq': 0, 'all_gather_list_size': 16384, 'task': 'hybrid_retrieval'}, 'dataset': {'num_workers': 1, 'skip_invalid_size_inputs_valid_test': 0, 'max_tokens': None, 'max_sentences': 1000, 'code_max_tokens': 200, 'query_max_tokens': 30, 'required_batch_size_multiple': 8, 'dataset_impl': 'mmap', 'train_subset': 'train', 'valid_subset': 'valid', 'validate_interval': 1, 'fixed_validation_seed': None, 'disable_validation': None, 'max_tokens_valid': None, 'max_sentences_valid': 1000, 'curriculum': 0, 'gen_subset': 'test', 'num_shards': 1, 'shard_id': 0, 'joined_dictionary': 0, 'langs': ['php']}, 'distributed_training': {'distributed_world_size': 1, 'distributed_rank': 0, 'distributed_backend': 'nccl', 'distributed_init_method': None, 'distributed_port': -1, 'device_id': 0, 'distributed_no_spawn': 0, 'ddp_backend': 'c10d', 'bucket_cap_mb': 25, 'fix_batches_to_gpus': None, 'find_unused_parameters': 0, 'fast_stat_sync': 0, 'broadcast_buffers': 0, 'global_sync_iter': 50, 'warmup_iterations': 500, 'local_rank': -1, 'block_momentum': 0.875, 'block_lr': 1, 'use_nbm': 0, 'average_sync': 0}, 'task': {'data': '/data/yanghe/ncc_data/codexglue/code_to_text/retrieval/data-mmap/all', 'sample_break_mode': 'complete', 'tokens_per_sample': 512, 'mask_prob': 0.15, 'leave_unmasked_prob': 0.1, 'random_token_prob': 0.1, 'freq_weighted_replacement': 0, 'mask_whole_words': 0, 'pooler_activation_fn': 'tanh', 'source_lang': 'code_tokens', 'target_lang': 'docstring_tokens', 'source_aux_lang': 'code_tokens.wo_func', 'target_aux_lang': 'func_name', 'fraction_using_func_name': 0.3, 'load_alignments': 0, 'left_pad_source': 1, 'left_pad_target': 0, 'upsample_primary': 1, 'truncate_source': 0, 'eval_mrr': 1}, 'model': {'arch': 'birnn', 'code_embed_dim': 128, 'code_doprout': 0.1, 'code_rnn_cell': 'lstm', 'code_rnn_layers': 2, 'code_hidden_dim': 64, 'code_rnn_dropout': 0.2, 'code_rnn_bidirectional': True, 'code_pooling': 'weighted_mean', 'code_activation_fn': 'tanh', 'code_paddding': 'same', 'query_embed_dim': 128, 'query_doprout': 0.1, 'query_rnn_cell': 'lstm', 'query_rnn_layers': 2, 'query_hidden_dim': 64, 'query_rnn_dropout': 0.2, 'query_rnn_bidirectional': True, 'query_pooling': 'weighted_mean', 'query_activation_fn': 'tanh', 'query_paddding': 'same', 'dropout': 0.1}, 'optimization': {'max_epoch': 300, 'max_update': 0, 'clip_norm': 1, 'sentence_avg': 0, 'update_freq': [1], 'lrs': [0.01], 'min_lr': -1, 'use_bmuf': 0, 'lr_shrink': 1.0, 'force_anneal': 0, 'warmup_updates': 0, 'end_learning_rate': 0.0, 'power': 1.0, 'total_num_update': 1000000, 'adam': {'adam_betas': '(0.9, 0.999)', 'adam_eps': 1e-08, 'weight_decay': 0, 'use_old_adam': 1}, 'margin': 1, 'clip_norm_version': 'tf_clip_by_global_norm'}, 'checkpoint': {'save_dir': '/data/yanghe/ncc_data/codexglue/code_to_text/retrieval/data-mmap/php/birnn/checkpoints', 'restore_file': 'checkpoint_last.pt', 'reset_dataloader': None, 'reset_lr_scheduler': None, 'reset_meters': None, 'reset_optimizer': None, 'optimizer_overrides': '{}', 'save_interval': 1, 'save_interval_updates': 0, 'keep_interval_updates': 0, 'keep_last_epochs': -1, 'keep_best_checkpoints': -1, 'no_save': 0, 'no_epoch_checkpoints': 1, 'no_last_checkpoints': 0, 'no_save_optimizer_state': None, 'best_checkpoint_metric': 'mrr', 'maximize_best_checkpoint_metric': 1, 'patience': 10}, 'eval': {'path': '/data/yanghe/ncc_data/codexglue/code_to_text/retrieval/data-mmap/php/birnn/checkpoints/checkpoint_best.pt', 'quiet': 1, 'max_sentences': 1000, 'model_overrides': '{}', 'eval_size': 1000}} (train.py:304, cli_main())
[2021-04-20 04:28:35]    INFO >> single GPU training... (train.py:333, cli_main())
[2021-04-20 04:28:35]    INFO >> loaded 12982 examples from: ['/data/yanghe/ncc_data/codexglue/code_to_text/retrieval/data-mmap/all/valid.php.code_tokens'] (hybrid_retrieval.py:54, load_tokens_dataset())
[2021-04-20 04:28:35]    INFO >> loaded 12982 examples from: ['/data/yanghe/ncc_data/codexglue/code_to_text/retrieval/data-mmap/all/valid.php.docstring_tokens'] (hybrid_retrieval.py:55, load_tokens_dataset())
[2021-04-20 04:28:35]    INFO >> BiRNN(
  (src_encoders): ModuleDict(
    (php): RNNEncoder(
      (embed): Embedding(10000, 128)
      (weight_layer): Linear(in_features=128, out_features=1, bias=False)
      (rnn): LSTM(128, 64, num_layers=2, batch_first=True, dropout=0.2, bidirectional=True)
    )
  )
  (tgt_encoders): RNNEncoder(
    (embed): Embedding(10000, 128)
    (weight_layer): Linear(in_features=128, out_features=1, bias=False)
    (rnn): LSTM(128, 64, num_layers=2, batch_first=True, dropout=0.2, bidirectional=True)
  )
) (train.py:223, single_main())
[2021-04-20 04:28:35]    INFO >> model birnn, criterion SearchSoftmaxCriterion (train.py:224, single_main())
[2021-04-20 04:28:35]    INFO >> num. model params: 2957568 (num. trained: 2957568) (train.py:227, single_main())
[2021-04-20 04:28:42]    INFO >> training on 1 GPUs (train.py:233, single_main())
[2021-04-20 04:28:42]    INFO >> max tokens per GPU = None and max sentences per GPU = 1000 (train.py:236, single_main())
[2021-04-20 04:28:42]    INFO >> no existing checkpoint found /data/yanghe/ncc_data/codexglue/code_to_text/retrieval/data-mmap/php/birnn/checkpoints/checkpoint_last.pt (ncc_trainers.py:270, load_checkpoint())
[2021-04-20 04:28:42]    INFO >> loading train data for epoch 1 (ncc_trainers.py:285, get_train_iterator())
[2021-04-20 04:28:42]    INFO >> loaded 241241 examples from: ['/data/yanghe/ncc_data/codexglue/code_to_text/retrieval/data-mmap/all/train.php.code_tokens'] (hybrid_retrieval.py:54, load_tokens_dataset())
[2021-04-20 04:28:42]    INFO >> loaded 241241 examples from: ['/data/yanghe/ncc_data/codexglue/code_to_text/retrieval/data-mmap/all/train.php.docstring_tokens'] (hybrid_retrieval.py:55, load_tokens_dataset())
[2021-04-20 04:28:42]    INFO >> loaded 241241 examples from: ['/data/yanghe/ncc_data/codexglue/code_to_text/retrieval/data-mmap/all/train.php.code_tokens.wo_func'] (hybrid_retrieval.py:67, load_tokens_dataset())
[2021-04-20 04:28:42]    INFO >> loaded 241241 examples from: ['/data/yanghe/ncc_data/codexglue/code_to_text/retrieval/data-mmap/all/train.php.func_name'] (hybrid_retrieval.py:81, load_tokens_dataset())
[2021-04-20 04:28:42]    INFO >> NOTE: your device may support faster training with fp16 (ncc_trainers.py:155, _setup_optimizer())
[2021-04-20 04:34:06]    INFO >> epoch 001 | loss 5.024 | mrr 0.203611 | sample_size 1000 | wps 749.4 | ups 0.75 | wpb 1000 | bsz 1000 | num_updates 241 | lr 0.01 | gnorm 0.286 | clip 0 | train_wall 320 | wall 324 (progress_bar.py:269, print())
[2021-04-20 04:34:11]    INFO >> epoch 001 | valid on 'valid' subset | loss 3.854 | mrr 0.375456 | sample_size 1000 | wps 4424.9 | wpb 1000 | bsz 1000 | num_updates 241 (progress_bar.py:269, print())
[2021-04-20 04:34:11]    INFO >> saved checkpoint /data/yanghe/ncc_data/codexglue/code_to_text/retrieval/data-mmap/php/birnn/checkpoints/checkpoint_best.pt (epoch 1 @ 241 updates, score 0.375456) (writing took 0.272756 seconds) (checkpoint_utils.py:81, save_checkpoint())
[2021-04-20 04:39:36]    INFO >> epoch 002 | loss 2.35 | mrr 0.607313 | sample_size 1000 | wps 729.7 | ups 0.73 | wpb 1000 | bsz 1000 | num_updates 482 | lr 0.01 | gnorm 0.249 | clip 0 | train_wall 322 | wall 654 (progress_bar.py:269, print())
[2021-04-20 04:39:41]    INFO >> epoch 002 | valid on 'valid' subset | loss 2.649 | mrr 0.55683 | sample_size 1000 | wps 4561.8 | wpb 1000 | bsz 1000 | num_updates 482 | best_mrr 556.83 (progress_bar.py:269, print())
[2021-04-20 04:39:42]    INFO >> saved checkpoint /data/yanghe/ncc_data/codexglue/code_to_text/retrieval/data-mmap/php/birnn/checkpoints/checkpoint_best.pt (epoch 2 @ 482 updates, score 0.55683) (writing took 0.407735 seconds) (checkpoint_utils.py:81, save_checkpoint())
[2021-04-20 04:40:07]    INFO >> epoch 003:     18 / 242 loss=3.618, mrr=416.195, sample_size=1000, wps=732.6, ups=0.73, wpb=1000, bsz=1000, num_updates=500, lr=0.01, gnorm=0.266, clip=0, train_wall=665, wall=685 (progress_bar.py:262, log())
[2021-04-20 04:45:08]    INFO >> epoch 003 | loss 1.672 | mrr 0.718915 | sample_size 1000 | wps 727 | ups 0.73 | wpb 1000 | bsz 1000 | num_updates 723 | lr 0.01 | gnorm 0.223 | clip 0 | train_wall 323 | wall 986 (progress_bar.py:269, print())
[2021-04-20 04:45:14]    INFO >> epoch 003 | valid on 'valid' subset | loss 2.315 | mrr 0.609838 | sample_size 1000 | wps 5728.7 | wpb 1000 | bsz 1000 | num_updates 723 | best_mrr 609.838 (progress_bar.py:269, print())
[2021-04-20 04:45:14]    INFO >> saved checkpoint /data/yanghe/ncc_data/codexglue/code_to_text/retrieval/data-mmap/php/birnn/checkpoints/checkpoint_best.pt (epoch 3 @ 723 updates, score 0.609838) (writing took 0.337694 seconds) (checkpoint_utils.py:81, save_checkpoint())
[2021-04-20 04:49:23]    INFO >> epoch 004 | loss 1.398 | mrr 0.764278 | sample_size 1000 | wps 946 | ups 0.95 | wpb 1000 | bsz 1000 | num_updates 964 | lr 0.01 | gnorm 0.208 | clip 0 | train_wall 245 | wall 1241 (progress_bar.py:269, print())
[2021-04-20 04:49:28]    INFO >> epoch 004 | valid on 'valid' subset | loss 2.155 | mrr 0.63673 | sample_size 1000 | wps 5785.9 | wpb 1000 | bsz 1000 | num_updates 964 | best_mrr 636.73 (progress_bar.py:269, print())
[2021-04-20 04:49:28]    INFO >> saved checkpoint /data/yanghe/ncc_data/codexglue/code_to_text/retrieval/data-mmap/php/birnn/checkpoints/checkpoint_best.pt (epoch 4 @ 964 updates, score 0.63673) (writing took 0.368504 seconds) (checkpoint_utils.py:81, save_checkpoint())
[2021-04-20 04:50:05]    INFO >> epoch 005:     36 / 242 loss=1.506, mrr=746.516, sample_size=1000, wps=836.3, ups=0.84, wpb=1000, bsz=1000, num_updates=1000, lr=0.01, gnorm=0.214, clip=0, train_wall=579, wall=1283 (progress_bar.py:262, log())
[2021-04-20 04:53:39]    INFO >> epoch 005 | loss 1.247 | mrr 0.78917 | sample_size 1000 | wps 941.1 | ups 0.94 | wpb 1000 | bsz 1000 | num_updates 1205 | lr 0.01 | gnorm 0.203 | clip 0 | train_wall 247 | wall 1497 (progress_bar.py:269, print())
[2021-04-20 04:53:44]    INFO >> epoch 005 | valid on 'valid' subset | loss 2.072 | mrr 0.651223 | sample_size 1000 | wps 6016.7 | wpb 1000 | bsz 1000 | num_updates 1205 | best_mrr 651.223 (progress_bar.py:269, print())
[2021-04-20 04:53:44]    INFO >> saved checkpoint /data/yanghe/ncc_data/codexglue/code_to_text/retrieval/data-mmap/php/birnn/checkpoints/checkpoint_best.pt (epoch 5 @ 1205 updates, score 0.651223) (writing took 0.500121 seconds) (checkpoint_utils.py:81, save_checkpoint())
[2021-04-20 04:57:55]    INFO >> epoch 006 | loss 1.155 | mrr 0.804966 | sample_size 1000 | wps 940.9 | ups 0.94 | wpb 1000 | bsz 1000 | num_updates 1446 | lr 0.01 | gnorm 0.2 | clip 0 | train_wall 247 | wall 1753 (progress_bar.py:269, print())
[2021-04-20 04:58:01]    INFO >> epoch 006 | valid on 'valid' subset | loss 2.016 | mrr 0.663491 | sample_size 1000 | wps 5943.8 | wpb 1000 | bsz 1000 | num_updates 1446 | best_mrr 663.491 (progress_bar.py:269, print())
[2021-04-20 04:58:01]    INFO >> saved checkpoint /data/yanghe/ncc_data/codexglue/code_to_text/retrieval/data-mmap/php/birnn/checkpoints/checkpoint_best.pt (epoch 6 @ 1446 updates, score 0.663491) (writing took 0.534918 seconds) (checkpoint_utils.py:81, save_checkpoint())
[2021-04-20 04:59:00]    INFO >> epoch 007:     54 / 242 loss=1.181, mrr=800.249, sample_size=1000, wps=934.4, ups=0.93, wpb=1000, bsz=1000, num_updates=1500, lr=0.01, gnorm=0.201, clip=0, train_wall=515, wall=1818 (progress_bar.py:262, log())
[2021-04-20 05:02:09]    INFO >> epoch 007 | loss 1.081 | mrr 0.816403 | sample_size 1000 | wps 949.1 | ups 0.95 | wpb 1000 | bsz 1000 | num_updates 1687 | lr 0.01 | gnorm 0.198 | clip 0 | train_wall 244 | wall 2007 (progress_bar.py:269, print())
[2021-04-20 05:02:14]    INFO >> epoch 007 | valid on 'valid' subset | loss 2.003 | mrr 0.664351 | sample_size 1000 | wps 6010 | wpb 1000 | bsz 1000 | num_updates 1687 | best_mrr 664.351 (progress_bar.py:269, print())
[2021-04-20 05:02:15]    INFO >> saved checkpoint /data/yanghe/ncc_data/codexglue/code_to_text/retrieval/data-mmap/php/birnn/checkpoints/checkpoint_best.pt (epoch 7 @ 1687 updates, score 0.664351) (writing took 0.395621 seconds) (checkpoint_utils.py:81, save_checkpoint())
[2021-04-20 05:06:25]    INFO >> epoch 008 | loss 1.026 | mrr 0.824872 | sample_size 1000 | wps 941.4 | ups 0.94 | wpb 1000 | bsz 1000 | num_updates 1928 | lr 0.01 | gnorm 0.196 | clip 0 | train_wall 247 | wall 2263 (progress_bar.py:269, print())
[2021-04-20 05:06:30]    INFO >> epoch 008 | valid on 'valid' subset | loss 1.968 | mrr 0.670904 | sample_size 1000 | wps 5792.6 | wpb 1000 | bsz 1000 | num_updates 1928 | best_mrr 670.904 (progress_bar.py:269, print())
[2021-04-20 05:06:30]    INFO >> saved checkpoint /data/yanghe/ncc_data/codexglue/code_to_text/retrieval/data-mmap/php/birnn/checkpoints/checkpoint_best.pt (epoch 8 @ 1928 updates, score 0.670904) (writing took 0.280833 seconds) (checkpoint_utils.py:81, save_checkpoint())
[2021-04-20 05:07:48]    INFO >> epoch 009:     72 / 242 loss=1.04, mrr=823.001, sample_size=1000, wps=947.2, ups=0.95, wpb=1000, bsz=1000, num_updates=2000, lr=0.01, gnorm=0.196, clip=0, train_wall=509, wall=2346 (progress_bar.py:262, log())
[2021-04-20 05:10:40]    INFO >> epoch 009 | loss 0.992 | mrr 0.83065 | sample_size 1000 | wps 944.6 | ups 0.94 | wpb 1000 | bsz 1000 | num_updates 2169 | lr 0.01 | gnorm 0.196 | clip 0 | train_wall 246 | wall 2518 (progress_bar.py:269, print())
[2021-04-20 05:10:45]    INFO >> epoch 009 | valid on 'valid' subset | loss 1.963 | mrr 0.676491 | sample_size 1000 | wps 5811.8 | wpb 1000 | bsz 1000 | num_updates 2169 | best_mrr 676.491 (progress_bar.py:269, print())
[2021-04-20 05:10:45]    INFO >> saved checkpoint /data/yanghe/ncc_data/codexglue/code_to_text/retrieval/data-mmap/php/birnn/checkpoints/checkpoint_best.pt (epoch 9 @ 2169 updates, score 0.676491) (writing took 0.303526 seconds) (checkpoint_utils.py:81, save_checkpoint())
[2021-04-20 05:15:39]    INFO >> epoch 010 | loss 0.965 | mrr 0.835283 | sample_size 1000 | wps 805.6 | ups 0.81 | wpb 1000 | bsz 1000 | num_updates 2410 | lr 0.01 | gnorm 0.196 | clip 0 | train_wall 290 | wall 2817 (progress_bar.py:269, print())
[2021-04-20 05:15:44]    INFO >> epoch 010 | valid on 'valid' subset | loss 1.95 | mrr 0.678047 | sample_size 1000 | wps 5308.2 | wpb 1000 | bsz 1000 | num_updates 2410 | best_mrr 678.047 (progress_bar.py:269, print())
[2021-04-20 05:15:45]    INFO >> saved checkpoint /data/yanghe/ncc_data/codexglue/code_to_text/retrieval/data-mmap/php/birnn/checkpoints/checkpoint_best.pt (epoch 10 @ 2410 updates, score 0.678047) (writing took 0.358611 seconds) (checkpoint_utils.py:81, save_checkpoint())
[2021-04-20 05:17:44]    INFO >> epoch 011:     90 / 242 loss=0.97, mrr=834.261, sample_size=1000, wps=838.5, ups=0.84, wpb=1000, bsz=1000, num_updates=2500, lr=0.01, gnorm=0.196, clip=0, train_wall=578, wall=2942 (progress_bar.py:262, log())
[2021-04-20 05:21:03]    INFO >> epoch 011 | loss 0.942 | mrr 0.839368 | sample_size 1000 | wps 744.8 | ups 0.74 | wpb 1000 | bsz 1000 | num_updates 2651 | lr 0.01 | gnorm 0.195 | clip 0 | train_wall 314 | wall 3141 (progress_bar.py:269, print())
[2021-04-20 05:21:07]    INFO >> epoch 011 | valid on 'valid' subset | loss 1.932 | mrr 0.67796 | sample_size 1000 | wps 5790.2 | wpb 1000 | bsz 1000 | num_updates 2651 | best_mrr 677.96 (progress_bar.py:269, print())
[2021-04-20 05:21:07]    INFO >> saved checkpoint /data/yanghe/ncc_data/codexglue/code_to_text/retrieval/data-mmap/php/birnn/checkpoints/checkpoint_last.pt (epoch 11 @ 2651 updates, score 0.67796) (writing took 0.189821 seconds) (checkpoint_utils.py:81, save_checkpoint())
[2021-04-20 05:26:26]    INFO >> epoch 012 | loss 0.921 | mrr 0.842556 | sample_size 1000 | wps 746.1 | ups 0.75 | wpb 1000 | bsz 1000 | num_updates 2892 | lr 0.01 | gnorm 0.194 | clip 0 | train_wall 315 | wall 3464 (progress_bar.py:269, print())
[2021-04-20 05:26:32]    INFO >> epoch 012 | valid on 'valid' subset | loss 1.93 | mrr 0.682957 | sample_size 1000 | wps 4859.3 | wpb 1000 | bsz 1000 | num_updates 2892 | best_mrr 682.957 (progress_bar.py:269, print())
[2021-04-20 05:26:32]    INFO >> saved checkpoint /data/yanghe/ncc_data/codexglue/code_to_text/retrieval/data-mmap/php/birnn/checkpoints/checkpoint_best.pt (epoch 12 @ 2892 updates, score 0.682957) (writing took 0.362981 seconds) (checkpoint_utils.py:81, save_checkpoint())
[2021-04-20 05:28:58]    INFO >> epoch 013:    109 / 242 loss=0.924, mrr=842.068, sample_size=1000, wps=742.4, ups=0.74, wpb=1000, bsz=1000, num_updates=3000, lr=0.01, gnorm=0.194, clip=0, train_wall=655, wall=3616 (progress_bar.py:262, log())
[2021-04-20 05:31:51]    INFO >> epoch 013 | loss 0.905 | mrr 0.845168 | sample_size 1000 | wps 740.4 | ups 0.74 | wpb 1000 | bsz 1000 | num_updates 3133 | lr 0.01 | gnorm 0.194 | clip 0 | train_wall 315 | wall 3789 (progress_bar.py:269, print())
[2021-04-20 05:31:57]    INFO >> epoch 013 | valid on 'valid' subset | loss 1.909 | mrr 0.683208 | sample_size 1000 | wps 4689.1 | wpb 1000 | bsz 1000 | num_updates 3133 | best_mrr 683.208 (progress_bar.py:269, print())
[2021-04-20 05:31:57]    INFO >> saved checkpoint /data/yanghe/ncc_data/codexglue/code_to_text/retrieval/data-mmap/php/birnn/checkpoints/checkpoint_best.pt (epoch 13 @ 3133 updates, score 0.683208) (writing took 0.373108 seconds) (checkpoint_utils.py:81, save_checkpoint())
[2021-04-20 05:37:16]    INFO >> epoch 014 | loss 0.886 | mrr 0.84847 | sample_size 1000 | wps 742.7 | ups 0.74 | wpb 1000 | bsz 1000 | num_updates 3374 | lr 0.01 | gnorm 0.193 | clip 0 | train_wall 315 | wall 4114 (progress_bar.py:269, print())
[2021-04-20 05:37:20]    INFO >> epoch 014 | valid on 'valid' subset | loss 1.914 | mrr 0.683304 | sample_size 1000 | wps 5683.7 | wpb 1000 | bsz 1000 | num_updates 3374 | best_mrr 683.304 (progress_bar.py:269, print())
[2021-04-20 05:37:20]    INFO >> saved checkpoint /data/yanghe/ncc_data/codexglue/code_to_text/retrieval/data-mmap/php/birnn/checkpoints/checkpoint_best.pt (epoch 14 @ 3374 updates, score 0.683304) (writing took 0.387639 seconds) (checkpoint_utils.py:81, save_checkpoint())
[2021-04-20 05:40:11]    INFO >> epoch 015:    126 / 242 loss=0.889, mrr=848.101, sample_size=1000, wps=742.9, ups=0.74, wpb=1000, bsz=1000, num_updates=3500, lr=0.01, gnorm=0.193, clip=0, train_wall=655, wall=4289 (progress_bar.py:262, log())
[2021-04-20 05:42:41]    INFO >> epoch 015 | loss 0.878 | mrr 0.849382 | sample_size 1000 | wps 741.5 | ups 0.74 | wpb 1000 | bsz 1000 | num_updates 3615 | lr 0.01 | gnorm 0.194 | clip 0 | train_wall 317 | wall 4439 (progress_bar.py:269, print())
[2021-04-20 05:42:45]    INFO >> epoch 015 | valid on 'valid' subset | loss 1.938 | mrr 0.683511 | sample_size 1000 | wps 5519.3 | wpb 1000 | bsz 1000 | num_updates 3615 | best_mrr 683.511 (progress_bar.py:269, print())
[2021-04-20 05:42:45]    INFO >> saved checkpoint /data/yanghe/ncc_data/codexglue/code_to_text/retrieval/data-mmap/php/birnn/checkpoints/checkpoint_best.pt (epoch 15 @ 3615 updates, score 0.683511) (writing took 0.347213 seconds) (checkpoint_utils.py:81, save_checkpoint())
[2021-04-20 05:48:05]    INFO >> epoch 016 | loss 0.869 | mrr 0.85054 | sample_size 1000 | wps 742.3 | ups 0.74 | wpb 1000 | bsz 1000 | num_updates 3856 | lr 0.01 | gnorm 0.194 | clip 0 | train_wall 316 | wall 4764 (progress_bar.py:269, print())
[2021-04-20 05:48:10]    INFO >> epoch 016 | valid on 'valid' subset | loss 1.925 | mrr 0.685079 | sample_size 1000 | wps 5497 | wpb 1000 | bsz 1000 | num_updates 3856 | best_mrr 685.079 (progress_bar.py:269, print())
[2021-04-20 05:48:10]    INFO >> saved checkpoint /data/yanghe/ncc_data/codexglue/code_to_text/retrieval/data-mmap/php/birnn/checkpoints/checkpoint_best.pt (epoch 16 @ 3856 updates, score 0.685079) (writing took 0.422614 seconds) (checkpoint_utils.py:81, save_checkpoint())
[2021-04-20 05:51:26]    INFO >> epoch 017:    145 / 242 loss=0.872, mrr=850.163, sample_size=1000, wps=740.9, ups=0.74, wpb=1000, bsz=1000, num_updates=4000, lr=0.01, gnorm=0.194, clip=0, train_wall=657, wall=4964 (progress_bar.py:262, log())
[2021-04-20 05:53:12]    INFO >> epoch 017 | loss 0.861 | mrr 0.852451 | sample_size 1000 | wps 786.5 | ups 0.79 | wpb 1000 | bsz 1000 | num_updates 4097 | lr 0.01 | gnorm 0.194 | clip 0 | train_wall 297 | wall 5070 (progress_bar.py:269, print())
[2021-04-20 05:53:17]    INFO >> epoch 017 | valid on 'valid' subset | loss 1.915 | mrr 0.685816 | sample_size 1000 | wps 6084.5 | wpb 1000 | bsz 1000 | num_updates 4097 | best_mrr 685.816 (progress_bar.py:269, print())
[2021-04-20 05:53:18]    INFO >> saved checkpoint /data/yanghe/ncc_data/codexglue/code_to_text/retrieval/data-mmap/php/birnn/checkpoints/checkpoint_best.pt (epoch 17 @ 4097 updates, score 0.685816) (writing took 0.310112 seconds) (checkpoint_utils.py:81, save_checkpoint())
[2021-04-20 05:57:25]    INFO >> epoch 018 | loss 0.851 | mrr 0.854169 | sample_size 1000 | wps 950.3 | ups 0.95 | wpb 1000 | bsz 1000 | num_updates 4338 | lr 0.01 | gnorm 0.194 | clip 0 | train_wall 244 | wall 5324 (progress_bar.py:269, print())
[2021-04-20 05:57:30]    INFO >> epoch 018 | valid on 'valid' subset | loss 1.9 | mrr 0.685273 | sample_size 1000 | wps 4476.9 | wpb 1000 | bsz 1000 | num_updates 4338 | best_mrr 685.273 (progress_bar.py:269, print())
[2021-04-20 05:57:30]    INFO >> saved checkpoint /data/yanghe/ncc_data/codexglue/code_to_text/retrieval/data-mmap/php/birnn/checkpoints/checkpoint_last.pt (epoch 18 @ 4338 updates, score 0.685273) (writing took 0.196184 seconds) (checkpoint_utils.py:81, save_checkpoint())
[2021-04-20 06:01:21]    INFO >> epoch 019:    163 / 242 loss=0.85, mrr=854.253, sample_size=1000, wps=839.1, ups=0.84, wpb=1000, bsz=1000, num_updates=4500, lr=0.01, gnorm=0.194, clip=0, train_wall=578, wall=5560 (progress_bar.py:262, log())
[2021-04-20 06:03:10]    INFO >> epoch 019 | loss 0.844 | mrr 0.854557 | sample_size 1000 | wps 699.8 | ups 0.7 | wpb 1000 | bsz 1000 | num_updates 4579 | lr 0.01 | gnorm 0.194 | clip 0 | train_wall 336 | wall 5668 (progress_bar.py:269, print())
[2021-04-20 06:03:14]    INFO >> epoch 019 | valid on 'valid' subset | loss 1.915 | mrr 0.687742 | sample_size 1000 | wps 5769.3 | wpb 1000 | bsz 1000 | num_updates 4579 | best_mrr 687.742 (progress_bar.py:269, print())
[2021-04-20 06:03:15]    INFO >> saved checkpoint /data/yanghe/ncc_data/codexglue/code_to_text/retrieval/data-mmap/php/birnn/checkpoints/checkpoint_best.pt (epoch 19 @ 4579 updates, score 0.687742) (writing took 0.525464 seconds) (checkpoint_utils.py:81, save_checkpoint())
[2021-04-20 06:08:55]    INFO >> epoch 020 | loss 0.84 | mrr 0.854774 | sample_size 1000 | wps 698.3 | ups 0.7 | wpb 1000 | bsz 1000 | num_updates 4820 | lr 0.01 | gnorm 0.195 | clip 0 | train_wall 337 | wall 6013 (progress_bar.py:269, print())
[2021-04-20 06:09:01]    INFO >> epoch 020 | valid on 'valid' subset | loss 1.904 | mrr 0.686913 | sample_size 1000 | wps 4486.6 | wpb 1000 | bsz 1000 | num_updates 4820 | best_mrr 686.913 (progress_bar.py:269, print())
[2021-04-20 06:09:01]    INFO >> saved checkpoint /data/yanghe/ncc_data/codexglue/code_to_text/retrieval/data-mmap/php/birnn/checkpoints/checkpoint_last.pt (epoch 20 @ 4820 updates, score 0.686913) (writing took 0.181406 seconds) (checkpoint_utils.py:81, save_checkpoint())
[2021-04-20 06:13:11]    INFO >> epoch 021:    181 / 242 loss=0.84, mrr=854.948, sample_size=1000, wps=704.3, ups=0.7, wpb=1000, bsz=1000, num_updates=5000, lr=0.01, gnorm=0.194, clip=0, train_wall=692, wall=6269 (progress_bar.py:262, log())
[2021-04-20 06:14:36]    INFO >> epoch 021 | loss 0.834 | mrr 0.856237 | sample_size 1000 | wps 707.3 | ups 0.71 | wpb 1000 | bsz 1000 | num_updates 5061 | lr 0.01 | gnorm 0.194 | clip 0 | train_wall 331 | wall 6354 (progress_bar.py:269, print())
[2021-04-20 06:14:40]    INFO >> epoch 021 | valid on 'valid' subset | loss 1.902 | mrr 0.687073 | sample_size 1000 | wps 4487.2 | wpb 1000 | bsz 1000 | num_updates 5061 | best_mrr 687.073 (progress_bar.py:269, print())
[2021-04-20 06:14:41]    INFO >> saved checkpoint /data/yanghe/ncc_data/codexglue/code_to_text/retrieval/data-mmap/php/birnn/checkpoints/checkpoint_last.pt (epoch 21 @ 5061 updates, score 0.687073) (writing took 0.161582 seconds) (checkpoint_utils.py:81, save_checkpoint())
[2021-04-20 06:20:19]    INFO >> epoch 022 | loss 0.835 | mrr 0.855453 | sample_size 1000 | wps 701.9 | ups 0.7 | wpb 1000 | bsz 1000 | num_updates 5302 | lr 0.01 | gnorm 0.195 | clip 0 | train_wall 335 | wall 6697 (progress_bar.py:269, print())
[2021-04-20 06:20:25]    INFO >> epoch 022 | valid on 'valid' subset | loss 1.897 | mrr 0.687015 | sample_size 1000 | wps 4506.1 | wpb 1000 | bsz 1000 | num_updates 5302 | best_mrr 687.015 (progress_bar.py:269, print())
[2021-04-20 06:20:25]    INFO >> saved checkpoint /data/yanghe/ncc_data/codexglue/code_to_text/retrieval/data-mmap/php/birnn/checkpoints/checkpoint_last.pt (epoch 22 @ 5302 updates, score 0.687015) (writing took 0.238208 seconds) (checkpoint_utils.py:81, save_checkpoint())
[2021-04-20 06:25:02]    INFO >> epoch 023:    199 / 242 loss=0.833, mrr=856.12, sample_size=1000, wps=703.5, ups=0.7, wpb=1000, bsz=1000, num_updates=5500, lr=0.01, gnorm=0.194, clip=0, train_wall=693, wall=6980 (progress_bar.py:262, log())
[2021-04-20 06:26:03]    INFO >> epoch 023 | loss 0.83 | mrr 0.857245 | sample_size 1000 | wps 700.7 | ups 0.7 | wpb 1000 | bsz 1000 | num_updates 5543 | lr 0.01 | gnorm 0.193 | clip 0 | train_wall 334 | wall 7041 (progress_bar.py:269, print())
[2021-04-20 06:26:09]    INFO >> epoch 023 | valid on 'valid' subset | loss 1.905 | mrr 0.686367 | sample_size 1000 | wps 4442.4 | wpb 1000 | bsz 1000 | num_updates 5543 | best_mrr 686.367 (progress_bar.py:269, print())
[2021-04-20 06:26:09]    INFO >> saved checkpoint /data/yanghe/ncc_data/codexglue/code_to_text/retrieval/data-mmap/php/birnn/checkpoints/checkpoint_last.pt (epoch 23 @ 5543 updates, score 0.686367) (writing took 0.153604 seconds) (checkpoint_utils.py:81, save_checkpoint())
[2021-04-20 06:31:46]    INFO >> epoch 024 | loss 0.827 | mrr 0.857433 | sample_size 1000 | wps 703.5 | ups 0.7 | wpb 1000 | bsz 1000 | num_updates 5784 | lr 0.01 | gnorm 0.195 | clip 0 | train_wall 333 | wall 7384 (progress_bar.py:269, print())
[2021-04-20 06:31:50]    INFO >> epoch 024 | valid on 'valid' subset | loss 1.892 | mrr 0.69108 | sample_size 1000 | wps 4337.9 | wpb 1000 | bsz 1000 | num_updates 5784 | best_mrr 691.08 (progress_bar.py:269, print())
[2021-04-20 06:31:51]    INFO >> saved checkpoint /data/yanghe/ncc_data/codexglue/code_to_text/retrieval/data-mmap/php/birnn/checkpoints/checkpoint_best.pt (epoch 24 @ 5784 updates, score 0.69108) (writing took 0.439264 seconds) (checkpoint_utils.py:81, save_checkpoint())
[2021-04-20 06:36:52]    INFO >> epoch 025:    216 / 242 loss=0.825, mrr=857.865, sample_size=1000, wps=704.3, ups=0.7, wpb=1000, bsz=1000, num_updates=6000, lr=0.01, gnorm=0.194, clip=0, train_wall=691, wall=7690 (progress_bar.py:262, log())
[2021-04-20 06:37:27]    INFO >> epoch 025 | loss 0.82 | mrr 0.858415 | sample_size 1000 | wps 705.2 | ups 0.71 | wpb 1000 | bsz 1000 | num_updates 6025 | lr 0.01 | gnorm 0.194 | clip 0 | train_wall 333 | wall 7726 (progress_bar.py:269, print())
[2021-04-20 06:37:33]    INFO >> epoch 025 | valid on 'valid' subset | loss 1.892 | mrr 0.690064 | sample_size 1000 | wps 4417.6 | wpb 1000 | bsz 1000 | num_updates 6025 | best_mrr 690.064 (progress_bar.py:269, print())
[2021-04-20 06:37:34]    INFO >> saved checkpoint /data/yanghe/ncc_data/codexglue/code_to_text/retrieval/data-mmap/php/birnn/checkpoints/checkpoint_last.pt (epoch 25 @ 6025 updates, score 0.690064) (writing took 0.233786 seconds) (checkpoint_utils.py:81, save_checkpoint())
[2021-04-20 06:43:12]    INFO >> epoch 026 | loss 0.825 | mrr 0.857262 | sample_size 1000 | wps 699.4 | ups 0.7 | wpb 1000 | bsz 1000 | num_updates 6266 | lr 0.01 | gnorm 0.195 | clip 0 | train_wall 335 | wall 8070 (progress_bar.py:269, print())
[2021-04-20 06:43:18]    INFO >> epoch 026 | valid on 'valid' subset | loss 1.898 | mrr 0.691052 | sample_size 1000 | wps 4494.3 | wpb 1000 | bsz 1000 | num_updates 6266 | best_mrr 691.052 (progress_bar.py:269, print())
[2021-04-20 06:43:18]    INFO >> saved checkpoint /data/yanghe/ncc_data/codexglue/code_to_text/retrieval/data-mmap/php/birnn/checkpoints/checkpoint_last.pt (epoch 26 @ 6266 updates, score 0.691052) (writing took 0.159689 seconds) (checkpoint_utils.py:81, save_checkpoint())
[2021-04-20 06:48:44]    INFO >> epoch 027:    235 / 242 loss=0.823, mrr=858, sample_size=1000, wps=702.3, ups=0.7, wpb=1000, bsz=1000, num_updates=6500, lr=0.01, gnorm=0.195, clip=0, train_wall=692, wall=8402 (progress_bar.py:262, log())
[2021-04-20 06:48:54]    INFO >> epoch 027 | loss 0.818 | mrr 0.859213 | sample_size 1000 | wps 704.2 | ups 0.7 | wpb 1000 | bsz 1000 | num_updates 6507 | lr 0.01 | gnorm 0.194 | clip 0 | train_wall 332 | wall 8412 (progress_bar.py:269, print())
[2021-04-20 06:48:59]    INFO >> epoch 027 | valid on 'valid' subset | loss 1.904 | mrr 0.691993 | sample_size 1000 | wps 4561.1 | wpb 1000 | bsz 1000 | num_updates 6507 | best_mrr 691.993 (progress_bar.py:269, print())
[2021-04-20 06:49:00]    INFO >> saved checkpoint /data/yanghe/ncc_data/codexglue/code_to_text/retrieval/data-mmap/php/birnn/checkpoints/checkpoint_best.pt (epoch 27 @ 6507 updates, score 0.691993) (writing took 0.268664 seconds) (checkpoint_utils.py:81, save_checkpoint())
[2021-04-20 06:54:36]    INFO >> epoch 028 | loss 0.815 | mrr 0.859473 | sample_size 1000 | wps 704.8 | ups 0.7 | wpb 1000 | bsz 1000 | num_updates 6748 | lr 0.01 | gnorm 0.194 | clip 0 | train_wall 333 | wall 8754 (progress_bar.py:269, print())
[2021-04-20 06:54:42]    INFO >> epoch 028 | valid on 'valid' subset | loss 1.894 | mrr 0.691972 | sample_size 1000 | wps 4564.1 | wpb 1000 | bsz 1000 | num_updates 6748 | best_mrr 691.972 (progress_bar.py:269, print())
[2021-04-20 06:54:42]    INFO >> saved checkpoint /data/yanghe/ncc_data/codexglue/code_to_text/retrieval/data-mmap/php/birnn/checkpoints/checkpoint_last.pt (epoch 28 @ 6748 updates, score 0.691972) (writing took 0.177949 seconds) (checkpoint_utils.py:81, save_checkpoint())
[2021-04-20 07:00:20]    INFO >> epoch 029 | loss 0.821 | mrr 0.857713 | sample_size 1000 | wps 700.6 | ups 0.7 | wpb 1000 | bsz 1000 | num_updates 6989 | lr 0.01 | gnorm 0.196 | clip 0 | train_wall 335 | wall 9098 (progress_bar.py:269, print())
[2021-04-20 07:00:26]    INFO >> epoch 029 | valid on 'valid' subset | loss 1.878 | mrr 0.69228 | sample_size 1000 | wps 4449.4 | wpb 1000 | bsz 1000 | num_updates 6989 | best_mrr 692.28 (progress_bar.py:269, print())
[2021-04-20 07:00:26]    INFO >> saved checkpoint /data/yanghe/ncc_data/codexglue/code_to_text/retrieval/data-mmap/php/birnn/checkpoints/checkpoint_best.pt (epoch 29 @ 6989 updates, score 0.69228) (writing took 0.356347 seconds) (checkpoint_utils.py:81, save_checkpoint())
[2021-04-20 07:00:44]    INFO >> epoch 030:     11 / 242 loss=0.817, mrr=858.723, sample_size=1000, wps=694.2, ups=0.69, wpb=1000, bsz=1000, num_updates=7000, lr=0.01, gnorm=0.195, clip=0, train_wall=693, wall=9122 (progress_bar.py:262, log())
[2021-04-20 07:06:02]    INFO >> epoch 030 | loss 0.819 | mrr 0.85895 | sample_size 1000 | wps 704.5 | ups 0.7 | wpb 1000 | bsz 1000 | num_updates 7230 | lr 0.01 | gnorm 0.197 | clip 0 | train_wall 332 | wall 9440 (progress_bar.py:269, print())
[2021-04-20 07:06:07]    INFO >> epoch 030 | valid on 'valid' subset | loss 1.87 | mrr 0.692749 | sample_size 1000 | wps 4487 | wpb 1000 | bsz 1000 | num_updates 7230 | best_mrr 692.749 (progress_bar.py:269, print())
[2021-04-20 07:06:08]    INFO >> saved checkpoint /data/yanghe/ncc_data/codexglue/code_to_text/retrieval/data-mmap/php/birnn/checkpoints/checkpoint_best.pt (epoch 30 @ 7230 updates, score 0.692749) (writing took 0.296559 seconds) (checkpoint_utils.py:81, save_checkpoint())
[2021-04-20 07:11:46]    INFO >> epoch 031 | loss 0.811 | mrr 0.860166 | sample_size 1000 | wps 701.5 | ups 0.7 | wpb 1000 | bsz 1000 | num_updates 7471 | lr 0.01 | gnorm 0.194 | clip 0 | train_wall 335 | wall 9784 (progress_bar.py:269, print())
[2021-04-20 07:11:52]    INFO >> epoch 031 | valid on 'valid' subset | loss 1.872 | mrr 0.693348 | sample_size 1000 | wps 4579.1 | wpb 1000 | bsz 1000 | num_updates 7471 | best_mrr 693.348 (progress_bar.py:269, print())
[2021-04-20 07:11:52]    INFO >> saved checkpoint /data/yanghe/ncc_data/codexglue/code_to_text/retrieval/data-mmap/php/birnn/checkpoints/checkpoint_best.pt (epoch 31 @ 7471 updates, score 0.693348) (writing took 0.531151 seconds) (checkpoint_utils.py:81, save_checkpoint())
[2021-04-20 07:12:35]    INFO >> epoch 032:     29 / 242 loss=0.814, mrr=859.737, sample_size=1000, wps=703.9, ups=0.7, wpb=1000, bsz=1000, num_updates=7500, lr=0.01, gnorm=0.196, clip=0, train_wall=692, wall=9833 (progress_bar.py:262, log())
[2021-04-20 07:17:28]    INFO >> epoch 032 | loss 0.808 | mrr 0.860071 | sample_size 1000 | wps 704 | ups 0.7 | wpb 1000 | bsz 1000 | num_updates 7712 | lr 0.01 | gnorm 0.195 | clip 0 | train_wall 333 | wall 10126 (progress_bar.py:269, print())
[2021-04-20 07:17:34]    INFO >> epoch 032 | valid on 'valid' subset | loss 1.889 | mrr 0.688582 | sample_size 1000 | wps 4427.2 | wpb 1000 | bsz 1000 | num_updates 7712 | best_mrr 688.582 (progress_bar.py:269, print())
[2021-04-20 07:17:34]    INFO >> saved checkpoint /data/yanghe/ncc_data/codexglue/code_to_text/retrieval/data-mmap/php/birnn/checkpoints/checkpoint_last.pt (epoch 32 @ 7712 updates, score 0.688582) (writing took 0.177475 seconds) (checkpoint_utils.py:81, save_checkpoint())
[2021-04-20 07:23:10]    INFO >> epoch 033 | loss 0.814 | mrr 0.859664 | sample_size 1000 | wps 705.1 | ups 0.71 | wpb 1000 | bsz 1000 | num_updates 7953 | lr 0.01 | gnorm 0.195 | clip 0 | train_wall 332 | wall 10468 (progress_bar.py:269, print())
[2021-04-20 07:23:16]    INFO >> epoch 033 | valid on 'valid' subset | loss 1.881 | mrr 0.6943 | sample_size 1000 | wps 4499.9 | wpb 1000 | bsz 1000 | num_updates 7953 | best_mrr 694.3 (progress_bar.py:269, print())
[2021-04-20 07:23:16]    INFO >> saved checkpoint /data/yanghe/ncc_data/codexglue/code_to_text/retrieval/data-mmap/php/birnn/checkpoints/checkpoint_best.pt (epoch 33 @ 7953 updates, score 0.6943) (writing took 0.293908 seconds) (checkpoint_utils.py:81, save_checkpoint())
[2021-04-20 07:24:25]    INFO >> epoch 034:     47 / 242 loss=0.81, mrr=860.024, sample_size=1000, wps=704.2, ups=0.7, wpb=1000, bsz=1000, num_updates=8000, lr=0.01, gnorm=0.195, clip=0, train_wall=691, wall=10543 (progress_bar.py:262, log())
[2021-04-20 07:28:54]    INFO >> epoch 034 | loss 0.812 | mrr 0.859331 | sample_size 1000 | wps 700.7 | ups 0.7 | wpb 1000 | bsz 1000 | num_updates 8194 | lr 0.01 | gnorm 0.196 | clip 0 | train_wall 334 | wall 10812 (progress_bar.py:269, print())
[2021-04-20 07:28:59]    INFO >> epoch 034 | valid on 'valid' subset | loss 1.875 | mrr 0.689854 | sample_size 1000 | wps 4480.4 | wpb 1000 | bsz 1000 | num_updates 8194 | best_mrr 689.854 (progress_bar.py:269, print())
[2021-04-20 07:28:59]    INFO >> saved checkpoint /data/yanghe/ncc_data/codexglue/code_to_text/retrieval/data-mmap/php/birnn/checkpoints/checkpoint_last.pt (epoch 34 @ 8194 updates, score 0.689854) (writing took 0.196040 seconds) (checkpoint_utils.py:81, save_checkpoint())
[2021-04-20 07:34:35]    INFO >> epoch 035 | loss 0.811 | mrr 0.859665 | sample_size 1000 | wps 706.4 | ups 0.71 | wpb 1000 | bsz 1000 | num_updates 8435 | lr 0.01 | gnorm 0.197 | clip 0 | train_wall 333 | wall 11153 (progress_bar.py:269, print())
[2021-04-20 07:34:40]    INFO >> epoch 035 | valid on 'valid' subset | loss 1.901 | mrr 0.690953 | sample_size 1000 | wps 4513 | wpb 1000 | bsz 1000 | num_updates 8435 | best_mrr 690.953 (progress_bar.py:269, print())
[2021-04-20 07:34:40]    INFO >> saved checkpoint /data/yanghe/ncc_data/codexglue/code_to_text/retrieval/data-mmap/php/birnn/checkpoints/checkpoint_last.pt (epoch 35 @ 8435 updates, score 0.690953) (writing took 0.168129 seconds) (checkpoint_utils.py:81, save_checkpoint())
[2021-04-20 07:36:12]    INFO >> epoch 036:     65 / 242 loss=0.811, mrr=859.563, sample_size=1000, wps=706.7, ups=0.71, wpb=1000, bsz=1000, num_updates=8500, lr=0.01, gnorm=0.197, clip=0, train_wall=690, wall=11250 (progress_bar.py:262, log())
[2021-04-20 07:40:18]    INFO >> epoch 036 | loss 0.807 | mrr 0.85992 | sample_size 1000 | wps 702.5 | ups 0.7 | wpb 1000 | bsz 1000 | num_updates 8676 | lr 0.01 | gnorm 0.197 | clip 0 | train_wall 335 | wall 11496 (progress_bar.py:269, print())
[2021-04-20 07:40:24]    INFO >> epoch 036 | valid on 'valid' subset | loss 1.897 | mrr 0.689845 | sample_size 1000 | wps 4529.4 | wpb 1000 | bsz 1000 | num_updates 8676 | best_mrr 689.845 (progress_bar.py:269, print())
[2021-04-20 07:40:24]    INFO >> saved checkpoint /data/yanghe/ncc_data/codexglue/code_to_text/retrieval/data-mmap/php/birnn/checkpoints/checkpoint_last.pt (epoch 36 @ 8676 updates, score 0.689845) (writing took 0.301974 seconds) (checkpoint_utils.py:81, save_checkpoint())
[2021-04-20 07:46:03]    INFO >> epoch 037 | loss 0.807 | mrr 0.859876 | sample_size 1000 | wps 698.2 | ups 0.7 | wpb 1000 | bsz 1000 | num_updates 8917 | lr 0.01 | gnorm 0.197 | clip 0 | train_wall 336 | wall 11842 (progress_bar.py:269, print())
[2021-04-20 07:46:10]    INFO >> epoch 037 | valid on 'valid' subset | loss 1.867 | mrr 0.694444 | sample_size 1000 | wps 4322 | wpb 1000 | bsz 1000 | num_updates 8917 | best_mrr 694.444 (progress_bar.py:269, print())
[2021-04-20 07:46:10]    INFO >> saved checkpoint /data/yanghe/ncc_data/codexglue/code_to_text/retrieval/data-mmap/php/birnn/checkpoints/checkpoint_best.pt (epoch 37 @ 8917 updates, score 0.694444) (writing took 0.280099 seconds) (checkpoint_utils.py:81, save_checkpoint())
[2021-04-20 07:48:05]    INFO >> epoch 038:     83 / 242 loss=0.805, mrr=860.092, sample_size=1000, wps=701.1, ups=0.7, wpb=1000, bsz=1000, num_updates=9000, lr=0.01, gnorm=0.197, clip=0, train_wall=693, wall=11964 (progress_bar.py:262, log())
[2021-04-20 07:51:49]    INFO >> epoch 038 | loss 0.811 | mrr 0.859418 | sample_size 1000 | wps 697.9 | ups 0.7 | wpb 1000 | bsz 1000 | num_updates 9158 | lr 0.01 | gnorm 0.199 | clip 0 | train_wall 335 | wall 12187 (progress_bar.py:269, print())
[2021-04-20 07:51:55]    INFO >> epoch 038 | valid on 'valid' subset | loss 1.874 | mrr 0.694213 | sample_size 1000 | wps 4586.2 | wpb 1000 | bsz 1000 | num_updates 9158 | best_mrr 694.213 (progress_bar.py:269, print())
[2021-04-20 07:51:55]    INFO >> saved checkpoint /data/yanghe/ncc_data/codexglue/code_to_text/retrieval/data-mmap/php/birnn/checkpoints/checkpoint_last.pt (epoch 38 @ 9158 updates, score 0.694213) (writing took 0.146286 seconds) (checkpoint_utils.py:81, save_checkpoint())
[2021-04-20 07:57:30]    INFO >> epoch 039 | loss 0.811 | mrr 0.859608 | sample_size 1000 | wps 706.6 | ups 0.71 | wpb 1000 | bsz 1000 | num_updates 9399 | lr 0.01 | gnorm 0.198 | clip 0 | train_wall 331 | wall 12528 (progress_bar.py:269, print())
[2021-04-20 07:57:36]    INFO >> epoch 039 | valid on 'valid' subset | loss 1.875 | mrr 0.692599 | sample_size 1000 | wps 4511.1 | wpb 1000 | bsz 1000 | num_updates 9399 | best_mrr 692.599 (progress_bar.py:269, print())
[2021-04-20 07:57:36]    INFO >> saved checkpoint /data/yanghe/ncc_data/codexglue/code_to_text/retrieval/data-mmap/php/birnn/checkpoints/checkpoint_last.pt (epoch 39 @ 9399 updates, score 0.692599) (writing took 0.198836 seconds) (checkpoint_utils.py:81, save_checkpoint())
[2021-04-20 07:59:58]    INFO >> epoch 040:    101 / 242 loss=0.812, mrr=859.462, sample_size=1000, wps=701.5, ups=0.7, wpb=1000, bsz=1000, num_updates=9500, lr=0.01, gnorm=0.198, clip=0, train_wall=693, wall=12676 (progress_bar.py:262, log())
[2021-04-20 08:03:14]    INFO >> epoch 040 | loss 0.814 | mrr 0.858984 | sample_size 1000 | wps 700.7 | ups 0.7 | wpb 1000 | bsz 1000 | num_updates 9640 | lr 0.01 | gnorm 0.199 | clip 0 | train_wall 335 | wall 12872 (progress_bar.py:269, print())
[2021-04-20 08:03:20]    INFO >> epoch 040 | valid on 'valid' subset | loss 1.874 | mrr 0.695887 | sample_size 1000 | wps 4409.3 | wpb 1000 | bsz 1000 | num_updates 9640 | best_mrr 695.887 (progress_bar.py:269, print())
[2021-04-20 08:03:20]    INFO >> saved checkpoint /data/yanghe/ncc_data/codexglue/code_to_text/retrieval/data-mmap/php/birnn/checkpoints/checkpoint_best.pt (epoch 40 @ 9640 updates, score 0.695887) (writing took 0.347150 seconds) (checkpoint_utils.py:81, save_checkpoint())
[2021-04-20 08:08:58]    INFO >> epoch 041 | loss 0.807 | mrr 0.860079 | sample_size 1000 | wps 700.8 | ups 0.7 | wpb 1000 | bsz 1000 | num_updates 9881 | lr 0.01 | gnorm 0.196 | clip 0 | train_wall 334 | wall 13216 (progress_bar.py:269, print())
[2021-04-20 08:09:03]    INFO >> epoch 041 | valid on 'valid' subset | loss 1.883 | mrr 0.692644 | sample_size 1000 | wps 5959.5 | wpb 1000 | bsz 1000 | num_updates 9881 | best_mrr 692.644 (progress_bar.py:269, print())
[2021-04-20 08:09:03]    INFO >> saved checkpoint /data/yanghe/ncc_data/codexglue/code_to_text/retrieval/data-mmap/php/birnn/checkpoints/checkpoint_last.pt (epoch 41 @ 9881 updates, score 0.692644) (writing took 0.162086 seconds) (checkpoint_utils.py:81, save_checkpoint())
[2021-04-20 08:11:50]    INFO >> epoch 042:    119 / 242 loss=0.812, mrr=859.196, sample_size=1000, wps=702.6, ups=0.7, wpb=1000, bsz=1000, num_updates=10000, lr=0.01, gnorm=0.198, clip=0, train_wall=693, wall=13388 (progress_bar.py:262, log())
[2021-04-20 08:14:39]    INFO >> epoch 042 | loss 0.812 | mrr 0.859006 | sample_size 1000 | wps 706.9 | ups 0.71 | wpb 1000 | bsz 1000 | num_updates 10122 | lr 0.01 | gnorm 0.199 | clip 0 | train_wall 332 | wall 13557 (progress_bar.py:269, print())
[2021-04-20 08:14:44]    INFO >> epoch 042 | valid on 'valid' subset | loss 1.9 | mrr 0.68979 | sample_size 1000 | wps 4363.3 | wpb 1000 | bsz 1000 | num_updates 10122 | best_mrr 689.79 (progress_bar.py:269, print())
[2021-04-20 08:14:45]    INFO >> saved checkpoint /data/yanghe/ncc_data/codexglue/code_to_text/retrieval/data-mmap/php/birnn/checkpoints/checkpoint_last.pt (epoch 42 @ 10122 updates, score 0.68979) (writing took 0.203477 seconds) (checkpoint_utils.py:81, save_checkpoint())
[2021-04-20 08:20:23]    INFO >> epoch 043 | loss 0.811 | mrr 0.859446 | sample_size 1000 | wps 700.2 | ups 0.7 | wpb 1000 | bsz 1000 | num_updates 10363 | lr 0.01 | gnorm 0.199 | clip 0 | train_wall 335 | wall 13901 (progress_bar.py:269, print())
[2021-04-20 08:20:29]    INFO >> epoch 043 | valid on 'valid' subset | loss 1.884 | mrr 0.691354 | sample_size 1000 | wps 4406.4 | wpb 1000 | bsz 1000 | num_updates 10363 | best_mrr 691.354 (progress_bar.py:269, print())
[2021-04-20 08:20:29]    INFO >> saved checkpoint /data/yanghe/ncc_data/codexglue/code_to_text/retrieval/data-mmap/php/birnn/checkpoints/checkpoint_last.pt (epoch 43 @ 10363 updates, score 0.691354) (writing took 0.189251 seconds) (checkpoint_utils.py:81, save_checkpoint())
[2021-04-20 08:23:40]    INFO >> epoch 044:    138 / 242 loss=0.813, mrr=859.142, sample_size=1000, wps=704.2, ups=0.7, wpb=1000, bsz=1000, num_updates=10500, lr=0.01, gnorm=0.199, clip=0, train_wall=691, wall=14098 (progress_bar.py:262, log())
[2021-04-20 08:26:05]    INFO >> epoch 044 | loss 0.814 | mrr 0.859162 | sample_size 1000 | wps 703.5 | ups 0.7 | wpb 1000 | bsz 1000 | num_updates 10604 | lr 0.01 | gnorm 0.199 | clip 0 | train_wall 333 | wall 14244 (progress_bar.py:269, print())
[2021-04-20 08:26:10]    INFO >> epoch 044 | valid on 'valid' subset | loss 1.878 | mrr 0.69136 | sample_size 1000 | wps 5949.1 | wpb 1000 | bsz 1000 | num_updates 10604 | best_mrr 691.36 (progress_bar.py:269, print())
[2021-04-20 08:26:10]    INFO >> saved checkpoint /data/yanghe/ncc_data/codexglue/code_to_text/retrieval/data-mmap/php/birnn/checkpoints/checkpoint_last.pt (epoch 44 @ 10604 updates, score 0.69136) (writing took 0.192839 seconds) (checkpoint_utils.py:81, save_checkpoint())
[2021-04-20 08:31:47]    INFO >> epoch 045 | loss 0.813 | mrr 0.859476 | sample_size 1000 | wps 705 | ups 0.71 | wpb 1000 | bsz 1000 | num_updates 10845 | lr 0.01 | gnorm 0.205 | clip 0 | train_wall 334 | wall 14585 (progress_bar.py:269, print())
[2021-04-20 08:31:53]    INFO >> epoch 045 | valid on 'valid' subset | loss 1.899 | mrr 0.690272 | sample_size 1000 | wps 4495.9 | wpb 1000 | bsz 1000 | num_updates 10845 | best_mrr 690.272 (progress_bar.py:269, print())
[2021-04-20 08:31:54]    INFO >> saved checkpoint /data/yanghe/ncc_data/codexglue/code_to_text/retrieval/data-mmap/php/birnn/checkpoints/checkpoint_last.pt (epoch 45 @ 10845 updates, score 0.690272) (writing took 0.226470 seconds) (checkpoint_utils.py:81, save_checkpoint())
[2021-04-20 08:35:29]    INFO >> epoch 046:    156 / 242 loss=0.812, mrr=859.597, sample_size=1000, wps=705, ups=0.71, wpb=1000, bsz=1000, num_updates=11000, lr=0.01, gnorm=0.202, clip=0, train_wall=691, wall=14807 (progress_bar.py:262, log())
[2021-04-20 08:37:31]    INFO >> epoch 046 | loss 0.809 | mrr 0.859837 | sample_size 1000 | wps 702.1 | ups 0.7 | wpb 1000 | bsz 1000 | num_updates 11086 | lr 0.01 | gnorm 0.199 | clip 0 | train_wall 333 | wall 14929 (progress_bar.py:269, print())
[2021-04-20 08:37:36]    INFO >> epoch 046 | valid on 'valid' subset | loss 1.891 | mrr 0.693466 | sample_size 1000 | wps 4533.9 | wpb 1000 | bsz 1000 | num_updates 11086 | best_mrr 693.466 (progress_bar.py:269, print())
[2021-04-20 08:37:36]    INFO >> saved checkpoint /data/yanghe/ncc_data/codexglue/code_to_text/retrieval/data-mmap/php/birnn/checkpoints/checkpoint_last.pt (epoch 46 @ 11086 updates, score 0.693466) (writing took 0.160227 seconds) (checkpoint_utils.py:81, save_checkpoint())
[2021-04-20 08:43:12]    INFO >> epoch 047 | loss 0.812 | mrr 0.858944 | sample_size 1000 | wps 705.4 | ups 0.71 | wpb 1000 | bsz 1000 | num_updates 11327 | lr 0.01 | gnorm 0.199 | clip 0 | train_wall 332 | wall 15270 (progress_bar.py:269, print())
[2021-04-20 08:43:17]    INFO >> epoch 047 | valid on 'valid' subset | loss 1.895 | mrr 0.690126 | sample_size 1000 | wps 4483.9 | wpb 1000 | bsz 1000 | num_updates 11327 | best_mrr 690.126 (progress_bar.py:269, print())
[2021-04-20 08:43:17]    INFO >> saved checkpoint /data/yanghe/ncc_data/codexglue/code_to_text/retrieval/data-mmap/php/birnn/checkpoints/checkpoint_last.pt (epoch 47 @ 11327 updates, score 0.690126) (writing took 0.255620 seconds) (checkpoint_utils.py:81, save_checkpoint())
[2021-04-20 08:47:21]    INFO >> epoch 048:    174 / 242 loss=0.812, mrr=859.001, sample_size=1000, wps=702.5, ups=0.7, wpb=1000, bsz=1000, num_updates=11500, lr=0.01, gnorm=0.2, clip=0, train_wall=694, wall=15519 (progress_bar.py:262, log())
[2021-04-20 08:48:54]    INFO >> epoch 048 | loss 0.813 | mrr 0.859087 | sample_size 1000 | wps 704.5 | ups 0.7 | wpb 1000 | bsz 1000 | num_updates 11568 | lr 0.01 | gnorm 0.2 | clip 0 | train_wall 334 | wall 15612 (progress_bar.py:269, print())
[2021-04-20 08:49:00]    INFO >> epoch 048 | valid on 'valid' subset | loss 1.884 | mrr 0.692452 | sample_size 1000 | wps 4353.4 | wpb 1000 | bsz 1000 | num_updates 11568 | best_mrr 692.452 (progress_bar.py:269, print())
[2021-04-20 08:49:00]    INFO >> saved checkpoint /data/yanghe/ncc_data/codexglue/code_to_text/retrieval/data-mmap/php/birnn/checkpoints/checkpoint_last.pt (epoch 48 @ 11568 updates, score 0.692452) (writing took 0.168301 seconds) (checkpoint_utils.py:81, save_checkpoint())
[2021-04-20 08:54:37]    INFO >> epoch 049 | loss 0.81 | mrr 0.85936 | sample_size 1000 | wps 703.3 | ups 0.7 | wpb 1000 | bsz 1000 | num_updates 11809 | lr 0.01 | gnorm 0.201 | clip 0 | train_wall 333 | wall 15955 (progress_bar.py:269, print())
[2021-04-20 08:54:43]    INFO >> epoch 049 | valid on 'valid' subset | loss 1.9 | mrr 0.68993 | sample_size 1000 | wps 4438.1 | wpb 1000 | bsz 1000 | num_updates 11809 | best_mrr 689.93 (progress_bar.py:269, print())
[2021-04-20 08:54:43]    INFO >> saved checkpoint /data/yanghe/ncc_data/codexglue/code_to_text/retrieval/data-mmap/php/birnn/checkpoints/checkpoint_last.pt (epoch 49 @ 11809 updates, score 0.68993) (writing took 0.265354 seconds) (checkpoint_utils.py:81, save_checkpoint())
[2021-04-20 08:59:13]    INFO >> epoch 050:    192 / 242 loss=0.812, mrr=859.202, sample_size=1000, wps=702.5, ups=0.7, wpb=1000, bsz=1000, num_updates=12000, lr=0.01, gnorm=0.201, clip=0, train_wall=692, wall=16231 (progress_bar.py:262, log())
[2021-04-20 09:00:19]    INFO >> epoch 050 | loss 0.815 | mrr 0.859001 | sample_size 1000 | wps 703.8 | ups 0.7 | wpb 1000 | bsz 1000 | num_updates 12050 | lr 0.01 | gnorm 0.2 | clip 0 | train_wall 333 | wall 16298 (progress_bar.py:269, print())
[2021-04-20 09:00:24]    INFO >> epoch 050 | valid on 'valid' subset | loss 1.887 | mrr 0.690717 | sample_size 1000 | wps 4533.8 | wpb 1000 | bsz 1000 | num_updates 12050 | best_mrr 690.717 (progress_bar.py:269, print())
[2021-04-20 09:00:25]    INFO >> saved checkpoint /data/yanghe/ncc_data/codexglue/code_to_text/retrieval/data-mmap/php/birnn/checkpoints/checkpoint_last.pt (epoch 50 @ 12050 updates, score 0.690717) (writing took 0.567929 seconds) (checkpoint_utils.py:81, save_checkpoint())
[2021-04-20 09:00:25]    INFO >> early stop since valid performance hasn't improved for last 10 runs (train.py:191, should_stop_early())
[2021-04-20 09:00:25]    INFO >> early stop since valid performance hasn't improved for last 10 runs (train.py:272, single_main())
[2021-04-20 09:00:25]    INFO >> done training in 16302.7 seconds (train.py:283, single_main())
