nohup: 忽略输入
[2021-04-20 04:28:08]    INFO >> Load arguments in /home/yanghe/Documents/naturalcc-dev/run/retrieval/birnn/config/csn_feng/python.yml (train.py:302, cli_main())
[2021-04-20 04:28:08]    INFO >> {'criterion': 'retrieval_softmax', 'optimizer': 'torch_adam', 'lr_scheduler': 'fixed', 'tokenizer': None, 'bpe': None, 'common': {'no_progress_bar': 0, 'log_interval': 500, 'log_format': 'simple', 'tensorboard_logdir': '', 'seed': 0, 'cpu': 0, 'fp16': 0, 'memory_efficient_fp16': 0, 'fp16_no_flatten_grads': 0, 'fp16_init_scale': 128, 'fp16_scale_window': None, 'fp16_scale_tolerance': 0.0, 'min_loss_scale': 0.0001, 'threshold_loss_scale': None, 'user_dir': None, 'empty_cache_freq': 0, 'all_gather_list_size': 16384, 'task': 'hybrid_retrieval'}, 'dataset': {'num_workers': 1, 'skip_invalid_size_inputs_valid_test': 0, 'max_tokens': None, 'max_sentences': 1000, 'code_max_tokens': 200, 'query_max_tokens': 30, 'required_batch_size_multiple': 8, 'dataset_impl': 'mmap', 'train_subset': 'train', 'valid_subset': 'valid', 'validate_interval': 1, 'fixed_validation_seed': None, 'disable_validation': None, 'max_tokens_valid': None, 'max_sentences_valid': 1000, 'curriculum': 0, 'gen_subset': 'test', 'num_shards': 1, 'shard_id': 0, 'joined_dictionary': 0, 'langs': ['python']}, 'distributed_training': {'distributed_world_size': 1, 'distributed_rank': 0, 'distributed_backend': 'nccl', 'distributed_init_method': None, 'distributed_port': -1, 'device_id': 0, 'distributed_no_spawn': 0, 'ddp_backend': 'c10d', 'bucket_cap_mb': 25, 'fix_batches_to_gpus': None, 'find_unused_parameters': 0, 'fast_stat_sync': 0, 'broadcast_buffers': 0, 'global_sync_iter': 50, 'warmup_iterations': 500, 'local_rank': -1, 'block_momentum': 0.875, 'block_lr': 1, 'use_nbm': 0, 'average_sync': 0}, 'task': {'data': '/data/yanghe/ncc_data/codexglue/code_to_text/retrieval/data-mmap/all', 'sample_break_mode': 'complete', 'tokens_per_sample': 512, 'mask_prob': 0.15, 'leave_unmasked_prob': 0.1, 'random_token_prob': 0.1, 'freq_weighted_replacement': 0, 'mask_whole_words': 0, 'pooler_activation_fn': 'tanh', 'source_lang': 'code_tokens', 'target_lang': 'docstring_tokens', 'source_aux_lang': 'code_tokens.wo_func', 'target_aux_lang': 'func_name', 'fraction_using_func_name': 0.3, 'load_alignments': 0, 'left_pad_source': 1, 'left_pad_target': 0, 'upsample_primary': 1, 'truncate_source': 0, 'eval_mrr': 1}, 'model': {'arch': 'birnn', 'code_embed_dim': 128, 'code_doprout': 0.1, 'code_rnn_cell': 'lstm', 'code_rnn_layers': 2, 'code_hidden_dim': 64, 'code_rnn_dropout': 0.2, 'code_rnn_bidirectional': True, 'code_pooling': 'weighted_mean', 'code_activation_fn': 'tanh', 'code_paddding': 'same', 'query_embed_dim': 128, 'query_doprout': 0.1, 'query_rnn_cell': 'lstm', 'query_rnn_layers': 2, 'query_hidden_dim': 64, 'query_rnn_dropout': 0.2, 'query_rnn_bidirectional': True, 'query_pooling': 'weighted_mean', 'query_activation_fn': 'tanh', 'query_paddding': 'same', 'dropout': 0.1}, 'optimization': {'max_epoch': 300, 'max_update': 0, 'clip_norm': 1, 'sentence_avg': 0, 'update_freq': [1], 'lrs': [0.01], 'min_lr': -1, 'use_bmuf': 0, 'lr_shrink': 1.0, 'force_anneal': 0, 'warmup_updates': 0, 'end_learning_rate': 0.0, 'power': 1.0, 'total_num_update': 1000000, 'adam': {'adam_betas': '(0.9, 0.999)', 'adam_eps': 1e-08, 'weight_decay': 0, 'use_old_adam': 1}, 'margin': 1, 'clip_norm_version': 'tf_clip_by_global_norm'}, 'checkpoint': {'save_dir': '/data/yanghe/ncc_data/codexglue/code_to_text/retrieval/data-mmap/python/birnn/checkpoints', 'restore_file': 'checkpoint_last.pt', 'reset_dataloader': None, 'reset_lr_scheduler': None, 'reset_meters': None, 'reset_optimizer': None, 'optimizer_overrides': '{}', 'save_interval': 1, 'save_interval_updates': 0, 'keep_interval_updates': 0, 'keep_last_epochs': -1, 'keep_best_checkpoints': -1, 'no_save': 0, 'no_epoch_checkpoints': 1, 'no_last_checkpoints': 0, 'no_save_optimizer_state': None, 'best_checkpoint_metric': 'mrr', 'maximize_best_checkpoint_metric': 1, 'patience': 10}, 'eval': {'path': '/data/yanghe/ncc_data/codexglue/code_to_text/retrieval/data-mmap/python/birnn/checkpoints/checkpoint_best.pt', 'quiet': 1, 'max_sentences': 1000, 'model_overrides': '{}', 'eval_size': -1}} (train.py:304, cli_main())
[2021-04-20 04:28:08]    INFO >> single GPU training... (train.py:333, cli_main())
[2021-04-20 04:28:08]    INFO >> loaded 13914 examples from: ['/data/yanghe/ncc_data/codexglue/code_to_text/retrieval/data-mmap/all/valid.python.code_tokens'] (hybrid_retrieval.py:54, load_tokens_dataset())
[2021-04-20 04:28:08]    INFO >> loaded 13914 examples from: ['/data/yanghe/ncc_data/codexglue/code_to_text/retrieval/data-mmap/all/valid.python.docstring_tokens'] (hybrid_retrieval.py:55, load_tokens_dataset())
[2021-04-20 04:28:08]    INFO >> BiRNN(
  (src_encoders): ModuleDict(
    (python): RNNEncoder(
      (embed): Embedding(10000, 128)
      (weight_layer): Linear(in_features=128, out_features=1, bias=False)
      (rnn): LSTM(128, 64, num_layers=2, batch_first=True, dropout=0.2, bidirectional=True)
    )
  )
  (tgt_encoders): RNNEncoder(
    (embed): Embedding(10000, 128)
    (weight_layer): Linear(in_features=128, out_features=1, bias=False)
    (rnn): LSTM(128, 64, num_layers=2, batch_first=True, dropout=0.2, bidirectional=True)
  )
) (train.py:223, single_main())
[2021-04-20 04:28:08]    INFO >> model birnn, criterion SearchSoftmaxCriterion (train.py:224, single_main())
[2021-04-20 04:28:08]    INFO >> num. model params: 2957568 (num. trained: 2957568) (train.py:227, single_main())
[2021-04-20 04:28:13]    INFO >> training on 1 GPUs (train.py:233, single_main())
[2021-04-20 04:28:13]    INFO >> max tokens per GPU = None and max sentences per GPU = 1000 (train.py:236, single_main())
[2021-04-20 04:28:13]    INFO >> no existing checkpoint found /data/yanghe/ncc_data/codexglue/code_to_text/retrieval/data-mmap/python/birnn/checkpoints/checkpoint_last.pt (ncc_trainers.py:270, load_checkpoint())
[2021-04-20 04:28:13]    INFO >> loading train data for epoch 1 (ncc_trainers.py:285, get_train_iterator())
[2021-04-20 04:28:13]    INFO >> loaded 251820 examples from: ['/data/yanghe/ncc_data/codexglue/code_to_text/retrieval/data-mmap/all/train.python.code_tokens'] (hybrid_retrieval.py:54, load_tokens_dataset())
[2021-04-20 04:28:13]    INFO >> loaded 251820 examples from: ['/data/yanghe/ncc_data/codexglue/code_to_text/retrieval/data-mmap/all/train.python.docstring_tokens'] (hybrid_retrieval.py:55, load_tokens_dataset())
[2021-04-20 04:28:13]    INFO >> loaded 251820 examples from: ['/data/yanghe/ncc_data/codexglue/code_to_text/retrieval/data-mmap/all/train.python.code_tokens.wo_func'] (hybrid_retrieval.py:67, load_tokens_dataset())
[2021-04-20 04:28:13]    INFO >> loaded 251820 examples from: ['/data/yanghe/ncc_data/codexglue/code_to_text/retrieval/data-mmap/all/train.python.func_name'] (hybrid_retrieval.py:81, load_tokens_dataset())
[2021-04-20 04:28:13]    INFO >> NOTE: your device may support faster training with fp16 (ncc_trainers.py:155, _setup_optimizer())
[2021-04-20 04:33:51]    INFO >> epoch 001 | loss 5.496 | mrr 0.12448 | sample_size 1000 | wps 748.9 | ups 0.75 | wpb 1000 | bsz 1000 | num_updates 251 | lr 0.01 | gnorm 0.31 | clip 0 | train_wall 333 | wall 338 (progress_bar.py:269, print())
[2021-04-20 04:33:56]    INFO >> epoch 001 | valid on 'valid' subset | loss 4.589 | mrr 0.239743 | sample_size 1000 | wps 4669.8 | wpb 1000 | bsz 1000 | num_updates 251 (progress_bar.py:269, print())
[2021-04-20 04:33:56]    INFO >> saved checkpoint /data/yanghe/ncc_data/codexglue/code_to_text/retrieval/data-mmap/python/birnn/checkpoints/checkpoint_best.pt (epoch 1 @ 251 updates, score 0.239743) (writing took 0.438875 seconds) (checkpoint_utils.py:81, save_checkpoint())
[2021-04-20 04:39:38]    INFO >> epoch 002:    250 / 252 loss=4.301, mrr=296.28, sample_size=1000, wps=732.6, ups=0.73, wpb=1000, bsz=1000, num_updates=500, lr=0.01, gnorm=0.303, clip=0.2, train_wall=672, wall=685 (progress_bar.py:262, log())
[2021-04-20 04:39:41]    INFO >> epoch 002 | loss 3.093 | mrr 0.47005 | sample_size 1000 | wps 716.6 | ups 0.72 | wpb 1000 | bsz 1000 | num_updates 502 | lr 0.01 | gnorm 0.296 | clip 0.4 | train_wall 341 | wall 688 (progress_bar.py:269, print())
[2021-04-20 04:39:46]    INFO >> epoch 002 | valid on 'valid' subset | loss 3.382 | mrr 0.425606 | sample_size 1000 | wps 4870.6 | wpb 1000 | bsz 1000 | num_updates 502 | best_mrr 425.606 (progress_bar.py:269, print())
[2021-04-20 04:39:46]    INFO >> saved checkpoint /data/yanghe/ncc_data/codexglue/code_to_text/retrieval/data-mmap/python/birnn/checkpoints/checkpoint_best.pt (epoch 2 @ 502 updates, score 0.425606) (writing took 0.271533 seconds) (checkpoint_utils.py:81, save_checkpoint())
[2021-04-20 04:45:26]    INFO >> epoch 003 | loss 2.303 | mrr 0.604008 | sample_size 1000 | wps 728.6 | ups 0.73 | wpb 1000 | bsz 1000 | num_updates 753 | lr 0.01 | gnorm 0.271 | clip 0 | train_wall 336 | wall 1033 (progress_bar.py:269, print())
[2021-04-20 04:45:30]    INFO >> epoch 003 | valid on 'valid' subset | loss 2.986 | mrr 0.489575 | sample_size 1000 | wps 5838.7 | wpb 1000 | bsz 1000 | num_updates 753 | best_mrr 489.575 (progress_bar.py:269, print())
[2021-04-20 04:45:30]    INFO >> saved checkpoint /data/yanghe/ncc_data/codexglue/code_to_text/retrieval/data-mmap/python/birnn/checkpoints/checkpoint_best.pt (epoch 3 @ 753 updates, score 0.489575) (writing took 0.348467 seconds) (checkpoint_utils.py:81, save_checkpoint())
[2021-04-20 04:49:50]    INFO >> epoch 004:    248 / 252 loss=2.133, mrr=633.187, sample_size=1000, wps=816.7, ups=0.82, wpb=1000, bsz=1000, num_updates=1000, lr=0.01, gnorm=0.265, clip=0, train_wall=595, wall=1297 (progress_bar.py:262, log())
[2021-04-20 04:49:55]    INFO >> epoch 004 | loss 1.954 | mrr 0.663846 | sample_size 1000 | wps 931.9 | ups 0.93 | wpb 1000 | bsz 1000 | num_updates 1004 | lr 0.01 | gnorm 0.259 | clip 0 | train_wall 261 | wall 1302 (progress_bar.py:269, print())
[2021-04-20 04:50:00]    INFO >> epoch 004 | valid on 'valid' subset | loss 2.839 | mrr 0.516681 | sample_size 1000 | wps 5945.9 | wpb 1000 | bsz 1000 | num_updates 1004 | best_mrr 516.681 (progress_bar.py:269, print())
[2021-04-20 04:50:00]    INFO >> saved checkpoint /data/yanghe/ncc_data/codexglue/code_to_text/retrieval/data-mmap/python/birnn/checkpoints/checkpoint_best.pt (epoch 4 @ 1004 updates, score 0.516681) (writing took 0.343662 seconds) (checkpoint_utils.py:81, save_checkpoint())
[2021-04-20 04:54:27]    INFO >> epoch 005 | loss 1.751 | mrr 0.698032 | sample_size 1000 | wps 921.8 | ups 0.92 | wpb 1000 | bsz 1000 | num_updates 1255 | lr 0.01 | gnorm 0.254 | clip 0 | train_wall 264 | wall 1574 (progress_bar.py:269, print())
[2021-04-20 04:54:32]    INFO >> epoch 005 | valid on 'valid' subset | loss 2.732 | mrr 0.536828 | sample_size 1000 | wps 5744.9 | wpb 1000 | bsz 1000 | num_updates 1255 | best_mrr 536.828 (progress_bar.py:269, print())
[2021-04-20 04:54:33]    INFO >> saved checkpoint /data/yanghe/ncc_data/codexglue/code_to_text/retrieval/data-mmap/python/birnn/checkpoints/checkpoint_best.pt (epoch 5 @ 1255 updates, score 0.536828) (writing took 0.342159 seconds) (checkpoint_utils.py:81, save_checkpoint())
[2021-04-20 04:58:53]    INFO >> epoch 006:    246 / 252 loss=1.684, mrr=709.543, sample_size=1000, wps=922.1, ups=0.92, wpb=1000, bsz=1000, num_updates=1500, lr=0.01, gnorm=0.252, clip=0, train_wall=524, wall=1840 (progress_bar.py:262, log())
[2021-04-20 04:58:59]    INFO >> epoch 006 | loss 1.613 | mrr 0.721689 | sample_size 1000 | wps 922.7 | ups 0.92 | wpb 1000 | bsz 1000 | num_updates 1506 | lr 0.01 | gnorm 0.25 | clip 0 | train_wall 263 | wall 1846 (progress_bar.py:269, print())
[2021-04-20 04:59:05]    INFO >> epoch 006 | valid on 'valid' subset | loss 2.69 | mrr 0.541898 | sample_size 1000 | wps 5645.1 | wpb 1000 | bsz 1000 | num_updates 1506 | best_mrr 541.898 (progress_bar.py:269, print())
[2021-04-20 04:59:05]    INFO >> saved checkpoint /data/yanghe/ncc_data/codexglue/code_to_text/retrieval/data-mmap/python/birnn/checkpoints/checkpoint_best.pt (epoch 6 @ 1506 updates, score 0.541898) (writing took 0.351959 seconds) (checkpoint_utils.py:81, save_checkpoint())
[2021-04-20 05:03:29]    INFO >> epoch 007 | loss 1.516 | mrr 0.73813 | sample_size 1000 | wps 929.3 | ups 0.93 | wpb 1000 | bsz 1000 | num_updates 1757 | lr 0.01 | gnorm 0.249 | clip 0 | train_wall 260 | wall 2116 (progress_bar.py:269, print())
[2021-04-20 05:03:35]    INFO >> epoch 007 | valid on 'valid' subset | loss 2.66 | mrr 0.552956 | sample_size 1000 | wps 5742.3 | wpb 1000 | bsz 1000 | num_updates 1757 | best_mrr 552.956 (progress_bar.py:269, print())
[2021-04-20 05:03:35]    INFO >> saved checkpoint /data/yanghe/ncc_data/codexglue/code_to_text/retrieval/data-mmap/python/birnn/checkpoints/checkpoint_best.pt (epoch 7 @ 1757 updates, score 0.552956) (writing took 0.319058 seconds) (checkpoint_utils.py:81, save_checkpoint())
[2021-04-20 05:07:53]    INFO >> epoch 008:    244 / 252 loss=1.483, mrr=743.698, sample_size=1000, wps=924.5, ups=0.92, wpb=1000, bsz=1000, num_updates=2000, lr=0.01, gnorm=0.249, clip=0, train_wall=522, wall=2380 (progress_bar.py:262, log())
[2021-04-20 05:08:02]    INFO >> epoch 008 | loss 1.446 | mrr 0.749878 | sample_size 1000 | wps 919.6 | ups 0.92 | wpb 1000 | bsz 1000 | num_updates 2008 | lr 0.01 | gnorm 0.249 | clip 0 | train_wall 263 | wall 2389 (progress_bar.py:269, print())
[2021-04-20 05:08:08]    INFO >> epoch 008 | valid on 'valid' subset | loss 2.617 | mrr 0.559687 | sample_size 1000 | wps 5802.1 | wpb 1000 | bsz 1000 | num_updates 2008 | best_mrr 559.687 (progress_bar.py:269, print())
[2021-04-20 05:08:09]    INFO >> saved checkpoint /data/yanghe/ncc_data/codexglue/code_to_text/retrieval/data-mmap/python/birnn/checkpoints/checkpoint_best.pt (epoch 8 @ 2008 updates, score 0.559687) (writing took 0.383478 seconds) (checkpoint_utils.py:81, save_checkpoint())
[2021-04-20 05:12:41]    INFO >> epoch 009 | loss 1.386 | mrr 0.760075 | sample_size 1000 | wps 900.6 | ups 0.9 | wpb 1000 | bsz 1000 | num_updates 2259 | lr 0.01 | gnorm 0.246 | clip 0 | train_wall 268 | wall 2668 (progress_bar.py:269, print())
[2021-04-20 05:12:46]    INFO >> epoch 009 | valid on 'valid' subset | loss 2.578 | mrr 0.565584 | sample_size 1000 | wps 4640.1 | wpb 1000 | bsz 1000 | num_updates 2259 | best_mrr 565.584 (progress_bar.py:269, print())
[2021-04-20 05:12:46]    INFO >> saved checkpoint /data/yanghe/ncc_data/codexglue/code_to_text/retrieval/data-mmap/python/birnn/checkpoints/checkpoint_best.pt (epoch 9 @ 2259 updates, score 0.565584) (writing took 0.469608 seconds) (checkpoint_utils.py:81, save_checkpoint())
[2021-04-20 05:18:10]    INFO >> epoch 010:    242 / 252 loss=1.37, mrr=762.648, sample_size=1000, wps=810.8, ups=0.81, wpb=1000, bsz=1000, num_updates=2500, lr=0.01, gnorm=0.247, clip=0, train_wall=597, wall=2997 (progress_bar.py:262, log())
[2021-04-20 05:18:23]    INFO >> epoch 010 | loss 1.352 | mrr 0.765601 | sample_size 1000 | wps 734 | ups 0.73 | wpb 1000 | bsz 1000 | num_updates 2510 | lr 0.01 | gnorm 0.247 | clip 0 | train_wall 333 | wall 3010 (progress_bar.py:269, print())
[2021-04-20 05:18:28]    INFO >> epoch 010 | valid on 'valid' subset | loss 2.575 | mrr 0.565991 | sample_size 1000 | wps 4501.4 | wpb 1000 | bsz 1000 | num_updates 2510 | best_mrr 565.991 (progress_bar.py:269, print())
[2021-04-20 05:18:28]    INFO >> saved checkpoint /data/yanghe/ncc_data/codexglue/code_to_text/retrieval/data-mmap/python/birnn/checkpoints/checkpoint_best.pt (epoch 10 @ 2510 updates, score 0.565991) (writing took 0.311480 seconds) (checkpoint_utils.py:81, save_checkpoint())
[2021-04-20 05:24:07]    INFO >> epoch 011 | loss 1.311 | mrr 0.772307 | sample_size 1000 | wps 730.4 | ups 0.73 | wpb 1000 | bsz 1000 | num_updates 2761 | lr 0.01 | gnorm 0.247 | clip 0 | train_wall 335 | wall 3354 (progress_bar.py:269, print())
[2021-04-20 05:24:11]    INFO >> epoch 011 | valid on 'valid' subset | loss 2.564 | mrr 0.566735 | sample_size 1000 | wps 5688.1 | wpb 1000 | bsz 1000 | num_updates 2761 | best_mrr 566.735 (progress_bar.py:269, print())
[2021-04-20 05:24:12]    INFO >> saved checkpoint /data/yanghe/ncc_data/codexglue/code_to_text/retrieval/data-mmap/python/birnn/checkpoints/checkpoint_best.pt (epoch 11 @ 2761 updates, score 0.566735) (writing took 0.398560 seconds) (checkpoint_utils.py:81, save_checkpoint())
[2021-04-20 05:29:33]    INFO >> epoch 012:    240 / 252 loss=1.297, mrr=774.691, sample_size=1000, wps=731.8, ups=0.73, wpb=1000, bsz=1000, num_updates=3000, lr=0.01, gnorm=0.247, clip=0, train_wall=666, wall=3680 (progress_bar.py:262, log())
[2021-04-20 05:29:50]    INFO >> epoch 012 | loss 1.282 | mrr 0.777406 | sample_size 1000 | wps 731.7 | ups 0.73 | wpb 1000 | bsz 1000 | num_updates 3012 | lr 0.01 | gnorm 0.247 | clip 0 | train_wall 335 | wall 3697 (progress_bar.py:269, print())
[2021-04-20 05:29:55]    INFO >> epoch 012 | valid on 'valid' subset | loss 2.565 | mrr 0.57104 | sample_size 1000 | wps 4505.8 | wpb 1000 | bsz 1000 | num_updates 3012 | best_mrr 571.04 (progress_bar.py:269, print())
[2021-04-20 05:29:55]    INFO >> saved checkpoint /data/yanghe/ncc_data/codexglue/code_to_text/retrieval/data-mmap/python/birnn/checkpoints/checkpoint_best.pt (epoch 12 @ 3012 updates, score 0.57104) (writing took 0.300716 seconds) (checkpoint_utils.py:81, save_checkpoint())
[2021-04-20 05:35:32]    INFO >> epoch 013 | loss 1.258 | mrr 0.781153 | sample_size 1000 | wps 733.6 | ups 0.73 | wpb 1000 | bsz 1000 | num_updates 3263 | lr 0.01 | gnorm 0.247 | clip 0 | train_wall 333 | wall 4039 (progress_bar.py:269, print())
[2021-04-20 05:35:37]    INFO >> epoch 013 | valid on 'valid' subset | loss 2.564 | mrr 0.570136 | sample_size 1000 | wps 4543.7 | wpb 1000 | bsz 1000 | num_updates 3263 | best_mrr 570.136 (progress_bar.py:269, print())
[2021-04-20 05:35:37]    INFO >> saved checkpoint /data/yanghe/ncc_data/codexglue/code_to_text/retrieval/data-mmap/python/birnn/checkpoints/checkpoint_last.pt (epoch 13 @ 3263 updates, score 0.570136) (writing took 0.190590 seconds) (checkpoint_utils.py:81, save_checkpoint())
[2021-04-20 05:40:56]    INFO >> epoch 014:    238 / 252 loss=1.249, mrr=782.838, sample_size=1000, wps=732.2, ups=0.73, wpb=1000, bsz=1000, num_updates=3500, lr=0.01, gnorm=0.247, clip=0, train_wall=665, wall=4363 (progress_bar.py:262, log())
[2021-04-20 05:41:16]    INFO >> epoch 014 | loss 1.238 | mrr 0.784878 | sample_size 1000 | wps 730 | ups 0.73 | wpb 1000 | bsz 1000 | num_updates 3514 | lr 0.01 | gnorm 0.246 | clip 0 | train_wall 335 | wall 4383 (progress_bar.py:269, print())
[2021-04-20 05:41:20]    INFO >> epoch 014 | valid on 'valid' subset | loss 2.548 | mrr 0.57568 | sample_size 1000 | wps 5481.1 | wpb 1000 | bsz 1000 | num_updates 3514 | best_mrr 575.68 (progress_bar.py:269, print())
[2021-04-20 05:41:21]    INFO >> saved checkpoint /data/yanghe/ncc_data/codexglue/code_to_text/retrieval/data-mmap/python/birnn/checkpoints/checkpoint_best.pt (epoch 14 @ 3514 updates, score 0.57568) (writing took 0.387272 seconds) (checkpoint_utils.py:81, save_checkpoint())
[2021-04-20 05:47:00]    INFO >> epoch 015 | loss 1.221 | mrr 0.787269 | sample_size 1000 | wps 728.9 | ups 0.73 | wpb 1000 | bsz 1000 | num_updates 3765 | lr 0.01 | gnorm 0.246 | clip 0 | train_wall 336 | wall 4727 (progress_bar.py:269, print())
[2021-04-20 05:47:05]    INFO >> epoch 015 | valid on 'valid' subset | loss 2.542 | mrr 0.575473 | sample_size 1000 | wps 4487.1 | wpb 1000 | bsz 1000 | num_updates 3765 | best_mrr 575.473 (progress_bar.py:269, print())
[2021-04-20 05:47:05]    INFO >> saved checkpoint /data/yanghe/ncc_data/codexglue/code_to_text/retrieval/data-mmap/python/birnn/checkpoints/checkpoint_last.pt (epoch 15 @ 3765 updates, score 0.575473) (writing took 0.203063 seconds) (checkpoint_utils.py:81, save_checkpoint())
[2021-04-20 05:52:18]    INFO >> epoch 016:    236 / 252 loss=1.213, mrr=788.602, sample_size=1000, wps=733.2, ups=0.73, wpb=1000, bsz=1000, num_updates=4000, lr=0.01, gnorm=0.247, clip=0, train_wall=664, wall=5045 (progress_bar.py:262, log())
[2021-04-20 05:52:36]    INFO >> epoch 016 | loss 1.202 | mrr 0.790417 | sample_size 1000 | wps 748.2 | ups 0.75 | wpb 1000 | bsz 1000 | num_updates 4016 | lr 0.01 | gnorm 0.247 | clip 0 | train_wall 326 | wall 5063 (progress_bar.py:269, print())
[2021-04-20 05:52:40]    INFO >> epoch 016 | valid on 'valid' subset | loss 2.533 | mrr 0.577618 | sample_size 1000 | wps 6015 | wpb 1000 | bsz 1000 | num_updates 4016 | best_mrr 577.618 (progress_bar.py:269, print())
[2021-04-20 05:52:40]    INFO >> saved checkpoint /data/yanghe/ncc_data/codexglue/code_to_text/retrieval/data-mmap/python/birnn/checkpoints/checkpoint_best.pt (epoch 16 @ 4016 updates, score 0.577618) (writing took 0.394536 seconds) (checkpoint_utils.py:81, save_checkpoint())
[2021-04-20 05:57:05]    INFO >> epoch 017 | loss 1.19 | mrr 0.792882 | sample_size 1000 | wps 931.5 | ups 0.93 | wpb 1000 | bsz 1000 | num_updates 4267 | lr 0.01 | gnorm 0.247 | clip 0 | train_wall 261 | wall 5332 (progress_bar.py:269, print())
[2021-04-20 05:57:11]    INFO >> epoch 017 | valid on 'valid' subset | loss 2.534 | mrr 0.579309 | sample_size 1000 | wps 6022.3 | wpb 1000 | bsz 1000 | num_updates 4267 | best_mrr 579.309 (progress_bar.py:269, print())
[2021-04-20 05:57:11]    INFO >> saved checkpoint /data/yanghe/ncc_data/codexglue/code_to_text/retrieval/data-mmap/python/birnn/checkpoints/checkpoint_best.pt (epoch 17 @ 4267 updates, score 0.579309) (writing took 0.488769 seconds) (checkpoint_utils.py:81, save_checkpoint())
[2021-04-20 06:02:40]    INFO >> epoch 018:    234 / 252 loss=1.184, mrr=794.043, sample_size=1000, wps=804.2, ups=0.8, wpb=1000, bsz=1000, num_updates=4500, lr=0.01, gnorm=0.246, clip=0, train_wall=604, wall=5667 (progress_bar.py:262, log())
[2021-04-20 06:03:06]    INFO >> epoch 018 | loss 1.175 | mrr 0.795576 | sample_size 1000 | wps 695.1 | ups 0.7 | wpb 1000 | bsz 1000 | num_updates 4518 | lr 0.01 | gnorm 0.245 | clip 0 | train_wall 352 | wall 5693 (progress_bar.py:269, print())
[2021-04-20 06:03:12]    INFO >> epoch 018 | valid on 'valid' subset | loss 2.556 | mrr 0.577779 | sample_size 1000 | wps 5744.5 | wpb 1000 | bsz 1000 | num_updates 4518 | best_mrr 577.779 (progress_bar.py:269, print())
[2021-04-20 06:03:12]    INFO >> saved checkpoint /data/yanghe/ncc_data/codexglue/code_to_text/retrieval/data-mmap/python/birnn/checkpoints/checkpoint_last.pt (epoch 18 @ 4518 updates, score 0.577779) (writing took 0.166355 seconds) (checkpoint_utils.py:81, save_checkpoint())
[2021-04-20 06:09:11]    INFO >> epoch 019 | loss 1.167 | mrr 0.796874 | sample_size 1000 | wps 688.3 | ups 0.69 | wpb 1000 | bsz 1000 | num_updates 4769 | lr 0.01 | gnorm 0.246 | clip 0 | train_wall 355 | wall 6058 (progress_bar.py:269, print())
[2021-04-20 06:09:16]    INFO >> epoch 019 | valid on 'valid' subset | loss 2.545 | mrr 0.58187 | sample_size 1000 | wps 4426.9 | wpb 1000 | bsz 1000 | num_updates 4769 | best_mrr 581.87 (progress_bar.py:269, print())
[2021-04-20 06:09:16]    INFO >> saved checkpoint /data/yanghe/ncc_data/codexglue/code_to_text/retrieval/data-mmap/python/birnn/checkpoints/checkpoint_best.pt (epoch 19 @ 4769 updates, score 0.58187) (writing took 0.346658 seconds) (checkpoint_utils.py:81, save_checkpoint())
[2021-04-20 06:14:43]    INFO >> epoch 020:    232 / 252 loss=1.165, mrr=797.126, sample_size=1000, wps=691, ups=0.69, wpb=1000, bsz=1000, num_updates=5000, lr=0.01, gnorm=0.246, clip=0, train_wall=705, wall=6390 (progress_bar.py:262, log())
[2021-04-20 06:15:13]    INFO >> epoch 020 | loss 1.164 | mrr 0.797524 | sample_size 1000 | wps 693.8 | ups 0.69 | wpb 1000 | bsz 1000 | num_updates 5020 | lr 0.01 | gnorm 0.247 | clip 0 | train_wall 353 | wall 6420 (progress_bar.py:269, print())
[2021-04-20 06:15:18]    INFO >> epoch 020 | valid on 'valid' subset | loss 2.522 | mrr 0.580656 | sample_size 1000 | wps 4473.8 | wpb 1000 | bsz 1000 | num_updates 5020 | best_mrr 580.656 (progress_bar.py:269, print())
[2021-04-20 06:15:18]    INFO >> saved checkpoint /data/yanghe/ncc_data/codexglue/code_to_text/retrieval/data-mmap/python/birnn/checkpoints/checkpoint_last.pt (epoch 20 @ 5020 updates, score 0.580656) (writing took 0.152575 seconds) (checkpoint_utils.py:81, save_checkpoint())
[2021-04-20 06:21:18]    INFO >> epoch 021 | loss 1.151 | mrr 0.799742 | sample_size 1000 | wps 686.9 | ups 0.69 | wpb 1000 | bsz 1000 | num_updates 5271 | lr 0.01 | gnorm 0.247 | clip 0 | train_wall 357 | wall 6785 (progress_bar.py:269, print())
[2021-04-20 06:21:23]    INFO >> epoch 021 | valid on 'valid' subset | loss 2.56 | mrr 0.57682 | sample_size 1000 | wps 4482 | wpb 1000 | bsz 1000 | num_updates 5271 | best_mrr 576.82 (progress_bar.py:269, print())
[2021-04-20 06:21:23]    INFO >> saved checkpoint /data/yanghe/ncc_data/codexglue/code_to_text/retrieval/data-mmap/python/birnn/checkpoints/checkpoint_last.pt (epoch 21 @ 5271 updates, score 0.57682) (writing took 0.258803 seconds) (checkpoint_utils.py:81, save_checkpoint())
[2021-04-20 06:26:52]    INFO >> epoch 022:    230 / 252 loss=1.148, mrr=800.165, sample_size=1000, wps=686.3, ups=0.69, wpb=1000, bsz=1000, num_updates=5500, lr=0.01, gnorm=0.247, clip=0, train_wall=710, wall=7119 (progress_bar.py:262, log())
[2021-04-20 06:27:22]    INFO >> epoch 022 | loss 1.144 | mrr 0.800665 | sample_size 1000 | wps 689.9 | ups 0.69 | wpb 1000 | bsz 1000 | num_updates 5522 | lr 0.01 | gnorm 0.247 | clip 0 | train_wall 354 | wall 7149 (progress_bar.py:269, print())
[2021-04-20 06:27:27]    INFO >> epoch 022 | valid on 'valid' subset | loss 2.55 | mrr 0.580133 | sample_size 1000 | wps 4475.3 | wpb 1000 | bsz 1000 | num_updates 5522 | best_mrr 580.133 (progress_bar.py:269, print())
[2021-04-20 06:27:27]    INFO >> saved checkpoint /data/yanghe/ncc_data/codexglue/code_to_text/retrieval/data-mmap/python/birnn/checkpoints/checkpoint_last.pt (epoch 22 @ 5522 updates, score 0.580133) (writing took 0.150885 seconds) (checkpoint_utils.py:81, save_checkpoint())
[2021-04-20 06:33:26]    INFO >> epoch 023 | loss 1.141 | mrr 0.800816 | sample_size 1000 | wps 689.7 | ups 0.69 | wpb 1000 | bsz 1000 | num_updates 5773 | lr 0.01 | gnorm 0.247 | clip 0 | train_wall 355 | wall 7513 (progress_bar.py:269, print())
[2021-04-20 06:33:32]    INFO >> epoch 023 | valid on 'valid' subset | loss 2.509 | mrr 0.584521 | sample_size 1000 | wps 4436.8 | wpb 1000 | bsz 1000 | num_updates 5773 | best_mrr 584.521 (progress_bar.py:269, print())
[2021-04-20 06:33:32]    INFO >> saved checkpoint /data/yanghe/ncc_data/codexglue/code_to_text/retrieval/data-mmap/python/birnn/checkpoints/checkpoint_best.pt (epoch 23 @ 5773 updates, score 0.584521) (writing took 0.351114 seconds) (checkpoint_utils.py:81, save_checkpoint())
[2021-04-20 06:38:58]    INFO >> epoch 024:    228 / 252 loss=1.137, mrr=801.681, sample_size=1000, wps=688.9, ups=0.69, wpb=1000, bsz=1000, num_updates=6000, lr=0.01, gnorm=0.247, clip=0, train_wall=707, wall=7845 (progress_bar.py:262, log())
[2021-04-20 06:39:33]    INFO >> epoch 024 | loss 1.131 | mrr 0.802678 | sample_size 1000 | wps 684.3 | ups 0.68 | wpb 1000 | bsz 1000 | num_updates 6024 | lr 0.01 | gnorm 0.248 | clip 0 | train_wall 357 | wall 7880 (progress_bar.py:269, print())
[2021-04-20 06:39:39]    INFO >> epoch 024 | valid on 'valid' subset | loss 2.552 | mrr 0.582318 | sample_size 1000 | wps 4504.7 | wpb 1000 | bsz 1000 | num_updates 6024 | best_mrr 582.318 (progress_bar.py:269, print())
[2021-04-20 06:39:39]    INFO >> saved checkpoint /data/yanghe/ncc_data/codexglue/code_to_text/retrieval/data-mmap/python/birnn/checkpoints/checkpoint_last.pt (epoch 24 @ 6024 updates, score 0.582318) (writing took 0.170525 seconds) (checkpoint_utils.py:81, save_checkpoint())
[2021-04-20 06:45:37]    INFO >> epoch 025 | loss 1.128 | mrr 0.803028 | sample_size 1000 | wps 688 | ups 0.69 | wpb 1000 | bsz 1000 | num_updates 6275 | lr 0.01 | gnorm 0.248 | clip 0 | train_wall 355 | wall 8244 (progress_bar.py:269, print())
[2021-04-20 06:45:43]    INFO >> epoch 025 | valid on 'valid' subset | loss 2.548 | mrr 0.583291 | sample_size 1000 | wps 4516.6 | wpb 1000 | bsz 1000 | num_updates 6275 | best_mrr 583.291 (progress_bar.py:269, print())
[2021-04-20 06:45:44]    INFO >> saved checkpoint /data/yanghe/ncc_data/codexglue/code_to_text/retrieval/data-mmap/python/birnn/checkpoints/checkpoint_last.pt (epoch 25 @ 6275 updates, score 0.583291) (writing took 0.236334 seconds) (checkpoint_utils.py:81, save_checkpoint())
[2021-04-20 06:51:06]    INFO >> epoch 026:    225 / 252 loss=1.125, mrr=803.716, sample_size=1000, wps=686.7, ups=0.69, wpb=1000, bsz=1000, num_updates=6500, lr=0.01, gnorm=0.248, clip=0, train_wall=708, wall=8573 (progress_bar.py:262, log())
[2021-04-20 06:51:44]    INFO >> epoch 026 | loss 1.124 | mrr 0.804456 | sample_size 1000 | wps 685.2 | ups 0.69 | wpb 1000 | bsz 1000 | num_updates 6526 | lr 0.01 | gnorm 0.248 | clip 0 | train_wall 357 | wall 8611 (progress_bar.py:269, print())
[2021-04-20 06:51:50]    INFO >> epoch 026 | valid on 'valid' subset | loss 2.531 | mrr 0.582418 | sample_size 1000 | wps 4357.9 | wpb 1000 | bsz 1000 | num_updates 6526 | best_mrr 582.418 (progress_bar.py:269, print())
[2021-04-20 06:51:50]    INFO >> saved checkpoint /data/yanghe/ncc_data/codexglue/code_to_text/retrieval/data-mmap/python/birnn/checkpoints/checkpoint_last.pt (epoch 26 @ 6526 updates, score 0.582418) (writing took 0.184306 seconds) (checkpoint_utils.py:81, save_checkpoint())
[2021-04-20 06:57:47]    INFO >> epoch 027 | loss 1.122 | mrr 0.803884 | sample_size 1000 | wps 690.2 | ups 0.69 | wpb 1000 | bsz 1000 | num_updates 6777 | lr 0.01 | gnorm 0.248 | clip 0 | train_wall 354 | wall 8974 (progress_bar.py:269, print())
[2021-04-20 06:57:52]    INFO >> epoch 027 | valid on 'valid' subset | loss 2.519 | mrr 0.582967 | sample_size 1000 | wps 4551.4 | wpb 1000 | bsz 1000 | num_updates 6777 | best_mrr 582.967 (progress_bar.py:269, print())
[2021-04-20 06:57:53]    INFO >> saved checkpoint /data/yanghe/ncc_data/codexglue/code_to_text/retrieval/data-mmap/python/birnn/checkpoints/checkpoint_last.pt (epoch 27 @ 6777 updates, score 0.582967) (writing took 0.142020 seconds) (checkpoint_utils.py:81, save_checkpoint())
[2021-04-20 07:03:13]    INFO >> epoch 028:    224 / 252 loss=1.118, mrr=804.533, sample_size=1000, wps=687.6, ups=0.69, wpb=1000, bsz=1000, num_updates=7000, lr=0.01, gnorm=0.248, clip=0, train_wall=707, wall=9300 (progress_bar.py:262, log())
[2021-04-20 07:03:54]    INFO >> epoch 028 | loss 1.114 | mrr 0.805288 | sample_size 1000 | wps 685.1 | ups 0.69 | wpb 1000 | bsz 1000 | num_updates 7028 | lr 0.01 | gnorm 0.248 | clip 0 | train_wall 357 | wall 9341 (progress_bar.py:269, print())
[2021-04-20 07:04:00]    INFO >> epoch 028 | valid on 'valid' subset | loss 2.515 | mrr 0.584454 | sample_size 1000 | wps 4392.6 | wpb 1000 | bsz 1000 | num_updates 7028 | best_mrr 584.454 (progress_bar.py:269, print())
[2021-04-20 07:04:00]    INFO >> saved checkpoint /data/yanghe/ncc_data/codexglue/code_to_text/retrieval/data-mmap/python/birnn/checkpoints/checkpoint_last.pt (epoch 28 @ 7028 updates, score 0.584454) (writing took 0.206790 seconds) (checkpoint_utils.py:81, save_checkpoint())
[2021-04-20 07:09:59]    INFO >> epoch 029 | loss 1.111 | mrr 0.805154 | sample_size 1000 | wps 688.1 | ups 0.69 | wpb 1000 | bsz 1000 | num_updates 7279 | lr 0.01 | gnorm 0.249 | clip 0 | train_wall 354 | wall 9706 (progress_bar.py:269, print())
[2021-04-20 07:10:04]    INFO >> epoch 029 | valid on 'valid' subset | loss 2.507 | mrr 0.586371 | sample_size 1000 | wps 4465.1 | wpb 1000 | bsz 1000 | num_updates 7279 | best_mrr 586.371 (progress_bar.py:269, print())
[2021-04-20 07:10:04]    INFO >> saved checkpoint /data/yanghe/ncc_data/codexglue/code_to_text/retrieval/data-mmap/python/birnn/checkpoints/checkpoint_best.pt (epoch 29 @ 7279 updates, score 0.586371) (writing took 0.520764 seconds) (checkpoint_utils.py:81, save_checkpoint())
[2021-04-20 07:15:19]    INFO >> epoch 030:    222 / 252 loss=1.111, mrr=805.317, sample_size=1000, wps=688.6, ups=0.69, wpb=1000, bsz=1000, num_updates=7500, lr=0.01, gnorm=0.248, clip=0, train_wall=706, wall=10026 (progress_bar.py:262, log())
[2021-04-20 07:16:03]    INFO >> epoch 030 | loss 1.11 | mrr 0.805726 | sample_size 1000 | wps 689.3 | ups 0.69 | wpb 1000 | bsz 1000 | num_updates 7530 | lr 0.01 | gnorm 0.248 | clip 0 | train_wall 355 | wall 10070 (progress_bar.py:269, print())
[2021-04-20 07:16:09]    INFO >> epoch 030 | valid on 'valid' subset | loss 2.517 | mrr 0.585688 | sample_size 1000 | wps 4466.7 | wpb 1000 | bsz 1000 | num_updates 7530 | best_mrr 585.688 (progress_bar.py:269, print())
[2021-04-20 07:16:09]    INFO >> saved checkpoint /data/yanghe/ncc_data/codexglue/code_to_text/retrieval/data-mmap/python/birnn/checkpoints/checkpoint_last.pt (epoch 30 @ 7530 updates, score 0.585688) (writing took 0.154377 seconds) (checkpoint_utils.py:81, save_checkpoint())
[2021-04-20 07:22:10]    INFO >> epoch 031 | loss 1.11 | mrr 0.805898 | sample_size 1000 | wps 684.1 | ups 0.68 | wpb 1000 | bsz 1000 | num_updates 7781 | lr 0.01 | gnorm 0.289 | clip 0.4 | train_wall 357 | wall 10437 (progress_bar.py:269, print())
[2021-04-20 07:22:16]    INFO >> epoch 031 | valid on 'valid' subset | loss 2.506 | mrr 0.586558 | sample_size 1000 | wps 4514.4 | wpb 1000 | bsz 1000 | num_updates 7781 | best_mrr 586.558 (progress_bar.py:269, print())
[2021-04-20 07:22:16]    INFO >> saved checkpoint /data/yanghe/ncc_data/codexglue/code_to_text/retrieval/data-mmap/python/birnn/checkpoints/checkpoint_best.pt (epoch 31 @ 7781 updates, score 0.586558) (writing took 0.323322 seconds) (checkpoint_utils.py:81, save_checkpoint())
[2021-04-20 07:27:29]    INFO >> epoch 032:    220 / 252 loss=1.11, mrr=805.867, sample_size=1000, wps=685.6, ups=0.69, wpb=1000, bsz=1000, num_updates=8000, lr=0.01, gnorm=0.269, clip=0.2, train_wall=709, wall=10756 (progress_bar.py:262, log())
[2021-04-20 07:28:15]    INFO >> epoch 032 | loss 1.11 | mrr 0.805605 | sample_size 1000 | wps 687.3 | ups 0.69 | wpb 1000 | bsz 1000 | num_updates 8032 | lr 0.01 | gnorm 0.25 | clip 0 | train_wall 355 | wall 10802 (progress_bar.py:269, print())
[2021-04-20 07:28:21]    INFO >> epoch 032 | valid on 'valid' subset | loss 2.523 | mrr 0.58433 | sample_size 1000 | wps 4482.8 | wpb 1000 | bsz 1000 | num_updates 8032 | best_mrr 584.33 (progress_bar.py:269, print())
[2021-04-20 07:28:21]    INFO >> saved checkpoint /data/yanghe/ncc_data/codexglue/code_to_text/retrieval/data-mmap/python/birnn/checkpoints/checkpoint_last.pt (epoch 32 @ 8032 updates, score 0.58433) (writing took 0.193753 seconds) (checkpoint_utils.py:81, save_checkpoint())
[2021-04-20 07:34:20]    INFO >> epoch 033 | loss 1.109 | mrr 0.80627 | sample_size 1000 | wps 687.3 | ups 0.69 | wpb 1000 | bsz 1000 | num_updates 8283 | lr 0.01 | gnorm 0.269 | clip 0.4 | train_wall 355 | wall 11167 (progress_bar.py:269, print())
[2021-04-20 07:34:26]    INFO >> epoch 033 | valid on 'valid' subset | loss 2.496 | mrr 0.585779 | sample_size 1000 | wps 4479.1 | wpb 1000 | bsz 1000 | num_updates 8283 | best_mrr 585.779 (progress_bar.py:269, print())
[2021-04-20 07:34:26]    INFO >> saved checkpoint /data/yanghe/ncc_data/codexglue/code_to_text/retrieval/data-mmap/python/birnn/checkpoints/checkpoint_last.pt (epoch 33 @ 8283 updates, score 0.585779) (writing took 0.178683 seconds) (checkpoint_utils.py:81, save_checkpoint())
[2021-04-20 07:39:36]    INFO >> epoch 034:    218 / 252 loss=1.114, mrr=805.045, sample_size=1000, wps=687.2, ups=0.69, wpb=1000, bsz=1000, num_updates=8500, lr=0.01, gnorm=0.265, clip=0.6, train_wall=708, wall=11483 (progress_bar.py:262, log())
[2021-04-20 07:40:24]    INFO >> epoch 034 | loss 1.124 | mrr 0.803032 | sample_size 1000 | wps 689.8 | ups 0.69 | wpb 1000 | bsz 1000 | num_updates 8534 | lr 0.01 | gnorm 0.261 | clip 0.8 | train_wall 354 | wall 11531 (progress_bar.py:269, print())
[2021-04-20 07:40:29]    INFO >> epoch 034 | valid on 'valid' subset | loss 2.511 | mrr 0.585127 | sample_size 1000 | wps 4653.6 | wpb 1000 | bsz 1000 | num_updates 8534 | best_mrr 585.127 (progress_bar.py:269, print())
[2021-04-20 07:40:29]    INFO >> saved checkpoint /data/yanghe/ncc_data/codexglue/code_to_text/retrieval/data-mmap/python/birnn/checkpoints/checkpoint_last.pt (epoch 34 @ 8534 updates, score 0.585127) (writing took 0.306775 seconds) (checkpoint_utils.py:81, save_checkpoint())
[2021-04-20 07:46:29]    INFO >> epoch 035 | loss 1.113 | mrr 0.804804 | sample_size 1000 | wps 687.4 | ups 0.69 | wpb 1000 | bsz 1000 | num_updates 8785 | lr 0.01 | gnorm 0.251 | clip 0 | train_wall 356 | wall 11896 (progress_bar.py:269, print())
[2021-04-20 07:46:34]    INFO >> epoch 035 | valid on 'valid' subset | loss 2.517 | mrr 0.582249 | sample_size 1000 | wps 4424 | wpb 1000 | bsz 1000 | num_updates 8785 | best_mrr 582.249 (progress_bar.py:269, print())
[2021-04-20 07:46:34]    INFO >> saved checkpoint /data/yanghe/ncc_data/codexglue/code_to_text/retrieval/data-mmap/python/birnn/checkpoints/checkpoint_last.pt (epoch 35 @ 8785 updates, score 0.582249) (writing took 0.176910 seconds) (checkpoint_utils.py:81, save_checkpoint())
[2021-04-20 07:51:44]    INFO >> epoch 036:    216 / 252 loss=1.113, mrr=804.974, sample_size=1000, wps=686.5, ups=0.69, wpb=1000, bsz=1000, num_updates=9000, lr=0.01, gnorm=0.25, clip=0, train_wall=711, wall=12211 (progress_bar.py:262, log())
[2021-04-20 07:52:33]    INFO >> epoch 036 | loss 1.11 | mrr 0.805516 | sample_size 1000 | wps 690.8 | ups 0.69 | wpb 1000 | bsz 1000 | num_updates 9036 | lr 0.01 | gnorm 0.25 | clip 0 | train_wall 355 | wall 12260 (progress_bar.py:269, print())
[2021-04-20 07:52:38]    INFO >> epoch 036 | valid on 'valid' subset | loss 2.52 | mrr 0.584992 | sample_size 1000 | wps 4465.1 | wpb 1000 | bsz 1000 | num_updates 9036 | best_mrr 584.992 (progress_bar.py:269, print())
[2021-04-20 07:52:38]    INFO >> saved checkpoint /data/yanghe/ncc_data/codexglue/code_to_text/retrieval/data-mmap/python/birnn/checkpoints/checkpoint_last.pt (epoch 36 @ 9036 updates, score 0.584992) (writing took 0.205461 seconds) (checkpoint_utils.py:81, save_checkpoint())
[2021-04-20 07:58:36]    INFO >> epoch 037 | loss 1.106 | mrr 0.805843 | sample_size 1000 | wps 689.9 | ups 0.69 | wpb 1000 | bsz 1000 | num_updates 9287 | lr 0.01 | gnorm 0.251 | clip 0 | train_wall 355 | wall 12623 (progress_bar.py:269, print())
[2021-04-20 07:58:42]    INFO >> epoch 037 | valid on 'valid' subset | loss 2.519 | mrr 0.584969 | sample_size 1000 | wps 4548.4 | wpb 1000 | bsz 1000 | num_updates 9287 | best_mrr 584.969 (progress_bar.py:269, print())
[2021-04-20 07:58:43]    INFO >> saved checkpoint /data/yanghe/ncc_data/codexglue/code_to_text/retrieval/data-mmap/python/birnn/checkpoints/checkpoint_last.pt (epoch 37 @ 9287 updates, score 0.584969) (writing took 0.288998 seconds) (checkpoint_utils.py:81, save_checkpoint())
[2021-04-20 08:03:48]    INFO >> epoch 038:    213 / 252 loss=1.106, mrr=806.148, sample_size=1000, wps=691.4, ups=0.69, wpb=1000, bsz=1000, num_updates=9500, lr=0.01, gnorm=0.251, clip=0, train_wall=704, wall=12935 (progress_bar.py:262, log())
[2021-04-20 08:04:43]    INFO >> epoch 038 | loss 1.104 | mrr 0.806837 | sample_size 1000 | wps 685 | ups 0.69 | wpb 1000 | bsz 1000 | num_updates 9538 | lr 0.01 | gnorm 0.25 | clip 0 | train_wall 356 | wall 12990 (progress_bar.py:269, print())
[2021-04-20 08:04:48]    INFO >> epoch 038 | valid on 'valid' subset | loss 2.493 | mrr 0.592286 | sample_size 1000 | wps 5829 | wpb 1000 | bsz 1000 | num_updates 9538 | best_mrr 592.286 (progress_bar.py:269, print())
[2021-04-20 08:04:49]    INFO >> saved checkpoint /data/yanghe/ncc_data/codexglue/code_to_text/retrieval/data-mmap/python/birnn/checkpoints/checkpoint_best.pt (epoch 38 @ 9538 updates, score 0.592286) (writing took 0.623733 seconds) (checkpoint_utils.py:81, save_checkpoint())
[2021-04-20 08:10:48]    INFO >> epoch 039 | loss 1.101 | mrr 0.807284 | sample_size 1000 | wps 686.8 | ups 0.69 | wpb 1000 | bsz 1000 | num_updates 9789 | lr 0.01 | gnorm 0.251 | clip 0 | train_wall 356 | wall 13355 (progress_bar.py:269, print())
[2021-04-20 08:10:55]    INFO >> epoch 039 | valid on 'valid' subset | loss 2.499 | mrr 0.589231 | sample_size 1000 | wps 4534.2 | wpb 1000 | bsz 1000 | num_updates 9789 | best_mrr 589.231 (progress_bar.py:269, print())
[2021-04-20 08:10:55]    INFO >> saved checkpoint /data/yanghe/ncc_data/codexglue/code_to_text/retrieval/data-mmap/python/birnn/checkpoints/checkpoint_last.pt (epoch 39 @ 9789 updates, score 0.589231) (writing took 0.223939 seconds) (checkpoint_utils.py:81, save_checkpoint())
[2021-04-20 08:15:56]    INFO >> epoch 040:    212 / 252 loss=1.103, mrr=807.235, sample_size=1000, wps=686.6, ups=0.69, wpb=1000, bsz=1000, num_updates=10000, lr=0.01, gnorm=0.251, clip=0, train_wall=708, wall=13663 (progress_bar.py:262, log())
[2021-04-20 08:16:54]    INFO >> epoch 040 | loss 1.105 | mrr 0.806905 | sample_size 1000 | wps 686.9 | ups 0.69 | wpb 1000 | bsz 1000 | num_updates 10040 | lr 0.01 | gnorm 0.265 | clip 0.4 | train_wall 355 | wall 13721 (progress_bar.py:269, print())
[2021-04-20 08:17:00]    INFO >> epoch 040 | valid on 'valid' subset | loss 2.506 | mrr 0.587008 | sample_size 1000 | wps 4379.5 | wpb 1000 | bsz 1000 | num_updates 10040 | best_mrr 587.008 (progress_bar.py:269, print())
[2021-04-20 08:17:00]    INFO >> saved checkpoint /data/yanghe/ncc_data/codexglue/code_to_text/retrieval/data-mmap/python/birnn/checkpoints/checkpoint_last.pt (epoch 40 @ 10040 updates, score 0.587008) (writing took 0.236200 seconds) (checkpoint_utils.py:81, save_checkpoint())
[2021-04-20 08:22:59]    INFO >> epoch 041 | loss 1.106 | mrr 0.806374 | sample_size 1000 | wps 687.9 | ups 0.69 | wpb 1000 | bsz 1000 | num_updates 10291 | lr 0.01 | gnorm 0.253 | clip 0 | train_wall 355 | wall 14086 (progress_bar.py:269, print())
[2021-04-20 08:23:05]    INFO >> epoch 041 | valid on 'valid' subset | loss 2.514 | mrr 0.585304 | sample_size 1000 | wps 4464.8 | wpb 1000 | bsz 1000 | num_updates 10291 | best_mrr 585.304 (progress_bar.py:269, print())
[2021-04-20 08:23:05]    INFO >> saved checkpoint /data/yanghe/ncc_data/codexglue/code_to_text/retrieval/data-mmap/python/birnn/checkpoints/checkpoint_last.pt (epoch 41 @ 10291 updates, score 0.585304) (writing took 0.178185 seconds) (checkpoint_utils.py:81, save_checkpoint())
[2021-04-20 08:28:04]    INFO >> epoch 042:    209 / 252 loss=1.11, mrr=805.732, sample_size=1000, wps=687, ups=0.69, wpb=1000, bsz=1000, num_updates=10500, lr=0.01, gnorm=0.263, clip=0.2, train_wall=708, wall=14391 (progress_bar.py:262, log())
[2021-04-20 08:29:05]    INFO >> epoch 042 | loss 1.112 | mrr 0.805161 | sample_size 1000 | wps 685.7 | ups 0.69 | wpb 1000 | bsz 1000 | num_updates 10542 | lr 0.01 | gnorm 0.261 | clip 0 | train_wall 356 | wall 14452 (progress_bar.py:269, print())
[2021-04-20 08:29:11]    INFO >> epoch 042 | valid on 'valid' subset | loss 2.527 | mrr 0.585118 | sample_size 1000 | wps 4431.9 | wpb 1000 | bsz 1000 | num_updates 10542 | best_mrr 585.118 (progress_bar.py:269, print())
[2021-04-20 08:29:11]    INFO >> saved checkpoint /data/yanghe/ncc_data/codexglue/code_to_text/retrieval/data-mmap/python/birnn/checkpoints/checkpoint_last.pt (epoch 42 @ 10542 updates, score 0.585118) (writing took 0.190070 seconds) (checkpoint_utils.py:81, save_checkpoint())
[2021-04-20 08:35:07]    INFO >> epoch 043 | loss 1.109 | mrr 0.805711 | sample_size 1000 | wps 693.2 | ups 0.69 | wpb 1000 | bsz 1000 | num_updates 10793 | lr 0.01 | gnorm 0.253 | clip 0 | train_wall 352 | wall 14814 (progress_bar.py:269, print())
[2021-04-20 08:35:12]    INFO >> epoch 043 | valid on 'valid' subset | loss 2.513 | mrr 0.585989 | sample_size 1000 | wps 4439 | wpb 1000 | bsz 1000 | num_updates 10793 | best_mrr 585.989 (progress_bar.py:269, print())
[2021-04-20 08:35:12]    INFO >> saved checkpoint /data/yanghe/ncc_data/codexglue/code_to_text/retrieval/data-mmap/python/birnn/checkpoints/checkpoint_last.pt (epoch 43 @ 10793 updates, score 0.585989) (writing took 0.187084 seconds) (checkpoint_utils.py:81, save_checkpoint())
[2021-04-20 08:40:09]    INFO >> epoch 044:    208 / 252 loss=1.109, mrr=805.479, sample_size=1000, wps=689.7, ups=0.69, wpb=1000, bsz=1000, num_updates=11000, lr=0.01, gnorm=0.256, clip=0, train_wall=706, wall=15116 (progress_bar.py:262, log())
[2021-04-20 08:41:13]    INFO >> epoch 044 | loss 1.11 | mrr 0.805295 | sample_size 1000 | wps 686.2 | ups 0.69 | wpb 1000 | bsz 1000 | num_updates 11044 | lr 0.01 | gnorm 0.259 | clip 0 | train_wall 357 | wall 15180 (progress_bar.py:269, print())
[2021-04-20 08:41:19]    INFO >> epoch 044 | valid on 'valid' subset | loss 2.518 | mrr 0.587657 | sample_size 1000 | wps 4418.4 | wpb 1000 | bsz 1000 | num_updates 11044 | best_mrr 587.657 (progress_bar.py:269, print())
[2021-04-20 08:41:19]    INFO >> saved checkpoint /data/yanghe/ncc_data/codexglue/code_to_text/retrieval/data-mmap/python/birnn/checkpoints/checkpoint_last.pt (epoch 44 @ 11044 updates, score 0.587657) (writing took 0.197967 seconds) (checkpoint_utils.py:81, save_checkpoint())
[2021-04-20 08:47:19]    INFO >> epoch 045 | loss 1.105 | mrr 0.805958 | sample_size 1000 | wps 685.3 | ups 0.69 | wpb 1000 | bsz 1000 | num_updates 11295 | lr 0.01 | gnorm 0.254 | clip 0 | train_wall 356 | wall 15546 (progress_bar.py:269, print())
[2021-04-20 08:47:24]    INFO >> epoch 045 | valid on 'valid' subset | loss 2.523 | mrr 0.58523 | sample_size 1000 | wps 4606.9 | wpb 1000 | bsz 1000 | num_updates 11295 | best_mrr 585.23 (progress_bar.py:269, print())
[2021-04-20 08:47:24]    INFO >> saved checkpoint /data/yanghe/ncc_data/codexglue/code_to_text/retrieval/data-mmap/python/birnn/checkpoints/checkpoint_last.pt (epoch 45 @ 11295 updates, score 0.58523) (writing took 0.210841 seconds) (checkpoint_utils.py:81, save_checkpoint())
[2021-04-20 08:52:17]    INFO >> epoch 046:    206 / 252 loss=1.104, mrr=806.312, sample_size=1000, wps=686, ups=0.69, wpb=1000, bsz=1000, num_updates=11500, lr=0.01, gnorm=0.254, clip=0, train_wall=710, wall=15844 (progress_bar.py:262, log())
[2021-04-20 08:53:22]    INFO >> epoch 046 | loss 1.102 | mrr 0.806895 | sample_size 1000 | wps 690.8 | ups 0.69 | wpb 1000 | bsz 1000 | num_updates 11546 | lr 0.01 | gnorm 0.255 | clip 0 | train_wall 354 | wall 15909 (progress_bar.py:269, print())
[2021-04-20 08:53:27]    INFO >> epoch 046 | valid on 'valid' subset | loss 2.53 | mrr 0.587686 | sample_size 1000 | wps 4482.7 | wpb 1000 | bsz 1000 | num_updates 11546 | best_mrr 587.686 (progress_bar.py:269, print())
[2021-04-20 08:53:27]    INFO >> saved checkpoint /data/yanghe/ncc_data/codexglue/code_to_text/retrieval/data-mmap/python/birnn/checkpoints/checkpoint_last.pt (epoch 46 @ 11546 updates, score 0.587686) (writing took 0.237466 seconds) (checkpoint_utils.py:81, save_checkpoint())
[2021-04-20 08:59:27]    INFO >> epoch 047 | loss 1.11 | mrr 0.804957 | sample_size 1000 | wps 687.2 | ups 0.69 | wpb 1000 | bsz 1000 | num_updates 11797 | lr 0.01 | gnorm 0.254 | clip 0 | train_wall 356 | wall 16274 (progress_bar.py:269, print())
[2021-04-20 08:59:34]    INFO >> epoch 047 | valid on 'valid' subset | loss 2.505 | mrr 0.588303 | sample_size 1000 | wps 4505.5 | wpb 1000 | bsz 1000 | num_updates 11797 | best_mrr 588.303 (progress_bar.py:269, print())
[2021-04-20 08:59:34]    INFO >> saved checkpoint /data/yanghe/ncc_data/codexglue/code_to_text/retrieval/data-mmap/python/birnn/checkpoints/checkpoint_last.pt (epoch 47 @ 11797 updates, score 0.588303) (writing took 0.146648 seconds) (checkpoint_utils.py:81, save_checkpoint())
[2021-04-20 09:03:21]    INFO >> epoch 048:    204 / 252 loss=1.106, mrr=805.893, sample_size=1000, wps=753, ups=0.75, wpb=1000, bsz=1000, num_updates=12000, lr=0.01, gnorm=0.253, clip=0, train_wall=645, wall=16508 (progress_bar.py:262, log())
[2021-04-20 09:04:10]    INFO >> epoch 048 | loss 1.104 | mrr 0.806657 | sample_size 1000 | wps 887 | ups 0.89 | wpb 1000 | bsz 1000 | num_updates 12048 | lr 0.01 | gnorm 0.252 | clip 0 | train_wall 273 | wall 16557 (progress_bar.py:269, print())
[2021-04-20 09:04:15]    INFO >> epoch 048 | valid on 'valid' subset | loss 2.513 | mrr 0.590781 | sample_size 1000 | wps 5828.8 | wpb 1000 | bsz 1000 | num_updates 12048 | best_mrr 590.781 (progress_bar.py:269, print())
[2021-04-20 09:04:15]    INFO >> saved checkpoint /data/yanghe/ncc_data/codexglue/code_to_text/retrieval/data-mmap/python/birnn/checkpoints/checkpoint_last.pt (epoch 48 @ 12048 updates, score 0.590781) (writing took 0.214598 seconds) (checkpoint_utils.py:81, save_checkpoint())
[2021-04-20 09:04:15]    INFO >> early stop since valid performance hasn't improved for last 10 runs (train.py:191, should_stop_early())
[2021-04-20 09:04:15]    INFO >> early stop since valid performance hasn't improved for last 10 runs (train.py:272, single_main())
[2021-04-20 09:04:15]    INFO >> done training in 16561.6 seconds (train.py:283, single_main())
